Train size = 5308, Test size = 1328
Classes : ['affected', 'destroyed', 'major', 'minor', 'no_damage']
Training : Epoch [1/50], Loss: 1.4307
Testing : Epoch [1/50], Loss: 1.7694, results: {'mAP': 0.09231928, 'mAR': 0.2, 'mAUC': 0.62923247, 'm_Accuracy': 0.2, 'ap': array([0.       , 0.4615964, 0.       , 0.       , 0.       ],
      dtype=float32), 'ar': array([0., 1., 0., 0., 0.], dtype=float32), 'auc': array([0.616394  , 0.82369524, 0.52921575, 0.57098305, 0.60587436],
      dtype=float32), 'accuracy': array([0., 1., 0., 0., 0.], dtype=float32), 'f1': {'micro': tensor(0.4616), 'macro': tensor(0.1263), 'none': tensor([0.0000, 0.6316, 0.0000, 0.0000, 0.0000])}}
Saving ./data/aug/0.05_0.0_25/checkpoint_0.pt
Training : Epoch [2/50], Loss: 1.2612
Testing : Epoch [2/50], Loss: 1.5164, results: {'mAP': 0.24861316, 'mAR': 0.35381046, 'mAUC': 0.7790569, 'm_Accuracy': 0.35381046, 'ap': array([0.        , 0.80498534, 0.        , 0.        , 0.4380805 ],
      dtype=float32), 'ar': array([0.        , 0.89559543, 0.        , 0.        , 0.8734568 ],
      dtype=float32), 'auc': array([0.74314547, 0.93791395, 0.69675255, 0.69774246, 0.81973034],
      dtype=float32), 'accuracy': array([0.        , 0.89559543, 0.        , 0.        , 0.8734568 ],
      dtype=float32), 'f1': {'micro': tensor(0.6265), 'macro': tensor(0.2863), 'none': tensor([0.0000, 0.8479, 0.0000, 0.0000, 0.5835])}}
Training : Epoch [3/50], Loss: 0.9171
Testing : Epoch [3/50], Loss: 1.1374, results: {'mAP': 0.27545968, 'mAR': 0.37048617, 'mAUC': 0.81151754, 'm_Accuracy': 0.37048617, 'ap': array([0.        , 0.9672727 , 0.        , 0.        , 0.41002572],
      dtype=float32), 'ar': array([0.        , 0.86786294, 0.        , 0.        , 0.9845679 ],
      dtype=float32), 'auc': array([0.8306024 , 0.9533214 , 0.6848663 , 0.75046253, 0.8383349 ],
      dtype=float32), 'accuracy': array([0.        , 0.86786294, 0.        , 0.        , 0.9845679 ],
      dtype=float32), 'f1': {'micro': tensor(0.6408), 'macro': tensor(0.2988), 'none': tensor([0.0000, 0.9149, 0.0000, 0.0000, 0.5789])}}
Training : Epoch [4/50], Loss: 0.8259
Testing : Epoch [4/50], Loss: 1.0215, results: {'mAP': 0.42696172, 'mAR': 0.46878996, 'mAUC': 0.83002263, 'm_Accuracy': 0.46878996, 'ap': array([0.6745562, 0.9464594, 0.       , 0.       , 0.5137931],
      dtype=float32), 'ar': array([0.53023255, 0.8939641 , 0.        , 0.        , 0.9197531 ],
      dtype=float32), 'auc': array([0.86530435, 0.96492773, 0.679349  , 0.7619878 , 0.87854445],
      dtype=float32), 'accuracy': array([0.53023255, 0.8939641 , 0.        , 0.        , 0.9197531 ],
      dtype=float32), 'f1': {'micro': tensor(0.7229), 'macro': tensor(0.4345), 'none': tensor([0.5938, 0.9195, 0.0000, 0.0000, 0.6593])}}
Training : Epoch [5/50], Loss: 0.7603
Testing : Epoch [5/50], Loss: 0.9447, results: {'mAP': 0.4324556, 'mAR': 0.46805006, 'mAUC': 0.8333079, 'm_Accuracy': 0.46805006, 'ap': array([0.7027027 , 0.9318937 , 0.        , 0.        , 0.52768165],
      dtype=float32), 'ar': array([0.48372093, 0.91517127, 0.        , 0.        , 0.94135803],
      dtype=float32), 'auc': array([0.8897804 , 0.9742799 , 0.6660742 , 0.75415635, 0.88224876],
      dtype=float32), 'accuracy': array([0.48372093, 0.91517127, 0.        , 0.        , 0.94135803],
      dtype=float32), 'f1': {'micro': tensor(0.7304), 'macro': tensor(0.4345), 'none': tensor([0.5730, 0.9235, 0.0000, 0.0000, 0.6763])}}
Training : Epoch [6/50], Loss: 0.7304
Testing : Epoch [6/50], Loss: 0.9133, results: {'mAP': 0.4313733, 'mAR': 0.48892444, 'mAUC': 0.8484168, 'm_Accuracy': 0.48892444, 'ap': array([0.665     , 0.92622954, 0.        , 0.        , 0.56563705],
      dtype=float32), 'ar': array([0.61860466, 0.9216966 , 0.        , 0.        , 0.904321  ],
      dtype=float32), 'auc': array([0.89943373, 0.9751035 , 0.7020662 , 0.7673879 , 0.8980928 ],
      dtype=float32), 'accuracy': array([0.61860466, 0.9216966 , 0.        , 0.        , 0.904321  ],
      dtype=float32), 'f1': {'micro': tensor(0.7462), 'macro': tensor(0.4522), 'none': tensor([0.6410, 0.9240, 0.0000, 0.0000, 0.6960])}}
Training : Epoch [7/50], Loss: 0.6888
Testing : Epoch [7/50], Loss: 0.8693, results: {'mAP': 0.51266325, 'mAR': 0.48044223, 'mAUC': 0.8654798, 'm_Accuracy': 0.48044223, 'ap': array([0.60679615, 0.8385714 , 0.        , 0.5       , 0.6179487 ],
      dtype=float32), 'ar': array([0.5813953 , 0.95758563, 0.        , 0.11940298, 0.74382716],
      dtype=float32), 'auc': array([0.90846443, 0.9779395 , 0.7534622 , 0.7908635 , 0.8966695 ],
      dtype=float32), 'accuracy': array([0.5813953 , 0.95758563, 0.        , 0.11940298, 0.74382716],
      dtype=float32), 'f1': {'micro': tensor(0.7297), 'macro': tensor(0.4712), 'none': tensor([0.5938, 0.8941, 0.0000, 0.1928, 0.6751])}}
Training : Epoch [8/50], Loss: 0.6791
Testing : Epoch [8/50], Loss: 0.8540, results: {'mAP': 0.60564744, 'mAR': 0.5094835, 'mAUC': 0.86667615, 'm_Accuracy': 0.5094835, 'ap': array([0.6196581 , 0.97197896, 0.        , 0.85714287, 0.57945734],
      dtype=float32), 'ar': array([0.6744186 , 0.90538335, 0.        , 0.04477612, 0.9228395 ],
      dtype=float32), 'auc': array([0.90657973, 0.9768147 , 0.7476857 , 0.79536986, 0.9069309 ],
      dtype=float32), 'accuracy': array([0.6744186 , 0.90538335, 0.        , 0.04477612, 0.9228395 ],
      dtype=float32), 'f1': {'micro': tensor(0.7568), 'macro': tensor(0.4761), 'none': tensor([0.6459, 0.9375, 0.0000, 0.0851, 0.7119])}}
Training : Epoch [9/50], Loss: 0.6340
Testing : Epoch [9/50], Loss: 0.8106, results: {'mAP': 0.5131484, 'mAR': 0.5120886, 'mAUC': 0.8666166, 'm_Accuracy': 0.5120886, 'ap': array([0.73006135, 0.9046875 , 0.        , 0.31944445, 0.61154854],
      dtype=float32), 'ar': array([0.5534884, 0.9445351, 0.       , 0.3432836, 0.7191358],
      dtype=float32), 'auc': array([0.8986941 , 0.977741  , 0.7645338 , 0.7939386 , 0.89817584],
      dtype=float32), 'accuracy': array([0.5534884, 0.9445351, 0.       , 0.3432836, 0.7191358],
      dtype=float32), 'f1': {'micro': tensor(0.7357), 'macro': tensor(0.5091), 'none': tensor([0.6296, 0.9242, 0.0000, 0.3309, 0.6610])}}
Training : Epoch [10/50], Loss: 0.6016
Testing : Epoch [10/50], Loss: 0.7807, results: {'mAP': 0.5486663, 'mAR': 0.51758057, 'mAUC': 0.8788102, 'm_Accuracy': 0.51758057, 'ap': array([0.5117647 , 0.8865355 , 0.        , 0.65217394, 0.69285715],
      dtype=float32), 'ar': array([0.80930233, 0.9559543 , 0.        , 0.2238806 , 0.59876543],
      dtype=float32), 'auc': array([0.908828  , 0.98298866, 0.77984524, 0.81605166, 0.9063376 ],
      dtype=float32), 'accuracy': array([0.80930233, 0.9559543 , 0.        , 0.2238806 , 0.59876543],
      dtype=float32), 'f1': {'micro': tensor(0.7410), 'macro': tensor(0.5045), 'none': tensor([0.6270, 0.9199, 0.0000, 0.3333, 0.6424])}}
Training : Epoch [11/50], Loss: 0.5679
Testing : Epoch [11/50], Loss: 0.7277, results: {'mAP': 0.54666364, 'mAR': 0.5482729, 'mAUC': 0.89023894, 'm_Accuracy': 0.5482729, 'ap': array([0.68686867, 0.9264    , 0.        , 0.46      , 0.6600496 ],
      dtype=float32), 'ar': array([0.63255817, 0.9445351 , 0.        , 0.3432836 , 0.82098764],
      dtype=float32), 'auc': array([0.9177334 , 0.9817315 , 0.8073206 , 0.83152705, 0.91288245],
      dtype=float32), 'accuracy': array([0.63255817, 0.9445351 , 0.        , 0.3432836 , 0.82098764],
      dtype=float32), 'f1': {'micro': tensor(0.7733), 'macro': tensor(0.5438), 'none': tensor([0.6586, 0.9354, 0.0000, 0.3932, 0.7318])}}
Saving ./data/aug/0.05_0.0_25/checkpoint_10.pt
Training : Epoch [12/50], Loss: 0.5902
Testing : Epoch [12/50], Loss: 0.8259, results: {'mAP': 0.48106304, 'mAR': 0.3928609, 'mAUC': 0.8183548, 'm_Accuracy': 0.3928609, 'ap': array([0.49758455, 0.68107474, 0.33333334, 0.24691358, 0.64640886],
      dtype=float32), 'ar': array([0.47906977, 0.95106035, 0.02380952, 0.14925373, 0.3611111 ],
      dtype=float32), 'auc': array([0.8518147, 0.9444324, 0.7078427, 0.7466687, 0.8410156],
      dtype=float32), 'accuracy': array([0.47906977, 0.95106035, 0.02380952, 0.14925373, 0.3611111 ],
      dtype=float32), 'f1': {'micro': tensor(0.6205), 'macro': tensor(0.3951), 'none': tensor([0.4882, 0.7937, 0.0444, 0.1860, 0.4634])}}
Training : Epoch [13/50], Loss: 0.6834
Testing : Epoch [13/50], Loss: 0.8622, results: {'mAP': 0.5407038, 'mAR': 0.5153285, 'mAUC': 0.87756157, 'm_Accuracy': 0.5153285, 'ap': array([0.5506757 , 0.96020764, 0.        , 0.5833333 , 0.60930234],
      dtype=float32), 'ar': array([0.75813955, 0.90538335, 0.        , 0.10447761, 0.80864197],
      dtype=float32), 'auc': array([0.901682  , 0.97811973, 0.7946012 , 0.8117953 , 0.9016096 ],
      dtype=float32), 'accuracy': array([0.75813955, 0.90538335, 0.        , 0.10447761, 0.80864197],
      dtype=float32), 'f1': {'micro': tensor(0.7485), 'macro': tensor(0.4884), 'none': tensor([0.6380, 0.9320, 0.0000, 0.1772, 0.6950])}}
Training : Epoch [14/50], Loss: 0.5448
Testing : Epoch [14/50], Loss: 0.7119, results: {'mAP': 0.5284496, 'mAR': 0.5338208, 'mAUC': 0.8886215, 'm_Accuracy': 0.5338208, 'ap': array([0.5466667 , 0.94684386, 0.        , 0.4848485 , 0.6638889 ],
      dtype=float32), 'ar': array([0.7627907 , 0.9298532 , 0.        , 0.23880596, 0.7376543 ],
      dtype=float32), 'auc': array([0.9030569 , 0.9816539 , 0.82459456, 0.8299332 , 0.9038691 ],
      dtype=float32), 'accuracy': array([0.7627907 , 0.9298532 , 0.        , 0.23880596, 0.7376543 ],
      dtype=float32), 'f1': {'micro': tensor(0.7568), 'macro': tensor(0.5188), 'none': tensor([0.6369, 0.9383, 0.0000, 0.3200, 0.6988])}}
Training : Epoch [15/50], Loss: 0.4853
Testing : Epoch [15/50], Loss: 0.6542, results: {'mAP': 0.5668313, 'mAR': 0.55790025, 'mAUC': 0.8917635, 'm_Accuracy': 0.55790025, 'ap': array([0.55776894, 0.92246836, 0.17391305, 0.4453125 , 0.7346939 ],
      dtype=float32), 'ar': array([0.6511628 , 0.95106035, 0.0952381 , 0.42537314, 0.6666667 ],
      dtype=float32), 'auc': array([0.91029066, 0.98299545, 0.8108568 , 0.8505838 , 0.9040904 ],
      dtype=float32), 'accuracy': array([0.6511628 , 0.95106035, 0.0952381 , 0.42537314, 0.6666667 ],
      dtype=float32), 'f1': {'micro': tensor(0.7530), 'macro': tensor(0.5589), 'none': tensor([0.6009, 0.9365, 0.1231, 0.4351, 0.6990])}}
Training : Epoch [16/50], Loss: 0.4404
Testing : Epoch [16/50], Loss: 0.6107, results: {'mAP': 0.60326326, 'mAR': 0.5886812, 'mAUC': 0.9009926, 'm_Accuracy': 0.5886812, 'ap': array([0.5682657 , 0.93333334, 0.18181819, 0.6       , 0.732899  ],
      dtype=float32), 'ar': array([0.7162791 , 0.9363785 , 0.23809524, 0.35820895, 0.6944444 ],
      dtype=float32), 'auc': array([0.90459055, 0.98114055, 0.85593945, 0.85765266, 0.90563977],
      dtype=float32), 'accuracy': array([0.7162791 , 0.9363785 , 0.23809524, 0.35820895, 0.6944444 ],
      dtype=float32), 'f1': {'micro': tensor(0.7613), 'macro': tensor(0.5873), 'none': tensor([0.6337, 0.9349, 0.2062, 0.4486, 0.7132])}}
Training : Epoch [17/50], Loss: 0.3987
Testing : Epoch [17/50], Loss: 0.5896, results: {'mAP': 0.59050584, 'mAR': 0.553109, 'mAUC': 0.88555974, 'm_Accuracy': 0.553109, 'ap': array([0.5677966 , 0.9148265 , 0.36363637, 0.3415638 , 0.7647059 ],
      dtype=float32), 'ar': array([0.6232558, 0.9461664, 0.0952381, 0.619403 , 0.4814815],
      dtype=float32), 'auc': array([0.90036565, 0.98213303, 0.79506403, 0.85422134, 0.8960147 ],
      dtype=float32), 'accuracy': array([0.6232558, 0.9461664, 0.0952381, 0.619403 , 0.4814815],
      dtype=float32), 'f1': {'micro': tensor(0.7206), 'macro': tensor(0.5413), 'none': tensor([0.5942, 0.9302, 0.1509, 0.4403, 0.5909])}}
Training : Epoch [18/50], Loss: 0.3681
Testing : Epoch [18/50], Loss: 0.5496, results: {'mAP': 0.60983175, 'mAR': 0.58207357, 'mAUC': 0.8970682, 'm_Accuracy': 0.58207357, 'ap': array([0.5739437 , 0.93365693, 0.30769232, 0.49593496, 0.737931  ],
      dtype=float32), 'ar': array([0.75813955, 0.94127244, 0.0952381 , 0.4552239 , 0.66049385],
      dtype=float32), 'auc': array([0.9156272 , 0.98081887, 0.8456269 , 0.84090227, 0.90236586],
      dtype=float32), 'accuracy': array([0.75813955, 0.94127244, 0.0952381 , 0.4552239 , 0.66049385],
      dtype=float32), 'f1': {'micro': tensor(0.7673), 'macro': tensor(0.5816), 'none': tensor([0.6533, 0.9374, 0.1455, 0.4747, 0.6971])}}
Training : Epoch [19/50], Loss: 0.3288
Testing : Epoch [19/50], Loss: 0.4984, results: {'mAP': 0.5810008, 'mAR': 0.5697378, 'mAUC': 0.90150785, 'm_Accuracy': 0.5697378, 'ap': array([0.64851487, 0.92113566, 0.16666667, 0.44444445, 0.72424245],
      dtype=float32), 'ar': array([0.60930234, 0.9526917 , 0.07142857, 0.47761193, 0.7376543 ],
      dtype=float32), 'auc': array([0.9088113, 0.9831004, 0.8183922, 0.8788657, 0.9183697],
      dtype=float32), 'accuracy': array([0.60930234, 0.9526917 , 0.07142857, 0.47761193, 0.7376543 ],
      dtype=float32), 'f1': {'micro': tensor(0.7688), 'macro': tensor(0.5713), 'none': tensor([0.6283, 0.9366, 0.1000, 0.4604, 0.7309])}}
Training : Epoch [20/50], Loss: 0.3055
Testing : Epoch [20/50], Loss: 0.4905, results: {'mAP': 0.6015758, 'mAR': 0.5820404, 'mAUC': 0.8995124, 'm_Accuracy': 0.5820404, 'ap': array([0.5708502 , 0.959596  , 0.3181818 , 0.44537815, 0.71387285],
      dtype=float32), 'ar': array([0.65581393, 0.9298532 , 0.16666667, 0.3955224 , 0.7623457 ],
      dtype=float32), 'auc': array([0.9088029, 0.9819186, 0.8498667, 0.8439961, 0.9129777],
      dtype=float32), 'accuracy': array([0.65581393, 0.9298532 , 0.16666667, 0.3955224 , 0.7623457 ],
      dtype=float32), 'f1': {'micro': tensor(0.7666), 'macro': tensor(0.5860), 'none': tensor([0.6104, 0.9445, 0.2188, 0.4190, 0.7373])}}
Training : Epoch [21/50], Loss: 0.2566
Testing : Epoch [21/50], Loss: 0.4426, results: {'mAP': 0.6030491, 'mAR': 0.5998172, 'mAUC': 0.9111519, 'm_Accuracy': 0.5998172, 'ap': array([0.65829146, 0.98070174, 0.225     , 0.46280992, 0.68844223],
      dtype=float32), 'ar': array([0.60930234, 0.9119086 , 0.21428572, 0.41791046, 0.845679  ],
      dtype=float32), 'auc': array([0.9146618 , 0.9844716 , 0.88904315, 0.84665865, 0.9209243 ],
      dtype=float32), 'accuracy': array([0.60930234, 0.9119086 , 0.21428572, 0.41791046, 0.845679  ],
      dtype=float32), 'f1': {'micro': tensor(0.7748), 'macro': tensor(0.5991), 'none': tensor([0.6329, 0.9451, 0.2195, 0.4392, 0.7590])}}
Saving ./data/aug/0.05_0.0_25/checkpoint_20.pt
Training : Epoch [22/50], Loss: 0.2467
Testing : Epoch [22/50], Loss: 0.4351, results: {'mAP': 0.59376365, 'mAR': 0.5794654, 'mAUC': 0.90197, 'm_Accuracy': 0.5794654, 'ap': array([0.6813187 , 0.97409326, 0.16666667, 0.4920635 , 0.65467626],
      dtype=float32), 'ar': array([0.5767442 , 0.9200652 , 0.0952381 , 0.46268657, 0.8425926 ],
      dtype=float32), 'auc': array([0.9194843 , 0.98357725, 0.82231724, 0.86336535, 0.9211057 ],
      dtype=float32), 'accuracy': array([0.5767442 , 0.9200652 , 0.0952381 , 0.46268657, 0.8425926 ],
      dtype=float32), 'f1': {'micro': tensor(0.7733), 'macro': tensor(0.5812), 'none': tensor([0.6247, 0.9463, 0.1212, 0.4769, 0.7368])}}
Training : Epoch [23/50], Loss: 0.1974
Testing : Epoch [23/50], Loss: 0.3957, results: {'mAP': 0.63126296, 'mAR': 0.59698, 'mAUC': 0.8983779, 'm_Accuracy': 0.59698, 'ap': array([0.6535088 , 0.912037  , 0.31578946, 0.53913045, 0.7358491 ],
      dtype=float32), 'ar': array([0.69302326, 0.9641109 , 0.14285715, 0.46268657, 0.7222222 ],
      dtype=float32), 'auc': array([0.921461  , 0.98427314, 0.8609753 , 0.83148956, 0.89369065],
      dtype=float32), 'accuracy': array([0.69302326, 0.9641109 , 0.14285715, 0.46268657, 0.7222222 ],
      dtype=float32), 'f1': {'micro': tensor(0.7846), 'macro': tensor(0.6067), 'none': tensor([0.6727, 0.9374, 0.1967, 0.4980, 0.7290])}}
Training : Epoch [24/50], Loss: 0.1689
Testing : Epoch [24/50], Loss: 0.3610, results: {'mAP': 0.6250285, 'mAR': 0.603367, 'mAUC': 0.9128891, 'm_Accuracy': 0.603367, 'ap': array([0.66210043, 0.96638656, 0.25      , 0.5543478 , 0.6923077 ],
      dtype=float32), 'ar': array([0.6744186 , 0.9380098 , 0.1904762 , 0.38059703, 0.8333333 ],
      dtype=float32), 'auc': array([0.916931  , 0.98581547, 0.8864512 , 0.85784644, 0.9174014 ],
      dtype=float32), 'accuracy': array([0.6744186 , 0.9380098 , 0.1904762 , 0.38059703, 0.8333333 ],
      dtype=float32), 'f1': {'micro': tensor(0.7899), 'macro': tensor(0.6088), 'none': tensor([0.6682, 0.9520, 0.2162, 0.4513, 0.7563])}}
Training : Epoch [25/50], Loss: 0.1458
Testing : Epoch [25/50], Loss: 0.3593, results: {'mAP': 0.6280015, 'mAR': 0.5929145, 'mAUC': 0.8983431, 'm_Accuracy': 0.5929145, 'ap': array([0.6789474 , 0.9521452 , 0.22580644, 0.6091954 , 0.67391306],
      dtype=float32), 'ar': array([0.6       , 0.94127244, 0.16666667, 0.3955224 , 0.8611111 ],
      dtype=float32), 'auc': array([0.90691406, 0.9828791 , 0.83927643, 0.84062725, 0.9220187 ],
      dtype=float32), 'accuracy': array([0.6       , 0.94127244, 0.16666667, 0.3955224 , 0.8611111 ],
      dtype=float32), 'f1': {'micro': tensor(0.7869), 'macro': tensor(0.6022), 'none': tensor([0.6370, 0.9467, 0.1918, 0.4796, 0.7561])}}
Training : Epoch [26/50], Loss: 0.1238
Testing : Epoch [26/50], Loss: 0.3377, results: {'mAP': 0.6230111, 'mAR': 0.60977256, 'mAUC': 0.90064085, 'm_Accuracy': 0.60977256, 'ap': array([0.64285713, 0.9088099 , 0.2820513 , 0.5289256 , 0.7524116 ],
      dtype=float32), 'ar': array([0.627907  , 0.95921695, 0.26190478, 0.47761193, 0.7222222 ],
      dtype=float32), 'auc': array([0.9066759 , 0.9854185 , 0.8606606 , 0.8499775 , 0.90047216],
      dtype=float32), 'accuracy': array([0.627907  , 0.95921695, 0.26190478, 0.47761193, 0.7222222 ],
      dtype=float32), 'f1': {'micro': tensor(0.7771), 'macro': tensor(0.6158), 'none': tensor([0.6353, 0.9333, 0.2716, 0.5020, 0.7370])}}
Training : Epoch [27/50], Loss: 0.1027
Testing : Epoch [27/50], Loss: 0.3323, results: {'mAP': 0.6113013, 'mAR': 0.596598, 'mAUC': 0.895635, 'm_Accuracy': 0.596598, 'ap': array([0.5945946 , 0.95666665, 0.2580645 , 0.52577317, 0.72140765],
      dtype=float32), 'ar': array([0.7162791 , 0.9363785 , 0.1904762 , 0.38059703, 0.7592593 ],
      dtype=float32), 'auc': array([0.905535  , 0.9830365 , 0.85306966, 0.82777697, 0.908757  ],
      dtype=float32), 'accuracy': array([0.7162791 , 0.9363785 , 0.1904762 , 0.38059703, 0.7592593 ],
      dtype=float32), 'f1': {'micro': tensor(0.7779), 'macro': tensor(0.5994), 'none': tensor([0.6498, 0.9464, 0.2192, 0.4416, 0.7398])}}
Training : Epoch [28/50], Loss: 0.1085
Testing : Epoch [28/50], Loss: 0.3320, results: {'mAP': 0.5910961, 'mAR': 0.59179467, 'mAUC': 0.897229, 'm_Accuracy': 0.59179467, 'ap': array([0.5945946 , 0.98073554, 0.1724138 , 0.5       , 0.7077364 ],
      dtype=float32), 'ar': array([0.7162791 , 0.91353995, 0.11904762, 0.4477612 , 0.7623457 ],
      dtype=float32), 'auc': array([0.91932136, 0.97888863, 0.8229467 , 0.8389085 , 0.92607963],
      dtype=float32), 'accuracy': array([0.7162791 , 0.91353995, 0.11904762, 0.4477612 , 0.7623457 ],
      dtype=float32), 'f1': {'micro': tensor(0.7726), 'macro': tensor(0.5886), 'none': tensor([0.6498, 0.9459, 0.1408, 0.4724, 0.7340])}}
Training : Epoch [29/50], Loss: 0.0804
Testing : Epoch [29/50], Loss: 0.3035, results: {'mAP': 0.6445274, 'mAR': 0.58782184, 'mAUC': 0.89413106, 'm_Accuracy': 0.58782184, 'ap': array([0.7150838 , 0.9356913 , 0.33333334, 0.5568182 , 0.68171024],
      dtype=float32), 'ar': array([0.59534883, 0.94942904, 0.14285715, 0.36567163, 0.88580245],
      dtype=float32), 'auc': array([0.9063374 , 0.9836594 , 0.80365473, 0.8543026 , 0.9227012 ],
      dtype=float32), 'accuracy': array([0.59534883, 0.94942904, 0.14285715, 0.36567163, 0.88580245],
      dtype=float32), 'f1': {'micro': tensor(0.7922), 'macro': tensor(0.6008), 'none': tensor([0.6497, 0.9425, 0.2000, 0.4414, 0.7705])}}
Training : Epoch [30/50], Loss: 0.0640
Testing : Epoch [30/50], Loss: 0.3069, results: {'mAP': 0.60934395, 'mAR': 0.6027864, 'mAUC': 0.9086086, 'm_Accuracy': 0.6027864, 'ap': array([0.55516016, 0.96615905, 0.27586207, 0.4920635 , 0.7574751 ],
      dtype=float32), 'ar': array([0.7255814 , 0.9314845 , 0.1904762 , 0.46268657, 0.7037037 ],
      dtype=float32), 'auc': array([0.91184103, 0.9827787 , 0.873417  , 0.8637591 , 0.911247  ],
      dtype=float32), 'accuracy': array([0.7255814 , 0.9314845 , 0.1904762 , 0.46268657, 0.7037037 ],
      dtype=float32), 'f1': {'micro': tensor(0.7718), 'macro': tensor(0.6019), 'none': tensor([0.6290, 0.9485, 0.2254, 0.4769, 0.7296])}}
Training : Epoch [31/50], Loss: 0.0570
Testing : Epoch [31/50], Loss: 0.2934, results: {'mAP': 0.6345078, 'mAR': 0.6074678, 'mAUC': 0.90614593, 'm_Accuracy': 0.6074678, 'ap': array([0.6315789 , 0.9446254 , 0.2857143 , 0.58762884, 0.7229917 ],
      dtype=float32), 'ar': array([0.66976744, 0.9461664 , 0.1904762 , 0.42537314, 0.8055556 ],
      dtype=float32), 'auc': array([0.9081301, 0.9846359, 0.879212 , 0.8301145, 0.9286373],
      dtype=float32), 'accuracy': array([0.66976744, 0.9461664 , 0.1904762 , 0.42537314, 0.8055556 ],
      dtype=float32), 'f1': {'micro': tensor(0.7907), 'macro': tensor(0.6159), 'none': tensor([0.6501, 0.9454, 0.2286, 0.4935, 0.7620])}}
Saving ./data/aug/0.05_0.0_25/checkpoint_30.pt
Training : Epoch [32/50], Loss: 0.0470
Testing : Epoch [32/50], Loss: 0.2798, results: {'mAP': 0.6297714, 'mAR': 0.61147964, 'mAUC': 0.91138923, 'm_Accuracy': 0.61147964, 'ap': array([0.6147541 , 0.9358974 , 0.30769232, 0.52845526, 0.7620579 ],
      dtype=float32), 'ar': array([0.6976744 , 0.9526917 , 0.1904762 , 0.48507464, 0.7314815 ],
      dtype=float32), 'auc': array([0.920061  , 0.9834176 , 0.8824891 , 0.8490212 , 0.92195725],
      dtype=float32), 'accuracy': array([0.6976744 , 0.9526917 , 0.1904762 , 0.48507464, 0.7314815 ],
      dtype=float32), 'f1': {'micro': tensor(0.7861), 'macro': tensor(0.6171), 'none': tensor([0.6536, 0.9442, 0.2353, 0.5058, 0.7465])}}
Training : Epoch [33/50], Loss: 0.0479
Testing : Epoch [33/50], Loss: 0.3044, results: {'mAP': 0.5841153, 'mAR': 0.5818228, 'mAUC': 0.89670944, 'm_Accuracy': 0.5818228, 'ap': array([0.560166  , 0.9245586 , 0.1764706 , 0.5043478 , 0.75503355],
      dtype=float32), 'ar': array([0.627907  , 0.9396411 , 0.21428572, 0.43283582, 0.6944444 ],
      dtype=float32), 'auc': array([0.8995299 , 0.9816813 , 0.87612015, 0.81845796, 0.9077579 ],
      dtype=float32), 'accuracy': array([0.627907  , 0.9396411 , 0.21428572, 0.43283582, 0.6944444 ],
      dtype=float32), 'f1': {'micro': tensor(0.7553), 'macro': tensor(0.5814), 'none': tensor([0.5921, 0.9320, 0.1935, 0.4659, 0.7235])}}
Training : Epoch [34/50], Loss: 0.0490
Testing : Epoch [34/50], Loss: 0.2873, results: {'mAP': 0.66160953, 'mAR': 0.63054436, 'mAUC': 0.9091509, 'm_Accuracy': 0.63054436, 'ap': array([0.65531915, 0.96482414, 0.3030303 , 0.67058825, 0.71428573],
      dtype=float32), 'ar': array([0.7162791 , 0.9396411 , 0.23809524, 0.42537314, 0.8333333 ],
      dtype=float32), 'auc': array([0.9165089 , 0.98594326, 0.8633637 , 0.85291505, 0.9270234 ],
      dtype=float32), 'accuracy': array([0.7162791 , 0.9396411 , 0.23809524, 0.42537314, 0.8333333 ],
      dtype=float32), 'f1': {'micro': tensor(0.8035), 'macro': tensor(0.6386), 'none': tensor([0.6844, 0.9521, 0.2667, 0.5205, 0.7692])}}
Training : Epoch [35/50], Loss: 0.0393
Testing : Epoch [35/50], Loss: 0.2889, results: {'mAP': 0.610396, 'mAR': 0.59291613, 'mAUC': 0.893396, 'm_Accuracy': 0.59291613, 'ap': array([0.6418605 , 0.95514953, 0.22727273, 0.51724136, 0.7104558 ],
      dtype=float32), 'ar': array([0.6418605 , 0.9380098 , 0.11904762, 0.4477612 , 0.81790125],
      dtype=float32), 'auc': array([0.9048162, 0.9827559, 0.814319 , 0.8460399, 0.9190491],
      dtype=float32), 'accuracy': array([0.6418605 , 0.9380098 , 0.11904762, 0.4477612 , 0.81790125],
      dtype=float32), 'f1': {'micro': tensor(0.7854), 'macro': tensor(0.5970), 'none': tensor([0.6419, 0.9465, 0.1562, 0.4800, 0.7604])}}
Training : Epoch [36/50], Loss: 0.0348
Testing : Epoch [36/50], Loss: 0.2866, results: {'mAP': 0.63406116, 'mAR': 0.610875, 'mAUC': 0.90761757, 'm_Accuracy': 0.610875, 'ap': array([0.66810346, 0.9584718 , 0.2631579 , 0.55454546, 0.72602737],
      dtype=float32), 'ar': array([0.7209302 , 0.94127244, 0.11904762, 0.4552239 , 0.81790125],
      dtype=float32), 'auc': array([0.9146827 , 0.98337877, 0.8583278 , 0.8531963 , 0.928502  ],
      dtype=float32), 'accuracy': array([0.7209302 , 0.94127244, 0.11904762, 0.4552239 , 0.81790125],
      dtype=float32), 'f1': {'micro': tensor(0.8005), 'macro': tensor(0.6153), 'none': tensor([0.6935, 0.9498, 0.1639, 0.5000, 0.7692])}}
Training : Epoch [37/50], Loss: 0.0280
Testing : Epoch [37/50], Loss: 0.2761, results: {'mAP': 0.6223943, 'mAR': 0.6279527, 'mAUC': 0.9121872, 'm_Accuracy': 0.6279527, 'ap': array([0.6008065 , 0.9585406 , 0.3       , 0.48630136, 0.76632303],
      dtype=float32), 'ar': array([0.69302326, 0.94290376, 0.2857143 , 0.5298507 , 0.6882716 ],
      dtype=float32), 'auc': array([0.9183142 , 0.9828289 , 0.9040769 , 0.83886474, 0.9168511 ],
      dtype=float32), 'accuracy': array([0.69302326, 0.94290376, 0.2857143 , 0.5298507 , 0.6882716 ],
      dtype=float32), 'f1': {'micro': tensor(0.7779), 'macro': tensor(0.6239), 'none': tensor([0.6436, 0.9507, 0.2927, 0.5071, 0.7252])}}
Training : Epoch [38/50], Loss: 0.0315
Testing : Epoch [38/50], Loss: 0.2699, results: {'mAP': 0.6376568, 'mAR': 0.6212618, 'mAUC': 0.8975995, 'm_Accuracy': 0.6212618, 'ap': array([0.67281103, 0.95245904, 0.2647059 , 0.5740741 , 0.724234  ],
      dtype=float32), 'ar': array([0.67906976, 0.9477977 , 0.21428572, 0.46268657, 0.80246913],
      dtype=float32), 'auc': array([0.91074616, 0.9855896 , 0.84055394, 0.8249206 , 0.9261872 ],
      dtype=float32), 'accuracy': array([0.67906976, 0.9477977 , 0.21428572, 0.46268657, 0.80246913],
      dtype=float32), 'f1': {'micro': tensor(0.7967), 'macro': tensor(0.6273), 'none': tensor([0.6759, 0.9501, 0.2368, 0.5124, 0.7613])}}
Training : Epoch [39/50], Loss: 0.0289
Testing : Epoch [39/50], Loss: 0.2877, results: {'mAP': 0.6008104, 'mAR': 0.58167446, 'mAUC': 0.90868455, 'm_Accuracy': 0.58167446, 'ap': array([0.6650943 , 0.94299674, 0.1875    , 0.51304346, 0.69541776],
      dtype=float32), 'ar': array([0.65581393, 0.9445351 , 0.07142857, 0.4402985 , 0.7962963 ],
      dtype=float32), 'auc': array([0.91255563, 0.98266923, 0.8677331 , 0.8608653 , 0.91959935],
      dtype=float32), 'accuracy': array([0.65581393, 0.9445351 , 0.07142857, 0.4402985 , 0.7962963 ],
      dtype=float32), 'f1': {'micro': tensor(0.7831), 'macro': tensor(0.5848), 'none': tensor([0.6604, 0.9438, 0.1034, 0.4739, 0.7424])}}
Training : Epoch [40/50], Loss: 0.0222
Testing : Epoch [40/50], Loss: 0.2745, results: {'mAP': 0.63114023, 'mAR': 0.6068875, 'mAUC': 0.9047632, 'm_Accuracy': 0.6068875, 'ap': array([0.62393165, 0.95261437, 0.36      , 0.4778761 , 0.74127907],
      dtype=float32), 'ar': array([0.67906976, 0.95106035, 0.21428572, 0.40298507, 0.787037  ],
      dtype=float32), 'auc': array([0.9042646 , 0.9843051 , 0.88052654, 0.82755196, 0.9271679 ],
      dtype=float32), 'accuracy': array([0.67906976, 0.95106035, 0.21428572, 0.40298507, 0.787037  ],
      dtype=float32), 'f1': {'micro': tensor(0.7884), 'macro': tensor(0.6143), 'none': tensor([0.6503, 0.9518, 0.2687, 0.4372, 0.7635])}}
Training : Epoch [41/50], Loss: 0.0208
Testing : Epoch [41/50], Loss: 0.2775, results: {'mAP': 0.64565134, 'mAR': 0.63089806, 'mAUC': 0.91346294, 'm_Accuracy': 0.63089806, 'ap': array([0.62660944, 0.96649915, 0.375     , 0.5258621 , 0.7342857 ],
      dtype=float32), 'ar': array([0.67906976, 0.94127244, 0.2857143 , 0.4552239 , 0.79320985],
      dtype=float32), 'auc': array([0.909505  , 0.98400164, 0.91002   , 0.84052724, 0.9232607 ],
      dtype=float32), 'accuracy': array([0.67906976, 0.94127244, 0.2857143 , 0.4552239 , 0.79320985],
      dtype=float32), 'f1': {'micro': tensor(0.7929), 'macro': tensor(0.6361), 'none': tensor([0.6518, 0.9537, 0.3243, 0.4880, 0.7626])}}
Saving ./data/aug/0.05_0.0_25/checkpoint_40.pt
Training : Epoch [42/50], Loss: 0.0205
Testing : Epoch [42/50], Loss: 0.2737, results: {'mAP': 0.64161533, 'mAR': 0.62755996, 'mAUC': 0.90228784, 'm_Accuracy': 0.62755996, 'ap': array([0.65625   , 0.96166664, 0.4117647 , 0.4649123 , 0.71348315],
      dtype=float32), 'ar': array([0.68372095, 0.94127244, 0.33333334, 0.3955224 , 0.7839506 ],
      dtype=float32), 'auc': array([0.9165465 , 0.98404497, 0.84607124, 0.84310234, 0.92167443],
      dtype=float32), 'accuracy': array([0.68372095, 0.94127244, 0.33333334, 0.3955224 , 0.7839506 ],
      dtype=float32), 'f1': {'micro': tensor(0.7869), 'macro': tensor(0.6328), 'none': tensor([0.6697, 0.9514, 0.3684, 0.4274, 0.7471])}}
