Train size = 5308, Test size = 1328
Classes : ['affected', 'destroyed', 'major', 'minor', 'no_damage']
Training : Epoch [1/50], Loss: 1.5403
Testing : Epoch [1/50], Loss: 1.9194, results: {'mAP': 0.09231928, 'mAR': 0.2, 'mAUC': 0.5518021, 'm_Accuracy': 0.2, 'ap': array([0.       , 0.4615964, 0.       , 0.       , 0.       ],
      dtype=float32), 'ar': array([0., 1., 0., 0., 0.], dtype=float32), 'auc': array([0.52507573, 0.7665773 , 0.45682442, 0.53080076, 0.4797323 ],
      dtype=float32), 'accuracy': array([0., 1., 0., 0., 0.], dtype=float32), 'f1': {'micro': tensor(0.4616), 'macro': tensor(0.1263), 'none': tensor([0.0000, 0.6316, 0.0000, 0.0000, 0.0000])}}
Saving ./data/aug/0.005_0.0001_5/checkpoint_0.pt
Training : Epoch [2/50], Loss: 1.4492
Testing : Epoch [2/50], Loss: 1.8022, results: {'mAP': 0.09231928, 'mAR': 0.2, 'mAUC': 0.59717375, 'm_Accuracy': 0.2, 'ap': array([0.       , 0.4615964, 0.       , 0.       , 0.       ],
      dtype=float32), 'ar': array([0., 1., 0., 0., 0.], dtype=float32), 'auc': array([0.55881655, 0.81917655, 0.50570244, 0.5268694 , 0.57530373],
      dtype=float32), 'accuracy': array([0., 1., 0., 0., 0.], dtype=float32), 'f1': {'micro': tensor(0.4616), 'macro': tensor(0.1263), 'none': tensor([0.0000, 0.6316, 0.0000, 0.0000, 0.0000])}}
Training : Epoch [3/50], Loss: 1.3676
Testing : Epoch [3/50], Loss: 1.7047, results: {'mAP': 0.09231928, 'mAR': 0.2, 'mAUC': 0.67367804, 'm_Accuracy': 0.2, 'ap': array([0.       , 0.4615964, 0.       , 0.       , 0.       ],
      dtype=float32), 'ar': array([0., 1., 0., 0., 0.], dtype=float32), 'auc': array([0.6312418 , 0.87366045, 0.6060135 , 0.5626828 , 0.6947918 ],
      dtype=float32), 'accuracy': array([0., 1., 0., 0., 0.], dtype=float32), 'f1': {'micro': tensor(0.4616), 'macro': tensor(0.1263), 'none': tensor([0.0000, 0.6316, 0.0000, 0.0000, 0.0000])}}
Training : Epoch [4/50], Loss: 1.3182
Testing : Epoch [4/50], Loss: 1.6417, results: {'mAP': 0.09231928, 'mAR': 0.2, 'mAUC': 0.7514907, 'm_Accuracy': 0.2, 'ap': array([0.       , 0.4615964, 0.       , 0.       , 0.       ],
      dtype=float32), 'ar': array([0., 1., 0., 0., 0.], dtype=float32), 'auc': array([0.7340814 , 0.9158877 , 0.6724154 , 0.640891  , 0.79417825],
      dtype=float32), 'accuracy': array([0., 1., 0., 0., 0.], dtype=float32), 'f1': {'micro': tensor(0.4616), 'macro': tensor(0.1263), 'none': tensor([0.0000, 0.6316, 0.0000, 0.0000, 0.0000])}}
Training : Epoch [5/50], Loss: 1.2305
Testing : Epoch [5/50], Loss: 1.5110, results: {'mAP': 0.21598597, 'mAR': 0.2984573, 'mAUC': 0.78017294, 'm_Accuracy': 0.2984573, 'ap': array([0.        , 0.6077813 , 0.        , 0.        , 0.47214854],
      dtype=float32), 'ar': array([0.        , 0.94290376, 0.        , 0.        , 0.5493827 ],
      dtype=float32), 'auc': array([0.74440753, 0.93623704, 0.7124713 , 0.6816858 , 0.82606304],
      dtype=float32), 'accuracy': array([0.        , 0.94290376, 0.        , 0.        , 0.5493827 ],
      dtype=float32), 'f1': {'micro': tensor(0.5693), 'macro': tensor(0.2494), 'none': tensor([0.0000, 0.7391, 0.0000, 0.0000, 0.5078])}}
Training : Epoch [6/50], Loss: 1.0194
Testing : Epoch [6/50], Loss: 1.2510, results: {'mAP': 0.26353773, 'mAR': 0.36129743, 'mAUC': 0.7828038, 'm_Accuracy': 0.36129743, 'ap': array([0.        , 0.90847456, 0.        , 0.        , 0.40921408],
      dtype=float32), 'ar': array([0.        , 0.8743883 , 0.        , 0.        , 0.93209875],
      dtype=float32), 'auc': array([0.7654736, 0.9385779, 0.6737021, 0.6975612, 0.8387038],
      dtype=float32), 'accuracy': array([0.        , 0.8743883 , 0.        , 0.        , 0.93209875],
      dtype=float32), 'f1': {'micro': tensor(0.6310), 'macro': tensor(0.2920), 'none': tensor([0.0000, 0.8911, 0.0000, 0.0000, 0.5687])}}
Training : Epoch [7/50], Loss: 0.9142
Testing : Epoch [7/50], Loss: 1.1368, results: {'mAP': 0.27062526, 'mAR': 0.36739975, 'mAUC': 0.78976357, 'm_Accuracy': 0.36739975, 'ap': array([0.        , 0.94159293, 0.        , 0.        , 0.41153342],
      dtype=float32), 'ar': array([0.        , 0.86786294, 0.        , 0.        , 0.9691358 ],
      dtype=float32), 'auc': array([0.80229425, 0.94069064, 0.6635007 , 0.7070052 , 0.8353269 ],
      dtype=float32), 'accuracy': array([0.        , 0.86786294, 0.        , 0.        , 0.9691358 ],
      dtype=float32), 'f1': {'micro': tensor(0.6370), 'macro': tensor(0.2962), 'none': tensor([0.0000, 0.9032, 0.0000, 0.0000, 0.5777])}}
Training : Epoch [8/50], Loss: 0.8827
Testing : Epoch [8/50], Loss: 1.0969, results: {'mAP': 0.43583766, 'mAR': 0.40532345, 'mAUC': 0.8109293, 'm_Accuracy': 0.40532345, 'ap': array([0.7916667 , 0.94385964, 0.        , 0.        , 0.44366196],
      dtype=float32), 'ar': array([0.1767442, 0.8776509, 0.       , 0.       , 0.9722222],
      dtype=float32), 'auc': array([0.8266324 , 0.9491872 , 0.70471376, 0.7320308 , 0.84208226],
      dtype=float32), 'accuracy': array([0.1767442, 0.8776509, 0.       , 0.       , 0.9722222],
      dtype=float32), 'f1': {'micro': tensor(0.6709), 'macro': tensor(0.3616), 'none': tensor([0.2890, 0.9096, 0.0000, 0.0000, 0.6093])}}
Training : Epoch [9/50], Loss: 0.8481
Testing : Epoch [9/50], Loss: 1.0540, results: {'mAP': 0.4246162, 'mAR': 0.45037526, 'mAUC': 0.8179862, 'm_Accuracy': 0.45037526, 'ap': array([0.68939394, 0.9393414 , 0.        , 0.        , 0.49434572],
      dtype=float32), 'ar': array([0.4232558, 0.8841762, 0.       , 0.       , 0.9444444],
      dtype=float32), 'auc': array([0.8627803 , 0.95679396, 0.67305416, 0.7338246 , 0.8634782 ],
      dtype=float32), 'accuracy': array([0.4232558, 0.8841762, 0.       , 0.       , 0.9444444],
      dtype=float32), 'f1': {'micro': tensor(0.7071), 'macro': tensor(0.4169), 'none': tensor([0.5245, 0.9109, 0.0000, 0.0000, 0.6490])}}
Training : Epoch [10/50], Loss: 0.8175
Testing : Epoch [10/50], Loss: 1.0195, results: {'mAP': 0.4193213, 'mAR': 0.45838585, 'mAUC': 0.81580603, 'm_Accuracy': 0.45838585, 'ap': array([0.64102566, 0.94561404, 0.        , 0.        , 0.5099668 ],
      dtype=float32), 'ar': array([0.4651163 , 0.87928224, 0.        , 0.        , 0.94753087],
      dtype=float32), 'auc': array([0.8741386 , 0.9593972 , 0.64841145, 0.7284245 , 0.86865807],
      dtype=float32), 'accuracy': array([0.4651163 , 0.87928224, 0.        , 0.        , 0.94753087],
      dtype=float32), 'f1': {'micro': tensor(0.7123), 'macro': tensor(0.4227), 'none': tensor([0.5391, 0.9112, 0.0000, 0.0000, 0.6631])}}
Training : Epoch [11/50], Loss: 0.7854
Testing : Epoch [11/50], Loss: 0.9808, results: {'mAP': 0.4045651, 'mAR': 0.46475917, 'mAUC': 0.83204955, 'm_Accuracy': 0.46475917, 'ap': array([0.5495495, 0.9380379, 0.       , 0.       , 0.5352381],
      dtype=float32), 'ar': array([0.5674419 , 0.88907015, 0.        , 0.        , 0.86728394],
      dtype=float32), 'auc': array([0.8777868 , 0.96443033, 0.6903651 , 0.7562439 , 0.8714217 ],
      dtype=float32), 'accuracy': array([0.5674419 , 0.88907015, 0.        , 0.        , 0.86728394],
      dtype=float32), 'f1': {'micro': tensor(0.7139), 'macro': tensor(0.4266), 'none': tensor([0.5584, 0.9129, 0.0000, 0.0000, 0.6620])}}
Saving ./data/aug/0.005_0.0001_5/checkpoint_10.pt
Training : Epoch [12/50], Loss: 0.7615
Testing : Epoch [12/50], Loss: 0.9492, results: {'mAP': 0.4155094, 'mAR': 0.47767705, 'mAUC': 0.830324, 'm_Accuracy': 0.47767705, 'ap': array([0.59090906, 0.92845255, 0.        , 0.        , 0.5581854 ],
      dtype=float32), 'ar': array([0.60465115, 0.9102773 , 0.        , 0.        , 0.8734568 ],
      dtype=float32), 'auc': array([0.8785265, 0.9681858, 0.6777568, 0.7444686, 0.8826822],
      dtype=float32), 'accuracy': array([0.60465115, 0.9102773 , 0.        , 0.        , 0.8734568 ],
      dtype=float32), 'f1': {'micro': tensor(0.7312), 'macro': tensor(0.4396), 'none': tensor([0.5977, 0.9193, 0.0000, 0.0000, 0.6811])}}
Training : Epoch [13/50], Loss: 0.7321
Testing : Epoch [13/50], Loss: 0.9114, results: {'mAP': 0.4200562, 'mAR': 0.48298073, 'mAUC': 0.8440506, 'm_Accuracy': 0.48298073, 'ap': array([0.6       , 0.94754654, 0.        , 0.        , 0.5527344 ],
      dtype=float32), 'ar': array([0.627907  , 0.91353995, 0.        , 0.        , 0.8734568 ],
      dtype=float32), 'auc': array([0.89512527, 0.9732623 , 0.7008998 , 0.7606503 , 0.8903153 ],
      dtype=float32), 'accuracy': array([0.627907  , 0.91353995, 0.        , 0.        , 0.8734568 ],
      dtype=float32), 'f1': {'micro': tensor(0.7364), 'macro': tensor(0.4442), 'none': tensor([0.6136, 0.9302, 0.0000, 0.0000, 0.6770])}}
Training : Epoch [14/50], Loss: 0.7210
Testing : Epoch [14/50], Loss: 0.9024, results: {'mAP': 0.43296704, 'mAR': 0.47989196, 'mAUC': 0.8360459, 'm_Accuracy': 0.47989196, 'ap': array([0.6745562 , 0.94009984, 0.        , 0.        , 0.5501792 ],
      dtype=float32), 'ar': array([0.53023255, 0.9216966 , 0.        , 0.        , 0.94753087],
      dtype=float32), 'auc': array([0.89003116, 0.9727147 , 0.66653705, 0.7574127 , 0.8935339 ],
      dtype=float32), 'accuracy': array([0.53023255, 0.9216966 , 0.        , 0.        , 0.94753087],
      dtype=float32), 'f1': {'micro': tensor(0.7425), 'macro': tensor(0.4441), 'none': tensor([0.5938, 0.9308, 0.0000, 0.0000, 0.6961])}}
Training : Epoch [15/50], Loss: 0.6969
Testing : Epoch [15/50], Loss: 0.8760, results: {'mAP': 0.42216673, 'mAR': 0.4835988, 'mAUC': 0.85119456, 'm_Accuracy': 0.4835988, 'ap': array([0.5990566 , 0.94772345, 0.        , 0.        , 0.56405354],
      dtype=float32), 'ar': array([0.59069765, 0.9168026 , 0.        , 0.        , 0.91049385],
      dtype=float32), 'auc': array([0.8970434 , 0.9729474 , 0.7321151 , 0.759094  , 0.89477277],
      dtype=float32), 'accuracy': array([0.59069765, 0.9168026 , 0.        , 0.        , 0.91049385],
      dtype=float32), 'f1': {'micro': tensor(0.7410), 'macro': tensor(0.4447), 'none': tensor([0.5948, 0.9320, 0.0000, 0.0000, 0.6966])}}
Training : Epoch [16/50], Loss: 0.6867
Testing : Epoch [16/50], Loss: 0.8697, results: {'mAP': 0.4006626, 'mAR': 0.4659396, 'mAUC': 0.8536213, 'm_Accuracy': 0.4659396, 'ap': array([0.52208835, 0.9170654 , 0.        , 0.        , 0.5641593 ],
      dtype=float32), 'ar': array([0.60465115, 0.9380098 , 0.        , 0.        , 0.787037  ],
      dtype=float32), 'auc': array([0.8847949 , 0.97560316, 0.76729244, 0.7574877 , 0.8829282 ],
      dtype=float32), 'accuracy': array([0.60465115, 0.9380098 , 0.        , 0.        , 0.787037  ],
      dtype=float32), 'f1': {'micro': tensor(0.7229), 'macro': tensor(0.4290), 'none': tensor([0.5603, 0.9274, 0.0000, 0.0000, 0.6572])}}
Training : Epoch [17/50], Loss: 0.6708
Testing : Epoch [17/50], Loss: 0.8461, results: {'mAP': 0.42883387, 'mAR': 0.49292308, 'mAUC': 0.85649586, 'm_Accuracy': 0.49292308, 'ap': array([0.6272727 , 0.94463086, 0.        , 0.        , 0.5722656 ],
      dtype=float32), 'ar': array([0.6418605, 0.9184339, 0.       , 0.       , 0.904321 ],
      dtype=float32), 'auc': array([0.9007376 , 0.9772368 , 0.74464935, 0.76666915, 0.8931865 ],
      dtype=float32), 'accuracy': array([0.6418605, 0.9184339, 0.       , 0.       , 0.904321 ],
      dtype=float32), 'f1': {'micro': tensor(0.7485), 'macro': tensor(0.4534), 'none': tensor([0.6345, 0.9313, 0.0000, 0.0000, 0.7010])}}
Training : Epoch [18/50], Loss: 0.6644
Testing : Epoch [18/50], Loss: 0.8381, results: {'mAP': 0.4268911, 'mAR': 0.49087262, 'mAUC': 0.856229, 'm_Accuracy': 0.49087262, 'ap': array([0.6289593 , 0.9297386 , 0.        , 0.        , 0.57575756],
      dtype=float32), 'ar': array([0.6465116, 0.9282219, 0.       , 0.       , 0.8796296],
      dtype=float32), 'auc': array([0.90118057, 0.97977847, 0.73155963, 0.7715755 , 0.8970507 ],
      dtype=float32), 'accuracy': array([0.6465116, 0.9282219, 0.       , 0.       , 0.8796296],
      dtype=float32), 'f1': {'micro': tensor(0.7477), 'macro': tensor(0.4525), 'none': tensor([0.6376, 0.9290, 0.0000, 0.0000, 0.6960])}}
Training : Epoch [19/50], Loss: 0.6483
Testing : Epoch [19/50], Loss: 0.8236, results: {'mAP': 0.425731, 'mAR': 0.48655242, 'mAUC': 0.84124583, 'm_Accuracy': 0.48655242, 'ap': array([0.62085307, 0.94224423, 0.        , 0.        , 0.5655577 ],
      dtype=float32), 'ar': array([0.60930234, 0.9314845 , 0.        , 0.        , 0.8919753 ],
      dtype=float32), 'auc': array([0.8976995 , 0.97882706, 0.66998076, 0.77297556, 0.8867462 ],
      dtype=float32), 'accuracy': array([0.60930234, 0.9314845 , 0.        , 0.        , 0.8919753 ],
      dtype=float32), 'f1': {'micro': tensor(0.7462), 'macro': tensor(0.4488), 'none': tensor([0.6150, 0.9368, 0.0000, 0.0000, 0.6922])}}
Training : Epoch [20/50], Loss: 0.6376
Testing : Epoch [20/50], Loss: 0.8097, results: {'mAP': 0.42881078, 'mAR': 0.4850629, 'mAUC': 0.853924, 'm_Accuracy': 0.4850629, 'ap': array([0.6439791 , 0.9230769 , 0.        , 0.        , 0.57699805],
      dtype=float32), 'ar': array([0.572093  , 0.9396411 , 0.        , 0.        , 0.91358024],
      dtype=float32), 'auc': array([0.89963853, 0.98294985, 0.7128416 , 0.76855046, 0.90563977],
      dtype=float32), 'accuracy': array([0.572093  , 0.9396411 , 0.        , 0.        , 0.91358024],
      dtype=float32), 'f1': {'micro': tensor(0.7492), 'macro': tensor(0.4489), 'none': tensor([0.6059, 0.9313, 0.0000, 0.0000, 0.7073])}}
Training : Epoch [21/50], Loss: 0.6251
Testing : Epoch [21/50], Loss: 0.7961, results: {'mAP': 0.59148324, 'mAR': 0.50116986, 'mAUC': 0.8594739, 'm_Accuracy': 0.50116986, 'ap': array([0.5737052 , 0.96127945, 0.        , 0.8333333 , 0.5890985 ],
      dtype=float32), 'ar': array([0.66976744, 0.9314845 , 0.        , 0.03731343, 0.86728394],
      dtype=float32), 'auc': array([0.90866506, 0.9781951 , 0.7194697 , 0.7868384 , 0.9042011 ],
      dtype=float32), 'accuracy': array([0.66976744, 0.9314845 , 0.        , 0.03731343, 0.86728394],
      dtype=float32), 'f1': {'micro': tensor(0.7538), 'macro': tensor(0.4674), 'none': tensor([0.6180, 0.9461, 0.0000, 0.0714, 0.7016])}}
Saving ./data/aug/0.005_0.0001_5/checkpoint_20.pt
Training : Epoch [22/50], Loss: 0.6160
Testing : Epoch [22/50], Loss: 0.7857, results: {'mAP': 0.4773757, 'mAR': 0.49733868, 'mAUC': 0.85950696, 'm_Accuracy': 0.49733868, 'ap': array([0.5840336 , 0.9532554 , 0.        , 0.25      , 0.59958935],
      dtype=float32), 'ar': array([0.6465116 , 0.9314845 , 0.        , 0.00746269, 0.90123457],
      dtype=float32), 'auc': array([0.9046992 , 0.98009104, 0.7284122 , 0.77688193, 0.90745044],
      dtype=float32), 'accuracy': array([0.6465116 , 0.9314845 , 0.        , 0.00746269, 0.90123457],
      dtype=float32), 'f1': {'micro': tensor(0.7553), 'macro': tensor(0.4581), 'none': tensor([0.6137, 0.9422, 0.0000, 0.0145, 0.7201])}}
Training : Epoch [23/50], Loss: 0.6012
Testing : Epoch [23/50], Loss: 0.7681, results: {'mAP': 0.5093864, 'mAR': 0.5073757, 'mAUC': 0.8657292, 'm_Accuracy': 0.5073757, 'ap': array([0.62608695, 0.964467  , 0.        , 0.36363637, 0.5927419 ],
      dtype=float32), 'ar': array([0.66976744, 0.9298532 , 0.        , 0.02985075, 0.9074074 ],
      dtype=float32), 'auc': array([0.9132326 , 0.98103106, 0.7313005 , 0.7933261 , 0.90975606],
      dtype=float32), 'accuracy': array([0.66976744, 0.9298532 , 0.        , 0.02985075, 0.9074074 ],
      dtype=float32), 'f1': {'micro': tensor(0.7620), 'macro': tensor(0.4733), 'none': tensor([0.6472, 0.9468, 0.0000, 0.0552, 0.7171])}}
Training : Epoch [24/50], Loss: 0.5954
Testing : Epoch [24/50], Loss: 0.7617, results: {'mAP': 0.5597832, 'mAR': 0.51052684, 'mAUC': 0.8642416, 'm_Accuracy': 0.51052684, 'ap': array([0.66346157, 0.94545454, 0.        , 0.6       , 0.59      ],
      dtype=float32), 'ar': array([0.6418605 , 0.93311584, 0.        , 0.06716418, 0.91049385],
      dtype=float32), 'auc': array([0.9152427 , 0.97939974, 0.72174704, 0.7961449 , 0.90867394],
      dtype=float32), 'accuracy': array([0.6418605 , 0.93311584, 0.        , 0.06716418, 0.91049385],
      dtype=float32), 'f1': {'micro': tensor(0.7636), 'macro': tensor(0.4857), 'none': tensor([0.6525, 0.9392, 0.0000, 0.1208, 0.7160])}}
Training : Epoch [25/50], Loss: 0.5862
Testing : Epoch [25/50], Loss: 0.7590, results: {'mAP': 0.5851363, 'mAR': 0.5031542, 'mAUC': 0.8607138, 'm_Accuracy': 0.5031542, 'ap': array([0.62995595, 0.93564355, 0.        , 0.7777778 , 0.58230454],
      dtype=float32), 'ar': array([0.66511625, 0.92495924, 0.        , 0.05223881, 0.8734568 ],
      dtype=float32), 'auc': array([0.9114649 , 0.9774193 , 0.7137303 , 0.7962824 , 0.90467143],
      dtype=float32), 'accuracy': array([0.66511625, 0.92495924, 0.        , 0.05223881, 0.8734568 ],
      dtype=float32), 'f1': {'micro': tensor(0.7530), 'macro': tensor(0.4748), 'none': tensor([0.6471, 0.9303, 0.0000, 0.0979, 0.6988])}}
Training : Epoch [26/50], Loss: 0.5929
Testing : Epoch [26/50], Loss: 0.7607, results: {'mAP': 0.51533204, 'mAR': 0.51104486, 'mAUC': 0.8688637, 'm_Accuracy': 0.51104486, 'ap': array([0.5795918 , 0.956229  , 0.        , 0.43243244, 0.6084071 ],
      dtype=float32), 'ar': array([0.6604651 , 0.92659056, 0.        , 0.11940298, 0.84876543],
      dtype=float32), 'auc': array([0.9074824, 0.9801686, 0.7238206, 0.8239393, 0.9089076],
      dtype=float32), 'accuracy': array([0.6604651 , 0.92659056, 0.        , 0.11940298, 0.84876543],
      dtype=float32), 'f1': {'micro': tensor(0.7538), 'macro': tensor(0.4909), 'none': tensor([0.6174, 0.9412, 0.0000, 0.1871, 0.7088])}}
Training : Epoch [27/50], Loss: 0.5680
Testing : Epoch [27/50], Loss: 0.7307, results: {'mAP': 0.53737986, 'mAR': 0.5209071, 'mAUC': 0.8622875, 'm_Accuracy': 0.5209071, 'ap': array([0.6147541, 0.9521452, 0.       , 0.5      , 0.62     ],
      dtype=float32), 'ar': array([0.6976744 , 0.94127244, 0.        , 0.10447761, 0.8611111 ],
      dtype=float32), 'auc': array([0.91469526, 0.98117936, 0.6809783 , 0.8242019 , 0.91038316],
      dtype=float32), 'accuracy': array([0.6976744 , 0.94127244, 0.        , 0.10447761, 0.8611111 ],
      dtype=float32), 'f1': {'micro': tensor(0.7681), 'macro': tensor(0.4988), 'none': tensor([0.6536, 0.9467, 0.0000, 0.1728, 0.7209])}}
Training : Epoch [28/50], Loss: 0.5608
Testing : Epoch [28/50], Loss: 0.7266, results: {'mAP': 0.5314593, 'mAR': 0.52271855, 'mAUC': 0.8811305, 'm_Accuracy': 0.52271855, 'ap': array([0.55172414, 0.9662162 , 0.        , 0.51282054, 0.62653565],
      dtype=float32), 'ar': array([0.74418604, 0.93311584, 0.        , 0.14925373, 0.787037  ],
      dtype=float32), 'auc': array([0.91541404, 0.97978985, 0.7782345 , 0.8207705 , 0.9114437 ],
      dtype=float32), 'accuracy': array([0.74418604, 0.93311584, 0.        , 0.14925373, 0.787037  ],
      dtype=float32), 'f1': {'micro': tensor(0.7583), 'macro': tensor(0.5024), 'none': tensor([0.6337, 0.9494, 0.0000, 0.2312, 0.6977])}}
Training : Epoch [29/50], Loss: 0.5640
Testing : Epoch [29/50], Loss: 0.7245, results: {'mAP': 0.5296158, 'mAR': 0.51778734, 'mAUC': 0.8649872, 'm_Accuracy': 0.51778734, 'ap': array([0.64878047, 0.9414634 , 0.        , 0.44444445, 0.6133909 ],
      dtype=float32), 'ar': array([0.61860466, 0.9445351 , 0.        , 0.14925373, 0.8765432 ],
      dtype=float32), 'auc': array([0.8999436 , 0.98387843, 0.6836259 , 0.83952725, 0.9179609 ],
      dtype=float32), 'accuracy': array([0.61860466, 0.9445351 , 0.        , 0.14925373, 0.8765432 ],
      dtype=float32), 'f1': {'micro': tensor(0.7651), 'macro': tensor(0.5043), 'none': tensor([0.6333, 0.9430, 0.0000, 0.2235, 0.7217])}}
Training : Epoch [30/50], Loss: 0.5530
Testing : Epoch [30/50], Loss: 0.7145, results: {'mAP': 0.535614, 'mAR': 0.525066, 'mAUC': 0.8795754, 'm_Accuracy': 0.525066, 'ap': array([0.62995595, 0.96153843, 0.        , 0.47826087, 0.6083151 ],
      dtype=float32), 'ar': array([0.66511625, 0.9380098 , 0.        , 0.1641791 , 0.8580247 ],
      dtype=float32), 'auc': array([0.9120709 , 0.9843439 , 0.76408947, 0.8275269 , 0.9098452 ],
      dtype=float32), 'accuracy': array([0.66511625, 0.9380098 , 0.        , 0.1641791 , 0.8580247 ],
      dtype=float32), 'f1': {'micro': tensor(0.7666), 'macro': tensor(0.5106), 'none': tensor([0.6471, 0.9496, 0.0000, 0.2444, 0.7119])}}
Training : Epoch [31/50], Loss: 0.5491
Testing : Epoch [31/50], Loss: 0.7076, results: {'mAP': 0.5403617, 'mAR': 0.5306815, 'mAUC': 0.87668097, 'm_Accuracy': 0.5306815, 'ap': array([0.6167401 , 0.96644294, 0.        , 0.5       , 0.6186253 ],
      dtype=float32), 'ar': array([0.6511628 , 0.9396411 , 0.        , 0.20149253, 0.8611111 ],
      dtype=float32), 'auc': array([0.9131198 , 0.98611665, 0.7456306 , 0.82114553, 0.91739213],
      dtype=float32), 'accuracy': array([0.6511628 , 0.9396411 , 0.        , 0.20149253, 0.8611111 ],
      dtype=float32), 'f1': {'micro': tensor(0.7696), 'macro': tensor(0.5187), 'none': tensor([0.6335, 0.9529, 0.0000, 0.2872, 0.7200])}}
Saving ./data/aug/0.005_0.0001_5/checkpoint_30.pt
Training : Epoch [32/50], Loss: 0.5337
Testing : Epoch [32/50], Loss: 0.6975, results: {'mAP': 0.54445267, 'mAR': 0.5402194, 'mAUC': 0.87887776, 'm_Accuracy': 0.5402194, 'ap': array([0.5931559 , 0.94710743, 0.        , 0.53968257, 0.64231735],
      dtype=float32), 'ar': array([0.7255814 , 0.93474716, 0.        , 0.25373134, 0.787037  ],
      dtype=float32), 'auc': array([0.912401  , 0.98258936, 0.75192547, 0.8335083 , 0.9139645 ],
      dtype=float32), 'accuracy': array([0.7255814 , 0.93474716, 0.        , 0.25373134, 0.787037  ],
      dtype=float32), 'f1': {'micro': tensor(0.7666), 'macro': tensor(0.5292), 'none': tensor([0.6527, 0.9409, 0.0000, 0.3452, 0.7074])}}
Training : Epoch [33/50], Loss: 0.5314
Testing : Epoch [33/50], Loss: 0.6995, results: {'mAP': 0.5215261, 'mAR': 0.527471, 'mAUC': 0.8826969, 'm_Accuracy': 0.527471, 'ap': array([0.55185187, 0.9218501 , 0.        , 0.4625    , 0.67142856],
      dtype=float32), 'ar': array([0.69302326, 0.94290376, 0.        , 0.2761194 , 0.72530866],
      dtype=float32), 'auc': array([0.91210014, 0.9798994 , 0.78541803, 0.82327056, 0.9127963 ],
      dtype=float32), 'accuracy': array([0.69302326, 0.94290376, 0.        , 0.2761194 , 0.72530866],
      dtype=float32), 'f1': {'micro': tensor(0.7523), 'macro': tensor(0.5180), 'none': tensor([0.6144, 0.9323, 0.0000, 0.3458, 0.6973])}}
Training : Epoch [34/50], Loss: 0.5244
Testing : Epoch [34/50], Loss: 0.6822, results: {'mAP': 0.5470255, 'mAR': 0.53406286, 'mAUC': 0.890954, 'm_Accuracy': 0.53406286, 'ap': array([0.6223176 , 0.96147406, 0.        , 0.5294118 , 0.6219239 ],
      dtype=float32), 'ar': array([0.6744186 , 0.9363785 , 0.        , 0.20149253, 0.8580247 ],
      dtype=float32), 'auc': array([0.9170271 , 0.98518807, 0.78539956, 0.85019624, 0.9169587 ],
      dtype=float32), 'accuracy': array([0.6744186 , 0.9363785 , 0.        , 0.20149253, 0.8580247 ],
      dtype=float32), 'f1': {'micro': tensor(0.7711), 'macro': tensor(0.5218), 'none': tensor([0.6473, 0.9488, 0.0000, 0.2919, 0.7211])}}
Training : Epoch [35/50], Loss: 0.5164
Testing : Epoch [35/50], Loss: 0.6794, results: {'mAP': 0.5590733, 'mAR': 0.552118, 'mAUC': 0.8809358, 'm_Accuracy': 0.552118, 'ap': array([0.6633663 , 0.9579832 , 0.        , 0.54761904, 0.6263982 ],
      dtype=float32), 'ar': array([0.6232558 , 0.9298532 , 0.        , 0.3432836 , 0.86419755],
      dtype=float32), 'auc': array([0.9138344 , 0.98115194, 0.7493705 , 0.84381485, 0.9165068 ],
      dtype=float32), 'accuracy': array([0.6232558 , 0.9298532 , 0.        , 0.3432836 , 0.86419755],
      dtype=float32), 'f1': {'micro': tensor(0.7756), 'macro': tensor(0.5469), 'none': tensor([0.6427, 0.9437, 0.0000, 0.4220, 0.7263])}}
Training : Epoch [36/50], Loss: 0.5154
Testing : Epoch [36/50], Loss: 0.6776, results: {'mAP': 0.5440483, 'mAR': 0.5516089, 'mAUC': 0.8827747, 'm_Accuracy': 0.5516089, 'ap': array([0.62396693, 0.9459902 , 0.        , 0.4827586 , 0.66752577],
      dtype=float32), 'ar': array([0.7023256 , 0.94290376, 0.        , 0.31343284, 0.7993827 ],
      dtype=float32), 'auc': array([0.9129484 , 0.98207146, 0.76021993, 0.8391147 , 0.9195194 ],
      dtype=float32), 'accuracy': array([0.7023256 , 0.94290376, 0.        , 0.31343284, 0.7993827 ],
      dtype=float32), 'f1': {'micro': tensor(0.7756), 'macro': tensor(0.5426), 'none': tensor([0.6608, 0.9444, 0.0000, 0.3801, 0.7275])}}
Training : Epoch [37/50], Loss: 0.5174
Testing : Epoch [37/50], Loss: 0.6828, results: {'mAP': 0.7392354, 'mAR': 0.54278004, 'mAUC': 0.8751373, 'm_Accuracy': 0.54278004, 'ap': array([0.57768923, 0.9448052 , 1.        , 0.5138889 , 0.6597938 ],
      dtype=float32), 'ar': array([0.6744186 , 0.94942904, 0.02380952, 0.2761194 , 0.79012346],
      dtype=float32), 'auc': array([0.90483296, 0.98225623, 0.7497593 , 0.82618314, 0.91265494],
      dtype=float32), 'accuracy': array([0.6744186 , 0.94942904, 0.02380952, 0.2761194 , 0.79012346],
      dtype=float32), 'f1': {'micro': tensor(0.7688), 'macro': tensor(0.5389), 'none': tensor([0.6223, 0.9471, 0.0465, 0.3592, 0.7191])}}
Training : Epoch [38/50], Loss: 0.5109
Testing : Epoch [38/50], Loss: 0.6774, results: {'mAP': 0.5306131, 'mAR': 0.53440726, 'mAUC': 0.8819808, 'm_Accuracy': 0.53440726, 'ap': array([0.6101695 , 0.94527364, 0.        , 0.46835443, 0.6292683 ],
      dtype=float32), 'ar': array([0.66976744, 0.9298532 , 0.        , 0.2761194 , 0.7962963 ],
      dtype=float32), 'auc': array([0.9153388 , 0.98161286, 0.7702918 , 0.82758945, 0.9150712 ],
      dtype=float32), 'accuracy': array([0.66976744, 0.9298532 , 0.        , 0.2761194 , 0.7962963 ],
      dtype=float32), 'f1': {'micro': tensor(0.7598), 'macro': tensor(0.5253), 'none': tensor([0.6386, 0.9375, 0.0000, 0.3474, 0.7030])}}
Training : Epoch [39/50], Loss: 0.5113
Testing : Epoch [39/50], Loss: 0.6734, results: {'mAP': 0.546451, 'mAR': 0.5624777, 'mAUC': 0.8857214, 'm_Accuracy': 0.5624777, 'ap': array([0.60956174, 0.9583333 , 0.        , 0.48598132, 0.6783784 ],
      dtype=float32), 'ar': array([0.7116279 , 0.9380098 , 0.        , 0.3880597 , 0.77469134],
      dtype=float32), 'auc': array([0.9144821 , 0.9809215 , 0.78195584, 0.8302645 , 0.9209827 ],
      dtype=float32), 'accuracy': array([0.7116279 , 0.9380098 , 0.        , 0.3880597 , 0.77469134],
      dtype=float32), 'f1': {'micro': tensor(0.7764), 'macro': tensor(0.5519), 'none': tensor([0.6567, 0.9481, 0.0000, 0.4315, 0.7233])}}
Training : Epoch [40/50], Loss: 0.5031
Testing : Epoch [40/50], Loss: 0.6682, results: {'mAP': 0.5240448, 'mAR': 0.5366773, 'mAUC': 0.8850161, 'm_Accuracy': 0.5366773, 'ap': array([0.5984252 , 0.93485343, 0.        , 0.44329897, 0.6436464 ],
      dtype=float32), 'ar': array([0.7069768 , 0.9363785 , 0.        , 0.32089552, 0.7191358 ],
      dtype=float32), 'auc': array([0.92227584, 0.9810949 , 0.7680886 , 0.8427461 , 0.910875  ],
      dtype=float32), 'accuracy': array([0.7069768 , 0.9363785 , 0.        , 0.32089552, 0.7191358 ],
      dtype=float32), 'f1': {'micro': tensor(0.7545), 'macro': tensor(0.5271), 'none': tensor([0.6482, 0.9356, 0.0000, 0.3723, 0.6793])}}
Training : Epoch [41/50], Loss: 0.4946
Testing : Epoch [41/50], Loss: 0.6529, results: {'mAP': 0.7445572, 'mAR': 0.5574972, 'mAUC': 0.88416547, 'm_Accuracy': 0.5574972, 'ap': array([0.61354584, 0.95348835, 1.        , 0.49425286, 0.6614987 ],
      dtype=float32), 'ar': array([0.7162791 , 0.9363785 , 0.02380952, 0.32089552, 0.79012346],
      dtype=float32), 'auc': array([0.92146933, 0.9831027 , 0.7545916 , 0.8411023 , 0.92056155],
      dtype=float32), 'accuracy': array([0.7162791 , 0.9363785 , 0.02380952, 0.32089552, 0.79012346],
      dtype=float32), 'f1': {'micro': tensor(0.7741), 'macro': tensor(0.5523), 'none': tensor([0.6609, 0.9449, 0.0465, 0.3891, 0.7201])}}
Saving ./data/aug/0.005_0.0001_5/checkpoint_40.pt
Training : Epoch [42/50], Loss: 0.5044
Testing : Epoch [42/50], Loss: 0.6700, results: {'mAP': 0.5428876, 'mAR': 0.5415603, 'mAUC': 0.87969095, 'm_Accuracy': 0.5415603, 'ap': array([0.5868726 , 0.95507485, 0.        , 0.53521127, 0.63727957],
      dtype=float32), 'ar': array([0.7069768, 0.9363785, 0.       , 0.2835821, 0.7808642],
      dtype=float32), 'auc': array([0.91106373, 0.98044014, 0.76919943, 0.82592064, 0.9118311 ],
      dtype=float32), 'accuracy': array([0.7069768, 0.9363785, 0.       , 0.2835821, 0.7808642],
      dtype=float32), 'f1': {'micro': tensor(0.7658), 'macro': tensor(0.5319), 'none': tensor([0.6414, 0.9456, 0.0000, 0.3707, 0.7018])}}
Training : Epoch [43/50], Loss: 0.4977
Testing : Epoch [43/50], Loss: 0.6591, results: {'mAP': 0.5474753, 'mAR': 0.54520905, 'mAUC': 0.8875348, 'm_Accuracy': 0.54520905, 'ap': array([0.61885244, 0.9440789 , 0.        , 0.53424656, 0.6401985 ],
      dtype=float32), 'ar': array([0.7023256 , 0.9363785 , 0.        , 0.29104477, 0.7962963 ],
      dtype=float32), 'auc': array([0.9178336 , 0.9837233 , 0.7790861 , 0.8416523 , 0.91537863],
      dtype=float32), 'accuracy': array([0.7023256 , 0.9363785 , 0.        , 0.29104477, 0.7962963 ],
      dtype=float32), 'f1': {'micro': tensor(0.7696), 'macro': tensor(0.5369), 'none': tensor([0.6580, 0.9402, 0.0000, 0.3768, 0.7098])}}
Training : Epoch [44/50], Loss: 0.5017
Testing : Epoch [44/50], Loss: 0.6605, results: {'mAP': 0.54488206, 'mAR': 0.5525842, 'mAUC': 0.8765402, 'm_Accuracy': 0.5525842, 'ap': array([0.61440676, 0.94942904, 0.        , 0.5       , 0.66057444],
      dtype=float32), 'ar': array([0.6744186 , 0.94942904, 0.        , 0.35820895, 0.7808642 ],
      dtype=float32), 'auc': array([0.9200443 , 0.98306394, 0.7286899 , 0.8309958 , 0.9199068 ],
      dtype=float32), 'accuracy': array([0.6744186 , 0.94942904, 0.        , 0.35820895, 0.7808642 ],
      dtype=float32), 'f1': {'micro': tensor(0.7741), 'macro': tensor(0.5451), 'none': tensor([0.6430, 0.9494, 0.0000, 0.4174, 0.7157])}}
