Train size = 5308, Test size = 1328
Classes : ['affected', 'destroyed', 'major', 'minor', 'no_damage']
Training : Epoch [1/50], Loss: 1.4003
Testing : Epoch [1/50], Loss: 1.7253, results: {'mAP': 0.09231928, 'mAR': 0.2, 'mAUC': 0.70120084, 'm_Accuracy': 0.2, 'ap': array([0.       , 0.4615964, 0.       , 0.       , 0.       ],
      dtype=float32), 'ar': array([0., 1., 0., 0., 0.], dtype=float32), 'auc': array([0.70153993, 0.8937656 , 0.6499482 , 0.55016375, 0.71058667],
      dtype=float32), 'accuracy': array([0., 1., 0., 0., 0.], dtype=float32), 'f1': {'micro': tensor(0.4616), 'macro': tensor(0.1263), 'none': tensor([0.0000, 0.6316, 0.0000, 0.0000, 0.0000])}}
Saving ./data/aug/0.05_0.001_5/checkpoint_0.pt
Training : Epoch [2/50], Loss: 1.0257
Testing : Epoch [2/50], Loss: 1.2507, results: {'mAP': 0.26669335, 'mAR': 0.36623567, 'mAUC': 0.78913695, 'm_Accuracy': 0.36623567, 'ap': array([0.        , 0.9162393 , 0.        , 0.        , 0.41722745],
      dtype=float32), 'ar': array([0.        , 0.8743883 , 0.        , 0.        , 0.95679015],
      dtype=float32), 'auc': array([0.80669886, 0.9384045 , 0.65829813, 0.7137241 , 0.8285592 ],
      dtype=float32), 'accuracy': array([0.        , 0.8743883 , 0.        , 0.        , 0.95679015],
      dtype=float32), 'f1': {'micro': tensor(0.6370), 'macro': tensor(0.2952), 'none': tensor([0.0000, 0.8948, 0.0000, 0.0000, 0.5811])}}
Training : Epoch [3/50], Loss: 0.8401
Testing : Epoch [3/50], Loss: 1.0411, results: {'mAP': 0.40427858, 'mAR': 0.45388776, 'mAUC': 0.82325566, 'm_Accuracy': 0.45388776, 'ap': array([0.59090906, 0.88801265, 0.        , 0.        , 0.54247105],
      dtype=float32), 'ar': array([0.48372093, 0.9184339 , 0.        , 0.        , 0.86728394],
      dtype=float32), 'auc': array([0.87410516, 0.96784586, 0.6592794 , 0.7384122 , 0.87663543],
      dtype=float32), 'accuracy': array([0.48372093, 0.9184339 , 0.        , 0.        , 0.86728394],
      dtype=float32), 'f1': {'micro': tensor(0.7139), 'macro': tensor(0.4205), 'none': tensor([0.5320, 0.9030, 0.0000, 0.0000, 0.6675])}}
Training : Epoch [4/50], Loss: 0.7717
Testing : Epoch [4/50], Loss: 0.9576, results: {'mAP': 0.41233826, 'mAR': 0.47165927, 'mAUC': 0.84370786, 'm_Accuracy': 0.47165927, 'ap': array([0.5873786, 0.9031746, 0.       , 0.       , 0.5711382],
      dtype=float32), 'ar': array([0.5627907 , 0.9282219 , 0.        , 0.        , 0.86728394],
      dtype=float32), 'auc': array([0.88526714, 0.97231543, 0.7289121 , 0.7470874 , 0.8849571 ],
      dtype=float32), 'accuracy': array([0.5627907 , 0.9282219 , 0.        , 0.        , 0.86728394],
      dtype=float32), 'f1': {'micro': tensor(0.7312), 'macro': tensor(0.4358), 'none': tensor([0.5748, 0.9155, 0.0000, 0.0000, 0.6887])}}
Training : Epoch [5/50], Loss: 0.7232
Testing : Epoch [5/50], Loss: 0.9149, results: {'mAP': 0.52999634, 'mAR': 0.47105187, 'mAUC': 0.8435749, 'm_Accuracy': 0.47105187, 'ap': array([0.47692308, 0.92045456, 0.        , 0.6666667 , 0.5859375 ],
      dtype=float32), 'ar': array([0.7209302 , 0.92495924, 0.        , 0.01492537, 0.6944444 ],
      dtype=float32), 'auc': array([0.89165676, 0.97086436, 0.70389915, 0.7602627 , 0.8911914 ],
      dtype=float32), 'accuracy': array([0.7209302 , 0.92495924, 0.        , 0.01492537, 0.6944444 ],
      dtype=float32), 'f1': {'micro': tensor(0.7146), 'macro': tensor(0.4323), 'none': tensor([0.5741, 0.9227, 0.0000, 0.0292, 0.6356])}}
Training : Epoch [6/50], Loss: 0.6961
Testing : Epoch [6/50], Loss: 0.8720, results: {'mAP': 0.57823753, 'mAR': 0.51959497, 'mAUC': 0.876243, 'm_Accuracy': 0.51959497, 'ap': array([0.52684563, 0.9574106 , 0.        , 0.77272725, 0.63420427],
      dtype=float32), 'ar': array([0.73023254, 0.9168026 , 0.        , 0.12686567, 0.8240741 ],
      dtype=float32), 'auc': array([0.89477426, 0.9734357 , 0.82709396, 0.78038204, 0.90552914],
      dtype=float32), 'accuracy': array([0.73023254, 0.9168026 , 0.        , 0.12686567, 0.8240741 ],
      dtype=float32), 'f1': {'micro': tensor(0.7553), 'macro': tensor(0.4967), 'none': tensor([0.6121, 0.9367, 0.0000, 0.2179, 0.7168])}}
Training : Epoch [7/50], Loss: 0.6505
Testing : Epoch [7/50], Loss: 0.8182, results: {'mAP': 0.51044196, 'mAR': 0.51729095, 'mAUC': 0.8741994, 'm_Accuracy': 0.51729095, 'ap': array([0.568     , 0.90625   , 0.        , 0.43023255, 0.64772725],
      dtype=float32), 'ar': array([0.6604651, 0.9461664, 0.       , 0.2761194, 0.7037037],
      dtype=float32), 'auc': array([0.8999018 , 0.98032147, 0.775735  , 0.8062389 , 0.9088    ],
      dtype=float32), 'accuracy': array([0.6604651, 0.9461664, 0.       , 0.2761194, 0.7037037],
      dtype=float32), 'f1': {'micro': tensor(0.7432), 'macro': tensor(0.5095), 'none': tensor([0.6108, 0.9258, 0.0000, 0.3364, 0.6746])}}
Training : Epoch [8/50], Loss: 0.6182
Testing : Epoch [8/50], Loss: 0.7936, results: {'mAP': 0.54446703, 'mAR': 0.50045156, 'mAUC': 0.858008, 'm_Accuracy': 0.50045156, 'ap': array([0.64220184, 0.83921015, 0.        , 0.5769231 , 0.664     ],
      dtype=float32), 'ar': array([0.6511628, 0.9706362, 0.       , 0.1119403, 0.7685185],
      dtype=float32), 'auc': array([0.89120126, 0.9794111 , 0.74185365, 0.7726568 , 0.90491736],
      dtype=float32), 'accuracy': array([0.6511628, 0.9706362, 0.       , 0.1119403, 0.7685185],
      dtype=float32), 'f1': {'micro': tensor(0.7523), 'macro': tensor(0.4893), 'none': tensor([0.6467, 0.9002, 0.0000, 0.1875, 0.7124])}}
Training : Epoch [9/50], Loss: 0.6074
Testing : Epoch [9/50], Loss: 0.7666, results: {'mAP': 0.54367566, 'mAR': 0.53373593, 'mAUC': 0.88765323, 'm_Accuracy': 0.53373593, 'ap': array([0.58984375, 0.92834395, 0.        , 0.54385966, 0.65633076],
      dtype=float32), 'ar': array([0.7023256 , 0.95106035, 0.        , 0.23134328, 0.7839506 ],
      dtype=float32), 'auc': array([0.9132786 , 0.9822083 , 0.82452047, 0.8020013 , 0.9162578 ],
      dtype=float32), 'accuracy': array([0.7023256 , 0.95106035, 0.        , 0.23134328, 0.7839506 ],
      dtype=float32), 'f1': {'micro': tensor(0.7673), 'macro': tensor(0.5240), 'none': tensor([0.6412, 0.9396, 0.0000, 0.3246, 0.7145])}}
Training : Epoch [10/50], Loss: 0.5561
Testing : Epoch [10/50], Loss: 0.7397, results: {'mAP': 0.53753364, 'mAR': 0.47866744, 'mAUC': 0.88114995, 'm_Accuracy': 0.47866744, 'ap': array([0.71428573, 0.78835976, 0.        , 0.5365854 , 0.6484375 ],
      dtype=float32), 'ar': array([0.4883721, 0.9722675, 0.       , 0.1641791, 0.7685185],
      dtype=float32), 'auc': array([0.8953718 , 0.97923774, 0.8064689 , 0.809339  , 0.9153325 ],
      dtype=float32), 'accuracy': array([0.4883721, 0.9722675, 0.       , 0.1641791, 0.7685185],
      dtype=float32), 'f1': {'micro': tensor(0.7319), 'macro': tensor(0.4811), 'none': tensor([0.5801, 0.8707, 0.0000, 0.2514, 0.7034])}}
Training : Epoch [11/50], Loss: 0.5357
Testing : Epoch [11/50], Loss: 0.6921, results: {'mAP': 0.6764574, 'mAR': 0.561124, 'mAUC': 0.89560634, 'm_Accuracy': 0.561124, 'ap': array([0.6008065, 0.9201878, 0.6      , 0.5753425, 0.6859504],
      dtype=float32), 'ar': array([0.69302326, 0.95921695, 0.07142857, 0.31343284, 0.7685185 ],
      dtype=float32), 'auc': array([0.911536  , 0.9854778 , 0.820003  , 0.84750867, 0.91350645],
      dtype=float32), 'accuracy': array([0.69302326, 0.95921695, 0.07142857, 0.31343284, 0.7685185 ],
      dtype=float32), 'f1': {'micro': tensor(0.7764), 'macro': tensor(0.5683), 'none': tensor([0.6436, 0.9393, 0.1277, 0.4058, 0.7249])}}
Saving ./data/aug/0.05_0.001_5/checkpoint_10.pt
Training : Epoch [12/50], Loss: 0.4904
Testing : Epoch [12/50], Loss: 0.6583, results: {'mAP': 0.65240157, 'mAR': 0.5585429, 'mAUC': 0.8916855, 'm_Accuracy': 0.5585429, 'ap': array([0.70857143, 0.8865355 , 0.44444445, 0.55      , 0.67245656],
      dtype=float32), 'ar': array([0.5767442 , 0.9559543 , 0.0952381 , 0.3283582 , 0.83641976],
      dtype=float32), 'auc': array([0.91222966, 0.9832282 , 0.8201511 , 0.81690794, 0.92591053],
      dtype=float32), 'accuracy': array([0.5767442 , 0.9559543 , 0.0952381 , 0.3283582 , 0.83641976],
      dtype=float32), 'f1': {'micro': tensor(0.7748), 'macro': tensor(0.5739), 'none': tensor([0.6359, 0.9199, 0.1569, 0.4112, 0.7455])}}
Training : Epoch [13/50], Loss: 0.4809
Testing : Epoch [13/50], Loss: 0.6713, results: {'mAP': 0.55968493, 'mAR': 0.5145764, 'mAUC': 0.87112534, 'm_Accuracy': 0.5145764, 'ap': array([0.7430556 , 0.8899371 , 0.        , 0.56666666, 0.59876543],
      dtype=float32), 'ar': array([0.4976744 , 0.9233279 , 0.        , 0.25373134, 0.8981481 ],
      dtype=float32), 'auc': array([0.8647569 , 0.9714348 , 0.80907947, 0.8074702 , 0.9028854 ],
      dtype=float32), 'accuracy': array([0.4976744 , 0.9233279 , 0.        , 0.25373134, 0.8981481 ],
      dtype=float32), 'f1': {'micro': tensor(0.7515), 'macro': tensor(0.5143), 'none': tensor([0.5961, 0.9063, 0.0000, 0.3505, 0.7185])}}
Training : Epoch [14/50], Loss: 0.4838
Testing : Epoch [14/50], Loss: 0.6560, results: {'mAP': 0.59635925, 'mAR': 0.5707713, 'mAUC': 0.88638896, 'm_Accuracy': 0.5707713, 'ap': array([0.56390977, 0.90600926, 0.21428572, 0.57894737, 0.7186441 ],
      dtype=float32), 'ar': array([0.6976744 , 0.95921695, 0.21428572, 0.3283582 , 0.654321  ],
      dtype=float32), 'auc': array([0.89967614, 0.9827217 , 0.83746207, 0.82264555, 0.88943917],
      dtype=float32), 'accuracy': array([0.6976744 , 0.95921695, 0.21428572, 0.3283582 , 0.654321  ],
      dtype=float32), 'f1': {'micro': tensor(0.7553), 'macro': tensor(0.5748), 'none': tensor([0.6237, 0.9319, 0.2143, 0.4190, 0.6850])}}
Training : Epoch [15/50], Loss: 0.3861
Testing : Epoch [15/50], Loss: 0.5550, results: {'mAP': 0.6266779, 'mAR': 0.5970782, 'mAUC': 0.90594864, 'm_Accuracy': 0.5970782, 'ap': array([0.6       , 0.9704861 , 0.26666668, 0.6       , 0.69623655],
      dtype=float32), 'ar': array([0.75348836, 0.9119086 , 0.0952381 , 0.42537314, 0.7993827 ],
      dtype=float32), 'auc': array([0.9201195 , 0.98078233, 0.84020215, 0.8610715 , 0.9275675 ],
      dtype=float32), 'accuracy': array([0.75348836, 0.9119086 , 0.0952381 , 0.42537314, 0.7993827 ],
      dtype=float32), 'f1': {'micro': tensor(0.7839), 'macro': tensor(0.5981), 'none': tensor([0.6680, 0.9403, 0.1404, 0.4978, 0.7443])}}
Training : Epoch [16/50], Loss: 0.3812
Testing : Epoch [16/50], Loss: 0.5545, results: {'mAP': 0.6318089, 'mAR': 0.5741272, 'mAUC': 0.8981783, 'm_Accuracy': 0.5741272, 'ap': array([0.53015876, 0.92527825, 0.4117647 , 0.56962025, 0.7222222 ],
      dtype=float32), 'ar': array([0.7767442 , 0.94942904, 0.16666667, 0.33582088, 0.6419753 ],
      dtype=float32), 'auc': array([0.9075158 , 0.9828243 , 0.87717545, 0.8537401 , 0.86963564],
      dtype=float32), 'accuracy': array([0.7767442 , 0.94942904, 0.16666667, 0.33582088, 0.6419753 ],
      dtype=float32), 'f1': {'micro': tensor(0.7598), 'macro': tensor(0.5814), 'none': tensor([0.6302, 0.9372, 0.2373, 0.4225, 0.6797])}}
Training : Epoch [17/50], Loss: 0.3294
Testing : Epoch [17/50], Loss: 0.4985, results: {'mAP': 0.63716495, 'mAR': 0.59773755, 'mAUC': 0.9109461, 'm_Accuracy': 0.59773755, 'ap': array([0.58778626, 0.95364237, 0.23684211, 0.6984127 , 0.70914125],
      dtype=float32), 'ar': array([0.7162791 , 0.9396411 , 0.21428572, 0.3283582 , 0.79012346],
      dtype=float32), 'auc': array([0.915134  , 0.9833719 , 0.8685662 , 0.86767167, 0.9199867 ],
      dtype=float32), 'accuracy': array([0.7162791 , 0.9396411 , 0.21428572, 0.3283582 , 0.79012346],
      dtype=float32), 'f1': {'micro': tensor(0.7824), 'macro': tensor(0.6023), 'none': tensor([0.6457, 0.9466, 0.2250, 0.4467, 0.7474])}}
Training : Epoch [18/50], Loss: 0.3102
Testing : Epoch [18/50], Loss: 0.4956, results: {'mAP': 0.5996366, 'mAR': 0.5775496, 'mAUC': 0.90253705, 'm_Accuracy': 0.5775496, 'ap': array([0.55333334, 0.9808696 , 0.25      , 0.49579832, 0.7181818 ],
      dtype=float32), 'ar': array([0.772093  , 0.9200652 , 0.02380952, 0.4402985 , 0.7314815 ],
      dtype=float32), 'auc': array([0.9175035 , 0.9815375 , 0.82872325, 0.86833423, 0.91658676],
      dtype=float32), 'accuracy': array([0.772093  , 0.9200652 , 0.02380952, 0.4402985 , 0.7314815 ],
      dtype=float32), 'f1': {'micro': tensor(0.7733), 'macro': tensor(0.5658), 'none': tensor([0.6447, 0.9495, 0.0435, 0.4664, 0.7248])}}
Training : Epoch [19/50], Loss: 0.2852
Testing : Epoch [19/50], Loss: 0.4710, results: {'mAP': 0.66713464, 'mAR': 0.58867466, 'mAUC': 0.89994985, 'm_Accuracy': 0.58867466, 'ap': array([0.73595506, 0.96592844, 0.3181818 , 0.6885246 , 0.62708336],
      dtype=float32), 'ar': array([0.60930234, 0.92495924, 0.16666667, 0.31343284, 0.92901236],
      dtype=float32), 'auc': array([0.91509223, 0.97927654, 0.84014666, 0.83642715, 0.92880636],
      dtype=float32), 'accuracy': array([0.60930234, 0.92495924, 0.16666667, 0.31343284, 0.92901236],
      dtype=float32), 'f1': {'micro': tensor(0.7892), 'macro': tensor(0.6020), 'none': tensor([0.6667, 0.9450, 0.2188, 0.4308, 0.7488])}}
Training : Epoch [20/50], Loss: 0.2524
Testing : Epoch [20/50], Loss: 0.4244, results: {'mAP': 0.63415784, 'mAR': 0.629838, 'mAUC': 0.9111107, 'm_Accuracy': 0.629838, 'ap': array([0.7076023 , 0.96277493, 0.29090908, 0.5229358 , 0.6865672 ],
      dtype=float32), 'ar': array([0.5627907 , 0.9282219 , 0.3809524 , 0.42537314, 0.8518519 ],
      dtype=float32), 'auc': array([0.9166134, 0.9836982, 0.8674369, 0.860059 , 0.9277458],
      dtype=float32), 'accuracy': array([0.5627907 , 0.9282219 , 0.3809524 , 0.42537314, 0.8518519 ],
      dtype=float32), 'f1': {'micro': tensor(0.7824), 'macro': tensor(0.6263), 'none': tensor([0.6269, 0.9452, 0.3299, 0.4691, 0.7603])}}
Training : Epoch [21/50], Loss: 0.2324
Testing : Epoch [21/50], Loss: 0.4268, results: {'mAP': 0.62337416, 'mAR': 0.59973043, 'mAUC': 0.8995713, 'm_Accuracy': 0.59973043, 'ap': array([0.71779144, 0.91575664, 0.375     , 0.37988827, 0.7284345 ],
      dtype=float32), 'ar': array([0.54418606, 0.95758563, 0.2857143 , 0.5074627 , 0.7037037 ],
      dtype=float32), 'auc': array([0.9057523 , 0.9830069 , 0.8444975 , 0.85300255, 0.91159743],
      dtype=float32), 'accuracy': array([0.54418606, 0.95758563, 0.2857143 , 0.5074627 , 0.7037037 ],
      dtype=float32), 'f1': {'micro': tensor(0.7620), 'macro': tensor(0.6060), 'none': tensor([0.6190, 0.9362, 0.3243, 0.4345, 0.7159])}}
Saving ./data/aug/0.05_0.001_5/checkpoint_20.pt
Training : Epoch [22/50], Loss: 0.1860
Testing : Epoch [22/50], Loss: 0.3771, results: {'mAP': 0.63017803, 'mAR': 0.59440315, 'mAUC': 0.90732706, 'm_Accuracy': 0.59440315, 'ap': array([0.6037037 , 0.9570248 , 0.26666668, 0.6268657 , 0.6966292 ],
      dtype=float32), 'ar': array([0.75813955, 0.9445351 , 0.1904762 , 0.31343284, 0.7654321 ],
      dtype=float32), 'auc': array([0.91846883, 0.98536146, 0.8421277 , 0.8740906 , 0.91658676],
      dtype=float32), 'accuracy': array([0.75813955, 0.9445351 , 0.1904762 , 0.31343284, 0.7654321 ],
      dtype=float32), 'f1': {'micro': tensor(0.7831), 'macro': tensor(0.5985), 'none': tensor([0.6722, 0.9507, 0.2222, 0.4179, 0.7294])}}
Training : Epoch [23/50], Loss: 0.1697
Testing : Epoch [23/50], Loss: 0.3834, results: {'mAP': 0.6164026, 'mAR': 0.5947148, 'mAUC': 0.8916667, 'm_Accuracy': 0.5947148, 'ap': array([0.6210046 , 0.93719804, 0.3448276 , 0.4642857 , 0.7146974 ],
      dtype=float32), 'ar': array([0.63255817, 0.94942904, 0.23809524, 0.3880597 , 0.7654321 ],
      dtype=float32), 'auc': array([0.90354586, 0.9819391 , 0.8369807 , 0.8316208 , 0.9042472 ],
      dtype=float32), 'accuracy': array([0.63255817, 0.94942904, 0.23809524, 0.3880597 , 0.7654321 ],
      dtype=float32), 'f1': {'micro': tensor(0.7741), 'macro': tensor(0.6027), 'none': tensor([0.6267, 0.9433, 0.2817, 0.4228, 0.7392])}}
Training : Epoch [24/50], Loss: 0.1365
Testing : Epoch [24/50], Loss: 0.3300, results: {'mAP': 0.6476428, 'mAR': 0.64056146, 'mAUC': 0.89898336, 'm_Accuracy': 0.64056146, 'ap': array([0.6635071 , 0.92175275, 0.29787233, 0.5811966 , 0.77388537],
      dtype=float32), 'ar': array([0.6511628 , 0.9608483 , 0.33333334, 0.5074627 , 0.75      ],
      dtype=float32), 'auc': array([0.91948014, 0.98422295, 0.8162075 , 0.8611278 , 0.91387844],
      dtype=float32), 'accuracy': array([0.6511628 , 0.9608483 , 0.33333334, 0.5074627 , 0.75      ],
      dtype=float32), 'f1': {'micro': tensor(0.7937), 'macro': tensor(0.6433), 'none': tensor([0.6573, 0.9409, 0.3146, 0.5418, 0.7618])}}
Training : Epoch [25/50], Loss: 0.1330
Testing : Epoch [25/50], Loss: 0.3345, results: {'mAP': 0.65209126, 'mAR': 0.6005842, 'mAUC': 0.8922659, 'm_Accuracy': 0.6005842, 'ap': array([0.71428573, 0.9370968 , 0.42105263, 0.5043478 , 0.68367344],
      dtype=float32), 'ar': array([0.60465115, 0.9477977 , 0.1904762 , 0.43283582, 0.8271605 ],
      dtype=float32), 'auc': array([0.92169917, 0.98559415, 0.8093942 , 0.81281406, 0.93182826],
      dtype=float32), 'accuracy': array([0.60465115, 0.9477977 , 0.1904762 , 0.43283582, 0.8271605 ],
      dtype=float32), 'f1': {'micro': tensor(0.7869), 'macro': tensor(0.6148), 'none': tensor([0.6549, 0.9424, 0.2623, 0.4659, 0.7486])}}
Training : Epoch [26/50], Loss: 0.1067
Testing : Epoch [26/50], Loss: 0.3514, results: {'mAP': 0.59523046, 'mAR': 0.57508814, 'mAUC': 0.8726322, 'm_Accuracy': 0.57508814, 'ap': array([0.6315789 , 0.9315961 , 0.23809524, 0.4789916 , 0.6958904 ],
      dtype=float32), 'ar': array([0.6139535 , 0.93311584, 0.11904762, 0.42537314, 0.7839506 ],
      dtype=float32), 'auc': array([0.90098417, 0.9788795 , 0.7954714 , 0.76640666, 0.92141926],
      dtype=float32), 'accuracy': array([0.6139535 , 0.93311584, 0.11904762, 0.42537314, 0.7839506 ],
      dtype=float32), 'f1': {'micro': tensor(0.7681), 'macro': tensor(0.5803), 'none': tensor([0.6226, 0.9324, 0.1587, 0.4506, 0.7373])}}
Training : Epoch [27/50], Loss: 0.1001
Testing : Epoch [27/50], Loss: 0.3356, results: {'mAP': 0.5958359, 'mAR': 0.57984626, 'mAUC': 0.8976283, 'm_Accuracy': 0.57984626, 'ap': array([0.56122446, 0.9658703 , 0.16129032, 0.5584416 , 0.7323529 ],
      dtype=float32), 'ar': array([0.76744187, 0.9233279 , 0.11904762, 0.32089552, 0.7685185 ],
      dtype=float32), 'auc': array([0.91724443, 0.98341984, 0.8508294 , 0.8217643 , 0.9148837 ],
      dtype=float32), 'accuracy': array([0.76744187, 0.9233279 , 0.11904762, 0.32089552, 0.7685185 ],
      dtype=float32), 'f1': {'micro': tensor(0.7741), 'macro': tensor(0.5774), 'none': tensor([0.6483, 0.9441, 0.1370, 0.4076, 0.7500])}}
Training : Epoch [28/50], Loss: 0.0777
Testing : Epoch [28/50], Loss: 0.3186, results: {'mAP': 0.61219424, 'mAR': 0.5816843, 'mAUC': 0.89156467, 'm_Accuracy': 0.5816843, 'ap': array([0.5877193 , 0.9508197 , 0.4117647 , 0.38121548, 0.7294521 ],
      dtype=float32), 'ar': array([0.6232558 , 0.9461664 , 0.16666667, 0.51492536, 0.6574074 ],
      dtype=float32), 'auc': array([0.90808415, 0.98399025, 0.8017107 , 0.8441836 , 0.9198545 ],
      dtype=float32), 'accuracy': array([0.6232558 , 0.9461664 , 0.16666667, 0.51492536, 0.6574074 ],
      dtype=float32), 'f1': {'micro': tensor(0.7553), 'macro': tensor(0.5841), 'none': tensor([0.6050, 0.9485, 0.2373, 0.4381, 0.6916])}}
Training : Epoch [29/50], Loss: 0.0795
Testing : Epoch [29/50], Loss: 0.3101, results: {'mAP': 0.6328589, 'mAR': 0.6054486, 'mAUC': 0.89432365, 'm_Accuracy': 0.6054486, 'ap': array([0.6306306 , 0.9461664 , 0.32258064, 0.5638298 , 0.70108694],
      dtype=float32), 'ar': array([0.6511628 , 0.9461664 , 0.23809524, 0.3955224 , 0.7962963 ],
      dtype=float32), 'auc': array([0.9100399 , 0.9831027 , 0.7987299 , 0.8461587 , 0.93358666],
      dtype=float32), 'accuracy': array([0.6511628 , 0.9461664 , 0.23809524, 0.3955224 , 0.7962963 ],
      dtype=float32), 'f1': {'micro': tensor(0.7839), 'macro': tensor(0.6143), 'none': tensor([0.6407, 0.9462, 0.2740, 0.4649, 0.7457])}}
Training : Epoch [30/50], Loss: 0.0656
Testing : Epoch [30/50], Loss: 0.2976, results: {'mAP': 0.6282958, 'mAR': 0.6141938, 'mAUC': 0.90249884, 'm_Accuracy': 0.6141938, 'ap': array([0.66367716, 0.9506579 , 0.30769232, 0.47761193, 0.74183977],
      dtype=float32), 'ar': array([0.6883721 , 0.94290376, 0.1904762 , 0.47761193, 0.77160496],
      dtype=float32), 'auc': array([0.9222675, 0.9827171, 0.8337962, 0.8485837, 0.9251297],
      dtype=float32), 'accuracy': array([0.6883721 , 0.94290376, 0.1904762 , 0.47761193, 0.77160496],
      dtype=float32), 'f1': {'micro': tensor(0.7892), 'macro': tensor(0.6184), 'none': tensor([0.6758, 0.9468, 0.2353, 0.4776, 0.7564])}}
Training : Epoch [31/50], Loss: 0.0485
Testing : Epoch [31/50], Loss: 0.2916, results: {'mAP': 0.60291255, 'mAR': 0.61260104, 'mAUC': 0.8931797, 'm_Accuracy': 0.61260104, 'ap': array([0.5690377 , 0.96166664, 0.28      , 0.46923077, 0.73462784],
      dtype=float32), 'ar': array([0.63255817, 0.94127244, 0.33333334, 0.4552239 , 0.7006173 ],
      dtype=float32), 'auc': array([0.9031739 , 0.98258936, 0.8133563 , 0.8456336 , 0.9211457 ],
      dtype=float32), 'accuracy': array([0.63255817, 0.94127244, 0.33333334, 0.4552239 , 0.7006173 ],
      dtype=float32), 'f1': {'micro': tensor(0.7643), 'macro': tensor(0.6068), 'none': tensor([0.5991, 0.9514, 0.3043, 0.4621, 0.7172])}}
Saving ./data/aug/0.05_0.001_5/checkpoint_30.pt
Training : Epoch [32/50], Loss: 0.0517
Testing : Epoch [32/50], Loss: 0.2910, results: {'mAP': 0.6241239, 'mAR': 0.61626375, 'mAUC': 0.8980096, 'm_Accuracy': 0.61626375, 'ap': array([0.6927374 , 0.9315287 , 0.2777778 , 0.509434  , 0.70914125],
      dtype=float32), 'ar': array([0.5767442 , 0.954323  , 0.35714287, 0.40298507, 0.79012346],
      dtype=float32), 'auc': array([0.9153806 , 0.98173606, 0.8624565 , 0.8098765 , 0.92059845],
      dtype=float32), 'accuracy': array([0.5767442 , 0.954323  , 0.35714287, 0.40298507, 0.79012346],
      dtype=float32), 'f1': {'micro': tensor(0.7786), 'macro': tensor(0.6164), 'none': tensor([0.6294, 0.9428, 0.3125, 0.4500, 0.7474])}}
Training : Epoch [33/50], Loss: 0.0417
Testing : Epoch [33/50], Loss: 0.3007, results: {'mAP': 0.6164561, 'mAR': 0.59865505, 'mAUC': 0.88417494, 'm_Accuracy': 0.59865505, 'ap': array([0.6861702 , 0.9340836 , 0.25581396, 0.5051546 , 0.7010582 ],
      dtype=float32), 'ar': array([0.6       , 0.9477977 , 0.26190478, 0.36567163, 0.81790125],
      dtype=float32), 'auc': array([0.9104411 , 0.98464733, 0.77447605, 0.8220518 , 0.9292583 ],
      dtype=float32), 'accuracy': array([0.6       , 0.9477977 , 0.26190478, 0.36567163, 0.81790125],
      dtype=float32), 'f1': {'micro': tensor(0.7794), 'macro': tensor(0.6038), 'none': tensor([0.6402, 0.9409, 0.2588, 0.4242, 0.7550])}}
Training : Epoch [34/50], Loss: 0.0427
Testing : Epoch [34/50], Loss: 0.2740, results: {'mAP': 0.6394669, 'mAR': 0.63538426, 'mAUC': 0.8935857, 'm_Accuracy': 0.63538426, 'ap': array([0.66976744, 0.95276874, 0.29411766, 0.55445546, 0.7262248 ],
      dtype=float32), 'ar': array([0.66976744, 0.954323  , 0.35714287, 0.41791046, 0.7777778 ],
      dtype=float32), 'auc': array([0.91752857, 0.9854185 , 0.8318892 , 0.80220133, 0.9308906 ],
      dtype=float32), 'accuracy': array([0.66976744, 0.954323  , 0.35714287, 0.41791046, 0.7777778 ],
      dtype=float32), 'f1': {'micro': tensor(0.7922), 'macro': tensor(0.6347), 'none': tensor([0.6698, 0.9535, 0.3226, 0.4766, 0.7511])}}
Training : Epoch [35/50], Loss: 0.0311
Testing : Epoch [35/50], Loss: 0.2827, results: {'mAP': 0.6120914, 'mAR': 0.5908055, 'mAUC': 0.89193404, 'm_Accuracy': 0.5908055, 'ap': array([0.6066946 , 0.95673877, 0.1904762 , 0.58762884, 0.7189189 ],
      dtype=float32), 'ar': array([0.6744186 , 0.9380098 , 0.0952381 , 0.42537314, 0.82098764],
      dtype=float32), 'auc': array([0.91263086, 0.982416  , 0.780882  , 0.8523588 , 0.9313825 ],
      dtype=float32), 'accuracy': array([0.6744186 , 0.9380098 , 0.0952381 , 0.42537314, 0.82098764],
      dtype=float32), 'f1': {'micro': tensor(0.7884), 'macro': tensor(0.5946), 'none': tensor([0.6388, 0.9473, 0.1270, 0.4935, 0.7666])}}
Training : Epoch [36/50], Loss: 0.0296
Testing : Epoch [36/50], Loss: 0.2791, results: {'mAP': 0.61688966, 'mAR': 0.6005614, 'mAUC': 0.89313495, 'm_Accuracy': 0.6005614, 'ap': array([0.6184211 , 0.95551896, 0.2857143 , 0.4888889 , 0.73590505],
      dtype=float32), 'ar': array([0.65581393, 0.9461664 , 0.14285715, 0.49253732, 0.7654321 ],
      dtype=float32), 'auc': array([0.91798824, 0.9844671 , 0.7824002 , 0.8507588 , 0.9300606 ],
      dtype=float32), 'accuracy': array([0.65581393, 0.9461664 , 0.14285715, 0.49253732, 0.7654321 ],
      dtype=float32), 'f1': {'micro': tensor(0.7839), 'macro': tensor(0.6038), 'none': tensor([0.6366, 0.9508, 0.1905, 0.4907, 0.7504])}}
Training : Epoch [37/50], Loss: 0.0235
Testing : Epoch [37/50], Loss: 0.2725, results: {'mAP': 0.62382394, 'mAR': 0.61748654, 'mAUC': 0.89470136, 'm_Accuracy': 0.61748654, 'ap': array([0.6509434 , 0.95033115, 0.29411766, 0.50735295, 0.7163743 ],
      dtype=float32), 'ar': array([0.6418605 , 0.9363785 , 0.23809524, 0.51492536, 0.75617284],
      dtype=float32), 'auc': array([0.91566896, 0.9834906 , 0.7830112 , 0.86547786, 0.9258583 ],
      dtype=float32), 'accuracy': array([0.6418605 , 0.9363785 , 0.23809524, 0.51492536, 0.75617284],
      dtype=float32), 'f1': {'micro': tensor(0.7801), 'macro': tensor(0.6199), 'none': tensor([0.6464, 0.9433, 0.2632, 0.5111, 0.7357])}}
Training : Epoch [38/50], Loss: 0.0299
Testing : Epoch [38/50], Loss: 0.2872, results: {'mAP': 0.6560396, 'mAR': 0.61636704, 'mAUC': 0.89248765, 'm_Accuracy': 0.61636704, 'ap': array([0.6727273 , 0.94892913, 0.4       , 0.5494506 , 0.7090909 ],
      dtype=float32), 'ar': array([0.6883721 , 0.9396411 , 0.23809524, 0.37313432, 0.8425926 ],
      dtype=float32), 'auc': array([0.921369  , 0.98015034, 0.78399247, 0.8425648 , 0.93436134],
      dtype=float32), 'accuracy': array([0.6883721 , 0.9396411 , 0.23809524, 0.37313432, 0.8425926 ],
      dtype=float32), 'f1': {'micro': tensor(0.7959), 'macro': tensor(0.6276), 'none': tensor([0.6805, 0.9443, 0.2985, 0.4444, 0.7701])}}
Training : Epoch [39/50], Loss: 0.0223
Testing : Epoch [39/50], Loss: 0.2614, results: {'mAP': 0.64543545, 'mAR': 0.624189, 'mAUC': 0.8977812, 'm_Accuracy': 0.624189, 'ap': array([0.6302521 , 0.9477977 , 0.32258064, 0.5904762 , 0.7360704 ],
      dtype=float32), 'ar': array([0.6976744 , 0.9477977 , 0.23809524, 0.46268657, 0.77469134],
      dtype=float32), 'auc': array([0.9200861 , 0.98539567, 0.7980264 , 0.85007125, 0.9353266 ],
      dtype=float32), 'accuracy': array([0.6976744 , 0.9477977 , 0.23809524, 0.46268657, 0.77469134],
      dtype=float32), 'f1': {'micro': tensor(0.7937), 'macro': tensor(0.6315), 'none': tensor([0.6623, 0.9478, 0.2740, 0.5188, 0.7549])}}
Training : Epoch [40/50], Loss: 0.0254
Testing : Epoch [40/50], Loss: 0.2847, results: {'mAP': 0.65990293, 'mAR': 0.63224304, 'mAUC': 0.88706875, 'm_Accuracy': 0.63224304, 'ap': array([0.62068963, 0.9462541 , 0.3611111 , 0.63414633, 0.73731345],
      dtype=float32), 'ar': array([0.75348836, 0.9477977 , 0.30952382, 0.3880597 , 0.7623457 ],
      dtype=float32), 'auc': array([0.91701037, 0.98554856, 0.7676442 , 0.8471212 , 0.9180193 ],
      dtype=float32), 'accuracy': array([0.75348836, 0.9477977 , 0.30952382, 0.3880597 , 0.7623457 ],
      dtype=float32), 'f1': {'micro': tensor(0.7944), 'macro': tensor(0.6384), 'none': tensor([0.6807, 0.9470, 0.3333, 0.4815, 0.7496])}}
Training : Epoch [41/50], Loss: 0.0186
Testing : Epoch [41/50], Loss: 0.2643, results: {'mAP': 0.65284264, 'mAR': 0.6369461, 'mAUC': 0.8956386, 'm_Accuracy': 0.6369461, 'ap': array([0.6264591 , 0.9603306 , 0.35714287, 0.553719  , 0.7665615 ],
      dtype=float32), 'ar': array([0.74883723, 0.9477977 , 0.23809524, 0.5       , 0.75      ],
      dtype=float32), 'auc': array([0.921461  , 0.98371416, 0.7852144 , 0.85882145, 0.9289816 ],
      dtype=float32), 'accuracy': array([0.74883723, 0.9477977 , 0.23809524, 0.5       , 0.75      ],
      dtype=float32), 'f1': {'micro': tensor(0.7997), 'macro': tensor(0.6411), 'none': tensor([0.6822, 0.9540, 0.2857, 0.5255, 0.7582])}}
Saving ./data/aug/0.05_0.001_5/checkpoint_40.pt
Training : Epoch [42/50], Loss: 0.0193
Testing : Epoch [42/50], Loss: 0.2674, results: {'mAP': 0.65661734, 'mAR': 0.6146302, 'mAUC': 0.8866685, 'm_Accuracy': 0.6146302, 'ap': array([0.66820276, 0.960199  , 0.4090909 , 0.53608245, 0.7095116 ],
      dtype=float32), 'ar': array([0.6744186 , 0.9445351 , 0.21428572, 0.3880597 , 0.8518519 ],
      dtype=float32), 'auc': array([0.9188073 , 0.9852063 , 0.78040063, 0.8128266 , 0.93610126],
      dtype=float32), 'accuracy': array([0.6744186 , 0.9445351 , 0.21428572, 0.3880597 , 0.8518519 ],
      dtype=float32), 'f1': {'micro': tensor(0.7989), 'macro': tensor(0.6259), 'none': tensor([0.6713, 0.9523, 0.2812, 0.4502, 0.7742])}}
Training : Epoch [43/50], Loss: 0.0189
Testing : Epoch [43/50], Loss: 0.2775, results: {'mAP': 0.63931, 'mAR': 0.60911864, 'mAUC': 0.892382, 'm_Accuracy': 0.60911864, 'ap': array([0.639485  , 0.95049506, 0.3809524 , 0.5084746 , 0.7171429 ],
      dtype=float32), 'ar': array([0.69302326, 0.9396411 , 0.1904762 , 0.4477612 , 0.77469134],
      dtype=float32), 'auc': array([0.9147663 , 0.98428   , 0.78758425, 0.85037124, 0.9249084 ],
      dtype=float32), 'accuracy': array([0.69302326, 0.9396411 , 0.1904762 , 0.4477612 , 0.77469134],
      dtype=float32), 'f1': {'micro': tensor(0.7861), 'macro': tensor(0.6170), 'none': tensor([0.6652, 0.9450, 0.2540, 0.4762, 0.7448])}}
Training : Epoch [44/50], Loss: 0.0130
Testing : Epoch [44/50], Loss: 0.2651, results: {'mAP': 0.63147944, 'mAR': 0.6055802, 'mAUC': 0.8941662, 'm_Accuracy': 0.6055802, 'ap': array([0.6651786 , 0.9430894 , 0.27272728, 0.55140185, 0.725     ],
      dtype=float32), 'ar': array([0.69302326, 0.9461664 , 0.14285715, 0.4402985 , 0.8055556 ],
      dtype=float32), 'auc': array([0.9170271 , 0.98460853, 0.7766793 , 0.85941523, 0.93310094],
      dtype=float32), 'accuracy': array([0.69302326, 0.9461664 , 0.14285715, 0.4402985 , 0.8055556 ],
      dtype=float32), 'f1': {'micro': tensor(0.7944), 'macro': tensor(0.6127), 'none': tensor([0.6788, 0.9446, 0.1875, 0.4896, 0.7632])}}
Training : Epoch [45/50], Loss: 0.0189
Testing : Epoch [45/50], Loss: 0.2666, results: {'mAP': 0.62043875, 'mAR': 0.59807616, 'mAUC': 0.88939035, 'm_Accuracy': 0.59807616, 'ap': array([0.6502242 , 0.95106035, 0.22727273, 0.5566038 , 0.71703297],
      dtype=float32), 'ar': array([0.6744186 , 0.95106035, 0.11904762, 0.4402985 , 0.8055556 ],
      dtype=float32), 'auc': array([0.9227063 , 0.9846633 , 0.7528142 , 0.85039   , 0.93637794],
      dtype=float32), 'accuracy': array([0.6744186 , 0.95106035, 0.11904762, 0.4402985 , 0.8055556 ],
      dtype=float32), 'f1': {'micro': tensor(0.7929), 'macro': tensor(0.6040), 'none': tensor([0.6621, 0.9511, 0.1562, 0.4917, 0.7587])}}
Training : Epoch [46/50], Loss: 0.0173
Testing : Epoch [46/50], Loss: 0.2682, results: {'mAP': 0.6357988, 'mAR': 0.61738527, 'mAUC': 0.89724267, 'm_Accuracy': 0.61738527, 'ap': array([0.6440678 , 0.95394737, 0.3030303 , 0.56      , 0.71794873],
      dtype=float32), 'ar': array([0.7069768 , 0.9461664 , 0.23809524, 0.41791046, 0.7777778 ],
      dtype=float32), 'auc': array([0.91935056, 0.9853295 , 0.8125231 , 0.8382147 , 0.9307953 ],
      dtype=float32), 'accuracy': array([0.7069768 , 0.9461664 , 0.23809524, 0.41791046, 0.7777778 ],
      dtype=float32), 'f1': {'micro': tensor(0.7907), 'macro': tensor(0.6232), 'none': tensor([0.6741, 0.9500, 0.2667, 0.4786, 0.7467])}}
