Train size = 5308, Test size = 1328
Classes : ['affected', 'destroyed', 'major', 'minor', 'no_damage']
Training : Epoch [1/50], Loss: 1.4150
Testing : Epoch [1/50], Loss: 1.7481, results: {'mAP': 0.09231928, 'mAR': 0.2, 'mAUC': 0.7317319, 'm_Accuracy': 0.2, 'ap': array([0.       , 0.4615964, 0.       , 0.       , 0.       ],
      dtype=float32), 'ar': array([0., 1., 0., 0., 0.], dtype=float32), 'auc': array([0.74249357, 0.86152023, 0.6961416 , 0.6702355 , 0.68826854],
      dtype=float32), 'accuracy': array([0., 1., 0., 0., 0.], dtype=float32), 'f1': {'micro': tensor(0.4616), 'macro': tensor(0.1263), 'none': tensor([0.0000, 0.6316, 0.0000, 0.0000, 0.0000])}}
Saving ./data/aug/0.05_0.0001_10/checkpoint_0.pt
Training : Epoch [2/50], Loss: 1.1241
Testing : Epoch [2/50], Loss: 1.3529, results: {'mAP': 0.27158496, 'mAR': 0.36794654, 'mAUC': 0.77679646, 'm_Accuracy': 0.36794654, 'ap': array([0.        , 0.94623655, 0.        , 0.        , 0.4116883 ],
      dtype=float32), 'ar': array([0.        , 0.86133766, 0.        , 0.        , 0.97839504],
      dtype=float32), 'auc': array([0.7671368 , 0.93303597, 0.6708139 , 0.711224  , 0.8017713 ],
      dtype=float32), 'accuracy': array([0.        , 0.86133766, 0.        , 0.        , 0.97839504],
      dtype=float32), 'f1': {'micro': tensor(0.6363), 'macro': tensor(0.2963), 'none': tensor([0.0000, 0.9018, 0.0000, 0.0000, 0.5795])}}
Training : Epoch [3/50], Loss: 0.8875
Testing : Epoch [3/50], Loss: 1.1030, results: {'mAP': 0.40648404, 'mAR': 0.4112045, 'mAUC': 0.80752707, 'm_Accuracy': 0.4112045, 'ap': array([0.6388889 , 0.93391305, 0.        , 0.        , 0.4596182 ],
      dtype=float32), 'ar': array([0.2139535, 0.8760196, 0.       , 0.       , 0.9660494],
      dtype=float32), 'auc': array([0.8454669 , 0.94992644, 0.6748685 , 0.71367407, 0.8536994 ],
      dtype=float32), 'accuracy': array([0.2139535, 0.8760196, 0.       , 0.       , 0.9660494],
      dtype=float32), 'f1': {'micro': tensor(0.6747), 'macro': tensor(0.3695), 'none': tensor([0.3206, 0.9040, 0.0000, 0.0000, 0.6229])}}
Training : Epoch [4/50], Loss: 0.8317
Testing : Epoch [4/50], Loss: 1.0246, results: {'mAP': 0.41197342, 'mAR': 0.46181455, 'mAUC': 0.82748663, 'm_Accuracy': 0.46181455, 'ap': array([0.6195652 , 0.91133004, 0.        , 0.        , 0.52897197],
      dtype=float32), 'ar': array([0.53023255, 0.90538335, 0.        , 0.        , 0.8734568 ],
      dtype=float32), 'auc': array([0.8878832, 0.9646243, 0.6710916, 0.7420185, 0.8718152],
      dtype=float32), 'accuracy': array([0.53023255, 0.90538335, 0.        , 0.        , 0.8734568 ],
      dtype=float32), 'f1': {'micro': tensor(0.7169), 'macro': tensor(0.4277), 'none': tensor([0.5714, 0.9083, 0.0000, 0.0000, 0.6589])}}
Training : Epoch [5/50], Loss: 0.7648
Testing : Epoch [5/50], Loss: 0.9515, results: {'mAP': 0.42654258, 'mAR': 0.47922063, 'mAUC': 0.8355883, 'm_Accuracy': 0.47922063, 'ap': array([0.65968585, 0.9301165 , 0.        , 0.        , 0.54291046],
      dtype=float32), 'ar': array([0.5860465, 0.9119086, 0.       , 0.       , 0.8981481],
      dtype=float32), 'auc': array([0.88655007, 0.96827024, 0.7123602 , 0.7287245 , 0.8820367 ],
      dtype=float32), 'accuracy': array([0.5860465, 0.9119086, 0.       , 0.       , 0.8981481],
      dtype=float32), 'f1': {'micro': tensor(0.7349), 'macro': tensor(0.4437), 'none': tensor([0.6207, 0.9209, 0.0000, 0.0000, 0.6767])}}
Training : Epoch [6/50], Loss: 0.7349
Testing : Epoch [6/50], Loss: 0.9201, results: {'mAP': 0.43059987, 'mAR': 0.4820737, 'mAUC': 0.84856814, 'm_Accuracy': 0.4820737, 'ap': array([0.6510417 , 0.973262  , 0.        , 0.        , 0.52869564],
      dtype=float32), 'ar': array([0.5813953, 0.8907015, 0.       , 0.       , 0.9382716],
      dtype=float32), 'auc': array([0.9014647 , 0.972336  , 0.73889136, 0.74014974, 0.8899987 ],
      dtype=float32), 'accuracy': array([0.5813953, 0.8907015, 0.       , 0.       , 0.9382716],
      dtype=float32), 'f1': {'micro': tensor(0.7342), 'macro': tensor(0.4441), 'none': tensor([0.6143, 0.9302, 0.0000, 0.0000, 0.6763])}}
Training : Epoch [7/50], Loss: 0.6901
Testing : Epoch [7/50], Loss: 0.8875, results: {'mAP': 0.6265098, 'mAR': 0.4787561, 'mAUC': 0.83413935, 'm_Accuracy': 0.4787561, 'ap': array([0.6526316 , 0.95204264, 0.        , 1.        , 0.5278746 ],
      dtype=float32), 'ar': array([0.5767442 , 0.8743883 , 0.        , 0.00746269, 0.9351852 ],
      dtype=float32), 'auc': array([0.8891995 , 0.9660776 , 0.66781455, 0.75762516, 0.8899802 ],
      dtype=float32), 'accuracy': array([0.5767442 , 0.8743883 , 0.        , 0.00746269, 0.9351852 ],
      dtype=float32), 'f1': {'micro': tensor(0.7259), 'macro': tensor(0.4427), 'none': tensor([0.6123, 0.9116, 0.0000, 0.0148, 0.6748])}}
Training : Epoch [8/50], Loss: 0.6755
Testing : Epoch [8/50], Loss: 0.8622, results: {'mAP': 0.41011828, 'mAR': 0.4676109, 'mAUC': 0.84410334, 'm_Accuracy': 0.4676109, 'ap': array([0.60189575, 0.86498517, 0.        , 0.        , 0.58371043],
      dtype=float32), 'ar': array([0.59069765, 0.95106035, 0.        , 0.        , 0.7962963 ],
      dtype=float32), 'auc': array([0.8799432, 0.9788613, 0.7069355, 0.7564689, 0.898308 ],
      dtype=float32), 'accuracy': array([0.59069765, 0.95106035, 0.        , 0.        , 0.7962963 ],
      dtype=float32), 'f1': {'micro': tensor(0.7289), 'macro': tensor(0.4352), 'none': tensor([0.5962, 0.9060, 0.0000, 0.0000, 0.6736])}}
Training : Epoch [9/50], Loss: 0.6324
Testing : Epoch [9/50], Loss: 0.8242, results: {'mAP': 0.4834066, 'mAR': 0.48640352, 'mAUC': 0.84786433, 'm_Accuracy': 0.48640352, 'ap': array([0.5911111 , 0.8184319 , 0.        , 0.3478261 , 0.65966386],
      dtype=float32), 'ar': array([0.61860466, 0.9706362 , 0.        , 0.35820895, 0.4845679 ],
      dtype=float32), 'auc': array([0.8834159 , 0.9826464 , 0.678053  , 0.79334486, 0.90186167],
      dtype=float32), 'accuracy': array([0.61860466, 0.9706362 , 0.        , 0.35820895, 0.4845679 ],
      dtype=float32), 'f1': {'micro': tensor(0.7026), 'macro': tensor(0.4809), 'none': tensor([0.6045, 0.8881, 0.0000, 0.3529, 0.5587])}}
Training : Epoch [10/50], Loss: 0.5890
Testing : Epoch [10/50], Loss: 0.7526, results: {'mAP': 0.58346003, 'mAR': 0.51766485, 'mAUC': 0.8836355, 'm_Accuracy': 0.51766485, 'ap': array([0.6526316 , 0.9191759 , 0.        , 0.73333335, 0.6121593 ],
      dtype=float32), 'ar': array([0.5767442 , 0.9461664 , 0.        , 0.1641791 , 0.90123457],
      dtype=float32), 'auc': array([0.9002445, 0.9827308, 0.8075057, 0.811214 , 0.9164822],
      dtype=float32), 'accuracy': array([0.5767442 , 0.9461664 , 0.        , 0.1641791 , 0.90123457],
      dtype=float32), 'f1': {'micro': tensor(0.7666), 'macro': tensor(0.5084), 'none': tensor([0.6123, 0.9325, 0.0000, 0.2683, 0.7291])}}
Training : Epoch [11/50], Loss: 0.5441
Testing : Epoch [11/50], Loss: 0.7071, results: {'mAP': 0.6160474, 'mAR': 0.55942494, 'mAUC': 0.87660694, 'm_Accuracy': 0.55942494, 'ap': array([0.6085106 , 0.9238095 , 0.26666668, 0.609375  , 0.671875  ],
      dtype=float32), 'ar': array([0.66511625, 0.94942904, 0.0952381 , 0.29104477, 0.7962963 ],
      dtype=float32), 'auc': array([0.90156084, 0.98400164, 0.75009257, 0.8376147 , 0.90976524],
      dtype=float32), 'accuracy': array([0.66511625, 0.94942904, 0.0952381 , 0.29104477, 0.7962963 ],
      dtype=float32), 'f1': {'micro': tensor(0.7726), 'macro': tensor(0.5670), 'none': tensor([0.6356, 0.9364, 0.1404, 0.3939, 0.7288])}}
Saving ./data/aug/0.05_0.0001_10/checkpoint_10.pt
Training : Epoch [12/50], Loss: 0.5248
Testing : Epoch [12/50], Loss: 0.6856, results: {'mAP': 0.628117, 'mAR': 0.55532074, 'mAUC': 0.89367163, 'm_Accuracy': 0.55532074, 'ap': array([0.5884615 , 0.9356913 , 0.2       , 0.74285716, 0.6735751 ],
      dtype=float32), 'ar': array([0.7116279 , 0.94942904, 0.11904762, 0.19402985, 0.80246913],
      dtype=float32), 'auc': array([0.91690594, 0.9841317 , 0.8107828 , 0.84153354, 0.91500354],
      dtype=float32), 'accuracy': array([0.7116279 , 0.94942904, 0.11904762, 0.19402985, 0.80246913],
      dtype=float32), 'f1': {'micro': tensor(0.7726), 'macro': tensor(0.5552), 'none': tensor([0.6442, 0.9425, 0.1493, 0.3077, 0.7324])}}
Training : Epoch [13/50], Loss: 0.4729
Testing : Epoch [13/50], Loss: 0.6364, results: {'mAP': 0.66489166, 'mAR': 0.56045395, 'mAUC': 0.889806, 'm_Accuracy': 0.56045395, 'ap': array([0.5661765 , 0.9460784 , 0.6666667 , 0.45901638, 0.6865204 ],
      dtype=float32), 'ar': array([0.7162791 , 0.9445351 , 0.04761905, 0.41791046, 0.6759259 ],
      dtype=float32), 'auc': array([0.91142315, 0.9839583 , 0.8047841 , 0.8345709 , 0.91429347],
      dtype=float32), 'accuracy': array([0.7162791 , 0.9445351 , 0.04761905, 0.41791046, 0.6759259 ],
      dtype=float32), 'f1': {'micro': tensor(0.7605), 'macro': tensor(0.5571), 'none': tensor([0.6324, 0.9453, 0.0889, 0.4375, 0.6812])}}
Training : Epoch [14/50], Loss: 0.4415
Testing : Epoch [14/50], Loss: 0.6116, results: {'mAP': 0.612377, 'mAR': 0.5708982, 'mAUC': 0.88820565, 'm_Accuracy': 0.5708982, 'ap': array([0.56378603, 0.9098101 , 0.25      , 0.6481481 , 0.69014084],
      dtype=float32), 'ar': array([0.6372093 , 0.9380098 , 0.26190478, 0.26119402, 0.75617284],
      dtype=float32), 'auc': array([0.8873023 , 0.9806637 , 0.8175776 , 0.83957726, 0.9159074 ],
      dtype=float32), 'accuracy': array([0.6372093 , 0.9380098 , 0.26190478, 0.26119402, 0.75617284],
      dtype=float32), 'f1': {'micro': tensor(0.7553), 'macro': tensor(0.5744), 'none': tensor([0.5983, 0.9237, 0.2558, 0.3723, 0.7216])}}
Training : Epoch [15/50], Loss: 0.4111
Testing : Epoch [15/50], Loss: 0.5762, results: {'mAP': 0.59508723, 'mAR': 0.5584466, 'mAUC': 0.9036396, 'm_Accuracy': 0.5584466, 'ap': array([0.5709091 , 0.9403226 , 0.16129032, 0.6037736 , 0.6991404 ],
      dtype=float32), 'ar': array([0.73023254, 0.95106035, 0.11904762, 0.23880596, 0.75308645],
      dtype=float32), 'auc': array([0.9131574 , 0.98397195, 0.84786713, 0.8552714 , 0.9179301 ],
      dtype=float32), 'accuracy': array([0.73023254, 0.95106035, 0.11904762, 0.23880596, 0.75308645],
      dtype=float32), 'f1': {'micro': tensor(0.7688), 'macro': tensor(0.5582), 'none': tensor([0.6408, 0.9457, 0.1370, 0.3422, 0.7251])}}
Training : Epoch [16/50], Loss: 0.3703
Testing : Epoch [16/50], Loss: 0.5411, results: {'mAP': 0.6116414, 'mAR': 0.5875051, 'mAUC': 0.90026, 'm_Accuracy': 0.5875051, 'ap': array([0.62445414, 0.9609508 , 0.27586207, 0.5176471 , 0.6792929 ],
      dtype=float32), 'ar': array([0.66511625, 0.9233279 , 0.1904762 , 0.3283582 , 0.8302469 ],
      dtype=float32), 'auc': array([0.89641654, 0.9837803 , 0.8396282 , 0.86193407, 0.919541  ],
      dtype=float32), 'accuracy': array([0.66511625, 0.9233279 , 0.1904762 , 0.3283582 , 0.8302469 ],
      dtype=float32), 'f1': {'micro': tensor(0.7756), 'macro': tensor(0.5921), 'none': tensor([0.6441, 0.9418, 0.2254, 0.4018, 0.7472])}}
Training : Epoch [17/50], Loss: 0.3380
Testing : Epoch [17/50], Loss: 0.5068, results: {'mAP': 0.6416054, 'mAR': 0.6078498, 'mAUC': 0.8986185, 'm_Accuracy': 0.6078498, 'ap': array([0.6334842 , 0.9376    , 0.42857143, 0.4852941 , 0.72307694],
      dtype=float32), 'ar': array([0.6511628 , 0.9559543 , 0.21428572, 0.49253732, 0.72530866],
      dtype=float32), 'auc': array([0.9076454, 0.983575 , 0.8154299, 0.8590715, 0.9273708],
      dtype=float32), 'accuracy': array([0.6511628 , 0.9559543 , 0.21428572, 0.49253732, 0.72530866],
      dtype=float32), 'f1': {'micro': tensor(0.7801), 'macro': tensor(0.6175), 'none': tensor([0.6422, 0.9467, 0.2857, 0.4889, 0.7242])}}
Training : Epoch [18/50], Loss: 0.3011
Testing : Epoch [18/50], Loss: 0.4852, results: {'mAP': 0.62285024, 'mAR': 0.5584815, 'mAUC': 0.8946333, 'm_Accuracy': 0.5584815, 'ap': array([0.6629834 , 0.9282297 , 0.2631579 , 0.61538464, 0.6444954 ],
      dtype=float32), 'ar': array([0.55813956, 0.94942904, 0.11904762, 0.29850745, 0.86728394],
      dtype=float32), 'auc': array([0.91126853, 0.9858725 , 0.8049878 , 0.8490525 , 0.9219849 ],
      dtype=float32), 'accuracy': array([0.55813956, 0.94942904, 0.11904762, 0.29850745, 0.86728394],
      dtype=float32), 'f1': {'micro': tensor(0.7741), 'macro': tensor(0.5700), 'none': tensor([0.6061, 0.9387, 0.1639, 0.4020, 0.7395])}}
Training : Epoch [19/50], Loss: 0.2924
Testing : Epoch [19/50], Loss: 0.4670, results: {'mAP': 0.6153176, 'mAR': 0.61483085, 'mAUC': 0.8992451, 'm_Accuracy': 0.61483085, 'ap': array([0.6636364 , 0.94942904, 0.23529412, 0.5135135 , 0.7147147 ],
      dtype=float32), 'ar': array([0.67906976, 0.94942904, 0.2857143 , 0.42537314, 0.7345679 ],
      dtype=float32), 'auc': array([0.91859   , 0.9843233 , 0.83074135, 0.8514525 , 0.91111785],
      dtype=float32), 'accuracy': array([0.67906976, 0.94942904, 0.2857143 , 0.42537314, 0.7345679 ],
      dtype=float32), 'f1': {'micro': tensor(0.7794), 'macro': tensor(0.6137), 'none': tensor([0.6713, 0.9494, 0.2581, 0.4653, 0.7245])}}
Training : Epoch [20/50], Loss: 0.2330
Testing : Epoch [20/50], Loss: 0.4214, results: {'mAP': 0.61618674, 'mAR': 0.61345005, 'mAUC': 0.90415514, 'm_Accuracy': 0.61345005, 'ap': array([0.6318182 , 0.98248684, 0.27586207, 0.49655172, 0.6942149 ],
      dtype=float32), 'ar': array([0.6465116 , 0.91517127, 0.1904762 , 0.53731346, 0.7777778 ],
      dtype=float32), 'auc': array([0.9085146 , 0.9837963 , 0.82346517, 0.87919074, 0.9258091 ],
      dtype=float32), 'accuracy': array([0.6465116 , 0.91517127, 0.1904762 , 0.53731346, 0.7777778 ],
      dtype=float32), 'f1': {'micro': tensor(0.7771), 'macro': tensor(0.6124), 'none': tensor([0.6391, 0.9476, 0.2254, 0.5161, 0.7336])}}
Training : Epoch [21/50], Loss: 0.2002
Testing : Epoch [21/50], Loss: 0.3902, results: {'mAP': 0.61480904, 'mAR': 0.6211258, 'mAUC': 0.90433073, 'm_Accuracy': 0.6211258, 'ap': array([0.71428573, 0.95033115, 0.22950819, 0.45578232, 0.7241379 ],
      dtype=float32), 'ar': array([0.55813956, 0.9363785 , 0.33333334, 0.5       , 0.7777778 ],
      dtype=float32), 'auc': array([0.9069851 , 0.98427314, 0.84338665, 0.86912173, 0.9178871 ],
      dtype=float32), 'accuracy': array([0.55813956, 0.9363785 , 0.33333334, 0.5       , 0.7777778 ],
      dtype=float32), 'f1': {'micro': tensor(0.7733), 'macro': tensor(0.6137), 'none': tensor([0.6266, 0.9433, 0.2718, 0.4769, 0.7500])}}
Saving ./data/aug/0.05_0.0001_10/checkpoint_20.pt
Training : Epoch [22/50], Loss: 0.1842
Testing : Epoch [22/50], Loss: 0.3861, results: {'mAP': 0.6454102, 'mAR': 0.6164764, 'mAUC': 0.8952896, 'm_Accuracy': 0.6164764, 'ap': array([0.6782178 , 0.9508197 , 0.37931034, 0.5229358 , 0.6957672 ],
      dtype=float32), 'ar': array([0.6372093 , 0.9461664 , 0.26190478, 0.42537314, 0.8117284 ],
      dtype=float32), 'auc': array([0.9128732 , 0.9810242 , 0.8203177 , 0.8422773 , 0.91995597],
      dtype=float32), 'accuracy': array([0.6372093 , 0.9461664 , 0.26190478, 0.42537314, 0.8117284 ],
      dtype=float32), 'f1': {'micro': tensor(0.7892), 'macro': tensor(0.6268), 'none': tensor([0.6571, 0.9485, 0.3099, 0.4691, 0.7493])}}
Training : Epoch [23/50], Loss: 0.1605
Testing : Epoch [23/50], Loss: 0.3781, results: {'mAP': 0.60302854, 'mAR': 0.59189135, 'mAUC': 0.8986683, 'm_Accuracy': 0.59189135, 'ap': array([0.54137933, 0.9397394 , 0.2857143 , 0.51968503, 0.7286245 ],
      dtype=float32), 'ar': array([0.73023254, 0.94127244, 0.1904762 , 0.49253732, 0.60493827],
      dtype=float32), 'auc': array([0.9044777 , 0.981533  , 0.83250016, 0.8690092 , 0.90582114],
      dtype=float32), 'accuracy': array([0.73023254, 0.94127244, 0.1904762 , 0.49253732, 0.60493827],
      dtype=float32), 'f1': {'micro': tensor(0.7560), 'macro': tensor(0.5915), 'none': tensor([0.6218, 0.9405, 0.2286, 0.5057, 0.6610])}}
Training : Epoch [24/50], Loss: 0.1404
Testing : Epoch [24/50], Loss: 0.3604, results: {'mAP': 0.6206738, 'mAR': 0.58418953, 'mAUC': 0.90795755, 'm_Accuracy': 0.58418953, 'ap': array([0.72619045, 0.95190716, 0.21875   , 0.5638298 , 0.64269143],
      dtype=float32), 'ar': array([0.5674419 , 0.9363785 , 0.16666667, 0.3955224 , 0.85493827],
      dtype=float32), 'auc': array([0.9113646 , 0.98528844, 0.84186846, 0.8773907 , 0.9238755 ],
      dtype=float32), 'accuracy': array([0.5674419 , 0.9363785 , 0.16666667, 0.3955224 , 0.85493827],
      dtype=float32), 'f1': {'micro': tensor(0.7779), 'macro': tensor(0.5938), 'none': tensor([0.6371, 0.9441, 0.1892, 0.4649, 0.7338])}}
Training : Epoch [25/50], Loss: 0.1276
Testing : Epoch [25/50], Loss: 0.3556, results: {'mAP': 0.606111, 'mAR': 0.60583955, 'mAUC': 0.9047581, 'm_Accuracy': 0.60583955, 'ap': array([0.618677  , 0.96763206, 0.32258064, 0.39102563, 0.73063976],
      dtype=float32), 'ar': array([0.73953485, 0.92659056, 0.23809524, 0.4552239 , 0.6697531 ],
      dtype=float32), 'auc': array([0.9226227 , 0.9828928 , 0.8604199 , 0.8426023 , 0.91525257],
      dtype=float32), 'accuracy': array([0.73953485, 0.92659056, 0.23809524, 0.4552239 , 0.6697531 ],
      dtype=float32), 'f1': {'micro': tensor(0.7643), 'macro': tensor(0.6028), 'none': tensor([0.6737, 0.9467, 0.2740, 0.4207, 0.6989])}}
Training : Epoch [26/50], Loss: 0.0954
Testing : Epoch [26/50], Loss: 0.3378, results: {'mAP': 0.6135581, 'mAR': 0.59305274, 'mAUC': 0.9012736, 'm_Accuracy': 0.59305274, 'ap': array([0.67      , 0.95681065, 0.24390244, 0.52873564, 0.6683417 ],
      dtype=float32), 'ar': array([0.6232558 , 0.9396411 , 0.23809524, 0.3432836 , 0.82098764],
      dtype=float32), 'auc': array([0.90538037, 0.98668474, 0.83883214, 0.85097754, 0.9244934 ],
      dtype=float32), 'accuracy': array([0.6232558 , 0.9396411 , 0.23809524, 0.3432836 , 0.82098764],
      dtype=float32), 'f1': {'micro': tensor(0.7771), 'macro': tensor(0.5976), 'none': tensor([0.6458, 0.9481, 0.2410, 0.4163, 0.7368])}}
Training : Epoch [27/50], Loss: 0.0860
Testing : Epoch [27/50], Loss: 0.3069, results: {'mAP': 0.6196287, 'mAR': 0.6239856, 'mAUC': 0.9081796, 'm_Accuracy': 0.6239856, 'ap': array([0.695     , 0.9518272 , 0.25      , 0.47019866, 0.73111784],
      dtype=float32), 'ar': array([0.6465116 , 0.93474716, 0.26190478, 0.5298507 , 0.74691355],
      dtype=float32), 'auc': array([0.9180426 , 0.98604596, 0.85081095, 0.8757844 , 0.91021407],
      dtype=float32), 'accuracy': array([0.6465116 , 0.93474716, 0.26190478, 0.5298507 , 0.74691355],
      dtype=float32), 'f1': {'micro': tensor(0.7801), 'macro': tensor(0.6212), 'none': tensor([0.6699, 0.9432, 0.2558, 0.4982, 0.7389])}}
Training : Epoch [28/50], Loss: 0.0720
Testing : Epoch [28/50], Loss: 0.2958, results: {'mAP': 0.6226781, 'mAR': 0.63230157, 'mAUC': 0.90528995, 'm_Accuracy': 0.63230157, 'ap': array([0.68421054, 0.9744027 , 0.20754717, 0.51968503, 0.7275449 ],
      dtype=float32), 'ar': array([0.7255814 , 0.9314845 , 0.26190478, 0.49253732, 0.75      ],
      dtype=float32), 'auc': array([0.91759545, 0.98568547, 0.83235204, 0.8792345 , 0.91158205],
      dtype=float32), 'accuracy': array([0.7255814 , 0.9314845 , 0.26190478, 0.49253732, 0.75      ],
      dtype=float32), 'f1': {'micro': tensor(0.7884), 'macro': tensor(0.6265), 'none': tensor([0.7043, 0.9525, 0.2316, 0.5057, 0.7386])}}
Training : Epoch [29/50], Loss: 0.0474
Testing : Epoch [29/50], Loss: 0.3132, results: {'mAP': 0.6210516, 'mAR': 0.5825734, 'mAUC': 0.8963913, 'm_Accuracy': 0.5825734, 'ap': array([0.5886525 , 0.959799  , 0.2857143 , 0.5882353 , 0.68285716],
      dtype=float32), 'ar': array([0.772093  , 0.93474716, 0.0952381 , 0.37313432, 0.7376543 ],
      dtype=float32), 'auc': array([0.92074215, 0.98256654, 0.80211806, 0.86633414, 0.91019565],
      dtype=float32), 'accuracy': array([0.772093  , 0.93474716, 0.0952381 , 0.37313432, 0.7376543 ],
      dtype=float32), 'f1': {'micro': tensor(0.7771), 'macro': tensor(0.5848), 'none': tensor([0.6680, 0.9471, 0.1429, 0.4566, 0.7092])}}
Training : Epoch [30/50], Loss: 0.0513
Testing : Epoch [30/50], Loss: 0.2950, results: {'mAP': 0.6542345, 'mAR': 0.63219047, 'mAUC': 0.9065922, 'm_Accuracy': 0.63219047, 'ap': array([0.7419355 , 0.942029  , 0.26923078, 0.6179775 , 0.7       ],
      dtype=float32), 'ar': array([0.6418605 , 0.954323  , 0.33333334, 0.41044775, 0.82098764],
      dtype=float32), 'auc': array([0.9148081 , 0.9862581 , 0.86317855, 0.8460274 , 0.9226889 ],
      dtype=float32), 'accuracy': array([0.6418605 , 0.954323  , 0.33333334, 0.41044775, 0.82098764],
      dtype=float32), 'f1': {'micro': tensor(0.7967), 'macro': tensor(0.6366), 'none': tensor([0.6883, 0.9481, 0.2979, 0.4933, 0.7557])}}
Training : Epoch [31/50], Loss: 0.0409
Testing : Epoch [31/50], Loss: 0.3006, results: {'mAP': 0.6031391, 'mAR': 0.60432726, 'mAUC': 0.898674, 'm_Accuracy': 0.60432726, 'ap': array([0.5902256 , 0.9678511 , 0.24324325, 0.48360655, 0.7307692 ],
      dtype=float32), 'ar': array([0.73023254, 0.93311584, 0.21428572, 0.4402985 , 0.7037037 ],
      dtype=float32), 'auc': array([0.91972667, 0.9856535 , 0.8211694 , 0.8573777 , 0.9094425 ],
      dtype=float32), 'accuracy': array([0.73023254, 0.93311584, 0.21428572, 0.4402985 , 0.7037037 ],
      dtype=float32), 'f1': {'micro': tensor(0.7718), 'macro': tensor(0.6017), 'none': tensor([0.6528, 0.9502, 0.2278, 0.4609, 0.7170])}}
Saving ./data/aug/0.05_0.0001_10/checkpoint_30.pt
Training : Epoch [32/50], Loss: 0.0395
Testing : Epoch [32/50], Loss: 0.2864, results: {'mAP': 0.6569754, 'mAR': 0.6316689, 'mAUC': 0.9070436, 'm_Accuracy': 0.6316689, 'ap': array([0.65106386, 0.9695946 , 0.37931034, 0.58653843, 0.69836956],
      dtype=float32), 'ar': array([0.7116279 , 0.9363785 , 0.26190478, 0.4552239 , 0.79320985],
      dtype=float32), 'auc': array([0.92388475, 0.9861623 , 0.8330186 , 0.86538416, 0.92676824],
      dtype=float32), 'accuracy': array([0.7116279 , 0.9363785 , 0.26190478, 0.4552239 , 0.79320985],
      dtype=float32), 'f1': {'micro': tensor(0.7952), 'macro': tensor(0.6396), 'none': tensor([0.6800, 0.9527, 0.3099, 0.5126, 0.7428])}}
Training : Epoch [33/50], Loss: 0.0365
Testing : Epoch [33/50], Loss: 0.2682, results: {'mAP': 0.65231824, 'mAR': 0.6421058, 'mAUC': 0.9097525, 'm_Accuracy': 0.6421058, 'ap': array([0.6755555 , 0.93841165, 0.3611111 , 0.5564516 , 0.73006135],
      dtype=float32), 'ar': array([0.7069768 , 0.9445351 , 0.30952382, 0.51492536, 0.7345679 ],
      dtype=float32), 'auc': array([0.9259533 , 0.9862718 , 0.8455158 , 0.86671543, 0.92430586],
      dtype=float32), 'accuracy': array([0.7069768 , 0.9445351 , 0.30952382, 0.51492536, 0.7345679 ],
      dtype=float32), 'f1': {'micro': tensor(0.7914), 'macro': tensor(0.6466), 'none': tensor([0.6909, 0.9415, 0.3333, 0.5349, 0.7323])}}
Training : Epoch [34/50], Loss: 0.0271
Testing : Epoch [34/50], Loss: 0.2833, results: {'mAP': 0.6246194, 'mAR': 0.61242384, 'mAUC': 0.90350616, 'm_Accuracy': 0.61242384, 'ap': array([0.61278194, 0.9678511 , 0.27272728, 0.5416667 , 0.7280702 ],
      dtype=float32), 'ar': array([0.75813955, 0.93311584, 0.21428572, 0.3880597 , 0.7685185 ],
      dtype=float32), 'auc': array([0.9247665 , 0.9862353 , 0.8165778 , 0.87216556, 0.91778564],
      dtype=float32), 'accuracy': array([0.75813955, 0.93311584, 0.21428572, 0.3880597 , 0.7685185 ],
      dtype=float32), 'f1': {'micro': tensor(0.7869), 'macro': tensor(0.6136), 'none': tensor([0.6778, 0.9502, 0.2400, 0.4522, 0.7477])}}
Training : Epoch [35/50], Loss: 0.0249
Testing : Epoch [35/50], Loss: 0.2908, results: {'mAP': 0.64891374, 'mAR': 0.62815875, 'mAUC': 0.9037091, 'm_Accuracy': 0.62815875, 'ap': array([0.6       , 0.9692833 , 0.4117647 , 0.5604396 , 0.70308125],
      dtype=float32), 'ar': array([0.7255814 , 0.92659056, 0.33333334, 0.38059703, 0.77469134],
      dtype=float32), 'auc': array([0.9122046 , 0.98504204, 0.8328705 , 0.8664404 , 0.92198795],
      dtype=float32), 'accuracy': array([0.7255814 , 0.92659056, 0.33333334, 0.38059703, 0.77469134],
      dtype=float32), 'f1': {'micro': tensor(0.7831), 'macro': tensor(0.6326), 'none': tensor([0.6568, 0.9475, 0.3684, 0.4533, 0.7372])}}
Training : Epoch [36/50], Loss: 0.0212
Testing : Epoch [36/50], Loss: 0.2732, results: {'mAP': 0.6586627, 'mAR': 0.61636645, 'mAUC': 0.8978592, 'm_Accuracy': 0.61636645, 'ap': array([0.6396761, 0.9665552, 0.4375   , 0.5344828, 0.7150997],
      dtype=float32), 'ar': array([0.7348837 , 0.94290376, 0.16666667, 0.46268657, 0.77469134],
      dtype=float32), 'auc': array([0.9285986 , 0.98816097, 0.77047694, 0.87985325, 0.9222062 ],
      dtype=float32), 'accuracy': array([0.7348837 , 0.94290376, 0.16666667, 0.46268657, 0.77469134],
      dtype=float32), 'f1': {'micro': tensor(0.7952), 'macro': tensor(0.6239), 'none': tensor([0.6840, 0.9546, 0.2414, 0.4960, 0.7437])}}
Training : Epoch [37/50], Loss: 0.0244
Testing : Epoch [37/50], Loss: 0.2908, results: {'mAP': 0.62161934, 'mAR': 0.6120764, 'mAUC': 0.91253215, 'm_Accuracy': 0.6120764, 'ap': array([0.6102362 , 0.97269624, 0.2777778 , 0.54      , 0.7073864 ],
      dtype=float32), 'ar': array([0.7209302 , 0.9298532 , 0.23809524, 0.40298507, 0.7685185 ],
      dtype=float32), 'auc': array([0.92118096, 0.9856398 , 0.8533659 , 0.87887824, 0.9235957 ],
      dtype=float32), 'accuracy': array([0.7209302 , 0.9298532 , 0.23809524, 0.40298507, 0.7685185 ],
      dtype=float32), 'f1': {'micro': tensor(0.7816), 'macro': tensor(0.6133), 'none': tensor([0.6610, 0.9508, 0.2564, 0.4615, 0.7367])}}
Training : Epoch [38/50], Loss: 0.0204
Testing : Epoch [38/50], Loss: 0.2795, results: {'mAP': 0.6586656, 'mAR': 0.6245933, 'mAUC': 0.9019968, 'm_Accuracy': 0.6245933, 'ap': array([0.60902256, 0.95566505, 0.47826087, 0.5043478 , 0.74603176],
      dtype=float32), 'ar': array([0.75348836, 0.94942904, 0.26190478, 0.43283582, 0.72530866],
      dtype=float32), 'auc': array([0.92825174, 0.9862855 , 0.8029327 , 0.87115926, 0.9213547 ],
      dtype=float32), 'accuracy': array([0.75348836, 0.94942904, 0.26190478, 0.43283582, 0.72530866],
      dtype=float32), 'f1': {'micro': tensor(0.7892), 'macro': tensor(0.6332), 'none': tensor([0.6736, 0.9525, 0.3385, 0.4659, 0.7355])}}
Training : Epoch [39/50], Loss: 0.0201
Testing : Epoch [39/50], Loss: 0.3016, results: {'mAP': 0.62878263, 'mAR': 0.6025869, 'mAUC': 0.9001745, 'm_Accuracy': 0.6025869, 'ap': array([0.57857144, 0.9572368 , 0.2857143 , 0.59090906, 0.7314815 ],
      dtype=float32), 'ar': array([0.75348836, 0.94942904, 0.1904762 , 0.3880597 , 0.7314815 ],
      dtype=float32), 'auc': array([0.91743666, 0.98590446, 0.82374287, 0.8554714 , 0.9183175 ],
      dtype=float32), 'accuracy': array([0.75348836, 0.94942904, 0.1904762 , 0.3880597 , 0.7314815 ],
      dtype=float32), 'f1': {'micro': tensor(0.7839), 'macro': tensor(0.6073), 'none': tensor([0.6545, 0.9533, 0.2286, 0.4685, 0.7315])}}
Training : Epoch [40/50], Loss: 0.0165
Testing : Epoch [40/50], Loss: 0.2764, results: {'mAP': 0.6459885, 'mAR': 0.6308246, 'mAUC': 0.89540136, 'm_Accuracy': 0.6308246, 'ap': array([0.6754386 , 0.95688224, 0.3125    , 0.5663717 , 0.71875   ],
      dtype=float32), 'ar': array([0.7162791 , 0.94127244, 0.23809524, 0.47761193, 0.7808642 ],
      dtype=float32), 'auc': array([0.9181763 , 0.9857197 , 0.7745686 , 0.87604064, 0.9225013 ],
      dtype=float32), 'accuracy': array([0.7162791 , 0.94127244, 0.23809524, 0.47761193, 0.7808642 ],
      dtype=float32), 'f1': {'micro': tensor(0.7967), 'macro': tensor(0.6363), 'none': tensor([0.6953, 0.9490, 0.2703, 0.5182, 0.7485])}}
Training : Epoch [41/50], Loss: 0.0167
Testing : Epoch [41/50], Loss: 0.2840, results: {'mAP': 0.64354277, 'mAR': 0.6245346, 'mAUC': 0.9053694, 'm_Accuracy': 0.6245346, 'ap': array([0.6902655 , 0.96039605, 0.32      , 0.5163934 , 0.730659  ],
      dtype=float32), 'ar': array([0.7255814 , 0.94942904, 0.1904762 , 0.47014925, 0.787037  ],
      dtype=float32), 'auc': array([0.9224263 , 0.98488915, 0.8237614 , 0.87495315, 0.9208167 ],
      dtype=float32), 'accuracy': array([0.7255814 , 0.94942904, 0.1904762 , 0.47014925, 0.787037  ],
      dtype=float32), 'f1': {'micro': tensor(0.8012), 'macro': tensor(0.6302), 'none': tensor([0.7075, 0.9549, 0.2388, 0.4922, 0.7578])}}
Saving ./data/aug/0.05_0.0001_10/checkpoint_40.pt
Training : Epoch [42/50], Loss: 0.0177
