Train size = 5308, Test size = 1328
Classes : ['affected', 'destroyed', 'major', 'minor', 'no_damage']
Training : Epoch [1/50], Loss: 1.4190
Testing : Epoch [1/50], Loss: 1.7493, results: {'mAP': 0.09231928, 'mAR': 0.2, 'mAUC': 0.7237359, 'm_Accuracy': 0.2, 'ap': array([0.       , 0.4615964, 0.       , 0.       , 0.       ],
      dtype=float32), 'ar': array([0., 1., 0., 0., 0.], dtype=float32), 'auc': array([0.67329866, 0.8866494 , 0.61228985, 0.6590727 , 0.787369  ],
      dtype=float32), 'accuracy': array([0., 1., 0., 0., 0.], dtype=float32), 'f1': {'micro': tensor(0.4616), 'macro': tensor(0.1263), 'none': tensor([0.0000, 0.6316, 0.0000, 0.0000, 0.0000])}}
Saving ./data/aug/0.05_0.0001_5/checkpoint_0.pt
Training : Epoch [2/50], Loss: 1.0799
Testing : Epoch [2/50], Loss: 1.3088, results: {'mAP': 0.26376384, 'mAR': 0.36790222, 'mAUC': 0.77983415, 'm_Accuracy': 0.36790222, 'ap': array([0.        , 0.8872549 , 0.        , 0.        , 0.43156424],
      dtype=float32), 'ar': array([0.       , 0.8858075, 0.       , 0.       , 0.9537037],
      dtype=float32), 'auc': array([0.8096826 , 0.9393901 , 0.63039696, 0.6865984 , 0.83310276],
      dtype=float32), 'accuracy': array([0.       , 0.8858075, 0.       , 0.       , 0.9537037],
      dtype=float32), 'f1': {'micro': tensor(0.6416), 'macro': tensor(0.2962), 'none': tensor([0.0000, 0.8865, 0.0000, 0.0000, 0.5942])}}
Training : Epoch [3/50], Loss: 0.8685
Testing : Epoch [3/50], Loss: 1.0693, results: {'mAP': 0.40639478, 'mAR': 0.44593477, 'mAUC': 0.8272942, 'm_Accuracy': 0.44593477, 'ap': array([0.6143791 , 0.90789473, 0.        , 0.        , 0.5097002 ],
      dtype=float32), 'ar': array([0.4372093, 0.9004894, 0.       , 0.       , 0.8919753],
      dtype=float32), 'auc': array([0.8741762 , 0.9637322 , 0.68271863, 0.7536751 , 0.8621686 ],
      dtype=float32), 'accuracy': array([0.4372093, 0.9004894, 0.       , 0.       , 0.8919753],
      dtype=float32), 'f1': {'micro': tensor(0.7041), 'macro': tensor(0.4128), 'none': tensor([0.5109, 0.9042, 0.0000, 0.0000, 0.6487])}}
Training : Epoch [4/50], Loss: 0.7863
Testing : Epoch [4/50], Loss: 0.9838, results: {'mAP': 0.3920825, 'mAR': 0.4513727, 'mAUC': 0.8253091, 'm_Accuracy': 0.4513727, 'ap': array([0.53333336, 0.8618619 , 0.        , 0.        , 0.5652174 ],
      dtype=float32), 'ar': array([0.55813956, 0.9363785 , 0.        , 0.        , 0.7623457 ],
      dtype=float32), 'auc': array([0.8812094, 0.9661096, 0.654873 , 0.7492   , 0.8751537],
      dtype=float32), 'accuracy': array([0.55813956, 0.9363785 , 0.        , 0.        , 0.7623457 ],
      dtype=float32), 'f1': {'micro': tensor(0.7086), 'macro': tensor(0.4184), 'none': tensor([0.5455, 0.8976, 0.0000, 0.0000, 0.6491])}}
Training : Epoch [5/50], Loss: 0.7327
Testing : Epoch [5/50], Loss: 0.9136, results: {'mAP': 0.4270525, 'mAR': 0.48499203, 'mAUC': 0.8601621, 'm_Accuracy': 0.48499203, 'ap': array([0.6142857, 0.982238 , 0.       , 0.       , 0.5387387],
      dtype=float32), 'ar': array([0.6      , 0.9021207, 0.       , 0.       , 0.9228395],
      dtype=float32), 'auc': array([0.88746524, 0.97634244, 0.76062727, 0.78906345, 0.8873119 ],
      dtype=float32), 'accuracy': array([0.6      , 0.9021207, 0.       , 0.       , 0.9228395],
      dtype=float32), 'f1': {'micro': tensor(0.7387), 'macro': tensor(0.4456), 'none': tensor([0.6071, 0.9405, 0.0000, 0.0000, 0.6803])}}
Training : Epoch [6/50], Loss: 0.6952
Testing : Epoch [6/50], Loss: 0.8665, results: {'mAP': 0.6219221, 'mAR': 0.48895296, 'mAUC': 0.87099725, 'm_Accuracy': 0.48895296, 'ap': array([0.60633487, 0.9244373 , 0.        , 1.        , 0.57883817],
      dtype=float32), 'ar': array([0.6232558 , 0.9380098 , 0.        , 0.02238806, 0.8611111 ],
      dtype=float32), 'auc': array([0.8928477 , 0.9799108 , 0.7899356 , 0.79824495, 0.89404726],
      dtype=float32), 'accuracy': array([0.6232558 , 0.9380098 , 0.        , 0.02238806, 0.8611111 ],
      dtype=float32), 'f1': {'micro': tensor(0.7462), 'macro': tensor(0.4564), 'none': tensor([0.6147, 0.9312, 0.0000, 0.0438, 0.6923])}}
Training : Epoch [7/50], Loss: 0.6542
Testing : Epoch [7/50], Loss: 0.8246, results: {'mAP': 0.52889836, 'mAR': 0.50400126, 'mAUC': 0.87272614, 'm_Accuracy': 0.50400126, 'ap': array([0.6244344, 0.9078125, 0.       , 0.5      , 0.6122449],
      dtype=float32), 'ar': array([0.6418605 , 0.9477977 , 0.        , 0.09701493, 0.8333333 ],
      dtype=float32), 'auc': array([0.91269356, 0.980666  , 0.7641265 , 0.7979137 , 0.90823126],
      dtype=float32), 'accuracy': array([0.6418605 , 0.9477977 , 0.        , 0.09701493, 0.8333333 ],
      dtype=float32), 'f1': {'micro': tensor(0.7545), 'macro': tensor(0.4858), 'none': tensor([0.6330, 0.9274, 0.0000, 0.1625, 0.7059])}}
Training : Epoch [8/50], Loss: 0.6287
Testing : Epoch [8/50], Loss: 0.7947, results: {'mAP': 0.53443205, 'mAR': 0.5299785, 'mAUC': 0.88185346, 'm_Accuracy': 0.5299785, 'ap': array([0.72619045, 0.9467554 , 0.        , 0.40186915, 0.5973451 ],
      dtype=float32), 'ar': array([0.5674419 , 0.9282219 , 0.        , 0.32089552, 0.8333333 ],
      dtype=float32), 'auc': array([0.9041685, 0.9776178, 0.7997667, 0.8051576, 0.9225567],
      dtype=float32), 'accuracy': array([0.5674419 , 0.9282219 , 0.        , 0.32089552, 0.8333333 ],
      dtype=float32), 'f1': {'micro': tensor(0.7560), 'macro': tensor(0.5254), 'none': tensor([0.6371, 0.9374, 0.0000, 0.3568, 0.6959])}}
Training : Epoch [9/50], Loss: 0.6130
Testing : Epoch [9/50], Loss: 0.7860, results: {'mAP': 0.52992994, 'mAR': 0.52202654, 'mAUC': 0.8878083, 'm_Accuracy': 0.52202654, 'ap': array([0.5031447 , 0.91613925, 0.        , 0.5263158 , 0.7040498 ],
      dtype=float32), 'ar': array([0.74418604, 0.9445351 , 0.        , 0.2238806 , 0.69753087],
      dtype=float32), 'auc': array([0.9096262 , 0.9823749 , 0.81881803, 0.82142055, 0.9068018 ],
      dtype=float32), 'accuracy': array([0.74418604, 0.9445351 , 0.        , 0.2238806 , 0.69753087],
      dtype=float32), 'f1': {'micro': tensor(0.7492), 'macro': tensor(0.5091), 'none': tensor([0.6004, 0.9301, 0.0000, 0.3141, 0.7008])}}
Training : Epoch [10/50], Loss: 0.5532
Testing : Epoch [10/50], Loss: 0.7170, results: {'mAP': 0.57072365, 'mAR': 0.5463825, 'mAUC': 0.8908924, 'm_Accuracy': 0.5463825, 'ap': array([0.62240666, 0.9250399 , 0.25      , 0.37748346, 0.6786885 ],
      dtype=float32), 'ar': array([0.6976744 , 0.9461664 , 0.02380952, 0.42537314, 0.6388889 ],
      dtype=float32), 'auc': array([0.9182891 , 0.98383737, 0.828353  , 0.8132578 , 0.9107244 ],
      dtype=float32), 'accuracy': array([0.6976744 , 0.9461664 , 0.02380952, 0.42537314, 0.6388889 ],
      dtype=float32), 'f1': {'micro': tensor(0.7492), 'macro': tensor(0.5390), 'none': tensor([0.6579, 0.9355, 0.0435, 0.4000, 0.6582])}}
Training : Epoch [11/50], Loss: 0.5378
Testing : Epoch [11/50], Loss: 0.6962, results: {'mAP': 0.63284624, 'mAR': 0.55996543, 'mAUC': 0.9040964, 'm_Accuracy': 0.55996543, 'ap': array([0.73939395, 0.95666665, 0.33333334, 0.51578945, 0.61904764],
      dtype=float32), 'ar': array([0.5674419 , 0.9363785 , 0.04761905, 0.36567163, 0.88271606],
      dtype=float32), 'auc': array([0.9210347 , 0.9861965 , 0.85455084, 0.83747095, 0.92122865],
      dtype=float32), 'accuracy': array([0.5674419 , 0.9363785 , 0.04761905, 0.36567163, 0.88271606],
      dtype=float32), 'f1': {'micro': tensor(0.7779), 'macro': tensor(0.5655), 'none': tensor([0.6421, 0.9464, 0.0833, 0.4279, 0.7277])}}
Saving ./data/aug/0.05_0.0001_5/checkpoint_10.pt
Training : Epoch [12/50], Loss: 0.4917
Testing : Epoch [12/50], Loss: 0.6543, results: {'mAP': 0.59542525, 'mAR': 0.5557945, 'mAUC': 0.89562476, 'm_Accuracy': 0.5557945, 'ap': array([0.70454544, 0.9313725 , 0.2857143 , 0.37748346, 0.67801046],
      dtype=float32), 'ar': array([0.5767442 , 0.9298532 , 0.04761905, 0.42537314, 0.7993827 ],
      dtype=float32), 'auc': array([0.9029817 , 0.98245704, 0.85854995, 0.8154516 , 0.9186833 ],
      dtype=float32), 'accuracy': array([0.5767442 , 0.9298532 , 0.04761905, 0.42537314, 0.7993827 ],
      dtype=float32), 'f1': {'micro': tensor(0.7620), 'macro': tensor(0.5560), 'none': tensor([0.6343, 0.9306, 0.0816, 0.4000, 0.7337])}}
Training : Epoch [13/50], Loss: 0.4636
Testing : Epoch [13/50], Loss: 0.6302, results: {'mAP': 0.6226125, 'mAR': 0.5626891, 'mAUC': 0.90204, 'm_Accuracy': 0.5626891, 'ap': array([0.5212121 , 0.9375    , 0.26666668, 0.66101694, 0.7266667 ],
      dtype=float32), 'ar': array([0.8       , 0.954323  , 0.0952381 , 0.29104477, 0.6728395 ],
      dtype=float32), 'auc': array([0.91021127, 0.98530215, 0.8706213 , 0.8426398 , 0.9014252 ],
      dtype=float32), 'accuracy': array([0.8       , 0.954323  , 0.0952381 , 0.29104477, 0.6728395 ],
      dtype=float32), 'f1': {'micro': tensor(0.7666), 'macro': tensor(0.5640), 'none': tensor([0.6312, 0.9458, 0.1404, 0.4041, 0.6987])}}
Training : Epoch [14/50], Loss: 0.4165
Testing : Epoch [14/50], Loss: 0.5763, results: {'mAP': 0.5967116, 'mAR': 0.5718912, 'mAUC': 0.9001621, 'm_Accuracy': 0.5718912, 'ap': array([0.6963351 , 0.9399351 , 0.22222222, 0.44537815, 0.6796875 ],
      dtype=float32), 'ar': array([0.61860466, 0.9445351 , 0.0952381 , 0.3955224 , 0.8055556 ],
      dtype=float32), 'auc': array([0.9163668 , 0.98309815, 0.84999627, 0.83238953, 0.91896   ],
      dtype=float32), 'accuracy': array([0.61860466, 0.9445351 , 0.0952381 , 0.3955224 , 0.8055556 ],
      dtype=float32), 'f1': {'micro': tensor(0.7756), 'macro': tensor(0.5774), 'none': tensor([0.6552, 0.9422, 0.1333, 0.4190, 0.7373])}}
Training : Epoch [15/50], Loss: 0.3837
Testing : Epoch [15/50], Loss: 0.5518, results: {'mAP': 0.616873, 'mAR': 0.54457784, 'mAUC': 0.9046477, 'm_Accuracy': 0.54457784, 'ap': array([0.74172187, 0.95952785, 0.25      , 0.537037  , 0.59607846],
      dtype=float32), 'ar': array([0.52093023, 0.9282219 , 0.11904762, 0.21641791, 0.9382716 ],
      dtype=float32), 'auc': array([0.9172862, 0.9853501, 0.8320373, 0.8635153, 0.9250498],
      dtype=float32), 'accuracy': array([0.52093023, 0.9282219 , 0.11904762, 0.21641791, 0.9382716 ],
      dtype=float32), 'f1': {'micro': tensor(0.7673), 'macro': tensor(0.5509), 'none': tensor([0.6120, 0.9436, 0.1613, 0.3085, 0.7290])}}
Training : Epoch [16/50], Loss: 0.3542
Testing : Epoch [16/50], Loss: 0.5232, results: {'mAP': 0.614458, 'mAR': 0.5845596, 'mAUC': 0.9019985, 'm_Accuracy': 0.5845596, 'ap': array([0.672043  , 0.9319287 , 0.33333334, 0.44715446, 0.6878307 ],
      dtype=float32), 'ar': array([0.5813953 , 0.9380098 , 0.1904762 , 0.41044775, 0.80246913],
      dtype=float32), 'auc': array([0.9096262 , 0.9818684 , 0.86706656, 0.8342021 , 0.91722924],
      dtype=float32), 'accuracy': array([0.5813953 , 0.9380098 , 0.1904762 , 0.41044775, 0.80246913],
      dtype=float32), 'f1': {'micro': tensor(0.7703), 'macro': tensor(0.5939), 'none': tensor([0.6234, 0.9350, 0.2424, 0.4280, 0.7407])}}
Training : Epoch [17/50], Loss: 0.3166
Testing : Epoch [17/50], Loss: 0.4926, results: {'mAP': 0.59126014, 'mAR': 0.5950406, 'mAUC': 0.9057212, 'm_Accuracy': 0.5950406, 'ap': array([0.5991903 , 0.9629005 , 0.25      , 0.4071856 , 0.73702425],
      dtype=float32), 'ar': array([0.6883721, 0.9314845, 0.1904762, 0.5074627, 0.6574074],
      dtype=float32), 'auc': array([0.9166635 , 0.98279244, 0.8742687 , 0.8515838 , 0.9032973 ],
      dtype=float32), 'accuracy': array([0.6883721, 0.9314845, 0.1904762, 0.5074627, 0.6574074],
      dtype=float32), 'f1': {'micro': tensor(0.7590), 'macro': tensor(0.5901), 'none': tensor([0.6407, 0.9469, 0.2162, 0.4518, 0.6949])}}
Training : Epoch [18/50], Loss: 0.2673
Testing : Epoch [18/50], Loss: 0.4449, results: {'mAP': 0.6543356, 'mAR': 0.6088421, 'mAUC': 0.91064835, 'm_Accuracy': 0.6088421, 'ap': array([0.62396693, 0.9614094 , 0.43333334, 0.57377046, 0.67919797],
      dtype=float32), 'ar': array([0.7023256 , 0.93474716, 0.30952382, 0.26119402, 0.83641976],
      dtype=float32), 'auc': array([0.91901207, 0.9847044 , 0.8737873 , 0.8581277 , 0.9176104 ],
      dtype=float32), 'accuracy': array([0.7023256 , 0.93474716, 0.30952382, 0.26119402, 0.83641976],
      dtype=float32), 'f1': {'micro': tensor(0.7854), 'macro': tensor(0.6157), 'none': tensor([0.6608, 0.9479, 0.3611, 0.3590, 0.7497])}}
Training : Epoch [19/50], Loss: 0.2715
Testing : Epoch [19/50], Loss: 0.4619, results: {'mAP': 0.60683644, 'mAR': 0.57179683, 'mAUC': 0.8938441, 'm_Accuracy': 0.57179683, 'ap': array([0.5769231 , 0.9220779 , 0.29411766, 0.5326087 , 0.7084548 ],
      dtype=float32), 'ar': array([0.6976744 , 0.92659056, 0.11904762, 0.36567163, 0.75      ],
      dtype=float32), 'auc': array([0.90693915, 0.98020285, 0.8120973 , 0.85498387, 0.9149974 ],
      dtype=float32), 'accuracy': array([0.6976744 , 0.92659056, 0.11904762, 0.36567163, 0.75      ],
      dtype=float32), 'f1': {'micro': tensor(0.7643), 'macro': tensor(0.5775), 'none': tensor([0.6316, 0.9243, 0.1695, 0.4336, 0.7286])}}
Training : Epoch [20/50], Loss: 0.2046
Testing : Epoch [20/50], Loss: 0.3782, results: {'mAP': 0.6335468, 'mAR': 0.6205004, 'mAUC': 0.9068804, 'm_Accuracy': 0.6205004, 'ap': array([0.67105263, 0.96127945, 0.2244898 , 0.6179775 , 0.6929348 ],
      dtype=float32), 'ar': array([0.7116279 , 0.9314845 , 0.26190478, 0.41044775, 0.787037  ],
      dtype=float32), 'auc': array([0.9256859 , 0.9829042 , 0.86140114, 0.850265  , 0.9141459 ],
      dtype=float32), 'accuracy': array([0.7116279 , 0.9314845 , 0.26190478, 0.41044775, 0.787037  ],
      dtype=float32), 'f1': {'micro': tensor(0.7869), 'macro': tensor(0.6218), 'none': tensor([0.6907, 0.9461, 0.2418, 0.4933, 0.7370])}}
Training : Epoch [21/50], Loss: 0.1898
Testing : Epoch [21/50], Loss: 0.3862, results: {'mAP': 0.61109364, 'mAR': 0.61180705, 'mAUC': 0.90704906, 'm_Accuracy': 0.61180705, 'ap': array([0.66341466, 0.9476268 , 0.25454545, 0.49074075, 0.6991404 ],
      dtype=float32), 'ar': array([0.63255817, 0.9445351 , 0.33333334, 0.3955224 , 0.75308645],
      dtype=float32), 'auc': array([0.91781276, 0.98127747, 0.872732  , 0.8585152 , 0.9049081 ],
      dtype=float32), 'accuracy': array([0.63255817, 0.9445351 , 0.33333334, 0.3955224 , 0.75308645],
      dtype=float32), 'f1': {'micro': tensor(0.7726), 'macro': tensor(0.6091), 'none': tensor([0.6476, 0.9461, 0.2887, 0.4380, 0.7251])}}
Saving ./data/aug/0.05_0.0001_5/checkpoint_20.pt
Training : Epoch [22/50], Loss: 0.1548
Testing : Epoch [22/50], Loss: 0.3436, results: {'mAP': 0.63997746, 'mAR': 0.60305387, 'mAUC': 0.909345, 'm_Accuracy': 0.60305387, 'ap': array([0.625     , 0.94909686, 0.375     , 0.53846157, 0.7123288 ],
      dtype=float32), 'ar': array([0.60465115, 0.94290376, 0.14285715, 0.52238804, 0.80246913],
      dtype=float32), 'auc': array([0.9005913 , 0.9854869 , 0.84836704, 0.89295983, 0.9193196 ],
      dtype=float32), 'accuracy': array([0.60465115, 0.94290376, 0.14285715, 0.52238804, 0.80246913],
      dtype=float32), 'f1': {'micro': tensor(0.7861), 'macro': tensor(0.6105), 'none': tensor([0.6147, 0.9460, 0.2069, 0.5303, 0.7547])}}
Training : Epoch [23/50], Loss: 0.1328
Testing : Epoch [23/50], Loss: 0.3261, results: {'mAP': 0.6388433, 'mAR': 0.6232427, 'mAUC': 0.9073021, 'm_Accuracy': 0.6232427, 'ap': array([0.6553398, 0.96     , 0.2820513, 0.5904762, 0.7063492],
      dtype=float32), 'ar': array([0.627907  , 0.9396411 , 0.26190478, 0.46268657, 0.8240741 ],
      dtype=float32), 'auc': array([0.9230824 , 0.9859889 , 0.83268535, 0.8759719 , 0.91878164],
      dtype=float32), 'accuracy': array([0.627907  , 0.9396411 , 0.26190478, 0.46268657, 0.8240741 ],
      dtype=float32), 'f1': {'micro': tensor(0.7914), 'macro': tensor(0.6284), 'none': tensor([0.6413, 0.9497, 0.2716, 0.5188, 0.7607])}}
Training : Epoch [24/50], Loss: 0.0985
Testing : Epoch [24/50], Loss: 0.3254, results: {'mAP': 0.61693007, 'mAR': 0.61438847, 'mAUC': 0.9066532, 'm_Accuracy': 0.61438847, 'ap': array([0.5975104 , 0.979346  , 0.32258064, 0.4722222 , 0.71299094],
      dtype=float32), 'ar': array([0.66976744, 0.9282219 , 0.23809524, 0.5074627 , 0.72839504],
      dtype=float32), 'auc': array([0.91237175, 0.9833012 , 0.86512256, 0.8734031 , 0.8990673 ],
      dtype=float32), 'accuracy': array([0.66976744, 0.9282219 , 0.23809524, 0.5074627 , 0.72839504],
      dtype=float32), 'f1': {'micro': tensor(0.7733), 'macro': tensor(0.6137), 'none': tensor([0.6316, 0.9531, 0.2740, 0.4892, 0.7206])}}
Training : Epoch [25/50], Loss: 0.1039
Testing : Epoch [25/50], Loss: 0.3189, results: {'mAP': 0.62238514, 'mAR': 0.61683726, 'mAUC': 0.90142596, 'm_Accuracy': 0.61683726, 'ap': array([0.6460177 , 0.95952785, 0.25581396, 0.55140185, 0.69916433],
      dtype=float32), 'ar': array([0.67906976, 0.9282219 , 0.26190478, 0.4402985 , 0.77469134],
      dtype=float32), 'auc': array([0.9195303 , 0.98010015, 0.8529401 , 0.85066503, 0.9038937 ],
      dtype=float32), 'accuracy': array([0.67906976, 0.9282219 , 0.26190478, 0.4402985 , 0.77469134],
      dtype=float32), 'f1': {'micro': tensor(0.7801), 'macro': tensor(0.6178), 'none': tensor([0.6621, 0.9436, 0.2588, 0.4896, 0.7350])}}
Training : Epoch [26/50], Loss: 0.0938
Testing : Epoch [26/50], Loss: 0.3241, results: {'mAP': 0.6172813, 'mAR': 0.60052, 'mAUC': 0.90697956, 'm_Accuracy': 0.60052, 'ap': array([0.5729927, 0.9601329, 0.3181818, 0.5      , 0.7350993],
      dtype=float32), 'ar': array([0.73023254, 0.94290376, 0.16666667, 0.47761193, 0.6851852 ],
      dtype=float32), 'auc': array([0.91540986, 0.98489374, 0.86865884, 0.85837144, 0.90756416],
      dtype=float32), 'accuracy': array([0.73023254, 0.94290376, 0.16666667, 0.47761193, 0.6851852 ],
      dtype=float32), 'f1': {'micro': tensor(0.7741), 'macro': tensor(0.6020), 'none': tensor([0.6421, 0.9514, 0.2188, 0.4885, 0.7093])}}
Training : Epoch [27/50], Loss: 0.0869
Testing : Epoch [27/50], Loss: 0.3165, results: {'mAP': 0.6317748, 'mAR': 0.6047712, 'mAUC': 0.8998995, 'm_Accuracy': 0.6047712, 'ap': array([0.64069265, 0.9491803 , 0.34615386, 0.5420561 , 0.68079096],
      dtype=float32), 'ar': array([0.6883721 , 0.9445351 , 0.21428572, 0.43283582, 0.74382716],
      dtype=float32), 'auc': array([0.9101026 , 0.9825916 , 0.8214286 , 0.87277806, 0.9125965 ],
      dtype=float32), 'accuracy': array([0.6883721 , 0.9445351 , 0.21428572, 0.43283582, 0.74382716],
      dtype=float32), 'f1': {'micro': tensor(0.7794), 'macro': tensor(0.6135), 'none': tensor([0.6637, 0.9469, 0.2647, 0.4813, 0.7109])}}
Training : Epoch [28/50], Loss: 0.0770
Testing : Epoch [28/50], Loss: 0.3402, results: {'mAP': 0.6305372, 'mAR': 0.5813667, 'mAUC': 0.89554197, 'm_Accuracy': 0.5813667, 'ap': array([0.6434783 , 0.97068965, 0.3181818 , 0.56666666, 0.6536697 ],
      dtype=float32), 'ar': array([0.6883721 , 0.9184339 , 0.16666667, 0.25373134, 0.8796296 ],
      dtype=float32), 'auc': array([0.90756595, 0.98079604, 0.8229467 , 0.8505275 , 0.9158735 ],
      dtype=float32), 'accuracy': array([0.6883721 , 0.9184339 , 0.16666667, 0.25373134, 0.8796296 ],
      dtype=float32), 'f1': {'micro': tensor(0.7809), 'macro': tensor(0.5857), 'none': tensor([0.6652, 0.9438, 0.2188, 0.3505, 0.7500])}}
Training : Epoch [29/50], Loss: 0.0581
Testing : Epoch [29/50], Loss: 0.2962, results: {'mAP': 0.6378174, 'mAR': 0.5939829, 'mAUC': 0.8954155, 'm_Accuracy': 0.5939829, 'ap': array([0.6085271, 0.9680672, 0.25     , 0.6619718, 0.7005208],
      dtype=float32), 'ar': array([0.73023254, 0.9396411 , 0.11904762, 0.35074627, 0.8302469 ],
      dtype=float32), 'auc': array([0.92267704, 0.983883  , 0.7947493 , 0.8501525 , 0.92561543],
      dtype=float32), 'accuracy': array([0.73023254, 0.9396411 , 0.11904762, 0.35074627, 0.8302469 ],
      dtype=float32), 'f1': {'micro': tensor(0.7937), 'macro': tensor(0.5994), 'none': tensor([0.6638, 0.9536, 0.1613, 0.4585, 0.7599])}}
Training : Epoch [30/50], Loss: 0.0586
Testing : Epoch [30/50], Loss: 0.3060, results: {'mAP': 0.60881597, 'mAR': 0.5863749, 'mAUC': 0.9049899, 'm_Accuracy': 0.5863749, 'ap': array([0.6730769 , 0.959596  , 0.17391305, 0.57      , 0.6674938 ],
      dtype=float32), 'ar': array([0.6511628 , 0.9298532 , 0.0952381 , 0.42537314, 0.8302469 ],
      dtype=float32), 'auc': array([0.90660065, 0.9852816 , 0.86628896, 0.85068375, 0.9160949 ],
      dtype=float32), 'accuracy': array([0.6511628 , 0.9298532 , 0.0952381 , 0.42537314, 0.8302469 ],
      dtype=float32), 'f1': {'micro': tensor(0.7831), 'macro': tensor(0.5913), 'none': tensor([0.6619, 0.9445, 0.1231, 0.4872, 0.7400])}}
Training : Epoch [31/50], Loss: 0.0393
Testing : Epoch [31/50], Loss: 0.2837, results: {'mAP': 0.63832587, 'mAR': 0.59874135, 'mAUC': 0.8932832, 'm_Accuracy': 0.59874135, 'ap': array([0.62447256, 0.96039605, 0.35      , 0.5543478 , 0.70241284],
      dtype=float32), 'ar': array([0.6883721 , 0.94942904, 0.16666667, 0.38059703, 0.80864197],
      dtype=float32), 'auc': array([0.92009026, 0.98541164, 0.7965822 , 0.8459836 , 0.9183482 ],
      dtype=float32), 'accuracy': array([0.6883721 , 0.94942904, 0.16666667, 0.38059703, 0.80864197],
      dtype=float32), 'f1': {'micro': tensor(0.7907), 'macro': tensor(0.6077), 'none': tensor([0.6549, 0.9549, 0.2258, 0.4513, 0.7518])}}
Saving ./data/aug/0.05_0.0001_5/checkpoint_30.pt
Training : Epoch [32/50], Loss: 0.0320
Testing : Epoch [32/50], Loss: 0.2797, results: {'mAP': 0.63239384, 'mAR': 0.62543976, 'mAUC': 0.9015876, 'm_Accuracy': 0.62543976, 'ap': array([0.62393165, 0.9522241 , 0.34375   , 0.49285713, 0.74920636],
      dtype=float32), 'ar': array([0.67906976, 0.94290376, 0.26190478, 0.51492536, 0.72839504],
      dtype=float32), 'auc': array([0.91985625, 0.9833902 , 0.8300748 , 0.86721545, 0.90740126],
      dtype=float32), 'accuracy': array([0.67906976, 0.94290376, 0.26190478, 0.51492536, 0.72839504],
      dtype=float32), 'f1': {'micro': tensor(0.7831), 'macro': tensor(0.6275), 'none': tensor([0.6503, 0.9475, 0.2973, 0.5036, 0.7387])}}
Training : Epoch [33/50], Loss: 0.0348
Testing : Epoch [33/50], Loss: 0.2889, results: {'mAP': 0.6206155, 'mAR': 0.61050195, 'mAUC': 0.89878845, 'm_Accuracy': 0.61050195, 'ap': array([0.6086956, 0.96     , 0.28125  , 0.5371901, 0.715942 ],
      dtype=float32), 'ar': array([0.6511628 , 0.9396411 , 0.21428572, 0.48507464, 0.7623457 ],
      dtype=float32), 'auc': array([0.91769993, 0.9843233 , 0.8213915 , 0.8641466 , 0.90638065],
      dtype=float32), 'accuracy': array([0.6511628 , 0.9396411 , 0.21428572, 0.48507464, 0.7623457 ],
      dtype=float32), 'f1': {'micro': tensor(0.7809), 'macro': tensor(0.6141), 'none': tensor([0.6292, 0.9497, 0.2432, 0.5098, 0.7384])}}
Training : Epoch [34/50], Loss: 0.0265
Testing : Epoch [34/50], Loss: 0.2737, results: {'mAP': 0.62774545, 'mAR': 0.6107949, 'mAUC': 0.89744616, 'm_Accuracy': 0.6107949, 'ap': array([0.6650943 , 0.947541  , 0.31034482, 0.4918033 , 0.72394365],
      dtype=float32), 'ar': array([0.65581393, 0.94290376, 0.21428572, 0.4477612 , 0.79320985],
      dtype=float32), 'auc': array([0.9126267 , 0.9862102 , 0.7980264 , 0.87056553, 0.91980225],
      dtype=float32), 'accuracy': array([0.65581393, 0.94290376, 0.21428572, 0.4477612 , 0.79320985],
      dtype=float32), 'f1': {'micro': tensor(0.7869), 'macro': tensor(0.6170), 'none': tensor([0.6604, 0.9452, 0.2535, 0.4688, 0.7570])}}
Training : Epoch [35/50], Loss: 0.0308
Testing : Epoch [35/50], Loss: 0.2753, results: {'mAP': 0.6271393, 'mAR': 0.613798, 'mAUC': 0.90049374, 'm_Accuracy': 0.613798, 'ap': array([0.685     , 0.9415584 , 0.20930232, 0.5740741 , 0.7257618 ],
      dtype=float32), 'ar': array([0.6372093 , 0.9461664 , 0.21428572, 0.46268657, 0.80864197],
      dtype=float32), 'auc': array([0.92013204, 0.9844146 , 0.8094868 , 0.8644216 , 0.9240138 ],
      dtype=float32), 'accuracy': array([0.6372093 , 0.9461664 , 0.21428572, 0.46268657, 0.80864197],
      dtype=float32), 'f1': {'micro': tensor(0.7907), 'macro': tensor(0.6186), 'none': tensor([0.6602, 0.9439, 0.2118, 0.5124, 0.7650])}}
Training : Epoch [36/50], Loss: 0.0215
Testing : Epoch [36/50], Loss: 0.2770, results: {'mAP': 0.63966435, 'mAR': 0.6254178, 'mAUC': 0.90655243, 'm_Accuracy': 0.6254178, 'ap': array([0.6412556 , 0.96134454, 0.31428573, 0.5648148 , 0.7166213 ],
      dtype=float32), 'ar': array([0.66511625, 0.93311584, 0.26190478, 0.4552239 , 0.8117284 ],
      dtype=float32), 'auc': array([0.91745335, 0.9853432 , 0.834185  , 0.87787193, 0.9179086 ],
      dtype=float32), 'accuracy': array([0.66511625, 0.93311584, 0.26190478, 0.4552239 , 0.8117284 ],
      dtype=float32), 'f1': {'micro': tensor(0.7907), 'macro': tensor(0.6302), 'none': tensor([0.6530, 0.9470, 0.2857, 0.5041, 0.7612])}}
Training : Epoch [37/50], Loss: 0.0220
Testing : Epoch [37/50], Loss: 0.2710, results: {'mAP': 0.61934, 'mAR': 0.6008963, 'mAUC': 0.90113974, 'm_Accuracy': 0.6008963, 'ap': array([0.6635514 , 0.94796747, 0.23809524, 0.5203252 , 0.72676057],
      dtype=float32), 'ar': array([0.6604651 , 0.95106035, 0.11904762, 0.47761193, 0.7962963 ],
      dtype=float32), 'auc': array([0.91862345, 0.987627  , 0.8074502 , 0.8726843 , 0.9193135 ],
      dtype=float32), 'accuracy': array([0.6604651 , 0.95106035, 0.11904762, 0.47761193, 0.7962963 ],
      dtype=float32), 'f1': {'micro': tensor(0.7922), 'macro': tensor(0.6056), 'none': tensor([0.6620, 0.9495, 0.1587, 0.4981, 0.7599])}}
Training : Epoch [38/50], Loss: 0.0159
Testing : Epoch [38/50], Loss: 0.2764, results: {'mAP': 0.63054574, 'mAR': 0.60116446, 'mAUC': 0.90272075, 'm_Accuracy': 0.60116446, 'ap': array([0.61924684, 0.9448052 , 0.33333334, 0.5272727 , 0.7280702 ],
      dtype=float32), 'ar': array([0.6883721 , 0.94942904, 0.16666667, 0.43283582, 0.7685185 ],
      dtype=float32), 'auc': array([0.92108065, 0.98418415, 0.82500184, 0.85887146, 0.9244657 ],
      dtype=float32), 'accuracy': array([0.6883721 , 0.94942904, 0.16666667, 0.43283582, 0.7685185 ],
      dtype=float32), 'f1': {'micro': tensor(0.7861), 'macro': tensor(0.6089), 'none': tensor([0.6520, 0.9471, 0.2222, 0.4754, 0.7477])}}
Training : Epoch [39/50], Loss: 0.0197
Testing : Epoch [39/50], Loss: 0.2922, results: {'mAP': 0.6303896, 'mAR': 0.60996854, 'mAUC': 0.8835918, 'm_Accuracy': 0.60996854, 'ap': array([0.5683453 , 0.9522241 , 0.33333334, 0.55445546, 0.74358976],
      dtype=float32), 'ar': array([0.7348837 , 0.94290376, 0.23809524, 0.41791046, 0.7160494 ],
      dtype=float32), 'auc': array([0.9144278 , 0.9848458 , 0.7736059 , 0.8330208 , 0.91205853],
      dtype=float32), 'accuracy': array([0.7348837 , 0.94290376, 0.23809524, 0.41791046, 0.7160494 ],
      dtype=float32), 'f1': {'micro': tensor(0.7786), 'macro': tensor(0.6145), 'none': tensor([0.6410, 0.9475, 0.2778, 0.4766, 0.7296])}}
Training : Epoch [40/50], Loss: 0.0198
Testing : Epoch [40/50], Loss: 0.2762, results: {'mAP': 0.63819516, 'mAR': 0.6221506, 'mAUC': 0.8890093, 'm_Accuracy': 0.6221506, 'ap': array([0.64285713, 0.9525368 , 0.33333334, 0.52272725, 0.73952097],
      dtype=float32), 'ar': array([0.66976744, 0.94942904, 0.21428572, 0.51492536, 0.7623457 ],
      dtype=float32), 'auc': array([0.91439855, 0.9868536 , 0.7679775 , 0.8569277 , 0.9188893 ],
      dtype=float32), 'accuracy': array([0.66976744, 0.94942904, 0.21428572, 0.51492536, 0.7623457 ],
      dtype=float32), 'f1': {'micro': tensor(0.7914), 'macro': tensor(0.6275), 'none': tensor([0.6560, 0.9510, 0.2609, 0.5188, 0.7508])}}
Training : Epoch [41/50], Loss: 0.0216
Testing : Epoch [41/50], Loss: 0.2946, results: {'mAP': 0.6135855, 'mAR': 0.58581126, 'mAUC': 0.89093715, 'm_Accuracy': 0.58581126, 'ap': array([0.6       , 0.9537954 , 0.25      , 0.5494506 , 0.71468145],
      dtype=float32), 'ar': array([0.6976744 , 0.94290376, 0.11904762, 0.37313432, 0.7962963 ],
      dtype=float32), 'auc': array([0.9088029 , 0.98423207, 0.77730876, 0.85657763, 0.92776424],
      dtype=float32), 'accuracy': array([0.6976744 , 0.94290376, 0.11904762, 0.37313432, 0.7962963 ],
      dtype=float32), 'f1': {'micro': tensor(0.7839), 'macro': tensor(0.5905), 'none': tensor([0.6452, 0.9483, 0.1613, 0.4444, 0.7533])}}
Saving ./data/aug/0.05_0.0001_5/checkpoint_40.pt
Training : Epoch [42/50], Loss: 0.0156
Testing : Epoch [42/50], Loss: 0.2948, results: {'mAP': 0.6017122, 'mAR': 0.5910193, 'mAUC': 0.89556056, 'm_Accuracy': 0.5910193, 'ap': array([0.6336207 , 0.95522386, 0.23809524, 0.46268657, 0.7189349 ],
      dtype=float32), 'ar': array([0.68372095, 0.9396411 , 0.11904762, 0.46268657, 0.75      ],
      dtype=float32), 'auc': array([0.91110975, 0.98657984, 0.8114123 , 0.8581027 , 0.91059834],
      dtype=float32), 'accuracy': array([0.68372095, 0.9396411 , 0.11904762, 0.46268657, 0.75      ],
      dtype=float32), 'f1': {'micro': tensor(0.7779), 'macro': tensor(0.5921), 'none': tensor([0.6577, 0.9474, 0.1587, 0.4627, 0.7341])}}
