Train size = 5308, Test size = 1328
Classes : ['affected', 'destroyed', 'major', 'minor', 'no_damage']
Training : Epoch [1/50], Loss: 1.5557
Testing : Epoch [1/50], Loss: 1.9392, results: {'mAP': 0.09231928, 'mAR': 0.2, 'mAUC': 0.54616535, 'm_Accuracy': 0.2, 'ap': array([0.       , 0.4615964, 0.       , 0.       , 0.       ],
      dtype=float32), 'ar': array([0., 1., 0., 0., 0.], dtype=float32), 'auc': array([0.52653   , 0.6960426 , 0.51669997, 0.44544238, 0.5461118 ],
      dtype=float32), 'accuracy': array([0., 1., 0., 0., 0.], dtype=float32), 'f1': {'micro': tensor(0.4616), 'macro': tensor(0.1263), 'none': tensor([0.0000, 0.6316, 0.0000, 0.0000, 0.0000])}}
Saving ./data/aug/0.005_0.001_25/checkpoint_0.pt
Training : Epoch [2/50], Loss: 1.4683
Testing : Epoch [2/50], Loss: 1.8259, results: {'mAP': 0.09231928, 'mAR': 0.2, 'mAUC': 0.59370154, 'm_Accuracy': 0.2, 'ap': array([0.       , 0.4615964, 0.       , 0.       , 0.       ],
      dtype=float32), 'ar': array([0., 1., 0., 0., 0.], dtype=float32), 'auc': array([0.57185066, 0.7380577 , 0.5588388 , 0.55423886, 0.5455216 ],
      dtype=float32), 'accuracy': array([0., 1., 0., 0., 0.], dtype=float32), 'f1': {'micro': tensor(0.4616), 'macro': tensor(0.1263), 'none': tensor([0.0000, 0.6316, 0.0000, 0.0000, 0.0000])}}
Training : Epoch [3/50], Loss: 1.3832
Testing : Epoch [3/50], Loss: 1.7244, results: {'mAP': 0.09231928, 'mAR': 0.2, 'mAUC': 0.61269385, 'm_Accuracy': 0.2, 'ap': array([0.       , 0.4615964, 0.       , 0.       , 0.       ],
      dtype=float32), 'ar': array([0., 1., 0., 0., 0.], dtype=float32), 'auc': array([0.6098038 , 0.78401077, 0.5968303 , 0.5125316 , 0.5602928 ],
      dtype=float32), 'accuracy': array([0., 1., 0., 0., 0.], dtype=float32), 'f1': {'micro': tensor(0.4616), 'macro': tensor(0.1263), 'none': tensor([0.0000, 0.6316, 0.0000, 0.0000, 0.0000])}}
Training : Epoch [4/50], Loss: 1.3417
Testing : Epoch [4/50], Loss: 1.6772, results: {'mAP': 0.09231928, 'mAR': 0.2, 'mAUC': 0.65919477, 'm_Accuracy': 0.2, 'ap': array([0.       , 0.4615964, 0.       , 0.       , 0.       ],
      dtype=float32), 'ar': array([0., 1., 0., 0., 0.], dtype=float32), 'auc': array([0.68459433, 0.83244616, 0.5954232 , 0.55516386, 0.6283462 ],
      dtype=float32), 'accuracy': array([0., 1., 0., 0., 0.], dtype=float32), 'f1': {'micro': tensor(0.4616), 'macro': tensor(0.1263), 'none': tensor([0.0000, 0.6316, 0.0000, 0.0000, 0.0000])}}
Training : Epoch [5/50], Loss: 1.3195
Testing : Epoch [5/50], Loss: 1.6480, results: {'mAP': 0.09231928, 'mAR': 0.2, 'mAUC': 0.725461, 'm_Accuracy': 0.2, 'ap': array([0.       , 0.4615964, 0.       , 0.       , 0.       ],
      dtype=float32), 'ar': array([0., 1., 0., 0., 0.], dtype=float32), 'auc': array([0.7078376 , 0.87699383, 0.6479671 , 0.6021525 , 0.79235375],
      dtype=float32), 'accuracy': array([0., 1., 0., 0., 0.], dtype=float32), 'f1': {'micro': tensor(0.4616), 'macro': tensor(0.1263), 'none': tensor([0.0000, 0.6316, 0.0000, 0.0000, 0.0000])}}
Training : Epoch [6/50], Loss: 1.2711
Testing : Epoch [6/50], Loss: 1.5698, results: {'mAP': 0.1989673, 'mAR': 0.24383621, 'mAUC': 0.7684558, 'm_Accuracy': 0.24383621, 'ap': array([0.        , 0.51290876, 0.        , 0.        , 0.48192772],
      dtype=float32), 'ar': array([0.        , 0.9722675 , 0.        , 0.        , 0.24691358],
      dtype=float32), 'auc': array([0.73655945, 0.91805977, 0.67520183, 0.6952236 , 0.81723416],
      dtype=float32), 'accuracy': array([0.        , 0.9722675 , 0.        , 0.        , 0.24691358],
      dtype=float32), 'f1': {'micro': tensor(0.5090), 'macro': tensor(0.1996), 'none': tensor([0.0000, 0.6715, 0.0000, 0.0000, 0.3265])}}
Training : Epoch [7/50], Loss: 1.0679
Testing : Epoch [7/50], Loss: 1.3025, results: {'mAP': 0.26581186, 'mAR': 0.36649147, 'mAUC': 0.77314883, 'm_Accuracy': 0.36649147, 'ap': array([0.        , 0.9080068 , 0.        , 0.        , 0.42105263],
      dtype=float32), 'ar': array([0.       , 0.8694943, 0.       , 0.       , 0.962963 ],
      dtype=float32), 'auc': array([0.73732007, 0.92977333, 0.6627231 , 0.70494264, 0.8309847 ],
      dtype=float32), 'accuracy': array([0.       , 0.8694943, 0.       , 0.       , 0.962963 ],
      dtype=float32), 'f1': {'micro': tensor(0.6363), 'macro': tensor(0.2948), 'none': tensor([0.0000, 0.8883, 0.0000, 0.0000, 0.5859])}}
Training : Epoch [8/50], Loss: 0.9204
Testing : Epoch [8/50], Loss: 1.1456, results: {'mAP': 0.27103972, 'mAR': 0.36609468, 'mAUC': 0.7977811, 'm_Accuracy': 0.36609468, 'ap': array([0.        , 0.94793534, 0.        , 0.        , 0.4072633 ],
      dtype=float32), 'ar': array([0.        , 0.86133766, 0.        , 0.        , 0.9691358 ],
      dtype=float32), 'auc': array([0.7872166 , 0.94318897, 0.68388504, 0.73735595, 0.837259  ],
      dtype=float32), 'accuracy': array([0.        , 0.86133766, 0.        , 0.        , 0.9691358 ],
      dtype=float32), 'f1': {'micro': tensor(0.6340), 'macro': tensor(0.2952), 'none': tensor([0.0000, 0.9026, 0.0000, 0.0000, 0.5735])}}
Training : Epoch [9/50], Loss: 0.8784
Testing : Epoch [9/50], Loss: 1.0951, results: {'mAP': 0.3715614, 'mAR': 0.38265362, 'mAUC': 0.80972147, 'm_Accuracy': 0.38265362, 'ap': array([0.5       , 0.92241377, 0.        , 0.        , 0.43539324],
      dtype=float32), 'ar': array([0.08372093, 0.87275696, 0.        , 0.        , 0.95679015],
      dtype=float32), 'auc': array([0.8142502, 0.9550075, 0.6988632, 0.7292432, 0.8512432],
      dtype=float32), 'accuracy': array([0.08372093, 0.87275696, 0.        , 0.        , 0.95679015],
      dtype=float32), 'f1': {'micro': tensor(0.6498), 'macro': tensor(0.3278), 'none': tensor([0.1434, 0.8969, 0.0000, 0.0000, 0.5985])}}
Training : Epoch [10/50], Loss: 0.8523
Testing : Epoch [10/50], Loss: 1.0600, results: {'mAP': 0.3881086, 'mAR': 0.42088085, 'mAUC': 0.8293966, 'm_Accuracy': 0.42088085, 'ap': array([0.5294118 , 0.93252593, 0.        , 0.        , 0.4786054 ],
      dtype=float32), 'ar': array([0.29302326, 0.87928224, 0.        , 0.        , 0.93209875],
      dtype=float32), 'auc': array([0.86811256, 0.9613    , 0.6967896 , 0.7457624 , 0.8750184 ],
      dtype=float32), 'accuracy': array([0.29302326, 0.87928224, 0.        , 0.        , 0.93209875],
      dtype=float32), 'f1': {'micro': tensor(0.6807), 'macro': tensor(0.3830), 'none': tensor([0.3772, 0.9051, 0.0000, 0.0000, 0.6325])}}
Training : Epoch [11/50], Loss: 0.8189
Testing : Epoch [11/50], Loss: 1.0200, results: {'mAP': 0.40241805, 'mAR': 0.44521254, 'mAUC': 0.8286864, 'm_Accuracy': 0.44521254, 'ap': array([0.5548387 , 0.9513889 , 0.        , 0.        , 0.50586265],
      dtype=float32), 'ar': array([0.4       , 0.8939641 , 0.        , 0.        , 0.93209875],
      dtype=float32), 'auc': array([0.8775403 , 0.96790975, 0.66116786, 0.76001275, 0.87680143],
      dtype=float32), 'accuracy': array([0.4       , 0.8939641 , 0.        , 0.        , 0.93209875],
      dtype=float32), 'f1': {'micro': tensor(0.7048), 'macro': tensor(0.4085), 'none': tensor([0.4649, 0.9218, 0.0000, 0.0000, 0.6558])}}
Saving ./data/aug/0.005_0.001_25/checkpoint_10.pt
Training : Epoch [12/50], Loss: 0.7992
Testing : Epoch [12/50], Loss: 0.9987, results: {'mAP': 0.41033664, 'mAR': 0.46286425, 'mAUC': 0.83670825, 'm_Accuracy': 0.46286425, 'ap': array([0.574359  , 0.9578207 , 0.        , 0.        , 0.51950353],
      dtype=float32), 'ar': array([0.52093023, 0.88907015, 0.        , 0.        , 0.904321  ],
      dtype=float32), 'auc': array([0.8810213 , 0.96211   , 0.6875139 , 0.7746256 , 0.87827086],
      dtype=float32), 'accuracy': array([0.52093023, 0.88907015, 0.        , 0.        , 0.904321  ],
      dtype=float32), 'f1': {'micro': tensor(0.7154), 'macro': tensor(0.4257), 'none': tensor([0.5463, 0.9222, 0.0000, 0.0000, 0.6599])}}
Training : Epoch [13/50], Loss: 0.7636
Testing : Epoch [13/50], Loss: 0.9657, results: {'mAP': 0.41462117, 'mAR': 0.47251916, 'mAUC': 0.8401433, 'm_Accuracy': 0.47251916, 'ap': array([0.5650224 , 0.988785  , 0.        , 0.        , 0.51929826],
      dtype=float32), 'ar': array([0.5860465 , 0.862969  , 0.        , 0.        , 0.91358024],
      dtype=float32), 'auc': array([0.8915439 , 0.9662419 , 0.6791454 , 0.77860695, 0.88517845],
      dtype=float32), 'accuracy': array([0.5860465 , 0.862969  , 0.        , 0.        , 0.91358024],
      dtype=float32), 'f1': {'micro': tensor(0.7161), 'macro': tensor(0.4318), 'none': tensor([0.5753, 0.9216, 0.0000, 0.0000, 0.6622])}}
Training : Epoch [14/50], Loss: 0.7377
Testing : Epoch [14/50], Loss: 0.9214, results: {'mAP': 0.4087382, 'mAR': 0.47139412, 'mAUC': 0.841684, 'm_Accuracy': 0.47139412, 'ap': array([0.56696427, 0.9062003 , 0.        , 0.        , 0.5705263 ],
      dtype=float32), 'ar': array([0.59069765, 0.9298532 , 0.        , 0.        , 0.83641976],
      dtype=float32), 'auc': array([0.899814 , 0.9726417, 0.672258 , 0.7701755, 0.8935308],
      dtype=float32), 'accuracy': array([0.59069765, 0.9298532 , 0.        , 0.        , 0.83641976],
      dtype=float32), 'f1': {'micro': tensor(0.7289), 'macro': tensor(0.4350), 'none': tensor([0.5786, 0.9179, 0.0000, 0.0000, 0.6783])}}
Training : Epoch [15/50], Loss: 0.7247
Testing : Epoch [15/50], Loss: 0.9113, results: {'mAP': 0.41813356, 'mAR': 0.4748245, 'mAUC': 0.8444702, 'm_Accuracy': 0.4748245, 'ap': array([0.6201923 , 0.93739426, 0.        , 0.        , 0.5330813 ],
      dtype=float32), 'ar': array([0.6      , 0.903752 , 0.       , 0.       , 0.8703704],
      dtype=float32), 'auc': array([0.893274  , 0.9700818 , 0.702455  , 0.76185656, 0.8946836 ],
      dtype=float32), 'accuracy': array([0.6      , 0.903752 , 0.       , 0.       , 0.8703704],
      dtype=float32), 'f1': {'micro': tensor(0.7267), 'macro': tensor(0.4383), 'none': tensor([0.6099, 0.9203, 0.0000, 0.0000, 0.6612])}}
Training : Epoch [16/50], Loss: 0.7024
Testing : Epoch [16/50], Loss: 0.8809, results: {'mAP': 0.42114434, 'mAR': 0.48341745, 'mAUC': 0.8491913, 'm_Accuracy': 0.48341745, 'ap': array([0.6       , 0.94666666, 0.        , 0.        , 0.5590551 ],
      dtype=float32), 'ar': array([0.6139535 , 0.92659056, 0.        , 0.        , 0.8765432 ],
      dtype=float32), 'auc': array([0.89128065, 0.9749803 , 0.7047508 , 0.7787882 , 0.89615613],
      dtype=float32), 'accuracy': array([0.6139535 , 0.92659056, 0.        , 0.        , 0.8765432 ],
      dtype=float32), 'f1': {'micro': tensor(0.7410), 'macro': tensor(0.4452), 'none': tensor([0.6069, 0.9365, 0.0000, 0.0000, 0.6827])}}
Training : Epoch [17/50], Loss: 0.6974
Testing : Epoch [17/50], Loss: 0.8806, results: {'mAP': 0.42740983, 'mAR': 0.4871921, 'mAUC': 0.8563917, 'm_Accuracy': 0.4871921, 'ap': array([0.6132075 , 0.97539544, 0.        , 0.        , 0.54844606],
      dtype=float32), 'ar': array([0.60465115, 0.90538335, 0.        , 0.        , 0.9259259 ],
      dtype=float32), 'auc': array([0.8976995 , 0.96865356, 0.73018956, 0.78264457, 0.90277165],
      dtype=float32), 'accuracy': array([0.60465115, 0.90538335, 0.        , 0.        , 0.9259259 ],
      dtype=float32), 'f1': {'micro': tensor(0.7417), 'macro': tensor(0.4474), 'none': tensor([0.6089, 0.9391, 0.0000, 0.0000, 0.6889])}}
Training : Epoch [18/50], Loss: 0.6806
Testing : Epoch [18/50], Loss: 0.8552, results: {'mAP': 0.6218481, 'mAR': 0.4937047, 'mAUC': 0.8642956, 'm_Accuracy': 0.4937047, 'ap': array([0.5833333, 0.9362745, 0.       , 1.       , 0.5896328],
      dtype=float32), 'ar': array([0.68372095, 0.93474716, 0.        , 0.00746269, 0.8425926 ],
      dtype=float32), 'auc': array([0.9086608 , 0.97671205, 0.75666517, 0.7848884 , 0.8945514 ],
      dtype=float32), 'accuracy': array([0.68372095, 0.93474716, 0.        , 0.00746269, 0.8425926 ],
      dtype=float32), 'f1': {'micro': tensor(0.7485), 'macro': tensor(0.4547), 'none': tensor([0.6296, 0.9355, 0.0000, 0.0148, 0.6938])}}
Training : Epoch [19/50], Loss: 0.6746
Testing : Epoch [19/50], Loss: 0.8504, results: {'mAP': 0.547603, 'mAR': 0.49485183, 'mAUC': 0.86201555, 'm_Accuracy': 0.49485183, 'ap': array([0.5209003 , 0.9301948 , 0.        , 0.6666667 , 0.62025315],
      dtype=float32), 'ar': array([0.75348836, 0.93474716, 0.        , 0.02985075, 0.75617284],
      dtype=float32), 'auc': array([0.9078836 , 0.978065  , 0.731967  , 0.79063225, 0.90152967],
      dtype=float32), 'accuracy': array([0.75348836, 0.93474716, 0.        , 0.02985075, 0.75617284],
      dtype=float32), 'f1': {'micro': tensor(0.7410), 'macro': tensor(0.4574), 'none': tensor([0.6160, 0.9325, 0.0000, 0.0571, 0.6815])}}
Training : Epoch [20/50], Loss: 0.6607
Testing : Epoch [20/50], Loss: 0.8370, results: {'mAP': 0.52691275, 'mAR': 0.47897476, 'mAUC': 0.8659708, 'm_Accuracy': 0.47897476, 'ap': array([0.6497175, 0.9284553, 0.       , 0.5      , 0.556391 ],
      dtype=float32), 'ar': array([0.53488374, 0.9314845 , 0.        , 0.01492537, 0.91358024],
      dtype=float32), 'auc': array([0.89770365, 0.9758108 , 0.75573945, 0.79533863, 0.9052617 ],
      dtype=float32), 'accuracy': array([0.53488374, 0.9314845 , 0.        , 0.01492537, 0.91358024],
      dtype=float32), 'f1': {'micro': tensor(0.7410), 'macro': tensor(0.4475), 'none': tensor([0.5867, 0.9300, 0.0000, 0.0290, 0.6916])}}
Training : Epoch [21/50], Loss: 0.6442
Testing : Epoch [21/50], Loss: 0.8175, results: {'mAP': 0.52322876, 'mAR': 0.5039834, 'mAUC': 0.8738284, 'm_Accuracy': 0.5039834, 'ap': array([0.54208755, 0.9758621 , 0.        , 0.5       , 0.5981941 ],
      dtype=float32), 'ar': array([0.74883723, 0.9233279 , 0.        , 0.02985075, 0.81790125],
      dtype=float32), 'auc': array([0.9123425 , 0.97455364, 0.77214324, 0.80837023, 0.90173256],
      dtype=float32), 'accuracy': array([0.74883723, 0.9233279 , 0.        , 0.02985075, 0.81790125],
      dtype=float32), 'f1': {'micro': tensor(0.7500), 'macro': tensor(0.4650), 'none': tensor([0.6289, 0.9489, 0.0000, 0.0563, 0.6910])}}
Saving ./data/aug/0.005_0.001_25/checkpoint_20.pt
Training : Epoch [22/50], Loss: 0.6361
Testing : Epoch [22/50], Loss: 0.8086, results: {'mAP': 0.50784266, 'mAR': 0.50110215, 'mAUC': 0.8832201, 'm_Accuracy': 0.50110215, 'ap': array([0.5714286 , 0.96088433, 0.        , 0.41666666, 0.59023356],
      dtype=float32), 'ar': array([0.6511628 , 0.9216966 , 0.        , 0.07462686, 0.8580247 ],
      dtype=float32), 'auc': array([0.90701437, 0.9756511 , 0.8150226 , 0.809689  , 0.9087231 ],
      dtype=float32), 'accuracy': array([0.6511628 , 0.9216966 , 0.        , 0.07462686, 0.8580247 ],
      dtype=float32), 'f1': {'micro': tensor(0.7477), 'macro': tensor(0.4751), 'none': tensor([0.6087, 0.9409, 0.0000, 0.1266, 0.6994])}}
Training : Epoch [23/50], Loss: 0.6335
Testing : Epoch [23/50], Loss: 0.8020, results: {'mAP': 0.49054402, 'mAR': 0.4981777, 'mAUC': 0.888132, 'm_Accuracy': 0.4981777, 'ap': array([0.5243056 , 0.97902095, 0.        , 0.3529412 , 0.59645236],
      dtype=float32), 'ar': array([0.7023256 , 0.91353995, 0.        , 0.04477612, 0.8302469 ],
      dtype=float32), 'auc': array([0.91219205, 0.9797967 , 0.82887137, 0.8073327 , 0.9124674 ],
      dtype=float32), 'accuracy': array([0.7023256 , 0.91353995, 0.        , 0.04477612, 0.8302469 ],
      dtype=float32), 'f1': {'micro': tensor(0.7425), 'macro': tensor(0.4638), 'none': tensor([0.6004, 0.9451, 0.0000, 0.0795, 0.6942])}}
Training : Epoch [24/50], Loss: 0.6146
Testing : Epoch [24/50], Loss: 0.7791, results: {'mAP': 0.51796716, 'mAR': 0.5198641, 'mAUC': 0.8888218, 'm_Accuracy': 0.5198641, 'ap': array([0.5862069 , 0.9389067 , 0.        , 0.42222223, 0.6425    ],
      dtype=float32), 'ar': array([0.7116279 , 0.9526917 , 0.        , 0.14179105, 0.79320985],
      dtype=float32), 'auc': array([0.9149042 , 0.97790986, 0.8287418 , 0.8074514 , 0.91510195],
      dtype=float32), 'accuracy': array([0.7116279 , 0.9526917 , 0.        , 0.14179105, 0.79320985],
      dtype=float32), 'f1': {'micro': tensor(0.7628), 'macro': tensor(0.5022), 'none': tensor([0.6429, 0.9457, 0.0000, 0.2123, 0.7099])}}
Training : Epoch [25/50], Loss: 0.6023
Testing : Epoch [25/50], Loss: 0.7689, results: {'mAP': 0.5030702, 'mAR': 0.51151216, 'mAUC': 0.89149207, 'm_Accuracy': 0.51151216, 'ap': array([0.5836735 , 0.9707904 , 0.        , 0.36      , 0.60088694],
      dtype=float32), 'ar': array([0.66511625, 0.9216966 , 0.        , 0.13432837, 0.83641976],
      dtype=float32), 'auc': array([0.90576905, 0.97938603, 0.841239  , 0.81936425, 0.911702  ],
      dtype=float32), 'accuracy': array([0.66511625, 0.9216966 , 0.        , 0.13432837, 0.83641976],
      dtype=float32), 'f1': {'micro': tensor(0.7508), 'macro': tensor(0.4925), 'none': tensor([0.6217, 0.9456, 0.0000, 0.1957, 0.6994])}}
Training : Epoch [26/50], Loss: 0.5938
Testing : Epoch [26/50], Loss: 0.7611, results: {'mAP': 0.51979613, 'mAR': 0.5317373, 'mAUC': 0.89536107, 'm_Accuracy': 0.5317373, 'ap': array([0.59917355, 0.9518272 , 0.        , 0.4090909 , 0.6388889 ],
      dtype=float32), 'ar': array([0.6744186 , 0.93474716, 0.        , 0.26865673, 0.7808642 ],
      dtype=float32), 'auc': array([0.90558517, 0.97773415, 0.85253274, 0.8239081 , 0.91704476],
      dtype=float32), 'accuracy': array([0.6744186 , 0.93474716, 0.        , 0.26865673, 0.7808642 ],
      dtype=float32), 'f1': {'micro': tensor(0.7583), 'macro': tensor(0.5210), 'none': tensor([0.6346, 0.9432, 0.0000, 0.3243, 0.7028])}}
Training : Epoch [27/50], Loss: 0.5826
Testing : Epoch [27/50], Loss: 0.7497, results: {'mAP': 0.5090988, 'mAR': 0.5135672, 'mAUC': 0.8884799, 'm_Accuracy': 0.5135672, 'ap': array([0.6034483 , 0.9521452 , 0.        , 0.38709676, 0.60280377],
      dtype=float32), 'ar': array([0.6511628 , 0.94127244, 0.        , 0.17910448, 0.7962963 ],
      dtype=float32), 'auc': array([0.9043482 , 0.9826418 , 0.82218766, 0.8246894 , 0.90853256],
      dtype=float32), 'accuracy': array([0.6511628 , 0.94127244, 0.        , 0.17910448, 0.7962963 ],
      dtype=float32), 'f1': {'micro': tensor(0.7523), 'macro': tensor(0.5008), 'none': tensor([0.6264, 0.9467, 0.0000, 0.2449, 0.6862])}}
Training : Epoch [28/50], Loss: 0.5804
Testing : Epoch [28/50], Loss: 0.7443, results: {'mAP': 0.51645243, 'mAR': 0.5338794, 'mAUC': 0.90164536, 'm_Accuracy': 0.5338794, 'ap': array([0.59302324, 0.95477384, 0.        , 0.38709676, 0.64736843],
      dtype=float32), 'ar': array([0.7116279 , 0.9298532 , 0.        , 0.26865673, 0.7592593 ],
      dtype=float32), 'auc': array([0.92459935, 0.98132306, 0.8656039 , 0.8257331 , 0.91096723],
      dtype=float32), 'accuracy': array([0.7116279 , 0.9298532 , 0.        , 0.26865673, 0.7592593 ],
      dtype=float32), 'f1': {'micro': tensor(0.7568), 'macro': tensor(0.5210), 'none': tensor([0.6469, 0.9421, 0.0000, 0.3172, 0.6989])}}
Training : Epoch [29/50], Loss: 0.5709
Testing : Epoch [29/50], Loss: 0.7378, results: {'mAP': 0.51572055, 'mAR': 0.53314054, 'mAUC': 0.89493084, 'm_Accuracy': 0.53314054, 'ap': array([0.562724  , 0.97582036, 0.        , 0.41111112, 0.6289474 ],
      dtype=float32), 'ar': array([0.73023254, 0.9216966 , 0.        , 0.2761194 , 0.7376543 ],
      dtype=float32), 'auc': array([0.91532207, 0.97889096, 0.8353884 , 0.82952696, 0.91552615],
      dtype=float32), 'accuracy': array([0.73023254, 0.9216966 , 0.        , 0.2761194 , 0.7376543 ],
      dtype=float32), 'f1': {'micro': tensor(0.7515), 'macro': tensor(0.5186), 'none': tensor([0.6356, 0.9480, 0.0000, 0.3304, 0.6790])}}
Training : Epoch [30/50], Loss: 0.5667
Testing : Epoch [30/50], Loss: 0.7318, results: {'mAP': 0.52106905, 'mAR': 0.53009033, 'mAUC': 0.8957769, 'm_Accuracy': 0.53009033, 'ap': array([0.58704454, 0.95522386, 0.        , 0.42307693, 0.64      ],
      dtype=float32), 'ar': array([0.6744186 , 0.9396411 , 0.        , 0.24626866, 0.79012346],
      dtype=float32), 'auc': array([0.9160283 , 0.97955257, 0.8405725 , 0.8281457 , 0.9145855 ],
      dtype=float32), 'accuracy': array([0.6744186 , 0.9396411 , 0.        , 0.24626866, 0.79012346],
      dtype=float32), 'f1': {'micro': tensor(0.7605), 'macro': tensor(0.5187), 'none': tensor([0.6277, 0.9474, 0.0000, 0.3113, 0.7072])}}
Training : Epoch [31/50], Loss: 0.5628
Testing : Epoch [31/50], Loss: 0.7251, results: {'mAP': 0.53088284, 'mAR': 0.5330593, 'mAUC': 0.9000697, 'm_Accuracy': 0.5330593, 'ap': array([0.5671642 , 0.92527825, 0.        , 0.5       , 0.6619718 ],
      dtype=float32), 'ar': array([0.7069768 , 0.94942904, 0.        , 0.2835821 , 0.72530866],
      dtype=float32), 'auc': array([0.9150296 , 0.983413  , 0.84353477, 0.84278667, 0.91558456],
      dtype=float32), 'accuracy': array([0.7069768 , 0.94942904, 0.        , 0.2835821 , 0.72530866],
      dtype=float32), 'f1': {'micro': tensor(0.7583), 'macro': tensor(0.5241), 'none': tensor([0.6294, 0.9372, 0.0000, 0.3619, 0.6922])}}
Saving ./data/aug/0.005_0.001_25/checkpoint_30.pt
Training : Epoch [32/50], Loss: 0.5572
Testing : Epoch [32/50], Loss: 0.7221, results: {'mAP': 0.5247203, 'mAR': 0.53262454, 'mAUC': 0.90175277, 'm_Accuracy': 0.53262454, 'ap': array([0.55516016, 0.95688224, 0.        , 0.45833334, 0.6532258 ],
      dtype=float32), 'ar': array([0.7255814 , 0.94127244, 0.        , 0.24626866, 0.75      ],
      dtype=float32), 'auc': array([0.91584027, 0.98085994, 0.863734  , 0.8325083 , 0.91582125],
      dtype=float32), 'accuracy': array([0.7255814 , 0.94127244, 0.        , 0.24626866, 0.75      ],
      dtype=float32), 'f1': {'micro': tensor(0.7598), 'macro': tensor(0.5193), 'none': tensor([0.6290, 0.9490, 0.0000, 0.3204, 0.6983])}}
Training : Epoch [33/50], Loss: 0.5519
Testing : Epoch [33/50], Loss: 0.7187, results: {'mAP': 0.5336679, 'mAR': 0.5397196, 'mAUC': 0.8985025, 'm_Accuracy': 0.5397196, 'ap': array([0.6333333 , 0.94398683, 0.        , 0.46601942, 0.625     ],
      dtype=float32), 'ar': array([0.61860466, 0.93474716, 0.        , 0.35820895, 0.787037  ],
      dtype=float32), 'auc': array([0.91012347, 0.98082   , 0.8542176 , 0.8328646 , 0.9144871 ],
      dtype=float32), 'accuracy': array([0.61860466, 0.93474716, 0.        , 0.35820895, 0.787037  ],
      dtype=float32), 'f1': {'micro': tensor(0.7598), 'macro': tensor(0.5334), 'none': tensor([0.6259, 0.9393, 0.0000, 0.4051, 0.6967])}}
Training : Epoch [34/50], Loss: 0.5508
Testing : Epoch [34/50], Loss: 0.7138, results: {'mAP': 0.5220553, 'mAR': 0.5338404, 'mAUC': 0.9032222, 'm_Accuracy': 0.5338404, 'ap': array([0.5934959 , 0.94165313, 0.        , 0.42553192, 0.6495957 ],
      dtype=float32), 'ar': array([0.67906976, 0.9477977 , 0.        , 0.29850745, 0.74382716],
      dtype=float32), 'auc': array([0.9140057 , 0.97978985, 0.8706584 , 0.83655214, 0.915105  ],
      dtype=float32), 'accuracy': array([0.67906976, 0.9477977 , 0.        , 0.29850745, 0.74382716],
      dtype=float32), 'f1': {'micro': tensor(0.7590), 'macro': tensor(0.5245), 'none': tensor([0.6334, 0.9447, 0.0000, 0.3509, 0.6935])}}
Training : Epoch [35/50], Loss: 0.5413
Testing : Epoch [35/50], Loss: 0.7007, results: {'mAP': 0.5504311, 'mAR': 0.55084693, 'mAUC': 0.9058362, 'm_Accuracy': 0.55084693, 'ap': array([0.6698113, 0.9553719, 0.       , 0.475    , 0.6519722],
      dtype=float32), 'ar': array([0.6604651 , 0.94290376, 0.        , 0.2835821 , 0.86728394],
      dtype=float32), 'auc': array([0.9188366 , 0.9801618 , 0.87476856, 0.83261454, 0.9227995 ],
      dtype=float32), 'accuracy': array([0.6604651 , 0.94290376, 0.        , 0.2835821 , 0.86728394],
      dtype=float32), 'f1': {'micro': tensor(0.7824), 'macro': tensor(0.5427), 'none': tensor([0.6651, 0.9491, 0.0000, 0.3551, 0.7444])}}
Training : Epoch [36/50], Loss: 0.5400
Testing : Epoch [36/50], Loss: 0.7043, results: {'mAP': 0.51595384, 'mAR': 0.5246678, 'mAUC': 0.9025895, 'm_Accuracy': 0.5246678, 'ap': array([0.5864979 , 0.94299674, 0.        , 0.42045453, 0.62982005],
      dtype=float32), 'ar': array([0.6465116 , 0.9445351 , 0.        , 0.2761194 , 0.75617284],
      dtype=float32), 'auc': array([0.9104829 , 0.9807025 , 0.8639747 , 0.84317106, 0.9146162 ],
      dtype=float32), 'accuracy': array([0.6465116 , 0.9445351 , 0.        , 0.2761194 , 0.75617284],
      dtype=float32), 'f1': {'micro': tensor(0.7530), 'macro': tensor(0.5159), 'none': tensor([0.6150, 0.9438, 0.0000, 0.3333, 0.6872])}}
Training : Epoch [37/50], Loss: 0.5342
Testing : Epoch [37/50], Loss: 0.7012, results: {'mAP': 0.52189815, 'mAR': 0.5304428, 'mAUC': 0.89865875, 'm_Accuracy': 0.5304428, 'ap': array([0.578125  , 0.9549249 , 0.        , 0.43055555, 0.6458853 ],
      dtype=float32), 'ar': array([0.6883721 , 0.93311584, 0.        , 0.23134328, 0.7993827 ],
      dtype=float32), 'auc': array([0.90178233, 0.9795343 , 0.86225283, 0.83339584, 0.9163285 ],
      dtype=float32), 'accuracy': array([0.6883721 , 0.93311584, 0.        , 0.23134328, 0.7993827 ],
      dtype=float32), 'f1': {'micro': tensor(0.7605), 'macro': tensor(0.5176), 'none': tensor([0.6285, 0.9439, 0.0000, 0.3010, 0.7145])}}
Training : Epoch [38/50], Loss: 0.5332
Testing : Epoch [38/50], Loss: 0.6944, results: {'mAP': 0.5183009, 'mAR': 0.5383489, 'mAUC': 0.9025053, 'm_Accuracy': 0.5383489, 'ap': array([0.5934959 , 0.96166664, 0.        , 0.36607143, 0.67027026],
      dtype=float32), 'ar': array([0.67906976, 0.94127244, 0.        , 0.30597016, 0.7654321 ],
      dtype=float32), 'auc': array([0.913755  , 0.98002714, 0.86088276, 0.8356709 , 0.92219085],
      dtype=float32), 'accuracy': array([0.67906976, 0.94127244, 0.        , 0.30597016, 0.7654321 ],
      dtype=float32), 'f1': {'micro': tensor(0.7620), 'macro': tensor(0.5266), 'none': tensor([0.6334, 0.9514, 0.0000, 0.3333, 0.7147])}}
Training : Epoch [39/50], Loss: 0.5278
Testing : Epoch [39/50], Loss: 0.6940, results: {'mAP': 0.5169574, 'mAR': 0.53955996, 'mAUC': 0.8971453, 'm_Accuracy': 0.53955996, 'ap': array([0.5652174 , 0.959799  , 0.        , 0.39694658, 0.6628242 ],
      dtype=float32), 'ar': array([0.66511625, 0.93474716, 0.        , 0.3880597 , 0.70987654],
      dtype=float32), 'auc': array([0.90579826, 0.9804903 , 0.83320373, 0.8489525 , 0.9172815 ],
      dtype=float32), 'accuracy': array([0.66511625, 0.93474716, 0.        , 0.3880597 , 0.70987654],
      dtype=float32), 'f1': {'micro': tensor(0.7515), 'macro': tensor(0.5272), 'none': tensor([0.6111, 0.9471, 0.0000, 0.3925, 0.6855])}}
Training : Epoch [40/50], Loss: 0.5271
Testing : Epoch [40/50], Loss: 0.6927, results: {'mAP': 0.5151576, 'mAR': 0.5347649, 'mAUC': 0.89773524, 'm_Accuracy': 0.5347649, 'ap': array([0.59745765, 0.9570248 , 0.        , 0.36290324, 0.6584022 ],
      dtype=float32), 'ar': array([0.65581393, 0.9445351 , 0.        , 0.33582088, 0.7376543 ],
      dtype=float32), 'auc': array([0.9037757 , 0.9820395 , 0.85692066, 0.8339583 , 0.9119817 ],
      dtype=float32), 'accuracy': array([0.65581393, 0.9445351 , 0.        , 0.33582088, 0.7376543 ],
      dtype=float32), 'f1': {'micro': tensor(0.7560), 'macro': tensor(0.5241), 'none': tensor([0.6253, 0.9507, 0.0000, 0.3488, 0.6958])}}
Training : Epoch [41/50], Loss: 0.5278
Testing : Epoch [41/50], Loss: 0.6928, results: {'mAP': 0.53479636, 'mAR': 0.54150206, 'mAUC': 0.9044539, 'm_Accuracy': 0.54150206, 'ap': array([0.6339286, 0.9484193, 0.       , 0.4623656, 0.6292683],
      dtype=float32), 'ar': array([0.6604651 , 0.9298532 , 0.        , 0.32089552, 0.7962963 ],
      dtype=float32), 'auc': array([0.9145365 , 0.9811885 , 0.8697327 , 0.8434711 , 0.91334045],
      dtype=float32), 'accuracy': array([0.6604651 , 0.9298532 , 0.        , 0.32089552, 0.7962963 ],
      dtype=float32), 'f1': {'micro': tensor(0.7628), 'macro': tensor(0.5336), 'none': tensor([0.6469, 0.9390, 0.0000, 0.3789, 0.7030])}}
Saving ./data/aug/0.005_0.001_25/checkpoint_40.pt
Training : Epoch [42/50], Loss: 0.5188
Testing : Epoch [42/50], Loss: 0.6809, results: {'mAP': 0.5190484, 'mAR': 0.53377277, 'mAUC': 0.9038092, 'm_Accuracy': 0.53377277, 'ap': array([0.5748988 , 0.95198673, 0.        , 0.42857143, 0.63978493],
      dtype=float32), 'ar': array([0.6604651 , 0.9380098 , 0.        , 0.33582088, 0.7345679 ],
      dtype=float32), 'auc': array([0.91616625, 0.98212165, 0.8541065 , 0.85078377, 0.9158674 ],
      dtype=float32), 'accuracy': array([0.6604651 , 0.9380098 , 0.        , 0.33582088, 0.7345679 ],
      dtype=float32), 'f1': {'micro': tensor(0.7530), 'macro': tensor(0.5240), 'none': tensor([0.6147, 0.9449, 0.0000, 0.3766, 0.6839])}}
