Train size = 5308, Test size = 1328
Classes : ['affected', 'destroyed', 'major', 'minor', 'no_damage']
Training : Epoch [1/50], Loss: 1.3593
Testing : Epoch [1/50], Loss: 1.6470, results: {'mAP': 0.21445021, 'mAR': 0.2943216, 'mAUC': 0.74684566, 'm_Accuracy': 0.2943216, 'ap': array([0.        , 0.5954119 , 0.        , 0.        , 0.47683924],
      dtype=float32), 'ar': array([0.        , 0.9314845 , 0.        , 0.        , 0.54012346],
      dtype=float32), 'auc': array([0.7002988 , 0.91705817, 0.6899208 , 0.65429133, 0.77265936],
      dtype=float32), 'accuracy': array([0.        , 0.9314845 , 0.        , 0.        , 0.54012346],
      dtype=float32), 'f1': {'micro': tensor(0.5617), 'macro': tensor(0.2466), 'none': tensor([0.0000, 0.7265, 0.0000, 0.0000, 0.5065])}}
Saving ./data/aug/0.05_0.0001_1/checkpoint_0.pt
Training : Epoch [2/50], Loss: 0.9602
Testing : Epoch [2/50], Loss: 1.1798, results: {'mAP': 0.43208212, 'mAR': 0.41141167, 'mAUC': 0.8137301, 'm_Accuracy': 0.41141167, 'ap': array([0.78333336, 0.921875  , 0.        , 0.        , 0.4552023 ],
      dtype=float32), 'ar': array([0.21860465, 0.8662316 , 0.        , 0.        , 0.9722222 ],
      dtype=float32), 'auc': array([0.83390796, 0.9475536 , 0.71086055, 0.73819345, 0.8381351 ],
      dtype=float32), 'accuracy': array([0.21860465, 0.8662316 , 0.        , 0.        , 0.9722222 ],
      dtype=float32), 'f1': {'micro': tensor(0.6724), 'macro': tensor(0.3710), 'none': tensor([0.3418, 0.8932, 0.0000, 0.0000, 0.6201])}}
Training : Epoch [3/50], Loss: 0.8360
Testing : Epoch [3/50], Loss: 1.0353, results: {'mAP': 0.3936496, 'mAR': 0.45818835, 'mAUC': 0.8421835, 'm_Accuracy': 0.45818835, 'ap': array([0.5217391 , 0.90538335, 0.        , 0.        , 0.54112554],
      dtype=float32), 'ar': array([0.6139535 , 0.90538335, 0.        , 0.        , 0.77160496],
      dtype=float32), 'auc': array([0.87671703, 0.96511024, 0.7474635 , 0.7523813 , 0.86924523],
      dtype=float32), 'accuracy': array([0.6139535 , 0.90538335, 0.        , 0.        , 0.77160496],
      dtype=float32), 'f1': {'micro': tensor(0.7056), 'macro': tensor(0.4211), 'none': tensor([0.5641, 0.9054, 0.0000, 0.0000, 0.6361])}}
Training : Epoch [4/50], Loss: 0.7695
Testing : Epoch [4/50], Loss: 0.9558, results: {'mAP': 0.42723933, 'mAR': 0.47469324, 'mAUC': 0.8504925, 'm_Accuracy': 0.47469324, 'ap': array([0.6802326, 0.8957346, 0.       , 0.       , 0.5602294],
      dtype=float32), 'ar': array([0.54418606, 0.92495924, 0.        , 0.        , 0.904321  ],
      dtype=float32), 'auc': array([0.88835955, 0.9719367 , 0.7650152 , 0.738081  , 0.8890703 ],
      dtype=float32), 'accuracy': array([0.54418606, 0.92495924, 0.        , 0.        , 0.904321  ],
      dtype=float32), 'f1': {'micro': tensor(0.7357), 'macro': tensor(0.4413), 'none': tensor([0.6047, 0.9101, 0.0000, 0.0000, 0.6919])}}
Training : Epoch [5/50], Loss: 0.7216
Testing : Epoch [5/50], Loss: 0.9060, results: {'mAP': 0.43363872, 'mAR': 0.47600347, 'mAUC': 0.86158085, 'm_Accuracy': 0.47600347, 'ap': array([0.68292683, 0.95524955, 0.        , 0.        , 0.53001714],
      dtype=float32), 'ar': array([0.52093023, 0.90538335, 0.        , 0.        , 0.9537037 ],
      dtype=float32), 'auc': array([0.9065965 , 0.9709807 , 0.77914166, 0.7628378 , 0.88834786],
      dtype=float32), 'accuracy': array([0.52093023, 0.90538335, 0.        , 0.        , 0.9537037 ],
      dtype=float32), 'f1': {'micro': tensor(0.7349), 'macro': tensor(0.4404), 'none': tensor([0.5910, 0.9296, 0.0000, 0.0000, 0.6814])}}
Training : Epoch [6/50], Loss: 0.6801
Testing : Epoch [6/50], Loss: 0.8641, results: {'mAP': 0.4369064, 'mAR': 0.46620288, 'mAUC': 0.86665267, 'm_Accuracy': 0.46620288, 'ap': array([0.73188406, 0.93046355, 0.        , 0.        , 0.5221843 ],
      dtype=float32), 'ar': array([0.46976745, 0.9168026 , 0.        , 0.        , 0.9444444 ],
      dtype=float32), 'auc': array([0.89854366, 0.9705769 , 0.8189476 , 0.75326884, 0.8919261 ],
      dtype=float32), 'accuracy': array([0.46976745, 0.9168026 , 0.        , 0.        , 0.9444444 ],
      dtype=float32), 'f1': {'micro': tensor(0.7297), 'macro': tensor(0.4337), 'none': tensor([0.5722, 0.9236, 0.0000, 0.0000, 0.6725])}}
Training : Epoch [7/50], Loss: 0.6740
Testing : Epoch [7/50], Loss: 0.8581, results: {'mAP': 0.50395167, 'mAR': 0.47966138, 'mAUC': 0.86963713, 'm_Accuracy': 0.47966138, 'ap': array([0.6809816 , 0.90834695, 0.        , 0.38235295, 0.5480769 ],
      dtype=float32), 'ar': array([0.51627904, 0.90538335, 0.        , 0.09701493, 0.8796296 ],
      dtype=float32), 'auc': array([0.9063917 , 0.9674352 , 0.8089128 , 0.77598816, 0.8894576 ],
      dtype=float32), 'accuracy': array([0.51627904, 0.90538335, 0.        , 0.09701493, 0.8796296 ],
      dtype=float32), 'f1': {'micro': tensor(0.7259), 'macro': tensor(0.4649), 'none': tensor([0.5873, 0.9069, 0.0000, 0.1548, 0.6754])}}
Training : Epoch [8/50], Loss: 0.6456
Testing : Epoch [8/50], Loss: 0.8164, results: {'mAP': 0.57828283, 'mAR': 0.5017392, 'mAUC': 0.8887471, 'm_Accuracy': 0.5017392, 'ap': array([0.6685083 , 0.95555556, 0.        , 0.7058824 , 0.5614679 ],
      dtype=float32), 'ar': array([0.5627907 , 0.9119086 , 0.        , 0.08955224, 0.9444444 ],
      dtype=float32), 'auc': array([0.91012764, 0.97878826, 0.8444975 , 0.8027701 , 0.9075519 ],
      dtype=float32), 'accuracy': array([0.5627907 , 0.9119086 , 0.        , 0.08955224, 0.9444444 ],
      dtype=float32), 'f1': {'micro': tensor(0.7515), 'macro': tensor(0.4815), 'none': tensor([0.6111, 0.9332, 0.0000, 0.1589, 0.7043])}}
Training : Epoch [9/50], Loss: 0.5861
Testing : Epoch [9/50], Loss: 0.7597, results: {'mAP': 0.65454483, 'mAR': 0.4999513, 'mAUC': 0.892594, 'm_Accuracy': 0.4999513, 'ap': array([0.7619048, 0.8813814, 0.375    , 0.6666667, 0.5877712],
      dtype=float32), 'ar': array([0.44651163, 0.95758563, 0.07142857, 0.10447761, 0.9197531 ],
      dtype=float32), 'auc': array([0.90350825, 0.9803146 , 0.8280012 , 0.83534586, 0.91579974],
      dtype=float32), 'accuracy': array([0.44651163, 0.95758563, 0.07142857, 0.10447761, 0.9197531 ],
      dtype=float32), 'f1': {'micro': tensor(0.7515), 'macro': tensor(0.4998), 'none': tensor([0.5630, 0.9179, 0.1200, 0.1806, 0.7172])}}
Training : Epoch [10/50], Loss: 0.5520
Testing : Epoch [10/50], Loss: 0.7150, results: {'mAP': 0.60670364, 'mAR': 0.54115045, 'mAUC': 0.8990857, 'm_Accuracy': 0.54115045, 'ap': array([0.5936255, 0.9417637, 0.2857143, 0.5769231, 0.6354916],
      dtype=float32), 'ar': array([0.69302326, 0.9233279 , 0.04761905, 0.2238806 , 0.81790125],
      dtype=float32), 'auc': array([0.9098477, 0.9797283, 0.8617159, 0.8296895, 0.9144471],
      dtype=float32), 'accuracy': array([0.69302326, 0.9233279 , 0.04761905, 0.2238806 , 0.81790125],
      dtype=float32), 'f1': {'micro': tensor(0.7620), 'macro': tensor(0.5383), 'none': tensor([0.6395, 0.9325, 0.0816, 0.3226, 0.7152])}}
Training : Epoch [11/50], Loss: 0.5303
Testing : Epoch [11/50], Loss: 0.6870, results: {'mAP': 0.5615882, 'mAR': 0.53503805, 'mAUC': 0.9024638, 'm_Accuracy': 0.53503805, 'ap': array([0.6108949 , 0.93365693, 0.        , 0.6111111 , 0.6522782 ],
      dtype=float32), 'ar': array([0.73023254, 0.94127244, 0.        , 0.1641791 , 0.83950615],
      dtype=float32), 'auc': array([0.91566896, 0.9826122 , 0.8640487 , 0.8251394 , 0.92485   ],
      dtype=float32), 'accuracy': array([0.73023254, 0.94127244, 0.        , 0.1641791 , 0.83950615],
      dtype=float32), 'f1': {'micro': tensor(0.7741), 'macro': tensor(0.5191), 'none': tensor([0.6653, 0.9374, 0.0000, 0.2588, 0.7341])}}
Saving ./data/aug/0.05_0.0001_1/checkpoint_10.pt
Training : Epoch [12/50], Loss: 0.4838
Testing : Epoch [12/50], Loss: 0.6401, results: {'mAP': 0.61837053, 'mAR': 0.59470356, 'mAUC': 0.90161526, 'm_Accuracy': 0.59470356, 'ap': array([0.64444447, 0.9506579 , 0.33333334, 0.43670887, 0.72670805],
      dtype=float32), 'ar': array([0.6744186 , 0.94290376, 0.11904762, 0.51492536, 0.7222222 ],
      dtype=float32), 'auc': array([0.9156773 , 0.98535234, 0.8397208 , 0.84258354, 0.9247424 ],
      dtype=float32), 'accuracy': array([0.6744186 , 0.94290376, 0.11904762, 0.51492536, 0.7222222 ],
      dtype=float32), 'f1': {'micro': tensor(0.7764), 'macro': tensor(0.5957), 'none': tensor([0.6591, 0.9468, 0.1754, 0.4726, 0.7245])}}
Training : Epoch [13/50], Loss: 0.4540
Testing : Epoch [13/50], Loss: 0.6145, results: {'mAP': 0.6126838, 'mAR': 0.5902306, 'mAUC': 0.90560234, 'm_Accuracy': 0.5902306, 'ap': array([0.6651376 , 0.9877408 , 0.3       , 0.43312103, 0.67741936],
      dtype=float32), 'ar': array([0.6744186 , 0.9200652 , 0.07142857, 0.5074627 , 0.7777778 ],
      dtype=float32), 'auc': array([0.9192879 , 0.9834449 , 0.85112566, 0.84275234, 0.93140095],
      dtype=float32), 'accuracy': array([0.6744186 , 0.9200652 , 0.07142857, 0.5074627 , 0.7777778 ],
      dtype=float32), 'f1': {'micro': tensor(0.7771), 'macro': tensor(0.5859), 'none': tensor([0.6697, 0.9527, 0.1154, 0.4674, 0.7241])}}
Training : Epoch [14/50], Loss: 0.4145
Testing : Epoch [14/50], Loss: 0.5778, results: {'mAP': 0.61591333, 'mAR': 0.6176328, 'mAUC': 0.90509784, 'm_Accuracy': 0.6176328, 'ap': array([0.5661017 , 0.95276874, 0.35714287, 0.4661017 , 0.73745173],
      dtype=float32), 'ar': array([0.7767442 , 0.954323  , 0.35714287, 0.41044775, 0.58950615],
      dtype=float32), 'auc': array([0.9198479 , 0.98362744, 0.88347036, 0.84527737, 0.89326644],
      dtype=float32), 'accuracy': array([0.7767442 , 0.954323  , 0.35714287, 0.41044775, 0.58950615],
      dtype=float32), 'f1': {'micro': tensor(0.7628), 'macro': tensor(0.6115), 'none': tensor([0.6549, 0.9535, 0.3571, 0.4365, 0.6552])}}
Training : Epoch [15/50], Loss: 0.3826
Testing : Epoch [15/50], Loss: 0.5449, results: {'mAP': 0.6162217, 'mAR': 0.5812265, 'mAUC': 0.90216553, 'm_Accuracy': 0.5812265, 'ap': array([0.55789477, 0.9493464 , 0.34615386, 0.52112675, 0.70658684],
      dtype=float32), 'ar': array([0.73953485, 0.9477977 , 0.21428572, 0.2761194 , 0.72839504],
      dtype=float32), 'auc': array([0.909225  , 0.9833126 , 0.863123  , 0.8487712 , 0.90639603],
      dtype=float32), 'accuracy': array([0.73953485, 0.9477977 , 0.21428572, 0.2761194 , 0.72839504],
      dtype=float32), 'f1': {'micro': tensor(0.7696), 'macro': tensor(0.5855), 'none': tensor([0.6360, 0.9486, 0.2647, 0.3610, 0.7173])}}
Training : Epoch [16/50], Loss: 0.3049
Testing : Epoch [16/50], Loss: 0.4679, results: {'mAP': 0.6303867, 'mAR': 0.5876352, 'mAUC': 0.91302365, 'm_Accuracy': 0.5876352, 'ap': array([0.6527778 , 0.9677966 , 0.23529412, 0.6515151 , 0.6445498 ],
      dtype=float32), 'ar': array([0.65581393, 0.9314845 , 0.1904762 , 0.32089552, 0.83950615],
      dtype=float32), 'auc': array([0.90800893, 0.984912  , 0.895227  , 0.8558464 , 0.92112416],
      dtype=float32), 'accuracy': array([0.65581393, 0.9314845 , 0.1904762 , 0.32089552, 0.83950615],
      dtype=float32), 'f1': {'micro': tensor(0.7794), 'macro': tensor(0.5947), 'none': tensor([0.6543, 0.9493, 0.2105, 0.4300, 0.7292])}}
Training : Epoch [17/50], Loss: 0.2794
Testing : Epoch [17/50], Loss: 0.4765, results: {'mAP': 0.59348595, 'mAR': 0.58785254, 'mAUC': 0.9007392, 'm_Accuracy': 0.58785254, 'ap': array([0.5117845 , 0.9259259 , 0.2826087 , 0.47524753, 0.7718631 ],
      dtype=float32), 'ar': array([0.7069768 , 0.9380098 , 0.30952382, 0.35820895, 0.6265432 ],
      dtype=float32), 'auc': array([0.8969431 , 0.97811973, 0.9027438 , 0.83935225, 0.8865372 ],
      dtype=float32), 'accuracy': array([0.7069768 , 0.9380098 , 0.30952382, 0.35820895, 0.6265432 ],
      dtype=float32), 'f1': {'micro': tensor(0.7462), 'macro': tensor(0.5843), 'none': tensor([0.5938, 0.9319, 0.2955, 0.4085, 0.6917])}}
Training : Epoch [18/50], Loss: 0.2649
Testing : Epoch [18/50], Loss: 0.4356, results: {'mAP': 0.6499618, 'mAR': 0.5982516, 'mAUC': 0.90797234, 'm_Accuracy': 0.5982516, 'ap': array([0.7122642 , 0.9351702 , 0.36842105, 0.5529412 , 0.68101263],
      dtype=float32), 'ar': array([0.7023256 , 0.94127244, 0.16666667, 0.35074627, 0.8302469 ],
      dtype=float32), 'auc': array([0.91622895, 0.9822266 , 0.8575131 , 0.86014026, 0.92375255],
      dtype=float32), 'accuracy': array([0.7023256 , 0.94127244, 0.16666667, 0.35074627, 0.8302469 ],
      dtype=float32), 'f1': {'micro': tensor(0.7914), 'macro': tensor(0.6105), 'none': tensor([0.7073, 0.9382, 0.2295, 0.4292, 0.7483])}}
Training : Epoch [19/50], Loss: 0.2155
Testing : Epoch [19/50], Loss: 0.4008, results: {'mAP': 0.6583567, 'mAR': 0.60684156, 'mAUC': 0.907419, 'm_Accuracy': 0.60684156, 'ap': array([0.6559633 , 0.97274274, 0.33333334, 0.68115944, 0.6485849 ],
      dtype=float32), 'ar': array([0.66511625, 0.9314845 , 0.23809524, 0.35074627, 0.84876543],
      dtype=float32), 'auc': array([0.91395557, 0.982165  , 0.8525513 , 0.87103426, 0.9173891 ],
      dtype=float32), 'accuracy': array([0.66511625, 0.9314845 , 0.23809524, 0.35074627, 0.84876543],
      dtype=float32), 'f1': {'micro': tensor(0.7877), 'macro': tensor(0.6177), 'none': tensor([0.6605, 0.9517, 0.2778, 0.4631, 0.7353])}}
Training : Epoch [20/50], Loss: 0.1781
Testing : Epoch [20/50], Loss: 0.3900, results: {'mAP': 0.5975746, 'mAR': 0.58111656, 'mAUC': 0.8945261, 'm_Accuracy': 0.58111656, 'ap': array([0.53355706, 0.9276527 , 0.275     , 0.5243902 , 0.72727275],
      dtype=float32), 'ar': array([0.73953485, 0.94127244, 0.26190478, 0.32089552, 0.6419753 ],
      dtype=float32), 'auc': array([0.9120667 , 0.9813322 , 0.8556247 , 0.84322107, 0.8803859 ],
      dtype=float32), 'accuracy': array([0.73953485, 0.94127244, 0.26190478, 0.32089552, 0.6419753 ],
      dtype=float32), 'f1': {'micro': tensor(0.7515), 'macro': tensor(0.5805), 'none': tensor([0.6199, 0.9344, 0.2683, 0.3981, 0.6820])}}
Training : Epoch [21/50], Loss: 0.1446
Testing : Epoch [21/50], Loss: 0.3440, results: {'mAP': 0.60644794, 'mAR': 0.5901952, 'mAUC': 0.9084814, 'm_Accuracy': 0.5901952, 'ap': array([0.57439446, 0.95348835, 0.3125    , 0.4437086 , 0.74814814],
      dtype=float32), 'ar': array([0.772093  , 0.9363785 , 0.11904762, 0.5       , 0.6234568 ],
      dtype=float32), 'auc': array([0.92066276, 0.98390126, 0.8701585 , 0.870978  , 0.8967064 ],
      dtype=float32), 'accuracy': array([0.772093  , 0.9363785 , 0.11904762, 0.5       , 0.6234568 ],
      dtype=float32), 'f1': {'micro': tensor(0.7636), 'macro': tensor(0.5853), 'none': tensor([0.6587, 0.9449, 0.1724, 0.4702, 0.6801])}}
Saving ./data/aug/0.05_0.0001_1/checkpoint_20.pt
Training : Epoch [22/50], Loss: 0.1104
Testing : Epoch [22/50], Loss: 0.3027, results: {'mAP': 0.63405526, 'mAR': 0.6307746, 'mAUC': 0.91301167, 'm_Accuracy': 0.6307746, 'ap': array([0.71590906, 0.9586777 , 0.33333334, 0.44155845, 0.7207977 ],
      dtype=float32), 'ar': array([0.5860465 , 0.9461664 , 0.33333334, 0.5074627 , 0.7808642 ],
      dtype=float32), 'auc': array([0.91131866, 0.98340386, 0.8865252 , 0.8637841 , 0.92002666],
      dtype=float32), 'accuracy': array([0.5860465 , 0.9461664 , 0.33333334, 0.5074627 , 0.7808642 ],
      dtype=float32), 'f1': {'micro': tensor(0.7839), 'macro': tensor(0.6304), 'none': tensor([0.6445, 0.9524, 0.3333, 0.4722, 0.7496])}}
Training : Epoch [23/50], Loss: 0.1076
Testing : Epoch [23/50], Loss: 0.3115, results: {'mAP': 0.6741091, 'mAR': 0.6286267, 'mAUC': 0.9076727, 'm_Accuracy': 0.6286267, 'ap': array([0.64705884, 0.95840263, 0.57894737, 0.4652778 , 0.7208589 ],
      dtype=float32), 'ar': array([0.7162791 , 0.9396411 , 0.26190478, 0.5       , 0.72530866],
      dtype=float32), 'auc': array([0.9087695 , 0.9838123 , 0.85560614, 0.87178427, 0.9183912 ],
      dtype=float32), 'accuracy': array([0.7162791 , 0.9396411 , 0.26190478, 0.5       , 0.72530866],
      dtype=float32), 'f1': {'micro': tensor(0.7854), 'macro': tensor(0.6389), 'none': tensor([0.6799, 0.9489, 0.3607, 0.4820, 0.7231])}}
Training : Epoch [24/50], Loss: 0.1005
Testing : Epoch [24/50], Loss: 0.3108, results: {'mAP': 0.6426829, 'mAR': 0.6353134, 'mAUC': 0.9075729, 'm_Accuracy': 0.6353134, 'ap': array([0.680203  , 0.9584718 , 0.40625   , 0.44886363, 0.7196262 ],
      dtype=float32), 'ar': array([0.6232558 , 0.94127244, 0.30952382, 0.5895522 , 0.712963  ],
      dtype=float32), 'auc': array([0.9109509 , 0.98367083, 0.8510146 , 0.8689155 , 0.9233129 ],
      dtype=float32), 'accuracy': array([0.6232558 , 0.94127244, 0.30952382, 0.5895522 , 0.712963  ],
      dtype=float32), 'f1': {'micro': tensor(0.7786), 'macro': tensor(0.6355), 'none': tensor([0.6505, 0.9498, 0.3514, 0.5097, 0.7163])}}
Training : Epoch [25/50], Loss: 0.0841
Testing : Epoch [25/50], Loss: 0.2901, results: {'mAP': 0.64303523, 'mAR': 0.6221083, 'mAUC': 0.9155704, 'm_Accuracy': 0.6221083, 'ap': array([0.7087912 , 0.9677419 , 0.33333334, 0.51937985, 0.68592966],
      dtype=float32), 'ar': array([0.6       , 0.9298532 , 0.23809524, 0.5       , 0.8425926 ],
      dtype=float32), 'auc': array([0.919827  , 0.98584056, 0.8812486 , 0.8635153 , 0.92741996],
      dtype=float32), 'accuracy': array([0.6       , 0.9298532 , 0.23809524, 0.5       , 0.8425926 ],
      dtype=float32), 'f1': {'micro': tensor(0.7899), 'macro': tensor(0.6284), 'none': tensor([0.6499, 0.9484, 0.2778, 0.5095, 0.7562])}}
Training : Epoch [26/50], Loss: 0.0672
Testing : Epoch [26/50], Loss: 0.2715, results: {'mAP': 0.66913694, 'mAR': 0.6494607, 'mAUC': 0.91058797, 'm_Accuracy': 0.6494607, 'ap': array([0.6824645 , 0.9285714 , 0.41025642, 0.5809524 , 0.7434402 ],
      dtype=float32), 'ar': array([0.66976744, 0.954323  , 0.3809524 , 0.4552239 , 0.787037  ],
      dtype=float32), 'auc': array([0.9200986 , 0.98454463, 0.8832667 , 0.84919   , 0.91583973],
      dtype=float32), 'accuracy': array([0.66976744, 0.954323  , 0.3809524 , 0.4552239 , 0.787037  ],
      dtype=float32), 'f1': {'micro': tensor(0.7989), 'macro': tensor(0.6575), 'none': tensor([0.6761, 0.9413, 0.3951, 0.5105, 0.7646])}}
Training : Epoch [27/50], Loss: 0.0584
Testing : Epoch [27/50], Loss: 0.2696, results: {'mAP': 0.65587777, 'mAR': 0.642084, 'mAUC': 0.90729696, 'm_Accuracy': 0.642084, 'ap': array([0.72316384, 0.965     , 0.3888889 , 0.4964539 , 0.7058824 ],
      dtype=float32), 'ar': array([0.59534883, 0.9445351 , 0.33333334, 0.52238804, 0.8148148 ],
      dtype=float32), 'auc': array([0.91654235, 0.9848755 , 0.8601977 , 0.85987777, 0.91499126],
      dtype=float32), 'accuracy': array([0.59534883, 0.9445351 , 0.33333334, 0.52238804, 0.8148148 ],
      dtype=float32), 'f1': {'micro': tensor(0.7944), 'macro': tensor(0.6464), 'none': tensor([0.6531, 0.9547, 0.3590, 0.5091, 0.7564])}}
Training : Epoch [28/50], Loss: 0.0523
Testing : Epoch [28/50], Loss: 0.2748, results: {'mAP': 0.67304724, 'mAR': 0.6229323, 'mAUC': 0.9078641, 'm_Accuracy': 0.6229323, 'ap': array([0.64102566, 0.95238096, 0.41666666, 0.6511628 , 0.704     ],
      dtype=float32), 'ar': array([0.6976744 , 0.9461664 , 0.23809524, 0.41791046, 0.8148148 ],
      dtype=float32), 'auc': array([0.9173238, 0.9850283, 0.8454603, 0.871878 , 0.9196301],
      dtype=float32), 'accuracy': array([0.6976744 , 0.9461664 , 0.23809524, 0.41791046, 0.8148148 ],
      dtype=float32), 'f1': {'micro': tensor(0.7982), 'macro': tensor(0.6370), 'none': tensor([0.6682, 0.9493, 0.3030, 0.5091, 0.7554])}}
Training : Epoch [29/50], Loss: 0.0506
Testing : Epoch [29/50], Loss: 0.2684, results: {'mAP': 0.6836664, 'mAR': 0.62737715, 'mAUC': 0.9084054, 'm_Accuracy': 0.62737715, 'ap': array([0.6883721 , 0.95261437, 0.5294118 , 0.5289256 , 0.71900827],
      dtype=float32), 'ar': array([0.6883721 , 0.95106035, 0.21428572, 0.47761193, 0.8055556 ],
      dtype=float32), 'auc': array([0.9172235 , 0.98387843, 0.8385914 , 0.8804408 , 0.9218927 ],
      dtype=float32), 'accuracy': array([0.6883721 , 0.95106035, 0.21428572, 0.47761193, 0.8055556 ],
      dtype=float32), 'f1': {'micro': tensor(0.8020), 'macro': tensor(0.6414), 'none': tensor([0.6884, 0.9518, 0.3051, 0.5020, 0.7598])}}
Training : Epoch [30/50], Loss: 0.0330
Testing : Epoch [30/50], Loss: 0.2572, results: {'mAP': 0.6531977, 'mAR': 0.60890216, 'mAUC': 0.91181195, 'm_Accuracy': 0.60890216, 'ap': array([0.6563877 , 0.9415584 , 0.39130434, 0.5681818 , 0.7085562 ],
      dtype=float32), 'ar': array([0.69302326, 0.9461664 , 0.21428572, 0.37313432, 0.81790125],
      dtype=float32), 'auc': array([0.91517586, 0.98630834, 0.8897097 , 0.8449586 , 0.9229071 ],
      dtype=float32), 'accuracy': array([0.69302326, 0.9461664 , 0.21428572, 0.37313432, 0.81790125],
      dtype=float32), 'f1': {'micro': tensor(0.7929), 'macro': tensor(0.6210), 'none': tensor([0.6742, 0.9439, 0.2769, 0.4505, 0.7593])}}
Training : Epoch [31/50], Loss: 0.0280
Testing : Epoch [31/50], Loss: 0.2672, results: {'mAP': 0.67613757, 'mAR': 0.61912286, 'mAUC': 0.906994, 'm_Accuracy': 0.61912286, 'ap': array([0.5952381 , 0.95826375, 0.47619048, 0.6436782 , 0.70731705],
      dtype=float32), 'ar': array([0.6976744 , 0.9363785 , 0.23809524, 0.41791046, 0.8055556 ],
      dtype=float32), 'auc': array([0.91563135, 0.9854139 , 0.85516185, 0.8565964 , 0.9221663 ],
      dtype=float32), 'accuracy': array([0.6976744 , 0.9363785 , 0.23809524, 0.41791046, 0.8055556 ],
      dtype=float32), 'f1': {'micro': tensor(0.7914), 'macro': tensor(0.6334), 'none': tensor([0.6424, 0.9472, 0.3175, 0.5068, 0.7532])}}
Saving ./data/aug/0.05_0.0001_1/checkpoint_30.pt
Training : Epoch [32/50], Loss: 0.0373
Testing : Epoch [32/50], Loss: 0.2707, results: {'mAP': 0.63511175, 'mAR': 0.61591893, 'mAUC': 0.9133665, 'm_Accuracy': 0.61591893, 'ap': array([0.6166008 , 0.9448052 , 0.29032257, 0.57843137, 0.74539876],
      dtype=float32), 'ar': array([0.7255814 , 0.94942904, 0.21428572, 0.4402985 , 0.75      ],
      dtype=float32), 'auc': array([0.91197056, 0.98557365, 0.89063543, 0.85873395, 0.9199191 ],
      dtype=float32), 'accuracy': array([0.7255814 , 0.94942904, 0.21428572, 0.4402985 , 0.75      ],
      dtype=float32), 'f1': {'micro': tensor(0.7899), 'macro': tensor(0.6216), 'none': tensor([0.6667, 0.9471, 0.2466, 0.5000, 0.7477])}}
Training : Epoch [33/50], Loss: 0.0353
Testing : Epoch [33/50], Loss: 0.2747, results: {'mAP': 0.6733063, 'mAR': 0.61626846, 'mAUC': 0.8967811, 'm_Accuracy': 0.61626846, 'ap': array([0.6745283 , 0.93015873, 0.47619048, 0.5729167 , 0.71273714],
      dtype=float32), 'ar': array([0.66511625, 0.9559543 , 0.23809524, 0.41044775, 0.8117284 ],
      dtype=float32), 'auc': array([0.9138219 , 0.9849896 , 0.83246315, 0.8359209 , 0.9167097 ],
      dtype=float32), 'accuracy': array([0.66511625, 0.9559543 , 0.23809524, 0.41044775, 0.8117284 ],
      dtype=float32), 'f1': {'micro': tensor(0.7959), 'macro': tensor(0.6335), 'none': tensor([0.6698, 0.9429, 0.3175, 0.4783, 0.7590])}}
Training : Epoch [34/50], Loss: 0.0234
Testing : Epoch [34/50], Loss: 0.2666, results: {'mAP': 0.6355689, 'mAR': 0.60389906, 'mAUC': 0.9031106, 'm_Accuracy': 0.60389906, 'ap': array([0.6650718 , 0.9616027 , 0.25      , 0.61538464, 0.68578553],
      dtype=float32), 'ar': array([0.6465116 , 0.9396411 , 0.16666667, 0.41791046, 0.84876543],
      dtype=float32), 'auc': array([0.9151048 , 0.9869426 , 0.85095906, 0.8435961 , 0.91895074],
      dtype=float32), 'accuracy': array([0.6465116 , 0.9396411 , 0.16666667, 0.41791046, 0.84876543],
      dtype=float32), 'f1': {'micro': tensor(0.7929), 'macro': tensor(0.6125), 'none': tensor([0.6557, 0.9505, 0.2000, 0.4978, 0.7586])}}
Training : Epoch [35/50], Loss: 0.0236
Testing : Epoch [35/50], Loss: 0.2649, results: {'mAP': 0.6719952, 'mAR': 0.6217365, 'mAUC': 0.9106288, 'm_Accuracy': 0.6217365, 'ap': array([0.64143425, 0.95966387, 0.5       , 0.53571427, 0.72316384],
      dtype=float32), 'ar': array([0.74883723, 0.9314845 , 0.1904762 , 0.4477612 , 0.79012346],
      dtype=float32), 'auc': array([0.9201028, 0.9822038, 0.8621417, 0.8619153, 0.9267805],
      dtype=float32), 'accuracy': array([0.74883723, 0.9314845 , 0.1904762 , 0.4477612 , 0.79012346],
      dtype=float32), 'f1': {'micro': tensor(0.7952), 'macro': tensor(0.6310), 'none': tensor([0.6910, 0.9454, 0.2759, 0.4878, 0.7552])}}
Training : Epoch [36/50], Loss: 0.0230
Testing : Epoch [36/50], Loss: 0.2630, results: {'mAP': 0.6717835, 'mAR': 0.61882746, 'mAUC': 0.9028627, 'm_Accuracy': 0.61882746, 'ap': array([0.6576577, 0.9376   , 0.44     , 0.6097561, 0.7139037],
      dtype=float32), 'ar': array([0.67906976, 0.9559543 , 0.26190478, 0.37313432, 0.8240741 ],
      dtype=float32), 'auc': array([0.91818047, 0.98808336, 0.8304636 , 0.8547714 , 0.9228149 ],
      dtype=float32), 'accuracy': array([0.67906976, 0.9559543 , 0.26190478, 0.37313432, 0.8240741 ],
      dtype=float32), 'f1': {'micro': tensor(0.7982), 'macro': tensor(0.6342), 'none': tensor([0.6682, 0.9467, 0.3284, 0.4630, 0.7650])}}
Training : Epoch [37/50], Loss: 0.0197
Testing : Epoch [37/50], Loss: 0.2538, results: {'mAP': 0.6850506, 'mAR': 0.6368433, 'mAUC': 0.90978515, 'm_Accuracy': 0.6368433, 'ap': array([0.6711111 , 0.96638656, 0.45454547, 0.6185567 , 0.71465296],
      dtype=float32), 'ar': array([0.7023256 , 0.9380098 , 0.23809524, 0.4477612 , 0.8580247 ],
      dtype=float32), 'auc': array([0.91936314, 0.9857014 , 0.86112344, 0.85037124, 0.9323662 ],
      dtype=float32), 'accuracy': array([0.7023256 , 0.9380098 , 0.23809524, 0.4477612 , 0.8580247 ],
      dtype=float32), 'f1': {'micro': tensor(0.8087), 'macro': tensor(0.6500), 'none': tensor([0.6864, 0.9520, 0.3125, 0.5195, 0.7798])}}
Training : Epoch [38/50], Loss: 0.0166
Testing : Epoch [38/50], Loss: 0.2558, results: {'mAP': 0.6533102, 'mAR': 0.61774147, 'mAUC': 0.8963512, 'm_Accuracy': 0.61774147, 'ap': array([0.6438356 , 0.93779904, 0.41666666, 0.54310346, 0.7251462 ],
      dtype=float32), 'ar': array([0.65581393, 0.95921695, 0.23809524, 0.47014925, 0.7654321 ],
      dtype=float32), 'auc': array([0.91094255, 0.98681253, 0.80119234, 0.85570264, 0.9271064 ],
      dtype=float32), 'accuracy': array([0.65581393, 0.95921695, 0.23809524, 0.47014925, 0.7654321 ],
      dtype=float32), 'f1': {'micro': tensor(0.7907), 'macro': tensor(0.6300), 'none': tensor([0.6498, 0.9484, 0.3030, 0.5040, 0.7447])}}
Training : Epoch [39/50], Loss: 0.0149
Testing : Epoch [39/50], Loss: 0.2548, results: {'mAP': 0.638147, 'mAR': 0.6240408, 'mAUC': 0.9102761, 'm_Accuracy': 0.6240408, 'ap': array([0.72192514, 0.94942904, 0.25      , 0.5470086 , 0.722372  ],
      dtype=float32), 'ar': array([0.627907  , 0.94942904, 0.23809524, 0.47761193, 0.8271605 ],
      dtype=float32), 'auc': array([0.9065045 , 0.98789626, 0.8752129 , 0.85645264, 0.9253142 ],
      dtype=float32), 'accuracy': array([0.627907  , 0.94942904, 0.23809524, 0.47761193, 0.8271605 ],
      dtype=float32), 'f1': {'micro': tensor(0.7974), 'macro': tensor(0.6292), 'none': tensor([0.6716, 0.9494, 0.2439, 0.5100, 0.7712])}}
Training : Epoch [40/50], Loss: 0.0157
Testing : Epoch [40/50], Loss: 0.2677, results: {'mAP': 0.6720624, 'mAR': 0.6366546, 'mAUC': 0.90237916, 'm_Accuracy': 0.6366546, 'ap': array([0.6635514, 0.9538715, 0.4814815, 0.5405405, 0.7208672],
      dtype=float32), 'ar': array([0.6604651 , 0.9445351 , 0.30952382, 0.4477612 , 0.82098764],
      dtype=float32), 'auc': array([0.9105205 , 0.98463136, 0.8478301 , 0.8472024 , 0.9217113 ],
      dtype=float32), 'accuracy': array([0.6604651 , 0.9445351 , 0.30952382, 0.4477612 , 0.82098764],
      dtype=float32), 'f1': {'micro': tensor(0.7982), 'macro': tensor(0.6491), 'none': tensor([0.6620, 0.9492, 0.3768, 0.4898, 0.7677])}}
Training : Epoch [41/50], Loss: 0.0142
Testing : Epoch [41/50], Loss: 0.2409, results: {'mAP': 0.69085187, 'mAR': 0.6447637, 'mAUC': 0.91454136, 'm_Accuracy': 0.6447637, 'ap': array([0.67391306, 0.9601329 , 0.44827586, 0.654321  , 0.71761656],
      dtype=float32), 'ar': array([0.7209302 , 0.94290376, 0.30952382, 0.3955224 , 0.85493827],
      dtype=float32), 'auc': array([0.9245283 , 0.98654556, 0.8741576 , 0.8579277 , 0.92954725],
      dtype=float32), 'accuracy': array([0.7209302 , 0.94290376, 0.30952382, 0.3955224 , 0.85493827],
      dtype=float32), 'f1': {'micro': tensor(0.8102), 'macro': tensor(0.6575), 'none': tensor([0.6966, 0.9514, 0.3662, 0.4930, 0.7803])}}
Saving ./data/aug/0.05_0.0001_1/checkpoint_40.pt
Training : Epoch [42/50], Loss: 0.0136
