Train size = 5308, Test size = 1328
Classes : ['affected', 'destroyed', 'major', 'minor', 'no_damage']
Training : Epoch [1/50], Loss: 1.3909
Testing : Epoch [1/50], Loss: 1.7166, results: {'mAP': 0.09231928, 'mAR': 0.2, 'mAUC': 0.67033815, 'm_Accuracy': 0.2, 'ap': array([0.       , 0.4615964, 0.       , 0.       , 0.       ],
      dtype=float32), 'ar': array([0., 1., 0., 0., 0.], dtype=float32), 'auc': array([0.6785683 , 0.8860311 , 0.5305303 , 0.64992875, 0.6066321 ],
      dtype=float32), 'accuracy': array([0., 1., 0., 0., 0.], dtype=float32), 'f1': {'micro': tensor(0.4616), 'macro': tensor(0.1263), 'none': tensor([0.0000, 0.6316, 0.0000, 0.0000, 0.0000])}}
Saving ./data/aug/0.05_0.001_1/checkpoint_0.pt
Training : Epoch [2/50], Loss: 1.0330
Testing : Epoch [2/50], Loss: 1.2546, results: {'mAP': 0.41494542, 'mAR': 0.40343165, 'mAUC': 0.80331385, 'm_Accuracy': 0.40343165, 'ap': array([0.71929824, 0.897651  , 0.        , 0.        , 0.45777777],
      dtype=float32), 'ar': array([0.19069767, 0.87275696, 0.        , 0.        , 0.9537037 ],
      dtype=float32), 'auc': array([0.8332268 , 0.9401111 , 0.66420424, 0.7320308 , 0.84699625],
      dtype=float32), 'accuracy': array([0.19069767, 0.87275696, 0.        , 0.        , 0.9537037 ],
      dtype=float32), 'f1': {'micro': tensor(0.6664), 'macro': tensor(0.3610), 'none': tensor([0.3015, 0.8850, 0.0000, 0.0000, 0.6186])}}
Training : Epoch [3/50], Loss: 0.8418
Testing : Epoch [3/50], Loss: 1.0427, results: {'mAP': 0.38710427, 'mAR': 0.4440195, 'mAUC': 0.8292695, 'm_Accuracy': 0.4440195, 'ap': array([0.5185185 , 0.89621085, 0.        , 0.        , 0.52079207],
      dtype=float32), 'ar': array([0.52093023, 0.88743883, 0.        , 0.        , 0.8117284 ],
      dtype=float32), 'auc': array([0.87278044, 0.9562646 , 0.68962455, 0.76285034, 0.86482775],
      dtype=float32), 'accuracy': array([0.52093023, 0.88743883, 0.        , 0.        , 0.8117284 ],
      dtype=float32), 'f1': {'micro': tensor(0.6920), 'macro': tensor(0.4092), 'none': tensor([0.5197, 0.8918, 0.0000, 0.0000, 0.6345])}}
Training : Epoch [4/50], Loss: 0.7783
Testing : Epoch [4/50], Loss: 0.9710, results: {'mAP': 0.3998938, 'mAR': 0.46895868, 'mAUC': 0.8492135, 'm_Accuracy': 0.46895868, 'ap': array([0.52     , 0.8725038, 0.       , 0.       , 0.6069652],
      dtype=float32), 'ar': array([0.66511625, 0.92659056, 0.        , 0.        , 0.75308645],
      dtype=float32), 'auc': array([0.8798554 , 0.96981716, 0.7607939 , 0.7525313 , 0.8830696 ],
      dtype=float32), 'accuracy': array([0.66511625, 0.92659056, 0.        , 0.        , 0.75308645],
      dtype=float32), 'f1': {'micro': tensor(0.7191), 'macro': tensor(0.4309), 'none': tensor([0.5837, 0.8987, 0.0000, 0.0000, 0.6722])}}
Training : Epoch [5/50], Loss: 0.7170
Testing : Epoch [5/50], Loss: 0.9105, results: {'mAP': 0.39336452, 'mAR': 0.46207094, 'mAUC': 0.8547535, 'm_Accuracy': 0.46207094, 'ap': array([0.46964857, 0.88667685, 0.        , 0.        , 0.61049724],
      dtype=float32), 'ar': array([0.68372095, 0.9445351 , 0.        , 0.        , 0.68209875],
      dtype=float32), 'auc': array([0.88482416, 0.9729657 , 0.76973635, 0.76105654, 0.8851846 ],
      dtype=float32), 'accuracy': array([0.68372095, 0.9445351 , 0.        , 0.        , 0.68209875],
      dtype=float32), 'f1': {'micro': tensor(0.7131), 'macro': tensor(0.4232), 'none': tensor([0.5568, 0.9147, 0.0000, 0.0000, 0.6443])}}
Training : Epoch [6/50], Loss: 0.7570
Testing : Epoch [6/50], Loss: 0.9609, results: {'mAP': 0.3962192, 'mAR': 0.47124106, 'mAUC': 0.8334303, 'm_Accuracy': 0.47124106, 'ap': array([0.460452  , 0.92720973, 0.        , 0.        , 0.59343433],
      dtype=float32), 'ar': array([0.75813955, 0.87275696, 0.        , 0.        , 0.72530866],
      dtype=float32), 'auc': array([0.8769427 , 0.95681447, 0.6990854 , 0.74869996, 0.8856088 ],
      dtype=float32), 'accuracy': array([0.75813955, 0.87275696, 0.        , 0.        , 0.72530866],
      dtype=float32), 'f1': {'micro': tensor(0.7026), 'macro': tensor(0.4250), 'none': tensor([0.5729, 0.8992, 0.0000, 0.0000, 0.6528])}}
Training : Epoch [7/50], Loss: 0.7406
Testing : Epoch [7/50], Loss: 0.9198, results: {'mAP': 0.49733287, 'mAR': 0.48586306, 'mAUC': 0.8650347, 'm_Accuracy': 0.48586306, 'ap': array([0.71348315, 0.9285714 , 0.        , 0.3       , 0.54460967],
      dtype=float32), 'ar': array([0.59069765, 0.9119086 , 0.        , 0.02238806, 0.904321  ],
      dtype=float32), 'auc': array([0.913195  , 0.9720166 , 0.7755869 , 0.76933175, 0.89504325],
      dtype=float32), 'accuracy': array([0.59069765, 0.9119086 , 0.        , 0.02238806, 0.904321  ],
      dtype=float32), 'f1': {'micro': tensor(0.7395), 'macro': tensor(0.4576), 'none': tensor([0.6463, 0.9202, 0.0000, 0.0417, 0.6798])}}
Training : Epoch [8/50], Loss: 0.6525
Testing : Epoch [8/50], Loss: 0.8253, results: {'mAP': 0.5222789, 'mAR': 0.52642846, 'mAUC': 0.8742527, 'm_Accuracy': 0.52642846, 'ap': array([0.6488889, 0.962069 , 0.       , 0.4      , 0.6004367],
      dtype=float32), 'ar': array([0.67906976, 0.9102773 , 0.        , 0.19402985, 0.84876543],
      dtype=float32), 'auc': array([0.91068345, 0.9755621 , 0.7945271 , 0.78616965, 0.904321  ],
      dtype=float32), 'accuracy': array([0.67906976, 0.9102773 , 0.        , 0.19402985, 0.84876543],
      dtype=float32), 'f1': {'micro': tensor(0.7568), 'macro': tensor(0.5127), 'none': tensor([0.6636, 0.9355, 0.0000, 0.2613, 0.7033])}}
Training : Epoch [9/50], Loss: 0.6519
Testing : Epoch [9/50], Loss: 0.8360, results: {'mAP': 0.5324253, 'mAR': 0.5192836, 'mAUC': 0.86788976, 'm_Accuracy': 0.5192836, 'ap': array([0.58704454, 0.9480069 , 0.        , 0.52272725, 0.6043478 ],
      dtype=float32), 'ar': array([0.6744186, 0.8923328, 0.       , 0.1716418, 0.8580247],
      dtype=float32), 'auc': array([0.89219373, 0.9675082 , 0.79006517, 0.7859759 , 0.90370613],
      dtype=float32), 'accuracy': array([0.6744186, 0.8923328, 0.       , 0.1716418, 0.8580247],
      dtype=float32), 'f1': {'micro': tensor(0.7477), 'macro': tensor(0.5029), 'none': tensor([0.6277, 0.9193, 0.0000, 0.2584, 0.7092])}}
Training : Epoch [10/50], Loss: 0.6414
Testing : Epoch [10/50], Loss: 0.8137, results: {'mAP': 0.5799362, 'mAR': 0.5077465, 'mAUC': 0.87991124, 'm_Accuracy': 0.5077465, 'ap': array([0.6484018 , 0.93421054, 0.        , 0.72727275, 0.58979595],
      dtype=float32), 'ar': array([0.6604651 , 0.92659056, 0.        , 0.05970149, 0.8919753 ],
      dtype=float32), 'auc': array([0.91146076, 0.9793176 , 0.7836407 , 0.8188642 , 0.90627307],
      dtype=float32), 'accuracy': array([0.6604651 , 0.92659056, 0.        , 0.05970149, 0.8919753 ],
      dtype=float32), 'f1': {'micro': tensor(0.7583), 'macro': tensor(0.4810), 'none': tensor([0.6544, 0.9304, 0.0000, 0.1103, 0.7101])}}
Training : Epoch [11/50], Loss: 0.5615
Testing : Epoch [11/50], Loss: 0.7235, results: {'mAP': 0.5625159, 'mAR': 0.5280645, 'mAUC': 0.8958985, 'm_Accuracy': 0.5280645, 'ap': array([0.7235294 , 0.95726496, 0.        , 0.5471698 , 0.5846154 ],
      dtype=float32), 'ar': array([0.572093  , 0.91353995, 0.        , 0.21641791, 0.9382716 ],
      dtype=float32), 'auc': array([0.90512127, 0.98171777, 0.8516441 , 0.820608  , 0.92040175],
      dtype=float32), 'accuracy': array([0.572093  , 0.91353995, 0.        , 0.21641791, 0.9382716 ],
      dtype=float32), 'f1': {'micro': tensor(0.7651), 'macro': tensor(0.5209), 'none': tensor([0.6390, 0.9349, 0.0000, 0.3102, 0.7204])}}
Saving ./data/aug/0.05_0.001_1/checkpoint_10.pt
Training : Epoch [12/50], Loss: 0.5223
Testing : Epoch [12/50], Loss: 0.6823, results: {'mAP': 0.5456375, 'mAR': 0.54831123, 'mAUC': 0.8843315, 'm_Accuracy': 0.54831123, 'ap': array([0.61570245, 0.9189189 , 0.        , 0.5168539 , 0.67671233],
      dtype=float32), 'ar': array([0.69302326, 0.94290376, 0.        , 0.3432836 , 0.7623457 ],
      dtype=float32), 'auc': array([0.90054536, 0.98218095, 0.7939347 , 0.82210803, 0.9228887 ],
      dtype=float32), 'accuracy': array([0.69302326, 0.94290376, 0.        , 0.3432836 , 0.7623457 ],
      dtype=float32), 'f1': {'micro': tensor(0.7681), 'macro': tensor(0.5425), 'none': tensor([0.6521, 0.9308, 0.0000, 0.4126, 0.7170])}}
Training : Epoch [13/50], Loss: 0.4747
Testing : Epoch [13/50], Loss: 0.6369, results: {'mAP': 0.68818223, 'mAR': 0.54862005, 'mAUC': 0.90413797, 'm_Accuracy': 0.54862005, 'ap': array([0.62608695, 0.9741379 , 0.6666667 , 0.54901963, 0.625     ],
      dtype=float32), 'ar': array([0.66976744, 0.9216966 , 0.04761905, 0.20895523, 0.89506173],
      dtype=float32), 'auc': array([0.91812617, 0.98377806, 0.8610309 , 0.83628964, 0.9214654 ],
      dtype=float32), 'accuracy': array([0.66976744, 0.9216966 , 0.04761905, 0.20895523, 0.89506173],
      dtype=float32), 'f1': {'micro': tensor(0.7748), 'macro': tensor(0.5444), 'none': tensor([0.6472, 0.9472, 0.0889, 0.3027, 0.7360])}}
Training : Epoch [14/50], Loss: 0.4410
Testing : Epoch [14/50], Loss: 0.5950, results: {'mAP': 0.63487935, 'mAR': 0.5918536, 'mAUC': 0.91023695, 'm_Accuracy': 0.5918536, 'ap': array([0.6507177 , 0.95652175, 0.375     , 0.51785713, 0.67430025],
      dtype=float32), 'ar': array([0.63255817, 0.93311584, 0.14285715, 0.43283582, 0.81790125],
      dtype=float32), 'auc': array([0.91739064, 0.98339474, 0.87010294, 0.8586527 , 0.9216437 ],
      dtype=float32), 'accuracy': array([0.63255817, 0.93311584, 0.14285715, 0.43283582, 0.81790125],
      dtype=float32), 'f1': {'micro': tensor(0.7809), 'macro': tensor(0.6008), 'none': tensor([0.6415, 0.9447, 0.2069, 0.4715, 0.7392])}}
Training : Epoch [15/50], Loss: 0.4084
Testing : Epoch [15/50], Loss: 0.5701, results: {'mAP': 0.6276397, 'mAR': 0.54736316, 'mAUC': 0.89912975, 'm_Accuracy': 0.54736316, 'ap': array([0.6531532 , 0.95166665, 0.16666667, 0.7368421 , 0.6298701 ],
      dtype=float32), 'ar': array([0.6744186 , 0.9314845 , 0.02380952, 0.20895523, 0.8981481 ],
      dtype=float32), 'auc': array([0.9152427, 0.9820395, 0.8343331, 0.8478462, 0.9161871],
      dtype=float32), 'accuracy': array([0.6744186 , 0.9314845 , 0.02380952, 0.20895523, 0.8981481 ],
      dtype=float32), 'f1': {'micro': tensor(0.7801), 'macro': tensor(0.5426), 'none': tensor([0.6636, 0.9415, 0.0417, 0.3256, 0.7405])}}
Training : Epoch [16/50], Loss: 0.3829
Testing : Epoch [16/50], Loss: 0.5434, results: {'mAP': 0.62959933, 'mAR': 0.60584337, 'mAUC': 0.9035629, 'm_Accuracy': 0.60584337, 'ap': array([0.684466  , 0.9677419 , 0.35714287, 0.47368422, 0.66496164],
      dtype=float32), 'ar': array([0.65581393, 0.9298532 , 0.23809524, 0.40298507, 0.80246913],
      dtype=float32), 'auc': array([0.90850204, 0.9815216 , 0.854088  , 0.8473774 , 0.92632556],
      dtype=float32), 'accuracy': array([0.65581393, 0.9298532 , 0.23809524, 0.40298507, 0.80246913],
      dtype=float32), 'f1': {'micro': tensor(0.7794), 'macro': tensor(0.6133), 'none': tensor([0.6698, 0.9484, 0.2857, 0.4355, 0.7273])}}
Training : Epoch [17/50], Loss: 0.3439
Testing : Epoch [17/50], Loss: 0.5231, results: {'mAP': 0.64558953, 'mAR': 0.56274337, 'mAUC': 0.9026496, 'm_Accuracy': 0.56274337, 'ap': array([0.49326146, 0.93225807, 0.375     , 0.6764706 , 0.75095785],
      dtype=float32), 'ar': array([0.8511628 , 0.94290376, 0.07142857, 0.3432836 , 0.60493827],
      dtype=float32), 'auc': array([0.9204371 , 0.9813961 , 0.85699475, 0.8564964 , 0.8979237 ],
      dtype=float32), 'accuracy': array([0.8511628 , 0.94290376, 0.07142857, 0.3432836 , 0.60493827],
      dtype=float32), 'f1': {'micro': tensor(0.7575), 'macro': tensor(0.5615), 'none': tensor([0.6246, 0.9376, 0.1200, 0.4554, 0.6701])}}
Training : Epoch [18/50], Loss: 0.3060
Testing : Epoch [18/50], Loss: 0.4771, results: {'mAP': 0.61440575, 'mAR': 0.58524036, 'mAUC': 0.91146934, 'm_Accuracy': 0.58524036, 'ap': array([0.5976096 , 0.972973  , 0.33333334, 0.4811321 , 0.6869806 ],
      dtype=float32), 'ar': array([0.6976744 , 0.9396411 , 0.14285715, 0.38059703, 0.7654321 ],
      dtype=float32), 'auc': array([0.9139138 , 0.9798127 , 0.8928757 , 0.8525901 , 0.91815454],
      dtype=float32), 'accuracy': array([0.6976744 , 0.9396411 , 0.14285715, 0.38059703, 0.7654321 ],
      dtype=float32), 'f1': {'micro': tensor(0.7764), 'macro': tensor(0.5898), 'none': tensor([0.6438, 0.9560, 0.2000, 0.4250, 0.7241])}}
Training : Epoch [19/50], Loss: 0.2779
Testing : Epoch [19/50], Loss: 0.4497, results: {'mAP': 0.59459007, 'mAR': 0.57778233, 'mAUC': 0.89847106, 'm_Accuracy': 0.57778233, 'ap': array([0.63247865, 0.92259085, 0.18518518, 0.50980395, 0.72289157],
      dtype=float32), 'ar': array([0.6883721 , 0.9526917 , 0.11904762, 0.3880597 , 0.7407407 ],
      dtype=float32), 'auc': array([0.91558534, 0.983899  , 0.83451825, 0.840321  , 0.9180316 ],
      dtype=float32), 'accuracy': array([0.6883721 , 0.9526917 , 0.11904762, 0.3880597 , 0.7407407 ],
      dtype=float32), 'f1': {'micro': tensor(0.7748), 'macro': tensor(0.5828), 'none': tensor([0.6592, 0.9374, 0.1449, 0.4407, 0.7317])}}
Training : Epoch [20/50], Loss: 0.2537
Testing : Epoch [20/50], Loss: 0.4329, results: {'mAP': 0.61569583, 'mAR': 0.60216844, 'mAUC': 0.9004248, 'm_Accuracy': 0.60216844, 'ap': array([0.6339286 , 0.98073554, 0.30769232, 0.46341464, 0.6927083 ],
      dtype=float32), 'ar': array([0.6604651 , 0.91353995, 0.1904762 , 0.42537314, 0.82098764],
      dtype=float32), 'auc': array([0.9104369 , 0.9827354 , 0.8459231 , 0.83580214, 0.9272263 ],
      dtype=float32), 'accuracy': array([0.6604651 , 0.91353995, 0.1904762 , 0.42537314, 0.82098764],
      dtype=float32), 'f1': {'micro': tensor(0.7779), 'macro': tensor(0.6046), 'none': tensor([0.6469, 0.9459, 0.2353, 0.4436, 0.7514])}}
Training : Epoch [21/50], Loss: 0.2258
Testing : Epoch [21/50], Loss: 0.4020, results: {'mAP': 0.6401159, 'mAR': 0.6175024, 'mAUC': 0.9049473, 'm_Accuracy': 0.6175024, 'ap': array([0.6270492, 0.9693356, 0.3809524, 0.4883721, 0.7348703],
      dtype=float32), 'ar': array([0.7116279 , 0.9282219 , 0.1904762 , 0.47014925, 0.787037  ],
      dtype=float32), 'auc': array([0.91608685, 0.9821536 , 0.8495149 , 0.8515838 , 0.92539716],
      dtype=float32), 'accuracy': array([0.7116279 , 0.9282219 , 0.1904762 , 0.47014925, 0.787037  ],
      dtype=float32), 'f1': {'micro': tensor(0.7892), 'macro': tensor(0.6216), 'none': tensor([0.6667, 0.9483, 0.2540, 0.4791, 0.7601])}}
Saving ./data/aug/0.05_0.001_1/checkpoint_20.pt
Training : Epoch [22/50], Loss: 0.1906
Testing : Epoch [22/50], Loss: 0.3824, results: {'mAP': 0.5998336, 'mAR': 0.5977387, 'mAUC': 0.89941895, 'm_Accuracy': 0.5977387, 'ap': array([0.5813953 , 0.95364237, 0.3       , 0.425     , 0.73913044],
      dtype=float32), 'ar': array([0.6976744 , 0.9396411 , 0.21428572, 0.5074627 , 0.6296296 ],
      dtype=float32), 'auc': array([0.90642095, 0.98298633, 0.8497371 , 0.8488275 , 0.90912277],
      dtype=float32), 'accuracy': array([0.6976744 , 0.9396411 , 0.21428572, 0.5074627 , 0.6296296 ],
      dtype=float32), 'f1': {'micro': tensor(0.7583), 'macro': tensor(0.5947), 'none': tensor([0.6342, 0.9466, 0.2500, 0.4626, 0.6800])}}
Training : Epoch [23/50], Loss: 0.1845
Testing : Epoch [23/50], Loss: 0.3707, results: {'mAP': 0.5897333, 'mAR': 0.59298456, 'mAUC': 0.89984715, 'm_Accuracy': 0.59298456, 'ap': array([0.5470383 , 0.9727891 , 0.2173913 , 0.4909091 , 0.72053874],
      dtype=float32), 'ar': array([0.73023254, 0.93311584, 0.23809524, 0.40298507, 0.66049385],
      dtype=float32), 'auc': array([0.90579826, 0.9863471 , 0.84014666, 0.8445711 , 0.9223722 ],
      dtype=float32), 'accuracy': array([0.73023254, 0.93311584, 0.23809524, 0.40298507, 0.66049385],
      dtype=float32), 'f1': {'micro': tensor(0.7583), 'macro': tensor(0.5874), 'none': tensor([0.6255, 0.9525, 0.2273, 0.4426, 0.6892])}}
Training : Epoch [24/50], Loss: 0.1448
Testing : Epoch [24/50], Loss: 0.3527, results: {'mAP': 0.6157299, 'mAR': 0.59587634, 'mAUC': 0.8950075, 'm_Accuracy': 0.59587634, 'ap': array([0.59504133, 0.9612142 , 0.36363637, 0.4632353 , 0.69552237],
      dtype=float32), 'ar': array([0.66976744, 0.9298532 , 0.1904762 , 0.47014925, 0.7191358 ],
      dtype=float32), 'auc': array([0.9120625 , 0.98364574, 0.8352773 , 0.85127753, 0.8927746 ],
      dtype=float32), 'accuracy': array([0.66976744, 0.9298532 , 0.1904762 , 0.47014925, 0.7191358 ],
      dtype=float32), 'f1': {'micro': tensor(0.7666), 'macro': tensor(0.5999), 'none': tensor([0.6302, 0.9453, 0.2500, 0.4667, 0.7071])}}
Training : Epoch [25/50], Loss: 0.1251
Testing : Epoch [25/50], Loss: 0.3391, results: {'mAP': 0.6261341, 'mAR': 0.57951176, 'mAUC': 0.8988989, 'm_Accuracy': 0.57951176, 'ap': array([0.562724  , 0.95514953, 0.25925925, 0.66101694, 0.6925208 ],
      dtype=float32), 'ar': array([0.73023254, 0.9380098 , 0.16666667, 0.29104477, 0.77160496],
      dtype=float32), 'auc': array([0.9159155 , 0.9838123 , 0.8329816 , 0.8517338 , 0.91005117],
      dtype=float32), 'accuracy': array([0.73023254, 0.9380098 , 0.16666667, 0.29104477, 0.77160496],
      dtype=float32), 'f1': {'micro': tensor(0.7741), 'macro': tensor(0.5838), 'none': tensor([0.6356, 0.9465, 0.2029, 0.4041, 0.7299])}}
Training : Epoch [26/50], Loss: 0.1001
Testing : Epoch [26/50], Loss: 0.3142, results: {'mAP': 0.604575, 'mAR': 0.5820409, 'mAUC': 0.8977621, 'm_Accuracy': 0.5820409, 'ap': array([0.5984556 , 0.93579453, 0.25      , 0.5208333 , 0.71779144],
      dtype=float32), 'ar': array([0.7209302 , 0.95106035, 0.14285715, 0.37313432, 0.7222222 ],
      dtype=float32), 'auc': array([0.9050795 , 0.98534095, 0.8466637 , 0.839671  , 0.9120555 ],
      dtype=float32), 'accuracy': array([0.7209302 , 0.95106035, 0.14285715, 0.37313432, 0.7222222 ],
      dtype=float32), 'f1': {'micro': tensor(0.7741), 'macro': tensor(0.5868), 'none': tensor([0.6540, 0.9434, 0.1818, 0.4348, 0.7200])}}
Training : Epoch [27/50], Loss: 0.0908
Testing : Epoch [27/50], Loss: 0.3289, results: {'mAP': 0.60042256, 'mAR': 0.57488936, 'mAUC': 0.90189946, 'm_Accuracy': 0.57488936, 'ap': array([0.5516014 , 0.9677419 , 0.2173913 , 0.5882353 , 0.67714286],
      dtype=float32), 'ar': array([0.7209302 , 0.9298532 , 0.11904762, 0.37313432, 0.7314815 ],
      dtype=float32), 'auc': array([0.90782505, 0.9813162 , 0.87865657, 0.84063977, 0.9010593 ],
      dtype=float32), 'accuracy': array([0.7209302 , 0.9298532 , 0.11904762, 0.37313432, 0.7314815 ],
      dtype=float32), 'f1': {'micro': tensor(0.7658), 'macro': tensor(0.5774), 'none': tensor([0.6250, 0.9484, 0.1538, 0.4566, 0.7033])}}
Training : Epoch [28/50], Loss: 0.0988
Testing : Epoch [28/50], Loss: 0.3452, results: {'mAP': 0.612471, 'mAR': 0.5789194, 'mAUC': 0.88770515, 'm_Accuracy': 0.5789194, 'ap': array([0.6238095 , 0.9758621 , 0.3125    , 0.53246754, 0.6177156 ],
      dtype=float32), 'ar': array([0.60930234, 0.9233279 , 0.23809524, 0.30597016, 0.81790125],
      dtype=float32), 'auc': array([0.9042855 , 0.98266006, 0.82292825, 0.83250207, 0.89615   ],
      dtype=float32), 'accuracy': array([0.60930234, 0.9233279 , 0.23809524, 0.30597016, 0.81790125],
      dtype=float32), 'f1': {'micro': tensor(0.7628), 'macro': tensor(0.5856), 'none': tensor([0.6165, 0.9489, 0.2703, 0.3886, 0.7039])}}
Training : Epoch [29/50], Loss: 0.0698
Testing : Epoch [29/50], Loss: 0.3013, results: {'mAP': 0.60417545, 'mAR': 0.57438755, 'mAUC': 0.892904, 'm_Accuracy': 0.57438755, 'ap': array([0.5518395 , 0.964467  , 0.20689656, 0.6       , 0.6976744 ],
      dtype=float32), 'ar': array([0.76744187, 0.9298532 , 0.14285715, 0.29104477, 0.7407407 ],
      dtype=float32), 'auc': array([0.9165758 , 0.98229957, 0.83635116, 0.8233831 , 0.9059103 ],
      dtype=float32), 'accuracy': array([0.76744187, 0.9298532 , 0.14285715, 0.29104477, 0.7407407 ],
      dtype=float32), 'f1': {'micro': tensor(0.7681), 'macro': tensor(0.5737), 'none': tensor([0.6420, 0.9468, 0.1690, 0.3920, 0.7186])}}
Training : Epoch [30/50], Loss: 0.0611
Testing : Epoch [30/50], Loss: 0.3062, results: {'mAP': 0.6013821, 'mAR': 0.5583086, 'mAUC': 0.87901545, 'm_Accuracy': 0.5583086, 'ap': array([0.5944882 , 0.9027778 , 0.1923077 , 0.63076925, 0.6865672 ],
      dtype=float32), 'ar': array([0.7023256 , 0.954323  , 0.11904762, 0.30597016, 0.70987654],
      dtype=float32), 'auc': array([0.910508  , 0.9848413 , 0.76210845, 0.8372147 , 0.9004046 ],
      dtype=float32), 'accuracy': array([0.7023256 , 0.954323  , 0.11904762, 0.30597016, 0.70987654],
      dtype=float32), 'f1': {'micro': tensor(0.7620), 'macro': tensor(0.5658), 'none': tensor([0.6439, 0.9278, 0.1471, 0.4121, 0.6980])}}
Training : Epoch [31/50], Loss: 0.0557
Testing : Epoch [31/50], Loss: 0.2722, results: {'mAP': 0.6517782, 'mAR': 0.63003516, 'mAUC': 0.8988907, 'm_Accuracy': 0.63003516, 'ap': array([0.6768559 , 0.953411  , 0.32258064, 0.5882353 , 0.71780825],
      dtype=float32), 'ar': array([0.7209302 , 0.93474716, 0.23809524, 0.4477612 , 0.80864197],
      dtype=float32), 'auc': array([0.9108339 , 0.9811428 , 0.83194476, 0.8542526 , 0.9162793 ],
      dtype=float32), 'accuracy': array([0.7209302 , 0.93474716, 0.23809524, 0.4477612 , 0.80864197],
      dtype=float32), 'f1': {'micro': tensor(0.7982), 'macro': tensor(0.6370), 'none': tensor([0.6982, 0.9440, 0.2740, 0.5085, 0.7605])}}
Saving ./data/aug/0.05_0.001_1/checkpoint_30.pt
Training : Epoch [32/50], Loss: 0.0482
Testing : Epoch [32/50], Loss: 0.2744, results: {'mAP': 0.6334022, 'mAR': 0.62806034, 'mAUC': 0.90989685, 'm_Accuracy': 0.62806034, 'ap': array([0.6375    , 0.9662162 , 0.33333334, 0.4822695 , 0.7476923 ],
      dtype=float32), 'ar': array([0.7116279 , 0.93311584, 0.23809524, 0.5074627 , 0.75      ],
      dtype=float32), 'auc': array([0.90909964, 0.9829978 , 0.8796749 , 0.86342156, 0.91429037],
      dtype=float32), 'accuracy': array([0.7116279 , 0.93311584, 0.23809524, 0.5074627 , 0.75      ],
      dtype=float32), 'f1': {'micro': tensor(0.7877), 'macro': tensor(0.6286), 'none': tensor([0.6725, 0.9494, 0.2778, 0.4945, 0.7488])}}
Training : Epoch [33/50], Loss: 0.0411
Testing : Epoch [33/50], Loss: 0.2843, results: {'mAP': 0.63124025, 'mAR': 0.58958954, 'mAUC': 0.877628, 'm_Accuracy': 0.58958954, 'ap': array([0.6307054 , 0.9127726 , 0.31578946, 0.54545456, 0.75147927],
      dtype=float32), 'ar': array([0.7069768 , 0.9559543 , 0.14285715, 0.35820895, 0.7839506 ],
      dtype=float32), 'auc': array([0.911327  , 0.98552114, 0.735855  , 0.8449399 , 0.9104969 ],
      dtype=float32), 'accuracy': array([0.7069768 , 0.9559543 , 0.14285715, 0.35820895, 0.7839506 ],
      dtype=float32), 'f1': {'micro': tensor(0.7877), 'macro': tensor(0.5994), 'none': tensor([0.6667, 0.9339, 0.1967, 0.4324, 0.7674])}}
Training : Epoch [34/50], Loss: 0.0432
Testing : Epoch [34/50], Loss: 0.3032, results: {'mAP': 0.6254374, 'mAR': 0.5688483, 'mAUC': 0.89465684, 'm_Accuracy': 0.5688483, 'ap': array([0.7403315 , 0.9458128 , 0.18181819, 0.61904764, 0.6401766 ],
      dtype=float32), 'ar': array([0.6232558 , 0.9396411 , 0.0952381 , 0.29104477, 0.89506173],
      dtype=float32), 'auc': array([0.8994463 , 0.98365027, 0.84886694, 0.8194955 , 0.92182505],
      dtype=float32), 'accuracy': array([0.6232558 , 0.9396411 , 0.0952381 , 0.29104477, 0.89506173],
      dtype=float32), 'f1': {'micro': tensor(0.7854), 'macro': tensor(0.5774), 'none': tensor([0.6768, 0.9427, 0.1250, 0.3959, 0.7465])}}
Training : Epoch [35/50], Loss: 0.0356
Testing : Epoch [35/50], Loss: 0.2704, results: {'mAP': 0.6739984, 'mAR': 0.61120284, 'mAUC': 0.9033297, 'm_Accuracy': 0.61120284, 'ap': array([0.6514523 , 0.9432739 , 0.36363637, 0.6969697 , 0.7146597 ],
      dtype=float32), 'ar': array([0.73023254, 0.94942904, 0.1904762 , 0.3432836 , 0.8425926 ],
      dtype=float32), 'auc': array([0.9161119 , 0.9838305 , 0.85123676, 0.84580237, 0.919667  ],
      dtype=float32), 'accuracy': array([0.73023254, 0.94942904, 0.1904762 , 0.3432836 , 0.8425926 ],
      dtype=float32), 'f1': {'micro': tensor(0.8027), 'macro': tensor(0.6237), 'none': tensor([0.6886, 0.9463, 0.2500, 0.4600, 0.7734])}}
Training : Epoch [36/50], Loss: 0.0278
Testing : Epoch [36/50], Loss: 0.2678, results: {'mAP': 0.64600354, 'mAR': 0.6073122, 'mAUC': 0.9023836, 'm_Accuracy': 0.6073122, 'ap': array([0.6375    , 0.95245904, 0.26666668, 0.6621622 , 0.7112299 ],
      dtype=float32), 'ar': array([0.7116279 , 0.9477977 , 0.1904762 , 0.36567163, 0.82098764],
      dtype=float32), 'auc': array([0.91126436, 0.9827696 , 0.83494407, 0.8594215 , 0.9235189 ],
      dtype=float32), 'accuracy': array([0.7116279 , 0.9477977 , 0.1904762 , 0.36567163, 0.82098764],
      dtype=float32), 'f1': {'micro': tensor(0.7959), 'macro': tensor(0.6156), 'none': tensor([0.6725, 0.9501, 0.2222, 0.4712, 0.7622])}}
Training : Epoch [37/50], Loss: 0.0296
Testing : Epoch [37/50], Loss: 0.2642, results: {'mAP': 0.63651454, 'mAR': 0.6116272, 'mAUC': 0.9074708, 'm_Accuracy': 0.6116272, 'ap': array([0.62240666, 0.9745331 , 0.25925925, 0.6086956 , 0.7176781 ],
      dtype=float32), 'ar': array([0.6976744 , 0.9363785 , 0.16666667, 0.41791046, 0.83950615],
      dtype=float32), 'auc': array([0.91076285, 0.9847021 , 0.8648263 , 0.8519088 , 0.9251543 ],
      dtype=float32), 'accuracy': array([0.6976744 , 0.9363785 , 0.16666667, 0.41791046, 0.83950615],
      dtype=float32), 'f1': {'micro': tensor(0.7974), 'macro': tensor(0.6171), 'none': tensor([0.6579, 0.9551, 0.2029, 0.4956, 0.7738])}}
Training : Epoch [38/50], Loss: 0.0258
Testing : Epoch [38/50], Loss: 0.2807, results: {'mAP': 0.6269876, 'mAR': 0.60920274, 'mAUC': 0.89852875, 'm_Accuracy': 0.60920274, 'ap': array([0.557047  , 0.9601329 , 0.29032257, 0.57575756, 0.7516779 ],
      dtype=float32), 'ar': array([0.772093  , 0.94290376, 0.21428572, 0.42537314, 0.69135803],
      dtype=float32), 'auc': array([0.9131741 , 0.9845173 , 0.8437569 , 0.84950876, 0.9016865 ],
      dtype=float32), 'accuracy': array([0.772093  , 0.94290376, 0.21428572, 0.42537314, 0.69135803],
      dtype=float32), 'f1': {'micro': tensor(0.7786), 'macro': tensor(0.6109), 'none': tensor([0.6472, 0.9514, 0.2466, 0.4893, 0.7203])}}
Training : Epoch [39/50], Loss: 0.0229
Testing : Epoch [39/50], Loss: 0.2617, results: {'mAP': 0.65278995, 'mAR': 0.64137447, 'mAUC': 0.9051242, 'm_Accuracy': 0.64137447, 'ap': array([0.65898615, 0.9466019 , 0.36842105, 0.53846157, 0.75147927],
      dtype=float32), 'ar': array([0.66511625, 0.954323  , 0.33333334, 0.47014925, 0.7839506 ],
      dtype=float32), 'auc': array([0.9022002 , 0.9855417 , 0.8737688 , 0.8536901 , 0.91042006],
      dtype=float32), 'accuracy': array([0.66511625, 0.954323  , 0.33333334, 0.47014925, 0.7839506 ],
      dtype=float32), 'f1': {'micro': tensor(0.7974), 'macro': tensor(0.6464), 'none': tensor([0.6620, 0.9504, 0.3500, 0.5020, 0.7674])}}
Training : Epoch [40/50], Loss: 0.0206
Testing : Epoch [40/50], Loss: 0.2693, results: {'mAP': 0.620545, 'mAR': 0.583329, 'mAUC': 0.90113276, 'm_Accuracy': 0.583329, 'ap': array([0.61764705, 0.9389067 , 0.20833333, 0.6216216 , 0.7162162 ],
      dtype=float32), 'ar': array([0.68372095, 0.9526917 , 0.11904762, 0.3432836 , 0.81790125],
      dtype=float32), 'auc': array([0.90975577, 0.983721  , 0.83581424, 0.8561589 , 0.9202142 ],
      dtype=float32), 'accuracy': array([0.68372095, 0.9526917 , 0.11904762, 0.3432836 , 0.81790125],
      dtype=float32), 'f1': {'micro': tensor(0.7884), 'macro': tensor(0.5905), 'none': tensor([0.6490, 0.9457, 0.1515, 0.4423, 0.7637])}}
Training : Epoch [41/50], Loss: 0.0168
Testing : Epoch [41/50], Loss: 0.2595, results: {'mAP': 0.6329673, 'mAR': 0.61055577, 'mAUC': 0.8999693, 'm_Accuracy': 0.61055577, 'ap': array([0.62447256, 0.95230263, 0.29411766, 0.5681818 , 0.7257618 ],
      dtype=float32), 'ar': array([0.6883721 , 0.9445351 , 0.23809524, 0.37313432, 0.80864197],
      dtype=float32), 'auc': array([0.90650034, 0.98446023, 0.83016735, 0.86538416, 0.9133343 ],
      dtype=float32), 'accuracy': array([0.6883721 , 0.9445351 , 0.23809524, 0.37313432, 0.80864197],
      dtype=float32), 'f1': {'micro': tensor(0.7899), 'macro': tensor(0.6164), 'none': tensor([0.6549, 0.9484, 0.2632, 0.4505, 0.7650])}}
Saving ./data/aug/0.05_0.001_1/checkpoint_40.pt
Training : Epoch [42/50], Loss: 0.0222
Testing : Epoch [42/50], Loss: 0.2743, results: {'mAP': 0.62676066, 'mAR': 0.5958191, 'mAUC': 0.8984787, 'm_Accuracy': 0.5958191, 'ap': array([0.6556604 , 0.9632107 , 0.3043478 , 0.52040815, 0.6901763 ],
      dtype=float32), 'ar': array([0.6465116 , 0.9396411 , 0.16666667, 0.38059703, 0.845679  ],
      dtype=float32), 'auc': array([0.9059696 , 0.98350424, 0.8486633 , 0.84153354, 0.9127226 ],
      dtype=float32), 'accuracy': array([0.6465116 , 0.9396411 , 0.16666667, 0.38059703, 0.845679  ],
      dtype=float32), 'f1': {'micro': tensor(0.7884), 'macro': tensor(0.6035), 'none': tensor([0.6511, 0.9513, 0.2154, 0.4397, 0.7601])}}
Training : Epoch [43/50], Loss: 0.0144
Testing : Epoch [43/50], Loss: 0.2504, results: {'mAP': 0.6321669, 'mAR': 0.6049958, 'mAUC': 0.90409833, 'm_Accuracy': 0.6049958, 'ap': array([0.65486723, 0.9478827 , 0.30769232, 0.53061223, 0.7197802 ],
      dtype=float32), 'ar': array([0.6883721 , 0.94942904, 0.1904762 , 0.3880597 , 0.80864197],
      dtype=float32), 'auc': array([0.912121  , 0.98502606, 0.85366213, 0.8538026 , 0.91587967],
      dtype=float32), 'accuracy': array([0.6883721 , 0.94942904, 0.1904762 , 0.3880597 , 0.80864197],
      dtype=float32), 'f1': {'micro': tensor(0.7922), 'macro': tensor(0.6130), 'none': tensor([0.6712, 0.9487, 0.2353, 0.4483, 0.7616])}}
Training : Epoch [44/50], Loss: 0.0209
Testing : Epoch [44/50], Loss: 0.2589, results: {'mAP': 0.64569795, 'mAR': 0.6186465, 'mAUC': 0.89650726, 'm_Accuracy': 0.6186465, 'ap': array([0.63559324, 0.9282297 , 0.3030303 , 0.6086956 , 0.7529412 ],
      dtype=float32), 'ar': array([0.6976744 , 0.94942904, 0.23809524, 0.41791046, 0.79012346],
      dtype=float32), 'auc': array([0.907683  , 0.9851721 , 0.83635116, 0.8460212 , 0.90730906],
      dtype=float32), 'accuracy': array([0.6976744 , 0.94942904, 0.23809524, 0.41791046, 0.79012346],
      dtype=float32), 'f1': {'micro': tensor(0.7937), 'macro': tensor(0.6274), 'none': tensor([0.6652, 0.9387, 0.2667, 0.4956, 0.7711])}}
Training : Epoch [45/50], Loss: 0.0188
Testing : Epoch [45/50], Loss: 0.2792, results: {'mAP': 0.64132506, 'mAR': 0.59372646, 'mAUC': 0.8986786, 'm_Accuracy': 0.59372646, 'ap': array([0.66511625, 0.94271684, 0.3181818 , 0.6097561 , 0.6708543 ],
      dtype=float32), 'ar': array([0.66511625, 0.9396411 , 0.16666667, 0.37313432, 0.8240741 ],
      dtype=float32), 'auc': array([0.90294826, 0.9839994 , 0.8520699 , 0.84980875, 0.90456694],
      dtype=float32), 'accuracy': array([0.66511625, 0.9396411 , 0.16666667, 0.37313432, 0.8240741 ],
      dtype=float32), 'f1': {'micro': tensor(0.7854), 'macro': tensor(0.6055), 'none': tensor([0.6651, 0.9412, 0.2188, 0.4630, 0.7396])}}
Training : Epoch [46/50], Loss: 0.0138
Testing : Epoch [46/50], Loss: 0.2624, results: {'mAP': 0.6396687, 'mAR': 0.6060473, 'mAUC': 0.90274507, 'm_Accuracy': 0.6060473, 'ap': array([0.65800864, 0.9504132 , 0.35      , 0.5377358 , 0.7021858 ],
      dtype=float32), 'ar': array([0.7069768 , 0.9380098 , 0.16666667, 0.42537314, 0.79320985],
      dtype=float32), 'auc': array([0.9138469 , 0.9834951 , 0.850885  , 0.85530263, 0.91019565],
      dtype=float32), 'accuracy': array([0.7069768 , 0.9380098 , 0.16666667, 0.42537314, 0.79320985],
      dtype=float32), 'f1': {'micro': tensor(0.7892), 'macro': tensor(0.6143), 'none': tensor([0.6816, 0.9442, 0.2258, 0.4750, 0.7449])}}
Training : Epoch [47/50], Loss: 0.0207
Testing : Epoch [47/50], Loss: 0.2702, results: {'mAP': 0.63969046, 'mAR': 0.6078966, 'mAUC': 0.8883933, 'm_Accuracy': 0.6078966, 'ap': array([0.6637931 , 0.9460784 , 0.27272728, 0.59574467, 0.7201087 ],
      dtype=float32), 'ar': array([0.7162791 , 0.9445351 , 0.14285715, 0.41791046, 0.81790125],
      dtype=float32), 'auc': array([0.91090494, 0.9833126 , 0.78751016, 0.84533364, 0.9149052 ],
      dtype=float32), 'accuracy': array([0.7162791 , 0.9445351 , 0.14285715, 0.41791046, 0.81790125],
      dtype=float32), 'f1': {'micro': tensor(0.7982), 'macro': tensor(0.6158), 'none': tensor([0.6890, 0.9453, 0.1875, 0.4912, 0.7659])}}
Training : Epoch [48/50], Loss: 0.0181
Testing : Epoch [48/50], Loss: 0.2660, results: {'mAP': 0.6246311, 'mAR': 0.59662026, 'mAUC': 0.89694643, 'm_Accuracy': 0.59662026, 'ap': array([0.6440678, 0.9414634, 0.2857143, 0.53     , 0.7219101],
      dtype=float32), 'ar': array([0.7069768 , 0.9445351 , 0.14285715, 0.3955224 , 0.79320985],
      dtype=float32), 'auc': array([0.9149878 , 0.98371416, 0.8163001 , 0.85880274, 0.9109273 ],
      dtype=float32), 'accuracy': array([0.7069768 , 0.9445351 , 0.14285715, 0.3955224 , 0.79320985],
      dtype=float32), 'f1': {'micro': tensor(0.7884), 'macro': tensor(0.6033), 'none': tensor([0.6741, 0.9430, 0.1905, 0.4530, 0.7559])}}
Training : Epoch [49/50], Loss: 0.0176
Testing : Epoch [49/50], Loss: 0.2641, results: {'mAP': 0.6426485, 'mAR': 0.6068016, 'mAUC': 0.904909, 'm_Accuracy': 0.6068016, 'ap': array([0.6475771 , 0.94498384, 0.33333334, 0.56435645, 0.7229917 ],
      dtype=float32), 'ar': array([0.68372095, 0.9526917 , 0.16666667, 0.42537314, 0.8055556 ],
      dtype=float32), 'auc': array([0.90157753, 0.9837712 , 0.86582613, 0.8565839 , 0.91678655],
      dtype=float32), 'accuracy': array([0.68372095, 0.9526917 , 0.16666667, 0.42537314, 0.8055556 ],
      dtype=float32), 'f1': {'micro': tensor(0.7952), 'macro': tensor(0.6167), 'none': tensor([0.6652, 0.9488, 0.2222, 0.4851, 0.7620])}}
Training : Epoch [50/50], Loss: 0.0178
Testing : Epoch [50/50], Loss: 0.2644, results: {'mAP': 0.6529044, 'mAR': 0.614173, 'mAUC': 0.9023353, 'm_Accuracy': 0.614173, 'ap': array([0.6458333 , 0.9602649 , 0.35      , 0.59375   , 0.71467394],
      dtype=float32), 'ar': array([0.7209302 , 0.9461664 , 0.16666667, 0.42537314, 0.8117284 ],
      dtype=float32), 'auc': array([0.91144824, 0.9836982 , 0.84459007, 0.86159027, 0.91034937],
      dtype=float32), 'accuracy': array([0.7209302 , 0.9461664 , 0.16666667, 0.42537314, 0.8117284 ],
      dtype=float32), 'f1': {'micro': tensor(0.7997), 'macro': tensor(0.6232), 'none': tensor([0.6813, 0.9532, 0.2258, 0.4957, 0.7601])}}
Saving ./data/aug/0.05_0.001_1/checkpoint_49.pt
