Train size = 5308, Test size = 1328
Classes : ['affected', 'destroyed', 'major', 'minor', 'no_damage']
Training : Epoch [1/50], Loss: 1.4312
Testing : Epoch [1/50], Loss: 1.7707, results: {'mAP': 0.09231928, 'mAR': 0.2, 'mAUC': 0.62111294, 'm_Accuracy': 0.2, 'ap': array([0.       , 0.4615964, 0.       , 0.       , 0.       ],
      dtype=float32), 'ar': array([0., 1., 0., 0., 0.], dtype=float32), 'auc': array([0.6829854 , 0.83119816, 0.5121177 , 0.49653742, 0.5827262 ],
      dtype=float32), 'accuracy': array([0., 1., 0., 0., 0.], dtype=float32), 'f1': {'micro': tensor(0.4616), 'macro': tensor(0.1263), 'none': tensor([0.0000, 0.6316, 0.0000, 0.0000, 0.0000])}}
Saving ./data/aug/0.05_0.0_100/checkpoint_0.pt
Training : Epoch [2/50], Loss: 1.2848
Testing : Epoch [2/50], Loss: 1.5657, results: {'mAP': 0.21542856, 'mAR': 0.2098413, 'mAUC': 0.7665339, 'm_Accuracy': 0.2098413, 'ap': array([0.        , 0.47      , 0.        , 0.        , 0.60714287],
      dtype=float32), 'ar': array([0.        , 0.99673736, 0.        , 0.        , 0.05246913],
      dtype=float32), 'auc': array([0.75529784, 0.92516226, 0.6699067 , 0.68667966, 0.79562306],
      dtype=float32), 'accuracy': array([0.        , 0.99673736, 0.        , 0.        , 0.05246913],
      dtype=float32), 'f1': {'micro': tensor(0.4729), 'macro': tensor(0.1471), 'none': tensor([0.0000, 0.6388, 0.0000, 0.0000, 0.0966])}}
Training : Epoch [3/50], Loss: 0.9380
Testing : Epoch [3/50], Loss: 1.1603, results: {'mAP': 0.46221018, 'mAR': 0.3669806, 'mAUC': 0.7912439, 'm_Accuracy': 0.3669806, 'ap': array([1.        , 0.88006485, 0.        , 0.        , 0.43098593],
      dtype=float32), 'ar': array([0.00465116, 0.8858075 , 0.        , 0.        , 0.9444444 ],
      dtype=float32), 'auc': array([0.7958921 , 0.94529027, 0.65678   , 0.72827446, 0.8299825 ],
      dtype=float32), 'accuracy': array([0.00465116, 0.8858075 , 0.        , 0.        , 0.9444444 ],
      dtype=float32), 'f1': {'micro': tensor(0.6401), 'macro': tensor(0.2968), 'none': tensor([0.0093, 0.8829, 0.0000, 0.0000, 0.5919])}}
Training : Epoch [4/50], Loss: 0.8587
Testing : Epoch [4/50], Loss: 1.0598, results: {'mAP': 0.42728013, 'mAR': 0.4498027, 'mAUC': 0.8252996, 'm_Accuracy': 0.4498027, 'ap': array([0.6854839 , 0.9595782 , 0.        , 0.        , 0.49133858],
      dtype=float32), 'ar': array([0.39534885, 0.8907015 , 0.        , 0.        , 0.962963  ],
      dtype=float32), 'auc': array([0.86806244, 0.9607525 , 0.66805524, 0.7549814 , 0.8746465 ],
      dtype=float32), 'accuracy': array([0.39534885, 0.8907015 , 0.        , 0.        , 0.962963  ],
      dtype=float32), 'f1': {'micro': tensor(0.7101), 'macro': tensor(0.4152), 'none': tensor([0.5015, 0.9239, 0.0000, 0.0000, 0.6507])}}
Training : Epoch [5/50], Loss: 0.7764
Testing : Epoch [5/50], Loss: 0.9622, results: {'mAP': 0.42016053, 'mAR': 0.47152257, 'mAUC': 0.839986, 'm_Accuracy': 0.47152257, 'ap': array([0.65217394, 0.8654708 , 0.        , 0.        , 0.5831579 ],
      dtype=float32), 'ar': array([0.55813956, 0.9445351 , 0.        , 0.        , 0.85493827],
      dtype=float32), 'auc': array([0.90286046, 0.9745696 , 0.683848  , 0.7528251 , 0.88582706],
      dtype=float32), 'accuracy': array([0.55813956, 0.9445351 , 0.        , 0.        , 0.85493827],
      dtype=float32), 'f1': {'micro': tensor(0.7349), 'macro': tensor(0.4396), 'none': tensor([0.6015, 0.9033, 0.0000, 0.0000, 0.6934])}}
Training : Epoch [6/50], Loss: 0.7425
Testing : Epoch [6/50], Loss: 0.9344, results: {'mAP': 0.4331363, 'mAR': 0.4611683, 'mAUC': 0.84227145, 'm_Accuracy': 0.4611683, 'ap': array([0.71428573, 0.93467337, 0.        , 0.        , 0.5167224 ],
      dtype=float32), 'ar': array([0.44186047, 0.9102773 , 0.        , 0.        , 0.9537037 ],
      dtype=float32), 'auc': array([0.88869387, 0.9719458 , 0.6871621 , 0.76110655, 0.90244883],
      dtype=float32), 'accuracy': array([0.44186047, 0.9102773 , 0.        , 0.        , 0.9537037 ],
      dtype=float32), 'f1': {'micro': tensor(0.7244), 'macro': tensor(0.4277), 'none': tensor([0.5460, 0.9223, 0.0000, 0.0000, 0.6703])}}
Training : Epoch [7/50], Loss: 0.7141
Testing : Epoch [7/50], Loss: 0.8868, results: {'mAP': 0.42707437, 'mAR': 0.4829286, 'mAUC': 0.855165, 'm_Accuracy': 0.4829286, 'ap': array([0.64102566, 0.9232    , 0.        , 0.        , 0.57114625],
      dtype=float32), 'ar': array([0.5813953 , 0.94127244, 0.        , 0.        , 0.8919753 ],
      dtype=float32), 'auc': array([0.90687644, 0.97736454, 0.7159705 , 0.77701944, 0.8985939 ],
      dtype=float32), 'accuracy': array([0.5813953 , 0.94127244, 0.        , 0.        , 0.8919753 ],
      dtype=float32), 'f1': {'micro': tensor(0.7462), 'macro': tensor(0.4477), 'none': tensor([0.6098, 0.9321, 0.0000, 0.0000, 0.6964])}}
Training : Epoch [8/50], Loss: 0.6954
Testing : Epoch [8/50], Loss: 0.8640, results: {'mAP': 0.5402613, 'mAR': 0.524665, 'mAUC': 0.8595438, 'm_Accuracy': 0.524665, 'ap': array([0.6351351, 0.9305331, 0.       , 0.5106383, 0.625    ],
      dtype=float32), 'ar': array([0.65581393, 0.9396411 , 0.        , 0.17910448, 0.84876543],
      dtype=float32), 'auc': array([0.9099396 , 0.97880423, 0.6943642 , 0.8035576 , 0.9110533 ],
      dtype=float32), 'accuracy': array([0.65581393, 0.9396411 , 0.        , 0.17910448, 0.84876543],
      dtype=float32), 'f1': {'micro': tensor(0.7651), 'macro': tensor(0.5131), 'none': tensor([0.6453, 0.9351, 0.0000, 0.2652, 0.7199])}}
Training : Epoch [9/50], Loss: 0.6537
Testing : Epoch [9/50], Loss: 0.8219, results: {'mAP': 0.53232795, 'mAR': 0.51219165, 'mAUC': 0.8800823, 'm_Accuracy': 0.51219165, 'ap': array([0.58208954, 0.97573656, 0.        , 0.5       , 0.6038136 ],
      dtype=float32), 'ar': array([0.7255814 , 0.9184339 , 0.        , 0.03731343, 0.8796296 ],
      dtype=float32), 'auc': array([0.9101569 , 0.98141664, 0.8054877 , 0.7954636 , 0.907887  ],
      dtype=float32), 'accuracy': array([0.7255814 , 0.9184339 , 0.        , 0.03731343, 0.8796296 ],
      dtype=float32), 'f1': {'micro': tensor(0.7598), 'macro': tensor(0.4755), 'none': tensor([0.6460, 0.9462, 0.0000, 0.0694, 0.7161])}}
Training : Epoch [10/50], Loss: 0.6120
Testing : Epoch [10/50], Loss: 0.7723, results: {'mAP': 0.55740213, 'mAR': 0.5272943, 'mAUC': 0.890437, 'm_Accuracy': 0.5272943, 'ap': array([0.6431718 , 0.9200627 , 0.        , 0.57575756, 0.64801866],
      dtype=float32), 'ar': array([0.67906976, 0.95758563, 0.        , 0.14179105, 0.8580247 ],
      dtype=float32), 'auc': array([0.9124804 , 0.9827559 , 0.80465454, 0.8356459 , 0.9166482 ],
      dtype=float32), 'accuracy': array([0.67906976, 0.95758563, 0.        , 0.14179105, 0.8580247 ],
      dtype=float32), 'f1': {'micro': tensor(0.7756), 'macro': tensor(0.5130), 'none': tensor([0.6606, 0.9384, 0.0000, 0.2275, 0.7384])}}
Training : Epoch [11/50], Loss: 0.5822
Testing : Epoch [11/50], Loss: 0.7510, results: {'mAP': 0.5874385, 'mAR': 0.5067334, 'mAUC': 0.877844, 'm_Accuracy': 0.5067334, 'ap': array([0.73202616, 0.9614094 , 0.        , 0.6818182 , 0.56193894],
      dtype=float32), 'ar': array([0.52093023, 0.93474716, 0.        , 0.1119403 , 0.9660494 ],
      dtype=float32), 'auc': array([0.90683883, 0.9849759 , 0.77677184, 0.8069702 , 0.91366327],
      dtype=float32), 'accuracy': array([0.52093023, 0.93474716, 0.        , 0.1119403 , 0.9660494 ],
      dtype=float32), 'f1': {'micro': tensor(0.7628), 'macro': tensor(0.4919), 'none': tensor([0.6087, 0.9479, 0.0000, 0.1923, 0.7106])}}
Saving ./data/aug/0.05_0.0_100/checkpoint_10.pt
Training : Epoch [12/50], Loss: 0.5401
Testing : Epoch [12/50], Loss: 0.7024, results: {'mAP': 0.54361, 'mAR': 0.5322862, 'mAUC': 0.8961803, 'm_Accuracy': 0.5322862, 'ap': array([0.6339286, 0.9399351, 0.       , 0.5      , 0.644186 ],
      dtype=float32), 'ar': array([0.6604651 , 0.9445351 , 0.        , 0.20149253, 0.85493827],
      dtype=float32), 'auc': array([0.90040326, 0.98346776, 0.8450344 , 0.8388522 , 0.9131437 ],
      dtype=float32), 'accuracy': array([0.6604651 , 0.9445351 , 0.        , 0.20149253, 0.85493827],
      dtype=float32), 'f1': {'micro': tensor(0.7718), 'macro': tensor(0.5222), 'none': tensor([0.6469, 0.9422, 0.0000, 0.2872, 0.7347])}}
Training : Epoch [13/50], Loss: 0.5164
Testing : Epoch [13/50], Loss: 0.6910, results: {'mAP': 0.76642334, 'mAR': 0.4980902, 'mAUC': 0.88531554, 'm_Accuracy': 0.4980902, 'ap': array([0.7117647 , 0.8897397 , 1.        , 0.64285713, 0.5877551 ],
      dtype=float32), 'ar': array([0.5627907 , 0.9477977 , 0.02380952, 0.06716418, 0.8888889 ],
      dtype=float32), 'auc': array([0.89715624, 0.9822677 , 0.8192994 , 0.8161954 , 0.91165894],
      dtype=float32), 'accuracy': array([0.5627907 , 0.9477977 , 0.02380952, 0.06716418, 0.8888889 ],
      dtype=float32), 'f1': {'micro': tensor(0.7530), 'macro': tensor(0.4844), 'none': tensor([0.6286, 0.9179, 0.0465, 0.1216, 0.7076])}}
Training : Epoch [14/50], Loss: 0.4764
Testing : Epoch [14/50], Loss: 0.6510, results: {'mAP': 0.5740353, 'mAR': 0.5240617, 'mAUC': 0.89680374, 'm_Accuracy': 0.5240617, 'ap': array([0.61445785, 0.8665689 , 0.125     , 0.575     , 0.68914956],
      dtype=float32), 'ar': array([0.7116279 , 0.9641109 , 0.04761905, 0.1716418 , 0.72530866],
      dtype=float32), 'auc': array([0.9141687 , 0.98368907, 0.8366474 , 0.83875847, 0.9107551 ],
      dtype=float32), 'accuracy': array([0.7116279 , 0.9641109 , 0.04761905, 0.1716418 , 0.72530866],
      dtype=float32), 'f1': {'micro': tensor(0.7560), 'macro': tensor(0.5225), 'none': tensor([0.6595, 0.9127, 0.0690, 0.2644, 0.7068])}}
Training : Epoch [15/50], Loss: 0.4493
Testing : Epoch [15/50], Loss: 0.6036, results: {'mAP': 0.6662509, 'mAR': 0.57542896, 'mAUC': 0.9128768, 'm_Accuracy': 0.57542896, 'ap': array([0.695     , 0.96644294, 0.5       , 0.509434  , 0.6603774 ],
      dtype=float32), 'ar': array([0.6465116 , 0.9396411 , 0.02380952, 0.40298507, 0.86419755],
      dtype=float32), 'auc': array([0.92394745, 0.9852816 , 0.86688143, 0.86034024, 0.92793334],
      dtype=float32), 'accuracy': array([0.6465116 , 0.9396411 , 0.02380952, 0.40298507, 0.86419755],
      dtype=float32), 'f1': {'micro': tensor(0.7907), 'macro': tensor(0.5734), 'none': tensor([0.6699, 0.9529, 0.0455, 0.4500, 0.7487])}}
Training : Epoch [16/50], Loss: 0.4134
Testing : Epoch [16/50], Loss: 0.5809, results: {'mAP': 0.5975567, 'mAR': 0.5679533, 'mAUC': 0.9049835, 'm_Accuracy': 0.5679533, 'ap': array([0.73619634, 0.97098976, 0.16666667, 0.4878049 , 0.6261261 ],
      dtype=float32), 'ar': array([0.55813956, 0.9282219 , 0.04761905, 0.4477612 , 0.8580247 ],
      dtype=float32), 'auc': array([0.9181763 , 0.98237944, 0.8353514 , 0.8636716 , 0.92533875],
      dtype=float32), 'accuracy': array([0.55813956, 0.9282219 , 0.04761905, 0.4477612 , 0.8580247 ],
      dtype=float32), 'f1': {'micro': tensor(0.7748), 'macro': tensor(0.5698), 'none': tensor([0.6349, 0.9491, 0.0741, 0.4669, 0.7240])}}
Training : Epoch [17/50], Loss: 0.4004
Testing : Epoch [17/50], Loss: 0.5679, results: {'mAP': 0.63266146, 'mAR': 0.55179524, 'mAUC': 0.90549946, 'm_Accuracy': 0.55179524, 'ap': array([0.70526314, 0.9493464 , 0.25      , 0.6315789 , 0.62711865],
      dtype=float32), 'ar': array([0.6232558 , 0.9477977 , 0.0952381 , 0.17910448, 0.91358024],
      dtype=float32), 'auc': array([0.9113354 , 0.98439866, 0.86290085, 0.8487712 , 0.9200912 ],
      dtype=float32), 'accuracy': array([0.6232558 , 0.9477977 , 0.0952381 , 0.17910448, 0.91358024],
      dtype=float32), 'f1': {'micro': tensor(0.7824), 'macro': tensor(0.5542), 'none': tensor([0.6617, 0.9486, 0.1379, 0.2791, 0.7437])}}
Training : Epoch [18/50], Loss: 0.3485
Testing : Epoch [18/50], Loss: 0.5142, results: {'mAP': 0.62488174, 'mAR': 0.5896986, 'mAUC': 0.904678, 'm_Accuracy': 0.5896986, 'ap': array([0.56916994, 0.9436393 , 0.375     , 0.5408163 , 0.69578314],
      dtype=float32), 'ar': array([0.66976744, 0.9559543 , 0.21428572, 0.3955224 , 0.712963  ],
      dtype=float32), 'auc': array([0.9018617 , 0.98311865, 0.8604754 , 0.86119026, 0.9167435 ],
      dtype=float32), 'accuracy': array([0.66976744, 0.9559543 , 0.21428572, 0.3955224 , 0.712963  ],
      dtype=float32), 'f1': {'micro': tensor(0.7703), 'macro': tensor(0.5998), 'none': tensor([0.6154, 0.9498, 0.2727, 0.4569, 0.7043])}}
Training : Epoch [19/50], Loss: 0.3187
Testing : Epoch [19/50], Loss: 0.4985, results: {'mAP': 0.66767895, 'mAR': 0.56871766, 'mAUC': 0.90823925, 'm_Accuracy': 0.56871766, 'ap': array([0.64788735, 0.9264    , 0.5       , 0.6101695 , 0.65393794],
      dtype=float32), 'ar': array([0.6418605 , 0.9445351 , 0.14285715, 0.26865673, 0.845679  ],
      dtype=float32), 'auc': array([0.9026474 , 0.98107666, 0.8808598 , 0.8600965 , 0.916516  ],
      dtype=float32), 'accuracy': array([0.6418605 , 0.9445351 , 0.14285715, 0.26865673, 0.845679  ],
      dtype=float32), 'f1': {'micro': tensor(0.7779), 'macro': tensor(0.5826), 'none': tensor([0.6449, 0.9354, 0.2222, 0.3731, 0.7376])}}
Training : Epoch [20/50], Loss: 0.2830
Testing : Epoch [20/50], Loss: 0.4842, results: {'mAP': 0.57719934, 'mAR': 0.55254674, 'mAUC': 0.9018424, 'm_Accuracy': 0.55254674, 'ap': array([0.59836066, 0.8619186 , 0.1904762 , 0.4871795 , 0.748062  ],
      dtype=float32), 'ar': array([0.67906976, 0.96737355, 0.0952381 , 0.42537314, 0.595679  ],
      dtype=float32), 'auc': array([0.90132684, 0.98157406, 0.90766865, 0.84435236, 0.8742899 ],
      dtype=float32), 'accuracy': array([0.67906976, 0.96737355, 0.0952381 , 0.42537314, 0.595679  ],
      dtype=float32), 'f1': {'micro': tensor(0.7477), 'macro': tensor(0.5584), 'none': tensor([0.6362, 0.9116, 0.1270, 0.4542, 0.6632])}}
Training : Epoch [21/50], Loss: 0.2641
Testing : Epoch [21/50], Loss: 0.4401, results: {'mAP': 0.6336609, 'mAR': 0.59890646, 'mAUC': 0.9071747, 'm_Accuracy': 0.59890646, 'ap': array([0.639485  , 0.9435484 , 0.31034482, 0.58536583, 0.6895604 ],
      dtype=float32), 'ar': array([0.69302326, 0.954323  , 0.21428572, 0.35820895, 0.77469134],
      dtype=float32), 'auc': array([0.91203326, 0.98608243, 0.8524402 , 0.87455934, 0.9107582 ],
      dtype=float32), 'accuracy': array([0.69302326, 0.954323  , 0.21428572, 0.35820895, 0.77469134],
      dtype=float32), 'f1': {'micro': tensor(0.7846), 'macro': tensor(0.6083), 'none': tensor([0.6652, 0.9489, 0.2535, 0.4444, 0.7297])}}
Saving ./data/aug/0.05_0.0_100/checkpoint_20.pt
Training : Epoch [22/50], Loss: 0.2245
Testing : Epoch [22/50], Loss: 0.4125, results: {'mAP': 0.6062155, 'mAR': 0.6074975, 'mAUC': 0.90481913, 'm_Accuracy': 0.6074975, 'ap': array([0.66183573, 0.96615905, 0.16949153, 0.5423729 , 0.69121814],
      dtype=float32), 'ar': array([0.6372093 , 0.9314845 , 0.23809524, 0.47761193, 0.75308645],
      dtype=float32), 'auc': array([0.9097014 , 0.9824798 , 0.84710807, 0.87091553, 0.9138907 ],
      dtype=float32), 'accuracy': array([0.6372093 , 0.9314845 , 0.23809524, 0.47761193, 0.75308645],
      dtype=float32), 'f1': {'micro': tensor(0.7726), 'macro': tensor(0.6049), 'none': tensor([0.6493, 0.9485, 0.1980, 0.5079, 0.7208])}}
Training : Epoch [23/50], Loss: 0.1924
Testing : Epoch [23/50], Loss: 0.3953, results: {'mAP': 0.6111775, 'mAR': 0.5728946, 'mAUC': 0.8930685, 'm_Accuracy': 0.5728946, 'ap': array([0.7124183 , 0.9400324 , 0.1764706 , 0.57894737, 0.64801866],
      dtype=float32), 'ar': array([0.5069767 , 0.9461664 , 0.14285715, 0.41044775, 0.8580247 ],
      dtype=float32), 'auc': array([0.89533   , 0.9819574 , 0.8154855 , 0.8659154 , 0.90665424],
      dtype=float32), 'accuracy': array([0.5069767 , 0.9461664 , 0.14285715, 0.41044775, 0.8580247 ],
      dtype=float32), 'f1': {'micro': tensor(0.7741), 'macro': tensor(0.5824), 'none': tensor([0.5924, 0.9431, 0.1579, 0.4803, 0.7384])}}
Training : Epoch [24/50], Loss: 0.1802
Testing : Epoch [24/50], Loss: 0.3904, results: {'mAP': 0.57533896, 'mAR': 0.5895995, 'mAUC': 0.9094841, 'm_Accuracy': 0.5895995, 'ap': array([0.55925924, 0.97582036, 0.17777778, 0.40229884, 0.76153845],
      dtype=float32), 'ar': array([0.7023256 , 0.9216966 , 0.1904762 , 0.52238804, 0.6111111 ],
      dtype=float32), 'auc': array([0.91136044, 0.9816813 , 0.8878212 , 0.8725718 , 0.8939858 ],
      dtype=float32), 'accuracy': array([0.7023256 , 0.9216966 , 0.1904762 , 0.52238804, 0.6111111 ],
      dtype=float32), 'f1': {'micro': tensor(0.7470), 'macro': tensor(0.5774), 'none': tensor([0.6227, 0.9480, 0.1839, 0.4545, 0.6781])}}
Training : Epoch [25/50], Loss: 0.1500
Testing : Epoch [25/50], Loss: 0.3626, results: {'mAP': 0.6483512, 'mAR': 0.57495975, 'mAUC': 0.8989686, 'm_Accuracy': 0.57495975, 'ap': array([0.6735751 , 0.8845577 , 0.27586207, 0.7288136 , 0.6789474 ],
      dtype=float32), 'ar': array([0.60465115, 0.9624796 , 0.1904762 , 0.32089552, 0.7962963 ],
      dtype=float32), 'auc': array([0.9043733 , 0.9843142 , 0.82977855, 0.8631716 , 0.9132052 ],
      dtype=float32), 'accuracy': array([0.60465115, 0.9624796 , 0.1904762 , 0.32089552, 0.7962963 ],
      dtype=float32), 'f1': {'micro': tensor(0.7748), 'macro': tensor(0.5926), 'none': tensor([0.6373, 0.9219, 0.2254, 0.4456, 0.7330])}}
Training : Epoch [26/50], Loss: 0.1306
Testing : Epoch [26/50], Loss: 0.3423, results: {'mAP': 0.62827814, 'mAR': 0.6163597, 'mAUC': 0.8983857, 'm_Accuracy': 0.6163597, 'ap': array([0.6438356 , 0.94290376, 0.33333334, 0.47368422, 0.74763405],
      dtype=float32), 'ar': array([0.65581393, 0.94290376, 0.21428572, 0.53731346, 0.7314815 ],
      dtype=float32), 'auc': array([0.91169894, 0.9838191 , 0.8250204 , 0.8612653 , 0.91012496],
      dtype=float32), 'accuracy': array([0.65581393, 0.94290376, 0.21428572, 0.53731346, 0.7314815 ],
      dtype=float32), 'f1': {'micro': tensor(0.7809), 'macro': tensor(0.6193), 'none': tensor([0.6498, 0.9429, 0.2609, 0.5035, 0.7395])}}
Training : Epoch [27/50], Loss: 0.1455
Testing : Epoch [27/50], Loss: 0.3550, results: {'mAP': 0.62238824, 'mAR': 0.6358676, 'mAUC': 0.9113101, 'm_Accuracy': 0.6358676, 'ap': array([0.69417477, 0.9626486 , 0.25396827, 0.5       , 0.7011494 ],
      dtype=float32), 'ar': array([0.66511625, 0.92495924, 0.3809524 , 0.4552239 , 0.75308645],
      dtype=float32), 'auc': array([0.9172611 , 0.98723465, 0.8807672 , 0.86080277, 0.9104846 ],
      dtype=float32), 'accuracy': array([0.66511625, 0.92495924, 0.3809524 , 0.4552239 , 0.75308645],
      dtype=float32), 'f1': {'micro': tensor(0.7764), 'macro': tensor(0.6261), 'none': tensor([0.6793, 0.9434, 0.3048, 0.4766, 0.7262])}}
Training : Epoch [28/50], Loss: 0.0937
Testing : Epoch [28/50], Loss: 0.3104, results: {'mAP': 0.6365097, 'mAR': 0.5982619, 'mAUC': 0.8984148, 'm_Accuracy': 0.5982619, 'ap': array([0.62666667, 0.9462541 , 0.3529412 , 0.5575221 , 0.69916433],
      dtype=float32), 'ar': array([0.65581393, 0.9477977 , 0.14285715, 0.47014925, 0.77469134],
      dtype=float32), 'auc': array([0.90695167, 0.9838351 , 0.8296675 , 0.85195255, 0.919667  ],
      dtype=float32), 'accuracy': array([0.65581393, 0.9477977 , 0.14285715, 0.47014925, 0.77469134],
      dtype=float32), 'f1': {'micro': tensor(0.7846), 'macro': tensor(0.6073), 'none': tensor([0.6409, 0.9470, 0.2034, 0.5101, 0.7350])}}
Training : Epoch [29/50], Loss: 0.0779
Testing : Epoch [29/50], Loss: 0.3269, results: {'mAP': 0.62988436, 'mAR': 0.59629714, 'mAUC': 0.9061841, 'm_Accuracy': 0.59629714, 'ap': array([0.6502242 , 0.964527  , 0.31578946, 0.5436893 , 0.6751918 ],
      dtype=float32), 'ar': array([0.6744186 , 0.9314845 , 0.14285715, 0.41791046, 0.8148148 ],
      dtype=float32), 'auc': array([0.909831  , 0.9844625 , 0.8561986 , 0.86674666, 0.9136817 ],
      dtype=float32), 'accuracy': array([0.6744186 , 0.9314845 , 0.14285715, 0.41791046, 0.8148148 ],
      dtype=float32), 'f1': {'micro': tensor(0.7846), 'macro': tensor(0.6035), 'none': tensor([0.6621, 0.9477, 0.1967, 0.4726, 0.7385])}}
Training : Epoch [30/50], Loss: 0.0673
Testing : Epoch [30/50], Loss: 0.3065, results: {'mAP': 0.60366213, 'mAR': 0.58672696, 'mAUC': 0.90014803, 'm_Accuracy': 0.58672696, 'ap': array([0.58536583, 0.92698413, 0.21212122, 0.5588235 , 0.73501575],
      dtype=float32), 'ar': array([0.66976744, 0.9526917 , 0.16666667, 0.42537314, 0.7191358 ],
      dtype=float32), 'auc': array([0.9029691 , 0.98471576, 0.83899873, 0.8611465 , 0.9129101 ],
      dtype=float32), 'accuracy': array([0.66976744, 0.9526917 , 0.16666667, 0.42537314, 0.7191358 ],
      dtype=float32), 'f1': {'micro': tensor(0.7718), 'macro': tensor(0.5922), 'none': tensor([0.6247, 0.9397, 0.1867, 0.4831, 0.7270])}}
Training : Epoch [31/50], Loss: 0.0565
Testing : Epoch [31/50], Loss: 0.3062, results: {'mAP': 0.6083939, 'mAR': 0.5702112, 'mAUC': 0.887221, 'm_Accuracy': 0.5702112, 'ap': array([0.6898396 , 0.9009146 , 0.1891892 , 0.56578946, 0.69623655],
      dtype=float32), 'ar': array([0.6       , 0.9641109 , 0.16666667, 0.32089552, 0.7993827 ],
      dtype=float32), 'auc': array([0.9029148 , 0.9855577 , 0.83229655, 0.79615116, 0.9191844 ],
      dtype=float32), 'accuracy': array([0.6       , 0.9641109 , 0.16666667, 0.32089552, 0.7993827 ],
      dtype=float32), 'f1': {'micro': tensor(0.7748), 'macro': tensor(0.5808), 'none': tensor([0.6418, 0.9314, 0.1772, 0.4095, 0.7443])}}
Saving ./data/aug/0.05_0.0_100/checkpoint_30.pt
Training : Epoch [32/50], Loss: 0.0546
Testing : Epoch [32/50], Loss: 0.2981, results: {'mAP': 0.6381279, 'mAR': 0.60984164, 'mAUC': 0.8956909, 'm_Accuracy': 0.60984164, 'ap': array([0.6367521, 0.9341894, 0.2857143, 0.6122449, 0.7217391],
      dtype=float32), 'ar': array([0.69302326, 0.94942904, 0.1904762 , 0.4477612 , 0.7685185 ],
      dtype=float32), 'auc': array([0.90606153, 0.9854436 , 0.80663556, 0.8623778 , 0.91793627],
      dtype=float32), 'accuracy': array([0.69302326, 0.94942904, 0.1904762 , 0.4477612 , 0.7685185 ],
      dtype=float32), 'f1': {'micro': tensor(0.7892), 'macro': tensor(0.6191), 'none': tensor([0.6637, 0.9417, 0.2286, 0.5172, 0.7444])}}
