Train size = 5308, Test size = 1328
Classes : ['affected', 'destroyed', 'major', 'minor', 'no_damage']
Training : Epoch [1/50], Loss: 1.5581
Testing : Epoch [1/50], Loss: 1.9365, results: {'mAP': 0.09231928, 'mAR': 0.2, 'mAUC': 0.56821555, 'm_Accuracy': 0.2, 'ap': array([0.       , 0.4615964, 0.       , 0.       , 0.       ],
      dtype=float32), 'ar': array([0., 1., 0., 0., 0.], dtype=float32), 'auc': array([0.61073154, 0.5367504 , 0.537251  , 0.57737696, 0.5789681 ],
      dtype=float32), 'accuracy': array([0., 1., 0., 0., 0.], dtype=float32), 'f1': {'micro': tensor(0.4616), 'macro': tensor(0.1263), 'none': tensor([0.0000, 0.6316, 0.0000, 0.0000, 0.0000])}}
Saving ./data/aug/0.01_0.0001_50/checkpoint_0.pt
Training : Epoch [2/50], Loss: 1.4254
Testing : Epoch [2/50], Loss: 1.7718, results: {'mAP': 0.09231928, 'mAR': 0.2, 'mAUC': 0.61283416, 'm_Accuracy': 0.2, 'ap': array([0.       , 0.4615964, 0.       , 0.       , 0.       ],
      dtype=float32), 'ar': array([0., 1., 0., 0., 0.], dtype=float32), 'auc': array([0.6563739 , 0.6250973 , 0.57709396, 0.5693236 , 0.636282  ],
      dtype=float32), 'accuracy': array([0., 1., 0., 0., 0.], dtype=float32), 'f1': {'micro': tensor(0.4616), 'macro': tensor(0.1263), 'none': tensor([0.0000, 0.6316, 0.0000, 0.0000, 0.0000])}}
Training : Epoch [3/50], Loss: 1.3517
Testing : Epoch [3/50], Loss: 1.6884, results: {'mAP': 0.09231928, 'mAR': 0.2, 'mAUC': 0.6823426, 'm_Accuracy': 0.2, 'ap': array([0.       , 0.4615964, 0.       , 0.       , 0.       ],
      dtype=float32), 'ar': array([0., 1., 0., 0., 0.], dtype=float32), 'auc': array([0.6928227 , 0.782619  , 0.55298823, 0.64119726, 0.7420857 ],
      dtype=float32), 'accuracy': array([0., 1., 0., 0., 0.], dtype=float32), 'f1': {'micro': tensor(0.4616), 'macro': tensor(0.1263), 'none': tensor([0.0000, 0.6316, 0.0000, 0.0000, 0.0000])}}
Training : Epoch [4/50], Loss: 1.3243
Testing : Epoch [4/50], Loss: 1.6537, results: {'mAP': 0.09231928, 'mAR': 0.2, 'mAUC': 0.7238015, 'm_Accuracy': 0.2, 'ap': array([0.       , 0.4615964, 0.       , 0.       , 0.       ],
      dtype=float32), 'ar': array([0., 1., 0., 0., 0.], dtype=float32), 'auc': array([0.72589064, 0.87557465, 0.56539285, 0.6750137 , 0.7771353 ],
      dtype=float32), 'accuracy': array([0., 1., 0., 0., 0.], dtype=float32), 'f1': {'micro': tensor(0.4616), 'macro': tensor(0.1263), 'none': tensor([0.0000, 0.6316, 0.0000, 0.0000, 0.0000])}}
Training : Epoch [5/50], Loss: 1.2628
Testing : Epoch [5/50], Loss: 1.5453, results: {'mAP': 0.22541873, 'mAR': 0.32163212, 'mAUC': 0.7767974, 'm_Accuracy': 0.32163212, 'ap': array([0.       , 0.6754808, 0.       , 0.       , 0.4516129],
      dtype=float32), 'ar': array([0.        , 0.9168026 , 0.        , 0.        , 0.69135803],
      dtype=float32), 'auc': array([0.73888296, 0.9262757 , 0.69467896, 0.71113026, 0.8130195 ],
      dtype=float32), 'accuracy': array([0.        , 0.9168026 , 0.        , 0.        , 0.69135803],
      dtype=float32), 'f1': {'micro': tensor(0.5919), 'macro': tensor(0.2648), 'none': tensor([0.0000, 0.7779, 0.0000, 0.0000, 0.5463])}}
Training : Epoch [6/50], Loss: 0.9817
Testing : Epoch [6/50], Loss: 1.2051, results: {'mAP': 0.27401963, 'mAR': 0.3697984, 'mAUC': 0.8039535, 'm_Accuracy': 0.3697984, 'ap': array([0.        , 0.95825773, 0.        , 0.        , 0.4118404 ],
      dtype=float32), 'ar': array([0.        , 0.86133766, 0.        , 0.        , 0.9876543 ],
      dtype=float32), 'auc': array([0.81622684, 0.941496  , 0.69134635, 0.7313308 , 0.83936787],
      dtype=float32), 'accuracy': array([0.        , 0.86133766, 0.        , 0.        , 0.9876543 ],
      dtype=float32), 'f1': {'micro': tensor(0.6386), 'macro': tensor(0.2977), 'none': tensor([0.0000, 0.9072, 0.0000, 0.0000, 0.5813])}}
Training : Epoch [7/50], Loss: 0.8808
Testing : Epoch [7/50], Loss: 1.0941, results: {'mAP': 0.40125322, 'mAR': 0.4092602, 'mAUC': 0.8232678, 'm_Accuracy': 0.4092602, 'ap': array([0.6       , 0.9551167 , 0.        , 0.        , 0.45114943],
      dtype=float32), 'ar': array([0.20930232, 0.86786294, 0.        , 0.        , 0.9691358 ],
      dtype=float32), 'auc': array([0.8647945 , 0.95275784, 0.69351256, 0.74157476, 0.8636995 ],
      dtype=float32), 'accuracy': array([0.20930232, 0.86786294, 0.        , 0.        , 0.9691358 ],
      dtype=float32), 'f1': {'micro': tensor(0.6709), 'macro': tensor(0.3671), 'none': tensor([0.3103, 0.9094, 0.0000, 0.0000, 0.6157])}}
Training : Epoch [8/50], Loss: 0.8386
Testing : Epoch [8/50], Loss: 1.0382, results: {'mAP': 0.39442292, 'mAR': 0.46477485, 'mAUC': 0.82764447, 'm_Accuracy': 0.46477485, 'ap': array([0.45659164, 0.9507909 , 0.        , 0.        , 0.56473213],
      dtype=float32), 'ar': array([0.6604651, 0.8825449, 0.       , 0.       , 0.7808642],
      dtype=float32), 'auc': array([0.8797259 , 0.96065664, 0.6652596 , 0.7601315 , 0.8724485 ],
      dtype=float32), 'accuracy': array([0.6604651, 0.8825449, 0.       , 0.       , 0.7808642],
      dtype=float32), 'f1': {'micro': tensor(0.7048), 'macro': tensor(0.4222), 'none': tensor([0.5399, 0.9154, 0.0000, 0.0000, 0.6554])}}
Training : Epoch [9/50], Loss: 0.7971
Testing : Epoch [9/50], Loss: 0.9936, results: {'mAP': 0.41456318, 'mAR': 0.47377095, 'mAUC': 0.83498526, 'm_Accuracy': 0.47377095, 'ap': array([0.5726872 , 0.97962964, 0.        , 0.        , 0.5204991 ],
      dtype=float32), 'ar': array([0.60465115, 0.862969  , 0.        , 0.        , 0.90123457],
      dtype=float32), 'auc': array([0.8818822 , 0.95980334, 0.6891061 , 0.7655254 , 0.878609  ],
      dtype=float32), 'accuracy': array([0.60465115, 0.862969  , 0.        , 0.        , 0.90123457],
      dtype=float32), 'f1': {'micro': tensor(0.7161), 'macro': tensor(0.4331), 'none': tensor([0.5882, 0.9176, 0.0000, 0.0000, 0.6599])}}
Training : Epoch [10/50], Loss: 0.7660
Testing : Epoch [10/50], Loss: 0.9549, results: {'mAP': 0.42673954, 'mAR': 0.47971496, 'mAUC': 0.84060687, 'm_Accuracy': 0.47971496, 'ap': array([0.6354167, 0.9617391, 0.       , 0.       , 0.5365419],
      dtype=float32), 'ar': array([0.5674419 , 0.9021207 , 0.        , 0.        , 0.92901236],
      dtype=float32), 'auc': array([0.89107585, 0.964711  , 0.70238096, 0.7557564 , 0.8891102 ],
      dtype=float32), 'accuracy': array([0.5674419 , 0.9021207 , 0.        , 0.        , 0.92901236],
      dtype=float32), 'f1': {'micro': tensor(0.7349), 'macro': tensor(0.4421), 'none': tensor([0.5995, 0.9310, 0.0000, 0.0000, 0.6802])}}
Training : Epoch [11/50], Loss: 0.7362
Testing : Epoch [11/50], Loss: 0.9227, results: {'mAP': 0.42273003, 'mAR': 0.4680273, 'mAUC': 0.84129745, 'm_Accuracy': 0.4680273, 'ap': array([0.66071427, 0.9147541 , 0.        , 0.        , 0.53818184],
      dtype=float32), 'ar': array([0.51627904, 0.9102773 , 0.        , 0.        , 0.91358024],
      dtype=float32), 'auc': array([0.8865208, 0.9670975, 0.6859587, 0.7800195, 0.8868907],
      dtype=float32), 'accuracy': array([0.51627904, 0.9102773 , 0.        , 0.        , 0.91358024],
      dtype=float32), 'f1': {'micro': tensor(0.7267), 'macro': tensor(0.4339), 'none': tensor([0.5796, 0.9125, 0.0000, 0.0000, 0.6773])}}
Saving ./data/aug/0.01_0.0001_50/checkpoint_10.pt
Training : Epoch [12/50], Loss: 0.7020
Testing : Epoch [12/50], Loss: 0.8819, results: {'mAP': 0.4401351, 'mAR': 0.48186725, 'mAUC': 0.85304725, 'm_Accuracy': 0.48186725, 'ap': array([0.70731705, 0.9601386 , 0.        , 0.        , 0.53321975],
      dtype=float32), 'ar': array([0.53953487, 0.903752  , 0.        , 0.        , 0.9660494 ],
      dtype=float32), 'auc': array([0.90253454, 0.9729566 , 0.6958268 , 0.79182607, 0.9020923 ],
      dtype=float32), 'accuracy': array([0.53953487, 0.903752  , 0.        , 0.        , 0.9660494 ],
      dtype=float32), 'f1': {'micro': tensor(0.7402), 'macro': tensor(0.4461), 'none': tensor([0.6121, 0.9311, 0.0000, 0.0000, 0.6872])}}
Training : Epoch [13/50], Loss: 0.6836
Testing : Epoch [13/50], Loss: 0.8613, results: {'mAP': 0.5007166, 'mAR': 0.4781684, 'mAUC': 0.86377305, 'm_Accuracy': 0.4781684, 'ap': array([0.65294117, 0.93719006, 0.        , 0.36363637, 0.5498155 ],
      dtype=float32), 'ar': array([0.51627904, 0.92495924, 0.        , 0.02985075, 0.9197531 ],
      dtype=float32), 'auc': array([0.8914018, 0.9744077, 0.7630712, 0.7932323, 0.8967525],
      dtype=float32), 'accuracy': array([0.51627904, 0.92495924, 0.        , 0.02985075, 0.9197531 ],
      dtype=float32), 'f1': {'micro': tensor(0.7380), 'macro': tensor(0.4502), 'none': tensor([0.5766, 0.9310, 0.0000, 0.0552, 0.6882])}}
Training : Epoch [14/50], Loss: 0.6589
Testing : Epoch [14/50], Loss: 0.8339, results: {'mAP': 0.5212324, 'mAR': 0.4926645, 'mAUC': 0.87229836, 'm_Accuracy': 0.4926645, 'ap': array([0.5122807 , 0.91311216, 0.        , 0.55      , 0.63076925],
      dtype=float32), 'ar': array([0.67906976, 0.94290376, 0.        , 0.08208955, 0.7592593 ],
      dtype=float32), 'auc': array([0.8967592 , 0.979402  , 0.77319854, 0.81065154, 0.9014805 ],
      dtype=float32), 'accuracy': array([0.67906976, 0.94290376, 0.        , 0.08208955, 0.7592593 ],
      dtype=float32), 'f1': {'micro': tensor(0.7387), 'macro': tensor(0.4687), 'none': tensor([0.5840, 0.9278, 0.0000, 0.1429, 0.6891])}}
Training : Epoch [15/50], Loss: 0.6411
Testing : Epoch [15/50], Loss: 0.8097, results: {'mAP': 0.530712, 'mAR': 0.49181277, 'mAUC': 0.8809954, 'm_Accuracy': 0.49181277, 'ap': array([0.64179105, 0.9277689 , 0.        , 0.5       , 0.584     ],
      dtype=float32), 'ar': array([0.6       , 0.94290376, 0.        , 0.01492537, 0.90123457],
      dtype=float32), 'auc': array([0.9001985 , 0.9809512 , 0.8060246 , 0.8109578 , 0.90684485],
      dtype=float32), 'accuracy': array([0.6       , 0.94290376, 0.        , 0.01492537, 0.90123457],
      dtype=float32), 'f1': {'micro': tensor(0.7538), 'macro': tensor(0.4586), 'none': tensor([0.6202, 0.9353, 0.0000, 0.0290, 0.7087])}}
Training : Epoch [16/50], Loss: 0.6169
Testing : Epoch [16/50], Loss: 0.7870, results: {'mAP': 0.52289593, 'mAR': 0.52046996, 'mAUC': 0.88671046, 'm_Accuracy': 0.52046996, 'ap': array([0.62780267, 0.9607509 , 0.        , 0.42592594, 0.6       ],
      dtype=float32), 'ar': array([0.6511628, 0.9184339, 0.       , 0.1716418, 0.8611111],
      dtype=float32), 'auc': array([0.9070896, 0.9787004, 0.824539 , 0.8138516, 0.9093718],
      dtype=float32), 'accuracy': array([0.6511628, 0.9184339, 0.       , 0.1716418, 0.8611111],
      dtype=float32), 'f1': {'micro': tensor(0.7568), 'macro': tensor(0.5061), 'none': tensor([0.6393, 0.9391, 0.0000, 0.2447, 0.7072])}}
Training : Epoch [17/50], Loss: 0.6014
Testing : Epoch [17/50], Loss: 0.7675, results: {'mAP': 0.5314647, 'mAR': 0.5457684, 'mAUC': 0.8882823, 'm_Accuracy': 0.5457684, 'ap': array([0.6306306 , 0.9628378 , 0.        , 0.4347826 , 0.62907267],
      dtype=float32), 'ar': array([0.6511628 , 0.9298532 , 0.        , 0.37313432, 0.77469134],
      dtype=float32), 'auc': array([0.908548  , 0.98012525, 0.81061614, 0.83453333, 0.9075888 ],
      dtype=float32), 'accuracy': array([0.6511628 , 0.9298532 , 0.        , 0.37313432, 0.77469134],
      dtype=float32), 'f1': {'micro': tensor(0.7613), 'macro': tensor(0.5365), 'none': tensor([0.6407, 0.9461, 0.0000, 0.4016, 0.6943])}}
Training : Epoch [18/50], Loss: 0.5867
Testing : Epoch [18/50], Loss: 0.7614, results: {'mAP': 0.5143617, 'mAR': 0.54340035, 'mAUC': 0.8935974, 'm_Accuracy': 0.54340035, 'ap': array([0.53376204, 0.96458685, 0.        , 0.38255033, 0.6909091 ],
      dtype=float32), 'ar': array([0.772093  , 0.93311584, 0.        , 0.42537314, 0.58641976],
      dtype=float32), 'auc': array([0.91382605, 0.97701776, 0.8272421 , 0.8378147 , 0.91208625],
      dtype=float32), 'accuracy': array([0.772093  , 0.93311584, 0.        , 0.42537314, 0.58641976],
      dtype=float32), 'f1': {'micro': tensor(0.7417), 'macro': tensor(0.5234), 'none': tensor([0.6312, 0.9486, 0.0000, 0.4028, 0.6344])}}
Training : Epoch [19/50], Loss: 0.5578
Testing : Epoch [19/50], Loss: 0.7354, results: {'mAP': 0.52990144, 'mAR': 0.5555737, 'mAUC': 0.8939351, 'm_Accuracy': 0.5555737, 'ap': array([0.6064257 , 0.9789104 , 0.        , 0.44117647, 0.62299466],
      dtype=float32), 'ar': array([0.7023256, 0.908646 , 0.       , 0.4477612, 0.7191358],
      dtype=float32), 'auc': array([0.9110011 , 0.9753294 , 0.8400911 , 0.83042073, 0.9128332 ],
      dtype=float32), 'accuracy': array([0.7023256, 0.908646 , 0.       , 0.4477612, 0.7191358],
      dtype=float32), 'f1': {'micro': tensor(0.7538), 'macro': tensor(0.5411), 'none': tensor([0.6509, 0.9425, 0.0000, 0.4444, 0.6676])}}
Training : Epoch [20/50], Loss: 0.5539
Testing : Epoch [20/50], Loss: 0.7157, results: {'mAP': 0.53265315, 'mAR': 0.54890335, 'mAUC': 0.89100397, 'm_Accuracy': 0.54890335, 'ap': array([0.6017316 , 0.95659435, 0.        , 0.4347826 , 0.6701571 ],
      dtype=float32), 'ar': array([0.6465116 , 0.93474716, 0.        , 0.37313432, 0.79012346],
      dtype=float32), 'auc': array([0.90872353, 0.98122954, 0.8149856 , 0.8319083 , 0.918173  ],
      dtype=float32), 'accuracy': array([0.6465116 , 0.93474716, 0.        , 0.37313432, 0.79012346],
      dtype=float32), 'f1': {'micro': tensor(0.7666), 'macro': tensor(0.5391), 'none': tensor([0.6233, 0.9455, 0.0000, 0.4016, 0.7252])}}
Training : Epoch [21/50], Loss: 0.5281
Testing : Epoch [21/50], Loss: 0.7011, results: {'mAP': 0.5140562, 'mAR': 0.540849, 'mAUC': 0.8953587, 'm_Accuracy': 0.540849, 'ap': array([0.5531136 , 0.9548495 , 0.        , 0.37254903, 0.68976897],
      dtype=float32), 'ar': array([0.7023256 , 0.9314845 , 0.        , 0.42537314, 0.64506173],
      dtype=float32), 'auc': array([0.9029315, 0.9792172, 0.8463119, 0.8321208, 0.9162117],
      dtype=float32), 'accuracy': array([0.7023256 , 0.9314845 , 0.        , 0.42537314, 0.64506173],
      dtype=float32), 'f1': {'micro': tensor(0.7440), 'macro': tensor(0.5252), 'none': tensor([0.6189, 0.9430, 0.0000, 0.3972, 0.6667])}}
Saving ./data/aug/0.01_0.0001_50/checkpoint_20.pt
Training : Epoch [22/50], Loss: 0.5193
Testing : Epoch [22/50], Loss: 0.6848, results: {'mAP': 0.5381911, 'mAR': 0.5288521, 'mAUC': 0.89618576, 'm_Accuracy': 0.5288521, 'ap': array([0.6699507 , 0.9373997 , 0.        , 0.46031746, 0.6232877 ],
      dtype=float32), 'ar': array([0.63255817, 0.9526917 , 0.        , 0.21641791, 0.8425926 ],
      dtype=float32), 'auc': array([0.91261834, 0.9810949 , 0.8481078 , 0.8282207 , 0.9108873 ],
      dtype=float32), 'accuracy': array([0.63255817, 0.9526917 , 0.        , 0.21641791, 0.8425926 ],
      dtype=float32), 'f1': {'micro': tensor(0.7696), 'macro': tensor(0.5213), 'none': tensor([0.6507, 0.9450, 0.0000, 0.2944, 0.7165])}}
Training : Epoch [23/50], Loss: 0.4947
Testing : Epoch [23/50], Loss: 0.6579, results: {'mAP': 0.5422144, 'mAR': 0.55577815, 'mAUC': 0.89963055, 'm_Accuracy': 0.55577815, 'ap': array([0.61885244, 0.9533333 , 0.        , 0.47572815, 0.6631579 ],
      dtype=float32), 'ar': array([0.7023256 , 0.93311584, 0.        , 0.36567163, 0.7777778 ],
      dtype=float32), 'auc': array([0.90941304, 0.9825597 , 0.84521955, 0.841121  , 0.91983914],
      dtype=float32), 'accuracy': array([0.7023256 , 0.93311584, 0.        , 0.36567163, 0.7777778 ],
      dtype=float32), 'f1': {'micro': tensor(0.7711), 'macro': tensor(0.5461), 'none': tensor([0.6580, 0.9431, 0.0000, 0.4135, 0.7159])}}
Training : Epoch [24/50], Loss: 0.4800
Testing : Epoch [24/50], Loss: 0.6468, results: {'mAP': 0.6374224, 'mAR': 0.56207037, 'mAUC': 0.90781677, 'm_Accuracy': 0.56207037, 'ap': array([0.57528955, 0.9612142 , 0.5       , 0.47663552, 0.6739726 ],
      dtype=float32), 'ar': array([0.69302326, 0.9298532 , 0.04761905, 0.38059703, 0.7592593 ],
      dtype=float32), 'auc': array([0.9106208, 0.9807778, 0.8745279, 0.8542526, 0.9189046],
      dtype=float32), 'accuracy': array([0.69302326, 0.9298532 , 0.04761905, 0.38059703, 0.7592593 ],
      dtype=float32), 'f1': {'micro': tensor(0.7666), 'macro': tensor(0.5596), 'none': tensor([0.6287, 0.9453, 0.0870, 0.4232, 0.7141])}}
Training : Epoch [25/50], Loss: 0.4728
Testing : Epoch [25/50], Loss: 0.6526, results: {'mAP': 0.66407007, 'mAR': 0.56758595, 'mAUC': 0.9055454, 'm_Accuracy': 0.56758595, 'ap': array([0.53608245, 0.96166664, 0.6666667 , 0.42405063, 0.73188406],
      dtype=float32), 'ar': array([0.7255814 , 0.94127244, 0.04761905, 0.5       , 0.6234568 ],
      dtype=float32), 'auc': array([0.9044485 , 0.98195505, 0.8653818 , 0.86854047, 0.90740126],
      dtype=float32), 'accuracy': array([0.7255814 , 0.94127244, 0.04761905, 0.5       , 0.6234568 ],
      dtype=float32), 'f1': {'micro': tensor(0.7560), 'macro': tensor(0.5578), 'none': tensor([0.6166, 0.9514, 0.0889, 0.4589, 0.6733])}}
Training : Epoch [26/50], Loss: 0.4585
Testing : Epoch [26/50], Loss: 0.6279, results: {'mAP': 0.6024723, 'mAR': 0.5559131, 'mAUC': 0.9047028, 'm_Accuracy': 0.5559131, 'ap': array([0.6092437 , 0.9548495 , 0.16666667, 0.6363636 , 0.6452381 ],
      dtype=float32), 'ar': array([0.6744186 , 0.9314845 , 0.02380952, 0.31343284, 0.83641976],
      dtype=float32), 'auc': array([0.9117449 , 0.98056334, 0.85621715, 0.861159  , 0.91382927],
      dtype=float32), 'accuracy': array([0.6744186 , 0.9314845 , 0.02380952, 0.31343284, 0.83641976],
      dtype=float32), 'f1': {'micro': tensor(0.7756), 'macro': tensor(0.5547), 'none': tensor([0.6402, 0.9430, 0.0417, 0.4200, 0.7285])}}
Training : Epoch [27/50], Loss: 0.4481
Testing : Epoch [27/50], Loss: 0.6203, results: {'mAP': 0.5583821, 'mAR': 0.5566111, 'mAUC': 0.90510464, 'm_Accuracy': 0.5566111, 'ap': array([0.6509434 , 0.909375  , 0.11111111, 0.4047619 , 0.71571904],
      dtype=float32), 'ar': array([0.6418605 , 0.94942904, 0.02380952, 0.5074627 , 0.66049385],
      dtype=float32), 'auc': array([0.9060908 , 0.98301375, 0.87624973, 0.84669614, 0.91347265],
      dtype=float32), 'accuracy': array([0.6418605 , 0.94942904, 0.02380952, 0.5074627 , 0.66049385],
      dtype=float32), 'f1': {'micro': tensor(0.7553), 'macro': tensor(0.5504), 'none': tensor([0.6464, 0.9290, 0.0392, 0.4503, 0.6870])}}
Training : Epoch [28/50], Loss: 0.4352
Testing : Epoch [28/50], Loss: 0.6052, results: {'mAP': 0.5541564, 'mAR': 0.55536854, 'mAUC': 0.90318614, 'm_Accuracy': 0.55536854, 'ap': array([0.60493827, 0.94398683, 0.        , 0.5604396 , 0.6614173 ],
      dtype=float32), 'ar': array([0.68372095, 0.93474716, 0.        , 0.38059703, 0.7777778 ],
      dtype=float32), 'auc': array([0.90386343, 0.98091465, 0.8537547 , 0.860559  , 0.9168388 ],
      dtype=float32), 'accuracy': array([0.68372095, 0.93474716, 0.        , 0.38059703, 0.7777778 ],
      dtype=float32), 'f1': {'micro': tensor(0.7703), 'macro': tensor(0.5499), 'none': tensor([0.6419, 0.9393, 0.0000, 0.4533, 0.7149])}}
Training : Epoch [29/50], Loss: 0.4240
Testing : Epoch [29/50], Loss: 0.5895, results: {'mAP': 0.5832943, 'mAR': 0.57655466, 'mAUC': 0.90607184, 'm_Accuracy': 0.57655466, 'ap': array([0.70212764, 0.93630576, 0.14285715, 0.40206185, 0.73311895],
      dtype=float32), 'ar': array([0.6139535 , 0.95921695, 0.02380952, 0.58208954, 0.7037037 ],
      dtype=float32), 'auc': array([0.92220896, 0.9833856 , 0.84083164, 0.86488414, 0.9190491 ],
      dtype=float32), 'accuracy': array([0.6139535 , 0.95921695, 0.02380952, 0.58208954, 0.7037037 ],
      dtype=float32), 'f1': {'micro': tensor(0.7733), 'macro': tensor(0.5674), 'none': tensor([0.6551, 0.9476, 0.0408, 0.4756, 0.7181])}}
Training : Epoch [30/50], Loss: 0.4057
Testing : Epoch [30/50], Loss: 0.5681, results: {'mAP': 0.6426273, 'mAR': 0.6005092, 'mAUC': 0.9150402, 'm_Accuracy': 0.6005092, 'ap': array([0.6320755 , 0.959799  , 0.33333334, 0.61538464, 0.67254406],
      dtype=float32), 'ar': array([0.6232558 , 0.93474716, 0.14285715, 0.47761193, 0.8240741 ],
      dtype=float32), 'auc': array([0.9153179 , 0.9778209 , 0.8874324 , 0.8760969 , 0.91853267],
      dtype=float32), 'accuracy': array([0.6232558 , 0.93474716, 0.14285715, 0.47761193, 0.8240741 ],
      dtype=float32), 'f1': {'micro': tensor(0.7861), 'macro': tensor(0.6106), 'none': tensor([0.6276, 0.9471, 0.2000, 0.5378, 0.7406])}}
Training : Epoch [31/50], Loss: 0.3973
Testing : Epoch [31/50], Loss: 0.5603, results: {'mAP': 0.61627066, 'mAR': 0.59048843, 'mAUC': 0.91054076, 'm_Accuracy': 0.59048843, 'ap': array([0.64      , 0.94892913, 0.25      , 0.553719  , 0.6887052 ],
      dtype=float32), 'ar': array([0.66976744, 0.9396411 , 0.07142857, 0.5       , 0.77160496],
      dtype=float32), 'auc': array([0.9052801 , 0.98482984, 0.87154704, 0.8728093 , 0.91823757],
      dtype=float32), 'accuracy': array([0.66976744, 0.9396411 , 0.07142857, 0.5       , 0.77160496],
      dtype=float32), 'f1': {'micro': tensor(0.7831), 'macro': tensor(0.5926), 'none': tensor([0.6545, 0.9443, 0.1111, 0.5255, 0.7278])}}
Saving ./data/aug/0.01_0.0001_50/checkpoint_30.pt
Training : Epoch [32/50], Loss: 0.3857
Testing : Epoch [32/50], Loss: 0.5574, results: {'mAP': 0.6015782, 'mAR': 0.5808376, 'mAUC': 0.908713, 'm_Accuracy': 0.5808376, 'ap': array([0.5615942 , 0.9520661 , 0.26666668, 0.5       , 0.7275641 ],
      dtype=float32), 'ar': array([0.7209302, 0.9396411, 0.0952381, 0.4477612, 0.7006173],
      dtype=float32), 'auc': array([0.91459495, 0.9827901 , 0.86986226, 0.8683717 , 0.9079454 ],
      dtype=float32), 'accuracy': array([0.7209302, 0.9396411, 0.0952381, 0.4477612, 0.7006173],
      dtype=float32), 'f1': {'micro': tensor(0.7696), 'macro': tensor(0.5808), 'none': tensor([0.6314, 0.9458, 0.1404, 0.4724, 0.7138])}}
Training : Epoch [33/50], Loss: 0.3795
Testing : Epoch [33/50], Loss: 0.5409, results: {'mAP': 0.62278175, 'mAR': 0.5932453, 'mAUC': 0.9146411, 'm_Accuracy': 0.5932453, 'ap': array([0.5952381 , 0.94051445, 0.2       , 0.6516854 , 0.7264706 ],
      dtype=float32), 'ar': array([0.6976744 , 0.954323  , 0.11904762, 0.43283582, 0.7623457 ],
      dtype=float32), 'auc': array([0.9115861 , 0.98389214, 0.8793416 , 0.88059074, 0.9177949 ],
      dtype=float32), 'accuracy': array([0.6976744 , 0.954323  , 0.11904762, 0.43283582, 0.7623457 ],
      dtype=float32), 'f1': {'micro': tensor(0.7869), 'macro': tensor(0.6006), 'none': tensor([0.6424, 0.9474, 0.1493, 0.5202, 0.7440])}}
Training : Epoch [34/50], Loss: 0.3654
Testing : Epoch [34/50], Loss: 0.5361, results: {'mAP': 0.6174803, 'mAR': 0.58670866, 'mAUC': 0.90746593, 'm_Accuracy': 0.58670866, 'ap': array([0.59615386, 0.9586093 , 0.36363637, 0.45890412, 0.71009773],
      dtype=float32), 'ar': array([0.7209302, 0.9445351, 0.0952381, 0.5      , 0.6728395],
      dtype=float32), 'auc': array([0.9204329 , 0.98258024, 0.8567911 , 0.8653654 , 0.91216   ],
      dtype=float32), 'accuracy': array([0.7209302, 0.9445351, 0.0952381, 0.5      , 0.6728395],
      dtype=float32), 'f1': {'micro': tensor(0.7703), 'macro': tensor(0.5849), 'none': tensor([0.6526, 0.9515, 0.1509, 0.4786, 0.6910])}}
Training : Epoch [35/50], Loss: 0.3649
Testing : Epoch [35/50], Loss: 0.5366, results: {'mAP': 0.6150619, 'mAR': 0.5763039, 'mAUC': 0.9130722, 'm_Accuracy': 0.5763039, 'ap': array([0.6043478 , 0.93679094, 0.29166666, 0.5731707 , 0.66933334],
      dtype=float32), 'ar': array([0.6465116 , 0.94290376, 0.16666667, 0.35074627, 0.77469134],
      dtype=float32), 'auc': array([0.9078    , 0.980723  , 0.898467  , 0.86556536, 0.91280556],
      dtype=float32), 'accuracy': array([0.6465116 , 0.94290376, 0.16666667, 0.35074627, 0.77469134],
      dtype=float32), 'f1': {'micro': tensor(0.7696), 'macro': tensor(0.5860), 'none': tensor([0.6247, 0.9398, 0.2121, 0.4352, 0.7182])}}
Training : Epoch [36/50], Loss: 0.3433
Testing : Epoch [36/50], Loss: 0.5155, results: {'mAP': 0.59664965, 'mAR': 0.5880666, 'mAUC': 0.9084231, 'm_Accuracy': 0.5880666, 'ap': array([0.61264825, 0.9761092 , 0.14285715, 0.5675676 , 0.68406594],
      dtype=float32), 'ar': array([0.7209302 , 0.93311584, 0.04761905, 0.47014925, 0.7685185 ],
      dtype=float32), 'auc': array([0.9134458 , 0.9821034 , 0.85403246, 0.8737281 , 0.91880625],
      dtype=float32), 'accuracy': array([0.7209302 , 0.93311584, 0.04761905, 0.47014925, 0.7685185 ],
      dtype=float32), 'f1': {'micro': tensor(0.7839), 'macro': tensor(0.5852), 'none': tensor([0.6624, 0.9541, 0.0714, 0.5143, 0.7238])}}
Training : Epoch [37/50], Loss: 0.3408
Testing : Epoch [37/50], Loss: 0.5079, results: {'mAP': 0.59927166, 'mAR': 0.5949663, 'mAUC': 0.9112555, 'm_Accuracy': 0.5949663, 'ap': array([0.6173913 , 0.9693356 , 0.21052632, 0.47945204, 0.7196532 ],
      dtype=float32), 'ar': array([0.6604651 , 0.9282219 , 0.0952381 , 0.52238804, 0.7685185 ],
      dtype=float32), 'auc': array([0.9171859, 0.9815284, 0.857976 , 0.8724406, 0.9271464],
      dtype=float32), 'accuracy': array([0.6604651 , 0.9282219 , 0.0952381 , 0.52238804, 0.7685185 ],
      dtype=float32), 'f1': {'micro': tensor(0.7786), 'macro': tensor(0.5922), 'none': tensor([0.6382, 0.9483, 0.1311, 0.5000, 0.7433])}}
Training : Epoch [38/50], Loss: 0.3356
Testing : Epoch [38/50], Loss: 0.5098, results: {'mAP': 0.61490524, 'mAR': 0.6084968, 'mAUC': 0.9091746, 'm_Accuracy': 0.6084968, 'ap': array([0.5923077 , 0.95230263, 0.2       , 0.56692916, 0.762987  ],
      dtype=float32), 'ar': array([0.7162791 , 0.9445351 , 0.11904762, 0.53731346, 0.72530866],
      dtype=float32), 'auc': array([0.9088907 , 0.979653  , 0.8800452 , 0.86998427, 0.9072998 ],
      dtype=float32), 'accuracy': array([0.7162791 , 0.9445351 , 0.11904762, 0.53731346, 0.72530866],
      dtype=float32), 'f1': {'micro': tensor(0.7869), 'macro': tensor(0.6083), 'none': tensor([0.6484, 0.9484, 0.1493, 0.5517, 0.7437])}}
