Train size = 5308, Test size = 1328
Classes : ['affected', 'destroyed', 'major', 'minor', 'no_damage']
Training : Epoch [1/50], Loss: 1.4951
Testing : Epoch [1/50], Loss: 1.8531, results: {'mAP': 0.09231928, 'mAR': 0.2, 'mAUC': 0.5166334, 'm_Accuracy': 0.2, 'ap': array([0.       , 0.4615964, 0.       , 0.       , 0.       ],
      dtype=float32), 'ar': array([0., 1., 0., 0., 0.], dtype=float32), 'auc': array([0.4499133 , 0.7509896 , 0.4542324 , 0.58163327, 0.34639835],
      dtype=float32), 'accuracy': array([0., 1., 0., 0., 0.], dtype=float32), 'f1': {'micro': tensor(0.4616), 'macro': tensor(0.1263), 'none': tensor([0.0000, 0.6316, 0.0000, 0.0000, 0.0000])}}
Saving ./data/aug/0.01_0.0001_1/checkpoint_0.pt
Training : Epoch [2/50], Loss: 1.3670
Testing : Epoch [2/50], Loss: 1.7035, results: {'mAP': 0.09231928, 'mAR': 0.2, 'mAUC': 0.5795548, 'm_Accuracy': 0.2, 'ap': array([0.       , 0.4615964, 0.       , 0.       , 0.       ],
      dtype=float32), 'ar': array([0., 1., 0., 0., 0.], dtype=float32), 'auc': array([0.4889279 , 0.83372384, 0.61317855, 0.6243219 , 0.33762175],
      dtype=float32), 'accuracy': array([0., 1., 0., 0., 0.], dtype=float32), 'f1': {'micro': tensor(0.4616), 'macro': tensor(0.1263), 'none': tensor([0.0000, 0.6316, 0.0000, 0.0000, 0.0000])}}
Training : Epoch [3/50], Loss: 1.3075
Testing : Epoch [3/50], Loss: 1.6243, results: {'mAP': 0.29266816, 'mAR': 0.20308642, 'mAUC': 0.7022227, 'm_Accuracy': 0.20308642, 'ap': array([0.        , 0.46334088, 0.        , 0.        , 1.        ],
      dtype=float32), 'ar': array([0.       , 1.       , 0.       , 0.       , 0.0154321],
      dtype=float32), 'auc': array([0.6657431 , 0.915331  , 0.67477596, 0.64896625, 0.606297  ],
      dtype=float32), 'accuracy': array([0.       , 1.       , 0.       , 0.       , 0.0154321],
      dtype=float32), 'f1': {'micro': tensor(0.4654), 'macro': tensor(0.1327), 'none': tensor([0.0000, 0.6333, 0.0000, 0.0000, 0.0304])}}
Training : Epoch [4/50], Loss: 1.1231
Testing : Epoch [4/50], Loss: 1.3683, results: {'mAP': 0.41195518, 'mAR': 0.3650489, 'mAUC': 0.7914526, 'm_Accuracy': 0.3650489, 'ap': array([0.7777778, 0.8496835, 0.       , 0.       , 0.4323144],
      dtype=float32), 'ar': array([0.03255814, 0.8760196 , 0.        , 0.        , 0.9166667 ],
      dtype=float32), 'auc': array([0.7740905 , 0.93095976, 0.7302081 , 0.68702966, 0.83497494],
      dtype=float32), 'accuracy': array([0.03255814, 0.8760196 , 0.        , 0.        , 0.9166667 ],
      dtype=float32), 'f1': {'micro': tensor(0.6333), 'macro': tensor(0.3025), 'none': tensor([0.0625, 0.8627, 0.0000, 0.0000, 0.5875])}}
Training : Epoch [5/50], Loss: 0.9246
Testing : Epoch [5/50], Loss: 1.1436, results: {'mAP': 0.4230681, 'mAR': 0.4080922, 'mAUC': 0.81407845, 'm_Accuracy': 0.4080922, 'ap': array([0.72727275, 0.93391305, 0.        , 0.        , 0.45415473],
      dtype=float32), 'ar': array([0.18604651, 0.8760196 , 0.        , 0.        , 0.97839504],
      dtype=float32), 'auc': array([0.822303  , 0.940864  , 0.74764866, 0.71436787, 0.84520864],
      dtype=float32), 'accuracy': array([0.18604651, 0.8760196 , 0.        , 0.        , 0.97839504],
      dtype=float32), 'f1': {'micro': tensor(0.6732), 'macro': tensor(0.3641), 'none': tensor([0.2963, 0.9040, 0.0000, 0.0000, 0.6204])}}
Training : Epoch [6/50], Loss: 0.8615
Testing : Epoch [6/50], Loss: 1.0708, results: {'mAP': 0.4127373, 'mAR': 0.43579984, 'mAUC': 0.82412463, 'm_Accuracy': 0.43579984, 'ap': array([0.647541  , 0.9376083 , 0.        , 0.        , 0.47853735],
      dtype=float32), 'ar': array([0.36744186, 0.8825449 , 0.        , 0.        , 0.92901236],
      dtype=float32), 'auc': array([0.8371675 , 0.95346284, 0.7398171 , 0.7346809 , 0.8554947 ],
      dtype=float32), 'accuracy': array([0.36744186, 0.8825449 , 0.        , 0.        , 0.92901236],
      dtype=float32), 'f1': {'micro': tensor(0.6935), 'macro': tensor(0.4020), 'none': tensor([0.4688, 0.9092, 0.0000, 0.0000, 0.6317])}}
Training : Epoch [7/50], Loss: 0.8164
Testing : Epoch [7/50], Loss: 1.0155, results: {'mAP': 0.41103095, 'mAR': 0.466047, 'mAUC': 0.8426889, 'm_Accuracy': 0.466047, 'ap': array([0.59      , 0.93367344, 0.        , 0.        , 0.5314815 ],
      dtype=float32), 'ar': array([0.5488372 , 0.89559543, 0.        , 0.        , 0.88580245],
      dtype=float32), 'auc': array([0.8706659 , 0.96311843, 0.7707732 , 0.7440686 , 0.8648185 ],
      dtype=float32), 'accuracy': array([0.5488372 , 0.89559543, 0.        , 0.        , 0.88580245],
      dtype=float32), 'f1': {'micro': tensor(0.7184), 'macro': tensor(0.4295), 'none': tensor([0.5687, 0.9142, 0.0000, 0.0000, 0.6644])}}
Training : Epoch [8/50], Loss: 0.7765
Testing : Epoch [8/50], Loss: 0.9651, results: {'mAP': 0.41568527, 'mAR': 0.46554956, 'mAUC': 0.8512802, 'm_Accuracy': 0.46554956, 'ap': array([0.6158192 , 0.92231405, 0.        , 0.        , 0.54029304],
      dtype=float32), 'ar': array([0.5069767 , 0.9102773 , 0.        , 0.        , 0.91049385],
      dtype=float32), 'auc': array([0.88520443, 0.96950686, 0.7685514 , 0.75441885, 0.8787197 ],
      dtype=float32), 'accuracy': array([0.5069767 , 0.9102773 , 0.        , 0.        , 0.91049385],
      dtype=float32), 'f1': {'micro': tensor(0.7244), 'macro': tensor(0.4301), 'none': tensor([0.5561, 0.9163, 0.0000, 0.0000, 0.6782])}}
Training : Epoch [9/50], Loss: 0.7473
Testing : Epoch [9/50], Loss: 0.9341, results: {'mAP': 0.41631618, 'mAR': 0.46955213, 'mAUC': 0.84746456, 'm_Accuracy': 0.46955213, 'ap': array([0.6040609 , 0.95197254, 0.        , 0.        , 0.52554744],
      dtype=float32), 'ar': array([0.5534884 , 0.90538335, 0.        , 0.        , 0.8888889 ],
      dtype=float32), 'auc': array([0.8731064 , 0.9718249 , 0.75468415, 0.7603003 , 0.877407  ],
      dtype=float32), 'accuracy': array([0.5534884 , 0.90538335, 0.        , 0.        , 0.8888889 ],
      dtype=float32), 'f1': {'micro': tensor(0.7244), 'macro': tensor(0.4333), 'none': tensor([0.5777, 0.9281, 0.0000, 0.0000, 0.6606])}}
Training : Epoch [10/50], Loss: 0.7167
Testing : Epoch [10/50], Loss: 0.8987, results: {'mAP': 0.4268524, 'mAR': 0.482056, 'mAUC': 0.8606076, 'm_Accuracy': 0.482056, 'ap': array([0.6340206, 0.9494098, 0.       , 0.       , 0.5508318],
      dtype=float32), 'ar': array([0.572093 , 0.9184339, 0.       , 0.       , 0.9197531],
      dtype=float32), 'auc': array([0.8814058, 0.9757127, 0.7997482, 0.7637816, 0.8823902],
      dtype=float32), 'accuracy': array([0.572093 , 0.9184339, 0.       , 0.       , 0.9197531],
      dtype=float32), 'f1': {'micro': tensor(0.7410), 'macro': tensor(0.4448), 'none': tensor([0.6015, 0.9337, 0.0000, 0.0000, 0.6890])}}
Training : Epoch [11/50], Loss: 0.6876
Testing : Epoch [11/50], Loss: 0.8675, results: {'mAP': 0.62741077, 'mAR': 0.4836657, 'mAUC': 0.87310886, 'm_Accuracy': 0.4836657, 'ap': array([0.64171124, 0.9556314 , 1.        , 0.        , 0.5397112 ],
      dtype=float32), 'ar': array([0.55813956, 0.91353995, 0.02380952, 0.        , 0.9228395 ],
      dtype=float32), 'auc': array([0.89190745, 0.9752701 , 0.8427386 , 0.7681442 , 0.887484  ],
      dtype=float32), 'accuracy': array([0.55813956, 0.91353995, 0.02380952, 0.        , 0.9228395 ],
      dtype=float32), 'f1': {'micro': tensor(0.7380), 'macro': tensor(0.4517), 'none': tensor([0.5970, 0.9341, 0.0465, 0.0000, 0.6811])}}
Saving ./data/aug/0.01_0.0001_1/checkpoint_10.pt
Training : Epoch [12/50], Loss: 0.6703
Testing : Epoch [12/50], Loss: 0.8460, results: {'mAP': 0.4341689, 'mAR': 0.48613453, 'mAUC': 0.8752717, 'm_Accuracy': 0.48613453, 'ap': array([0.6594595 , 0.9626486 , 0.        , 0.        , 0.54873645],
      dtype=float32), 'ar': array([0.5674419 , 0.92495924, 0.        , 0.        , 0.9382716 ],
      dtype=float32), 'auc': array([0.89189076, 0.9773965 , 0.8407391 , 0.77001923, 0.8963129 ],
      dtype=float32), 'accuracy': array([0.5674419 , 0.92495924, 0.        , 0.        , 0.9382716 ],
      dtype=float32), 'f1': {'micro': tensor(0.7477), 'macro': tensor(0.4492), 'none': tensor([0.6100, 0.9434, 0.0000, 0.0000, 0.6925])}}
Training : Epoch [13/50], Loss: 0.6528
Testing : Epoch [13/50], Loss: 0.8211, results: {'mAP': 0.42695627, 'mAR': 0.4940076, 'mAUC': 0.8814987, 'm_Accuracy': 0.4940076, 'ap': array([0.59227467, 0.96134454, 0.        , 0.        , 0.58116233],
      dtype=float32), 'ar': array([0.6418605 , 0.93311584, 0.        , 0.        , 0.89506173],
      dtype=float32), 'auc': array([0.9020247 , 0.98171777, 0.8453122 , 0.7785757 , 0.8998635 ],
      dtype=float32), 'accuracy': array([0.6418605 , 0.93311584, 0.        , 0.        , 0.89506173],
      dtype=float32), 'f1': {'micro': tensor(0.7530), 'macro': tensor(0.4536), 'none': tensor([0.6161, 0.9470, 0.0000, 0.0000, 0.7047])}}
Training : Epoch [14/50], Loss: 0.6258
Testing : Epoch [14/50], Loss: 0.7960, results: {'mAP': 0.5447038, 'mAR': 0.4950339, 'mAUC': 0.8819683, 'm_Accuracy': 0.4950339, 'ap': array([0.6597938, 0.9276527, 0.       , 0.5555556, 0.5805169],
      dtype=float32), 'ar': array([0.59534883, 0.94127244, 0.        , 0.03731343, 0.90123457],
      dtype=float32), 'auc': array([0.89919555, 0.98106754, 0.8506813 , 0.7783882 , 0.90050906],
      dtype=float32), 'accuracy': array([0.59534883, 0.94127244, 0.        , 0.03731343, 0.90123457],
      dtype=float32), 'f1': {'micro': tensor(0.7545), 'macro': tensor(0.4673), 'none': tensor([0.6259, 0.9344, 0.0000, 0.0699, 0.7062])}}
Training : Epoch [15/50], Loss: 0.6042
Testing : Epoch [15/50], Loss: 0.7760, results: {'mAP': 0.49272138, 'mAR': 0.48626328, 'mAUC': 0.8888791, 'm_Accuracy': 0.48626328, 'ap': array([0.647343  , 0.90909094, 0.        , 0.33333334, 0.57383966],
      dtype=float32), 'ar': array([0.6232558 , 0.9461664 , 0.        , 0.02238806, 0.83950615],
      dtype=float32), 'auc': array([0.9041142 , 0.97925824, 0.8724913 , 0.7963324 , 0.8921997 ],
      dtype=float32), 'accuracy': array([0.6232558 , 0.9461664 , 0.        , 0.02238806, 0.83950615],
      dtype=float32), 'f1': {'micro': tensor(0.7447), 'macro': tensor(0.4572), 'none': tensor([0.6351, 0.9273, 0.0000, 0.0420, 0.6817])}}
Training : Epoch [16/50], Loss: 0.5977
Testing : Epoch [16/50], Loss: 0.7619, results: {'mAP': 0.5522736, 'mAR': 0.5128441, 'mAUC': 0.8931791, 'm_Accuracy': 0.5128441, 'ap': array([0.6342593, 0.947541 , 0.       , 0.5833333, 0.5962343],
      dtype=float32), 'ar': array([0.6372093 , 0.94290376, 0.        , 0.10447761, 0.8796296 ],
      dtype=float32), 'auc': array([0.9142063 , 0.98221743, 0.8656595 , 0.8007825 , 0.90302986],
      dtype=float32), 'accuracy': array([0.6372093 , 0.94290376, 0.        , 0.10447761, 0.8796296 ],
      dtype=float32), 'f1': {'micro': tensor(0.7636), 'macro': tensor(0.4938), 'none': tensor([0.6357, 0.9452, 0.0000, 0.1772, 0.7107])}}
Training : Epoch [17/50], Loss: 0.5765
Testing : Epoch [17/50], Loss: 0.7429, results: {'mAP': 0.67791665, 'mAR': 0.5358201, 'mAUC': 0.8858956, 'm_Accuracy': 0.5358201, 'ap': array([0.67142856, 0.9193038 , 0.6666667 , 0.5       , 0.6321839 ],
      dtype=float32), 'ar': array([0.65581393, 0.9477977 , 0.04761905, 0.17910448, 0.84876543],
      dtype=float32), 'auc': array([0.9007334 , 0.9815284 , 0.83211136, 0.80463886, 0.91046613],
      dtype=float32), 'accuracy': array([0.65581393, 0.9477977 , 0.04761905, 0.17910448, 0.84876543],
      dtype=float32), 'f1': {'micro': tensor(0.7703), 'macro': tensor(0.5348), 'none': tensor([0.6635, 0.9333, 0.0889, 0.2637, 0.7246])}}
Training : Epoch [18/50], Loss: 0.5466
Testing : Epoch [18/50], Loss: 0.7130, results: {'mAP': 0.61589384, 'mAR': 0.51599956, 'mAUC': 0.8919536, 'm_Accuracy': 0.51599956, 'ap': array([0.6735751 , 0.9414634 , 0.25      , 0.625     , 0.58943087],
      dtype=float32), 'ar': array([0.60465115, 0.9445351 , 0.02380952, 0.1119403 , 0.89506173],
      dtype=float32), 'auc': array([0.90538037, 0.982076  , 0.84907055, 0.8121078 , 0.9111332 ],
      dtype=float32), 'accuracy': array([0.60465115, 0.9445351 , 0.02380952, 0.1119403 , 0.89506173],
      dtype=float32), 'f1': {'micro': tensor(0.7643), 'macro': tensor(0.5049), 'none': tensor([0.6373, 0.9430, 0.0435, 0.1899, 0.7108])}}
Training : Epoch [19/50], Loss: 0.5522
Testing : Epoch [19/50], Loss: 0.7129, results: {'mAP': 0.69733316, 'mAR': 0.5330852, 'mAUC': 0.896486, 'm_Accuracy': 0.5330852, 'ap': array([0.61885244, 0.9200627 , 0.6666667 , 0.6451613 , 0.6359223 ],
      dtype=float32), 'ar': array([0.7023256 , 0.95758563, 0.04761905, 0.14925373, 0.80864197],
      dtype=float32), 'auc': array([0.91596144, 0.9834267 , 0.8487188 , 0.8279207 , 0.9064022 ],
      dtype=float32), 'accuracy': array([0.7023256 , 0.95758563, 0.04761905, 0.14925373, 0.80864197],
      dtype=float32), 'f1': {'micro': tensor(0.7696), 'macro': tensor(0.5279), 'none': tensor([0.6580, 0.9384, 0.0889, 0.2424, 0.7120])}}
Training : Epoch [20/50], Loss: 0.5270
Testing : Epoch [20/50], Loss: 0.6877, results: {'mAP': 0.5313058, 'mAR': 0.529581, 'mAUC': 0.8994094, 'm_Accuracy': 0.529581, 'ap': array([0.61702126, 0.93301433, 0.        , 0.4722222 , 0.6342711 ],
      dtype=float32), 'ar': array([0.6744186 , 0.954323  , 0.        , 0.25373134, 0.7654321 ],
      dtype=float32), 'auc': array([0.9110763 , 0.98302287, 0.8634378 , 0.830452  , 0.9090582 ],
      dtype=float32), 'accuracy': array([0.6744186 , 0.954323  , 0.        , 0.25373134, 0.7654321 ],
      dtype=float32), 'f1': {'micro': tensor(0.7620), 'macro': tensor(0.5224), 'none': tensor([0.6444, 0.9435, 0.0000, 0.3301, 0.6937])}}
Training : Epoch [21/50], Loss: 0.5007
Testing : Epoch [21/50], Loss: 0.6583, results: {'mAP': 0.68453586, 'mAR': 0.54088354, 'mAUC': 0.89633703, 'm_Accuracy': 0.54088354, 'ap': array([0.6961326 , 0.92259085, 0.6       , 0.5882353 , 0.6157205 ],
      dtype=float32), 'ar': array([0.5860465 , 0.9526917 , 0.07142857, 0.2238806 , 0.8703704 ],
      dtype=float32), 'auc': array([0.90767044, 0.98278785, 0.83966523, 0.83389586, 0.9176658 ],
      dtype=float32), 'accuracy': array([0.5860465 , 0.9526917 , 0.07142857, 0.2238806 , 0.8703704 ],
      dtype=float32), 'f1': {'micro': tensor(0.7718), 'macro': tensor(0.5494), 'none': tensor([0.6364, 0.9374, 0.1277, 0.3243, 0.7212])}}
Saving ./data/aug/0.01_0.0001_1/checkpoint_20.pt
Training : Epoch [22/50], Loss: 0.5005
Testing : Epoch [22/50], Loss: 0.6583, results: {'mAP': 0.6551286, 'mAR': 0.5532463, 'mAUC': 0.90525466, 'm_Accuracy': 0.5532463, 'ap': array([0.62      , 0.92598426, 0.5       , 0.5692308 , 0.6604278 ],
      dtype=float32), 'ar': array([0.7209302 , 0.95921695, 0.04761905, 0.2761194 , 0.7623457 ],
      dtype=float32), 'auc': array([0.91858166, 0.9842937 , 0.85632825, 0.8540214 , 0.91304845],
      dtype=float32), 'accuracy': array([0.7209302 , 0.95921695, 0.04761905, 0.2761194 , 0.7623457 ],
      dtype=float32), 'f1': {'micro': tensor(0.7748), 'macro': tensor(0.5551), 'none': tensor([0.6667, 0.9423, 0.0870, 0.3719, 0.7077])}}
Training : Epoch [23/50], Loss: 0.4779
Testing : Epoch [23/50], Loss: 0.6382, results: {'mAP': 0.7099628, 'mAR': 0.56717026, 'mAUC': 0.9016368, 'm_Accuracy': 0.56717026, 'ap': array([0.67094016, 0.9326923 , 0.75      , 0.5362319 , 0.6599496 ],
      dtype=float32), 'ar': array([0.73023254, 0.94942904, 0.07142857, 0.2761194 , 0.80864197],
      dtype=float32), 'auc': array([0.9174032, 0.982149 , 0.8564023, 0.8354459, 0.9167835],
      dtype=float32), 'accuracy': array([0.73023254, 0.94942904, 0.07142857, 0.2761194 , 0.80864197],
      dtype=float32), 'f1': {'micro': tensor(0.7839), 'macro': tensor(0.5724), 'none': tensor([0.6993, 0.9410, 0.1304, 0.3645, 0.7268])}}
Training : Epoch [24/50], Loss: 0.4643
Testing : Epoch [24/50], Loss: 0.6230, results: {'mAP': 0.6230921, 'mAR': 0.5593301, 'mAUC': 0.9035627, 'm_Accuracy': 0.5593301, 'ap': array([0.6497696 , 0.93460923, 0.30769232, 0.5714286 , 0.6519608 ],
      dtype=float32), 'ar': array([0.65581393, 0.9559543 , 0.0952381 , 0.26865673, 0.82098764],
      dtype=float32), 'auc': array([0.9036503 , 0.98365486, 0.8831926 , 0.82820195, 0.9191137 ],
      dtype=float32), 'accuracy': array([0.65581393, 0.9559543 , 0.0952381 , 0.26865673, 0.82098764],
      dtype=float32), 'f1': {'micro': tensor(0.7779), 'macro': tensor(0.5671), 'none': tensor([0.6528, 0.9452, 0.1455, 0.3655, 0.7268])}}
Training : Epoch [25/50], Loss: 0.4472
Testing : Epoch [25/50], Loss: 0.6111, results: {'mAP': 0.6735298, 'mAR': 0.5790408, 'mAUC': 0.9039272, 'm_Accuracy': 0.5790408, 'ap': array([0.63247865, 0.95348835, 0.53846157, 0.59322035, 0.65      ],
      dtype=float32), 'ar': array([0.6883721 , 0.9363785 , 0.16666667, 0.26119402, 0.8425926 ],
      dtype=float32), 'auc': array([0.91744083, 0.9802188 , 0.8664186 , 0.8389772 , 0.9165806 ],
      dtype=float32), 'accuracy': array([0.6883721 , 0.9363785 , 0.16666667, 0.26119402, 0.8425926 ],
      dtype=float32), 'f1': {'micro': tensor(0.7809), 'macro': tensor(0.5910), 'none': tensor([0.6592, 0.9449, 0.2545, 0.3627, 0.7339])}}
Training : Epoch [26/50], Loss: 0.4397
Testing : Epoch [26/50], Loss: 0.6039, results: {'mAP': 0.6158455, 'mAR': 0.5654682, 'mAUC': 0.9004385, 'm_Accuracy': 0.5654682, 'ap': array([0.64253396, 0.95158595, 0.41666666, 0.4181818 , 0.6502591 ],
      dtype=float32), 'ar': array([0.6604651 , 0.9298532 , 0.11904762, 0.3432836 , 0.77469134],
      dtype=float32), 'auc': array([0.9158194 , 0.98101735, 0.857365  , 0.83245206, 0.9155385 ],
      dtype=float32), 'accuracy': array([0.6604651 , 0.9298532 , 0.11904762, 0.3432836 , 0.77469134],
      dtype=float32), 'f1': {'micro': tensor(0.7636), 'macro': tensor(0.5722), 'none': tensor([0.6514, 0.9406, 0.1852, 0.3770, 0.7070])}}
Training : Epoch [27/50], Loss: 0.4437
Testing : Epoch [27/50], Loss: 0.6038, results: {'mAP': 0.6081465, 'mAR': 0.5808328, 'mAUC': 0.9100064, 'm_Accuracy': 0.5808328, 'ap': array([0.60700387, 0.9508197 , 0.2777778 , 0.52      , 0.6851312 ],
      dtype=float32), 'ar': array([0.7255814 , 0.9461664 , 0.11904762, 0.3880597 , 0.72530866],
      dtype=float32), 'auc': array([0.91538894, 0.9821445 , 0.8815448 , 0.84900874, 0.9219449 ],
      dtype=float32), 'accuracy': array([0.7255814 , 0.9461664 , 0.11904762, 0.3880597 , 0.72530866],
      dtype=float32), 'f1': {'micro': tensor(0.7741), 'macro': tensor(0.5851), 'none': tensor([0.6610, 0.9485, 0.1667, 0.4444, 0.7046])}}
Training : Epoch [28/50], Loss: 0.4195
Testing : Epoch [28/50], Loss: 0.5882, results: {'mAP': 0.58678895, 'mAR': 0.5558933, 'mAUC': 0.904456, 'm_Accuracy': 0.5558933, 'ap': array([0.62445414, 0.8957704 , 0.21428572, 0.48514852, 0.71428573],
      dtype=float32), 'ar': array([0.66511625, 0.96737355, 0.07142857, 0.36567163, 0.70987654],
      dtype=float32), 'auc': array([0.9015483, 0.9828928, 0.8687514, 0.8456024, 0.9234851],
      dtype=float32), 'accuracy': array([0.66511625, 0.96737355, 0.07142857, 0.36567163, 0.70987654],
      dtype=float32), 'f1': {'micro': tensor(0.7666), 'macro': tensor(0.5621), 'none': tensor([0.6441, 0.9302, 0.1071, 0.4170, 0.7121])}}
Training : Epoch [29/50], Loss: 0.4052
Testing : Epoch [29/50], Loss: 0.5617, results: {'mAP': 0.64828146, 'mAR': 0.59009814, 'mAUC': 0.9195142, 'm_Accuracy': 0.59009814, 'ap': array([0.5839416 , 0.96153843, 0.375     , 0.6351351 , 0.6857923 ],
      dtype=float32), 'ar': array([0.74418604, 0.9380098 , 0.14285715, 0.35074627, 0.77469134],
      dtype=float32), 'auc': array([0.9148206 , 0.98357725, 0.91746277, 0.8541026 , 0.9276075 ],
      dtype=float32), 'accuracy': array([0.74418604, 0.9380098 , 0.14285715, 0.35074627, 0.77469134],
      dtype=float32), 'f1': {'micro': tensor(0.7824), 'macro': tensor(0.5981), 'none': tensor([0.6544, 0.9496, 0.2069, 0.4519, 0.7275])}}
Training : Epoch [30/50], Loss: 0.3976
Testing : Epoch [30/50], Loss: 0.5632, results: {'mAP': 0.63944656, 'mAR': 0.58217084, 'mAUC': 0.9067937, 'm_Accuracy': 0.58217084, 'ap': array([0.60546875, 0.94892913, 0.3529412 , 0.625     , 0.6648936 ],
      dtype=float32), 'ar': array([0.7209302 , 0.9396411 , 0.14285715, 0.33582088, 0.77160496],
      dtype=float32), 'auc': array([0.9107921 , 0.98209196, 0.8745464 , 0.8521463 , 0.9143918 ],
      dtype=float32), 'accuracy': array([0.7209302 , 0.9396411 , 0.14285715, 0.33582088, 0.77160496],
      dtype=float32), 'f1': {'micro': tensor(0.7771), 'macro': tensor(0.5914), 'none': tensor([0.6582, 0.9443, 0.2034, 0.4369, 0.7143])}}
Training : Epoch [31/50], Loss: 0.3808
Testing : Epoch [31/50], Loss: 0.5513, results: {'mAP': 0.60320127, 'mAR': 0.5701092, 'mAUC': 0.90924585, 'm_Accuracy': 0.5701092, 'ap': array([0.57347673, 0.96434635, 0.26666668, 0.5365854 , 0.6749311 ],
      dtype=float32), 'ar': array([0.74418604, 0.92659056, 0.0952381 , 0.3283582 , 0.75617284],
      dtype=float32), 'auc': array([0.9122589 , 0.9810949 , 0.89296824, 0.84271485, 0.91719234],
      dtype=float32), 'accuracy': array([0.74418604, 0.92659056, 0.0952381 , 0.3283582 , 0.75617284],
      dtype=float32), 'f1': {'micro': tensor(0.7688), 'macro': tensor(0.5708), 'none': tensor([0.6478, 0.9451, 0.1404, 0.4074, 0.7132])}}
Saving ./data/aug/0.01_0.0001_1/checkpoint_30.pt
Training : Epoch [32/50], Loss: 0.3732
Testing : Epoch [32/50], Loss: 0.5367, results: {'mAP': 0.6020931, 'mAR': 0.5796912, 'mAUC': 0.91366786, 'm_Accuracy': 0.5796912, 'ap': array([0.60956174, 0.9492635 , 0.2777778 , 0.49122807, 0.6826347 ],
      dtype=float32), 'ar': array([0.7116279 , 0.9461664 , 0.11904762, 0.41791046, 0.7037037 ],
      dtype=float32), 'auc': array([0.9169686, 0.9817634, 0.8903577, 0.8604528, 0.918797 ],
      dtype=float32), 'accuracy': array([0.7116279 , 0.9461664 , 0.11904762, 0.41791046, 0.7037037 ],
      dtype=float32), 'f1': {'micro': tensor(0.7696), 'macro': tensor(0.5831), 'none': tensor([0.6567, 0.9477, 0.1667, 0.4516, 0.6930])}}
Training : Epoch [33/50], Loss: 0.3582
Testing : Epoch [33/50], Loss: 0.5146, results: {'mAP': 0.6168331, 'mAR': 0.5849852, 'mAUC': 0.90869296, 'm_Accuracy': 0.5849852, 'ap': array([0.6651376 , 0.9496753 , 0.23076923, 0.5533981 , 0.6851852 ],
      dtype=float32), 'ar': array([0.6744186 , 0.954323  , 0.07142857, 0.42537314, 0.7993827 ],
      dtype=float32), 'auc': array([0.908711  , 0.9840427 , 0.8562912 , 0.86342156, 0.9309982 ],
      dtype=float32), 'accuracy': array([0.6744186 , 0.954323  , 0.07142857, 0.42537314, 0.7993827 ],
      dtype=float32), 'f1': {'micro': tensor(0.7899), 'macro': tensor(0.5899), 'none': tensor([0.6697, 0.9520, 0.1091, 0.4810, 0.7379])}}
Training : Epoch [34/50], Loss: 0.3600
Testing : Epoch [34/50], Loss: 0.5149, results: {'mAP': 0.61948025, 'mAR': 0.5884363, 'mAUC': 0.91211146, 'm_Accuracy': 0.5884363, 'ap': array([0.64705884, 0.92551506, 0.27586207, 0.5555556 , 0.69340974],
      dtype=float32), 'ar': array([0.7162791 , 0.9526917 , 0.1904762 , 0.33582088, 0.74691355],
      dtype=float32), 'auc': array([0.9230824 , 0.9844465 , 0.8759535 , 0.85246503, 0.9246102 ],
      dtype=float32), 'accuracy': array([0.7162791 , 0.9526917 , 0.1904762 , 0.33582088, 0.74691355],
      dtype=float32), 'f1': {'micro': tensor(0.7779), 'macro': tensor(0.5964), 'none': tensor([0.6799, 0.9389, 0.2254, 0.4186, 0.7192])}}
Training : Epoch [35/50], Loss: 0.3446
Testing : Epoch [35/50], Loss: 0.5121, results: {'mAP': 0.6113122, 'mAR': 0.5830914, 'mAUC': 0.904659, 'm_Accuracy': 0.5830914, 'ap': array([0.6212766 , 0.95819396, 0.3181818 , 0.5048544 , 0.65405405],
      dtype=float32), 'ar': array([0.67906976, 0.93474716, 0.16666667, 0.3880597 , 0.74691355],
      dtype=float32), 'auc': array([0.91364634, 0.9804972 , 0.86073464, 0.8485837 , 0.919833  ],
      dtype=float32), 'accuracy': array([0.67906976, 0.93474716, 0.16666667, 0.3880597 , 0.74691355],
      dtype=float32), 'f1': {'micro': tensor(0.7681), 'macro': tensor(0.5900), 'none': tensor([0.6489, 0.9463, 0.2188, 0.4388, 0.6974])}}
Training : Epoch [36/50], Loss: 0.3314
Testing : Epoch [36/50], Loss: 0.5031, results: {'mAP': 0.6328305, 'mAR': 0.5884082, 'mAUC': 0.9025059, 'm_Accuracy': 0.5884082, 'ap': array([0.5846154, 0.955    , 0.3125   , 0.6117647, 0.7002725],
      dtype=float32), 'ar': array([0.7069768 , 0.93474716, 0.11904762, 0.3880597 , 0.79320985],
      dtype=float32), 'auc': array([0.9057481, 0.9796256, 0.8463675, 0.8567714, 0.9240169],
      dtype=float32), 'accuracy': array([0.7069768 , 0.93474716, 0.11904762, 0.3880597 , 0.79320985],
      dtype=float32), 'f1': {'micro': tensor(0.7824), 'macro': tensor(0.5952), 'none': tensor([0.6400, 0.9448, 0.1724, 0.4749, 0.7438])}}
Training : Epoch [37/50], Loss: 0.3301
Testing : Epoch [37/50], Loss: 0.4890, results: {'mAP': 0.61382246, 'mAR': 0.6001151, 'mAUC': 0.9163971, 'm_Accuracy': 0.6001151, 'ap': array([0.6302521 , 0.9602649 , 0.3181818 , 0.44295302, 0.71746033],
      dtype=float32), 'ar': array([0.6976744 , 0.9461664 , 0.16666667, 0.49253732, 0.69753087],
      dtype=float32), 'auc': array([0.91296935, 0.9844374 , 0.8940976 , 0.85904646, 0.93143475],
      dtype=float32), 'accuracy': array([0.6976744 , 0.9461664 , 0.16666667, 0.49253732, 0.69753087],
      dtype=float32), 'f1': {'micro': tensor(0.7748), 'macro': tensor(0.6016), 'none': tensor([0.6623, 0.9532, 0.2188, 0.4664, 0.7074])}}
Training : Epoch [38/50], Loss: 0.3141
Testing : Epoch [38/50], Loss: 0.4783, results: {'mAP': 0.62436473, 'mAR': 0.5943093, 'mAUC': 0.9153511, 'm_Accuracy': 0.5943093, 'ap': array([0.6061776 , 0.9375    , 0.33333334, 0.52380955, 0.7210031 ],
      dtype=float32), 'ar': array([0.73023254, 0.954323  , 0.16666667, 0.41044775, 0.70987654],
      dtype=float32), 'auc': array([0.9103659 , 0.98310727, 0.90494704, 0.8545089 , 0.9238263 ],
      dtype=float32), 'accuracy': array([0.73023254, 0.954323  , 0.16666667, 0.41044775, 0.70987654],
      dtype=float32), 'f1': {'micro': tensor(0.7786), 'macro': tensor(0.6012), 'none': tensor([0.6624, 0.9458, 0.2222, 0.4603, 0.7154])}}
Training : Epoch [39/50], Loss: 0.3236
Testing : Epoch [39/50], Loss: 0.4945, results: {'mAP': 0.5848872, 'mAR': 0.5844277, 'mAUC': 0.91270983, 'm_Accuracy': 0.5844277, 'ap': array([0.5903614 , 0.95784146, 0.22222222, 0.43835616, 0.71565497],
      dtype=float32), 'ar': array([0.68372095, 0.92659056, 0.14285715, 0.47761193, 0.69135803],
      dtype=float32), 'auc': array([0.89602375, 0.98183644, 0.9052803 , 0.8527151 , 0.92769355],
      dtype=float32), 'accuracy': array([0.68372095, 0.92659056, 0.14285715, 0.47761193, 0.69135803],
      dtype=float32), 'f1': {'micro': tensor(0.7598), 'macro': tensor(0.5820), 'none': tensor([0.6336, 0.9420, 0.1739, 0.4571, 0.7033])}}
Training : Epoch [40/50], Loss: 0.3106
Testing : Epoch [40/50], Loss: 0.4791, results: {'mAP': 0.60503274, 'mAR': 0.5899037, 'mAUC': 0.91018546, 'm_Accuracy': 0.5899037, 'ap': array([0.6347826 , 0.95348835, 0.26923078, 0.4915254 , 0.6761364 ],
      dtype=float32), 'ar': array([0.67906976, 0.9363785 , 0.16666667, 0.43283582, 0.7345679 ],
      dtype=float32), 'auc': array([0.9118034 , 0.9813322 , 0.87258387, 0.86349034, 0.92171746],
      dtype=float32), 'accuracy': array([0.67906976, 0.9363785 , 0.16666667, 0.43283582, 0.7345679 ],
      dtype=float32), 'f1': {'micro': tensor(0.7703), 'macro': tensor(0.5943), 'none': tensor([0.6562, 0.9449, 0.2059, 0.4603, 0.7041])}}
Training : Epoch [41/50], Loss: 0.3124
Testing : Epoch [41/50], Loss: 0.4745, results: {'mAP': 0.6053174, 'mAR': 0.589198, 'mAUC': 0.9091927, 'm_Accuracy': 0.589198, 'ap': array([0.6260504 , 0.9460784 , 0.15384616, 0.5940594 , 0.7065527 ],
      dtype=float32), 'ar': array([0.69302326, 0.9445351 , 0.0952381 , 0.4477612 , 0.7654321 ],
      dtype=float32), 'auc': array([0.9128983, 0.9817429, 0.8596978, 0.8631653, 0.928459 ],
      dtype=float32), 'accuracy': array([0.69302326, 0.9445351 , 0.0952381 , 0.4477612 , 0.7654321 ],
      dtype=float32), 'f1': {'micro': tensor(0.7831), 'macro': tensor(0.5932), 'none': tensor([0.6578, 0.9453, 0.1176, 0.5106, 0.7348])}}
Saving ./data/aug/0.01_0.0001_1/checkpoint_40.pt
Training : Epoch [42/50], Loss: 0.3066
Testing : Epoch [42/50], Loss: 0.4731, results: {'mAP': 0.6099149, 'mAR': 0.5909674, 'mAUC': 0.9130704, 'm_Accuracy': 0.5909674, 'ap': array([0.59398496, 0.9441708 , 0.23529412, 0.54464287, 0.7314815 ],
      dtype=float32), 'ar': array([0.7348837, 0.9380098, 0.0952381, 0.4552239, 0.7314815],
      dtype=float32), 'auc': array([0.9126894 , 0.9840062 , 0.87345403, 0.86673415, 0.9284682 ],
      dtype=float32), 'accuracy': array([0.7348837, 0.9380098, 0.0952381, 0.4552239, 0.7314815],
      dtype=float32), 'f1': {'micro': tensor(0.7794), 'macro': tensor(0.5922), 'none': tensor([0.6570, 0.9411, 0.1356, 0.4959, 0.7315])}}
Training : Epoch [43/50], Loss: 0.3018
Testing : Epoch [43/50], Loss: 0.4675, results: {'mAP': 0.6107413, 'mAR': 0.5873529, 'mAUC': 0.9097012, 'm_Accuracy': 0.5873529, 'ap': array([0.62068963, 0.960199  , 0.23333333, 0.5568182 , 0.68266666],
      dtype=float32), 'ar': array([0.66976744, 0.9445351 , 0.16666667, 0.36567163, 0.79012346],
      dtype=float32), 'auc': array([0.9042186 , 0.9825141 , 0.8695475 , 0.86575913, 0.92646694],
      dtype=float32), 'accuracy': array([0.66976744, 0.9445351 , 0.16666667, 0.36567163, 0.79012346],
      dtype=float32), 'f1': {'micro': tensor(0.7794), 'macro': tensor(0.5930), 'none': tensor([0.6443, 0.9523, 0.1944, 0.4414, 0.7325])}}
Training : Epoch [44/50], Loss: 0.3020
Testing : Epoch [44/50], Loss: 0.4686, results: {'mAP': 0.6236917, 'mAR': 0.58988976, 'mAUC': 0.91339874, 'm_Accuracy': 0.58988976, 'ap': array([0.608871  , 0.94909686, 0.33333334, 0.5510204 , 0.6761364 ],
      dtype=float32), 'ar': array([0.7023256 , 0.94290376, 0.16666667, 0.40298507, 0.7345679 ],
      dtype=float32), 'auc': array([0.916208  , 0.9826327 , 0.894616  , 0.85512763, 0.9184097 ],
      dtype=float32), 'accuracy': array([0.7023256 , 0.94290376, 0.16666667, 0.40298507, 0.7345679 ],
      dtype=float32), 'f1': {'micro': tensor(0.7741), 'macro': tensor(0.5980), 'none': tensor([0.6523, 0.9460, 0.2222, 0.4655, 0.7041])}}
Training : Epoch [45/50], Loss: 0.3001
Testing : Epoch [45/50], Loss: 0.4619, results: {'mAP': 0.6101029, 'mAR': 0.5867507, 'mAUC': 0.9192246, 'm_Accuracy': 0.5867507, 'ap': array([0.62240666, 0.9477124 , 0.25      , 0.53097343, 0.69942194],
      dtype=float32), 'ar': array([0.6976744 , 0.9461664 , 0.0952381 , 0.4477612 , 0.74691355],
      dtype=float32), 'auc': array([0.91619134, 0.9825323 , 0.9018922 , 0.8682842 , 0.9272232 ],
      dtype=float32), 'accuracy': array([0.6976744 , 0.9461664 , 0.0952381 , 0.4477612 , 0.74691355],
      dtype=float32), 'f1': {'micro': tensor(0.7801), 'macro': tensor(0.5902), 'none': tensor([0.6579, 0.9469, 0.1379, 0.4858, 0.7224])}}
Training : Epoch [46/50], Loss: 0.3000
Testing : Epoch [46/50], Loss: 0.4684, results: {'mAP': 0.6407069, 'mAR': 0.60278857, 'mAUC': 0.9126643, 'm_Accuracy': 0.60278857, 'ap': array([0.6219512 , 0.94471544, 0.36363637, 0.5638298 , 0.7094017 ],
      dtype=float32), 'ar': array([0.7116279, 0.9477977, 0.1904762, 0.3955224, 0.7685185],
      dtype=float32), 'auc': array([0.9114691 , 0.9813071 , 0.8883026 , 0.86470914, 0.9175336 ],
      dtype=float32), 'accuracy': array([0.7116279, 0.9477977, 0.1904762, 0.3955224, 0.7685185],
      dtype=float32), 'f1': {'micro': tensor(0.7861), 'macro': tensor(0.6125), 'none': tensor([0.6638, 0.9463, 0.2500, 0.4649, 0.7378])}}
