Train size = 5308, Test size = 1328
Classes : ['affected', 'destroyed', 'major', 'minor', 'no_damage']
Training : Epoch [1/50], Loss: 1.4072
Testing : Epoch [1/50], Loss: 1.7389, results: {'mAP': 0.09231928, 'mAR': 0.2, 'mAUC': 0.7134441, 'm_Accuracy': 0.2, 'ap': array([0.       , 0.4615964, 0.       , 0.       , 0.       ],
      dtype=float32), 'ar': array([0., 1., 0., 0., 0.], dtype=float32), 'auc': array([0.7133413 , 0.88180566, 0.65287346, 0.6228406 , 0.69635963],
      dtype=float32), 'accuracy': array([0., 1., 0., 0., 0.], dtype=float32), 'f1': {'micro': tensor(0.4616), 'macro': tensor(0.1263), 'none': tensor([0.0000, 0.6316, 0.0000, 0.0000, 0.0000])}}
Saving ./data/aug/0.05_0.001_10/checkpoint_0.pt
Training : Epoch [2/50], Loss: 1.1156
Testing : Epoch [2/50], Loss: 1.3455, results: {'mAP': 0.26231387, 'mAR': 0.36405757, 'mAUC': 0.7847949, 'm_Accuracy': 0.36405757, 'ap': array([0.       , 0.8887043, 0.       , 0.       , 0.422865 ],
      dtype=float32), 'ar': array([0.        , 0.87275696, 0.        , 0.        , 0.94753087],
      dtype=float32), 'auc': array([0.7724524 , 0.9428513 , 0.67064726, 0.70548016, 0.83254325],
      dtype=float32), 'accuracy': array([0.        , 0.87275696, 0.        , 0.        , 0.94753087],
      dtype=float32), 'f1': {'micro': tensor(0.6340), 'macro': tensor(0.2931), 'none': tensor([0.0000, 0.8807, 0.0000, 0.0000, 0.5848])}}
Training : Epoch [3/50], Loss: 0.8722
Testing : Epoch [3/50], Loss: 1.0880, results: {'mAP': 0.42019543, 'mAR': 0.4226884, 'mAUC': 0.804224, 'm_Accuracy': 0.4226884, 'ap': array([0.7411765 , 0.86970174, 0.        , 0.        , 0.490099  ],
      dtype=float32), 'ar': array([0.29302326, 0.903752  , 0.        , 0.        , 0.9166667 ],
      dtype=float32), 'auc': array([0.84209865, 0.95867395, 0.61140114, 0.74975   , 0.85919595],
      dtype=float32), 'accuracy': array([0.29302326, 0.903752  , 0.        , 0.        , 0.9166667 ],
      dtype=float32), 'f1': {'micro': tensor(0.6883), 'macro': tensor(0.3890), 'none': tensor([0.4200, 0.8864, 0.0000, 0.0000, 0.6387])}}
Training : Epoch [4/50], Loss: 0.7939
Testing : Epoch [4/50], Loss: 0.9802, results: {'mAP': 0.4095049, 'mAR': 0.48065615, 'mAUC': 0.83840764, 'm_Accuracy': 0.48065615, 'ap': array([0.52517986, 0.96309316, 0.        , 0.        , 0.55925155],
      dtype=float32), 'ar': array([0.67906976, 0.8939641 , 0.        , 0.        , 0.8302469 ],
      dtype=float32), 'auc': array([0.8929731 , 0.96851206, 0.6893468 , 0.75145006, 0.8897558 ],
      dtype=float32), 'accuracy': array([0.67906976, 0.8939641 , 0.        , 0.        , 0.8302469 ],
      dtype=float32), 'f1': {'micro': tensor(0.7252), 'macro': tensor(0.4376), 'none': tensor([0.5923, 0.9272, 0.0000, 0.0000, 0.6683])}}
Training : Epoch [5/50], Loss: 0.7447
Testing : Epoch [5/50], Loss: 0.9296, results: {'mAP': 0.4378205, 'mAR': 0.47283357, 'mAUC': 0.8424517, 'm_Accuracy': 0.47283357, 'ap': array([0.72789115, 0.9222042 , 0.        , 0.        , 0.53900707],
      dtype=float32), 'ar': array([0.4976744, 0.9282219, 0.       , 0.       , 0.9382716],
      dtype=float32), 'auc': array([0.88921624, 0.9727695 , 0.70304745, 0.75353134, 0.89369375],
      dtype=float32), 'accuracy': array([0.4976744, 0.9282219, 0.       , 0.       , 0.9382716],
      dtype=float32), 'f1': {'micro': tensor(0.7380), 'macro': tensor(0.4402), 'none': tensor([0.5912, 0.9252, 0.0000, 0.0000, 0.6847])}}
Training : Epoch [6/50], Loss: 0.7182
Testing : Epoch [6/50], Loss: 0.8963, results: {'mAP': 0.6307627, 'mAR': 0.4750247, 'mAUC': 0.8599092, 'm_Accuracy': 0.4750247, 'ap': array([0.6942675, 0.9      , 0.       , 1.       , 0.5595463],
      dtype=float32), 'ar': array([0.5069767 , 0.9396411 , 0.        , 0.01492537, 0.91358024],
      dtype=float32), 'auc': array([0.9000564, 0.9757469, 0.7452233, 0.7827258, 0.8957934],
      dtype=float32), 'accuracy': array([0.5069767 , 0.9396411 , 0.        , 0.01492537, 0.91358024],
      dtype=float32), 'f1': {'micro': tensor(0.7402), 'macro': tensor(0.4458), 'none': tensor([0.5860, 0.9194, 0.0000, 0.0294, 0.6940])}}
Training : Epoch [7/50], Loss: 0.7078
Testing : Epoch [7/50], Loss: 0.8936, results: {'mAP': 0.6406646, 'mAR': 0.47806945, 'mAUC': 0.8616805, 'm_Accuracy': 0.47806945, 'ap': array([0.71895427, 0.95840555, 0.        , 1.        , 0.5259631 ],
      dtype=float32), 'ar': array([0.5116279 , 0.9021207 , 0.        , 0.00746269, 0.9691358 ],
      dtype=float32), 'auc': array([0.9026223 , 0.97785056, 0.73563284, 0.79133856, 0.9009579 ],
      dtype=float32), 'accuracy': array([0.5116279 , 0.9021207 , 0.        , 0.00746269, 0.9691358 ],
      dtype=float32), 'f1': {'micro': tensor(0.7364), 'macro': tensor(0.4448), 'none': tensor([0.5978, 0.9294, 0.0000, 0.0148, 0.6819])}}
Training : Epoch [8/50], Loss: 0.6683
Testing : Epoch [8/50], Loss: 0.8478, results: {'mAP': 0.51713616, 'mAR': 0.48346394, 'mAUC': 0.8708547, 'm_Accuracy': 0.48346394, 'ap': array([0.7364865 , 0.9070866 , 0.        , 0.375     , 0.56710774],
      dtype=float32), 'ar': array([0.5069767 , 0.9396411 , 0.        , 0.04477612, 0.9259259 ],
      dtype=float32), 'auc': array([0.90494996, 0.9795663 , 0.7667555 , 0.7976262 , 0.9053754 ],
      dtype=float32), 'accuracy': array([0.5069767 , 0.9396411 , 0.        , 0.04477612, 0.9259259 ],
      dtype=float32), 'f1': {'micro': tensor(0.7462), 'macro': tensor(0.4614), 'none': tensor([0.6006, 0.9231, 0.0000, 0.0800, 0.7034])}}
Training : Epoch [9/50], Loss: 0.6254
Testing : Epoch [9/50], Loss: 0.7930, results: {'mAP': 0.58322525, 'mAR': 0.52315116, 'mAUC': 0.88422954, 'm_Accuracy': 0.52315116, 'ap': array([0.5833333 , 0.94361526, 0.        , 0.7619048 , 0.6272727 ],
      dtype=float32), 'ar': array([0.7162791 , 0.9282219 , 0.        , 0.11940298, 0.8518519 ],
      dtype=float32), 'auc': array([0.8989532 , 0.98032606, 0.8113012 , 0.8193205 , 0.911247  ],
      dtype=float32), 'accuracy': array([0.7162791 , 0.9282219 , 0.        , 0.11940298, 0.8518519 ],
      dtype=float32), 'f1': {'micro': tensor(0.7643), 'macro': tensor(0.5016), 'none': tensor([0.6430, 0.9359, 0.0000, 0.2065, 0.7225])}}
Training : Epoch [10/50], Loss: 0.5972
Testing : Epoch [10/50], Loss: 0.7648, results: {'mAP': 0.5405692, 'mAR': 0.5044292, 'mAUC': 0.8725537, 'm_Accuracy': 0.5044292, 'ap': array([0.67    , 0.95    , 0.2     , 0.3     , 0.582846], dtype=float32), 'ar': array([0.6232558 , 0.9298532 , 0.02380952, 0.02238806, 0.9228395 ],
      dtype=float32), 'auc': array([0.89962596, 0.9823726 , 0.78801006, 0.7875197 , 0.9052402 ],
      dtype=float32), 'accuracy': array([0.6232558 , 0.9298532 , 0.02380952, 0.02238806, 0.9228395 ],
      dtype=float32), 'f1': {'micro': tensor(0.7583), 'macro': tensor(0.4769), 'none': tensor([0.6458, 0.9398, 0.0426, 0.0417, 0.7145])}}
Training : Epoch [11/50], Loss: 0.5586
Testing : Epoch [11/50], Loss: 0.7207, results: {'mAP': 0.62793493, 'mAR': 0.54400706, 'mAUC': 0.88715726, 'm_Accuracy': 0.54400706, 'ap': array([0.62139916, 0.93811077, 0.33333334, 0.60465115, 0.6421801 ],
      dtype=float32), 'ar': array([0.7023256 , 0.9396411 , 0.04761905, 0.19402985, 0.83641976],
      dtype=float32), 'auc': array([0.89978063, 0.98148733, 0.8162631 , 0.81718296, 0.9210719 ],
      dtype=float32), 'accuracy': array([0.7023256 , 0.9396411 , 0.04761905, 0.19402985, 0.83641976],
      dtype=float32), 'f1': {'micro': tensor(0.7726), 'macro': tensor(0.5404), 'none': tensor([0.6594, 0.9389, 0.0833, 0.2938, 0.7265])}}
Saving ./data/aug/0.05_0.001_10/checkpoint_10.pt
Training : Epoch [12/50], Loss: 0.5162
Testing : Epoch [12/50], Loss: 0.6749, results: {'mAP': 0.56323075, 'mAR': 0.5453345, 'mAUC': 0.8986019, 'm_Accuracy': 0.5453345, 'ap': array([0.66      , 0.93485343, 0.        , 0.57746476, 0.6438356 ],
      dtype=float32), 'ar': array([0.6139535 , 0.9363785 , 0.        , 0.30597016, 0.8703704 ],
      dtype=float32), 'auc': array([0.90195364, 0.9826213 , 0.8600126 , 0.8321645 , 0.9162578 ],
      dtype=float32), 'accuracy': array([0.6139535 , 0.9363785 , 0.        , 0.30597016, 0.8703704 ],
      dtype=float32), 'f1': {'micro': tensor(0.7748), 'macro': tensor(0.5424), 'none': tensor([0.6361, 0.9356, 0.0000, 0.4000, 0.7402])}}
Training : Epoch [13/50], Loss: 0.4866
Testing : Epoch [13/50], Loss: 0.6429, results: {'mAP': 0.6591038, 'mAR': 0.58018446, 'mAUC': 0.89838696, 'm_Accuracy': 0.58018446, 'ap': array([0.703125 , 0.9625213, 0.2857143, 0.704918 , 0.6392405],
      dtype=float32), 'ar': array([0.627907  , 0.9216966 , 0.0952381 , 0.32089552, 0.9351852 ],
      dtype=float32), 'auc': array([0.8936919 , 0.98000205, 0.83620304, 0.85969025, 0.92234766],
      dtype=float32), 'accuracy': array([0.627907  , 0.9216966 , 0.0952381 , 0.32089552, 0.9351852 ],
      dtype=float32), 'f1': {'micro': tensor(0.7907), 'macro': tensor(0.5897), 'none': tensor([0.6634, 0.9417, 0.1429, 0.4410, 0.7594])}}
Training : Epoch [14/50], Loss: 0.4609
Testing : Epoch [14/50], Loss: 0.6229, results: {'mAP': 0.6194803, 'mAR': 0.6047387, 'mAUC': 0.9082279, 'm_Accuracy': 0.6047387, 'ap': array([0.64912283, 0.95454544, 0.31578946, 0.45806453, 0.7198795 ],
      dtype=float32), 'ar': array([0.6883721 , 0.92495924, 0.14285715, 0.5298507 , 0.7376543 ],
      dtype=float32), 'auc': array([0.91157776, 0.9796781 , 0.8841183 , 0.84622115, 0.91954404],
      dtype=float32), 'accuracy': array([0.6883721 , 0.92495924, 0.14285715, 0.5298507 , 0.7376543 ],
      dtype=float32), 'f1': {'micro': tensor(0.7764), 'macro': tensor(0.6049), 'none': tensor([0.6682, 0.9395, 0.1967, 0.4913, 0.7287])}}
Training : Epoch [15/50], Loss: 0.4168
Testing : Epoch [15/50], Loss: 0.5801, results: {'mAP': 0.6210392, 'mAR': 0.5951759, 'mAUC': 0.9074379, 'm_Accuracy': 0.5951759, 'ap': array([0.69430053, 0.95033115, 0.2580645 , 0.53      , 0.6725    ],
      dtype=float32), 'ar': array([0.6232558, 0.9363785, 0.1904762, 0.3955224, 0.8302469],
      dtype=float32), 'auc': array([0.9138219, 0.9794659, 0.8764163, 0.8491712, 0.9183144],
      dtype=float32), 'accuracy': array([0.6232558, 0.9363785, 0.1904762, 0.3955224, 0.8302469],
      dtype=float32), 'f1': {'micro': tensor(0.7816), 'macro': tensor(0.6031), 'none': tensor([0.6569, 0.9433, 0.2192, 0.4530, 0.7431])}}
Training : Epoch [16/50], Loss: 0.3922
Testing : Epoch [16/50], Loss: 0.5593, results: {'mAP': 0.5986357, 'mAR': 0.5824219, 'mAUC': 0.90815914, 'm_Accuracy': 0.5824219, 'ap': array([0.5934066 , 0.96464646, 0.125     , 0.61290324, 0.69722223],
      dtype=float32), 'ar': array([0.75348836, 0.93474716, 0.02380952, 0.42537314, 0.77469134],
      dtype=float32), 'auc': array([0.91165715, 0.98129344, 0.86162335, 0.8619653 , 0.9242567 ],
      dtype=float32), 'accuracy': array([0.75348836, 0.93474716, 0.02380952, 0.42537314, 0.77469134],
      dtype=float32), 'f1': {'micro': tensor(0.7861), 'macro': tensor(0.5779), 'none': tensor([0.6639, 0.9495, 0.0400, 0.5022, 0.7339])}}
Training : Epoch [17/50], Loss: 0.3475
Testing : Epoch [17/50], Loss: 0.5178, results: {'mAP': 0.6132967, 'mAR': 0.58548707, 'mAUC': 0.906139, 'm_Accuracy': 0.58548707, 'ap': array([0.6169355, 0.9583333, 0.25     , 0.5463917, 0.6948229],
      dtype=float32), 'ar': array([0.7116279, 0.9380098, 0.0952381, 0.3955224, 0.787037 ],
      dtype=float32), 'auc': array([0.90860236, 0.9817497 , 0.8731949 , 0.8461899 , 0.92095816],
      dtype=float32), 'accuracy': array([0.7116279, 0.9380098, 0.0952381, 0.3955224, 0.787037 ],
      dtype=float32), 'f1': {'micro': tensor(0.7831), 'macro': tensor(0.5888), 'none': tensor([0.6609, 0.9481, 0.1379, 0.4589, 0.7381])}}
Training : Epoch [18/50], Loss: 0.3269
Testing : Epoch [18/50], Loss: 0.4917, results: {'mAP': 0.65736306, 'mAR': 0.60535306, 'mAUC': 0.9172667, 'm_Accuracy': 0.60535306, 'ap': array([0.7222222 , 0.9710392 , 0.4117647 , 0.52136755, 0.66042155],
      dtype=float32), 'ar': array([0.60465115, 0.9298532 , 0.16666667, 0.4552239 , 0.8703704 ],
      dtype=float32), 'auc': array([0.91841453, 0.9834153 , 0.8874695 , 0.8614653 , 0.93556947],
      dtype=float32), 'accuracy': array([0.60465115, 0.9298532 , 0.16666667, 0.4552239 , 0.8703704 ],
      dtype=float32), 'f1': {'micro': tensor(0.7907), 'macro': tensor(0.6165), 'none': tensor([0.6582, 0.9500, 0.2373, 0.4861, 0.7510])}}
Training : Epoch [19/50], Loss: 0.2905
Testing : Epoch [19/50], Loss: 0.4741, results: {'mAP': 0.6481719, 'mAR': 0.614586, 'mAUC': 0.9051132, 'm_Accuracy': 0.614586, 'ap': array([0.63829786, 0.9741379 , 0.3809524 , 0.552381  , 0.6950904 ],
      dtype=float32), 'ar': array([0.6976744 , 0.9216966 , 0.1904762 , 0.43283582, 0.8302469 ],
      dtype=float32), 'auc': array([0.908034  , 0.9788544 , 0.8555321 , 0.8580402 , 0.92510515],
      dtype=float32), 'accuracy': array([0.6976744 , 0.9216966 , 0.1904762 , 0.43283582, 0.8302469 ],
      dtype=float32), 'f1': {'micro': tensor(0.7907), 'macro': tensor(0.6220), 'none': tensor([0.6667, 0.9472, 0.2540, 0.4854, 0.7567])}}
Training : Epoch [20/50], Loss: 0.2694
Testing : Epoch [20/50], Loss: 0.4552, results: {'mAP': 0.5970724, 'mAR': 0.5926045, 'mAUC': 0.89692104, 'm_Accuracy': 0.5926045, 'ap': array([0.6396396 , 0.9408867 , 0.28947368, 0.4180328 , 0.6973294 ],
      dtype=float32), 'ar': array([0.6604651 , 0.93474716, 0.26190478, 0.38059703, 0.72530866],
      dtype=float32), 'auc': array([0.90715224, 0.9807983 , 0.85532844, 0.83852094, 0.90280545],
      dtype=float32), 'accuracy': array([0.6604651 , 0.93474716, 0.26190478, 0.38059703, 0.72530866],
      dtype=float32), 'f1': {'micro': tensor(0.7620), 'macro': tensor(0.5944), 'none': tensor([0.6499, 0.9378, 0.2750, 0.3984, 0.7110])}}
Training : Epoch [21/50], Loss: 0.2382
Testing : Epoch [21/50], Loss: 0.4335, results: {'mAP': 0.6045268, 'mAR': 0.59739584, 'mAUC': 0.9030231, 'm_Accuracy': 0.59739584, 'ap': array([0.64248705, 0.9548495 , 0.32142857, 0.3705357 , 0.73333335],
      dtype=float32), 'ar': array([0.5767442 , 0.9314845 , 0.21428572, 0.619403  , 0.64506173],
      dtype=float32), 'auc': array([0.90436906, 0.98054737, 0.86854774, 0.84673995, 0.9149113 ],
      dtype=float32), 'accuracy': array([0.5767442 , 0.9314845 , 0.21428572, 0.619403  , 0.64506173],
      dtype=float32), 'f1': {'micro': tensor(0.7500), 'macro': tensor(0.5916), 'none': tensor([0.6078, 0.9430, 0.2571, 0.4637, 0.6864])}}
Saving ./data/aug/0.05_0.001_10/checkpoint_20.pt
Training : Epoch [22/50], Loss: 0.2058
Testing : Epoch [22/50], Loss: 0.3998, results: {'mAP': 0.6543764, 'mAR': 0.60355544, 'mAUC': 0.8987196, 'm_Accuracy': 0.60355544, 'ap': array([0.6244898 , 0.9583333 , 0.35714287, 0.6507937 , 0.6811224 ],
      dtype=float32), 'ar': array([0.7116279 , 0.9380098 , 0.23809524, 0.30597016, 0.8240741 ],
      dtype=float32), 'auc': array([0.9092584 , 0.9819916 , 0.84579355, 0.83372086, 0.9228334 ],
      dtype=float32), 'accuracy': array([0.7116279 , 0.9380098 , 0.23809524, 0.30597016, 0.8240741 ],
      dtype=float32), 'f1': {'micro': tensor(0.7877), 'macro': tensor(0.6122), 'none': tensor([0.6652, 0.9481, 0.2857, 0.4162, 0.7458])}}
Training : Epoch [23/50], Loss: 0.1719
Testing : Epoch [23/50], Loss: 0.3684, results: {'mAP': 0.62476146, 'mAR': 0.6103964, 'mAUC': 0.9045912, 'm_Accuracy': 0.6103964, 'ap': array([0.6185567 , 0.96308726, 0.4074074 , 0.41304347, 0.7217125 ],
      dtype=float32), 'ar': array([0.55813956, 0.9363785 , 0.26190478, 0.5671642 , 0.72839504],
      dtype=float32), 'auc': array([0.8992666 , 0.9818022 , 0.8548471 , 0.86593413, 0.9211057 ],
      dtype=float32), 'accuracy': array([0.55813956, 0.9363785 , 0.26190478, 0.5671642 , 0.72839504],
      dtype=float32), 'f1': {'micro': tensor(0.7658), 'macro': tensor(0.6116), 'none': tensor([0.5868, 0.9495, 0.3188, 0.4780, 0.7250])}}
Training : Epoch [24/50], Loss: 0.1522
Testing : Epoch [24/50], Loss: 0.3713, results: {'mAP': 0.6314598, 'mAR': 0.5810453, 'mAUC': 0.8887452, 'm_Accuracy': 0.5810453, 'ap': array([0.6756757 , 0.94426227, 0.3181818 , 0.5697674 , 0.64941174],
      dtype=float32), 'ar': array([0.5813953 , 0.9396411 , 0.16666667, 0.36567163, 0.8518519 ],
      dtype=float32), 'auc': array([0.9025805 , 0.98231786, 0.812986  , 0.8290457 , 0.9167958 ],
      dtype=float32), 'accuracy': array([0.5813953 , 0.9396411 , 0.16666667, 0.36567163, 0.8518519 ],
      dtype=float32), 'f1': {'micro': tensor(0.7779), 'macro': tensor(0.5936), 'none': tensor([0.6250, 0.9419, 0.2188, 0.4455, 0.7370])}}
Training : Epoch [25/50], Loss: 0.1613
Testing : Epoch [25/50], Loss: 0.3573, results: {'mAP': 0.6503661, 'mAR': 0.6362361, 'mAUC': 0.9023527, 'm_Accuracy': 0.6362361, 'ap': array([0.70408165, 0.9633333 , 0.33333334, 0.552381  , 0.6987013 ],
      dtype=float32), 'ar': array([0.6418605 , 0.94290376, 0.33333334, 0.43283582, 0.8302469 ],
      dtype=float32), 'auc': array([0.91312397, 0.9819961 , 0.86384505, 0.81774855, 0.93504995],
      dtype=float32), 'accuracy': array([0.6418605 , 0.94290376, 0.33333334, 0.43283582, 0.8302469 ],
      dtype=float32), 'f1': {'micro': tensor(0.7959), 'macro': tensor(0.6404), 'none': tensor([0.6715, 0.9530, 0.3333, 0.4854, 0.7588])}}
Training : Epoch [26/50], Loss: 0.1166
Testing : Epoch [26/50], Loss: 0.3331, results: {'mAP': 0.62884986, 'mAR': 0.6084014, 'mAUC': 0.89886224, 'm_Accuracy': 0.6084014, 'ap': array([0.685     , 0.953411  , 0.33333334, 0.4680851 , 0.7044199 ],
      dtype=float32), 'ar': array([0.6372093 , 0.93474716, 0.1904762 , 0.49253732, 0.787037  ],
      dtype=float32), 'auc': array([0.9105623, 0.9809512, 0.839943 , 0.8398585, 0.9229963],
      dtype=float32), 'accuracy': array([0.6372093 , 0.93474716, 0.1904762 , 0.49253732, 0.787037  ],
      dtype=float32), 'f1': {'micro': tensor(0.7824), 'macro': tensor(0.6140), 'none': tensor([0.6602, 0.9440, 0.2424, 0.4800, 0.7434])}}
Training : Epoch [27/50], Loss: 0.1195
Testing : Epoch [27/50], Loss: 0.3343, results: {'mAP': 0.6204592, 'mAR': 0.60117614, 'mAUC': 0.8896388, 'm_Accuracy': 0.60117614, 'ap': array([0.6200873, 0.9659864, 0.2962963, 0.5188679, 0.7010582],
      dtype=float32), 'ar': array([0.6604651 , 0.92659056, 0.1904762 , 0.41044775, 0.81790125],
      dtype=float32), 'auc': array([0.90821373, 0.978697  , 0.7876398 , 0.84258354, 0.9310597 ],
      dtype=float32), 'accuracy': array([0.6604651 , 0.92659056, 0.1904762 , 0.41044775, 0.81790125],
      dtype=float32), 'f1': {'micro': tensor(0.7816), 'macro': tensor(0.6061), 'none': tensor([0.6396, 0.9459, 0.2319, 0.4583, 0.7550])}}
Training : Epoch [28/50], Loss: 0.0853
Testing : Epoch [28/50], Loss: 0.3146, results: {'mAP': 0.65452325, 'mAR': 0.62167764, 'mAUC': 0.89618075, 'm_Accuracy': 0.62167764, 'ap': array([0.6769231 , 0.94563425, 0.41379312, 0.537037  , 0.69922876],
      dtype=float32), 'ar': array([0.6139535 , 0.9363785 , 0.2857143 , 0.43283582, 0.83950615],
      dtype=float32), 'auc': array([0.90380913, 0.9799336 , 0.85095906, 0.8185142 , 0.9276874 ],
      dtype=float32), 'accuracy': array([0.6139535 , 0.9363785 , 0.2857143 , 0.43283582, 0.83950615],
      dtype=float32), 'f1': {'micro': tensor(0.7892), 'macro': tensor(0.6330), 'none': tensor([0.6439, 0.9410, 0.3380, 0.4793, 0.7630])}}
Training : Epoch [29/50], Loss: 0.0680
Testing : Epoch [29/50], Loss: 0.2921, results: {'mAP': 0.6484214, 'mAR': 0.6301014, 'mAUC': 0.90332204, 'm_Accuracy': 0.6301014, 'ap': array([0.69072163, 0.9490132 , 0.32352942, 0.56302524, 0.7158177 ],
      dtype=float32), 'ar': array([0.6232558 , 0.94127244, 0.26190478, 0.5       , 0.8240741 ],
      dtype=float32), 'auc': array([0.90716064, 0.9815307 , 0.87989706, 0.8190767 , 0.9289447 ],
      dtype=float32), 'accuracy': array([0.6232558 , 0.94127244, 0.26190478, 0.5       , 0.8240741 ],
      dtype=float32), 'f1': {'micro': tensor(0.7952), 'macro': tensor(0.6371), 'none': tensor([0.6553, 0.9451, 0.2895, 0.5296, 0.7661])}}
Training : Epoch [30/50], Loss: 0.0677
Testing : Epoch [30/50], Loss: 0.3137, results: {'mAP': 0.6279379, 'mAR': 0.59485596, 'mAUC': 0.90230715, 'm_Accuracy': 0.59485596, 'ap': array([0.61926603, 0.9614094 , 0.29411766, 0.5974026 , 0.6674938 ],
      dtype=float32), 'ar': array([0.627907  , 0.93474716, 0.23809524, 0.3432836 , 0.8302469 ],
      dtype=float32), 'auc': array([0.9059487 , 0.98071164, 0.86547434, 0.8403335 , 0.91906756],
      dtype=float32), 'accuracy': array([0.627907  , 0.93474716, 0.23809524, 0.3432836 , 0.8302469 ],
      dtype=float32), 'f1': {'micro': tensor(0.7779), 'macro': tensor(0.6021), 'none': tensor([0.6236, 0.9479, 0.2632, 0.4360, 0.7400])}}
Training : Epoch [31/50], Loss: 0.1902
Testing : Epoch [31/50], Loss: 0.4195, results: {'mAP': 0.6785305, 'mAR': 0.624122, 'mAUC': 0.8863872, 'm_Accuracy': 0.624122, 'ap': array([0.7105263 , 0.95514953, 0.42857143, 0.63095236, 0.6674528 ],
      dtype=float32), 'ar': array([0.627907 , 0.9380098, 0.2857143, 0.3955224, 0.8734568],
      dtype=float32), 'auc': array([0.9033202 , 0.98325104, 0.8168555 , 0.8028513 , 0.92565846],
      dtype=float32), 'accuracy': array([0.627907 , 0.9380098, 0.2857143, 0.3955224, 0.8734568],
      dtype=float32), 'f1': {'micro': tensor(0.7967), 'macro': tensor(0.6398), 'none': tensor([0.6667, 0.9465, 0.3429, 0.4862, 0.7567])}}
Saving ./data/aug/0.05_0.001_10/checkpoint_30.pt
Training : Epoch [32/50], Loss: 0.0625
Testing : Epoch [32/50], Loss: 0.3108, results: {'mAP': 0.6627854, 'mAR': 0.6055912, 'mAUC': 0.8958794, 'm_Accuracy': 0.6055912, 'ap': array([0.62931037, 0.96147406, 0.39130434, 0.64788735, 0.6839506 ],
      dtype=float32), 'ar': array([0.67906976, 0.9363785 , 0.21428572, 0.3432836 , 0.85493827],
      dtype=float32), 'auc': array([0.9070269 , 0.9794613 , 0.8552729 , 0.8135328 , 0.92410296],
      dtype=float32), 'accuracy': array([0.67906976, 0.9363785 , 0.21428572, 0.3432836 , 0.85493827],
      dtype=float32), 'f1': {'micro': tensor(0.7922), 'macro': tensor(0.6175), 'none': tensor([0.6532, 0.9488, 0.2769, 0.4488, 0.7599])}}
Training : Epoch [33/50], Loss: 0.0631
Testing : Epoch [33/50], Loss: 0.3030, results: {'mAP': 0.6183791, 'mAR': 0.60227555, 'mAUC': 0.89071256, 'm_Accuracy': 0.60227555, 'ap': array([0.61764705, 0.9238095 , 0.2777778 , 0.5436893 , 0.72897196],
      dtype=float32), 'ar': array([0.68372095, 0.94942904, 0.23809524, 0.41791046, 0.7222222 ],
      dtype=float32), 'auc': array([0.90522575, 0.98325104, 0.8376842 , 0.80993277, 0.917469  ],
      dtype=float32), 'accuracy': array([0.68372095, 0.94942904, 0.23809524, 0.41791046, 0.7222222 ],
      dtype=float32), 'f1': {'micro': tensor(0.7748), 'macro': tensor(0.6080), 'none': tensor([0.6490, 0.9364, 0.2564, 0.4726, 0.7256])}}
Training : Epoch [34/50], Loss: 0.0456
Testing : Epoch [34/50], Loss: 0.2847, results: {'mAP': 0.640653, 'mAR': 0.61845994, 'mAUC': 0.89368993, 'm_Accuracy': 0.61845994, 'ap': array([0.68095237, 0.94271684, 0.3030303 , 0.5588235 , 0.7177419 ],
      dtype=float32), 'ar': array([0.66511625, 0.9396411 , 0.23809524, 0.42537314, 0.8240741 ],
      dtype=float32), 'auc': array([0.90903276, 0.97985375, 0.82479817, 0.8263644 , 0.9284006 ],
      dtype=float32), 'accuracy': array([0.66511625, 0.9396411 , 0.23809524, 0.42537314, 0.8240741 ],
      dtype=float32), 'f1': {'micro': tensor(0.7929), 'macro': tensor(0.6262), 'none': tensor([0.6729, 0.9412, 0.2667, 0.4831, 0.7672])}}
Training : Epoch [35/50], Loss: 0.0378
Testing : Epoch [35/50], Loss: 0.2819, results: {'mAP': 0.6588837, 'mAR': 0.6307231, 'mAUC': 0.89227736, 'm_Accuracy': 0.6307231, 'ap': array([0.61290324, 0.96954316, 0.40625   , 0.6       , 0.7057221 ],
      dtype=float32), 'ar': array([0.7069768 , 0.93474716, 0.30952382, 0.40298507, 0.7993827 ],
      dtype=float32), 'auc': array([0.91169477, 0.97765887, 0.8216693 , 0.82169557, 0.928668  ],
      dtype=float32), 'accuracy': array([0.7069768 , 0.93474716, 0.30952382, 0.40298507, 0.7993827 ],
      dtype=float32), 'f1': {'micro': tensor(0.7914), 'macro': tensor(0.6383), 'none': tensor([0.6566, 0.9518, 0.3514, 0.4821, 0.7496])}}
Training : Epoch [36/50], Loss: 0.0311
Testing : Epoch [36/50], Loss: 0.2772, results: {'mAP': 0.6810019, 'mAR': 0.61624914, 'mAUC': 0.89500314, 'm_Accuracy': 0.61624914, 'ap': array([0.60456276, 0.94745487, 0.45      , 0.68      , 0.7229917 ],
      dtype=float32), 'ar': array([0.73953485, 0.94127244, 0.21428572, 0.38059703, 0.8055556 ],
      dtype=float32), 'auc': array([0.909622  , 0.98163563, 0.8465156 , 0.8082765 , 0.9289662 ],
      dtype=float32), 'accuracy': array([0.73953485, 0.94127244, 0.21428572, 0.38059703, 0.8055556 ],
      dtype=float32), 'f1': {'micro': tensor(0.7959), 'macro': tensor(0.6300), 'none': tensor([0.6653, 0.9444, 0.2903, 0.4880, 0.7620])}}
Training : Epoch [37/50], Loss: 0.0244
Testing : Epoch [37/50], Loss: 0.2789, results: {'mAP': 0.6942738, 'mAR': 0.63014764, 'mAUC': 0.8863443, 'm_Accuracy': 0.63014764, 'ap': array([0.6117647, 0.96     , 0.625    , 0.5416667, 0.7329377],
      dtype=float32), 'ar': array([0.7255814 , 0.9396411 , 0.23809524, 0.48507464, 0.7623457 ],
      dtype=float32), 'auc': array([0.9090077, 0.9823247, 0.8038954, 0.8156954, 0.9207983],
      dtype=float32), 'accuracy': array([0.7255814 , 0.9396411 , 0.23809524, 0.48507464, 0.7623457 ],
      dtype=float32), 'f1': {'micro': tensor(0.7937), 'macro': tensor(0.6435), 'none': tensor([0.6638, 0.9497, 0.3448, 0.5118, 0.7474])}}
Training : Epoch [38/50], Loss: 0.0249
Testing : Epoch [38/50], Loss: 0.2734, results: {'mAP': 0.67187226, 'mAR': 0.6326258, 'mAUC': 0.8852601, 'm_Accuracy': 0.6326258, 'ap': array([0.6755555 , 0.96      , 0.47826087, 0.539823  , 0.7057221 ],
      dtype=float32), 'ar': array([0.7069768 , 0.9396411 , 0.26190478, 0.4552239 , 0.7993827 ],
      dtype=float32), 'auc': array([0.91266847, 0.9807139 , 0.8006739 , 0.80753267, 0.92471164],
      dtype=float32), 'accuracy': array([0.7069768 , 0.9396411 , 0.26190478, 0.4552239 , 0.7993827 ],
      dtype=float32), 'f1': {'micro': tensor(0.7974), 'macro': tensor(0.6445), 'none': tensor([0.6909, 0.9497, 0.3385, 0.4939, 0.7496])}}
Training : Epoch [39/50], Loss: 0.0244
Testing : Epoch [39/50], Loss: 0.2668, results: {'mAP': 0.66160804, 'mAR': 0.6404436, 'mAUC': 0.893552, 'm_Accuracy': 0.6404436, 'ap': array([0.67420816, 0.95673877, 0.3       , 0.65591395, 0.7211796 ],
      dtype=float32), 'ar': array([0.69302326, 0.9380098 , 0.2857143 , 0.4552239 , 0.8302469 ],
      dtype=float32), 'auc': array([0.91808856, 0.9825483 , 0.8343331 , 0.80555767, 0.92723244],
      dtype=float32), 'accuracy': array([0.69302326, 0.9380098 , 0.2857143 , 0.4552239 , 0.8302469 ],
      dtype=float32), 'f1': {'micro': tensor(0.8027), 'macro': tensor(0.6466), 'none': tensor([0.6835, 0.9473, 0.2927, 0.5374, 0.7719])}}
Training : Epoch [40/50], Loss: 0.0247
Testing : Epoch [40/50], Loss: 0.2711, results: {'mAP': 0.66175354, 'mAR': 0.62213826, 'mAUC': 0.88844395, 'm_Accuracy': 0.62213826, 'ap': array([0.62650603, 0.960199  , 0.3888889 , 0.5981308 , 0.73504275],
      dtype=float32), 'ar': array([0.7255814 , 0.9445351 , 0.16666667, 0.47761193, 0.7962963 ],
      dtype=float32), 'auc': array([0.89887375, 0.9825528 , 0.8006369 , 0.830077  , 0.93007904],
      dtype=float32), 'accuracy': array([0.7255814 , 0.9445351 , 0.16666667, 0.47761193, 0.7962963 ],
      dtype=float32), 'f1': {'micro': tensor(0.8012), 'macro': tensor(0.6307), 'none': tensor([0.6724, 0.9523, 0.2333, 0.5311, 0.7644])}}
Training : Epoch [41/50], Loss: 0.0181
Testing : Epoch [41/50], Loss: 0.2734, results: {'mAP': 0.70225084, 'mAR': 0.6352272, 'mAUC': 0.89492226, 'm_Accuracy': 0.6352272, 'ap': array([0.6322314 , 0.95230263, 0.5       , 0.71590906, 0.71081084],
      dtype=float32), 'ar': array([0.7116279 , 0.9445351 , 0.23809524, 0.47014925, 0.8117284 ],
      dtype=float32), 'auc': array([0.90423954, 0.9804903 , 0.85175514, 0.8149454 , 0.92318076],
      dtype=float32), 'accuracy': array([0.7116279 , 0.9445351 , 0.23809524, 0.47014925, 0.8117284 ],
      dtype=float32), 'f1': {'micro': tensor(0.8042), 'macro': tensor(0.6532), 'none': tensor([0.6696, 0.9484, 0.3226, 0.5676, 0.7579])}}
Saving ./data/aug/0.05_0.001_10/checkpoint_40.pt
Training : Epoch [42/50], Loss: 0.0195
Testing : Epoch [42/50], Loss: 0.2701, results: {'mAP': 0.67074025, 'mAR': 0.63062865, 'mAUC': 0.9014085, 'm_Accuracy': 0.63062865, 'ap': array([0.6683673 , 0.93075687, 0.52      , 0.519084  , 0.71549296],
      dtype=float32), 'ar': array([0.60930234, 0.94290376, 0.30952382, 0.5074627 , 0.7839506 ],
      dtype=float32), 'auc': array([0.90331596, 0.9797283 , 0.85840183, 0.8336146 , 0.9319819 ],
      dtype=float32), 'accuracy': array([0.60930234, 0.94290376, 0.30952382, 0.5074627 , 0.7839506 ],
      dtype=float32), 'f1': {'micro': tensor(0.7861), 'macro': tensor(0.6447), 'none': tensor([0.6375, 0.9368, 0.3881, 0.5132, 0.7482])}}
Training : Epoch [43/50], Loss: 0.0183
Testing : Epoch [43/50], Loss: 0.2721, results: {'mAP': 0.64590585, 'mAR': 0.6216653, 'mAUC': 0.8952364, 'm_Accuracy': 0.6216653, 'ap': array([0.6636364 , 0.93811077, 0.32258064, 0.58653843, 0.718663  ],
      dtype=float32), 'ar': array([0.67906976, 0.9396411 , 0.23809524, 0.4552239 , 0.7962963 ],
      dtype=float32), 'auc': array([0.90787524, 0.9812843 , 0.8407576 , 0.81957674, 0.9266883 ],
      dtype=float32), 'accuracy': array([0.67906976, 0.9396411 , 0.23809524, 0.4552239 , 0.7962963 ],
      dtype=float32), 'f1': {'micro': tensor(0.7914), 'macro': tensor(0.6304), 'none': tensor([0.6713, 0.9389, 0.2740, 0.5126, 0.7555])}}
Training : Epoch [44/50], Loss: 0.0182
Testing : Epoch [44/50], Loss: 0.2686, results: {'mAP': 0.6544827, 'mAR': 0.62256634, 'mAUC': 0.891152, 'm_Accuracy': 0.62256634, 'ap': array([0.6204082 , 0.94736844, 0.41666666, 0.5585586 , 0.7294118 ],
      dtype=float32), 'ar': array([0.7069768 , 0.9396411 , 0.23809524, 0.46268657, 0.7654321 ],
      dtype=float32), 'auc': array([0.909739  , 0.98082113, 0.83462936, 0.8021576 , 0.9284129 ],
      dtype=float32), 'accuracy': array([0.7069768 , 0.9396411 , 0.23809524, 0.46268657, 0.7654321 ],
      dtype=float32), 'f1': {'micro': tensor(0.7892), 'macro': tensor(0.6321), 'none': tensor([0.6609, 0.9435, 0.3030, 0.5061, 0.7470])}}
Training : Epoch [45/50], Loss: 0.0159
Testing : Epoch [45/50], Loss: 0.2651, results: {'mAP': 0.6784464, 'mAR': 0.63220656, 'mAUC': 0.89009684, 'm_Accuracy': 0.63220656, 'ap': array([0.6666667 , 0.9326923 , 0.45454547, 0.6057692 , 0.73255813],
      dtype=float32), 'ar': array([0.7255814 , 0.94942904, 0.23809524, 0.47014925, 0.7777778 ],
      dtype=float32), 'auc': array([0.9042186 , 0.9810151 , 0.81278235, 0.8261519 , 0.9263163 ],
      dtype=float32), 'accuracy': array([0.7255814 , 0.94942904, 0.23809524, 0.47014925, 0.7777778 ],
      dtype=float32), 'f1': {'micro': tensor(0.8005), 'macro': tensor(0.6465), 'none': tensor([0.6949, 0.9410, 0.3125, 0.5294, 0.7545])}}
Training : Epoch [46/50], Loss: 0.0137
Testing : Epoch [46/50], Loss: 0.2683, results: {'mAP': 0.65367585, 'mAR': 0.6236847, 'mAUC': 0.88907224, 'm_Accuracy': 0.6236847, 'ap': array([0.6869159 , 0.95966387, 0.32      , 0.6       , 0.7017995 ],
      dtype=float32), 'ar': array([0.68372095, 0.9314845 , 0.1904762 , 0.47014925, 0.8425926 ],
      dtype=float32), 'auc': array([0.9097934 , 0.9800431 , 0.80715394, 0.8206955 , 0.9276751 ],
      dtype=float32), 'accuracy': array([0.68372095, 0.9314845 , 0.1904762 , 0.47014925, 0.8425926 ],
      dtype=float32), 'f1': {'micro': tensor(0.7997), 'macro': tensor(0.6325), 'none': tensor([0.6853, 0.9454, 0.2388, 0.5272, 0.7658])}}
Training : Epoch [47/50], Loss: 0.0138
Testing : Epoch [47/50], Loss: 0.2575, results: {'mAP': 0.6783222, 'mAR': 0.6391821, 'mAUC': 0.89069366, 'm_Accuracy': 0.6391821, 'ap': array([0.6681223 , 0.9570957 , 0.42307693, 0.622449  , 0.7208672 ],
      dtype=float32), 'ar': array([0.7116279 , 0.9461664 , 0.26190478, 0.4552239 , 0.82098764],
      dtype=float32), 'auc': array([0.915134 , 0.9845948, 0.8159113, 0.810464 , 0.9273646],
      dtype=float32), 'accuracy': array([0.7116279 , 0.9461664 , 0.26190478, 0.4552239 , 0.82098764],
      dtype=float32), 'f1': {'micro': tensor(0.8065), 'macro': tensor(0.6516), 'none': tensor([0.6892, 0.9516, 0.3235, 0.5259, 0.7677])}}
Training : Epoch [48/50], Loss: 0.0163
Testing : Epoch [48/50], Loss: 0.2636, results: {'mAP': 0.686249, 'mAR': 0.65707296, 'mAUC': 0.90185946, 'm_Accuracy': 0.65707296, 'ap': array([0.6622222, 0.9601329, 0.4516129, 0.635514 , 0.7217631],
      dtype=float32), 'ar': array([0.69302326, 0.94290376, 0.33333334, 0.5074627 , 0.80864197],
      dtype=float32), 'auc': array([0.90547234, 0.9818136 , 0.8574576 , 0.83658344, 0.92797023],
      dtype=float32), 'accuracy': array([0.69302326, 0.94290376, 0.33333334, 0.5074627 , 0.80864197],
      dtype=float32), 'f1': {'micro': tensor(0.8065), 'macro': tensor(0.6679), 'none': tensor([0.6773, 0.9514, 0.3836, 0.5643, 0.7627])}}
Training : Epoch [49/50], Loss: 0.0135
