Train size = 5308, Test size = 1328
Classes : ['affected', 'destroyed', 'major', 'minor', 'no_damage']
Training : Epoch [1/50], Loss: 1.5334
Testing : Epoch [1/50], Loss: 1.9022, results: {'mAP': 0.09231928, 'mAR': 0.2, 'mAUC': 0.604675, 'm_Accuracy': 0.2, 'ap': array([0.       , 0.4615964, 0.       , 0.       , 0.       ],
      dtype=float32), 'ar': array([0., 1., 0., 0., 0.], dtype=float32), 'auc': array([0.5186193 , 0.677028  , 0.63247055, 0.5409885 , 0.65426874],
      dtype=float32), 'accuracy': array([0., 1., 0., 0., 0.], dtype=float32), 'f1': {'micro': tensor(0.4616), 'macro': tensor(0.1263), 'none': tensor([0.0000, 0.6316, 0.0000, 0.0000, 0.0000])}}
Saving ./data/aug/0.01_0.0_10/checkpoint_0.pt
Training : Epoch [2/50], Loss: 1.3972
Testing : Epoch [2/50], Loss: 1.7381, results: {'mAP': 0.09231928, 'mAR': 0.2, 'mAUC': 0.6529883, 'm_Accuracy': 0.2, 'ap': array([0.       , 0.4615964, 0.       , 0.       , 0.       ],
      dtype=float32), 'ar': array([0., 1., 0., 0., 0.], dtype=float32), 'auc': array([0.6280323 , 0.7982295 , 0.61006814, 0.54155105, 0.6870604 ],
      dtype=float32), 'accuracy': array([0., 1., 0., 0., 0.], dtype=float32), 'f1': {'micro': tensor(0.4616), 'macro': tensor(0.1263), 'none': tensor([0.0000, 0.6316, 0.0000, 0.0000, 0.0000])}}
Training : Epoch [3/50], Loss: 1.3360
Testing : Epoch [3/50], Loss: 1.6683, results: {'mAP': 0.09231928, 'mAR': 0.2, 'mAUC': 0.71440685, 'm_Accuracy': 0.2, 'ap': array([0.       , 0.4615964, 0.       , 0.       , 0.       ],
      dtype=float32), 'ar': array([0., 1., 0., 0., 0.], dtype=float32), 'auc': array([0.67263836, 0.8868342 , 0.6526328 , 0.6463099 , 0.7136193 ],
      dtype=float32), 'accuracy': array([0., 1., 0., 0., 0.], dtype=float32), 'f1': {'micro': tensor(0.4616), 'macro': tensor(0.1263), 'none': tensor([0.0000, 0.6316, 0.0000, 0.0000, 0.0000])}}
Training : Epoch [4/50], Loss: 1.2829
Testing : Epoch [4/50], Loss: 1.5842, results: {'mAP': 0.21630888, 'mAR': 0.20493826, 'mAUC': 0.7716965, 'm_Accuracy': 0.20493826, 'ap': array([0.        , 0.4661597 , 0.        , 0.        , 0.61538464],
      dtype=float32), 'ar': array([0.        , 1.        , 0.        , 0.        , 0.02469136],
      dtype=float32), 'auc': array([0.73533505, 0.91932833, 0.7064541 , 0.6921048 , 0.8052604 ],
      dtype=float32), 'accuracy': array([0.        , 1.        , 0.        , 0.        , 0.02469136],
      dtype=float32), 'f1': {'micro': tensor(0.4676), 'macro': tensor(0.1367), 'none': tensor([0.0000, 0.6359, 0.0000, 0.0000, 0.0475])}}
Training : Epoch [5/50], Loss: 1.0402
Testing : Epoch [5/50], Loss: 1.2753, results: {'mAP': 0.2587448, 'mAR': 0.36198518, 'mAUC': 0.77656794, 'm_Accuracy': 0.36198518, 'ap': array([0.        , 0.86677366, 0.        , 0.        , 0.42695037],
      dtype=float32), 'ar': array([0.        , 0.88091356, 0.        , 0.        , 0.92901236],
      dtype=float32), 'auc': array([0.7290792 , 0.9354156 , 0.6787751 , 0.72207433, 0.81749547],
      dtype=float32), 'accuracy': array([0.        , 0.88091356, 0.        , 0.        , 0.92901236],
      dtype=float32), 'f1': {'micro': tensor(0.6333), 'macro': tensor(0.2918), 'none': tensor([0.0000, 0.8738, 0.0000, 0.0000, 0.5850])}}
Training : Epoch [6/50], Loss: 0.8973
Testing : Epoch [6/50], Loss: 1.1158, results: {'mAP': 0.36536938, 'mAR': 0.37959853, 'mAUC': 0.79278135, 'm_Accuracy': 0.37959853, 'ap': array([0.4642857 , 0.932409  , 0.        , 0.        , 0.43015215],
      dtype=float32), 'ar': array([0.06046512, 0.8776509 , 0.        , 0.        , 0.95987654],
      dtype=float32), 'auc': array([0.7884327 , 0.9466683 , 0.6552618 , 0.72766197, 0.8458819 ],
      dtype=float32), 'accuracy': array([0.06046512, 0.8776509 , 0.        , 0.        , 0.95987654],
      dtype=float32), 'f1': {'micro': tensor(0.6491), 'macro': tensor(0.3211), 'none': tensor([0.1070, 0.9042, 0.0000, 0.0000, 0.5941])}}
Training : Epoch [7/50], Loss: 0.8585
Testing : Epoch [7/50], Loss: 1.0710, results: {'mAP': 0.3987787, 'mAR': 0.42111078, 'mAUC': 0.8191908, 'm_Accuracy': 0.42111078, 'ap': array([0.57575756, 0.94532627, 0.        , 0.        , 0.47280967],
      dtype=float32), 'ar': array([0.26511627, 0.8743883 , 0.        , 0.        , 0.9660494 ],
      dtype=float32), 'auc': array([0.84524125, 0.95078427, 0.6871436 , 0.74591863, 0.8668659 ],
      dtype=float32), 'accuracy': array([0.26511627, 0.8743883 , 0.        , 0.        , 0.9660494 ],
      dtype=float32), 'f1': {'micro': tensor(0.6822), 'macro': tensor(0.3813), 'none': tensor([0.3631, 0.9085, 0.0000, 0.0000, 0.6349])}}
Training : Epoch [8/50], Loss: 0.8217
Testing : Epoch [8/50], Loss: 1.0267, results: {'mAP': 0.40577286, 'mAR': 0.46070853, 'mAUC': 0.8296524, 'm_Accuracy': 0.46070853, 'ap': array([0.53110045, 0.98141265, 0.        , 0.        , 0.5163511 ],
      dtype=float32), 'ar': array([0.51627904, 0.86133766, 0.        , 0.        , 0.9259259 ],
      dtype=float32), 'auc': array([0.8856391, 0.9553725, 0.6736651, 0.7659879, 0.8675975],
      dtype=float32), 'accuracy': array([0.51627904, 0.86133766, 0.        , 0.        , 0.9259259 ],
      dtype=float32), 'f1': {'micro': tensor(0.7071), 'macro': tensor(0.4208), 'none': tensor([0.5236, 0.9175, 0.0000, 0.0000, 0.6630])}}
Training : Epoch [9/50], Loss: 0.7823
Testing : Epoch [9/50], Loss: 0.9766, results: {'mAP': 0.40545064, 'mAR': 0.465998, 'mAUC': 0.8336334, 'm_Accuracy': 0.465998, 'ap': array([0.56542057, 0.89365077, 0.        , 0.        , 0.5681818 ],
      dtype=float32), 'ar': array([0.5627907 , 0.9184339 , 0.        , 0.        , 0.84876543],
      dtype=float32), 'auc': array([0.8754215 , 0.96589285, 0.687662  , 0.75248754, 0.8867032 ],
      dtype=float32), 'accuracy': array([0.5627907 , 0.9184339 , 0.        , 0.        , 0.84876543],
      dtype=float32), 'f1': {'micro': tensor(0.7221), 'macro': tensor(0.4301), 'none': tensor([0.5641, 0.9059, 0.0000, 0.0000, 0.6807])}}
Training : Epoch [10/50], Loss: 0.7486
Testing : Epoch [10/50], Loss: 0.9381, results: {'mAP': 0.41042098, 'mAR': 0.47666302, 'mAUC': 0.8378612, 'm_Accuracy': 0.47666302, 'ap': array([0.5508475 , 0.93097645, 0.        , 0.        , 0.57028115],
      dtype=float32), 'ar': array([0.60465115, 0.9021207 , 0.        , 0.        , 0.8765432 ],
      dtype=float32), 'auc': array([0.89129317, 0.9646334 , 0.6883655 , 0.75874394, 0.88626975],
      dtype=float32), 'accuracy': array([0.60465115, 0.9021207 , 0.        , 0.        , 0.8765432 ],
      dtype=float32), 'f1': {'micro': tensor(0.7282), 'macro': tensor(0.4368), 'none': tensor([0.5765, 0.9163, 0.0000, 0.0000, 0.6910])}}
Training : Epoch [11/50], Loss: 0.7682
Testing : Epoch [11/50], Loss: 1.0026, results: {'mAP': 0.37365848, 'mAR': 0.42099714, 'mAUC': 0.7942157, 'm_Accuracy': 0.42099714, 'ap': array([0.5139665 , 0.8625828 , 0.        , 0.        , 0.49174312],
      dtype=float32), 'ar': array([0.427907 , 0.8499184, 0.       , 0.       , 0.8271605],
      dtype=float32), 'auc': array([0.8139953 , 0.92565507, 0.69534546, 0.70032376, 0.8357588 ],
      dtype=float32), 'accuracy': array([0.427907 , 0.8499184, 0.       , 0.       , 0.8271605],
      dtype=float32), 'f1': {'micro': tensor(0.6634), 'macro': tensor(0.3880), 'none': tensor([0.4670, 0.8562, 0.0000, 0.0000, 0.6168])}}
Saving ./data/aug/0.01_0.0_10/checkpoint_10.pt
Training : Epoch [12/50], Loss: 0.8702
Testing : Epoch [12/50], Loss: 1.0784, results: {'mAP': 0.40303898, 'mAR': 0.46407574, 'mAUC': 0.83360636, 'm_Accuracy': 0.46407574, 'ap': array([0.54112554, 0.94746375, 0.        , 0.        , 0.5266055 ],
      dtype=float32), 'ar': array([0.5813953 , 0.85318106, 0.        , 0.        , 0.88580245],
      dtype=float32), 'auc': array([0.861723  , 0.9496823 , 0.74659336, 0.7383872 , 0.8716461 ],
      dtype=float32), 'accuracy': array([0.5813953 , 0.85318106, 0.        , 0.        , 0.88580245],
      dtype=float32), 'f1': {'micro': tensor(0.7041), 'macro': tensor(0.4238), 'none': tensor([0.5605, 0.8979, 0.0000, 0.0000, 0.6605])}}
Training : Epoch [13/50], Loss: 0.8166
Testing : Epoch [13/50], Loss: 1.0209, results: {'mAP': 0.41931552, 'mAR': 0.43932647, 'mAUC': 0.83516484, 'm_Accuracy': 0.43932647, 'ap': array([0.6904762, 0.931338 , 0.       , 0.       , 0.4747634],
      dtype=float32), 'ar': array([0.40465117, 0.862969  , 0.        , 0.        , 0.92901236],
      dtype=float32), 'auc': array([0.87401325, 0.95712936, 0.7371325 , 0.7459062 , 0.86164296],
      dtype=float32), 'accuracy': array([0.40465117, 0.862969  , 0.        , 0.        , 0.92901236],
      dtype=float32), 'f1': {'micro': tensor(0.6905), 'macro': tensor(0.4069), 'none': tensor([0.5103, 0.8959, 0.0000, 0.0000, 0.6284])}}
Training : Epoch [14/50], Loss: 0.7815
Testing : Epoch [14/50], Loss: 0.9732, results: {'mAP': 0.41002497, 'mAR': 0.46795997, 'mAUC': 0.84832543, 'm_Accuracy': 0.46795997, 'ap': array([0.5876777 , 0.92294806, 0.        , 0.        , 0.53949904],
      dtype=float32), 'ar': array([0.5767442 , 0.8988581 , 0.        , 0.        , 0.86419755],
      dtype=float32), 'auc': array([0.87512904, 0.9646585 , 0.76253426, 0.7576377 , 0.8816678 ],
      dtype=float32), 'accuracy': array([0.5767442 , 0.8988581 , 0.        , 0.        , 0.86419755],
      dtype=float32), 'f1': {'micro': tensor(0.7191), 'macro': tensor(0.4314), 'none': tensor([0.5822, 0.9107, 0.0000, 0.0000, 0.6643])}}
Training : Epoch [15/50], Loss: 0.7599
Testing : Epoch [15/50], Loss: 0.9509, results: {'mAP': 0.4030992, 'mAR': 0.4695286, 'mAUC': 0.85060513, 'm_Accuracy': 0.4695286, 'ap': array([0.53386456, 0.9290541 , 0.        , 0.        , 0.5525773 ],
      dtype=float32), 'ar': array([0.6232558 , 0.89722675, 0.        , 0.        , 0.8271605 ],
      dtype=float32), 'auc': array([0.88985145, 0.9617199 , 0.7607384 , 0.7572127 , 0.883503  ],
      dtype=float32), 'accuracy': array([0.6232558 , 0.89722675, 0.        , 0.        , 0.8271605 ],
      dtype=float32), 'f1': {'micro': tensor(0.7169), 'macro': tensor(0.4301), 'none': tensor([0.5751, 0.9129, 0.0000, 0.0000, 0.6625])}}
Training : Epoch [16/50], Loss: 0.7378
Testing : Epoch [16/50], Loss: 0.9342, results: {'mAP': 0.5432259, 'mAR': 0.48878127, 'mAUC': 0.8494415, 'm_Accuracy': 0.48878127, 'ap': array([0.50318474, 0.95567375, 0.        , 0.6666667 , 0.590604  ],
      dtype=float32), 'ar': array([0.7348837 , 0.87928224, 0.        , 0.01492537, 0.8148148 ],
      dtype=float32), 'auc': array([0.89226687, 0.961567  , 0.759646  , 0.739831  , 0.89389664],
      dtype=float32), 'accuracy': array([0.7348837 , 0.87928224, 0.        , 0.01492537, 0.8148148 ],
      dtype=float32), 'f1': {'micro': tensor(0.7252), 'macro': tensor(0.4455), 'none': tensor([0.5974, 0.9159, 0.0000, 0.0292, 0.6848])}}
Training : Epoch [17/50], Loss: 0.7164
Testing : Epoch [17/50], Loss: 0.9032, results: {'mAP': 0.516322, 'mAR': 0.49019235, 'mAUC': 0.8569145, 'm_Accuracy': 0.49019235, 'ap': array([0.5735849 , 0.8875    , 0.        , 0.5       , 0.62052506],
      dtype=float32), 'ar': array([0.7069768 , 0.92659056, 0.        , 0.01492537, 0.80246913],
      dtype=float32), 'auc': array([0.89246744, 0.9700339 , 0.7650152 , 0.7572877 , 0.89976823],
      dtype=float32), 'accuracy': array([0.7069768 , 0.92659056, 0.        , 0.01492537, 0.80246913],
      dtype=float32), 'f1': {'micro': tensor(0.7395), 'macro': tensor(0.4538), 'none': tensor([0.6333, 0.9066, 0.0000, 0.0290, 0.6999])}}
Training : Epoch [18/50], Loss: 0.6917
Testing : Epoch [18/50], Loss: 0.8855, results: {'mAP': 0.4821396, 'mAR': 0.48730546, 'mAUC': 0.85209864, 'm_Accuracy': 0.48730546, 'ap': array([0.54850745, 0.97416973, 0.        , 0.33333334, 0.5546875 ],
      dtype=float32), 'ar': array([0.68372095, 0.86133766, 0.        , 0.01492537, 0.8765432 ],
      dtype=float32), 'auc': array([0.8970183 , 0.96923304, 0.73705846, 0.7685192 , 0.8886645 ],
      dtype=float32), 'accuracy': array([0.68372095, 0.86133766, 0.        , 0.01492537, 0.8765432 ],
      dtype=float32), 'f1': {'micro': tensor(0.7236), 'macro': tensor(0.4462), 'none': tensor([0.6087, 0.9143, 0.0000, 0.0286, 0.6794])}}
Training : Epoch [19/50], Loss: 0.6758
Testing : Epoch [19/50], Loss: 0.8591, results: {'mAP': 0.47721186, 'mAR': 0.48593697, 'mAUC': 0.85471475, 'm_Accuracy': 0.48593697, 'ap': array([0.5595238 , 0.8828125 , 0.        , 0.33333334, 0.6103896 ],
      dtype=float32), 'ar': array([0.65581393, 0.9216966 , 0.        , 0.12686567, 0.72530866],
      dtype=float32), 'auc': array([0.88860196, 0.97060657, 0.7389284 , 0.7797695 , 0.8956673 ],
      dtype=float32), 'accuracy': array([0.65581393, 0.9216966 , 0.        , 0.12686567, 0.72530866],
      dtype=float32), 'f1': {'micro': tensor(0.7214), 'macro': tensor(0.4705), 'none': tensor([0.6039, 0.9018, 0.0000, 0.1838, 0.6629])}}
Training : Epoch [20/50], Loss: 0.6621
Testing : Epoch [20/50], Loss: 0.8429, results: {'mAP': 0.51203597, 'mAR': 0.5004567, 'mAUC': 0.86819583, 'm_Accuracy': 0.5004567, 'ap': array([0.5505226 , 0.91639346, 0.        , 0.47619048, 0.6170732 ],
      dtype=float32), 'ar': array([0.7348837 , 0.9119086 , 0.        , 0.07462686, 0.7808642 ],
      dtype=float32), 'auc': array([0.8971729 , 0.9697122 , 0.7873991 , 0.78886974, 0.89782536],
      dtype=float32), 'accuracy': array([0.7348837 , 0.9119086 , 0.        , 0.07462686, 0.7808642 ],
      dtype=float32), 'f1': {'micro': tensor(0.7380), 'macro': tensor(0.4724), 'none': tensor([0.6295, 0.9141, 0.0000, 0.1290, 0.6894])}}
Training : Epoch [21/50], Loss: 0.6478
Testing : Epoch [21/50], Loss: 0.8261, results: {'mAP': 0.5137295, 'mAR': 0.5128429, 'mAUC': 0.8735592, 'm_Accuracy': 0.5128429, 'ap': array([0.55636364, 0.93666667, 0.        , 0.45833334, 0.61728394],
      dtype=float32), 'ar': array([0.7116279 , 0.9168026 , 0.        , 0.1641791 , 0.77160496],
      dtype=float32), 'auc': array([0.89957166, 0.97547084, 0.80334   , 0.7979762 , 0.89143735],
      dtype=float32), 'accuracy': array([0.7116279 , 0.9168026 , 0.        , 0.1641791 , 0.77160496],
      dtype=float32), 'f1': {'micro': tensor(0.7432), 'macro': tensor(0.4957), 'none': tensor([0.6245, 0.9266, 0.0000, 0.2418, 0.6859])}}
Saving ./data/aug/0.01_0.0_10/checkpoint_20.pt
Training : Epoch [22/50], Loss: 0.6262
Testing : Epoch [22/50], Loss: 0.8119, results: {'mAP': 0.50188774, 'mAR': 0.51354444, 'mAUC': 0.8680949, 'm_Accuracy': 0.51354444, 'ap': array([0.5567766, 0.9219269, 0.       , 0.4054054, 0.6253298],
      dtype=float32), 'ar': array([0.7069768 , 0.90538335, 0.        , 0.2238806 , 0.7314815 ],
      dtype=float32), 'auc': array([0.8956184 , 0.96977603, 0.78754723, 0.79293233, 0.89460063],
      dtype=float32), 'accuracy': array([0.7069768 , 0.90538335, 0.        , 0.2238806 , 0.7314815 ],
      dtype=float32), 'f1': {'micro': tensor(0.7334), 'macro': tensor(0.4998), 'none': tensor([0.6230, 0.9136, 0.0000, 0.2885, 0.6743])}}
Training : Epoch [23/50], Loss: 0.6212
Testing : Epoch [23/50], Loss: 0.7984, results: {'mAP': 0.5253757, 'mAR': 0.51375735, 'mAUC': 0.8782922, 'm_Accuracy': 0.51375735, 'ap': array([0.6106195 , 0.9410775 , 0.        , 0.49056605, 0.5846154 ],
      dtype=float32), 'ar': array([0.6418605 , 0.9119086 , 0.        , 0.19402985, 0.82098764],
      dtype=float32), 'auc': array([0.9057649, 0.9735977, 0.8008961, 0.8060389, 0.9051633],
      dtype=float32), 'accuracy': array([0.6418605 , 0.9119086 , 0.        , 0.19402985, 0.82098764],
      dtype=float32), 'f1': {'micro': tensor(0.7447), 'macro': tensor(0.5026), 'none': tensor([0.6259, 0.9263, 0.0000, 0.2781, 0.6829])}}
Training : Epoch [24/50], Loss: 0.6081
Testing : Epoch [24/50], Loss: 0.7900, results: {'mAP': 0.5003375, 'mAR': 0.50595707, 'mAUC': 0.87578756, 'm_Accuracy': 0.50595707, 'ap': array([0.58995813, 0.9614035 , 0.        , 0.36734694, 0.5829787 ],
      dtype=float32), 'ar': array([0.65581393, 0.8939641 , 0.        , 0.13432837, 0.845679  ],
      dtype=float32), 'auc': array([0.9052174 , 0.97243637, 0.8047471 , 0.79742616, 0.8991104 ],
      dtype=float32), 'accuracy': array([0.65581393, 0.8939641 , 0.        , 0.13432837, 0.845679  ],
      dtype=float32), 'f1': {'micro': tensor(0.7387), 'macro': tensor(0.4869), 'none': tensor([0.6211, 0.9265, 0.0000, 0.1967, 0.6902])}}
Training : Epoch [25/50], Loss: 0.5782
Testing : Epoch [25/50], Loss: 0.7528, results: {'mAP': 0.61581117, 'mAR': 0.53146994, 'mAUC': 0.8819771, 'm_Accuracy': 0.53146994, 'ap': array([0.6036036 , 0.9062003 , 0.5       , 0.42105263, 0.64819944],
      dtype=float32), 'ar': array([0.6232558 , 0.9298532 , 0.02380952, 0.35820895, 0.7222222 ],
      dtype=float32), 'auc': array([0.8912681 , 0.9768284 , 0.8260942 , 0.80798894, 0.9077056 ],
      dtype=float32), 'accuracy': array([0.6232558 , 0.9298532 , 0.02380952, 0.35820895, 0.7222222 ],
      dtype=float32), 'f1': {'micro': tensor(0.7432), 'macro': tensor(0.5294), 'none': tensor([0.6133, 0.9179, 0.0455, 0.3871, 0.6832])}}
Training : Epoch [26/50], Loss: 0.5699
Testing : Epoch [26/50], Loss: 0.7509, results: {'mAP': 0.5245071, 'mAR': 0.5273134, 'mAUC': 0.88673383, 'm_Accuracy': 0.5273134, 'ap': array([0.5313531 , 0.914791  , 0.        , 0.50666666, 0.66972476],
      dtype=float32), 'ar': array([0.74883723, 0.9282219 , 0.        , 0.2835821 , 0.6759259 ],
      dtype=float32), 'auc': array([0.8963413 , 0.97538644, 0.84338665, 0.82278305, 0.89577186],
      dtype=float32), 'accuracy': array([0.74883723, 0.9282219 , 0.        , 0.2835821 , 0.6759259 ],
      dtype=float32), 'f1': {'micro': tensor(0.7432), 'macro': tensor(0.5159), 'none': tensor([0.6216, 0.9215, 0.0000, 0.3636, 0.6728])}}
Training : Epoch [27/50], Loss: 0.5689
Testing : Epoch [27/50], Loss: 0.7385, results: {'mAP': 0.5372657, 'mAR': 0.53188163, 'mAUC': 0.8932357, 'm_Accuracy': 0.53188163, 'ap': array([0.6156863 , 0.9524618 , 0.        , 0.51724136, 0.600939  ],
      dtype=float32), 'ar': array([0.73023254, 0.91517127, 0.        , 0.2238806 , 0.79012346],
      dtype=float32), 'auc': array([0.91399735, 0.9766048 , 0.84455305, 0.8274957 , 0.90352786],
      dtype=float32), 'accuracy': array([0.73023254, 0.91517127, 0.        , 0.2238806 , 0.79012346],
      dtype=float32), 'f1': {'micro': tensor(0.7560), 'macro': tensor(0.5193), 'none': tensor([0.6681, 0.9334, 0.0000, 0.3125, 0.6827])}}
Training : Epoch [28/50], Loss: 0.5571
Testing : Epoch [28/50], Loss: 0.7290, results: {'mAP': 0.7294822, 'mAR': 0.53909904, 'mAUC': 0.8850099, 'm_Accuracy': 0.53909904, 'ap': array([0.6163793 , 0.92635024, 1.        , 0.47777778, 0.62690353],
      dtype=float32), 'ar': array([0.66511625, 0.9233279 , 0.02380952, 0.32089552, 0.7623457 ],
      dtype=float32), 'auc': array([0.9085313, 0.976258 , 0.8250204, 0.8115703, 0.9036693],
      dtype=float32), 'accuracy': array([0.66511625, 0.9233279 , 0.02380952, 0.32089552, 0.7623457 ],
      dtype=float32), 'f1': {'micro': tensor(0.7530), 'macro': tensor(0.5366), 'none': tensor([0.6398, 0.9248, 0.0465, 0.3839, 0.6880])}}
Training : Epoch [29/50], Loss: 0.5377
Testing : Epoch [29/50], Loss: 0.7114, results: {'mAP': 0.53056943, 'mAR': 0.5354781, 'mAUC': 0.88902426, 'm_Accuracy': 0.5354781, 'ap': array([0.5741445 , 0.95883363, 0.        , 0.49333334, 0.62653565],
      dtype=float32), 'ar': array([0.7023256, 0.9119086, 0.       , 0.2761194, 0.787037 ],
      dtype=float32), 'auc': array([0.90836835, 0.97678274, 0.83494407, 0.820333  , 0.90469295],
      dtype=float32), 'accuracy': array([0.7023256, 0.9119086, 0.       , 0.2761194, 0.787037 ],
      dtype=float32), 'f1': {'micro': tensor(0.7545), 'macro': tensor(0.5237), 'none': tensor([0.6318, 0.9348, 0.0000, 0.3541, 0.6977])}}
Training : Epoch [30/50], Loss: 0.5374
Testing : Epoch [30/50], Loss: 0.7119, results: {'mAP': 0.6246483, 'mAR': 0.55474746, 'mAUC': 0.8938573, 'm_Accuracy': 0.55474746, 'ap': array([0.61603373, 0.93234324, 0.5       , 0.39375   , 0.68111455],
      dtype=float32), 'ar': array([0.67906976, 0.9216966 , 0.02380952, 0.47014925, 0.67901236],
      dtype=float32), 'auc': array([0.8960279 , 0.97496665, 0.85136634, 0.83501464, 0.911911  ],
      dtype=float32), 'accuracy': array([0.67906976, 0.9216966 , 0.02380952, 0.47014925, 0.67901236],
      dtype=float32), 'f1': {'micro': tensor(0.7492), 'macro': tensor(0.5454), 'none': tensor([0.6460, 0.9270, 0.0455, 0.4286, 0.6801])}}
Training : Epoch [31/50], Loss: 0.5205
Testing : Epoch [31/50], Loss: 0.6907, results: {'mAP': 0.56979376, 'mAR': 0.5516907, 'mAUC': 0.88995725, 'm_Accuracy': 0.5516907, 'ap': array([0.5779468 , 0.9480737 , 0.125     , 0.53571427, 0.66223407],
      dtype=float32), 'ar': array([0.7069768 , 0.9233279 , 0.02380952, 0.33582088, 0.7685185 ],
      dtype=float32), 'auc': array([0.89910364, 0.9771547 , 0.8339628 , 0.83306456, 0.9065005 ],
      dtype=float32), 'accuracy': array([0.7069768 , 0.9233279 , 0.02380952, 0.33582088, 0.7685185 ],
      dtype=float32), 'f1': {'micro': tensor(0.7628), 'macro': tensor(0.5472), 'none': tensor([0.6360, 0.9355, 0.0400, 0.4128, 0.7114])}}
Saving ./data/aug/0.01_0.0_10/checkpoint_30.pt
Training : Epoch [32/50], Loss: 0.5020
Testing : Epoch [32/50], Loss: 0.6766, results: {'mAP': 0.6176749, 'mAR': 0.56053174, 'mAUC': 0.89586145, 'm_Accuracy': 0.56053174, 'ap': array([0.685446  , 0.9522184 , 0.33333334, 0.5058824 , 0.61149424],
      dtype=float32), 'ar': array([0.67906976, 0.9102773 , 0.07142857, 0.32089552, 0.82098764],
      dtype=float32), 'auc': array([0.9135962 , 0.9770246 , 0.8691587 , 0.81532663, 0.9042011 ],
      dtype=float32), 'accuracy': array([0.67906976, 0.9102773 , 0.07142857, 0.32089552, 0.82098764],
      dtype=float32), 'f1': {'micro': tensor(0.7651), 'macro': tensor(0.5649), 'none': tensor([0.6822, 0.9308, 0.1176, 0.3927, 0.7009])}}
Training : Epoch [33/50], Loss: 0.4943
Testing : Epoch [33/50], Loss: 0.6621, results: {'mAP': 0.63058555, 'mAR': 0.54842514, 'mAUC': 0.8924986, 'm_Accuracy': 0.54842514, 'ap': array([0.5567376 , 0.93495935, 0.5       , 0.46938777, 0.6918429 ],
      dtype=float32), 'ar': array([0.73023254, 0.9380098 , 0.02380952, 0.3432836 , 0.70679015],
      dtype=float32), 'auc': array([0.91632086, 0.97957766, 0.82666814, 0.83560216, 0.90432405],
      dtype=float32), 'accuracy': array([0.73023254, 0.9380098 , 0.02380952, 0.3432836 , 0.70679015],
      dtype=float32), 'f1': {'micro': tensor(0.7590), 'macro': tensor(0.5419), 'none': tensor([0.6318, 0.9365, 0.0455, 0.3966, 0.6992])}}
Training : Epoch [34/50], Loss: 0.4877
Testing : Epoch [34/50], Loss: 0.6556, results: {'mAP': 0.6394766, 'mAR': 0.56029046, 'mAUC': 0.89620334, 'm_Accuracy': 0.56029046, 'ap': array([0.6102362 , 0.9375    , 0.4       , 0.60273975, 0.6469072 ],
      dtype=float32), 'ar': array([0.7209302 , 0.9298532 , 0.04761905, 0.3283582 , 0.77469134],
      dtype=float32), 'auc': array([0.90895337, 0.9761439 , 0.83498114, 0.8539026 , 0.9070354 ],
      dtype=float32), 'accuracy': array([0.7209302 , 0.9298532 , 0.04761905, 0.3283582 , 0.77469134],
      dtype=float32), 'f1': {'micro': tensor(0.7696), 'macro': tensor(0.5620), 'none': tensor([0.6610, 0.9337, 0.0851, 0.4251, 0.7051])}}
Training : Epoch [35/50], Loss: 0.4777
Testing : Epoch [35/50], Loss: 0.6479, results: {'mAP': 0.62211144, 'mAR': 0.5592557, 'mAUC': 0.89084995, 'm_Accuracy': 0.5592557, 'ap': array([0.6543779 , 0.91627175, 0.33333334, 0.5416667 , 0.66490763],
      dtype=float32), 'ar': array([0.6604651 , 0.9461664 , 0.02380952, 0.3880597 , 0.7777778 ],
      dtype=float32), 'auc': array([0.90430224, 0.9776429 , 0.8354625 , 0.82613313, 0.910709  ],
      dtype=float32), 'accuracy': array([0.6604651 , 0.9461664 , 0.02380952, 0.3880597 , 0.7777778 ],
      dtype=float32), 'f1': {'micro': tensor(0.7733), 'macro': tensor(0.5604), 'none': tensor([0.6574, 0.9310, 0.0444, 0.4522, 0.7169])}}
Training : Epoch [36/50], Loss: 0.4666
Testing : Epoch [36/50], Loss: 0.6407, results: {'mAP': 0.7287913, 'mAR': 0.566212, 'mAUC': 0.8980425, 'm_Accuracy': 0.566212, 'ap': array([0.5559441 , 0.95      , 1.        , 0.453125  , 0.68488747],
      dtype=float32), 'ar': array([0.73953485, 0.9298532 , 0.07142857, 0.43283582, 0.6574074 ],
      dtype=float32), 'auc': array([0.91032827, 0.9805519 , 0.8570133 , 0.83983976, 0.9024796 ],
      dtype=float32), 'accuracy': array([0.73953485, 0.9298532 , 0.07142857, 0.43283582, 0.6574074 ],
      dtype=float32), 'f1': {'micro': tensor(0.7553), 'macro': tensor(0.5643), 'none': tensor([0.6347, 0.9398, 0.1333, 0.4427, 0.6709])}}
Training : Epoch [37/50], Loss: 0.4618
Testing : Epoch [37/50], Loss: 0.6337, results: {'mAP': 0.6505971, 'mAR': 0.57251376, 'mAUC': 0.8949558, 'm_Accuracy': 0.57251376, 'ap': array([0.60082304, 0.92382497, 0.54545456, 0.5208333 , 0.6620499 ],
      dtype=float32), 'ar': array([0.67906976, 0.9298532 , 0.14285715, 0.37313432, 0.7376543 ],
      dtype=float32), 'auc': array([0.9038718 , 0.9762603 , 0.84066504, 0.850565  , 0.90341717],
      dtype=float32), 'accuracy': array([0.67906976, 0.9298532 , 0.14285715, 0.37313432, 0.7376543 ],
      dtype=float32), 'f1': {'micro': tensor(0.7613), 'macro': tensor(0.5847), 'none': tensor([0.6376, 0.9268, 0.2264, 0.4348, 0.6978])}}
Training : Epoch [38/50], Loss: 0.4599
Testing : Epoch [38/50], Loss: 0.6273, results: {'mAP': 0.53941685, 'mAR': 0.5458627, 'mAUC': 0.8926512, 'm_Accuracy': 0.5458627, 'ap': array([0.58299595, 0.92101103, 0.        , 0.51960784, 0.67346936],
      dtype=float32), 'ar': array([0.66976744, 0.95106035, 0.        , 0.3955224 , 0.712963  ],
      dtype=float32), 'auc': array([0.90716064, 0.98085535, 0.83118564, 0.8380209 , 0.9060333 ],
      dtype=float32), 'accuracy': array([0.66976744, 0.95106035, 0.        , 0.3955224 , 0.712963  ],
      dtype=float32), 'f1': {'micro': tensor(0.7613), 'macro': tensor(0.5402), 'none': tensor([0.6234, 0.9358, 0.0000, 0.4492, 0.6927])}}
Training : Epoch [39/50], Loss: 0.4539
Testing : Epoch [39/50], Loss: 0.6265, results: {'mAP': 0.62132376, 'mAR': 0.5647354, 'mAUC': 0.89453393, 'm_Accuracy': 0.5647354, 'ap': array([0.6015936 , 0.91719747, 0.375     , 0.53061223, 0.68221575],
      dtype=float32), 'ar': array([0.7023256 , 0.9396411 , 0.07142857, 0.3880597 , 0.7222222 ],
      dtype=float32), 'auc': array([0.8993669 , 0.97660935, 0.8370547 , 0.8526276 , 0.90701085],
      dtype=float32), 'accuracy': array([0.7023256 , 0.9396411 , 0.07142857, 0.3880597 , 0.7222222 ],
      dtype=float32), 'f1': {'micro': tensor(0.7651), 'macro': tensor(0.5693), 'none': tensor([0.6481, 0.9283, 0.1200, 0.4483, 0.7016])}}
Training : Epoch [40/50], Loss: 0.4382
Testing : Epoch [40/50], Loss: 0.6086, results: {'mAP': 0.58462274, 'mAR': 0.5646831, 'mAUC': 0.8951863, 'm_Accuracy': 0.5646831, 'ap': array([0.6090535 , 0.95166665, 0.2       , 0.4957265 , 0.6666667 ],
      dtype=float32), 'ar': array([0.6883721 , 0.9314845 , 0.02380952, 0.43283582, 0.74691355],
      dtype=float32), 'auc': array([0.90635824, 0.9808257 , 0.84236836, 0.84111476, 0.90526474],
      dtype=float32), 'accuracy': array([0.6883721 , 0.9314845 , 0.02380952, 0.43283582, 0.74691355],
      dtype=float32), 'f1': {'micro': tensor(0.7681), 'macro': tensor(0.5594), 'none': tensor([0.6463, 0.9415, 0.0426, 0.4622, 0.7045])}}
Training : Epoch [41/50], Loss: 0.4425
Testing : Epoch [41/50], Loss: 0.6148, results: {'mAP': 0.5684911, 'mAR': 0.5577191, 'mAUC': 0.8893259, 'm_Accuracy': 0.5577191, 'ap': array([0.62608695, 0.9299674 , 0.125     , 0.49107143, 0.6703297 ],
      dtype=float32), 'ar': array([0.66976744, 0.9314845 , 0.02380952, 0.41044775, 0.75308645],
      dtype=float32), 'auc': array([0.89508766, 0.97811747, 0.8115789 , 0.85336506, 0.9084803 ],
      dtype=float32), 'accuracy': array([0.66976744, 0.9314845 , 0.02380952, 0.41044775, 0.75308645],
      dtype=float32), 'f1': {'micro': tensor(0.7643), 'macro': tensor(0.5549), 'none': tensor([0.6472, 0.9307, 0.0400, 0.4472, 0.7093])}}
Saving ./data/aug/0.01_0.0_10/checkpoint_40.pt
Training : Epoch [42/50], Loss: 0.4406
Testing : Epoch [42/50], Loss: 0.6059, results: {'mAP': 0.6456264, 'mAR': 0.5764681, 'mAUC': 0.898647, 'm_Accuracy': 0.5764681, 'ap': array([0.62096775, 0.9435216 , 0.5       , 0.49056605, 0.6730769 ],
      dtype=float32), 'ar': array([0.7162791 , 0.92659056, 0.0952381 , 0.3880597 , 0.75617284],
      dtype=float32), 'auc': array([0.9142272 , 0.97981954, 0.8434422 , 0.8428148 , 0.9129316 ],
      dtype=float32), 'accuracy': array([0.7162791 , 0.92659056, 0.0952381 , 0.3880597 , 0.75617284],
      dtype=float32), 'f1': {'micro': tensor(0.7703), 'macro': tensor(0.5811), 'none': tensor([0.6652, 0.9350, 0.1600, 0.4333, 0.7122])}}
Training : Epoch [43/50], Loss: 0.4412
Testing : Epoch [43/50], Loss: 0.6112, results: {'mAP': 0.59271014, 'mAR': 0.57086194, 'mAUC': 0.89663374, 'm_Accuracy': 0.57086194, 'ap': array([0.64529914, 0.93075687, 0.16666667, 0.52577317, 0.69505495],
      dtype=float32), 'ar': array([0.7023256 , 0.94290376, 0.04761905, 0.38059703, 0.7808642 ],
      dtype=float32), 'auc': array([0.9039972 , 0.97893655, 0.8447567 , 0.84313357, 0.91234446],
      dtype=float32), 'accuracy': array([0.7023256 , 0.94290376, 0.04761905, 0.38059703, 0.7808642 ],
      dtype=float32), 'f1': {'micro': tensor(0.7794), 'macro': tensor(0.5721), 'none': tensor([0.6726, 0.9368, 0.0741, 0.4416, 0.7355])}}
Training : Epoch [44/50], Loss: 0.4333
Testing : Epoch [44/50], Loss: 0.5977, results: {'mAP': 0.62036467, 'mAR': 0.5729793, 'mAUC': 0.9004078, 'm_Accuracy': 0.5729793, 'ap': array([0.6457399 , 0.9490132 , 0.33333334, 0.50442475, 0.6693122 ],
      dtype=float32), 'ar': array([0.66976744, 0.94127244, 0.04761905, 0.42537314, 0.7808642 ],
      dtype=float32), 'auc': array([0.9135502 , 0.9808531 , 0.84284973, 0.8491212 , 0.9156645 ],
      dtype=float32), 'accuracy': array([0.66976744, 0.94127244, 0.04761905, 0.42537314, 0.7808642 ],
      dtype=float32), 'f1': {'micro': tensor(0.7779), 'macro': tensor(0.5737), 'none': tensor([0.6575, 0.9451, 0.0833, 0.4615, 0.7208])}}
Training : Epoch [45/50], Loss: 0.4265
