Train size = 5308, Test size = 1328
Classes : ['affected', 'destroyed', 'major', 'minor', 'no_damage']
Training : Epoch [1/50], Loss: 1.5165
Testing : Epoch [1/50], Loss: 1.8777, results: {'mAP': 0.09231928, 'mAR': 0.2, 'mAUC': 0.4962233, 'm_Accuracy': 0.2, 'ap': array([0.       , 0.4615964, 0.       , 0.       , 0.       ],
      dtype=float32), 'ar': array([0., 1., 0., 0., 0.], dtype=float32), 'auc': array([0.49660462, 0.51551807, 0.50316596, 0.5338321 , 0.43199578],
      dtype=float32), 'accuracy': array([0., 1., 0., 0., 0.], dtype=float32), 'f1': {'micro': tensor(0.4616), 'macro': tensor(0.1263), 'none': tensor([0.0000, 0.6316, 0.0000, 0.0000, 0.0000])}}
Saving ./data/aug/0.01_0.0_1/checkpoint_0.pt
Training : Epoch [2/50], Loss: 1.3711
Testing : Epoch [2/50], Loss: 1.7099, results: {'mAP': 0.09231928, 'mAR': 0.2, 'mAUC': 0.5574674, 'm_Accuracy': 0.2, 'ap': array([0.       , 0.4615964, 0.       , 0.       , 0.       ],
      dtype=float32), 'ar': array([0., 1., 0., 0., 0.], dtype=float32), 'auc': array([0.5342778 , 0.72130185, 0.5237169 , 0.53818846, 0.46985206],
      dtype=float32), 'accuracy': array([0., 1., 0., 0., 0.], dtype=float32), 'f1': {'micro': tensor(0.4616), 'macro': tensor(0.1263), 'none': tensor([0.0000, 0.6316, 0.0000, 0.0000, 0.0000])}}
Training : Epoch [3/50], Loss: 1.3277
Testing : Epoch [3/50], Loss: 1.6583, results: {'mAP': 0.09231928, 'mAR': 0.2, 'mAUC': 0.65959066, 'm_Accuracy': 0.2, 'ap': array([0.       , 0.4615964, 0.       , 0.       , 0.       ],
      dtype=float32), 'ar': array([0., 1., 0., 0., 0.], dtype=float32), 'auc': array([0.5943125 , 0.87570703, 0.63409984, 0.5926586 , 0.60117555],
      dtype=float32), 'accuracy': array([0., 1., 0., 0., 0.], dtype=float32), 'f1': {'micro': tensor(0.4616), 'macro': tensor(0.1263), 'none': tensor([0.0000, 0.6316, 0.0000, 0.0000, 0.0000])}}
Training : Epoch [4/50], Loss: 1.2132
Testing : Epoch [4/50], Loss: 1.4770, results: {'mAP': 0.24167666, 'mAR': 0.34643826, 'mAUC': 0.76487666, 'm_Accuracy': 0.34643826, 'ap': array([0.        , 0.76210237, 0.        , 0.        , 0.446281  ],
      dtype=float32), 'ar': array([0.       , 0.8988581, 0.       , 0.       , 0.8333333],
      dtype=float32), 'auc': array([0.7271485 , 0.9276401 , 0.6783863 , 0.67989826, 0.8113103 ],
      dtype=float32), 'accuracy': array([0.       , 0.8988581, 0.       , 0.       , 0.8333333],
      dtype=float32), 'f1': {'micro': tensor(0.6182), 'macro': tensor(0.2812), 'none': tensor([0.0000, 0.8249, 0.0000, 0.0000, 0.5813])}}
Training : Epoch [5/50], Loss: 0.9541
Testing : Epoch [5/50], Loss: 1.1791, results: {'mAP': 0.4303329, 'mAR': 0.3890861, 'mAUC': 0.80663836, 'm_Accuracy': 0.3890861, 'ap': array([0.79310346, 0.92347825, 0.        , 0.        , 0.43508288],
      dtype=float32), 'ar': array([0.10697675, 0.8662316 , 0.        , 0.        , 0.9722222 ],
      dtype=float32), 'auc': array([0.81539106, 0.9420208 , 0.72141373, 0.7066427 , 0.8477233 ],
      dtype=float32), 'accuracy': array([0.10697675, 0.8662316 , 0.        , 0.        , 0.9722222 ],
      dtype=float32), 'f1': {'micro': tensor(0.6544), 'macro': tensor(0.3367), 'none': tensor([0.1885, 0.8939, 0.0000, 0.0000, 0.6011])}}
Training : Epoch [6/50], Loss: 0.8717
Testing : Epoch [6/50], Loss: 1.0848, results: {'mAP': 0.41639748, 'mAR': 0.4329958, 'mAUC': 0.81120634, 'm_Accuracy': 0.4329958, 'ap': array([0.6875    , 0.91525424, 0.        , 0.        , 0.47923324],
      dtype=float32), 'ar': array([0.35813954, 0.88091356, 0.        , 0.        , 0.9259259 ],
      dtype=float32), 'auc': array([0.8449612 , 0.9497074 , 0.67594236, 0.7328496 , 0.8525712 ],
      dtype=float32), 'accuracy': array([0.35813954, 0.88091356, 0.        , 0.        , 0.9259259 ],
      dtype=float32), 'f1': {'micro': tensor(0.6905), 'macro': tensor(0.4001), 'none': tensor([0.4709, 0.8978, 0.0000, 0.0000, 0.6316])}}
Training : Epoch [7/50], Loss: 0.8246
Testing : Epoch [7/50], Loss: 1.0279, results: {'mAP': 0.4087824, 'mAR': 0.4619956, 'mAUC': 0.83811533, 'm_Accuracy': 0.4619956, 'ap': array([0.5637255 , 0.96892136, 0.        , 0.        , 0.51126516],
      dtype=float32), 'ar': array([0.53488374, 0.8646003 , 0.        , 0.        , 0.91049385],
      dtype=float32), 'auc': array([0.8608245 , 0.95684415, 0.7608124 , 0.74513113, 0.8669642 ],
      dtype=float32), 'accuracy': array([0.53488374, 0.8646003 , 0.        , 0.        , 0.91049385],
      dtype=float32), 'f1': {'micro': tensor(0.7078), 'macro': tensor(0.4235), 'none': tensor([0.5489, 0.9138, 0.0000, 0.0000, 0.6548])}}
Training : Epoch [8/50], Loss: 0.7806
Testing : Epoch [8/50], Loss: 0.9724, results: {'mAP': 0.41172314, 'mAR': 0.47229815, 'mAUC': 0.84781724, 'm_Accuracy': 0.47229815, 'ap': array([0.57399106, 0.9483649 , 0.        , 0.        , 0.53625953],
      dtype=float32), 'ar': array([0.59534883, 0.8988581 , 0.        , 0.        , 0.86728394],
      dtype=float32), 'auc': array([0.874264  , 0.9679531 , 0.76060873, 0.7665754 , 0.8696848 ],
      dtype=float32), 'accuracy': array([0.59534883, 0.8988581 , 0.        , 0.        , 0.86728394],
      dtype=float32), 'f1': {'micro': tensor(0.7229), 'macro': tensor(0.4340), 'none': tensor([0.5845, 0.9229, 0.0000, 0.0000, 0.6627])}}
Training : Epoch [9/50], Loss: 0.7423
Testing : Epoch [9/50], Loss: 0.9275, results: {'mAP': 0.41734904, 'mAR': 0.47635946, 'mAUC': 0.8612177, 'm_Accuracy': 0.47635946, 'ap': array([0.5829384 , 0.96020764, 0.        , 0.        , 0.54359925],
      dtype=float32), 'ar': array([0.572093  , 0.90538335, 0.        , 0.        , 0.904321  ],
      dtype=float32), 'auc': array([0.8775361 , 0.9734745 , 0.79797083, 0.77325684, 0.8838504 ],
      dtype=float32), 'accuracy': array([0.572093  , 0.90538335, 0.        , 0.        , 0.904321  ],
      dtype=float32), 'f1': {'micro': tensor(0.7312), 'macro': tensor(0.4377), 'none': tensor([0.5775, 0.9320, 0.0000, 0.0000, 0.6790])}}
Training : Epoch [10/50], Loss: 0.7130
Testing : Epoch [10/50], Loss: 0.8962, results: {'mAP': 0.42135367, 'mAR': 0.4766109, 'mAUC': 0.8473579, 'm_Accuracy': 0.4766109, 'ap': array([0.625    , 0.9208401, 0.       , 0.       , 0.5609284],
      dtype=float32), 'ar': array([0.55813956, 0.9298532 , 0.        , 0.        , 0.89506173],
      dtype=float32), 'auc': array([0.8865626 , 0.9724341 , 0.71882176, 0.7748319 , 0.88413936],
      dtype=float32), 'accuracy': array([0.55813956, 0.9298532 , 0.        , 0.        , 0.89506173],
      dtype=float32), 'f1': {'micro': tensor(0.7380), 'macro': tensor(0.4409), 'none': tensor([0.5897, 0.9253, 0.0000, 0.0000, 0.6897])}}
Training : Epoch [11/50], Loss: 0.6790
Testing : Epoch [11/50], Loss: 0.8584, results: {'mAP': 0.41765255, 'mAR': 0.48259765, 'mAUC': 0.8666296, 'm_Accuracy': 0.48259765, 'ap': array([0.5663717 , 0.94262296, 0.        , 0.        , 0.5792683 ],
      dtype=float32), 'ar': array([0.59534883, 0.9380098 , 0.        , 0.        , 0.8796296 ],
      dtype=float32), 'auc': array([0.88850164, 0.97647244, 0.7982115 , 0.77771944, 0.8922427 ],
      dtype=float32), 'accuracy': array([0.59534883, 0.9380098 , 0.        , 0.        , 0.8796296 ],
      dtype=float32), 'f1': {'micro': tensor(0.7440), 'macro': tensor(0.4439), 'none': tensor([0.5805, 0.9403, 0.0000, 0.0000, 0.6985])}}
Saving ./data/aug/0.01_0.0_1/checkpoint_10.pt
Training : Epoch [12/50], Loss: 0.6572
Testing : Epoch [12/50], Loss: 0.8317, results: {'mAP': 0.49272856, 'mAR': 0.4855102, 'mAUC': 0.8758181, 'm_Accuracy': 0.4855102, 'ap': array([0.5328467 , 0.91968507, 0.        , 0.4       , 0.6111111 ],
      dtype=float32), 'ar': array([0.67906976, 0.9526917 , 0.        , 0.01492537, 0.7808642 ],
      dtype=float32), 'auc': array([0.8987066 , 0.9808074 , 0.81381917, 0.7867697 , 0.8989874 ],
      dtype=float32), 'accuracy': array([0.67906976, 0.9526917 , 0.        , 0.01492537, 0.7808642 ],
      dtype=float32), 'f1': {'micro': tensor(0.7417), 'macro': tensor(0.4495), 'none': tensor([0.5971, 0.9359, 0.0000, 0.0288, 0.6856])}}
Training : Epoch [13/50], Loss: 0.6407
Testing : Epoch [13/50], Loss: 0.8174, results: {'mAP': 0.43036208, 'mAR': 0.48506722, 'mAUC': 0.88389504, 'm_Accuracy': 0.48506722, 'ap': array([0.6363636, 0.9721254, 0.       , 0.       , 0.5433213],
      dtype=float32), 'ar': array([0.5860465 , 0.9102773 , 0.        , 0.        , 0.92901236],
      dtype=float32), 'auc': array([0.89915794, 0.97608006, 0.8463675 , 0.7988825 , 0.8989874 ],
      dtype=float32), 'accuracy': array([0.5860465 , 0.9102773 , 0.        , 0.        , 0.92901236],
      dtype=float32), 'f1': {'micro': tensor(0.7417), 'macro': tensor(0.4472), 'none': tensor([0.6102, 0.9402, 0.0000, 0.0000, 0.6856])}}
Training : Epoch [14/50], Loss: 0.6265
Testing : Epoch [14/50], Loss: 0.7949, results: {'mAP': 0.55288243, 'mAR': 0.5147258, 'mAUC': 0.88393295, 'm_Accuracy': 0.5147258, 'ap': array([0.5580524 , 0.94957983, 0.        , 0.64      , 0.61678004],
      dtype=float32), 'ar': array([0.69302326, 0.9216966 , 0.        , 0.11940298, 0.83950615],
      dtype=float32), 'auc': array([0.9000773 , 0.97834337, 0.82868624, 0.800395  , 0.9121631 ],
      dtype=float32), 'accuracy': array([0.69302326, 0.9216966 , 0.        , 0.11940298, 0.83950615],
      dtype=float32), 'f1': {'micro': tensor(0.7545), 'macro': tensor(0.4932), 'none': tensor([0.6183, 0.9354, 0.0000, 0.2013, 0.7111])}}
Training : Epoch [15/50], Loss: 0.5967
Testing : Epoch [15/50], Loss: 0.7674, results: {'mAP': 0.5096496, 'mAR': 0.5218375, 'mAUC': 0.89068395, 'm_Accuracy': 0.5218375, 'ap': array([0.56557375, 0.9201278 , 0.        , 0.41747573, 0.64507043],
      dtype=float32), 'ar': array([0.6418605 , 0.9396411 , 0.        , 0.32089552, 0.70679015],
      dtype=float32), 'auc': array([0.8998015 , 0.9777844 , 0.8556617 , 0.8154579 , 0.90471447],
      dtype=float32), 'accuracy': array([0.6418605 , 0.9396411 , 0.        , 0.32089552, 0.70679015],
      dtype=float32), 'f1': {'micro': tensor(0.7425), 'macro': tensor(0.5137), 'none': tensor([0.6013, 0.9298, 0.0000, 0.3629, 0.6745])}}
Training : Epoch [16/50], Loss: 0.5883
Testing : Epoch [16/50], Loss: 0.7481, results: {'mAP': 0.55634147, 'mAR': 0.52965635, 'mAUC': 0.89792204, 'm_Accuracy': 0.52965635, 'ap': array([0.55985916, 0.96458685, 0.        , 0.60714287, 0.65011823],
      dtype=float32), 'ar': array([0.73953485, 0.93311584, 0.        , 0.12686567, 0.84876543],
      dtype=float32), 'auc': array([0.9147329 , 0.9835499 , 0.85487485, 0.8150579 , 0.92139465],
      dtype=float32), 'accuracy': array([0.73953485, 0.93311584, 0.        , 0.12686567, 0.84876543],
      dtype=float32), 'f1': {'micro': tensor(0.7703), 'macro': tensor(0.5064), 'none': tensor([0.6373, 0.9486, 0.0000, 0.2099, 0.7363])}}
Training : Epoch [17/50], Loss: 0.5609
Testing : Epoch [17/50], Loss: 0.7229, results: {'mAP': 0.5229251, 'mAR': 0.52599823, 'mAUC': 0.89748096, 'm_Accuracy': 0.52599823, 'ap': array([0.5660377 , 0.93203884, 0.        , 0.47945204, 0.63709676],
      dtype=float32), 'ar': array([0.6976744 , 0.9396411 , 0.        , 0.26119402, 0.7314815 ],
      dtype=float32), 'auc': array([0.9104954 , 0.9834472 , 0.85614306, 0.82504565, 0.91227376],
      dtype=float32), 'accuracy': array([0.6976744 , 0.9396411 , 0.        , 0.26119402, 0.7314815 ],
      dtype=float32), 'f1': {'micro': tensor(0.7515), 'macro': tensor(0.5160), 'none': tensor([0.6250, 0.9358, 0.0000, 0.3382, 0.6810])}}
Training : Epoch [18/50], Loss: 0.5445
Testing : Epoch [18/50], Loss: 0.7042, results: {'mAP': 0.5320856, 'mAR': 0.5355718, 'mAUC': 0.90165806, 'm_Accuracy': 0.5355718, 'ap': array([0.6096491 , 0.955     , 0.        , 0.4698795 , 0.62589926],
      dtype=float32), 'ar': array([0.6465116 , 0.93474716, 0.        , 0.29104477, 0.8055556 ],
      dtype=float32), 'auc': array([0.90181994, 0.9846245 , 0.8658446 , 0.8373209 , 0.9186802 ],
      dtype=float32), 'accuracy': array([0.6465116 , 0.93474716, 0.        , 0.29104477, 0.8055556 ],
      dtype=float32), 'f1': {'micro': tensor(0.7620), 'macro': tensor(0.5272), 'none': tensor([0.6275, 0.9448, 0.0000, 0.3594, 0.7045])}}
Training : Epoch [19/50], Loss: 0.5261
Testing : Epoch [19/50], Loss: 0.6815, results: {'mAP': 0.6724447, 'mAR': 0.53679764, 'mAUC': 0.90653336, 'm_Accuracy': 0.53679764, 'ap': array([0.57462686, 0.9631491 , 0.6666667 , 0.52380955, 0.6339713 ],
      dtype=float32), 'ar': array([0.7162791 , 0.9380098 , 0.04761905, 0.1641791 , 0.81790125],
      dtype=float32), 'auc': array([0.9155227 , 0.9846017 , 0.86540025, 0.84639615, 0.920746  ],
      dtype=float32), 'accuracy': array([0.7162791 , 0.9380098 , 0.04761905, 0.1641791 , 0.81790125],
      dtype=float32), 'f1': {'micro': tensor(0.7666), 'macro': tensor(0.5283), 'none': tensor([0.6377, 0.9504, 0.0889, 0.2500, 0.7143])}}
Training : Epoch [20/50], Loss: 0.5145
Testing : Epoch [20/50], Loss: 0.6771, results: {'mAP': 0.53411686, 'mAR': 0.54573405, 'mAUC': 0.900555, 'm_Accuracy': 0.54573405, 'ap': array([0.6122449 , 0.92868465, 0.        , 0.4678899 , 0.6617647 ],
      dtype=float32), 'ar': array([0.6976744 , 0.9559543 , 0.        , 0.38059703, 0.6944444 ],
      dtype=float32), 'auc': array([0.90626633, 0.98378944, 0.8629749 , 0.8340396 , 0.9157045 ],
      dtype=float32), 'accuracy': array([0.6976744 , 0.9559543 , 0.        , 0.38059703, 0.6944444 ],
      dtype=float32), 'f1': {'micro': tensor(0.7620), 'macro': tensor(0.5384), 'none': tensor([0.6522, 0.9421, 0.0000, 0.4198, 0.6777])}}
Training : Epoch [21/50], Loss: 0.4982
Testing : Epoch [21/50], Loss: 0.6644, results: {'mAP': 0.5403718, 'mAR': 0.5515256, 'mAUC': 0.9065561, 'm_Accuracy': 0.5515256, 'ap': array([0.53900707, 0.97227037, 0.        , 0.5319149 , 0.6586667 ],
      dtype=float32), 'ar': array([0.7069768 , 0.91517127, 0.        , 0.37313432, 0.7623457 ],
      dtype=float32), 'auc': array([0.9154057 , 0.9788453 , 0.8708991 , 0.8524213 , 0.91520953],
      dtype=float32), 'accuracy': array([0.7069768 , 0.91517127, 0.        , 0.37313432, 0.7623457 ],
      dtype=float32), 'f1': {'micro': tensor(0.7605), 'macro': tensor(0.5400), 'none': tensor([0.6117, 0.9429, 0.0000, 0.4386, 0.7067])}}
Saving ./data/aug/0.01_0.0_1/checkpoint_20.pt
Training : Epoch [22/50], Loss: 0.4882
Testing : Epoch [22/50], Loss: 0.6489, results: {'mAP': 0.6006618, 'mAR': 0.5510503, 'mAUC': 0.90917337, 'm_Accuracy': 0.5510503, 'ap': array([0.53846157, 0.9400324 , 0.33333334, 0.46391752, 0.7275641 ],
      dtype=float32), 'ar': array([0.74883723, 0.9461664 , 0.02380952, 0.33582088, 0.7006173 ],
      dtype=float32), 'auc': array([0.91715246, 0.9826213 , 0.886877  , 0.8406835 , 0.91853267],
      dtype=float32), 'accuracy': array([0.74883723, 0.9461664 , 0.02380952, 0.33582088, 0.7006173 ],
      dtype=float32), 'f1': {'micro': tensor(0.7636), 'macro': tensor(0.5435), 'none': tensor([0.6265, 0.9431, 0.0444, 0.3896, 0.7138])}}
Training : Epoch [23/50], Loss: 0.4703
Testing : Epoch [23/50], Loss: 0.6232, results: {'mAP': 0.64517224, 'mAR': 0.5572853, 'mAUC': 0.9099366, 'm_Accuracy': 0.5572853, 'ap': array([0.59615386, 0.9662162 , 0.5       , 0.5068493 , 0.6566416 ],
      dtype=float32), 'ar': array([0.7209302 , 0.93311584, 0.04761905, 0.2761194 , 0.80864197],
      dtype=float32), 'auc': array([0.92159885, 0.9842389 , 0.87076944, 0.84736496, 0.92571074],
      dtype=float32), 'accuracy': array([0.7209302 , 0.93311584, 0.04761905, 0.2761194 , 0.80864197],
      dtype=float32), 'f1': {'micro': tensor(0.7741), 'macro': tensor(0.5542), 'none': tensor([0.6526, 0.9494, 0.0870, 0.3575, 0.7248])}}
Training : Epoch [24/50], Loss: 0.4531
Testing : Epoch [24/50], Loss: 0.6192, results: {'mAP': 0.6085081, 'mAR': 0.5619836, 'mAUC': 0.90602934, 'm_Accuracy': 0.5619836, 'ap': array([0.5948276 , 0.91236305, 0.375     , 0.47445256, 0.6858974 ],
      dtype=float32), 'ar': array([0.6418605 , 0.95106035, 0.07142857, 0.48507464, 0.66049385],
      dtype=float32), 'auc': array([0.90096325, 0.98395145, 0.88332224, 0.850515  , 0.91139454],
      dtype=float32), 'accuracy': array([0.6418605 , 0.95106035, 0.07142857, 0.48507464, 0.66049385],
      dtype=float32), 'f1': {'micro': tensor(0.7553), 'macro': tensor(0.5643), 'none': tensor([0.6174, 0.9313, 0.1200, 0.4797, 0.6730])}}
Training : Epoch [25/50], Loss: 0.4386
Testing : Epoch [25/50], Loss: 0.6081, results: {'mAP': 0.62535024, 'mAR': 0.56962186, 'mAUC': 0.9073804, 'm_Accuracy': 0.56962186, 'ap': array([0.5362319 , 0.9490132 , 0.5       , 0.38947368, 0.7520325 ],
      dtype=float32), 'ar': array([0.6883721 , 0.94127244, 0.0952381 , 0.5522388 , 0.57098764],
      dtype=float32), 'auc': array([0.9066717 , 0.9825072 , 0.86586314, 0.86251533, 0.91934425],
      dtype=float32), 'accuracy': array([0.6883721 , 0.94127244, 0.0952381 , 0.5522388 , 0.57098764],
      dtype=float32), 'f1': {'micro': tensor(0.7440), 'macro': tensor(0.5628), 'none': tensor([0.6029, 0.9451, 0.1600, 0.4568, 0.6491])}}
Training : Epoch [26/50], Loss: 0.4295
Testing : Epoch [26/50], Loss: 0.5915, results: {'mAP': 0.6457388, 'mAR': 0.5791768, 'mAUC': 0.90389806, 'm_Accuracy': 0.5791768, 'ap': array([0.52443   , 0.9629005 , 0.44444445, 0.5913978 , 0.70552146],
      dtype=float32), 'ar': array([0.74883723, 0.9314845 , 0.0952381 , 0.41044775, 0.70987654],
      dtype=float32), 'auc': array([0.9102321 , 0.98359555, 0.8448678 , 0.8581027 , 0.92269194],
      dtype=float32), 'accuracy': array([0.74883723, 0.9314845 , 0.0952381 , 0.41044775, 0.70987654],
      dtype=float32), 'f1': {'micro': tensor(0.7688), 'macro': tensor(0.5826), 'none': tensor([0.6169, 0.9469, 0.1569, 0.4846, 0.7077])}}
Training : Epoch [27/50], Loss: 0.4171
Testing : Epoch [27/50], Loss: 0.5773, results: {'mAP': 0.62073654, 'mAR': 0.567938, 'mAUC': 0.90741694, 'm_Accuracy': 0.567938, 'ap': array([0.58778626, 0.9212598 , 0.27272728, 0.6184211 , 0.70348835],
      dtype=float32), 'ar': array([0.7162791 , 0.954323  , 0.07142857, 0.35074627, 0.74691355],
      dtype=float32), 'auc': array([0.91056645, 0.9834381 , 0.8669555 , 0.85317135, 0.92295325],
      dtype=float32), 'accuracy': array([0.7162791 , 0.954323  , 0.07142857, 0.35074627, 0.74691355],
      dtype=float32), 'f1': {'micro': tensor(0.7764), 'macro': tensor(0.5737), 'none': tensor([0.6457, 0.9375, 0.1132, 0.4476, 0.7246])}}
Training : Epoch [28/50], Loss: 0.3983
Testing : Epoch [28/50], Loss: 0.5620, results: {'mAP': 0.65047324, 'mAR': 0.5687758, 'mAUC': 0.9096737, 'm_Accuracy': 0.5687758, 'ap': array([0.5917603 , 0.9326923 , 0.5       , 0.5092593 , 0.71865445],
      dtype=float32), 'ar': array([0.7348837 , 0.94942904, 0.02380952, 0.41044775, 0.72530866],
      dtype=float32), 'auc': array([0.91165715, 0.9828654 , 0.87267643, 0.8639091 , 0.91726   ],
      dtype=float32), 'accuracy': array([0.7348837 , 0.94942904, 0.02380952, 0.41044775, 0.72530866],
      dtype=float32), 'f1': {'micro': tensor(0.7764), 'macro': tensor(0.5637), 'none': tensor([0.6556, 0.9410, 0.0455, 0.4545, 0.7220])}}
Training : Epoch [29/50], Loss: 0.3911
Testing : Epoch [29/50], Loss: 0.5531, results: {'mAP': 0.62939125, 'mAR': 0.56388825, 'mAUC': 0.91302776, 'm_Accuracy': 0.56388825, 'ap': array([0.543554  , 0.95245904, 0.4       , 0.5494506 , 0.70149255],
      dtype=float32), 'ar': array([0.7255814 , 0.9477977 , 0.04761905, 0.37313432, 0.72530866],
      dtype=float32), 'auc': array([0.9147579 , 0.98304564, 0.88417387, 0.8610903 , 0.922071  ],
      dtype=float32), 'accuracy': array([0.7255814 , 0.9477977 , 0.04761905, 0.37313432, 0.72530866],
      dtype=float32), 'f1': {'micro': tensor(0.7711), 'macro': tensor(0.5629), 'none': tensor([0.6215, 0.9501, 0.0851, 0.4444, 0.7132])}}
Training : Epoch [30/50], Loss: 0.3691
Testing : Epoch [30/50], Loss: 0.5298, results: {'mAP': 0.6305025, 'mAR': 0.5794895, 'mAUC': 0.9107668, 'm_Accuracy': 0.5794895, 'ap': array([0.66190475, 0.9358974 , 0.33333334, 0.53932583, 0.6820513 ],
      dtype=float32), 'ar': array([0.6465116 , 0.9526917 , 0.11904762, 0.35820895, 0.82098764],
      dtype=float32), 'auc': array([0.90879875, 0.9841705 , 0.8872288 , 0.85154   , 0.9220956 ],
      dtype=float32), 'accuracy': array([0.6465116 , 0.9526917 , 0.11904762, 0.35820895, 0.82098764],
      dtype=float32), 'f1': {'micro': tensor(0.7846), 'macro': tensor(0.5899), 'none': tensor([0.6541, 0.9442, 0.1754, 0.4305, 0.7451])}}
Training : Epoch [31/50], Loss: 0.3624
Testing : Epoch [31/50], Loss: 0.5240, results: {'mAP': 0.6227544, 'mAR': 0.58740824, 'mAUC': 0.9147419, 'm_Accuracy': 0.58740824, 'ap': array([0.62445414, 0.96943974, 0.29411766, 0.5473684 , 0.67839193],
      dtype=float32), 'ar': array([0.66511625, 0.9314845 , 0.11904762, 0.3880597 , 0.8333333 ],
      dtype=float32), 'auc': array([0.909902  , 0.98311186, 0.8902466 , 0.8717905 , 0.9186587 ],
      dtype=float32), 'accuracy': array([0.66511625, 0.9314845 , 0.11904762, 0.3880597 , 0.8333333 ],
      dtype=float32), 'f1': {'micro': tensor(0.7839), 'macro': tensor(0.5932), 'none': tensor([0.6441, 0.9501, 0.1695, 0.4541, 0.7479])}}
Saving ./data/aug/0.01_0.0_1/checkpoint_30.pt
Training : Epoch [32/50], Loss: 0.3556
Testing : Epoch [32/50], Loss: 0.5181, results: {'mAP': 0.6316096, 'mAR': 0.5939568, 'mAUC': 0.9162038, 'm_Accuracy': 0.5939568, 'ap': array([0.594697  , 0.96147406, 0.3846154 , 0.5       , 0.7172619 ],
      dtype=float32), 'ar': array([0.73023254, 0.9363785 , 0.11904762, 0.4402985 , 0.74382716],
      dtype=float32), 'auc': array([0.9148833 , 0.98316205, 0.89269054, 0.86425287, 0.92603046],
      dtype=float32), 'accuracy': array([0.73023254, 0.9363785 , 0.11904762, 0.4402985 , 0.74382716],
      dtype=float32), 'f1': {'micro': tensor(0.7801), 'macro': tensor(0.5969), 'none': tensor([0.6555, 0.9488, 0.1818, 0.4683, 0.7303])}}
Training : Epoch [33/50], Loss: 0.3578
Testing : Epoch [33/50], Loss: 0.5189, results: {'mAP': 0.6421618, 'mAR': 0.5967808, 'mAUC': 0.9150551, 'm_Accuracy': 0.5967808, 'ap': array([0.5709091 , 0.9585406 , 0.33333334, 0.6436782 , 0.70434785],
      dtype=float32), 'ar': array([0.73023254, 0.94290376, 0.14285715, 0.41791046, 0.75      ],
      dtype=float32), 'auc': array([0.9105832 , 0.9847523 , 0.89389396, 0.8717218 , 0.91432416],
      dtype=float32), 'accuracy': array([0.73023254, 0.94290376, 0.14285715, 0.41791046, 0.75      ],
      dtype=float32), 'f1': {'micro': tensor(0.7831), 'macro': tensor(0.6049), 'none': tensor([0.6408, 0.9507, 0.2000, 0.5068, 0.7265])}}
Training : Epoch [34/50], Loss: 0.3352
Testing : Epoch [34/50], Loss: 0.4992, results: {'mAP': 0.5961422, 'mAR': 0.5717843, 'mAUC': 0.9116248, 'm_Accuracy': 0.5717843, 'ap': array([0.6137339 , 0.9506579 , 0.2       , 0.53535354, 0.6809651 ],
      dtype=float32), 'ar': array([0.66511625, 0.94290376, 0.07142857, 0.3955224 , 0.7839506 ],
      dtype=float32), 'auc': array([0.91482896, 0.9823772 , 0.88809896, 0.8533026 , 0.9195164 ],
      dtype=float32), 'accuracy': array([0.66511625, 0.94290376, 0.07142857, 0.3955224 , 0.7839506 ],
      dtype=float32), 'f1': {'micro': tensor(0.7764), 'macro': tensor(0.5748), 'none': tensor([0.6384, 0.9468, 0.1053, 0.4549, 0.7288])}}
Training : Epoch [35/50], Loss: 0.3331
Testing : Epoch [35/50], Loss: 0.4998, results: {'mAP': 0.6110811, 'mAR': 0.57765186, 'mAUC': 0.9090189, 'm_Accuracy': 0.57765186, 'ap': array([0.5992063 , 0.94299674, 0.29411766, 0.51086956, 0.7082153 ],
      dtype=float32), 'ar': array([0.7023256 , 0.9445351 , 0.11904762, 0.35074627, 0.77160496],
      dtype=float32), 'auc': array([0.9073988 , 0.9849553 , 0.8826002 , 0.8487087 , 0.92143154],
      dtype=float32), 'accuracy': array([0.7023256 , 0.9445351 , 0.11904762, 0.35074627, 0.77160496],
      dtype=float32), 'f1': {'micro': tensor(0.7771), 'macro': tensor(0.5829), 'none': tensor([0.6467, 0.9438, 0.1695, 0.4159, 0.7386])}}
Training : Epoch [36/50], Loss: 0.3131
Testing : Epoch [36/50], Loss: 0.4789, results: {'mAP': 0.5877094, 'mAR': 0.5809103, 'mAUC': 0.91406095, 'm_Accuracy': 0.5809103, 'ap': array([0.6007752 , 0.95106035, 0.2       , 0.46212122, 0.7245902 ],
      dtype=float32), 'ar': array([0.7209302 , 0.95106035, 0.0952381 , 0.4552239 , 0.68209875],
      dtype=float32), 'auc': array([0.9157692 , 0.9856558 , 0.89572686, 0.8624653 , 0.9106875 ],
      dtype=float32), 'accuracy': array([0.7209302 , 0.95106035, 0.0952381 , 0.4552239 , 0.68209875],
      dtype=float32), 'f1': {'micro': tensor(0.7711), 'macro': tensor(0.5794), 'none': tensor([0.6554, 0.9511, 0.1290, 0.4586, 0.7027])}}
Training : Epoch [37/50], Loss: 0.3241
Testing : Epoch [37/50], Loss: 0.4898, results: {'mAP': 0.6273323, 'mAR': 0.5814565, 'mAUC': 0.9140479, 'm_Accuracy': 0.5814565, 'ap': array([0.5793358 , 0.9570248 , 0.30769232, 0.5903614 , 0.7022472 ],
      dtype=float32), 'ar': array([0.73023254, 0.9445351 , 0.0952381 , 0.36567163, 0.77160496],
      dtype=float32), 'auc': array([0.9087946 , 0.9820007 , 0.889469  , 0.8706093 , 0.91936576],
      dtype=float32), 'accuracy': array([0.73023254, 0.9445351 , 0.0952381 , 0.36567163, 0.77160496],
      dtype=float32), 'f1': {'micro': tensor(0.7824), 'macro': tensor(0.5858), 'none': tensor([0.6461, 0.9507, 0.1455, 0.4516, 0.7353])}}
Training : Epoch [38/50], Loss: 0.3158
Testing : Epoch [38/50], Loss: 0.4736, results: {'mAP': 0.62563777, 'mAR': 0.58968073, 'mAUC': 0.91637486, 'm_Accuracy': 0.58968073, 'ap': array([0.597561  , 0.95276874, 0.2777778 , 0.5913978 , 0.7086835 ],
      dtype=float32), 'ar': array([0.68372095, 0.954323  , 0.11904762, 0.41044775, 0.7808642 ],
      dtype=float32), 'auc': array([0.91187865, 0.9844465 , 0.8955232 , 0.8629903 , 0.9270357 ],
      dtype=float32), 'accuracy': array([0.68372095, 0.954323  , 0.11904762, 0.41044775, 0.7808642 ],
      dtype=float32), 'f1': {'micro': tensor(0.7869), 'macro': tensor(0.5971), 'none': tensor([0.6377, 0.9535, 0.1667, 0.4846, 0.7430])}}
Training : Epoch [39/50], Loss: 0.3110
Testing : Epoch [39/50], Loss: 0.4722, results: {'mAP': 0.6584452, 'mAR': 0.60741043, 'mAUC': 0.9210374, 'm_Accuracy': 0.60741043, 'ap': array([0.6375546 , 0.962963  , 0.46666667, 0.5221239 , 0.70291775],
      dtype=float32), 'ar': array([0.67906976, 0.93311584, 0.16666667, 0.4402985 , 0.81790125],
      dtype=float32), 'auc': array([0.912167  , 0.98388755, 0.9076502 , 0.8744281 , 0.9270541 ],
      dtype=float32), 'accuracy': array([0.67906976, 0.93311584, 0.16666667, 0.4402985 , 0.81790125],
      dtype=float32), 'f1': {'micro': tensor(0.7899), 'macro': tensor(0.6170), 'none': tensor([0.6577, 0.9478, 0.2456, 0.4777, 0.7561])}}
Training : Epoch [40/50], Loss: 0.3058
Testing : Epoch [40/50], Loss: 0.4685, results: {'mAP': 0.5982519, 'mAR': 0.5809773, 'mAUC': 0.9147223, 'm_Accuracy': 0.5809773, 'ap': array([0.597561  , 0.96464646, 0.21428572, 0.51754385, 0.69722223],
      dtype=float32), 'ar': array([0.68372095, 0.93474716, 0.07142857, 0.4402985 , 0.77469134],
      dtype=float32), 'auc': array([0.9052216 , 0.98669845, 0.8950418 , 0.8649966 , 0.9216529 ],
      dtype=float32), 'accuracy': array([0.68372095, 0.93474716, 0.07142857, 0.4402985 , 0.77469134],
      dtype=float32), 'f1': {'micro': tensor(0.7779), 'macro': tensor(0.5808), 'none': tensor([0.6377, 0.9495, 0.1071, 0.4758, 0.7339])}}
Training : Epoch [41/50], Loss: 0.2941
Testing : Epoch [41/50], Loss: 0.4661, results: {'mAP': 0.6272458, 'mAR': 0.57744324, 'mAUC': 0.91418934, 'm_Accuracy': 0.57744324, 'ap': array([0.5826772 , 0.96134454, 0.44444445, 0.4427481 , 0.70501477],
      dtype=float32), 'ar': array([0.6883721 , 0.93311584, 0.0952381 , 0.43283582, 0.7376543 ],
      dtype=float32), 'auc': array([0.91108465, 0.9831689 , 0.89541215, 0.86454034, 0.9167404 ],
      dtype=float32), 'accuracy': array([0.6883721 , 0.93311584, 0.0952381 , 0.43283582, 0.7376543 ],
      dtype=float32), 'f1': {'micro': tensor(0.7688), 'macro': tensor(0.5787), 'none': tensor([0.6311, 0.9470, 0.1569, 0.4377, 0.7210])}}
Saving ./data/aug/0.01_0.0_1/checkpoint_40.pt
Training : Epoch [42/50], Loss: 0.2935
Testing : Epoch [42/50], Loss: 0.4594, results: {'mAP': 0.6569034, 'mAR': 0.6007918, 'mAUC': 0.9129545, 'm_Accuracy': 0.6007918, 'ap': array([0.6008065 , 0.93558776, 0.46666667, 0.5566038 , 0.7248521 ],
      dtype=float32), 'ar': array([0.69302326, 0.9477977 , 0.16666667, 0.4402985 , 0.75617284],
      dtype=float32), 'auc': array([0.9106208 , 0.98475456, 0.8757313 , 0.8739406 , 0.9197254 ],
      dtype=float32), 'accuracy': array([0.69302326, 0.9477977 , 0.16666667, 0.4402985 , 0.75617284],
      dtype=float32), 'f1': {'micro': tensor(0.7839), 'macro': tensor(0.6125), 'none': tensor([0.6436, 0.9417, 0.2456, 0.4917, 0.7402])}}
Training : Epoch [43/50], Loss: 0.2911
Testing : Epoch [43/50], Loss: 0.4579, results: {'mAP': 0.60695255, 'mAR': 0.57498837, 'mAUC': 0.91311014, 'm_Accuracy': 0.57498837, 'ap': array([0.58113205, 0.9586093 , 0.22727273, 0.58441556, 0.68333334],
      dtype=float32), 'ar': array([0.7162791 , 0.9445351 , 0.11904762, 0.33582088, 0.7592593 ],
      dtype=float32), 'auc': array([0.91160285, 0.9854824 , 0.88678443, 0.86381537, 0.9178656 ],
      dtype=float32), 'accuracy': array([0.7162791 , 0.9445351 , 0.11904762, 0.33582088, 0.7592593 ],
      dtype=float32), 'f1': {'micro': tensor(0.7748), 'macro': tensor(0.5791), 'none': tensor([0.6417, 0.9515, 0.1562, 0.4265, 0.7193])}}
Training : Epoch [44/50], Loss: 0.2872
Testing : Epoch [44/50], Loss: 0.4513, results: {'mAP': 0.63081586, 'mAR': 0.59444183, 'mAUC': 0.9156005, 'm_Accuracy': 0.59444183, 'ap': array([0.6086956 , 0.96482414, 0.35      , 0.53846157, 0.6920981 ],
      dtype=float32), 'ar': array([0.7162791 , 0.9396411 , 0.16666667, 0.36567163, 0.7839506 ],
      dtype=float32), 'auc': array([0.9184103 , 0.98446023, 0.89798564, 0.86004025, 0.9171063 ],
      dtype=float32), 'accuracy': array([0.7162791 , 0.9396411 , 0.16666667, 0.36567163, 0.7839506 ],
      dtype=float32), 'f1': {'micro': tensor(0.7831), 'macro': tensor(0.6013), 'none': tensor([0.6581, 0.9521, 0.2258, 0.4356, 0.7352])}}
Training : Epoch [45/50], Loss: 0.2851
Testing : Epoch [45/50], Loss: 0.4472, results: {'mAP': 0.6245028, 'mAR': 0.59982, 'mAUC': 0.9172285, 'm_Accuracy': 0.59982, 'ap': array([0.5749129 , 0.9617304 , 0.25      , 0.57894737, 0.7569231 ],
      dtype=float32), 'ar': array([0.76744187, 0.94290376, 0.11904762, 0.41044775, 0.7592593 ],
      dtype=float32), 'auc': array([0.91138136, 0.9841522 , 0.8998926 , 0.86329657, 0.92741996],
      dtype=float32), 'accuracy': array([0.76744187, 0.94290376, 0.11904762, 0.41044775, 0.7592593 ],
      dtype=float32), 'f1': {'micro': tensor(0.7899), 'macro': tensor(0.6019), 'none': tensor([0.6574, 0.9522, 0.1613, 0.4803, 0.7581])}}
Training : Epoch [46/50], Loss: 0.2853
Testing : Epoch [46/50], Loss: 0.4534, results: {'mAP': 0.6075359, 'mAR': 0.58451736, 'mAUC': 0.9108216, 'm_Accuracy': 0.58451736, 'ap': array([0.5928854 , 0.96822745, 0.2       , 0.5851064 , 0.6914601 ],
      dtype=float32), 'ar': array([0.6976744 , 0.9445351 , 0.0952381 , 0.41044775, 0.77469134],
      dtype=float32), 'auc': array([0.909831  , 0.9852839 , 0.88282233, 0.86279655, 0.9133743 ],
      dtype=float32), 'accuracy': array([0.6976744 , 0.9445351 , 0.0952381 , 0.41044775, 0.77469134],
      dtype=float32), 'f1': {'micro': tensor(0.7824), 'macro': tensor(0.5879), 'none': tensor([0.6410, 0.9562, 0.1290, 0.4825, 0.7307])}}
