Train size = 5308, Test size = 1328
Classes : ['affected', 'destroyed', 'major', 'minor', 'no_damage']
Training : Epoch [1/50], Loss: 1.5741
Testing : Epoch [1/50], Loss: 1.9613, results: {'mAP': 0.09231928, 'mAR': 0.2, 'mAUC': 0.5651113, 'm_Accuracy': 0.2, 'ap': array([0.       , 0.4615964, 0.       , 0.       , 0.       ],
      dtype=float32), 'ar': array([0., 1., 0., 0., 0.], dtype=float32), 'auc': array([0.4942644 , 0.7078543 , 0.59712654, 0.48658717, 0.5397238 ],
      dtype=float32), 'accuracy': array([0., 1., 0., 0., 0.], dtype=float32), 'f1': {'micro': tensor(0.4616), 'macro': tensor(0.1263), 'none': tensor([0.0000, 0.6316, 0.0000, 0.0000, 0.0000])}}
Saving ./data/aug/0.005_0.0_5/checkpoint_0.pt
Training : Epoch [2/50], Loss: 1.4793
Testing : Epoch [2/50], Loss: 1.8392, results: {'mAP': 0.09231928, 'mAR': 0.2, 'mAUC': 0.60674334, 'm_Accuracy': 0.2, 'ap': array([0.       , 0.4615964, 0.       , 0.       , 0.       ],
      dtype=float32), 'ar': array([0., 1., 0., 0., 0.], dtype=float32), 'auc': array([0.5518168 , 0.75055385, 0.59116495, 0.54173857, 0.5984427 ],
      dtype=float32), 'accuracy': array([0., 1., 0., 0., 0.], dtype=float32), 'f1': {'micro': tensor(0.4616), 'macro': tensor(0.1263), 'none': tensor([0.0000, 0.6316, 0.0000, 0.0000, 0.0000])}}
Training : Epoch [3/50], Loss: 1.3882
Testing : Epoch [3/50], Loss: 1.7282, results: {'mAP': 0.09231928, 'mAR': 0.2, 'mAUC': 0.6498859, 'm_Accuracy': 0.2, 'ap': array([0.       , 0.4615964, 0.       , 0.       , 0.       ],
      dtype=float32), 'ar': array([0., 1., 0., 0., 0.], dtype=float32), 'auc': array([0.6047473 , 0.83350253, 0.5981819 , 0.5256944 , 0.68730325],
      dtype=float32), 'accuracy': array([0., 1., 0., 0., 0.], dtype=float32), 'f1': {'micro': tensor(0.4616), 'macro': tensor(0.1263), 'none': tensor([0.0000, 0.6316, 0.0000, 0.0000, 0.0000])}}
Training : Epoch [4/50], Loss: 1.3315
Testing : Epoch [4/50], Loss: 1.6589, results: {'mAP': 0.09231928, 'mAR': 0.2, 'mAUC': 0.73074824, 'm_Accuracy': 0.2, 'ap': array([0.       , 0.4615964, 0.       , 0.       , 0.       ],
      dtype=float32), 'ar': array([0., 1., 0., 0., 0.], dtype=float32), 'auc': array([0.68030256, 0.8959719 , 0.65676147, 0.66077274, 0.7599325 ],
      dtype=float32), 'accuracy': array([0., 1., 0., 0., 0.], dtype=float32), 'f1': {'micro': tensor(0.4616), 'macro': tensor(0.1263), 'none': tensor([0.0000, 0.6316, 0.0000, 0.0000, 0.0000])}}
Training : Epoch [5/50], Loss: 1.2613
Testing : Epoch [5/50], Loss: 1.5548, results: {'mAP': 0.21293226, 'mAR': 0.26693147, 'mAUC': 0.77635187, 'm_Accuracy': 0.26693147, 'ap': array([0.       , 0.5381125, 0.       , 0.       , 0.5265487],
      dtype=float32), 'ar': array([0.        , 0.96737355, 0.        , 0.        , 0.36728394],
      dtype=float32), 'auc': array([0.7246704 , 0.92059916, 0.7318929 , 0.6722043 , 0.83239263],
      dtype=float32), 'accuracy': array([0.        , 0.96737355, 0.        , 0.        , 0.36728394],
      dtype=float32), 'f1': {'micro': tensor(0.5361), 'macro': tensor(0.2249), 'none': tensor([0.0000, 0.6915, 0.0000, 0.0000, 0.4327])}}
Training : Epoch [6/50], Loss: 1.0491
Testing : Epoch [6/50], Loss: 1.2850, results: {'mAP': 0.25944057, 'mAR': 0.36383703, 'mAUC': 0.785963, 'm_Accuracy': 0.36383703, 'ap': array([0.        , 0.86538464, 0.        , 0.        , 0.4318182 ],
      dtype=float32), 'ar': array([0.        , 0.88091356, 0.        , 0.        , 0.9382716 ],
      dtype=float32), 'auc': array([0.7717002 , 0.932404  , 0.70789826, 0.69898   , 0.8188327 ],
      dtype=float32), 'accuracy': array([0.        , 0.88091356, 0.        , 0.        , 0.9382716 ],
      dtype=float32), 'f1': {'micro': tensor(0.6355), 'macro': tensor(0.2929), 'none': tensor([0.0000, 0.8731, 0.0000, 0.0000, 0.5914])}}
Training : Epoch [7/50], Loss: 0.9187
Testing : Epoch [7/50], Loss: 1.1429, results: {'mAP': 0.27024174, 'mAR': 0.36837855, 'mAUC': 0.79426825, 'm_Accuracy': 0.36837855, 'ap': array([0.        , 0.9353147 , 0.        , 0.        , 0.41589403],
      dtype=float32), 'ar': array([0.        , 0.87275696, 0.        , 0.        , 0.9691358 ],
      dtype=float32), 'auc': array([0.80710423, 0.93858933, 0.6643709 , 0.73606217, 0.82521456],
      dtype=float32), 'accuracy': array([0.        , 0.87275696, 0.        , 0.        , 0.9691358 ],
      dtype=float32), 'f1': {'micro': tensor(0.6393), 'macro': tensor(0.2970), 'none': tensor([0.0000, 0.9030, 0.0000, 0.0000, 0.5820])}}
Training : Epoch [8/50], Loss: 0.8786
Testing : Epoch [8/50], Loss: 1.0978, results: {'mAP': 0.39382493, 'mAR': 0.37561712, 'mAUC': 0.7954424, 'm_Accuracy': 0.37561712, 'ap': array([0.6315789 , 0.9121622 , 0.        , 0.        , 0.42538354],
      dtype=float32), 'ar': array([0.05581395, 0.88091356, 0.        , 0.        , 0.94135803],
      dtype=float32), 'auc': array([0.8212541 , 0.9520391 , 0.6376731 , 0.7242556 , 0.84199005],
      dtype=float32), 'accuracy': array([0.05581395, 0.88091356, 0.        , 0.        , 0.94135803],
      dtype=float32), 'f1': {'micro': tensor(0.6453), 'macro': tensor(0.3170), 'none': tensor([0.1026, 0.8963, 0.0000, 0.0000, 0.5860])}}
Training : Epoch [9/50], Loss: 0.8535
Testing : Epoch [9/50], Loss: 1.0615, results: {'mAP': 0.41028237, 'mAR': 0.43446422, 'mAUC': 0.81891173, 'm_Accuracy': 0.43446422, 'ap': array([0.6178862, 0.9605735, 0.       , 0.       , 0.4729521],
      dtype=float32), 'ar': array([0.3534884, 0.8743883, 0.       , 0.       , 0.9444444],
      dtype=float32), 'auc': array([0.8590359 , 0.95785946, 0.67629415, 0.75018126, 0.8511878 ],
      dtype=float32), 'accuracy': array([0.3534884, 0.8743883, 0.       , 0.       , 0.9444444],
      dtype=float32), 'f1': {'micro': tensor(0.6913), 'macro': tensor(0.3991), 'none': tensor([0.4497, 0.9155, 0.0000, 0.0000, 0.6303])}}
Training : Epoch [10/50], Loss: 0.8184
Testing : Epoch [10/50], Loss: 1.0191, results: {'mAP': 0.41907677, 'mAR': 0.46214205, 'mAUC': 0.8189558, 'm_Accuracy': 0.46214205, 'ap': array([0.6227545, 0.9609236, 0.       , 0.       , 0.5117057],
      dtype=float32), 'ar': array([0.48372093, 0.8825449 , 0.        , 0.        , 0.9444444 ],
      dtype=float32), 'auc': array([0.86850125, 0.9613388 , 0.65972376, 0.73737466, 0.86784035],
      dtype=float32), 'accuracy': array([0.48372093, 0.8825449 , 0.        , 0.        , 0.9444444 ],
      dtype=float32), 'f1': {'micro': tensor(0.7161), 'macro': tensor(0.4257), 'none': tensor([0.5445, 0.9201, 0.0000, 0.0000, 0.6638])}}
Training : Epoch [11/50], Loss: 0.7815
Testing : Epoch [11/50], Loss: 0.9769, results: {'mAP': 0.4199434, 'mAR': 0.46456218, 'mAUC': 0.8133329, 'm_Accuracy': 0.46456218, 'ap': array([0.6369048, 0.9390863, 0.       , 0.       , 0.5237258],
      dtype=float32), 'ar': array([0.4976744 , 0.90538335, 0.        , 0.        , 0.9197531 ],
      dtype=float32), 'auc': array([0.87878144, 0.96488893, 0.6278605 , 0.7242994 , 0.8708346 ],
      dtype=float32), 'accuracy': array([0.4976744 , 0.90538335, 0.        , 0.        , 0.9197531 ],
      dtype=float32), 'f1': {'micro': tensor(0.7229), 'macro': tensor(0.4296), 'none': tensor([0.5587, 0.9219, 0.0000, 0.0000, 0.6674])}}
Saving ./data/aug/0.005_0.0_5/checkpoint_10.pt
Training : Epoch [12/50], Loss: 0.7585
Testing : Epoch [12/50], Loss: 0.9494, results: {'mAP': 0.40776634, 'mAR': 0.461735, 'mAUC': 0.83105963, 'm_Accuracy': 0.461735, 'ap': array([0.59375  , 0.8930818, 0.       , 0.       , 0.552    ],
      dtype=float32), 'ar': array([0.53023255, 0.92659056, 0.        , 0.        , 0.8518519 ],
      dtype=float32), 'auc': array([0.8767964 , 0.96939963, 0.68577355, 0.7500687 , 0.87326   ],
      dtype=float32), 'accuracy': array([0.53023255, 0.92659056, 0.        , 0.        , 0.8518519 ],
      dtype=float32), 'f1': {'micro': tensor(0.7214), 'macro': tensor(0.4279), 'none': tensor([0.5602, 0.9095, 0.0000, 0.0000, 0.6699])}}
Training : Epoch [13/50], Loss: 0.7383
Testing : Epoch [13/50], Loss: 0.9252, results: {'mAP': 0.4209214, 'mAR': 0.4732605, 'mAUC': 0.83577216, 'm_Accuracy': 0.4732605, 'ap': array([0.6105263, 0.9619377, 0.       , 0.       , 0.5321429],
      dtype=float32), 'ar': array([0.53953487, 0.90701467, 0.        , 0.        , 0.9197531 ],
      dtype=float32), 'auc': array([0.8773982 , 0.9722082 , 0.69799304, 0.7471437 , 0.88411784],
      dtype=float32), 'accuracy': array([0.53953487, 0.90701467, 0.        , 0.        , 0.9197531 ],
      dtype=float32), 'f1': {'micro': tensor(0.7304), 'macro': tensor(0.4361), 'none': tensor([0.5728, 0.9337, 0.0000, 0.0000, 0.6742])}}
Training : Epoch [14/50], Loss: 0.7145
Testing : Epoch [14/50], Loss: 0.8948, results: {'mAP': 0.4220539, 'mAR': 0.47315907, 'mAUC': 0.8384032, 'm_Accuracy': 0.47315907, 'ap': array([0.625     , 0.94666666, 0.        , 0.        , 0.53860295],
      dtype=float32), 'ar': array([0.53488374, 0.92659056, 0.        , 0.        , 0.904321  ],
      dtype=float32), 'auc': array([0.88825506, 0.9768033 , 0.6853292 , 0.7551251 , 0.8865034 ],
      dtype=float32), 'accuracy': array([0.53488374, 0.92659056, 0.        , 0.        , 0.904321  ],
      dtype=float32), 'f1': {'micro': tensor(0.7349), 'macro': tensor(0.4376), 'none': tensor([0.5764, 0.9365, 0.0000, 0.0000, 0.6751])}}
Training : Epoch [15/50], Loss: 0.6958
Testing : Epoch [15/50], Loss: 0.8818, results: {'mAP': 0.41758665, 'mAR': 0.4743889, 'mAUC': 0.837261, 'm_Accuracy': 0.4743889, 'ap': array([0.5959596 , 0.93874174, 0.        , 0.        , 0.55323195],
      dtype=float32), 'ar': array([0.5488372 , 0.92495924, 0.        , 0.        , 0.8981481 ],
      dtype=float32), 'auc': array([0.886454  , 0.97069323, 0.68682885, 0.7515188 , 0.8908102 ],
      dtype=float32), 'accuracy': array([0.5488372 , 0.92495924, 0.        , 0.        , 0.8981481 ],
      dtype=float32), 'f1': {'micro': tensor(0.7349), 'macro': tensor(0.4376), 'none': tensor([0.5714, 0.9318, 0.0000, 0.0000, 0.6847])}}
Training : Epoch [16/50], Loss: 0.6854
Testing : Epoch [16/50], Loss: 0.8648, results: {'mAP': 0.41446877, 'mAR': 0.4834566, 'mAUC': 0.8514885, 'm_Accuracy': 0.4834566, 'ap': array([0.5502008 , 0.93739706, 0.        , 0.        , 0.58474576],
      dtype=float32), 'ar': array([0.6372093, 0.9282219, 0.       , 0.       , 0.8518519],
      dtype=float32), 'auc': array([0.8941349 , 0.97537273, 0.7351885 , 0.7592065 , 0.89354   ],
      dtype=float32), 'accuracy': array([0.6372093, 0.9282219, 0.       , 0.       , 0.8518519],
      dtype=float32), 'f1': {'micro': tensor(0.7395), 'macro': tensor(0.4434), 'none': tensor([0.5905, 0.9328, 0.0000, 0.0000, 0.6935])}}
Training : Epoch [17/50], Loss: 0.6812
Testing : Epoch [17/50], Loss: 0.8605, results: {'mAP': 0.43175316, 'mAR': 0.48123622, 'mAUC': 0.84731466, 'm_Accuracy': 0.48123622, 'ap': array([0.66853935, 0.9405941 , 0.        , 0.        , 0.5496324 ],
      dtype=float32), 'ar': array([0.5534884, 0.9298532, 0.       , 0.       , 0.9228395],
      dtype=float32), 'auc': array([0.8915063 , 0.976039  , 0.73104125, 0.7435936 , 0.8943931 ],
      dtype=float32), 'accuracy': array([0.5534884, 0.9298532, 0.       , 0.       , 0.9228395],
      dtype=float32), 'f1': {'micro': tensor(0.7440), 'macro': tensor(0.4459), 'none': tensor([0.6056, 0.9352, 0.0000, 0.0000, 0.6889])}}
Training : Epoch [18/50], Loss: 0.6692
Testing : Epoch [18/50], Loss: 0.8465, results: {'mAP': 0.42773572, 'mAR': 0.48398694, 'mAUC': 0.8537793, 'm_Accuracy': 0.48398694, 'ap': array([0.63131315, 0.9561551 , 0.        , 0.        , 0.5512104 ],
      dtype=float32), 'ar': array([0.5813953 , 0.92495924, 0.        , 0.        , 0.91358024],
      dtype=float32), 'auc': array([0.8952632 , 0.9768238 , 0.737762  , 0.76969427, 0.8893531 ],
      dtype=float32), 'accuracy': array([0.5813953 , 0.92495924, 0.        , 0.        , 0.91358024],
      dtype=float32), 'f1': {'micro': tensor(0.7440), 'macro': tensor(0.4466), 'none': tensor([0.6053, 0.9403, 0.0000, 0.0000, 0.6876])}}
Training : Epoch [19/50], Loss: 0.6585
Testing : Epoch [19/50], Loss: 0.8358, results: {'mAP': 0.41859078, 'mAR': 0.48410052, 'mAUC': 0.86592114, 'm_Accuracy': 0.48410052, 'ap': array([0.5744681 , 0.9548495 , 0.        , 0.        , 0.56363636],
      dtype=float32), 'ar': array([0.627907 , 0.9314845, 0.       , 0.       , 0.8611111],
      dtype=float32), 'auc': array([0.89492047, 0.97847795, 0.79076874, 0.77308184, 0.8923565 ],
      dtype=float32), 'accuracy': array([0.627907 , 0.9314845, 0.       , 0.       , 0.8611111],
      dtype=float32), 'f1': {'micro': tensor(0.7417), 'macro': tensor(0.4449), 'none': tensor([0.6000, 0.9430, 0.0000, 0.0000, 0.6813])}}
Training : Epoch [20/50], Loss: 0.6544
Testing : Epoch [20/50], Loss: 0.8263, results: {'mAP': 0.43425813, 'mAR': 0.4813686, 'mAUC': 0.86691445, 'm_Accuracy': 0.4813686, 'ap': array([0.6882353 , 0.9218501 , 0.        , 0.        , 0.56120527],
      dtype=float32), 'ar': array([0.54418606, 0.94290376, 0.        , 0.        , 0.9197531 ],
      dtype=float32), 'auc': array([0.8989908 , 0.9817292 , 0.7971932 , 0.76461285, 0.89204603],
      dtype=float32), 'accuracy': array([0.54418606, 0.94290376, 0.        , 0.        , 0.9197531 ],
      dtype=float32), 'f1': {'micro': tensor(0.7477), 'macro': tensor(0.4474), 'none': tensor([0.6078, 0.9323, 0.0000, 0.0000, 0.6971])}}
Training : Epoch [21/50], Loss: 0.6368
Testing : Epoch [21/50], Loss: 0.8079, results: {'mAP': 0.4350314, 'mAR': 0.49311343, 'mAUC': 0.8677828, 'm_Accuracy': 0.49311343, 'ap': array([0.6515151 , 0.94892913, 0.        , 0.        , 0.57471263],
      dtype=float32), 'ar': array([0.6      , 0.9396411, 0.       , 0.       , 0.9259259],
      dtype=float32), 'auc': array([0.9017656 , 0.97962904, 0.7774939 , 0.78517586, 0.8948496 ],
      dtype=float32), 'accuracy': array([0.6      , 0.9396411, 0.       , 0.       , 0.9259259],
      dtype=float32), 'f1': {'micro': tensor(0.7568), 'macro': tensor(0.4556), 'none': tensor([0.6247, 0.9443, 0.0000, 0.0000, 0.7092])}}
Saving ./data/aug/0.005_0.0_5/checkpoint_20.pt
Training : Epoch [22/50], Loss: 0.6229
Testing : Epoch [22/50], Loss: 0.7981, results: {'mAP': 0.42095536, 'mAR': 0.49096894, 'mAUC': 0.8677982, 'm_Accuracy': 0.49096894, 'ap': array([0.5731225, 0.9486755, 0.       , 0.       , 0.5829787],
      dtype=float32), 'ar': array([0.6744186 , 0.93474716, 0.        , 0.        , 0.845679  ],
      dtype=float32), 'auc': array([0.8941725 , 0.97881794, 0.7907132 , 0.7762569 , 0.89903045],
      dtype=float32), 'accuracy': array([0.6744186 , 0.93474716, 0.        , 0.        , 0.845679  ],
      dtype=float32), 'f1': {'micro': tensor(0.7470), 'macro': tensor(0.4503), 'none': tensor([0.6197, 0.9417, 0.0000, 0.0000, 0.6902])}}
Training : Epoch [23/50], Loss: 0.6130
Testing : Epoch [23/50], Loss: 0.7863, results: {'mAP': 0.48550338, 'mAR': 0.4909226, 'mAUC': 0.8670991, 'm_Accuracy': 0.4909226, 'ap': array([0.55938697, 0.94398683, 0.        , 0.33333334, 0.59080964],
      dtype=float32), 'ar': array([0.67906976, 0.93474716, 0.        , 0.00746269, 0.8333333 ],
      dtype=float32), 'auc': array([0.8998767 , 0.9798013 , 0.78747314, 0.770313  , 0.89803135],
      dtype=float32), 'accuracy': array([0.67906976, 0.93474716, 0.        , 0.00746269, 0.8333333 ],
      dtype=float32), 'f1': {'micro': tensor(0.7455), 'macro': tensor(0.4518), 'none': tensor([0.6134, 0.9393, 0.0000, 0.0146, 0.6914])}}
Training : Epoch [24/50], Loss: 0.6057
Testing : Epoch [24/50], Loss: 0.7800, results: {'mAP': 0.4722479, 'mAR': 0.4919451, 'mAUC': 0.87214154, 'm_Accuracy': 0.4919451, 'ap': array([0.53333336, 0.9580537 , 0.        , 0.2777778 , 0.5920746 ],
      dtype=float32), 'ar': array([0.7069768 , 0.9314845 , 0.        , 0.03731343, 0.7839506 ],
      dtype=float32), 'auc': array([0.89603627, 0.9755507 , 0.80845   , 0.77855694, 0.9021138 ],
      dtype=float32), 'accuracy': array([0.7069768 , 0.9314845 , 0.        , 0.03731343, 0.7839506 ],
      dtype=float32), 'f1': {'micro': tensor(0.7395), 'macro': tensor(0.4586), 'none': tensor([0.6080, 0.9446, 0.0000, 0.0658, 0.6746])}}
Training : Epoch [25/50], Loss: 0.5970
Testing : Epoch [25/50], Loss: 0.7720, results: {'mAP': 0.51554173, 'mAR': 0.497495, 'mAUC': 0.87090874, 'm_Accuracy': 0.497495, 'ap': array([0.58196723, 0.92753625, 0.        , 0.46153846, 0.6066667 ],
      dtype=float32), 'ar': array([0.6604651 , 0.9396411 , 0.        , 0.04477612, 0.8425926 ],
      dtype=float32), 'auc': array([0.9044234, 0.9764428, 0.7946382, 0.7727568, 0.9062823],
      dtype=float32), 'accuracy': array([0.6604651 , 0.9396411 , 0.        , 0.04477612, 0.8425926 ],
      dtype=float32), 'f1': {'micro': tensor(0.7508), 'macro': tensor(0.4679), 'none': tensor([0.6187, 0.9335, 0.0000, 0.0816, 0.7054])}}
Training : Epoch [26/50], Loss: 0.5890
Testing : Epoch [26/50], Loss: 0.7580, results: {'mAP': 0.49909168, 'mAR': 0.49589673, 'mAUC': 0.8763424, 'm_Accuracy': 0.49589673, 'ap': array([0.5748988, 0.9253247, 0.       , 0.3846154, 0.6106195],
      dtype=float32), 'ar': array([0.6604651 , 0.9298532 , 0.        , 0.03731343, 0.8518519 ],
      dtype=float32), 'auc': array([0.9001651 , 0.9796621 , 0.7989891 , 0.79340106, 0.90949476],
      dtype=float32), 'accuracy': array([0.6604651 , 0.9298532 , 0.        , 0.03731343, 0.8518519 ],
      dtype=float32), 'f1': {'micro': tensor(0.7477), 'macro': tensor(0.4643), 'none': tensor([0.6147, 0.9276, 0.0000, 0.0680, 0.7113])}}
Training : Epoch [27/50], Loss: 0.5745
Testing : Epoch [27/50], Loss: 0.7422, results: {'mAP': 0.5353582, 'mAR': 0.5080466, 'mAUC': 0.8668458, 'm_Accuracy': 0.5080466, 'ap': array([0.63761467, 0.95190716, 0.        , 0.5       , 0.587269  ],
      dtype=float32), 'ar': array([0.6465116 , 0.9363785 , 0.        , 0.07462686, 0.88271606],
      dtype=float32), 'auc': array([0.9092501 , 0.9805565 , 0.73552173, 0.8040326 , 0.9048682 ],
      dtype=float32), 'accuracy': array([0.6465116 , 0.9363785 , 0.        , 0.07462686, 0.88271606],
      dtype=float32), 'f1': {'micro': tensor(0.7598), 'macro': tensor(0.4843), 'none': tensor([0.6420, 0.9441, 0.0000, 0.1299, 0.7053])}}
Training : Epoch [28/50], Loss: 0.5743
Testing : Epoch [28/50], Loss: 0.7407, results: {'mAP': 0.5285494, 'mAR': 0.50682676, 'mAUC': 0.8742676, 'm_Accuracy': 0.50682676, 'ap': array([0.60833335, 0.92903227, 0.        , 0.5       , 0.6053812 ],
      dtype=float32), 'ar': array([0.67906976, 0.9396411 , 0.        , 0.08208955, 0.8333333 ],
      dtype=float32), 'auc': array([0.9145866 , 0.98122495, 0.77447605, 0.7912698 , 0.9097806 ],
      dtype=float32), 'accuracy': array([0.67906976, 0.9396411 , 0.        , 0.08208955, 0.8333333 ],
      dtype=float32), 'f1': {'micro': tensor(0.7553), 'macro': tensor(0.4837), 'none': tensor([0.6418, 0.9343, 0.0000, 0.1410, 0.7013])}}
Training : Epoch [29/50], Loss: 0.5638
Testing : Epoch [29/50], Loss: 0.7359, results: {'mAP': 0.52743906, 'mAR': 0.51535386, 'mAUC': 0.882439, 'm_Accuracy': 0.51535386, 'ap': array([0.56554306, 0.96434635, 0.        , 0.5       , 0.60730594],
      dtype=float32), 'ar': array([0.7023256 , 0.92659056, 0.        , 0.12686567, 0.82098764],
      dtype=float32), 'auc': array([0.9020749 , 0.9781951 , 0.8164297 , 0.81067026, 0.90482515],
      dtype=float32), 'accuracy': array([0.7023256 , 0.92659056, 0.        , 0.12686567, 0.82098764],
      dtype=float32), 'f1': {'micro': tensor(0.7545), 'macro': tensor(0.4944), 'none': tensor([0.6266, 0.9451, 0.0000, 0.2024, 0.6982])}}
Training : Epoch [30/50], Loss: 0.5567
Testing : Epoch [30/50], Loss: 0.7291, results: {'mAP': 0.5018505, 'mAR': 0.51290935, 'mAUC': 0.86947423, 'm_Accuracy': 0.51290935, 'ap': array([0.5903614, 0.9399351, 0.       , 0.3508772, 0.6280788],
      dtype=float32), 'ar': array([0.68372095, 0.9445351 , 0.        , 0.14925373, 0.787037  ],
      dtype=float32), 'auc': array([0.9120625 , 0.9766915 , 0.76305264, 0.7956949 , 0.8998697 ],
      dtype=float32), 'accuracy': array([0.68372095, 0.9445351 , 0.        , 0.14925373, 0.787037  ],
      dtype=float32), 'f1': {'micro': tensor(0.7538), 'macro': tensor(0.4968), 'none': tensor([0.6336, 0.9422, 0.0000, 0.2094, 0.6986])}}
Training : Epoch [31/50], Loss: 0.5466
Testing : Epoch [31/50], Loss: 0.7138, results: {'mAP': 0.5190811, 'mAR': 0.5266055, 'mAUC': 0.8820232, 'm_Accuracy': 0.5266055, 'ap': array([0.5583039 , 0.9679595 , 0.        , 0.42592594, 0.6432161 ],
      dtype=float32), 'ar': array([0.7348837 , 0.9363785 , 0.        , 0.1716418 , 0.79012346],
      dtype=float32), 'auc': array([0.9109593 , 0.9810721 , 0.7978597 , 0.81228906, 0.90793616],
      dtype=float32), 'accuracy': array([0.7348837 , 0.9363785 , 0.        , 0.1716418 , 0.79012346],
      dtype=float32), 'f1': {'micro': tensor(0.7613), 'macro': tensor(0.5081), 'none': tensor([0.6345, 0.9519, 0.0000, 0.2447, 0.7091])}}
Saving ./data/aug/0.005_0.0_5/checkpoint_30.pt
Training : Epoch [32/50], Loss: 0.5469
Testing : Epoch [32/50], Loss: 0.7160, results: {'mAP': 0.52217805, 'mAR': 0.51184475, 'mAUC': 0.8776447, 'm_Accuracy': 0.51184475, 'ap': array([0.5737052, 0.9488449, 0.       , 0.46875  , 0.61959  ],
      dtype=float32), 'ar': array([0.66976744, 0.9380098 , 0.        , 0.1119403 , 0.83950615],
      dtype=float32), 'auc': array([0.90475774, 0.97949326, 0.785381  , 0.80920774, 0.9093841 ],
      dtype=float32), 'accuracy': array([0.66976744, 0.9380098 , 0.        , 0.1119403 , 0.83950615],
      dtype=float32), 'f1': {'micro': tensor(0.7575), 'macro': tensor(0.4910), 'none': tensor([0.6180, 0.9434, 0.0000, 0.1807, 0.7130])}}
Training : Epoch [33/50], Loss: 0.5421
Testing : Epoch [33/50], Loss: 0.7096, results: {'mAP': 0.5247205, 'mAR': 0.52160037, 'mAUC': 0.87806785, 'm_Accuracy': 0.52160037, 'ap': array([0.5934959 , 0.9531773 , 0.        , 0.47457626, 0.6023529 ],
      dtype=float32), 'ar': array([0.67906976, 0.9298532 , 0.        , 0.20895523, 0.79012346],
      dtype=float32), 'auc': array([0.91390544, 0.9810447 , 0.771236  , 0.81922674, 0.9049266 ],
      dtype=float32), 'accuracy': array([0.67906976, 0.9298532 , 0.        , 0.20895523, 0.79012346],
      dtype=float32), 'f1': {'micro': tensor(0.7530), 'macro': tensor(0.5097), 'none': tensor([0.6334, 0.9414, 0.0000, 0.2902, 0.6836])}}
Training : Epoch [34/50], Loss: 0.5247
Testing : Epoch [34/50], Loss: 0.6909, results: {'mAP': 0.5327802, 'mAR': 0.5307465, 'mAUC': 0.8749487, 'm_Accuracy': 0.5307465, 'ap': array([0.5921569 , 0.9505766 , 0.        , 0.48214287, 0.6390244 ],
      dtype=float32), 'ar': array([0.7023256 , 0.94127244, 0.        , 0.20149253, 0.80864197],
      dtype=float32), 'auc': array([0.9103199 , 0.98171324, 0.76097906, 0.8154829 , 0.90624845],
      dtype=float32), 'accuracy': array([0.7023256 , 0.94127244, 0.        , 0.20149253, 0.80864197],
      dtype=float32), 'f1': {'micro': tensor(0.7658), 'macro': tensor(0.5173), 'none': tensor([0.6426, 0.9459, 0.0000, 0.2842, 0.7139])}}
Training : Epoch [35/50], Loss: 0.5271
Testing : Epoch [35/50], Loss: 0.6955, results: {'mAP': 0.529495, 'mAR': 0.5212487, 'mAUC': 0.8805996, 'm_Accuracy': 0.5212487, 'ap': array([0.5839695 , 0.95514953, 0.        , 0.4871795 , 0.6211765 ],
      dtype=float32), 'ar': array([0.7116279 , 0.9380098 , 0.        , 0.14179105, 0.8148148 ],
      dtype=float32), 'auc': array([0.91209596, 0.98132306, 0.7935459 , 0.81535786, 0.90067506],
      dtype=float32), 'accuracy': array([0.7116279 , 0.9380098 , 0.        , 0.14179105, 0.8148148 ],
      dtype=float32), 'f1': {'micro': tensor(0.7613), 'macro': tensor(0.5025), 'none': tensor([0.6415, 0.9465, 0.0000, 0.2197, 0.7049])}}
Training : Epoch [36/50], Loss: 0.5250
Testing : Epoch [36/50], Loss: 0.6906, results: {'mAP': 0.52482146, 'mAR': 0.5299693, 'mAUC': 0.8750019, 'm_Accuracy': 0.5299693, 'ap': array([0.60251045, 0.94909686, 0.        , 0.45      , 0.6225    ],
      dtype=float32), 'ar': array([0.66976744, 0.94290376, 0.        , 0.26865673, 0.7685185 ],
      dtype=float32), 'auc': array([0.90673435, 0.98194593, 0.7507406 , 0.8267457 , 0.90884304],
      dtype=float32), 'accuracy': array([0.66976744, 0.94290376, 0.        , 0.26865673, 0.7685185 ],
      dtype=float32), 'f1': {'micro': tensor(0.7583), 'macro': tensor(0.5209), 'none': tensor([0.6344, 0.9460, 0.0000, 0.3364, 0.6878])}}
Training : Epoch [37/50], Loss: 0.5298
Testing : Epoch [37/50], Loss: 0.6948, results: {'mAP': 0.7302457, 'mAR': 0.5338232, 'mAUC': 0.88432187, 'm_Accuracy': 0.5338232, 'ap': array([0.6025641 , 0.9471947 , 1.        , 0.47887325, 0.62259614],
      dtype=float32), 'ar': array([0.65581393, 0.9363785 , 0.02380952, 0.25373134, 0.7993827 ],
      dtype=float32), 'auc': array([0.91582775, 0.9811611 , 0.78917646, 0.82164556, 0.9137985 ],
      dtype=float32), 'accuracy': array([0.65581393, 0.9363785 , 0.02380952, 0.25373134, 0.7993827 ],
      dtype=float32), 'f1': {'micro': tensor(0.7598), 'macro': tensor(0.5296), 'none': tensor([0.6281, 0.9418, 0.0465, 0.3317, 0.7000])}}
Training : Epoch [38/50], Loss: 0.5323
Testing : Epoch [38/50], Loss: 0.6935, results: {'mAP': 0.7245197, 'mAR': 0.54155576, 'mAUC': 0.87892073, 'm_Accuracy': 0.54155576, 'ap': array([0.5846154 , 0.9459902 , 1.        , 0.42352942, 0.6684636 ],
      dtype=float32), 'ar': array([0.7069768 , 0.94290376, 0.02380952, 0.26865673, 0.7654321 ],
      dtype=float32), 'auc': array([0.9119748 , 0.98324645, 0.7762349 , 0.8088327 , 0.914315  ],
      dtype=float32), 'accuracy': array([0.7069768 , 0.94290376, 0.02380952, 0.26865673, 0.7654321 ],
      dtype=float32), 'f1': {'micro': tensor(0.7643), 'macro': tensor(0.5347), 'none': tensor([0.6400, 0.9444, 0.0465, 0.3288, 0.7137])}}
Training : Epoch [39/50], Loss: 0.5050
Testing : Epoch [39/50], Loss: 0.6754, results: {'mAP': 0.5181098, 'mAR': 0.5315418, 'mAUC': 0.87696064, 'm_Accuracy': 0.5315418, 'ap': array([0.6       , 0.93658537, 0.        , 0.41860464, 0.6353591 ],
      dtype=float32), 'ar': array([0.73953485, 0.9396411 , 0.        , 0.26865673, 0.70987654],
      dtype=float32), 'auc': array([0.91485405, 0.97947043, 0.75829446, 0.8266769 , 0.9055076 ],
      dtype=float32), 'accuracy': array([0.73953485, 0.9396411 , 0.        , 0.26865673, 0.70987654],
      dtype=float32), 'f1': {'micro': tensor(0.7538), 'macro': tensor(0.5197), 'none': tensor([0.6625, 0.9381, 0.0000, 0.3273, 0.6706])}}
Training : Epoch [40/50], Loss: 0.5122
Testing : Epoch [40/50], Loss: 0.6796, results: {'mAP': 0.52434415, 'mAR': 0.5268976, 'mAUC': 0.8766103, 'm_Accuracy': 0.5268976, 'ap': array([0.62083334, 0.9395425 , 0.        , 0.43939394, 0.6219512 ],
      dtype=float32), 'ar': array([0.69302326, 0.9380098 , 0.        , 0.21641791, 0.787037  ],
      dtype=float32), 'auc': array([0.9123759 , 0.98192316, 0.7568503 , 0.8199142 , 0.91198784],
      dtype=float32), 'accuracy': array([0.69302326, 0.9380098 , 0.        , 0.21641791, 0.787037  ],
      dtype=float32), 'f1': {'micro': tensor(0.7590), 'macro': tensor(0.5157), 'none': tensor([0.6549, 0.9388, 0.0000, 0.2900, 0.6948])}}
Training : Epoch [41/50], Loss: 0.5125
Testing : Epoch [41/50], Loss: 0.6783, results: {'mAP': 0.7323447, 'mAR': 0.5433943, 'mAUC': 0.88737, 'm_Accuracy': 0.5433943, 'ap': array([0.60956174, 0.94127244, 1.        , 0.46153846, 0.64935064],
      dtype=float32), 'ar': array([0.7116279 , 0.94127244, 0.02380952, 0.26865673, 0.77160496],
      dtype=float32), 'auc': array([0.9168599 , 0.98176116, 0.8192624 , 0.81427664, 0.9046899 ],
      dtype=float32), 'accuracy': array([0.7116279 , 0.94127244, 0.02380952, 0.26865673, 0.77160496],
      dtype=float32), 'f1': {'micro': tensor(0.7658), 'macro': tensor(0.5379), 'none': tensor([0.6567, 0.9413, 0.0465, 0.3396, 0.7052])}}
Saving ./data/aug/0.005_0.0_5/checkpoint_40.pt
Training : Epoch [42/50], Loss: 0.5050
Testing : Epoch [42/50], Loss: 0.6680, results: {'mAP': 0.52861416, 'mAR': 0.5306566, 'mAUC': 0.88560104, 'm_Accuracy': 0.5306566, 'ap': array([0.59126985, 0.9457237 , 0.        , 0.47887325, 0.627204  ],
      dtype=float32), 'ar': array([0.69302326, 0.9380098 , 0.        , 0.25373134, 0.7685185 ],
      dtype=float32), 'auc': array([0.91358364, 0.9802941 , 0.78656596, 0.83346456, 0.9140967 ],
      dtype=float32), 'accuracy': array([0.69302326, 0.9380098 , 0.        , 0.25373134, 0.7685185 ],
      dtype=float32), 'f1': {'micro': tensor(0.7583), 'macro': tensor(0.5205), 'none': tensor([0.6381, 0.9419, 0.0000, 0.3317, 0.6907])}}
Training : Epoch [43/50], Loss: 0.5165
Testing : Epoch [43/50], Loss: 0.6792, results: {'mAP': 0.53621423, 'mAR': 0.53392595, 'mAUC': 0.87645084, 'm_Accuracy': 0.53392595, 'ap': array([0.60408163, 0.94590163, 0.        , 0.4920635 , 0.6390244 ],
      dtype=float32), 'ar': array([0.6883721 , 0.94127244, 0.        , 0.23134328, 0.80864197],
      dtype=float32), 'auc': array([0.91579014, 0.98291105, 0.74026144, 0.828927  , 0.91436416],
      dtype=float32), 'accuracy': array([0.6883721 , 0.94127244, 0.        , 0.23134328, 0.80864197],
      dtype=float32), 'f1': {'micro': tensor(0.7666), 'macro': tensor(0.5231), 'none': tensor([0.6435, 0.9436, 0.0000, 0.3147, 0.7139])}}
Training : Epoch [44/50], Loss: 0.5073
Testing : Epoch [44/50], Loss: 0.6791, results: {'mAP': 0.5129685, 'mAR': 0.52006644, 'mAUC': 0.8760581, 'm_Accuracy': 0.52006644, 'ap': array([0.5652174 , 0.94224423, 0.        , 0.43589744, 0.6214834 ],
      dtype=float32), 'ar': array([0.66511625, 0.9314845 , 0.        , 0.25373134, 0.75      ],
      dtype=float32), 'auc': array([0.9024384 , 0.98064774, 0.7676257 , 0.8259644 , 0.9036139 ],
      dtype=float32), 'accuracy': array([0.66511625, 0.9314845 , 0.        , 0.25373134, 0.75      ],
      dtype=float32), 'f1': {'micro': tensor(0.7462), 'macro': tensor(0.5097), 'none': tensor([0.6111, 0.9368, 0.0000, 0.3208, 0.6797])}}
Training : Epoch [45/50], Loss: 0.4986
Testing : Epoch [45/50], Loss: 0.6688, results: {'mAP': 0.5159112, 'mAR': 0.52436703, 'mAUC': 0.8771722, 'm_Accuracy': 0.52436703, 'ap': array([0.60833335, 0.9398374 , 0.        , 0.4025974 , 0.6287879 ],
      dtype=float32), 'ar': array([0.67906976, 0.94290376, 0.        , 0.23134328, 0.7685185 ],
      dtype=float32), 'auc': array([0.91343737, 0.9803352 , 0.7684959 , 0.818383  , 0.9052094 ],
      dtype=float32), 'accuracy': array([0.67906976, 0.94290376, 0.        , 0.23134328, 0.7685185 ],
      dtype=float32), 'f1': {'micro': tensor(0.7560), 'macro': tensor(0.5137), 'none': tensor([0.6418, 0.9414, 0.0000, 0.2938, 0.6917])}}
