Train size = 5308, Test size = 1328
Classes : ['affected', 'destroyed', 'major', 'minor', 'no_damage']
Training : Epoch [1/50], Loss: 1.4396
Testing : Epoch [1/50], Loss: 1.7794, results: {'mAP': 0.09231928, 'mAR': 0.2, 'mAUC': 0.642113, 'm_Accuracy': 0.2, 'ap': array([0.       , 0.4615964, 0.       , 0.       , 0.       ],
      dtype=float32), 'ar': array([0., 1., 0., 0., 0.], dtype=float32), 'auc': array([0.5838233, 0.8134384, 0.541102 , 0.6072589, 0.6649421],
      dtype=float32), 'accuracy': array([0., 1., 0., 0., 0.], dtype=float32), 'f1': {'micro': tensor(0.4616), 'macro': tensor(0.1263), 'none': tensor([0.0000, 0.6316, 0.0000, 0.0000, 0.0000])}}
Saving ./data/aug/0.05_0.0_50/checkpoint_0.pt
Training : Epoch [2/50], Loss: 1.3160
Testing : Epoch [2/50], Loss: 1.6306, results: {'mAP': 0.09231928, 'mAR': 0.2, 'mAUC': 0.75462633, 'm_Accuracy': 0.2, 'ap': array([0.       , 0.4615964, 0.       , 0.       , 0.       ],
      dtype=float32), 'ar': array([0., 1., 0., 0., 0.], dtype=float32), 'auc': array([0.707754  , 0.9221164 , 0.61537254, 0.7126741 , 0.81521446],
      dtype=float32), 'accuracy': array([0., 1., 0., 0., 0.], dtype=float32), 'f1': {'micro': tensor(0.4616), 'macro': tensor(0.1263), 'none': tensor([0.0000, 0.6316, 0.0000, 0.0000, 0.0000])}}
Training : Epoch [3/50], Loss: 0.9870
Testing : Epoch [3/50], Loss: 1.2119, results: {'mAP': 0.47653612, 'mAR': 0.3703671, 'mAUC': 0.79299533, 'm_Accuracy': 0.3703671, 'ap': array([1.        , 0.97583646, 0.        , 0.        , 0.4068441 ],
      dtype=float32), 'ar': array([0.00465116, 0.8564437 , 0.        , 0.        , 0.9907407 ],
      dtype=float32), 'auc': array([0.76869553, 0.9489362 , 0.6520033 , 0.75720644, 0.8381351 ],
      dtype=float32), 'accuracy': array([0.00465116, 0.8564437 , 0.        , 0.        , 0.9907407 ],
      dtype=float32), 'f1': {'micro': tensor(0.6378), 'macro': tensor(0.2997), 'none': tensor([0.0093, 0.9123, 0.0000, 0.0000, 0.5768])}}
Training : Epoch [4/50], Loss: 0.8508
Testing : Epoch [4/50], Loss: 1.0544, results: {'mAP': 0.42588395, 'mAR': 0.44306192, 'mAUC': 0.8215914, 'm_Accuracy': 0.44306192, 'ap': array([0.7169811 , 0.90180033, 0.        , 0.        , 0.5106383 ],
      dtype=float32), 'ar': array([0.3534884, 0.8988581, 0.       , 0.       , 0.962963 ],
      dtype=float32), 'auc': array([0.873541  , 0.96120423, 0.6495223 , 0.74955   , 0.87413925],
      dtype=float32), 'accuracy': array([0.3534884, 0.8988581, 0.       , 0.       , 0.962963 ],
      dtype=float32), 'f1': {'micro': tensor(0.7071), 'macro': tensor(0.4082), 'none': tensor([0.4735, 0.9003, 0.0000, 0.0000, 0.6674])}}
Training : Epoch [5/50], Loss: 0.7787
Testing : Epoch [5/50], Loss: 0.9749, results: {'mAP': 0.44726056, 'mAR': 0.45526534, 'mAUC': 0.8234209, 'm_Accuracy': 0.45526534, 'ap': array([0.8037383, 0.9269103, 0.       , 0.       , 0.5056543],
      dtype=float32), 'ar': array([0.4      , 0.9102773, 0.       , 0.       , 0.9660494],
      dtype=float32), 'auc': array([0.88591903, 0.9655004 , 0.6546138 , 0.7258869 , 0.8851846 ],
      dtype=float32), 'accuracy': array([0.4      , 0.9102773, 0.       , 0.       , 0.9660494],
      dtype=float32), 'f1': {'micro': tensor(0.7206), 'macro': tensor(0.4233), 'none': tensor([0.5342, 0.9185, 0.0000, 0.0000, 0.6638])}}
Training : Epoch [6/50], Loss: 0.7525
Testing : Epoch [6/50], Loss: 0.9368, results: {'mAP': 0.4114562, 'mAR': 0.4869911, 'mAUC': 0.80875885, 'm_Accuracy': 0.4869911, 'ap': array([0.50161815, 0.966899  , 0.        , 0.        , 0.5887641 ],
      dtype=float32), 'ar': array([0.7209302 , 0.90538335, 0.        , 0.        , 0.80864197],
      dtype=float32), 'auc': array([0.8993961 , 0.9719002 , 0.52858627, 0.74899995, 0.8949111 ],
      dtype=float32), 'accuracy': array([0.7209302 , 0.90538335, 0.        , 0.        , 0.80864197],
      dtype=float32), 'f1': {'micro': tensor(0.7319), 'macro': tensor(0.4416), 'none': tensor([0.5916, 0.9351, 0.0000, 0.0000, 0.6814])}}
Training : Epoch [7/50], Loss: 0.7001
Testing : Epoch [7/50], Loss: 0.8911, results: {'mAP': 0.4339189, 'mAR': 0.48045644, 'mAUC': 0.79641205, 'm_Accuracy': 0.48045644, 'ap': array([0.65909094, 0.9749104 , 0.        , 0.        , 0.5355932 ],
      dtype=float32), 'ar': array([0.53953487, 0.88743883, 0.        , 0.        , 0.97530866],
      dtype=float32), 'auc': array([0.8900186 , 0.973819  , 0.45895356, 0.759344  , 0.899925  ],
      dtype=float32), 'accuracy': array([0.53953487, 0.88743883, 0.        , 0.        , 0.97530866],
      dtype=float32), 'f1': {'micro': tensor(0.7349), 'macro': tensor(0.4428), 'none': tensor([0.5934, 0.9291, 0.0000, 0.0000, 0.6915])}}
Training : Epoch [8/50], Loss: 0.6713
Testing : Epoch [8/50], Loss: 0.8455, results: {'mAP': 0.512226, 'mAR': 0.48994082, 'mAUC': 0.8447975, 'm_Accuracy': 0.48994082, 'ap': array([0.6175115 , 0.9622642 , 0.        , 0.42857143, 0.55278313],
      dtype=float32), 'ar': array([0.6232558 , 0.91517127, 0.        , 0.02238806, 0.8888889 ],
      dtype=float32), 'auc': array([0.91026974, 0.98040587, 0.64235723, 0.78880095, 0.90215373],
      dtype=float32), 'accuracy': array([0.6232558 , 0.91517127, 0.        , 0.02238806, 0.8888889 ],
      dtype=float32), 'f1': {'micro': tensor(0.7425), 'macro': tensor(0.4565), 'none': tensor([0.6204, 0.9381, 0.0000, 0.0426, 0.6817])}}
Training : Epoch [9/50], Loss: 0.6718
Testing : Epoch [9/50], Loss: 0.8430, results: {'mAP': 0.5291904, 'mAR': 0.50917685, 'mAUC': 0.8588254, 'm_Accuracy': 0.50917685, 'ap': array([0.5951417 , 0.95469797, 0.        , 0.5       , 0.5961123 ],
      dtype=float32), 'ar': array([0.68372095, 0.9282219 , 0.        , 0.08208955, 0.8518519 ],
      dtype=float32), 'auc': array([0.90441924, 0.98069793, 0.7021958 , 0.79388237, 0.9129316 ],
      dtype=float32), 'accuracy': array([0.68372095, 0.9282219 , 0.        , 0.08208955, 0.8518519 ],
      dtype=float32), 'f1': {'micro': tensor(0.7553), 'macro': tensor(0.4840), 'none': tensor([0.6364, 0.9413, 0.0000, 0.1410, 0.7014])}}
Training : Epoch [10/50], Loss: 0.6108
Testing : Epoch [10/50], Loss: 0.7797, results: {'mAP': 0.80897725, 'mAR': 0.52620757, 'mAUC': 0.8799566, 'm_Accuracy': 0.52620757, 'ap': array([0.54966885, 0.9390445 , 1.        , 0.9166667 , 0.63950616],
      dtype=float32), 'ar': array([0.772093  , 0.9298532 , 0.04761905, 0.08208955, 0.7993827 ],
      dtype=float32), 'auc': array([0.9068639 , 0.97998834, 0.8051729 , 0.79862   , 0.90913814],
      dtype=float32), 'accuracy': array([0.772093  , 0.9298532 , 0.04761905, 0.08208955, 0.7993827 ],
      dtype=float32), 'f1': {'micro': tensor(0.7590), 'macro': tensor(0.5057), 'none': tensor([0.6422, 0.9344, 0.0909, 0.1507, 0.7106])}}
Training : Epoch [11/50], Loss: 0.5826
Testing : Epoch [11/50], Loss: 0.7537, results: {'mAP': 0.56383926, 'mAR': 0.5426933, 'mAUC': 0.88950527, 'm_Accuracy': 0.5426933, 'ap': array([0.6666667 , 0.9653979 , 0.        , 0.58208954, 0.60504204],
      dtype=float32), 'ar': array([0.6232558 , 0.9102773 , 0.        , 0.29104477, 0.8888889 ],
      dtype=float32), 'auc': array([0.91187865, 0.97908944, 0.8265941 , 0.80872023, 0.921244  ],
      dtype=float32), 'accuracy': array([0.6232558 , 0.9102773 , 0.        , 0.29104477, 0.8888889 ],
      dtype=float32), 'f1': {'micro': tensor(0.7673), 'macro': tensor(0.5379), 'none': tensor([0.6442, 0.9370, 0.0000, 0.3881, 0.7200])}}
Saving ./data/aug/0.05_0.0_50/checkpoint_10.pt
Training : Epoch [12/50], Loss: 0.5422
Testing : Epoch [12/50], Loss: 0.7160, results: {'mAP': 0.64784276, 'mAR': 0.54555255, 'mAUC': 0.88522226, 'm_Accuracy': 0.54555255, 'ap': array([0.69473684, 0.9100946 , 0.5714286 , 0.42857143, 0.63438255],
      dtype=float32), 'ar': array([0.6139535 , 0.94127244, 0.0952381 , 0.26865673, 0.80864197],
      dtype=float32), 'auc': array([0.90711886, 0.9798058 , 0.8297601 , 0.7989512 , 0.9104754 ],
      dtype=float32), 'accuracy': array([0.6139535 , 0.94127244, 0.0952381 , 0.26865673, 0.80864197],
      dtype=float32), 'f1': {'micro': tensor(0.7613), 'macro': tensor(0.5564), 'none': tensor([0.6519, 0.9254, 0.1633, 0.3303, 0.7110])}}
Training : Epoch [13/50], Loss: 0.5030
Testing : Epoch [13/50], Loss: 0.6712, results: {'mAP': 0.8226644, 'mAR': 0.5130682, 'mAUC': 0.8826183, 'm_Accuracy': 0.5130682, 'ap': array([0.5540541, 0.9379085, 1.       , 1.       , 0.6213592],
      dtype=float32), 'ar': array([0.7627907 , 0.9363785 , 0.02380952, 0.05223881, 0.79012346],
      dtype=float32), 'auc': array([0.8984224 , 0.9830616 , 0.79730433, 0.8216393 , 0.9126642 ],
      dtype=float32), 'accuracy': array([0.7627907 , 0.9363785 , 0.02380952, 0.05223881, 0.79012346],
      dtype=float32), 'f1': {'micro': tensor(0.7545), 'macro': tensor(0.4841), 'none': tensor([0.6419, 0.9371, 0.0465, 0.0993, 0.6957])}}
Training : Epoch [14/50], Loss: 0.6463
Testing : Epoch [14/50], Loss: 0.8509, results: {'mAP': 0.5278368, 'mAR': 0.45814276, 'mAUC': 0.8458912, 'm_Accuracy': 0.45814276, 'ap': array([0.5721925 , 0.84162897, 0.        , 0.6666667 , 0.5586957 ],
      dtype=float32), 'ar': array([0.4976744 , 0.9102773 , 0.        , 0.08955224, 0.79320985],
      dtype=float32), 'auc': array([0.8658977 , 0.96033263, 0.7529993 , 0.76639414, 0.883832  ],
      dtype=float32), 'accuracy': array([0.4976744 , 0.9102773 , 0.        , 0.08955224, 0.79320985],
      dtype=float32), 'f1': {'micro': tensor(0.7033), 'macro': tensor(0.4441), 'none': tensor([0.5323, 0.8746, 0.0000, 0.1579, 0.6556])}}
Training : Epoch [15/50], Loss: 0.7020
Testing : Epoch [15/50], Loss: 0.8943, results: {'mAP': 0.5266224, 'mAR': 0.49070978, 'mAUC': 0.86166716, 'm_Accuracy': 0.49070978, 'ap': array([0.67460316, 0.9451115 , 0.        , 0.47945204, 0.53394496],
      dtype=float32), 'ar': array([0.39534885, 0.8988581 , 0.        , 0.26119402, 0.8981481 ],
      dtype=float32), 'auc': array([0.8616227, 0.9688794, 0.7610531, 0.809914 , 0.9068664],
      dtype=float32), 'accuracy': array([0.39534885, 0.8988581 , 0.        , 0.26119402, 0.8981481 ],
      dtype=float32), 'f1': {'micro': tensor(0.7244), 'macro': tensor(0.4856), 'none': tensor([0.4985, 0.9214, 0.0000, 0.3382, 0.6697])}}
Training : Epoch [16/50], Loss: 0.5473
Testing : Epoch [16/50], Loss: 0.7216, results: {'mAP': 0.5706655, 'mAR': 0.54405636, 'mAUC': 0.8825471, 'm_Accuracy': 0.54405636, 'ap': array([0.6231884 , 0.94863015, 0.2       , 0.45882353, 0.6226852 ],
      dtype=float32), 'ar': array([0.6       , 0.903752  , 0.0952381 , 0.29104477, 0.8302469 ],
      dtype=float32), 'auc': array([0.8930149 , 0.97541153, 0.8184107 , 0.81425786, 0.91164047],
      dtype=float32), 'accuracy': array([0.6       , 0.903752  , 0.0952381 , 0.29104477, 0.8302469 ],
      dtype=float32), 'f1': {'micro': tensor(0.7492), 'macro': tensor(0.5468), 'none': tensor([0.6114, 0.9256, 0.1290, 0.3562, 0.7116])}}
Training : Epoch [17/50], Loss: 0.4742
Testing : Epoch [17/50], Loss: 0.6566, results: {'mAP': 0.62331426, 'mAR': 0.56897503, 'mAUC': 0.8962084, 'm_Accuracy': 0.56897503, 'ap': array([0.7714286 , 0.9820144 , 0.24324325, 0.5443038 , 0.5755814 ],
      dtype=float32), 'ar': array([0.5023256 , 0.8907015 , 0.21428572, 0.32089552, 0.9166667 ],
      dtype=float32), 'auc': array([0.9146911 , 0.9806158 , 0.8329445 , 0.8357397 , 0.91705096],
      dtype=float32), 'accuracy': array([0.5023256 , 0.8907015 , 0.21428572, 0.32089552, 0.9166667 ],
      dtype=float32), 'f1': {'micro': tensor(0.7553), 'macro': tensor(0.5763), 'none': tensor([0.6085, 0.9341, 0.2278, 0.4038, 0.7071])}}
Training : Epoch [18/50], Loss: 0.4302
Testing : Epoch [18/50], Loss: 0.5905, results: {'mAP': 0.61109143, 'mAR': 0.5727643, 'mAUC': 0.90069044, 'm_Accuracy': 0.5727643, 'ap': array([0.65217394, 0.95784146, 0.16129032, 0.62068963, 0.66346157],
      dtype=float32), 'ar': array([0.6976744 , 0.92659056, 0.11904762, 0.26865673, 0.8518519 ],
      dtype=float32), 'auc': array([0.9134458 , 0.9834472 , 0.84133154, 0.8475587 , 0.9176688 ],
      dtype=float32), 'accuracy': array([0.6976744 , 0.92659056, 0.11904762, 0.26865673, 0.8518519 ],
      dtype=float32), 'f1': {'micro': tensor(0.7794), 'macro': tensor(0.5748), 'none': tensor([0.6742, 0.9420, 0.1370, 0.3750, 0.7459])}}
Training : Epoch [19/50], Loss: 0.3818
Testing : Epoch [19/50], Loss: 0.5484, results: {'mAP': 0.62215245, 'mAR': 0.5940388, 'mAUC': 0.9032656, 'm_Accuracy': 0.5940388, 'ap': array([0.61264825, 0.95049506, 0.35714287, 0.45714286, 0.73333335],
      dtype=float32), 'ar': array([0.7209302 , 0.9396411 , 0.11904762, 0.47761193, 0.712963  ],
      dtype=float32), 'auc': array([0.90532607, 0.98442376, 0.85232913, 0.8550339 , 0.91921514],
      dtype=float32), 'accuracy': array([0.7209302 , 0.9396411 , 0.11904762, 0.47761193, 0.712963  ],
      dtype=float32), 'f1': {'micro': tensor(0.7764), 'macro': tensor(0.5952), 'none': tensor([0.6624, 0.9450, 0.1786, 0.4672, 0.7230])}}
Training : Epoch [20/50], Loss: 0.3565
Testing : Epoch [20/50], Loss: 0.5467, results: {'mAP': 0.6146435, 'mAR': 0.59288156, 'mAUC': 0.89122427, 'm_Accuracy': 0.59288156, 'ap': array([0.6923077 , 0.96308726, 0.36363637, 0.34418604, 0.71      ],
      dtype=float32), 'ar': array([0.627907 , 0.9363785, 0.1904762, 0.5522388, 0.6574074],
      dtype=float32), 'auc': array([0.9185357 , 0.9837484 , 0.8009331 , 0.83517087, 0.9177334 ],
      dtype=float32), 'accuracy': array([0.627907 , 0.9363785, 0.1904762, 0.5522388, 0.6574074],
      dtype=float32), 'f1': {'micro': tensor(0.7560), 'macro': tensor(0.5930), 'none': tensor([0.6585, 0.9495, 0.2500, 0.4241, 0.6827])}}
Training : Epoch [21/50], Loss: 0.3051
Testing : Epoch [21/50], Loss: 0.4837, results: {'mAP': 0.62015367, 'mAR': 0.5969722, 'mAUC': 0.90120715, 'm_Accuracy': 0.5969722, 'ap': array([0.62096775, 0.91317827, 0.29268292, 0.5466667 , 0.72727275],
      dtype=float32), 'ar': array([0.7162791 , 0.9608483 , 0.2857143 , 0.30597016, 0.7160494 ],
      dtype=float32), 'auc': array([0.91123927, 0.98413396, 0.8569762 , 0.8397648 , 0.9139215 ],
      dtype=float32), 'accuracy': array([0.7162791 , 0.9608483 , 0.2857143 , 0.30597016, 0.7160494 ],
      dtype=float32), 'f1': {'micro': tensor(0.7741), 'macro': tensor(0.6010), 'none': tensor([0.6652, 0.9364, 0.2892, 0.3923, 0.7216])}}
Saving ./data/aug/0.05_0.0_50/checkpoint_20.pt
Training : Epoch [22/50], Loss: 0.2547
Testing : Epoch [22/50], Loss: 0.4377, results: {'mAP': 0.6111104, 'mAR': 0.6132653, 'mAUC': 0.90893173, 'm_Accuracy': 0.6132653, 'ap': array([0.6372549 , 0.94796747, 0.21568628, 0.50769234, 0.7469512 ],
      dtype=float32), 'ar': array([0.60465115, 0.95106035, 0.26190478, 0.49253732, 0.75617284],
      dtype=float32), 'auc': array([0.8962661 , 0.9826715 , 0.87310225, 0.87344056, 0.91917825],
      dtype=float32), 'accuracy': array([0.60465115, 0.95106035, 0.26190478, 0.49253732, 0.75617284],
      dtype=float32), 'f1': {'micro': tensor(0.7794), 'macro': tensor(0.6116), 'none': tensor([0.6205, 0.9495, 0.2366, 0.5000, 0.7515])}}
Training : Epoch [23/50], Loss: 0.2366
Testing : Epoch [23/50], Loss: 0.4320, results: {'mAP': 0.62793404, 'mAR': 0.58846605, 'mAUC': 0.9007149, 'm_Accuracy': 0.58846605, 'ap': array([0.6806283 , 0.9598662 , 0.33333334, 0.49242425, 0.67341775],
      dtype=float32), 'ar': array([0.60465115, 0.9363785 , 0.0952381 , 0.48507464, 0.82098764],
      dtype=float32), 'auc': array([0.90899515, 0.98443514, 0.82681626, 0.8590527 , 0.9242751 ],
      dtype=float32), 'accuracy': array([0.60465115, 0.9363785 , 0.0952381 , 0.48507464, 0.82098764],
      dtype=float32), 'f1': {'micro': tensor(0.7824), 'macro': tensor(0.5930), 'none': tensor([0.6404, 0.9480, 0.1481, 0.4887, 0.7399])}}
Training : Epoch [24/50], Loss: 0.2098
Testing : Epoch [24/50], Loss: 0.4075, results: {'mAP': 0.63540184, 'mAR': 0.6248432, 'mAUC': 0.9007162, 'm_Accuracy': 0.6248432, 'ap': array([0.6923077 , 0.95364237, 0.26530612, 0.5769231 , 0.6888298 ],
      dtype=float32), 'ar': array([0.627907  , 0.9396411 , 0.30952382, 0.4477612 , 0.7993827 ],
      dtype=float32), 'auc': array([0.90618694, 0.984677  , 0.8339443 , 0.8592965 , 0.9194764 ],
      dtype=float32), 'accuracy': array([0.627907  , 0.9396411 , 0.30952382, 0.4477612 , 0.7993827 ],
      dtype=float32), 'f1': {'micro': tensor(0.7854), 'macro': tensor(0.6270), 'none': tensor([0.6585, 0.9466, 0.2857, 0.5042, 0.7400])}}
Training : Epoch [25/50], Loss: 0.1884
Testing : Epoch [25/50], Loss: 0.3761, results: {'mAP': 0.6064027, 'mAR': 0.60220176, 'mAUC': 0.90132177, 'm_Accuracy': 0.60220176, 'ap': array([0.66504854, 0.94271684, 0.19148937, 0.5       , 0.73275864],
      dtype=float32), 'ar': array([0.6372093 , 0.9396411 , 0.21428572, 0.43283582, 0.787037  ],
      dtype=float32), 'auc': array([0.91092587, 0.9824958 , 0.82942677, 0.86578417, 0.91797626],
      dtype=float32), 'accuracy': array([0.6372093 , 0.9396411 , 0.21428572, 0.43283582, 0.787037  ],
      dtype=float32), 'f1': {'micro': tensor(0.7794), 'macro': tensor(0.6034), 'none': tensor([0.6508, 0.9412, 0.2022, 0.4640, 0.7589])}}
Training : Epoch [26/50], Loss: 0.1461
Testing : Epoch [26/50], Loss: 0.3563, results: {'mAP': 0.6456002, 'mAR': 0.61061496, 'mAUC': 0.89675456, 'm_Accuracy': 0.61061496, 'ap': array([0.6622807, 0.953411 , 0.2631579, 0.6619718, 0.6871795],
      dtype=float32), 'ar': array([0.7023256 , 0.93474716, 0.23809524, 0.35074627, 0.8271605 ],
      dtype=float32), 'auc': array([0.91009426, 0.98266923, 0.8201881 , 0.84595865, 0.92486227],
      dtype=float32), 'accuracy': array([0.7023256 , 0.93474716, 0.23809524, 0.35074627, 0.8271605 ],
      dtype=float32), 'f1': {'micro': tensor(0.7899), 'macro': tensor(0.6170), 'none': tensor([0.6817, 0.9440, 0.2500, 0.4585, 0.7507])}}
Training : Epoch [27/50], Loss: 0.1322
Testing : Epoch [27/50], Loss: 0.3565, results: {'mAP': 0.6020753, 'mAR': 0.59614706, 'mAUC': 0.8903993, 'm_Accuracy': 0.59614706, 'ap': array([0.65284973, 0.9576271 , 0.19148937, 0.5089286 , 0.69948184],
      dtype=float32), 'ar': array([0.5860465 , 0.9216966 , 0.21428572, 0.42537314, 0.8333333 ],
      dtype=float32), 'auc': array([0.89395934, 0.98151016, 0.8022662 , 0.85500264, 0.9192582 ],
      dtype=float32), 'accuracy': array([0.5860465 , 0.9216966 , 0.21428572, 0.42537314, 0.8333333 ],
      dtype=float32), 'f1': {'micro': tensor(0.7733), 'macro': tensor(0.5966), 'none': tensor([0.6176, 0.9393, 0.2022, 0.4634, 0.7606])}}
Training : Epoch [28/50], Loss: 0.1116
Testing : Epoch [28/50], Loss: 0.3357, results: {'mAP': 0.60456717, 'mAR': 0.6121475, 'mAUC': 0.90087336, 'm_Accuracy': 0.6121475, 'ap': array([0.5687732 , 0.9625213 , 0.21428572, 0.5535714 , 0.7236842 ],
      dtype=float32), 'ar': array([0.7116279 , 0.9216966 , 0.2857143 , 0.46268657, 0.67901236],
      dtype=float32), 'auc': array([0.9076454 , 0.9817748 , 0.82783455, 0.86866546, 0.9184466 ],
      dtype=float32), 'accuracy': array([0.7116279 , 0.9216966 , 0.2857143 , 0.46268657, 0.67901236],
      dtype=float32), 'f1': {'micro': tensor(0.7620), 'macro': tensor(0.6047), 'none': tensor([0.6322, 0.9417, 0.2449, 0.5041, 0.7006])}}
Training : Epoch [29/50], Loss: 0.0928
Testing : Epoch [29/50], Loss: 0.3132, results: {'mAP': 0.64658463, 'mAR': 0.62647885, 'mAUC': 0.88448346, 'm_Accuracy': 0.62647885, 'ap': array([0.61328125, 0.9585406 , 0.32258064, 0.59      , 0.74852073],
      dtype=float32), 'ar': array([0.73023254, 0.94290376, 0.23809524, 0.4402985 , 0.7808642 ],
      dtype=float32), 'auc': array([0.91184103, 0.9824296 , 0.74005777, 0.8633466 , 0.9247424 ],
      dtype=float32), 'accuracy': array([0.73023254, 0.94290376, 0.23809524, 0.4402985 , 0.7808642 ],
      dtype=float32), 'f1': {'micro': tensor(0.7959), 'macro': tensor(0.6320), 'none': tensor([0.6667, 0.9507, 0.2740, 0.5043, 0.7644])}}
Training : Epoch [30/50], Loss: 0.1006
Testing : Epoch [30/50], Loss: 0.3410, results: {'mAP': 0.5840207, 'mAR': 0.57650673, 'mAUC': 0.8975867, 'm_Accuracy': 0.57650673, 'ap': array([0.53035146, 0.95454544, 0.13793103, 0.5576923 , 0.7395833 ],
      dtype=float32), 'ar': array([0.772093  , 0.92495924, 0.0952381 , 0.43283582, 0.6574074 ],
      dtype=float32), 'auc': array([0.903036  , 0.9813459 , 0.82292825, 0.85947776, 0.9211457 ],
      dtype=float32), 'accuracy': array([0.772093  , 0.92495924, 0.0952381 , 0.43283582, 0.6574074 ],
      dtype=float32), 'f1': {'micro': tensor(0.7590), 'macro': tensor(0.5729), 'none': tensor([0.6288, 0.9395, 0.1127, 0.4874, 0.6961])}}
Training : Epoch [31/50], Loss: 0.0853
Testing : Epoch [31/50], Loss: 0.3256, results: {'mAP': 0.6423892, 'mAR': 0.616077, 'mAUC': 0.90230095, 'm_Accuracy': 0.616077, 'ap': array([0.58759123, 0.9677966 , 0.27027026, 0.6533333 , 0.73295456],
      dtype=float32), 'ar': array([0.74883723, 0.9314845 , 0.23809524, 0.36567163, 0.7962963 ],
      dtype=float32), 'auc': array([0.910976  , 0.98198473, 0.84879285, 0.8361397 , 0.9336112 ],
      dtype=float32), 'accuracy': array([0.74883723, 0.9314845 , 0.23809524, 0.36567163, 0.7962963 ],
      dtype=float32), 'f1': {'micro': tensor(0.7899), 'macro': tensor(0.6186), 'none': tensor([0.6585, 0.9493, 0.2532, 0.4689, 0.7633])}}
Saving ./data/aug/0.05_0.0_50/checkpoint_30.pt
Training : Epoch [32/50], Loss: 0.0552
Testing : Epoch [32/50], Loss: 0.2886, results: {'mAP': 0.6278407, 'mAR': 0.6069339, 'mAUC': 0.9037002, 'm_Accuracy': 0.6069339, 'ap': array([0.6122449 , 0.9402262 , 0.25      , 0.57758623, 0.75914633],
      dtype=float32), 'ar': array([0.6976744 , 0.94942904, 0.11904762, 0.5       , 0.7685185 ],
      dtype=float32), 'auc': array([0.90403056, 0.9846405 , 0.84323853, 0.8602778 , 0.9263133 ],
      dtype=float32), 'accuracy': array([0.6976744 , 0.94942904, 0.11904762, 0.5       , 0.7685185 ],
      dtype=float32), 'f1': {'micro': tensor(0.7929), 'macro': tensor(0.6116), 'none': tensor([0.6522, 0.9448, 0.1613, 0.5360, 0.7638])}}
Training : Epoch [33/50], Loss: 0.0488
Testing : Epoch [33/50], Loss: 0.2865, results: {'mAP': 0.6421833, 'mAR': 0.631076, 'mAUC': 0.91156197, 'm_Accuracy': 0.631076, 'ap': array([0.61885244, 0.95348835, 0.35897437, 0.55445546, 0.7251462 ],
      dtype=float32), 'ar': array([0.7023256 , 0.9363785 , 0.33333334, 0.41791046, 0.7654321 ],
      dtype=float32), 'auc': array([0.91274786, 0.98385334, 0.88017476, 0.86016524, 0.920869  ],
      dtype=float32), 'accuracy': array([0.7023256 , 0.9363785 , 0.33333334, 0.41791046, 0.7654321 ],
      dtype=float32), 'f1': {'micro': tensor(0.7854), 'macro': tensor(0.6340), 'none': tensor([0.6580, 0.9449, 0.3457, 0.4766, 0.7447])}}
Training : Epoch [34/50], Loss: 0.0479
Testing : Epoch [34/50], Loss: 0.2890, results: {'mAP': 0.61934805, 'mAR': 0.60510224, 'mAUC': 0.881271, 'm_Accuracy': 0.60510224, 'ap': array([0.62660944, 0.9522241 , 0.28      , 0.50793654, 0.72997034],
      dtype=float32), 'ar': array([0.67906976, 0.94290376, 0.16666667, 0.47761193, 0.7592593 ],
      dtype=float32), 'auc': array([0.9073111 , 0.98395145, 0.7336333 , 0.8562527 , 0.9252066 ],
      dtype=float32), 'accuracy': array([0.67906976, 0.94290376, 0.16666667, 0.47761193, 0.7592593 ],
      dtype=float32), 'f1': {'micro': tensor(0.7839), 'macro': tensor(0.6090), 'none': tensor([0.6518, 0.9475, 0.2090, 0.4923, 0.7443])}}
Training : Epoch [35/50], Loss: 0.0439
Testing : Epoch [35/50], Loss: 0.3049, results: {'mAP': 0.62655467, 'mAR': 0.6207422, 'mAUC': 0.8953949, 'm_Accuracy': 0.6207422, 'ap': array([0.6051502, 0.9548495, 0.3      , 0.5614035, 0.7113703],
      dtype=float32), 'ar': array([0.65581393, 0.9314845 , 0.2857143 , 0.47761193, 0.75308645],
      dtype=float32), 'auc': array([0.90266407, 0.97924   , 0.80511737, 0.869253  , 0.9206999 ],
      dtype=float32), 'accuracy': array([0.65581393, 0.9314845 , 0.2857143 , 0.47761193, 0.75308645],
      dtype=float32), 'f1': {'micro': tensor(0.7771), 'macro': tensor(0.6226), 'none': tensor([0.6295, 0.9430, 0.2927, 0.5161, 0.7316])}}
Training : Epoch [36/50], Loss: 0.0429
Testing : Epoch [36/50], Loss: 0.2976, results: {'mAP': 0.6138214, 'mAR': 0.60427076, 'mAUC': 0.90383255, 'm_Accuracy': 0.60427076, 'ap': array([0.63179916, 0.96153843, 0.25      , 0.503876  , 0.7218935 ],
      dtype=float32), 'ar': array([0.7023256 , 0.9380098 , 0.14285715, 0.48507464, 0.75308645],
      dtype=float32), 'auc': array([0.9123927 , 0.98377806, 0.85582834, 0.83847094, 0.92869264],
      dtype=float32), 'accuracy': array([0.7023256 , 0.9380098 , 0.14285715, 0.48507464, 0.75308645],
      dtype=float32), 'f1': {'micro': tensor(0.7839), 'macro': tensor(0.6056), 'none': tensor([0.6652, 0.9496, 0.1818, 0.4943, 0.7372])}}
Training : Epoch [37/50], Loss: 0.0350
Testing : Epoch [37/50], Loss: 0.2915, results: {'mAP': 0.62221277, 'mAR': 0.6029541, 'mAUC': 0.90673983, 'm_Accuracy': 0.6029541, 'ap': array([0.61538464, 0.94892913, 0.27586207, 0.54545456, 0.7254335 ],
      dtype=float32), 'ar': array([0.7069768 , 0.9396411 , 0.1904762 , 0.40298507, 0.77469134],
      dtype=float32), 'auc': array([0.91042435, 0.98262584, 0.85416204, 0.86425287, 0.9222339 ],
      dtype=float32), 'accuracy': array([0.7069768 , 0.9396411 , 0.1904762 , 0.40298507, 0.77469134],
      dtype=float32), 'f1': {'micro': tensor(0.7839), 'macro': tensor(0.6081), 'none': tensor([0.6580, 0.9443, 0.2254, 0.4635, 0.7493])}}
Training : Epoch [38/50], Loss: 0.0334
Testing : Epoch [38/50], Loss: 0.2929, results: {'mAP': 0.6040692, 'mAR': 0.5987114, 'mAUC': 0.9050649, 'm_Accuracy': 0.5987114, 'ap': array([0.5910931 , 0.97084045, 0.18518518, 0.5508475 , 0.7223796 ],
      dtype=float32), 'ar': array([0.67906976, 0.9233279 , 0.11904762, 0.48507464, 0.787037  ],
      dtype=float32), 'auc': array([0.90752   , 0.9821239 , 0.8368881 , 0.86650914, 0.9322832 ],
      dtype=float32), 'accuracy': array([0.67906976, 0.9233279 , 0.11904762, 0.48507464, 0.787037  ],
      dtype=float32), 'f1': {'micro': tensor(0.7809), 'macro': tensor(0.5985), 'none': tensor([0.6320, 0.9465, 0.1449, 0.5159, 0.7533])}}
Training : Epoch [39/50], Loss: 0.0252
