Train size = 5308, Test size = 1328
Classes : ['affected', 'destroyed', 'major', 'minor', 'no_damage']
Training : Epoch [1/50], Loss: 1.5456
Testing : Epoch [1/50], Loss: 1.9190, results: {'mAP': 0.09231928, 'mAR': 0.2, 'mAUC': 0.5682965, 'm_Accuracy': 0.2, 'ap': array([0.       , 0.4615964, 0.       , 0.       , 0.       ],
      dtype=float32), 'ar': array([0., 1., 0., 0., 0.], dtype=float32), 'auc': array([0.49567688, 0.6556703 , 0.5491002 , 0.6370972 , 0.50393796],
      dtype=float32), 'accuracy': array([0., 1., 0., 0., 0.], dtype=float32), 'f1': {'micro': tensor(0.4616), 'macro': tensor(0.1263), 'none': tensor([0.0000, 0.6316, 0.0000, 0.0000, 0.0000])}}
Saving ./data/aug/0.01_0.0_5/checkpoint_0.pt
Training : Epoch [2/50], Loss: 1.4120
Testing : Epoch [2/50], Loss: 1.7556, results: {'mAP': 0.09231928, 'mAR': 0.2, 'mAUC': 0.61946887, 'm_Accuracy': 0.2, 'ap': array([0.       , 0.4615964, 0.       , 0.       , 0.       ],
      dtype=float32), 'ar': array([0., 1., 0., 0., 0.], dtype=float32), 'auc': array([0.5427067 , 0.7935705 , 0.5125713 , 0.6520788 , 0.59641683],
      dtype=float32), 'accuracy': array([0., 1., 0., 0., 0.], dtype=float32), 'f1': {'micro': tensor(0.4616), 'macro': tensor(0.1263), 'none': tensor([0.0000, 0.6316, 0.0000, 0.0000, 0.0000])}}
Training : Epoch [3/50], Loss: 1.3307
Testing : Epoch [3/50], Loss: 1.6543, results: {'mAP': 0.09231928, 'mAR': 0.2, 'mAUC': 0.730952, 'm_Accuracy': 0.2, 'ap': array([0.       , 0.4615964, 0.       , 0.       , 0.       ],
      dtype=float32), 'ar': array([0., 1., 0., 0., 0.], dtype=float32), 'auc': array([0.68639964, 0.8977549 , 0.629175  , 0.71373034, 0.7277003 ],
      dtype=float32), 'accuracy': array([0., 1., 0., 0., 0.], dtype=float32), 'f1': {'micro': tensor(0.4616), 'macro': tensor(0.1263), 'none': tensor([0.0000, 0.6316, 0.0000, 0.0000, 0.0000])}}
Training : Epoch [4/50], Loss: 1.1774
Testing : Epoch [4/50], Loss: 1.4272, results: {'mAP': 0.25048774, 'mAR': 0.35555655, 'mAUC': 0.7664774, 'm_Accuracy': 0.35555655, 'ap': array([0.        , 0.8165414 , 0.        , 0.        , 0.43589744],
      dtype=float32), 'ar': array([0.       , 0.8858075, 0.       , 0.       , 0.8919753],
      dtype=float32), 'auc': array([0.74655133, 0.9318564 , 0.6419684 , 0.70551765, 0.80649316],
      dtype=float32), 'accuracy': array([0.       , 0.8858075, 0.       , 0.       , 0.8919753],
      dtype=float32), 'f1': {'micro': tensor(0.6265), 'macro': tensor(0.2871), 'none': tensor([0.0000, 0.8498, 0.0000, 0.0000, 0.5856])}}
Training : Epoch [5/50], Loss: 0.9348
Testing : Epoch [5/50], Loss: 1.1609, results: {'mAP': 0.26528898, 'mAR': 0.36783177, 'mAUC': 0.7939251, 'm_Accuracy': 0.36783177, 'ap': array([0.       , 0.8998331, 0.       , 0.       , 0.4266118],
      dtype=float32), 'ar': array([0.        , 0.87928224, 0.        , 0.        , 0.95987654],
      dtype=float32), 'auc': array([0.78312546, 0.94291747, 0.68577355, 0.73491836, 0.8228905 ],
      dtype=float32), 'accuracy': array([0.        , 0.87928224, 0.        , 0.        , 0.95987654],
      dtype=float32), 'f1': {'micro': tensor(0.6401), 'macro': tensor(0.2960), 'none': tensor([0.0000, 0.8894, 0.0000, 0.0000, 0.5907])}}
Training : Epoch [6/50], Loss: 0.8762
Testing : Epoch [6/50], Loss: 1.0903, results: {'mAP': 0.3862382, 'mAR': 0.39292613, 'mAUC': 0.80128413, 'm_Accuracy': 0.39292613, 'ap': array([0.5531915 , 0.9340278 , 0.        , 0.        , 0.44397163],
      dtype=float32), 'ar': array([0.12093023, 0.8776509 , 0.        , 0.        , 0.9660494 ],
      dtype=float32), 'auc': array([0.8261727 , 0.9556646 , 0.63487744, 0.74151856, 0.8481875 ],
      dtype=float32), 'accuracy': array([0.12093023, 0.8776509 , 0.        , 0.        , 0.9660494 ],
      dtype=float32), 'f1': {'micro': tensor(0.6604), 'macro': tensor(0.3424), 'none': tensor([0.1985, 0.9050, 0.0000, 0.0000, 0.6084])}}
Training : Epoch [7/50], Loss: 0.8345
Testing : Epoch [7/50], Loss: 1.0320, results: {'mAP': 0.4152673, 'mAR': 0.44829383, 'mAUC': 0.8243192, 'm_Accuracy': 0.44829383, 'ap': array([0.6594203, 0.9009585, 0.       , 0.       , 0.5159575],
      dtype=float32), 'ar': array([0.4232558, 0.9200652, 0.       , 0.       , 0.8981481],
      dtype=float32), 'auc': array([0.8724211 , 0.9685691 , 0.67588687, 0.7402935 , 0.864425  ],
      dtype=float32), 'accuracy': array([0.4232558, 0.9200652, 0.       , 0.       , 0.8981481],
      dtype=float32), 'f1': {'micro': tensor(0.7123), 'macro': tensor(0.4163), 'none': tensor([0.5156, 0.9104, 0.0000, 0.0000, 0.6554])}}
Training : Epoch [8/50], Loss: 0.7710
Testing : Epoch [8/50], Loss: 0.9709, results: {'mAP': 0.407024, 'mAR': 0.44234973, 'mAUC': 0.8337619, 'm_Accuracy': 0.44234973, 'ap': array([0.6551724 , 0.82758623, 0.        , 0.        , 0.55236137],
      dtype=float32), 'ar': array([0.44186047, 0.9396411 , 0.        , 0.        , 0.8302469 ],
      dtype=float32), 'auc': array([0.87010175, 0.9682428 , 0.70612085, 0.7452124 , 0.8791316 ],
      dtype=float32), 'accuracy': array([0.44186047, 0.9396411 , 0.        , 0.        , 0.8302469 ],
      dtype=float32), 'f1': {'micro': tensor(0.7078), 'macro': tensor(0.4142), 'none': tensor([0.5278, 0.8801, 0.0000, 0.0000, 0.6634])}}
Training : Epoch [9/50], Loss: 0.7394
Testing : Epoch [9/50], Loss: 0.9265, results: {'mAP': 0.40950403, 'mAR': 0.46039897, 'mAUC': 0.8458921, 'm_Accuracy': 0.46039897, 'ap': array([0.61413044, 0.8682635 , 0.        , 0.        , 0.56512606],
      dtype=float32), 'ar': array([0.5255814, 0.9461664, 0.       , 0.       , 0.8302469],
      dtype=float32), 'auc': array([0.8768006 , 0.9752815 , 0.74168706, 0.75485015, 0.88084084],
      dtype=float32), 'accuracy': array([0.5255814, 0.9461664, 0.       , 0.       , 0.8302469],
      dtype=float32), 'f1': {'micro': tensor(0.7244), 'macro': tensor(0.4289), 'none': tensor([0.5664, 0.9055, 0.0000, 0.0000, 0.6725])}}
Training : Epoch [10/50], Loss: 0.7077
Testing : Epoch [10/50], Loss: 0.8837, results: {'mAP': 0.43035358, 'mAR': 0.491949, 'mAUC': 0.860577, 'm_Accuracy': 0.491949, 'ap': array([0.625     , 0.9705882 , 0.        , 0.        , 0.55617976],
      dtype=float32), 'ar': array([0.627907  , 0.91517127, 0.        , 0.        , 0.9166667 ],
      dtype=float32), 'auc': array([0.9049458 , 0.97408366, 0.74235356, 0.7876697 , 0.8938321 ],
      dtype=float32), 'accuracy': array([0.627907  , 0.91517127, 0.        , 0.        , 0.9166667 ],
      dtype=float32), 'f1': {'micro': tensor(0.7477), 'macro': tensor(0.4522), 'none': tensor([0.6265, 0.9421, 0.0000, 0.0000, 0.6923])}}
Training : Epoch [11/50], Loss: 0.6760
Testing : Epoch [11/50], Loss: 0.8720, results: {'mAP': 0.4188733, 'mAR': 0.44703954, 'mAUC': 0.862223, 'm_Accuracy': 0.44703954, 'ap': array([0.7181208 , 0.7805519 , 0.        , 0.        , 0.59569377],
      dtype=float32), 'ar': array([0.4976744 , 0.96900487, 0.        , 0.        , 0.7685185 ],
      dtype=float32), 'auc': array([0.88766587, 0.97657055, 0.7716248 , 0.7887385 , 0.8865157 ],
      dtype=float32), 'accuracy': array([0.4976744 , 0.96900487, 0.        , 0.        , 0.7685185 ],
      dtype=float32), 'f1': {'micro': tensor(0.7154), 'macro': tensor(0.4247), 'none': tensor([0.5879, 0.8646, 0.0000, 0.0000, 0.6712])}}
Saving ./data/aug/0.01_0.0_5/checkpoint_10.pt
Training : Epoch [12/50], Loss: 0.6579
Testing : Epoch [12/50], Loss: 0.8319, results: {'mAP': 0.5558224, 'mAR': 0.4989048, 'mAUC': 0.8818108, 'm_Accuracy': 0.4989048, 'ap': array([0.56296295, 0.94233936, 0.        , 0.6666667 , 0.60714287],
      dtype=float32), 'ar': array([0.7069768 , 0.93311584, 0.        , 0.01492537, 0.83950615],
      dtype=float32), 'auc': array([0.9104453, 0.9745696, 0.8331297, 0.7931823, 0.897727 ],
      dtype=float32), 'accuracy': array([0.7069768 , 0.93311584, 0.        , 0.01492537, 0.83950615],
      dtype=float32), 'f1': {'micro': tensor(0.7515), 'macro': tensor(0.4597), 'none': tensor([0.6268, 0.9377, 0.0000, 0.0292, 0.7047])}}
Training : Epoch [13/50], Loss: 0.6312
Testing : Epoch [13/50], Loss: 0.8039, results: {'mAP': 0.4936081, 'mAR': 0.5037948, 'mAUC': 0.88566095, 'm_Accuracy': 0.5037948, 'ap': array([0.5460993 , 0.9425287 , 0.        , 0.36363637, 0.61577606],
      dtype=float32), 'ar': array([0.7162791 , 0.9363785 , 0.        , 0.11940298, 0.74691355],
      dtype=float32), 'auc': array([0.9085438 , 0.97757673, 0.8400726 , 0.8024388 , 0.8996729 ],
      dtype=float32), 'accuracy': array([0.7162791 , 0.9363785 , 0.        , 0.11940298, 0.74691355],
      dtype=float32), 'f1': {'micro': tensor(0.7425), 'macro': tensor(0.4828), 'none': tensor([0.6197, 0.9394, 0.0000, 0.1798, 0.6750])}}
Training : Epoch [14/50], Loss: 0.6045
Testing : Epoch [14/50], Loss: 0.7711, results: {'mAP': 0.5541011, 'mAR': 0.5112961, 'mAUC': 0.8833081, 'm_Accuracy': 0.5112961, 'ap': array([0.63228697, 0.946932  , 0.        , 0.6       , 0.5912863 ],
      dtype=float32), 'ar': array([0.65581393, 0.9314845 , 0.        , 0.08955224, 0.8796296 ],
      dtype=float32), 'auc': array([0.90310705, 0.98114514, 0.8219655 , 0.80678266, 0.90354013],
      dtype=float32), 'accuracy': array([0.65581393, 0.9314845 , 0.        , 0.08955224, 0.8796296 ],
      dtype=float32), 'f1': {'micro': tensor(0.7598), 'macro': tensor(0.4892), 'none': tensor([0.6438, 0.9391, 0.0000, 0.1558, 0.7072])}}
Training : Epoch [15/50], Loss: 0.5883
Testing : Epoch [15/50], Loss: 0.7531, results: {'mAP': 0.5292667, 'mAR': 0.528039, 'mAUC': 0.8946525, 'm_Accuracy': 0.528039, 'ap': array([0.57261413, 0.94361526, 0.        , 0.51282054, 0.61728394],
      dtype=float32), 'ar': array([0.6418605 , 0.9282219 , 0.        , 0.29850745, 0.77160496],
      dtype=float32), 'auc': array([0.9135084, 0.9802256, 0.835444 , 0.8364709, 0.9076134],
      dtype=float32), 'accuracy': array([0.6418605 , 0.9282219 , 0.        , 0.29850745, 0.77160496],
      dtype=float32), 'f1': {'micro': tensor(0.7508), 'macro': tensor(0.5209), 'none': tensor([0.6053, 0.9359, 0.0000, 0.3774, 0.6859])}}
Training : Epoch [16/50], Loss: 0.5693
Testing : Epoch [16/50], Loss: 0.7301, results: {'mAP': 0.5433279, 'mAR': 0.53895587, 'mAUC': 0.8988454, 'm_Accuracy': 0.53895587, 'ap': array([0.58148146, 0.9508197 , 0.        , 0.5254237 , 0.65891474],
      dtype=float32), 'ar': array([0.73023254, 0.9461664 , 0.        , 0.23134328, 0.787037  ],
      dtype=float32), 'auc': array([0.91707724, 0.9808622 , 0.86621493, 0.81838924, 0.9116835 ],
      dtype=float32), 'accuracy': array([0.73023254, 0.9461664 , 0.        , 0.23134328, 0.787037  ],
      dtype=float32), 'f1': {'micro': tensor(0.7703), 'macro': tensor(0.5269), 'none': tensor([0.6474, 0.9485, 0.0000, 0.3212, 0.7173])}}
Training : Epoch [17/50], Loss: 0.5456
Testing : Epoch [17/50], Loss: 0.7054, results: {'mAP': 0.60329354, 'mAR': 0.55676806, 'mAUC': 0.90618354, 'm_Accuracy': 0.55676806, 'ap': array([0.5992063 , 0.946932  , 0.33333334, 0.46296296, 0.67403316],
      dtype=float32), 'ar': array([0.7023256 , 0.9314845 , 0.02380952, 0.37313432, 0.75308645],
      dtype=float32), 'auc': array([0.91711485, 0.98261446, 0.867622  , 0.8472899 , 0.9162763 ],
      dtype=float32), 'accuracy': array([0.7023256 , 0.9314845 , 0.02380952, 0.37313432, 0.75308645],
      dtype=float32), 'f1': {'micro': tensor(0.7658), 'macro': tensor(0.5510), 'none': tensor([0.6467, 0.9391, 0.0444, 0.4132, 0.7114])}}
Training : Epoch [18/50], Loss: 0.5300
Testing : Epoch [18/50], Loss: 0.6921, results: {'mAP': 0.53136003, 'mAR': 0.5587081, 'mAUC': 0.9093723, 'm_Accuracy': 0.5587081, 'ap': array([0.537931  , 0.9579832 , 0.        , 0.44755244, 0.7133333 ],
      dtype=float32), 'ar': array([0.7255814 , 0.9298532 , 0.        , 0.47761193, 0.66049385],
      dtype=float32), 'auc': array([0.9176539 , 0.98316205, 0.8656595 , 0.85679644, 0.9235896 ],
      dtype=float32), 'accuracy': array([0.7255814 , 0.9298532 , 0.        , 0.47761193, 0.66049385],
      dtype=float32), 'f1': {'micro': tensor(0.7560), 'macro': tensor(0.5419), 'none': tensor([0.6178, 0.9437, 0.0000, 0.4621, 0.6859])}}
Training : Epoch [19/50], Loss: 0.5074
Testing : Epoch [19/50], Loss: 0.6727, results: {'mAP': 0.678563, 'mAR': 0.56118006, 'mAUC': 0.9010212, 'm_Accuracy': 0.56118006, 'ap': array([0.73410404, 0.92580646, 0.6666667 , 0.4161074 , 0.65013057],
      dtype=float32), 'ar': array([0.59069765, 0.9363785 , 0.04761905, 0.46268657, 0.7685185 ],
      dtype=float32), 'auc': array([0.9104787 , 0.97981495, 0.85547656, 0.8404648 , 0.9188708 ],
      dtype=float32), 'accuracy': array([0.59069765, 0.9363785 , 0.04761905, 0.46268657, 0.7685185 ],
      dtype=float32), 'f1': {'micro': tensor(0.7636), 'macro': tensor(0.5634), 'none': tensor([0.6546, 0.9311, 0.0889, 0.4382, 0.7044])}}
Training : Epoch [20/50], Loss: 0.4960
Testing : Epoch [20/50], Loss: 0.6532, results: {'mAP': 0.64593494, 'mAR': 0.57509816, 'mAUC': 0.90823686, 'm_Accuracy': 0.57509816, 'ap': array([0.632     , 0.9520661 , 0.375     , 0.6056338 , 0.66497463],
      dtype=float32), 'ar': array([0.7348837 , 0.9396411 , 0.07142857, 0.32089552, 0.80864197],
      dtype=float32), 'auc': array([0.9238764 , 0.9821536 , 0.86834407, 0.8475337 , 0.9192766 ],
      dtype=float32), 'accuracy': array([0.7348837 , 0.9396411 , 0.07142857, 0.32089552, 0.80864197],
      dtype=float32), 'f1': {'micro': tensor(0.7846), 'macro': tensor(0.5789), 'none': tensor([0.6796, 0.9458, 0.1200, 0.4195, 0.7298])}}
Training : Epoch [21/50], Loss: 0.4725
Testing : Epoch [21/50], Loss: 0.6379, results: {'mAP': 0.6353639, 'mAR': 0.55664337, 'mAUC': 0.9033023, 'm_Accuracy': 0.55664337, 'ap': array([0.5586207 , 0.9518272 , 0.5       , 0.47058824, 0.69578314],
      dtype=float32), 'ar': array([0.75348836, 0.93474716, 0.02380952, 0.35820895, 0.712963  ],
      dtype=float32), 'auc': array([0.9167304 , 0.981371  , 0.85766125, 0.8423023 , 0.9184466 ],
      dtype=float32), 'accuracy': array([0.75348836, 0.93474716, 0.02380952, 0.35820895, 0.712963  ],
      dtype=float32), 'f1': {'micro': tensor(0.7643), 'macro': tensor(0.5483), 'none': tensor([0.6416, 0.9432, 0.0455, 0.4068, 0.7043])}}
Saving ./data/aug/0.01_0.0_5/checkpoint_20.pt
Training : Epoch [22/50], Loss: 0.4654
Testing : Epoch [22/50], Loss: 0.6374, results: {'mAP': 0.6251522, 'mAR': 0.5773918, 'mAUC': 0.9081913, 'm_Accuracy': 0.5773918, 'ap': array([0.58801496, 0.9266348 , 0.44444445, 0.40588236, 0.7607843 ],
      dtype=float32), 'ar': array([0.73023254, 0.9477977 , 0.0952381 , 0.51492536, 0.59876543],
      dtype=float32), 'auc': array([0.9155101 , 0.9787267 , 0.88580316, 0.85107756, 0.90983903],
      dtype=float32), 'accuracy': array([0.73023254, 0.9477977 , 0.0952381 , 0.51492536, 0.59876543],
      dtype=float32), 'f1': {'micro': tensor(0.7568), 'macro': tensor(0.5739), 'none': tensor([0.6515, 0.9371, 0.1569, 0.4539, 0.6701])}}
Training : Epoch [23/50], Loss: 0.4554
Testing : Epoch [23/50], Loss: 0.6194, results: {'mAP': 0.60417616, 'mAR': 0.5763725, 'mAUC': 0.9123065, 'm_Accuracy': 0.5763725, 'ap': array([0.5812274 , 0.9521452 , 0.27272728, 0.5092593 , 0.70552146],
      dtype=float32), 'ar': array([0.74883723, 0.94127244, 0.07142857, 0.41044775, 0.70987654],
      dtype=float32), 'auc': array([0.9143902 , 0.98234063, 0.8845071 , 0.86569667, 0.9145978 ],
      dtype=float32), 'accuracy': array([0.74883723, 0.94127244, 0.07142857, 0.41044775, 0.70987654],
      dtype=float32), 'f1': {'micro': tensor(0.7726), 'macro': tensor(0.5753), 'none': tensor([0.6545, 0.9467, 0.1132, 0.4545, 0.7077])}}
Training : Epoch [24/50], Loss: 0.4245
Testing : Epoch [24/50], Loss: 0.5856, results: {'mAP': 0.6166204, 'mAR': 0.57229215, 'mAUC': 0.91118634, 'm_Accuracy': 0.57229215, 'ap': array([0.61728394, 0.90387595, 0.2580645 , 0.5964912 , 0.7073864 ],
      dtype=float32), 'ar': array([0.6976744 , 0.95106035, 0.1904762 , 0.25373134, 0.7685185 ],
      dtype=float32), 'auc': array([0.9132243 , 0.9832989 , 0.8903022 , 0.84333986, 0.92576605],
      dtype=float32), 'accuracy': array([0.6976744 , 0.95106035, 0.1904762 , 0.25373134, 0.7685185 ],
      dtype=float32), 'f1': {'micro': tensor(0.7711), 'macro': tensor(0.5788), 'none': tensor([0.6550, 0.9269, 0.2192, 0.3560, 0.7367])}}
Training : Epoch [25/50], Loss: 0.4198
Testing : Epoch [25/50], Loss: 0.5769, results: {'mAP': 0.6064623, 'mAR': 0.59351206, 'mAUC': 0.9162687, 'm_Accuracy': 0.59351206, 'ap': array([0.6184739 , 0.9446254 , 0.23529412, 0.5037594 , 0.73015875],
      dtype=float32), 'ar': array([0.7162791 , 0.9461664 , 0.0952381 , 0.5       , 0.70987654],
      dtype=float32), 'auc': array([0.92493784, 0.98272395, 0.88098943, 0.86871547, 0.92397696],
      dtype=float32), 'accuracy': array([0.7162791 , 0.9461664 , 0.0952381 , 0.5       , 0.70987654],
      dtype=float32), 'f1': {'micro': tensor(0.7794), 'macro': tensor(0.5933), 'none': tensor([0.6638, 0.9454, 0.1356, 0.5019, 0.7199])}}
Training : Epoch [26/50], Loss: 0.4007
Testing : Epoch [26/50], Loss: 0.5601, results: {'mAP': 0.5779519, 'mAR': 0.56606334, 'mAUC': 0.91468936, 'm_Accuracy': 0.56606334, 'ap': array([0.6635945 , 0.9502488 , 0.125     , 0.48598132, 0.66493505],
      dtype=float32), 'ar': array([0.66976744, 0.93474716, 0.04761905, 0.3880597 , 0.79012346],
      dtype=float32), 'auc': array([0.923634 , 0.985309 , 0.8832297, 0.8603653, 0.9209089],
      dtype=float32), 'accuracy': array([0.66976744, 0.93474716, 0.04761905, 0.3880597 , 0.79012346],
      dtype=float32), 'f1': {'micro': tensor(0.7733), 'macro': tensor(0.5663), 'none': tensor([0.6667, 0.9424, 0.0690, 0.4315, 0.7221])}}
Training : Epoch [27/50], Loss: 0.3728
Testing : Epoch [27/50], Loss: 0.5305, results: {'mAP': 0.6161596, 'mAR': 0.5959655, 'mAUC': 0.91293323, 'm_Accuracy': 0.5959655, 'ap': array([0.63265306, 0.94975686, 0.3125    , 0.43421054, 0.7516779 ],
      dtype=float32), 'ar': array([0.7209302 , 0.9559543 , 0.11904762, 0.49253732, 0.69135803],
      dtype=float32), 'auc': array([0.9254519 , 0.98454696, 0.8635859 , 0.8658779 , 0.9252035 ],
      dtype=float32), 'accuracy': array([0.7209302 , 0.9559543 , 0.11904762, 0.49253732, 0.69135803],
      dtype=float32), 'f1': {'micro': tensor(0.7801), 'macro': tensor(0.5962), 'none': tensor([0.6739, 0.9528, 0.1724, 0.4615, 0.7203])}}
Training : Epoch [28/50], Loss: 0.3703
Testing : Epoch [28/50], Loss: 0.5297, results: {'mAP': 0.66099936, 'mAR': 0.61656237, 'mAUC': 0.91558635, 'm_Accuracy': 0.61656237, 'ap': array([0.6497696 , 0.9506579 , 0.5       , 0.49275362, 0.71181554],
      dtype=float32), 'ar': array([0.65581393, 0.94290376, 0.21428572, 0.5074627 , 0.7623457 ],
      dtype=float32), 'auc': array([0.91734886, 0.98474544, 0.88130414, 0.8649154 , 0.92961794],
      dtype=float32), 'accuracy': array([0.65581393, 0.94290376, 0.21428572, 0.5074627 , 0.7623457 ],
      dtype=float32), 'f1': {'micro': tensor(0.7854), 'macro': tensor(0.6272), 'none': tensor([0.6528, 0.9468, 0.3000, 0.5000, 0.7362])}}
Training : Epoch [29/50], Loss: 0.3538
Testing : Epoch [29/50], Loss: 0.5197, results: {'mAP': 0.5981437, 'mAR': 0.5671258, 'mAUC': 0.90218735, 'm_Accuracy': 0.5671258, 'ap': array([0.6173913 , 0.9240506 , 0.2       , 0.54761904, 0.7016575 ],
      dtype=float32), 'ar': array([0.6604651, 0.9526917, 0.0952381, 0.3432836, 0.7839506],
      dtype=float32), 'auc': array([0.90866923, 0.9836822 , 0.8394801 , 0.8574339 , 0.92167133],
      dtype=float32), 'accuracy': array([0.6604651, 0.9526917, 0.0952381, 0.3432836, 0.7839506],
      dtype=float32), 'f1': {'micro': tensor(0.7756), 'macro': tensor(0.5736), 'none': tensor([0.6382, 0.9382, 0.1290, 0.4220, 0.7405])}}
Training : Epoch [30/50], Loss: 0.3415
Testing : Epoch [30/50], Loss: 0.5065, results: {'mAP': 0.60314906, 'mAR': 0.5829889, 'mAUC': 0.9101566, 'm_Accuracy': 0.5829889, 'ap': array([0.5805243 , 0.9446254 , 0.1724138 , 0.59090906, 0.72727275],
      dtype=float32), 'ar': array([0.7209302 , 0.9461664 , 0.11904762, 0.3880597 , 0.7407407 ],
      dtype=float32), 'auc': array([0.9170856 , 0.9828107 , 0.8619566 , 0.8634966 , 0.92543405],
      dtype=float32), 'accuracy': array([0.7209302 , 0.9461664 , 0.11904762, 0.3880597 , 0.7407407 ],
      dtype=float32), 'f1': {'micro': tensor(0.7771), 'macro': tensor(0.5864), 'none': tensor([0.6432, 0.9454, 0.1408, 0.4685, 0.7339])}}
Training : Epoch [31/50], Loss: 0.3295
Testing : Epoch [31/50], Loss: 0.4942, results: {'mAP': 0.63871765, 'mAR': 0.59655726, 'mAUC': 0.91418946, 'm_Accuracy': 0.59655726, 'ap': array([0.61603373, 0.94471544, 0.3846154 , 0.5289256 , 0.71929824],
      dtype=float32), 'ar': array([0.67906976, 0.9477977 , 0.11904762, 0.47761193, 0.7592593 ],
      dtype=float32), 'auc': array([0.91820556, 0.98368907, 0.8738058 , 0.8752969 , 0.9199498 ],
      dtype=float32), 'accuracy': array([0.67906976, 0.9477977 , 0.11904762, 0.47761193, 0.7592593 ],
      dtype=float32), 'f1': {'micro': tensor(0.7846), 'macro': tensor(0.6030), 'none': tensor([0.6460, 0.9463, 0.1818, 0.5020, 0.7387])}}
Saving ./data/aug/0.01_0.0_5/checkpoint_30.pt
Training : Epoch [32/50], Loss: 0.3239
Testing : Epoch [32/50], Loss: 0.4874, results: {'mAP': 0.633134, 'mAR': 0.5940148, 'mAUC': 0.9139776, 'm_Accuracy': 0.5940148, 'ap': array([0.61603373, 0.9437299 , 0.36363637, 0.5425532 , 0.6997167 ],
      dtype=float32), 'ar': array([0.67906976, 0.95758563, 0.1904762 , 0.38059703, 0.7623457 ],
      dtype=float32), 'auc': array([0.9177417 , 0.98505574, 0.878564  , 0.8637841 , 0.9247424 ],
      dtype=float32), 'accuracy': array([0.67906976, 0.95758563, 0.1904762 , 0.38059703, 0.7623457 ],
      dtype=float32), 'f1': {'micro': tensor(0.7824), 'macro': tensor(0.6047), 'none': tensor([0.6460, 0.9506, 0.2500, 0.4474, 0.7297])}}
Training : Epoch [33/50], Loss: 0.3071
Testing : Epoch [33/50], Loss: 0.4931, results: {'mAP': 0.6238793, 'mAR': 0.6012386, 'mAUC': 0.9095597, 'm_Accuracy': 0.6012386, 'ap': array([0.5555556 , 0.95245904, 0.4       , 0.4390244 , 0.7723577 ],
      dtype=float32), 'ar': array([0.74418604, 0.9477977 , 0.1904762 , 0.53731346, 0.58641976],
      dtype=float32), 'auc': array([0.9165131 , 0.98383284, 0.8864512 , 0.8598715 , 0.90113   ],
      dtype=float32), 'accuracy': array([0.74418604, 0.9477977 , 0.1904762 , 0.53731346, 0.58641976],
      dtype=float32), 'f1': {'micro': tensor(0.7613), 'macro': tensor(0.5989), 'none': tensor([0.6362, 0.9501, 0.2581, 0.4832, 0.6667])}}
Training : Epoch [34/50], Loss: 0.2946
Testing : Epoch [34/50], Loss: 0.4640, results: {'mAP': 0.6263521, 'mAR': 0.6182247, 'mAUC': 0.91867936, 'm_Accuracy': 0.6182247, 'ap': array([0.6113537, 0.9461664, 0.3529412, 0.5074627, 0.7138365],
      dtype=float32), 'ar': array([0.6511628, 0.9461664, 0.2857143, 0.5074627, 0.7006173],
      dtype=float32), 'auc': array([0.91370904, 0.98450357, 0.9095386 , 0.8665654 , 0.91907984],
      dtype=float32), 'accuracy': array([0.6511628, 0.9461664, 0.2857143, 0.5074627, 0.7006173],
      dtype=float32), 'f1': {'micro': tensor(0.7733), 'macro': tensor(0.6214), 'none': tensor([0.6306, 0.9462, 0.3158, 0.5075, 0.7072])}}
Training : Epoch [35/50], Loss: 0.2895
Testing : Epoch [35/50], Loss: 0.4590, results: {'mAP': 0.61225146, 'mAR': 0.59101975, 'mAUC': 0.9185686, 'm_Accuracy': 0.59101975, 'ap': array([0.5697211 , 0.94012946, 0.31578946, 0.47482014, 0.7607973 ],
      dtype=float32), 'ar': array([0.66511625, 0.9477977 , 0.14285715, 0.49253732, 0.70679015],
      dtype=float32), 'auc': array([0.90991455, 0.9835111 , 0.89594907, 0.8817908 , 0.9216775 ],
      dtype=float32), 'accuracy': array([0.66511625, 0.9477977 , 0.14285715, 0.49253732, 0.70679015],
      dtype=float32), 'f1': {'micro': tensor(0.7718), 'macro': tensor(0.5941), 'none': tensor([0.6137, 0.9439, 0.1967, 0.4835, 0.7328])}}
Training : Epoch [36/50], Loss: 0.2875
Testing : Epoch [36/50], Loss: 0.4460, results: {'mAP': 0.61806893, 'mAR': 0.6006383, 'mAUC': 0.92203176, 'm_Accuracy': 0.6006383, 'ap': array([0.5780142 , 0.9512195 , 0.25      , 0.56363636, 0.74747473],
      dtype=float32), 'ar': array([0.75813955, 0.954323  , 0.14285715, 0.46268657, 0.6851852 ],
      dtype=float32), 'auc': array([0.9224597 , 0.98655474, 0.88387764, 0.89171606, 0.9255509 ],
      dtype=float32), 'accuracy': array([0.75813955, 0.954323  , 0.14285715, 0.46268657, 0.6851852 ],
      dtype=float32), 'f1': {'micro': tensor(0.7816), 'macro': tensor(0.6027), 'none': tensor([0.6559, 0.9528, 0.1818, 0.5082, 0.7150])}}
Training : Epoch [37/50], Loss: 0.2736
Testing : Epoch [37/50], Loss: 0.4397, results: {'mAP': 0.6480524, 'mAR': 0.63107896, 'mAUC': 0.92043, 'm_Accuracy': 0.63107896, 'ap': array([0.64      , 0.9376    , 0.37142858, 0.55263156, 0.7386018 ],
      dtype=float32), 'ar': array([0.66976744, 0.9559543 , 0.30952382, 0.47014925, 0.75      ],
      dtype=float32), 'auc': array([0.9173071 , 0.98281753, 0.9087425 , 0.87495315, 0.9183298 ],
      dtype=float32), 'accuracy': array([0.66976744, 0.9559543 , 0.30952382, 0.47014925, 0.75      ],
      dtype=float32), 'f1': {'micro': tensor(0.7899), 'macro': tensor(0.6382), 'none': tensor([0.6545, 0.9467, 0.3377, 0.5081, 0.7443])}}
Training : Epoch [38/50], Loss: 0.2651
Testing : Epoch [38/50], Loss: 0.4312, results: {'mAP': 0.6534814, 'mAR': 0.62313575, 'mAUC': 0.91643465, 'm_Accuracy': 0.62313575, 'ap': array([0.6196581 , 0.9315287 , 0.3548387 , 0.6262626 , 0.73511904],
      dtype=float32), 'ar': array([0.6744186 , 0.954323  , 0.26190478, 0.46268657, 0.7623457 ],
      dtype=float32), 'auc': array([0.9153639 , 0.982619  , 0.86986226, 0.88832223, 0.92600584],
      dtype=float32), 'accuracy': array([0.6744186 , 0.954323  , 0.26190478, 0.46268657, 0.7623457 ],
      dtype=float32), 'f1': {'micro': tensor(0.7907), 'macro': tensor(0.6341), 'none': tensor([0.6459, 0.9428, 0.3014, 0.5322, 0.7485])}}
Training : Epoch [39/50], Loss: 0.2653
Testing : Epoch [39/50], Loss: 0.4325, results: {'mAP': 0.62728584, 'mAR': 0.61271316, 'mAUC': 0.9208374, 'm_Accuracy': 0.61271316, 'ap': array([0.5970149 , 0.95394737, 0.32142857, 0.52136755, 0.742671  ],
      dtype=float32), 'ar': array([0.74418604, 0.9461664 , 0.21428572, 0.4552239 , 0.7037037 ],
      dtype=float32), 'auc': array([0.9290792 , 0.98449445, 0.89304227, 0.8753094 , 0.9222616 ],
      dtype=float32), 'accuracy': array([0.74418604, 0.9461664 , 0.21428572, 0.4552239 , 0.7037037 ],
      dtype=float32), 'f1': {'micro': tensor(0.7816), 'macro': tensor(0.6157), 'none': tensor([0.6625, 0.9500, 0.2571, 0.4861, 0.7227])}}
Training : Epoch [40/50], Loss: 0.2563
Testing : Epoch [40/50], Loss: 0.4304, results: {'mAP': 0.6503329, 'mAR': 0.6074964, 'mAUC': 0.9124716, 'm_Accuracy': 0.6074964, 'ap': array([0.5910931 , 0.95695364, 0.4       , 0.60784316, 0.6957747 ],
      dtype=float32), 'ar': array([0.67906976, 0.94290376, 0.1904762 , 0.46268657, 0.7623457 ],
      dtype=float32), 'auc': array([0.91562295, 0.9827947 , 0.86741835, 0.8724218 , 0.9240999 ],
      dtype=float32), 'accuracy': array([0.67906976, 0.94290376, 0.1904762 , 0.46268657, 0.7623457 ],
      dtype=float32), 'f1': {'micro': tensor(0.7839), 'macro': tensor(0.6186), 'none': tensor([0.6320, 0.9499, 0.2581, 0.5254, 0.7275])}}
Training : Epoch [41/50], Loss: 0.2547
Testing : Epoch [41/50], Loss: 0.4192, results: {'mAP': 0.6533717, 'mAR': 0.6163229, 'mAUC': 0.9221481, 'm_Accuracy': 0.6163229, 'ap': array([0.62139916, 0.9480519 , 0.4347826 , 0.5504587 , 0.7121662 ],
      dtype=float32), 'ar': array([0.7023256 , 0.9526917 , 0.23809524, 0.4477612 , 0.7407407 ],
      dtype=float32), 'auc': array([0.92009443, 0.98730534, 0.9091128 , 0.87241554, 0.9218128 ],
      dtype=float32), 'accuracy': array([0.7023256 , 0.9526917 , 0.23809524, 0.4477612 , 0.7407407 ],
      dtype=float32), 'f1': {'micro': tensor(0.7869), 'macro': tensor(0.6275), 'none': tensor([0.6594, 0.9504, 0.3077, 0.4938, 0.7262])}}
Saving ./data/aug/0.01_0.0_5/checkpoint_40.pt
Training : Epoch [42/50], Loss: 0.2422
Testing : Epoch [42/50], Loss: 0.4142, results: {'mAP': 0.61121905, 'mAR': 0.5939852, 'mAUC': 0.9167358, 'm_Accuracy': 0.5939852, 'ap': array([0.6121673, 0.9399351, 0.25     , 0.516129 , 0.7378641],
      dtype=float32), 'ar': array([0.74883723, 0.9445351 , 0.0952381 , 0.47761193, 0.7037037 ],
      dtype=float32), 'auc': array([0.9240853 , 0.98531127, 0.88243353, 0.8692342 , 0.9226151 ],
      dtype=float32), 'accuracy': array([0.74883723, 0.9445351 , 0.0952381 , 0.47761193, 0.7037037 ],
      dtype=float32), 'f1': {'micro': tensor(0.7801), 'macro': tensor(0.5941), 'none': tensor([0.6736, 0.9422, 0.1379, 0.4961, 0.7204])}}
Training : Epoch [43/50], Loss: 0.2386
Testing : Epoch [43/50], Loss: 0.4141, results: {'mAP': 0.6389329, 'mAR': 0.6177377, 'mAUC': 0.9127709, 'm_Accuracy': 0.6177377, 'ap': array([0.5854545 , 0.9518272 , 0.3181818 , 0.59322035, 0.7459807 ],
      dtype=float32), 'ar': array([0.74883723, 0.93474716, 0.16666667, 0.52238804, 0.7160494 ],
      dtype=float32), 'auc': array([0.92035353, 0.98271257, 0.85940164, 0.8838471 , 0.9175397 ],
      dtype=float32), 'accuracy': array([0.74883723, 0.93474716, 0.16666667, 0.52238804, 0.7160494 ],
      dtype=float32), 'f1': {'micro': tensor(0.7854), 'macro': tensor(0.6211), 'none': tensor([0.6571, 0.9432, 0.2188, 0.5556, 0.7307])}}
Training : Epoch [44/50], Loss: 0.2387
Testing : Epoch [44/50], Loss: 0.4145, results: {'mAP': 0.61535347, 'mAR': 0.59324265, 'mAUC': 0.9111549, 'm_Accuracy': 0.59324265, 'ap': array([0.62151396, 0.9432739 , 0.22222222, 0.5754717 , 0.71428573],
      dtype=float32), 'ar': array([0.7255814 , 0.94942904, 0.0952381 , 0.4552239 , 0.7407407 ],
      dtype=float32), 'auc': array([0.9256315, 0.9805428, 0.8628638, 0.8691967, 0.9175397],
      dtype=float32), 'accuracy': array([0.7255814 , 0.94942904, 0.0952381 , 0.4552239 , 0.7407407 ],
      dtype=float32), 'f1': {'micro': tensor(0.7854), 'macro': tensor(0.5970), 'none': tensor([0.6695, 0.9463, 0.1333, 0.5083, 0.7273])}}
Training : Epoch [45/50], Loss: 0.2399
Testing : Epoch [45/50], Loss: 0.4155, results: {'mAP': 0.64089996, 'mAR': 0.62034047, 'mAUC': 0.91466504, 'm_Accuracy': 0.62034047, 'ap': array([0.6304348 , 0.94876033, 0.33333334, 0.56880736, 0.72316384],
      dtype=float32), 'ar': array([0.6744186 , 0.9363785 , 0.23809524, 0.46268657, 0.79012346],
      dtype=float32), 'auc': array([0.92054576, 0.9825574 , 0.8857291 , 0.8618778 , 0.9226151 ],
      dtype=float32), 'accuracy': array([0.6744186 , 0.9363785 , 0.23809524, 0.46268657, 0.79012346],
      dtype=float32), 'f1': {'micro': tensor(0.7884), 'macro': tensor(0.6275), 'none': tensor([0.6517, 0.9425, 0.2778, 0.5103, 0.7552])}}
Training : Epoch [46/50], Loss: 0.2377
Testing : Epoch [46/50], Loss: 0.4133, results: {'mAP': 0.6408535, 'mAR': 0.6181304, 'mAUC': 0.913232, 'm_Accuracy': 0.6181304, 'ap': array([0.61507934, 0.9478827 , 0.33333334, 0.58181816, 0.72615385],
      dtype=float32), 'ar': array([0.7209302 , 0.94942904, 0.21428572, 0.47761193, 0.72839504],
      dtype=float32), 'auc': array([0.91515493, 0.9851128 , 0.88117456, 0.8658779 , 0.91884005],
      dtype=float32), 'accuracy': array([0.7209302 , 0.94942904, 0.21428572, 0.47761193, 0.72839504],
      dtype=float32), 'f1': {'micro': tensor(0.7877), 'macro': tensor(0.6250), 'none': tensor([0.6638, 0.9487, 0.2609, 0.5246, 0.7273])}}
