Train size = 5308, Test size = 1328
Classes : ['affected', 'destroyed', 'major', 'minor', 'no_damage']
Training : Epoch [1/50], Loss: 1.5709
Testing : Epoch [1/50], Loss: 1.9586, results: {'mAP': 0.09231928, 'mAR': 0.2, 'mAUC': 0.53212756, 'm_Accuracy': 0.2, 'ap': array([0.       , 0.4615964, 0.       , 0.       , 0.       ],
      dtype=float32), 'ar': array([0., 1., 0., 0., 0.], dtype=float32), 'auc': array([0.47498277, 0.5858018 , 0.492946  , 0.51140654, 0.5955007 ],
      dtype=float32), 'accuracy': array([0., 1., 0., 0., 0.], dtype=float32), 'f1': {'micro': tensor(0.4616), 'macro': tensor(0.1263), 'none': tensor([0.0000, 0.6316, 0.0000, 0.0000, 0.0000])}}
Saving ./data/aug/0.005_0.0_25/checkpoint_0.pt
Training : Epoch [2/50], Loss: 1.4815
Testing : Epoch [2/50], Loss: 1.8425, results: {'mAP': 0.09231928, 'mAR': 0.2, 'mAUC': 0.5810334, 'm_Accuracy': 0.2, 'ap': array([0.       , 0.4615964, 0.       , 0.       , 0.       ],
      dtype=float32), 'ar': array([0., 1., 0., 0., 0.], dtype=float32), 'auc': array([0.51493347, 0.6702176 , 0.57218766, 0.5124378 , 0.6353905 ],
      dtype=float32), 'accuracy': array([0., 1., 0., 0., 0.], dtype=float32), 'f1': {'micro': tensor(0.4616), 'macro': tensor(0.1263), 'none': tensor([0.0000, 0.6316, 0.0000, 0.0000, 0.0000])}}
Training : Epoch [3/50], Loss: 1.3910
Testing : Epoch [3/50], Loss: 1.7338, results: {'mAP': 0.09231928, 'mAR': 0.2, 'mAUC': 0.6416888, 'm_Accuracy': 0.2, 'ap': array([0.       , 0.4615964, 0.       , 0.       , 0.       ],
      dtype=float32), 'ar': array([0., 1., 0., 0., 0.], dtype=float32), 'auc': array([0.6018847 , 0.77651125, 0.63541436, 0.54404485, 0.650589  ],
      dtype=float32), 'accuracy': array([0., 1., 0., 0., 0.], dtype=float32), 'f1': {'micro': tensor(0.4616), 'macro': tensor(0.1263), 'none': tensor([0.0000, 0.6316, 0.0000, 0.0000, 0.0000])}}
Training : Epoch [4/50], Loss: 1.3448
Testing : Epoch [4/50], Loss: 1.6806, results: {'mAP': 0.09231928, 'mAR': 0.2, 'mAUC': 0.7019644, 'm_Accuracy': 0.2, 'ap': array([0.       , 0.4615964, 0.       , 0.       , 0.       ],
      dtype=float32), 'ar': array([0., 1., 0., 0., 0.], dtype=float32), 'auc': array([0.6650954 , 0.82995355, 0.6748685 , 0.6199967 , 0.7199074 ],
      dtype=float32), 'accuracy': array([0., 1., 0., 0., 0.], dtype=float32), 'f1': {'micro': tensor(0.4616), 'macro': tensor(0.1263), 'none': tensor([0.0000, 0.6316, 0.0000, 0.0000, 0.0000])}}
Training : Epoch [5/50], Loss: 1.3200
Testing : Epoch [5/50], Loss: 1.6481, results: {'mAP': 0.09231928, 'mAR': 0.2, 'mAUC': 0.738428, 'm_Accuracy': 0.2, 'ap': array([0.       , 0.4615964, 0.       , 0.       , 0.       ],
      dtype=float32), 'ar': array([0., 1., 0., 0., 0.], dtype=float32), 'auc': array([0.71931297, 0.8878449 , 0.67085093, 0.6433348 , 0.7707964 ],
      dtype=float32), 'accuracy': array([0., 1., 0., 0., 0.], dtype=float32), 'f1': {'micro': tensor(0.4616), 'macro': tensor(0.1263), 'none': tensor([0.0000, 0.6316, 0.0000, 0.0000, 0.0000])}}
Training : Epoch [6/50], Loss: 1.2710
Testing : Epoch [6/50], Loss: 1.5709, results: {'mAP': 0.21550468, 'mAR': 0.20613758, 'mAUC': 0.76349866, 'm_Accuracy': 0.20613758, 'ap': array([0.        , 0.46641222, 0.        , 0.        , 0.6111111 ],
      dtype=float32), 'ar': array([0.        , 0.99673736, 0.        , 0.        , 0.03395062],
      dtype=float32), 'auc': array([0.7306755 , 0.91847956, 0.6989002 , 0.6731137 , 0.79632396],
      dtype=float32), 'accuracy': array([0.        , 0.99673736, 0.        , 0.        , 0.03395062],
      dtype=float32), 'f1': {'micro': tensor(0.4684), 'macro': tensor(0.1400), 'none': tensor([0.0000, 0.6355, 0.0000, 0.0000, 0.0643])}}
Training : Epoch [7/50], Loss: 1.0770
Testing : Epoch [7/50], Loss: 1.3177, results: {'mAP': 0.25809294, 'mAR': 0.36016858, 'mAUC': 0.768542, 'm_Accuracy': 0.36016858, 'ap': array([0.        , 0.86858976, 0.        , 0.        , 0.421875  ],
      dtype=float32), 'ar': array([0.       , 0.8841762, 0.       , 0.       , 0.9166667],
      dtype=float32), 'auc': array([0.7414238 , 0.93106925, 0.645264  , 0.70910525, 0.8158477 ],
      dtype=float32), 'accuracy': array([0.       , 0.8841762, 0.       , 0.       , 0.9166667],
      dtype=float32), 'f1': {'micro': tensor(0.6318), 'macro': tensor(0.2908), 'none': tensor([0.0000, 0.8763, 0.0000, 0.0000, 0.5778])}}
Training : Epoch [8/50], Loss: 0.9256
Testing : Epoch [8/50], Loss: 1.1488, results: {'mAP': 0.27153957, 'mAR': 0.37117395, 'mAUC': 0.7924008, 'm_Accuracy': 0.37117395, 'ap': array([0.        , 0.9370629 , 0.        , 0.        , 0.42063493],
      dtype=float32), 'ar': array([0.       , 0.8743883, 0.       , 0.       , 0.9814815],
      dtype=float32), 'auc': array([0.77246076, 0.94587207, 0.6586499 , 0.7501938 , 0.83482736],
      dtype=float32), 'accuracy': array([0.       , 0.8743883, 0.       , 0.       , 0.9814815],
      dtype=float32), 'f1': {'micro': tensor(0.6431), 'macro': tensor(0.2987), 'none': tensor([0.0000, 0.9046, 0.0000, 0.0000, 0.5889])}}
Training : Epoch [9/50], Loss: 0.8876
Testing : Epoch [9/50], Loss: 1.1084, results: {'mAP': 0.35510075, 'mAR': 0.37153077, 'mAUC': 0.8012229, 'm_Accuracy': 0.37153077, 'ap': array([0.42857143, 0.92281306, 0.        , 0.        , 0.42411923],
      dtype=float32), 'ar': array([0.01395349, 0.8776509 , 0.        , 0.        , 0.9660494 ],
      dtype=float32), 'auc': array([0.7912827, 0.950855 , 0.6611864, 0.7596877, 0.8431029],
      dtype=float32), 'accuracy': array([0.01395349, 0.8776509 , 0.        , 0.        , 0.9660494 ],
      dtype=float32), 'f1': {'micro': tensor(0.6431), 'macro': tensor(0.3032), 'none': tensor([0.0270, 0.8997, 0.0000, 0.0000, 0.5895])}}
Training : Epoch [10/50], Loss: 0.8616
Testing : Epoch [10/50], Loss: 1.0779, results: {'mAP': 0.37211102, 'mAR': 0.41180643, 'mAUC': 0.80966914, 'm_Accuracy': 0.41180643, 'ap': array([0.49242425, 0.8812199 , 0.        , 0.        , 0.486911  ],
      dtype=float32), 'ar': array([0.30232558, 0.89559543, 0.        , 0.        , 0.8611111 ],
      dtype=float32), 'auc': array([0.83628577, 0.9529381 , 0.66862917, 0.7469312 , 0.84356093],
      dtype=float32), 'accuracy': array([0.30232558, 0.89559543, 0.        , 0.        , 0.8611111 ],
      dtype=float32), 'f1': {'micro': tensor(0.6724), 'macro': tensor(0.3770), 'none': tensor([0.3746, 0.8883, 0.0000, 0.0000, 0.6221])}}
Training : Epoch [11/50], Loss: 0.8339
Testing : Epoch [11/50], Loss: 1.0376, results: {'mAP': 0.39234895, 'mAR': 0.4478125, 'mAUC': 0.82432145, 'm_Accuracy': 0.4478125, 'ap': array([0.4950495 , 0.94358975, 0.        , 0.        , 0.5231054 ],
      dtype=float32), 'ar': array([0.4651163, 0.9004894, 0.       , 0.       , 0.8734568],
      dtype=float32), 'auc': array([0.8427297 , 0.965254  , 0.67679405, 0.7736006 , 0.86322916],
      dtype=float32), 'accuracy': array([0.4651163, 0.9004894, 0.       , 0.       , 0.8734568],
      dtype=float32), 'f1': {'micro': tensor(0.7041), 'macro': tensor(0.4111), 'none': tensor([0.4796, 0.9215, 0.0000, 0.0000, 0.6543])}}
Saving ./data/aug/0.005_0.0_25/checkpoint_10.pt
Training : Epoch [12/50], Loss: 0.8024
Testing : Epoch [12/50], Loss: 0.9995, results: {'mAP': 0.405941, 'mAR': 0.45924908, 'mAUC': 0.83625144, 'm_Accuracy': 0.45924908, 'ap': array([0.56842107, 0.9291737 , 0.        , 0.        , 0.5321101 ],
      dtype=float32), 'ar': array([0.5023256 , 0.8988581 , 0.        , 0.        , 0.89506173],
      dtype=float32), 'auc': array([0.8727972, 0.9652198, 0.6999185, 0.7635816, 0.8797403],
      dtype=float32), 'accuracy': array([0.5023256 , 0.8988581 , 0.        , 0.        , 0.89506173],
      dtype=float32), 'f1': {'micro': tensor(0.7146), 'macro': tensor(0.4229), 'none': tensor([0.5333, 0.9138, 0.0000, 0.0000, 0.6674])}}
Training : Epoch [13/50], Loss: 0.7696
Testing : Epoch [13/50], Loss: 0.9631, results: {'mAP': 0.40581244, 'mAR': 0.47118264, 'mAUC': 0.8342578, 'm_Accuracy': 0.47118264, 'ap': array([0.5313808 , 0.93467337, 0.        , 0.        , 0.5630081 ],
      dtype=float32), 'ar': array([0.59069765, 0.9102773 , 0.        , 0.        , 0.85493827],
      dtype=float32), 'auc': array([0.87482816, 0.9642296 , 0.6845701 , 0.7710568 , 0.8766047 ],
      dtype=float32), 'accuracy': array([0.59069765, 0.9102773 , 0.        , 0.        , 0.85493827],
      dtype=float32), 'f1': {'micro': tensor(0.7244), 'macro': tensor(0.4321), 'none': tensor([0.5595, 0.9223, 0.0000, 0.0000, 0.6789])}}
Training : Epoch [14/50], Loss: 0.7436
Testing : Epoch [14/50], Loss: 0.9315, results: {'mAP': 0.40456468, 'mAR': 0.47538728, 'mAUC': 0.8398113, 'm_Accuracy': 0.47538728, 'ap': array([0.50530034, 0.94481605, 0.        , 0.        , 0.57270694],
      dtype=float32), 'ar': array([0.66511625, 0.9216966 , 0.        , 0.        , 0.79012346],
      dtype=float32), 'auc': array([0.890495  , 0.9704856 , 0.69134635, 0.76558167, 0.8811482 ],
      dtype=float32), 'accuracy': array([0.66511625, 0.9216966 , 0.        , 0.        , 0.79012346],
      dtype=float32), 'f1': {'micro': tensor(0.7259), 'macro': tensor(0.4343), 'none': tensor([0.5743, 0.9331, 0.0000, 0.0000, 0.6641])}}
Training : Epoch [15/50], Loss: 0.7242
Testing : Epoch [15/50], Loss: 0.9095, results: {'mAP': 0.42047054, 'mAR': 0.46751657, 'mAUC': 0.8300096, 'm_Accuracy': 0.46751657, 'ap': array([0.6204819 , 0.9417637 , 0.        , 0.        , 0.54010695],
      dtype=float32), 'ar': array([0.47906977, 0.9233279 , 0.        , 0.        , 0.9351852 ],
      dtype=float32), 'auc': array([0.881201  , 0.97146213, 0.63915426, 0.76351285, 0.89471745],
      dtype=float32), 'accuracy': array([0.47906977, 0.9233279 , 0.        , 0.        , 0.9351852 ],
      dtype=float32), 'f1': {'micro': tensor(0.7319), 'macro': tensor(0.4316), 'none': tensor([0.5407, 0.9325, 0.0000, 0.0000, 0.6847])}}
Training : Epoch [16/50], Loss: 0.7069
Testing : Epoch [16/50], Loss: 0.8909, results: {'mAP': 0.4127143, 'mAR': 0.48091698, 'mAUC': 0.8501687, 'm_Accuracy': 0.48091698, 'ap': array([0.53937006, 0.95925295, 0.        , 0.        , 0.56494844],
      dtype=float32), 'ar': array([0.6372093, 0.9216966, 0.       , 0.       , 0.845679 ],
      dtype=float32), 'auc': array([0.892363  , 0.97025746, 0.73446643, 0.76722544, 0.88653105],
      dtype=float32), 'accuracy': array([0.6372093, 0.9216966, 0.       , 0.       , 0.845679 ],
      dtype=float32), 'f1': {'micro': tensor(0.7349), 'macro': tensor(0.4403), 'none': tensor([0.5842, 0.9401, 0.0000, 0.0000, 0.6774])}}
Training : Epoch [17/50], Loss: 0.6880
Testing : Epoch [17/50], Loss: 0.8735, results: {'mAP': 0.41359353, 'mAR': 0.48319143, 'mAUC': 0.84407014, 'm_Accuracy': 0.48319143, 'ap': array([0.55859375, 0.9298532 , 0.        , 0.        , 0.5795207 ],
      dtype=float32), 'ar': array([0.66511625, 0.9298532 , 0.        , 0.        , 0.82098764],
      dtype=float32), 'auc': array([0.8946196 , 0.9711838 , 0.7010109 , 0.77107555, 0.8824609 ],
      dtype=float32), 'accuracy': array([0.66511625, 0.9298532 , 0.        , 0.        , 0.82098764],
      dtype=float32), 'f1': {'micro': tensor(0.7372), 'macro': tensor(0.4433), 'none': tensor([0.6072, 0.9299, 0.0000, 0.0000, 0.6794])}}
Training : Epoch [18/50], Loss: 0.6834
Testing : Epoch [18/50], Loss: 0.8656, results: {'mAP': 0.41930547, 'mAR': 0.48519412, 'mAUC': 0.8443886, 'm_Accuracy': 0.48519412, 'ap': array([0.58189654, 0.94463086, 0.        , 0.        , 0.57      ],
      dtype=float32), 'ar': array([0.627907 , 0.9184339, 0.       , 0.       , 0.8796296],
      dtype=float32), 'auc': array([0.8967592 , 0.97430956, 0.68049693, 0.77902573, 0.8913513 ],
      dtype=float32), 'accuracy': array([0.627907 , 0.9184339, 0.       , 0.       , 0.8796296],
      dtype=float32), 'f1': {'micro': tensor(0.7402), 'macro': tensor(0.4454), 'none': tensor([0.6040, 0.9313, 0.0000, 0.0000, 0.6917])}}
Training : Epoch [19/50], Loss: 0.6650
Testing : Epoch [19/50], Loss: 0.8416, results: {'mAP': 0.6292896, 'mAR': 0.4946258, 'mAUC': 0.8544181, 'm_Accuracy': 0.4946258, 'ap': array([0.61214954, 0.9623288 , 0.        , 1.        , 0.5719697 ],
      dtype=float32), 'ar': array([0.60930234, 0.9168026 , 0.        , 0.01492537, 0.93209875],
      dtype=float32), 'auc': array([0.8876533, 0.9768329, 0.723006 , 0.789226 , 0.8953722],
      dtype=float32), 'accuracy': array([0.60930234, 0.9168026 , 0.        , 0.01492537, 0.93209875],
      dtype=float32), 'f1': {'micro': tensor(0.7508), 'macro': tensor(0.4576), 'none': tensor([0.6107, 0.9390, 0.0000, 0.0294, 0.7089])}}
Training : Epoch [20/50], Loss: 0.6546
Testing : Epoch [20/50], Loss: 0.8277, results: {'mAP': 0.50859123, 'mAR': 0.4977749, 'mAUC': 0.8569495, 'm_Accuracy': 0.4977749, 'ap': array([0.5564202 , 0.93064517, 0.        , 0.4375    , 0.6183908 ],
      dtype=float32), 'ar': array([0.66511625, 0.94127244, 0.        , 0.05223881, 0.8302469 ],
      dtype=float32), 'auc': array([0.8986481 , 0.982327  , 0.7173036 , 0.7840571 , 0.90241194],
      dtype=float32), 'accuracy': array([0.66511625, 0.94127244, 0.        , 0.05223881, 0.8302469 ],
      dtype=float32), 'f1': {'micro': tensor(0.7500), 'macro': tensor(0.4688), 'none': tensor([0.6059, 0.9359, 0.0000, 0.0933, 0.7088])}}
Training : Epoch [21/50], Loss: 0.6416
Testing : Epoch [21/50], Loss: 0.8145, results: {'mAP': 0.47069535, 'mAR': 0.4939351, 'mAUC': 0.8540268, 'm_Accuracy': 0.4939351, 'ap': array([0.60444444, 0.9351702 , 0.        , 0.21428572, 0.5995763 ],
      dtype=float32), 'ar': array([0.63255817, 0.94127244, 0.        , 0.02238806, 0.8734568 ],
      dtype=float32), 'auc': array([0.90060806, 0.97897077, 0.69799304, 0.7933073 , 0.89925486],
      dtype=float32), 'accuracy': array([0.63255817, 0.94127244, 0.        , 0.02238806, 0.8734568 ],
      dtype=float32), 'f1': {'micro': tensor(0.7523), 'macro': tensor(0.4616), 'none': tensor([0.6182, 0.9382, 0.0000, 0.0405, 0.7111])}}
Saving ./data/aug/0.005_0.0_25/checkpoint_20.pt
Training : Epoch [22/50], Loss: 0.6283
Testing : Epoch [22/50], Loss: 0.8043, results: {'mAP': 0.4738248, 'mAR': 0.5010925, 'mAUC': 0.8538033, 'm_Accuracy': 0.5010925, 'ap': array([0.5903614 , 0.9607509 , 0.        , 0.22222222, 0.5957895 ],
      dtype=float32), 'ar': array([0.68372095, 0.9184339 , 0.        , 0.02985075, 0.8734568 ],
      dtype=float32), 'auc': array([0.9025178 , 0.9770908 , 0.6981967 , 0.7869947 , 0.90421647],
      dtype=float32), 'accuracy': array([0.68372095, 0.9184339 , 0.        , 0.02985075, 0.8734568 ],
      dtype=float32), 'f1': {'micro': tensor(0.7508), 'macro': tensor(0.4668), 'none': tensor([0.6336, 0.9391, 0.0000, 0.0526, 0.7084])}}
Training : Epoch [23/50], Loss: 0.6219
Testing : Epoch [23/50], Loss: 0.7965, results: {'mAP': 0.5483316, 'mAR': 0.49941826, 'mAUC': 0.8589815, 'm_Accuracy': 0.49941826, 'ap': array([0.5947136 , 0.9390445 , 0.        , 0.61538464, 0.5925156 ],
      dtype=float32), 'ar': array([0.627907  , 0.9298532 , 0.        , 0.05970149, 0.8796296 ],
      dtype=float32), 'auc': array([0.9059696, 0.9808736, 0.7166741, 0.7904323, 0.9009579],
      dtype=float32), 'accuracy': array([0.627907  , 0.9298532 , 0.        , 0.05970149, 0.8796296 ],
      dtype=float32), 'f1': {'micro': tensor(0.7515), 'macro': tensor(0.4724), 'none': tensor([0.6109, 0.9344, 0.0000, 0.1088, 0.7081])}}
Training : Epoch [24/50], Loss: 0.6187
Testing : Epoch [24/50], Loss: 0.7902, results: {'mAP': 0.48802692, 'mAR': 0.4943514, 'mAUC': 0.868717, 'm_Accuracy': 0.4943514, 'ap': array([0.5652174, 0.9160063, 0.       , 0.35     , 0.6089109],
      dtype=float32), 'ar': array([0.66511625, 0.94290376, 0.        , 0.10447761, 0.7592593 ],
      dtype=float32), 'auc': array([0.91311145, 0.98076636, 0.7501111 , 0.8038951 , 0.89570117],
      dtype=float32), 'accuracy': array([0.66511625, 0.94290376, 0.        , 0.10447761, 0.7592593 ],
      dtype=float32), 'f1': {'micro': tensor(0.7387), 'macro': tensor(0.4754), 'none': tensor([0.6111, 0.9293, 0.0000, 0.1609, 0.6758])}}
Training : Epoch [25/50], Loss: 0.6046
Testing : Epoch [25/50], Loss: 0.7731, results: {'mAP': 0.4971179, 'mAR': 0.5110149, 'mAUC': 0.8772629, 'm_Accuracy': 0.5110149, 'ap': array([0.54964536, 0.9576988 , 0.        , 0.35416666, 0.62407863],
      dtype=float32), 'ar': array([0.7209302 , 0.9233279 , 0.        , 0.12686567, 0.7839506 ],
      dtype=float32), 'auc': array([0.90863997, 0.980504  , 0.7708472 , 0.8189892 , 0.9073336 ],
      dtype=float32), 'accuracy': array([0.7209302 , 0.9233279 , 0.        , 0.12686567, 0.7839506 ],
      dtype=float32), 'f1': {'micro': tensor(0.7470), 'macro': tensor(0.4891), 'none': tensor([0.6237, 0.9402, 0.0000, 0.1868, 0.6949])}}
Training : Epoch [26/50], Loss: 0.5915
Testing : Epoch [26/50], Loss: 0.7608, results: {'mAP': 0.56676924, 'mAR': 0.5159684, 'mAUC': 0.86253893, 'm_Accuracy': 0.5159684, 'ap': array([0.627907  , 0.9609508 , 0.        , 0.65217394, 0.5928144 ],
      dtype=float32), 'ar': array([0.627907 , 0.9233279, 0.       , 0.1119403, 0.9166667],
      dtype=float32), 'auc': array([0.90670514, 0.9793723 , 0.699178  , 0.8176861 , 0.90975296],
      dtype=float32), 'accuracy': array([0.627907 , 0.9233279, 0.       , 0.1119403, 0.9166667],
      dtype=float32), 'f1': {'micro': tensor(0.7628), 'macro': tensor(0.4962), 'none': tensor([0.6279, 0.9418, 0.0000, 0.1911, 0.7200])}}
Training : Epoch [27/50], Loss: 0.5794
Testing : Epoch [27/50], Loss: 0.7422, results: {'mAP': 0.50053114, 'mAR': 0.51049346, 'mAUC': 0.8744448, 'm_Accuracy': 0.51049346, 'ap': array([0.6059322 , 0.9388084 , 0.        , 0.33898306, 0.61893207],
      dtype=float32), 'ar': array([0.66511625, 0.95106035, 0.        , 0.14925373, 0.787037  ],
      dtype=float32), 'auc': array([0.9120625 , 0.98443055, 0.7554432 , 0.81176406, 0.9085233 ],
      dtype=float32), 'accuracy': array([0.66511625, 0.95106035, 0.        , 0.14925373, 0.787037  ],
      dtype=float32), 'f1': {'micro': tensor(0.7538), 'macro': tensor(0.4958), 'none': tensor([0.6341, 0.9449, 0.0000, 0.2073, 0.6929])}}
Training : Epoch [28/50], Loss: 0.5720
Testing : Epoch [28/50], Loss: 0.7441, results: {'mAP': 0.5017687, 'mAR': 0.5181568, 'mAUC': 0.87965167, 'm_Accuracy': 0.5181568, 'ap': array([0.56589144, 0.9393443 , 0.        , 0.3529412 , 0.65066665],
      dtype=float32), 'ar': array([0.67906976, 0.93474716, 0.        , 0.2238806 , 0.75308645],
      dtype=float32), 'auc': array([0.9049416 , 0.9777935 , 0.7894542 , 0.81850797, 0.9075611 ],
      dtype=float32), 'accuracy': array([0.67906976, 0.93474716, 0.        , 0.2238806 , 0.75308645],
      dtype=float32), 'f1': {'micro': tensor(0.7477), 'macro': tensor(0.5053), 'none': tensor([0.6173, 0.9370, 0.0000, 0.2740, 0.6981])}}
Training : Epoch [29/50], Loss: 0.5674
Testing : Epoch [29/50], Loss: 0.7378, results: {'mAP': 0.5167945, 'mAR': 0.5266546, 'mAUC': 0.87362593, 'm_Accuracy': 0.5266546, 'ap': array([0.5645757 , 0.9501661 , 0.        , 0.41538462, 0.65384614],
      dtype=float32), 'ar': array([0.7116279 , 0.93311584, 0.        , 0.20149253, 0.787037  ],
      dtype=float32), 'auc': array([0.90479535, 0.9801321 , 0.76192325, 0.8114953 , 0.9097837 ],
      dtype=float32), 'accuracy': array([0.7116279 , 0.93311584, 0.        , 0.20149253, 0.787037  ],
      dtype=float32), 'f1': {'micro': tensor(0.7583), 'macro': tensor(0.5114), 'none': tensor([0.6296, 0.9416, 0.0000, 0.2714, 0.7143])}}
Training : Epoch [30/50], Loss: 0.5494
Testing : Epoch [30/50], Loss: 0.7181, results: {'mAP': 0.5232606, 'mAR': 0.52385616, 'mAUC': 0.875171, 'm_Accuracy': 0.52385616, 'ap': array([0.6034483 , 0.95033115, 0.        , 0.43548387, 0.6270396 ],
      dtype=float32), 'ar': array([0.6511628 , 0.9363785 , 0.        , 0.20149253, 0.8302469 ],
      dtype=float32), 'auc': array([0.9154558, 0.9812729, 0.7559246, 0.8181642, 0.9050373],
      dtype=float32), 'accuracy': array([0.6511628 , 0.9363785 , 0.        , 0.20149253, 0.8302469 ],
      dtype=float32), 'f1': {'micro': tensor(0.7605), 'macro': tensor(0.5119), 'none': tensor([0.6264, 0.9433, 0.0000, 0.2755, 0.7145])}}
Training : Epoch [31/50], Loss: 0.5465
Testing : Epoch [31/50], Loss: 0.7172, results: {'mAP': 0.72291905, 'mAR': 0.53378904, 'mAUC': 0.8794576, 'm_Accuracy': 0.53378904, 'ap': array([0.5928854 , 0.9486755 , 1.        , 0.43283582, 0.6401985 ],
      dtype=float32), 'ar': array([0.6976744 , 0.93474716, 0.02380952, 0.21641791, 0.7962963 ],
      dtype=float32), 'auc': array([0.90552664, 0.9815969 , 0.7801415 , 0.82815194, 0.9018709 ],
      dtype=float32), 'accuracy': array([0.6976744 , 0.93474716, 0.02380952, 0.21641791, 0.7962963 ],
      dtype=float32), 'f1': {'micro': tensor(0.7613), 'macro': tensor(0.5255), 'none': tensor([0.6410, 0.9417, 0.0465, 0.2886, 0.7098])}}
Saving ./data/aug/0.005_0.0_25/checkpoint_30.pt
Training : Epoch [32/50], Loss: 0.5344
Testing : Epoch [32/50], Loss: 0.7028, results: {'mAP': 0.5221963, 'mAR': 0.545621, 'mAUC': 0.8852049, 'm_Accuracy': 0.545621, 'ap': array([0.5962264, 0.9693356, 0.       , 0.3966942, 0.6487252],
      dtype=float32), 'ar': array([0.7348837 , 0.9282219 , 0.        , 0.35820895, 0.70679015],
      dtype=float32), 'auc': array([0.91699785, 0.98121357, 0.77899355, 0.84012103, 0.90869856],
      dtype=float32), 'accuracy': array([0.7348837 , 0.9282219 , 0.        , 0.35820895, 0.70679015],
      dtype=float32), 'f1': {'micro': tensor(0.7560), 'macro': tensor(0.5319), 'none': tensor([0.6583, 0.9483, 0.0000, 0.3765, 0.6765])}}
Training : Epoch [33/50], Loss: 0.5371
Testing : Epoch [33/50], Loss: 0.7051, results: {'mAP': 0.51973486, 'mAR': 0.52129257, 'mAUC': 0.8800966, 'm_Accuracy': 0.52129257, 'ap': array([0.64319247, 0.9383117 , 0.        , 0.4054054 , 0.6117647 ],
      dtype=float32), 'ar': array([0.6372093 , 0.94290376, 0.        , 0.2238806 , 0.80246913],
      dtype=float32), 'auc': array([0.9171984 , 0.98224026, 0.7718655 , 0.82672065, 0.9024581 ],
      dtype=float32), 'accuracy': array([0.6372093 , 0.94290376, 0.        , 0.2238806 , 0.80246913],
      dtype=float32), 'f1': {'micro': tensor(0.7568), 'macro': tensor(0.5127), 'none': tensor([0.6402, 0.9406, 0.0000, 0.2885, 0.6943])}}
Training : Epoch [34/50], Loss: 0.5344
Testing : Epoch [34/50], Loss: 0.7068, results: {'mAP': 0.51979315, 'mAR': 0.5341543, 'mAUC': 0.87637484, 'm_Accuracy': 0.5341543, 'ap': array([0.56573707, 0.9201278 , 0.        , 0.44247788, 0.6706231 ],
      dtype=float32), 'ar': array([0.6604651 , 0.9396411 , 0.        , 0.37313432, 0.69753087],
      dtype=float32), 'auc': array([0.910696 , 0.9803352, 0.7556839, 0.8358396, 0.8993194],
      dtype=float32), 'accuracy': array([0.6604651 , 0.9396411 , 0.        , 0.37313432, 0.69753087],
      dtype=float32), 'f1': {'micro': tensor(0.7485), 'macro': tensor(0.5256), 'none': tensor([0.6094, 0.9298, 0.0000, 0.4049, 0.6838])}}
Training : Epoch [35/50], Loss: 0.5226
Testing : Epoch [35/50], Loss: 0.6953, results: {'mAP': 0.50704587, 'mAR': 0.51984584, 'mAUC': 0.88339776, 'm_Accuracy': 0.51984584, 'ap': array([0.5697211 , 0.93658537, 0.        , 0.38202247, 0.6469003 ],
      dtype=float32), 'ar': array([0.66511625, 0.9396411 , 0.        , 0.25373134, 0.7407407 ],
      dtype=float32), 'auc': array([0.9039972 , 0.9821445 , 0.79789674, 0.82670814, 0.9062423 ],
      dtype=float32), 'accuracy': array([0.66511625, 0.9396411 , 0.        , 0.25373134, 0.7407407 ],
      dtype=float32), 'f1': {'micro': tensor(0.7477), 'macro': tensor(0.5095), 'none': tensor([0.6137, 0.9381, 0.0000, 0.3049, 0.6906])}}
Training : Epoch [36/50], Loss: 0.5140
Testing : Epoch [36/50], Loss: 0.6847, results: {'mAP': 0.50909245, 'mAR': 0.5266644, 'mAUC': 0.878055, 'm_Accuracy': 0.5266644, 'ap': array([0.5943775 , 0.92492014, 0.        , 0.35652173, 0.66964287],
      dtype=float32), 'ar': array([0.6883721 , 0.9445351 , 0.        , 0.30597016, 0.6944444 ],
      dtype=float32), 'auc': array([0.9131198 , 0.9823224 , 0.76956975, 0.82715195, 0.8981113 ],
      dtype=float32), 'accuracy': array([0.6883721 , 0.9445351 , 0.        , 0.30597016, 0.6944444 ],
      dtype=float32), 'f1': {'micro': tensor(0.7477), 'macro': tensor(0.5167), 'none': tensor([0.6379, 0.9346, 0.0000, 0.3293, 0.6818])}}
Training : Epoch [37/50], Loss: 0.5130
Testing : Epoch [37/50], Loss: 0.6770, results: {'mAP': 0.5434903, 'mAR': 0.5403101, 'mAUC': 0.8871703, 'm_Accuracy': 0.5403101, 'ap': array([0.61290324, 0.9402262 , 0.        , 0.5147059 , 0.64961636],
      dtype=float32), 'ar': array([0.7069768 , 0.94942904, 0.        , 0.26119402, 0.7839506 ],
      dtype=float32), 'auc': array([0.9126225 , 0.98278785, 0.7987114 , 0.83044577, 0.91128385],
      dtype=float32), 'accuracy': array([0.7069768 , 0.94942904, 0.        , 0.26119402, 0.7839506 ],
      dtype=float32), 'f1': {'micro': tensor(0.7703), 'macro': tensor(0.5317), 'none': tensor([0.6566, 0.9448, 0.0000, 0.3465, 0.7105])}}
Training : Epoch [38/50], Loss: 0.5022
Testing : Epoch [38/50], Loss: 0.6708, results: {'mAP': 0.53245485, 'mAR': 0.5488136, 'mAUC': 0.8792087, 'm_Accuracy': 0.5488136, 'ap': array([0.5773585 , 0.94174755, 0.        , 0.45454547, 0.6886228 ],
      dtype=float32), 'ar': array([0.7116279 , 0.94942904, 0.        , 0.37313432, 0.70987654],
      dtype=float32), 'auc': array([0.9167471 , 0.9836777 , 0.7521662 , 0.8408835 , 0.90256876],
      dtype=float32), 'accuracy': array([0.7116279 , 0.94942904, 0.        , 0.37313432, 0.70987654],
      dtype=float32), 'f1': {'micro': tensor(0.7643), 'macro': tensor(0.5384), 'none': tensor([0.6375, 0.9456, 0.0000, 0.4098, 0.6991])}}
Training : Epoch [39/50], Loss: 0.5109
Testing : Epoch [39/50], Loss: 0.6733, results: {'mAP': 0.5199941, 'mAR': 0.53383404, 'mAUC': 0.8871643, 'm_Accuracy': 0.53383404, 'ap': array([0.61538464, 0.9419355 , 0.        , 0.3904762 , 0.65217394],
      dtype=float32), 'ar': array([0.66976744, 0.9526917 , 0.        , 0.30597016, 0.7407407 ],
      dtype=float32), 'auc': array([0.913521  , 0.98565805, 0.7892135 , 0.8366584 , 0.9107705 ],
      dtype=float32), 'accuracy': array([0.66976744, 0.9526917 , 0.        , 0.30597016, 0.7407407 ],
      dtype=float32), 'f1': {'micro': tensor(0.7598), 'macro': tensor(0.5251), 'none': tensor([0.6414, 0.9473, 0.0000, 0.3431, 0.6936])}}
Training : Epoch [40/50], Loss: 0.5018
Testing : Epoch [40/50], Loss: 0.6690, results: {'mAP': 0.6463482, 'mAR': 0.5523834, 'mAUC': 0.8856411, 'm_Accuracy': 0.5523834, 'ap': array([0.61702126, 0.93679094, 0.5       , 0.50617284, 0.67175573],
      dtype=float32), 'ar': array([0.6744186 , 0.94290376, 0.02380952, 0.30597016, 0.8148148 ],
      dtype=float32), 'auc': array([0.9110387 , 0.9800454 , 0.78863955, 0.83881474, 0.9096669 ],
      dtype=float32), 'accuracy': array([0.6744186 , 0.94290376, 0.02380952, 0.30597016, 0.8148148 ],
      dtype=float32), 'f1': {'micro': tensor(0.7748), 'macro': tensor(0.5495), 'none': tensor([0.6444, 0.9398, 0.0455, 0.3814, 0.7364])}}
Training : Epoch [41/50], Loss: 0.5046
Testing : Epoch [41/50], Loss: 0.6703, results: {'mAP': 0.58219075, 'mAR': 0.5556928, 'mAUC': 0.8812588, 'm_Accuracy': 0.5556928, 'ap': array([0.6403509 , 0.94012946, 0.25      , 0.4       , 0.6804734 ],
      dtype=float32), 'ar': array([0.67906976, 0.9477977 , 0.02380952, 0.41791046, 0.70987654],
      dtype=float32), 'auc': array([0.9155896 , 0.9819026 , 0.76060873, 0.841121  , 0.9070723 ],
      dtype=float32), 'accuracy': array([0.67906976, 0.9477977 , 0.02380952, 0.41791046, 0.70987654],
      dtype=float32), 'f1': {'micro': tensor(0.7636), 'macro': tensor(0.5500), 'none': tensor([0.6591, 0.9439, 0.0435, 0.4088, 0.6949])}}
Saving ./data/aug/0.005_0.0_25/checkpoint_40.pt
