Train size = 5308, Test size = 1328
Classes : ['affected', 'destroyed', 'major', 'minor', 'no_damage']
Training : Epoch [1/50], Loss: 1.5636
Testing : Epoch [1/50], Loss: 1.9463, results: {'mAP': 0.09231928, 'mAR': 0.2, 'mAUC': 0.46229085, 'm_Accuracy': 0.2, 'ap': array([0.       , 0.4615964, 0.       , 0.       , 0.       ],
      dtype=float32), 'ar': array([0., 1., 0., 0., 0.], dtype=float32), 'auc': array([0.5335005 , 0.5272476 , 0.42799747, 0.48546213, 0.3372467 ],
      dtype=float32), 'accuracy': array([0., 1., 0., 0., 0.], dtype=float32), 'f1': {'micro': tensor(0.4616), 'macro': tensor(0.1263), 'none': tensor([0.0000, 0.6316, 0.0000, 0.0000, 0.0000])}}
Saving ./data/aug/0.005_0.0001_1/checkpoint_0.pt
Training : Epoch [2/50], Loss: 1.4520
Testing : Epoch [2/50], Loss: 1.8048, results: {'mAP': 0.09231928, 'mAR': 0.2, 'mAUC': 0.4998498, 'm_Accuracy': 0.2, 'ap': array([0.       , 0.4615964, 0.       , 0.       , 0.       ],
      dtype=float32), 'ar': array([0., 1., 0., 0., 0.], dtype=float32), 'auc': array([0.553409  , 0.6352662 , 0.44943717, 0.5140129 , 0.34712386],
      dtype=float32), 'accuracy': array([0., 1., 0., 0., 0.], dtype=float32), 'f1': {'micro': tensor(0.4616), 'macro': tensor(0.1263), 'none': tensor([0.0000, 0.6316, 0.0000, 0.0000, 0.0000])}}
Training : Epoch [3/50], Loss: 1.3683
Testing : Epoch [3/50], Loss: 1.7073, results: {'mAP': 0.09231928, 'mAR': 0.2, 'mAUC': 0.5744585, 'm_Accuracy': 0.2, 'ap': array([0.       , 0.4615964, 0.       , 0.       , 0.       ],
      dtype=float32), 'ar': array([0., 1., 0., 0., 0.], dtype=float32), 'auc': array([0.60048056, 0.76338995, 0.561079  , 0.5752112 , 0.37213185],
      dtype=float32), 'accuracy': array([0., 1., 0., 0., 0.], dtype=float32), 'f1': {'micro': tensor(0.4616), 'macro': tensor(0.1263), 'none': tensor([0.0000, 0.6316, 0.0000, 0.0000, 0.0000])}}
Training : Epoch [4/50], Loss: 1.3212
Testing : Epoch [4/50], Loss: 1.6479, results: {'mAP': 0.09231928, 'mAR': 0.2, 'mAUC': 0.6644907, 'm_Accuracy': 0.2, 'ap': array([0.       , 0.4615964, 0.       , 0.       , 0.       ],
      dtype=float32), 'ar': array([0., 1., 0., 0., 0.], dtype=float32), 'auc': array([0.63596815, 0.87248313, 0.6437644 , 0.58253956, 0.5876986 ],
      dtype=float32), 'accuracy': array([0., 1., 0., 0., 0.], dtype=float32), 'f1': {'micro': tensor(0.4616), 'macro': tensor(0.1263), 'none': tensor([0.0000, 0.6316, 0.0000, 0.0000, 0.0000])}}
Training : Epoch [5/50], Loss: 1.2391
Testing : Epoch [5/50], Loss: 1.5267, results: {'mAP': 0.20615384, 'mAR': 0.2380249, 'mAUC': 0.75007564, 'm_Accuracy': 0.2380249, 'ap': array([0.       , 0.5      , 0.       , 0.       , 0.5307692],
      dtype=float32), 'ar': array([0.        , 0.9771615 , 0.        , 0.        , 0.21296297],
      dtype=float32), 'auc': array([0.725899  , 0.9233804 , 0.6657039 , 0.62259054, 0.81280434],
      dtype=float32), 'accuracy': array([0.        , 0.9771615 , 0.        , 0.        , 0.21296297],
      dtype=float32), 'f1': {'micro': tensor(0.5030), 'macro': tensor(0.1931), 'none': tensor([0.0000, 0.6615, 0.0000, 0.0000, 0.3040])}}
Training : Epoch [6/50], Loss: 1.0518
Testing : Epoch [6/50], Loss: 1.2938, results: {'mAP': 0.4542281, 'mAR': 0.35792857, 'mAUC': 0.7935034, 'm_Accuracy': 0.35792857, 'ap': array([1.       , 0.8483412, 0.       , 0.       , 0.4227994],
      dtype=float32), 'ar': array([0.00930233, 0.8760196 , 0.        , 0.        , 0.904321  ],
      dtype=float32), 'auc': array([0.7696609 , 0.9337045 , 0.73691034, 0.6944611 , 0.83278   ],
      dtype=float32), 'accuracy': array([0.00930233, 0.8760196 , 0.        , 0.        , 0.904321  ],
      dtype=float32), 'f1': {'micro': tensor(0.6265), 'macro': tensor(0.2913), 'none': tensor([0.0184, 0.8620, 0.0000, 0.0000, 0.5762])}}
Training : Epoch [7/50], Loss: 0.9354
Testing : Epoch [7/50], Loss: 1.1612, results: {'mAP': 0.42841882, 'mAR': 0.38049823, 'mAUC': 0.7989973, 'm_Accuracy': 0.38049823, 'ap': array([0.78571427, 0.9258621 , 0.        , 0.        , 0.4305177 ],
      dtype=float32), 'ar': array([0.05116279, 0.8760196 , 0.        , 0.        , 0.97530866],
      dtype=float32), 'auc': array([0.7956497 , 0.93390983, 0.6875879 , 0.72638065, 0.8514584 ],
      dtype=float32), 'accuracy': array([0.05116279, 0.8760196 , 0.        , 0.        , 0.97530866],
      dtype=float32), 'f1': {'micro': tensor(0.6506), 'macro': tensor(0.3187), 'none': tensor([0.0961, 0.9003, 0.0000, 0.0000, 0.5974])}}
Training : Epoch [8/50], Loss: 0.8850
Testing : Epoch [8/50], Loss: 1.1041, results: {'mAP': 0.41677704, 'mAR': 0.39725962, 'mAUC': 0.81063205, 'm_Accuracy': 0.39725962, 'ap': array([0.7173913, 0.9242685, 0.       , 0.       , 0.4422254],
      dtype=float32), 'ar': array([0.15348837, 0.8760196 , 0.        , 0.        , 0.95679015],
      dtype=float32), 'auc': array([0.82668674, 0.9414915 , 0.7067689 , 0.730662  , 0.84755117],
      dtype=float32), 'accuracy': array([0.15348837, 0.8760196 , 0.        , 0.        , 0.95679015],
      dtype=float32), 'f1': {'micro': tensor(0.6627), 'macro': tensor(0.3514), 'none': tensor([0.2529, 0.8995, 0.0000, 0.0000, 0.6049])}}
Training : Epoch [9/50], Loss: 0.8557
Testing : Epoch [9/50], Loss: 1.0671, results: {'mAP': 0.42105636, 'mAR': 0.4276929, 'mAUC': 0.82095945, 'm_Accuracy': 0.4276929, 'ap': array([0.6956522 , 0.9391304 , 0.        , 0.        , 0.47049925],
      dtype=float32), 'ar': array([0.29767442, 0.88091356, 0.        , 0.        , 0.95987654],
      dtype=float32), 'auc': array([0.84926975, 0.95040554, 0.70599127, 0.73660594, 0.8625252 ],
      dtype=float32), 'accuracy': array([0.29767442, 0.88091356, 0.        , 0.        , 0.95987654],
      dtype=float32), 'f1': {'micro': tensor(0.6890), 'macro': tensor(0.3915), 'none': tensor([0.4169, 0.9091, 0.0000, 0.0000, 0.6315])}}
Training : Epoch [10/50], Loss: 0.8244
Testing : Epoch [10/50], Loss: 1.0303, results: {'mAP': 0.39479527, 'mAR': 0.44956642, 'mAUC': 0.8194397, 'm_Accuracy': 0.44956642, 'ap': array([0.5365854 , 0.92047375, 0.        , 0.        , 0.5169173 ],
      dtype=float32), 'ar': array([0.5116279 , 0.88743883, 0.        , 0.        , 0.84876543],
      dtype=float32), 'auc': array([0.85441816, 0.9545443 , 0.6831815 , 0.73922473, 0.8658299 ],
      dtype=float32), 'accuracy': array([0.5116279 , 0.88743883, 0.        , 0.        , 0.84876543],
      dtype=float32), 'f1': {'micro': tensor(0.6995), 'macro': tensor(0.4140), 'none': tensor([0.5238, 0.9037, 0.0000, 0.0000, 0.6425])}}
Training : Epoch [11/50], Loss: 0.7996
Testing : Epoch [11/50], Loss: 0.9993, results: {'mAP': 0.40553036, 'mAR': 0.45577455, 'mAUC': 0.8324216, 'm_Accuracy': 0.45577455, 'ap': array([0.5913978 , 0.91610736, 0.        , 0.        , 0.52014655],
      dtype=float32), 'ar': array([0.5116279, 0.8907015, 0.       , 0.       , 0.8765432],
      dtype=float32), 'auc': array([0.868263  , 0.960595  , 0.70223284, 0.7583627 , 0.87265444],
      dtype=float32), 'accuracy': array([0.5116279, 0.8907015, 0.       , 0.       , 0.8765432],
      dtype=float32), 'f1': {'micro': tensor(0.7078), 'macro': tensor(0.4209), 'none': tensor([0.5486, 0.9032, 0.0000, 0.0000, 0.6529])}}
Saving ./data/aug/0.005_0.0001_1/checkpoint_10.pt
Training : Epoch [12/50], Loss: 0.7849
Testing : Epoch [12/50], Loss: 0.9828, results: {'mAP': 0.40553564, 'mAR': 0.4549234, 'mAUC': 0.82674074, 'm_Accuracy': 0.4549234, 'ap': array([0.6       , 0.90909094, 0.        , 0.        , 0.51858735],
      dtype=float32), 'ar': array([0.51627904, 0.89722675, 0.        , 0.        , 0.8611111 ],
      dtype=float32), 'auc': array([0.87726027, 0.9592535 , 0.6833852 , 0.74626863, 0.867536  ],
      dtype=float32), 'accuracy': array([0.51627904, 0.89722675, 0.        , 0.        , 0.8611111 ],
      dtype=float32), 'f1': {'micro': tensor(0.7078), 'macro': tensor(0.4211), 'none': tensor([0.5550, 0.9031, 0.0000, 0.0000, 0.6473])}}
Training : Epoch [13/50], Loss: 0.7636
Testing : Epoch [13/50], Loss: 0.9572, results: {'mAP': 0.40749007, 'mAR': 0.45882994, 'mAUC': 0.8387805, 'm_Accuracy': 0.45882994, 'ap': array([0.5923913, 0.907916 , 0.       , 0.       , 0.5371429],
      dtype=float32), 'ar': array([0.5069767, 0.9168026, 0.       , 0.       , 0.8703704],
      dtype=float32), 'auc': array([0.87966734, 0.96451706, 0.72319114, 0.75616264, 0.87036425],
      dtype=float32), 'accuracy': array([0.5069767, 0.9168026, 0.       , 0.       , 0.8703704],
      dtype=float32), 'f1': {'micro': tensor(0.7176), 'macro': tensor(0.4246), 'none': tensor([0.5464, 0.9123, 0.0000, 0.0000, 0.6643])}}
Training : Epoch [14/50], Loss: 0.7334
Testing : Epoch [14/50], Loss: 0.9235, results: {'mAP': 0.41088286, 'mAR': 0.46719733, 'mAUC': 0.83415854, 'm_Accuracy': 0.46719733, 'ap': array([0.60199004, 0.90192926, 0.        , 0.        , 0.550495  ],
      dtype=float32), 'ar': array([0.5627907 , 0.91517127, 0.        , 0.        , 0.8580247 ],
      dtype=float32), 'auc': array([0.88331556, 0.96241343, 0.7005295 , 0.7417873 , 0.8827468 ],
      dtype=float32), 'accuracy': array([0.5627907 , 0.91517127, 0.        , 0.        , 0.8580247 ],
      dtype=float32), 'f1': {'micro': tensor(0.7229), 'macro': tensor(0.4322), 'none': tensor([0.5817, 0.9085, 0.0000, 0.0000, 0.6707])}}
Training : Epoch [15/50], Loss: 0.7205
Testing : Epoch [15/50], Loss: 0.9067, results: {'mAP': 0.41986427, 'mAR': 0.46313795, 'mAUC': 0.8558071, 'm_Accuracy': 0.46313795, 'ap': array([0.65822786, 0.8761329 , 0.        , 0.        , 0.56496066],
      dtype=float32), 'ar': array([0.48372093, 0.9461664 , 0.        , 0.        , 0.88580245],
      dtype=float32), 'auc': array([0.87382936, 0.97033274, 0.7886766 , 0.760419  , 0.8857779 ],
      dtype=float32), 'accuracy': array([0.48372093, 0.9461664 , 0.        , 0.        , 0.88580245],
      dtype=float32), 'f1': {'micro': tensor(0.7312), 'macro': tensor(0.4315), 'none': tensor([0.5576, 0.9098, 0.0000, 0.0000, 0.6899])}}
Training : Epoch [16/50], Loss: 0.7057
Testing : Epoch [16/50], Loss: 0.8871, results: {'mAP': 0.42560586, 'mAR': 0.47154102, 'mAUC': 0.86712265, 'm_Accuracy': 0.47154102, 'ap': array([0.6627907, 0.9306931, 0.       , 0.       , 0.5345455],
      dtype=float32), 'ar': array([0.53023255, 0.9200652 , 0.        , 0.        , 0.9074074 ],
      dtype=float32), 'auc': array([0.8925343 , 0.9749712 , 0.80956084, 0.7763132 , 0.88223344],
      dtype=float32), 'accuracy': array([0.53023255, 0.9200652 , 0.        , 0.        , 0.9074074 ],
      dtype=float32), 'f1': {'micro': tensor(0.7319), 'macro': tensor(0.4375), 'none': tensor([0.5891, 0.9253, 0.0000, 0.0000, 0.6728])}}
Training : Epoch [17/50], Loss: 0.6928
Testing : Epoch [17/50], Loss: 0.8720, results: {'mAP': 0.41534257, 'mAR': 0.47271252, 'mAUC': 0.856013, 'm_Accuracy': 0.47271252, 'ap': array([0.61463416, 0.90125394, 0.        , 0.        , 0.56082475],
      dtype=float32), 'ar': array([0.5860465 , 0.9380098 , 0.        , 0.        , 0.83950615],
      dtype=float32), 'auc': array([0.89183646, 0.975407  , 0.7610901 , 0.76010025, 0.891631  ],
      dtype=float32), 'accuracy': array([0.5860465 , 0.9380098 , 0.        , 0.        , 0.83950615],
      dtype=float32), 'f1': {'micro': tensor(0.7327), 'macro': tensor(0.4383), 'none': tensor([0.6000, 0.9193, 0.0000, 0.0000, 0.6724])}}
Training : Epoch [18/50], Loss: 0.6728
Testing : Epoch [18/50], Loss: 0.8501, results: {'mAP': 0.42410842, 'mAR': 0.4862434, 'mAUC': 0.8504182, 'm_Accuracy': 0.4862434, 'ap': array([0.625     , 0.92382497, 0.        , 0.        , 0.57171714],
      dtype=float32), 'ar': array([0.627907 , 0.9298532, 0.       , 0.       , 0.8734568],
      dtype=float32), 'auc': array([0.90461147, 0.97576976, 0.71765536, 0.7628753 , 0.8911791 ],
      dtype=float32), 'accuracy': array([0.627907 , 0.9298532, 0.       , 0.       , 0.8734568],
      dtype=float32), 'f1': {'micro': tensor(0.7440), 'macro': tensor(0.4489), 'none': tensor([0.6265, 0.9268, 0.0000, 0.0000, 0.6911])}}
Training : Epoch [19/50], Loss: 0.6665
Testing : Epoch [19/50], Loss: 0.8429, results: {'mAP': 0.4251093, 'mAR': 0.48846537, 'mAUC': 0.8678819, 'm_Accuracy': 0.48846537, 'ap': array([0.6199095 , 0.92419356, 0.        , 0.        , 0.5814433 ],
      dtype=float32), 'ar': array([0.6372093 , 0.93474716, 0.        , 0.        , 0.8703704 ],
      dtype=float32), 'auc': array([0.89915794, 0.97548914, 0.8114493 , 0.76490664, 0.8884063 ],
      dtype=float32), 'accuracy': array([0.6372093 , 0.93474716, 0.        , 0.        , 0.8703704 ],
      dtype=float32), 'f1': {'micro': tensor(0.7470), 'macro': tensor(0.4510), 'none': tensor([0.6284, 0.9294, 0.0000, 0.0000, 0.6972])}}
Training : Epoch [20/50], Loss: 0.6531
Testing : Epoch [20/50], Loss: 0.8288, results: {'mAP': 0.42000198, 'mAR': 0.4859477, 'mAUC': 0.8692945, 'm_Accuracy': 0.4859477, 'ap': array([0.5897436, 0.9405941, 0.       , 0.       , 0.5696721],
      dtype=float32), 'ar': array([0.6418605, 0.9298532, 0.       , 0.       , 0.8580247],
      dtype=float32), 'auc': array([0.90423954, 0.9730752 , 0.8075613 , 0.76729417, 0.8943024 ],
      dtype=float32), 'accuracy': array([0.6418605, 0.9298532, 0.       , 0.       , 0.8580247],
      dtype=float32), 'f1': {'micro': tensor(0.7425), 'macro': tensor(0.4469), 'none': tensor([0.6147, 0.9352, 0.0000, 0.0000, 0.6847])}}
Training : Epoch [21/50], Loss: 0.6308
Testing : Epoch [21/50], Loss: 0.8062, results: {'mAP': 0.6229749, 'mAR': 0.4948907, 'mAUC': 0.8628438, 'm_Accuracy': 0.4948907, 'ap': array([0.5873016, 0.9437086, 0.       , 1.       , 0.5838641],
      dtype=float32), 'ar': array([0.6883721 , 0.9298532 , 0.        , 0.00746269, 0.84876543],
      dtype=float32), 'auc': array([0.9117157 , 0.9758108 , 0.77355033, 0.7576502 , 0.8954921 ],
      dtype=float32), 'accuracy': array([0.6883721 , 0.9298532 , 0.        , 0.00746269, 0.84876543],
      dtype=float32), 'f1': {'micro': tensor(0.7485), 'macro': tensor(0.4554), 'none': tensor([0.6338, 0.9367, 0.0000, 0.0148, 0.6918])}}
Saving ./data/aug/0.005_0.0001_1/checkpoint_20.pt
Training : Epoch [22/50], Loss: 0.6248
Testing : Epoch [22/50], Loss: 0.7974, results: {'mAP': 0.4258898, 'mAR': 0.490573, 'mAUC': 0.8714455, 'm_Accuracy': 0.490573, 'ap': array([0.6199095 , 0.92382497, 0.        , 0.        , 0.5857143 ],
      dtype=float32), 'ar': array([0.6372093 , 0.9298532 , 0.        , 0.        , 0.88580245],
      dtype=float32), 'auc': array([0.89711446, 0.9775585 , 0.8101533 , 0.7751444 , 0.8972567 ],
      dtype=float32), 'accuracy': array([0.6372093 , 0.9298532 , 0.        , 0.        , 0.88580245],
      dtype=float32), 'f1': {'micro': tensor(0.7485), 'macro': tensor(0.4521), 'none': tensor([0.6284, 0.9268, 0.0000, 0.0000, 0.7052])}}
Training : Epoch [23/50], Loss: 0.6113
Testing : Epoch [23/50], Loss: 0.7847, results: {'mAP': 0.41719618, 'mAR': 0.48589048, 'mAUC': 0.87378967, 'm_Accuracy': 0.48589048, 'ap': array([0.548    , 0.9513423, 0.       , 0.       , 0.5866388],
      dtype=float32), 'ar': array([0.6372093 , 0.92495924, 0.        , 0.        , 0.86728394],
      dtype=float32), 'auc': array([0.8909254 , 0.98051995, 0.8272236 , 0.770413  , 0.8998666 ],
      dtype=float32), 'accuracy': array([0.6372093 , 0.92495924, 0.        , 0.        , 0.86728394],
      dtype=float32), 'f1': {'micro': tensor(0.7417), 'macro': tensor(0.4454), 'none': tensor([0.5892, 0.9380, 0.0000, 0.0000, 0.6999])}}
Training : Epoch [24/50], Loss: 0.6102
Testing : Epoch [24/50], Loss: 0.7827, results: {'mAP': 0.42198128, 'mAR': 0.49563733, 'mAUC': 0.8711336, 'm_Accuracy': 0.49563733, 'ap': array([0.5724907 , 0.94710743, 0.        , 0.        , 0.59030837],
      dtype=float32), 'ar': array([0.7162791 , 0.93474716, 0.        , 0.        , 0.8271605 ],
      dtype=float32), 'auc': array([0.90235484, 0.97782314, 0.8105421 , 0.770163  , 0.89478505],
      dtype=float32), 'accuracy': array([0.7162791 , 0.93474716, 0.        , 0.        , 0.8271605 ],
      dtype=float32), 'f1': {'micro': tensor(0.7492), 'macro': tensor(0.4532), 'none': tensor([0.6364, 0.9409, 0.0000, 0.0000, 0.6889])}}
Training : Epoch [25/50], Loss: 0.5947
Testing : Epoch [25/50], Loss: 0.7627, results: {'mAP': 0.42386675, 'mAR': 0.49000424, 'mAUC': 0.87449396, 'm_Accuracy': 0.49000424, 'ap': array([0.59130436, 0.94554454, 0.        , 0.        , 0.5824847 ],
      dtype=float32), 'ar': array([0.63255817, 0.93474716, 0.        , 0.        , 0.88271606],
      dtype=float32), 'auc': array([0.9068012 , 0.98241365, 0.79337925, 0.7871197 , 0.9027563 ],
      dtype=float32), 'accuracy': array([0.63255817, 0.93474716, 0.        , 0.        , 0.88271606],
      dtype=float32), 'f1': {'micro': tensor(0.7492), 'macro': tensor(0.4506), 'none': tensor([0.6112, 0.9401, 0.0000, 0.0000, 0.7018])}}
Training : Epoch [26/50], Loss: 0.5905
Testing : Epoch [26/50], Loss: 0.7655, results: {'mAP': 0.57875216, 'mAR': 0.48899904, 'mAUC': 0.86443615, 'm_Accuracy': 0.48899904, 'ap': array([0.5862069, 0.9119497, 0.       , 0.8      , 0.5956044],
      dtype=float32), 'ar': array([0.63255817, 0.9461664 , 0.        , 0.02985075, 0.83641976],
      dtype=float32), 'auc': array([0.8938089 , 0.9783319 , 0.78464043, 0.7654254 , 0.89997417],
      dtype=float32), 'accuracy': array([0.63255817, 0.9461664 , 0.        , 0.02985075, 0.83641976],
      dtype=float32), 'f1': {'micro': tensor(0.7462), 'macro': tensor(0.4581), 'none': tensor([0.6085, 0.9287, 0.0000, 0.0576, 0.6958])}}
Training : Epoch [27/50], Loss: 0.5875
Testing : Epoch [27/50], Loss: 0.7606, results: {'mAP': 0.5676932, 'mAR': 0.48567653, 'mAUC': 0.8721744, 'm_Accuracy': 0.48567653, 'ap': array([0.58798283, 0.9222222 , 0.        , 0.75      , 0.5782609 ],
      dtype=float32), 'ar': array([0.6372093 , 0.9477977 , 0.        , 0.02238806, 0.82098764],
      dtype=float32), 'auc': array([0.89883196, 0.97923774, 0.8070614 , 0.7810758 , 0.8946652 ],
      dtype=float32), 'accuracy': array([0.6372093 , 0.9477977 , 0.        , 0.02238806, 0.82098764],
      dtype=float32), 'f1': {'micro': tensor(0.7432), 'macro': tensor(0.4537), 'none': tensor([0.6116, 0.9348, 0.0000, 0.0435, 0.6786])}}
Training : Epoch [28/50], Loss: 0.5767
Testing : Epoch [28/50], Loss: 0.7472, results: {'mAP': 0.5664133, 'mAR': 0.49330467, 'mAUC': 0.8816787, 'm_Accuracy': 0.49330467, 'ap': array([0.6203704 , 0.9222222 , 0.5       , 0.2       , 0.58947366],
      dtype=float32), 'ar': array([0.6232558 , 0.9477977 , 0.02380952, 0.00746269, 0.86419755],
      dtype=float32), 'auc': array([0.90088385, 0.979653  , 0.8456269 , 0.7838446 , 0.89838487],
      dtype=float32), 'accuracy': array([0.6232558 , 0.9477977 , 0.02380952, 0.00746269, 0.86419755],
      dtype=float32), 'f1': {'micro': tensor(0.7508), 'macro': tensor(0.4635), 'none': tensor([0.6218, 0.9348, 0.0455, 0.0144, 0.7009])}}
Training : Epoch [29/50], Loss: 0.5719
Testing : Epoch [29/50], Loss: 0.7464, results: {'mAP': 0.48238558, 'mAR': 0.4878736, 'mAUC': 0.86800086, 'm_Accuracy': 0.4878736, 'ap': array([0.5488722 , 0.92926043, 0.        , 0.33333334, 0.6004619 ],
      dtype=float32), 'ar': array([0.67906976, 0.94290376, 0.        , 0.01492537, 0.80246913],
      dtype=float32), 'auc': array([0.89701414, 0.979799  , 0.78362215, 0.781507  , 0.89806205],
      dtype=float32), 'accuracy': array([0.67906976, 0.94290376, 0.        , 0.01492537, 0.80246913],
      dtype=float32), 'f1': {'micro': tensor(0.7425), 'macro': tensor(0.4517), 'none': tensor([0.6071, 0.9360, 0.0000, 0.0286, 0.6869])}}
Training : Epoch [30/50], Loss: 0.5664
Testing : Epoch [30/50], Loss: 0.7348, results: {'mAP': 0.5005714, 'mAR': 0.49421674, 'mAUC': 0.87784845, 'm_Accuracy': 0.49421674, 'ap': array([0.61206895, 0.9273021 , 0.        , 0.375     , 0.58848614],
      dtype=float32), 'ar': array([0.6604651 , 0.9363785 , 0.        , 0.02238806, 0.8518519 ],
      dtype=float32), 'auc': array([0.90570635, 0.97949326, 0.8054877 , 0.79263234, 0.9059226 ],
      dtype=float32), 'accuracy': array([0.6604651 , 0.9363785 , 0.        , 0.02238806, 0.8518519 ],
      dtype=float32), 'f1': {'micro': tensor(0.7492), 'macro': tensor(0.4611), 'none': tensor([0.6353, 0.9318, 0.0000, 0.0423, 0.6961])}}
Training : Epoch [31/50], Loss: 0.5601
Testing : Epoch [31/50], Loss: 0.7297, results: {'mAP': 0.49861103, 'mAR': 0.49451646, 'mAUC': 0.8740827, 'm_Accuracy': 0.49451646, 'ap': array([0.6147186 , 0.89723927, 0.        , 0.36842105, 0.6126761 ],
      dtype=float32), 'ar': array([0.6604651 , 0.954323  , 0.        , 0.05223881, 0.8055556 ],
      dtype=float32), 'auc': array([0.90483296, 0.98113143, 0.8017663 , 0.77937573, 0.90330654],
      dtype=float32), 'accuracy': array([0.6604651 , 0.954323  , 0.        , 0.05223881, 0.8055556 ],
      dtype=float32), 'f1': {'micro': tensor(0.7492), 'macro': tensor(0.4698), 'none': tensor([0.6368, 0.9249, 0.0000, 0.0915, 0.6960])}}
Saving ./data/aug/0.005_0.0001_1/checkpoint_30.pt
Training : Epoch [32/50], Loss: 0.5638
Testing : Epoch [32/50], Loss: 0.7290, results: {'mAP': 0.6974285, 'mAR': 0.516817, 'mAUC': 0.87872696, 'm_Accuracy': 0.516817, 'ap': array([0.5645757 , 0.94736844, 1.        , 0.35714287, 0.6180556 ],
      dtype=float32), 'ar': array([0.7116279 , 0.9396411 , 0.07142857, 0.03731343, 0.8240741 ],
      dtype=float32), 'auc': array([0.9052592 , 0.9825711 , 0.80741316, 0.78730094, 0.9110902 ],
      dtype=float32), 'accuracy': array([0.7116279 , 0.9396411 , 0.07142857, 0.03731343, 0.8240741 ],
      dtype=float32), 'f1': {'micro': tensor(0.7560), 'macro': tensor(0.4961), 'none': tensor([0.6296, 0.9435, 0.1333, 0.0676, 0.7063])}}
Training : Epoch [33/50], Loss: 0.5467
Testing : Epoch [33/50], Loss: 0.7192, results: {'mAP': 0.5885097, 'mAR': 0.5015224, 'mAUC': 0.8728903, 'm_Accuracy': 0.5015224, 'ap': array([0.55725193, 0.9366883 , 0.25      , 0.6       , 0.5986079 ],
      dtype=float32), 'ar': array([0.67906976, 0.94127244, 0.02380952, 0.06716418, 0.7962963 ],
      dtype=float32), 'auc': array([0.9015316 , 0.9817429 , 0.80259943, 0.7789445 , 0.89963293],
      dtype=float32), 'accuracy': array([0.67906976, 0.94127244, 0.02380952, 0.06716418, 0.7962963 ],
      dtype=float32), 'f1': {'micro': tensor(0.7462), 'macro': tensor(0.4798), 'none': tensor([0.6122, 0.9390, 0.0435, 0.1208, 0.6834])}}
Training : Epoch [34/50], Loss: 0.5439
Testing : Epoch [34/50], Loss: 0.7108, results: {'mAP': 0.6074241, 'mAR': 0.5087272, 'mAUC': 0.8765578, 'm_Accuracy': 0.5087272, 'ap': array([0.57539684, 0.9612142 , 0.5       , 0.4117647 , 0.5887446 ],
      dtype=float32), 'ar': array([0.6744186 , 0.9298532 , 0.04761905, 0.05223881, 0.83950615],
      dtype=float32), 'auc': array([0.9108548 , 0.98234063, 0.79843366, 0.7880197 , 0.90314054],
      dtype=float32), 'accuracy': array([0.6744186 , 0.9298532 , 0.04761905, 0.05223881, 0.83950615],
      dtype=float32), 'f1': {'micro': tensor(0.7500), 'macro': tensor(0.4876), 'none': tensor([0.6210, 0.9453, 0.0870, 0.0927, 0.6921])}}
Training : Epoch [35/50], Loss: 0.5444
Testing : Epoch [35/50], Loss: 0.7125, results: {'mAP': 0.50909775, 'mAR': 0.5001348, 'mAUC': 0.8781312, 'm_Accuracy': 0.5001348, 'ap': array([0.575188  , 0.9298246 , 0.        , 0.42857143, 0.61190474],
      dtype=float32), 'ar': array([0.7116279 , 0.95106035, 0.        , 0.04477612, 0.79320985],
      dtype=float32), 'auc': array([0.90425205, 0.9825825 , 0.8025809 , 0.7993575 , 0.9018832 ],
      dtype=float32), 'accuracy': array([0.7116279 , 0.95106035, 0.        , 0.04477612, 0.79320985],
      dtype=float32), 'f1': {'micro': tensor(0.7523), 'macro': tensor(0.4697), 'none': tensor([0.6362, 0.9403, 0.0000, 0.0811, 0.6909])}}
Training : Epoch [36/50], Loss: 0.5303
Testing : Epoch [36/50], Loss: 0.6967, results: {'mAP': 0.70347893, 'mAR': 0.50449216, 'mAUC': 0.8805664, 'm_Accuracy': 0.50449216, 'ap': array([0.6111111 , 0.9191759 , 1.        , 0.375     , 0.61210763],
      dtype=float32), 'ar': array([0.66511625, 0.9461664 , 0.02380952, 0.04477612, 0.8425926 ],
      dtype=float32), 'auc': array([0.9015065 , 0.98173374, 0.81500405, 0.7927323 , 0.91185564],
      dtype=float32), 'accuracy': array([0.66511625, 0.9461664 , 0.02380952, 0.04477612, 0.8425926 ],
      dtype=float32), 'f1': {'micro': tensor(0.7553), 'macro': tensor(0.4810), 'none': tensor([0.6370, 0.9325, 0.0465, 0.0800, 0.7091])}}
Training : Epoch [37/50], Loss: 0.5308
Testing : Epoch [37/50], Loss: 0.6967, results: {'mAP': 0.61788976, 'mAR': 0.5077352, 'mAUC': 0.8813456, 'm_Accuracy': 0.5077352, 'ap': array([0.5983264 , 0.928     , 0.5       , 0.45      , 0.61312217],
      dtype=float32), 'ar': array([0.66511625, 0.9461664 , 0.02380952, 0.06716418, 0.83641976],
      dtype=float32), 'auc': array([0.90967214, 0.98296124, 0.8208361 , 0.7888947 , 0.90436405],
      dtype=float32), 'accuracy': array([0.66511625, 0.9461664 , 0.02380952, 0.06716418, 0.83641976],
      dtype=float32), 'f1': {'micro': tensor(0.7560), 'macro': tensor(0.4874), 'none': tensor([0.6300, 0.9370, 0.0455, 0.1169, 0.7076])}}
Training : Epoch [38/50], Loss: 0.5220
Testing : Epoch [38/50], Loss: 0.6879, results: {'mAP': 0.5082212, 'mAR': 0.5108534, 'mAUC': 0.87813294, 'm_Accuracy': 0.5108534, 'ap': array([0.5729927 , 0.9382114 , 0.        , 0.4       , 0.62990195],
      dtype=float32), 'ar': array([0.73023254, 0.94127244, 0.        , 0.08955224, 0.79320985],
      dtype=float32), 'auc': array([0.9126643 , 0.98258024, 0.80108124, 0.7880322 , 0.90630686],
      dtype=float32), 'accuracy': array([0.73023254, 0.94127244, 0.        , 0.08955224, 0.79320985],
      dtype=float32), 'f1': {'micro': tensor(0.7553), 'macro': tensor(0.4861), 'none': tensor([0.6421, 0.9397, 0.0000, 0.1463, 0.7022])}}
Training : Epoch [39/50], Loss: 0.5329
Testing : Epoch [39/50], Loss: 0.6979, results: {'mAP': 0.52402604, 'mAR': 0.50977623, 'mAUC': 0.8783361, 'm_Accuracy': 0.50977623, 'ap': array([0.5797665 , 0.929374  , 0.        , 0.48387095, 0.62711865],
      dtype=float32), 'ar': array([0.69302326, 0.9445351 , 0.        , 0.1119403 , 0.7993827 ],
      dtype=float32), 'auc': array([0.90741134, 0.9835157 , 0.7966933 , 0.7972949 , 0.9067649 ],
      dtype=float32), 'accuracy': array([0.69302326, 0.9445351 , 0.        , 0.1119403 , 0.7993827 ],
      dtype=float32), 'f1': {'micro': tensor(0.7545), 'macro': tensor(0.4906), 'none': tensor([0.6314, 0.9369, 0.0000, 0.1818, 0.7028])}}
Training : Epoch [40/50], Loss: 0.5172
Testing : Epoch [40/50], Loss: 0.6834, results: {'mAP': 0.6566535, 'mAR': 0.51752126, 'mAUC': 0.8780469, 'm_Accuracy': 0.51752126, 'ap': array([0.6041667 , 0.95507485, 0.75      , 0.3809524 , 0.5930736 ],
      dtype=float32), 'ar': array([0.6744186 , 0.9363785 , 0.07142857, 0.05970149, 0.845679  ],
      dtype=float32), 'auc': array([0.91081303, 0.98131394, 0.78952825, 0.8046701 , 0.903909  ],
      dtype=float32), 'accuracy': array([0.6744186 , 0.9363785 , 0.07142857, 0.05970149, 0.845679  ],
      dtype=float32), 'f1': {'micro': tensor(0.7560), 'macro': tensor(0.5028), 'none': tensor([0.6374, 0.9456, 0.1304, 0.1032, 0.6972])}}
Training : Epoch [41/50], Loss: 0.5179
Testing : Epoch [41/50], Loss: 0.6888, results: {'mAP': 0.60887516, 'mAR': 0.5070011, 'mAUC': 0.8724314, 'm_Accuracy': 0.5070011, 'ap': array([0.58064514, 0.93658537, 0.5       , 0.41666666, 0.61047834],
      dtype=float32), 'ar': array([0.66976744, 0.9396411 , 0.02380952, 0.07462686, 0.8271605 ],
      dtype=float32), 'auc': array([0.89894897, 0.98090553, 0.7813079 , 0.79876995, 0.9022244 ],
      dtype=float32), 'accuracy': array([0.66976744, 0.9396411 , 0.02380952, 0.07462686, 0.8271605 ],
      dtype=float32), 'f1': {'micro': tensor(0.7523), 'macro': tensor(0.4869), 'none': tensor([0.6220, 0.9381, 0.0455, 0.1266, 0.7025])}}
Saving ./data/aug/0.005_0.0001_1/checkpoint_40.pt
Training : Epoch [42/50], Loss: 0.5167
Testing : Epoch [42/50], Loss: 0.6842, results: {'mAP': 0.6123729, 'mAR': 0.5227555, 'mAUC': 0.87352216, 'm_Accuracy': 0.5227555, 'ap': array([0.58995813, 0.95033115, 0.42857143, 0.4827586 , 0.610245  ],
      dtype=float32), 'ar': array([0.65581393, 0.9363785 , 0.07142857, 0.10447761, 0.845679  ],
      dtype=float32), 'auc': array([0.9052174 , 0.98322135, 0.7803636 , 0.7961261 , 0.9026825 ],
      dtype=float32), 'accuracy': array([0.65581393, 0.9363785 , 0.07142857, 0.10447761, 0.845679  ],
      dtype=float32), 'f1': {'micro': tensor(0.7575), 'macro': tensor(0.5135), 'none': tensor([0.6211, 0.9433, 0.1224, 0.1718, 0.7089])}}
Training : Epoch [43/50], Loss: 0.5146
Testing : Epoch [43/50], Loss: 0.6818, results: {'mAP': 0.5315403, 'mAR': 0.50869334, 'mAUC': 0.8831588, 'm_Accuracy': 0.50869334, 'ap': array([0.5884615 , 0.92038214, 0.        , 0.5217391 , 0.62711865],
      dtype=float32), 'ar': array([0.7116279 , 0.94290376, 0.        , 0.08955224, 0.7993827 ],
      dtype=float32), 'auc': array([0.91818047, 0.97958225, 0.8217803 , 0.7893447 , 0.9069063 ],
      dtype=float32), 'accuracy': array([0.7116279 , 0.94290376, 0.        , 0.08955224, 0.7993827 ],
      dtype=float32), 'f1': {'micro': tensor(0.7545), 'macro': tensor(0.4863), 'none': tensor([0.6442, 0.9315, 0.0000, 0.1529, 0.7028])}}
Training : Epoch [44/50], Loss: 0.5120
Testing : Epoch [44/50], Loss: 0.6796, results: {'mAP': 0.754518, 'mAR': 0.5243622, 'mAUC': 0.8696066, 'm_Accuracy': 0.5243622, 'ap': array([0.59591836, 0.9170654 , 1.        , 0.6296296 , 0.6299766 ],
      dtype=float32), 'ar': array([0.67906976, 0.9380098 , 0.04761905, 0.12686567, 0.8302469 ],
      dtype=float32), 'auc': array([0.9078543 , 0.9800317 , 0.7474635 , 0.8031888 , 0.90949476],
      dtype=float32), 'accuracy': array([0.67906976, 0.9380098 , 0.04761905, 0.12686567, 0.8302469 ],
      dtype=float32), 'f1': {'micro': tensor(0.7598), 'macro': tensor(0.5161), 'none': tensor([0.6348, 0.9274, 0.0909, 0.2112, 0.7164])}}
Training : Epoch [45/50], Loss: 0.5189
Testing : Epoch [45/50], Loss: 0.6855, results: {'mAP': 0.5281973, 'mAR': 0.5072744, 'mAUC': 0.8845603, 'm_Accuracy': 0.5072744, 'ap': array([0.60833335, 0.9229534 , 0.        , 0.5       , 0.6096998 ],
      dtype=float32), 'ar': array([0.67906976, 0.9380098 , 0.        , 0.10447761, 0.8148148 ],
      dtype=float32), 'auc': array([0.9109635 , 0.98272395, 0.81935495, 0.8091515 , 0.90060747],
      dtype=float32), 'accuracy': array([0.67906976, 0.9380098 , 0.        , 0.10447761, 0.8148148 ],
      dtype=float32), 'f1': {'micro': tensor(0.7523), 'macro': tensor(0.4885), 'none': tensor([0.6418, 0.9304, 0.0000, 0.1728, 0.6975])}}
Training : Epoch [46/50], Loss: 0.5111
Testing : Epoch [46/50], Loss: 0.6762, results: {'mAP': 0.5351535, 'mAR': 0.5165131, 'mAUC': 0.88343656, 'm_Accuracy': 0.5165131, 'ap': array([0.60956174, 0.9289176 , 0.        , 0.51724136, 0.6200466 ],
      dtype=float32), 'ar': array([0.7116279 , 0.9380098 , 0.        , 0.1119403 , 0.82098764],
      dtype=float32), 'auc': array([0.9091414 , 0.9831141 , 0.82383543, 0.79285735, 0.90823436],
      dtype=float32), 'accuracy': array([0.7116279 , 0.9380098 , 0.        , 0.1119403 , 0.82098764],
      dtype=float32), 'f1': {'micro': tensor(0.7598), 'macro': tensor(0.4961), 'none': tensor([0.6567, 0.9334, 0.0000, 0.1840, 0.7065])}}
