Train size = 5308, Test size = 1328
Classes : ['affected', 'destroyed', 'major', 'minor', 'no_damage']
Training : Epoch [1/50], Loss: 1.3928
Testing : Epoch [1/50], Loss: 1.7151, results: {'mAP': 0.09231928, 'mAR': 0.2, 'mAUC': 0.7232777, 'm_Accuracy': 0.2, 'ap': array([0.       , 0.4615964, 0.       , 0.       , 0.       ],
      dtype=float32), 'ar': array([0., 1., 0., 0., 0.], dtype=float32), 'auc': array([0.6616101 , 0.9056868 , 0.62254685, 0.69707996, 0.7294648 ],
      dtype=float32), 'accuracy': array([0., 1., 0., 0., 0.], dtype=float32), 'f1': {'micro': tensor(0.4616), 'macro': tensor(0.1263), 'none': tensor([0.0000, 0.6316, 0.0000, 0.0000, 0.0000])}}
Saving ./data/aug/0.05_0.0_5/checkpoint_0.pt
Training : Epoch [2/50], Loss: 1.0240
Testing : Epoch [2/50], Loss: 1.2468, results: {'mAP': 0.3481461, 'mAR': 0.37073725, 'mAUC': 0.7971522, 'm_Accuracy': 0.37073725, 'ap': array([0.375     , 0.95135134, 0.        , 0.        , 0.4143791 ],
      dtype=float32), 'ar': array([0.01395349, 0.86133766, 0.        , 0.        , 0.97839504],
      dtype=float32), 'auc': array([0.8209574 , 0.93611383, 0.6669629 , 0.71824294, 0.8434841 ],
      dtype=float32), 'accuracy': array([0.01395349, 0.86133766, 0.        , 0.        , 0.97839504],
      dtype=float32), 'f1': {'micro': tensor(0.6386), 'macro': tensor(0.3026), 'none': tensor([0.0269, 0.9041, 0.0000, 0.0000, 0.5822])}}
Training : Epoch [3/50], Loss: 0.8470
Testing : Epoch [3/50], Loss: 1.0458, results: {'mAP': 0.41433463, 'mAR': 0.45504323, 'mAUC': 0.81845427, 'm_Accuracy': 0.45504323, 'ap': array([0.65384614, 0.88449365, 0.        , 0.        , 0.53333336],
      dtype=float32), 'ar': array([0.4744186, 0.9119086, 0.       , 0.       , 0.8888889],
      dtype=float32), 'auc': array([0.8756932 , 0.9643642 , 0.6463749 , 0.73473084, 0.8711082 ],
      dtype=float32), 'accuracy': array([0.4744186, 0.9119086, 0.       , 0.       , 0.8888889],
      dtype=float32), 'f1': {'micro': tensor(0.7146), 'macro': tensor(0.4229), 'none': tensor([0.5499, 0.8980, 0.0000, 0.0000, 0.6667])}}
Training : Epoch [4/50], Loss: 0.7796
Testing : Epoch [4/50], Loss: 0.9673, results: {'mAP': 0.42158374, 'mAR': 0.47579074, 'mAUC': 0.834082, 'm_Accuracy': 0.47579074, 'ap': array([0.63212436, 0.93      , 0.        , 0.        , 0.54579437],
      dtype=float32), 'ar': array([0.5674419 , 0.9102773 , 0.        , 0.        , 0.90123457],
      dtype=float32), 'auc': array([0.8860653 , 0.9667986 , 0.6785529 , 0.75676894, 0.8822242 ],
      dtype=float32), 'accuracy': array([0.5674419 , 0.9102773 , 0.        , 0.        , 0.90123457],
      dtype=float32), 'f1': {'micro': tensor(0.7319), 'macro': tensor(0.4396), 'none': tensor([0.5980, 0.9200, 0.0000, 0.0000, 0.6799])}}
Training : Epoch [5/50], Loss: 0.7258
Testing : Epoch [5/50], Loss: 0.9232, results: {'mAP': 0.39934674, 'mAR': 0.4679528, 'mAUC': 0.84469604, 'm_Accuracy': 0.4679528, 'ap': array([0.5121951 , 0.8695652 , 0.        , 0.        , 0.61497325],
      dtype=float32), 'ar': array([0.68372095, 0.9461664 , 0.        , 0.        , 0.70987654],
      dtype=float32), 'auc': array([0.88843477, 0.9701434 , 0.7328927 , 0.7445561 , 0.88745326],
      dtype=float32), 'accuracy': array([0.68372095, 0.9461664 , 0.        , 0.        , 0.70987654],
      dtype=float32), 'f1': {'micro': tensor(0.7206), 'macro': tensor(0.4302), 'none': tensor([0.5857, 0.9062, 0.0000, 0.0000, 0.6590])}}
Training : Epoch [6/50], Loss: 0.7019
Testing : Epoch [6/50], Loss: 0.8748, results: {'mAP': 0.52480406, 'mAR': 0.50177246, 'mAUC': 0.84614885, 'm_Accuracy': 0.50177246, 'ap': array([0.5709091, 0.9286872, 0.       , 0.5      , 0.624424 ],
      dtype=float32), 'ar': array([0.73023254, 0.93474716, 0.        , 0.00746269, 0.83641976],
      dtype=float32), 'auc': array([0.90761614, 0.97605497, 0.68347776, 0.7647191 , 0.8988767 ],
      dtype=float32), 'accuracy': array([0.73023254, 0.93474716, 0.        , 0.00746269, 0.83641976],
      dtype=float32), 'f1': {'micro': tensor(0.7545), 'macro': tensor(0.4605), 'none': tensor([0.6408, 0.9317, 0.0000, 0.0147, 0.7150])}}
Training : Epoch [7/50], Loss: 0.6621
Testing : Epoch [7/50], Loss: 0.8315, results: {'mAP': 0.56283194, 'mAR': 0.5049757, 'mAUC': 0.8479603, 'm_Accuracy': 0.5049757, 'ap': array([0.7151515, 0.9471947, 0.       , 0.5833333, 0.5684803],
      dtype=float32), 'ar': array([0.5488372 , 0.9363785 , 0.        , 0.10447761, 0.9351852 ],
      dtype=float32), 'auc': array([0.9071146 , 0.98071617, 0.6706287 , 0.76993173, 0.9114099 ],
      dtype=float32), 'accuracy': array([0.5488372 , 0.9363785 , 0.        , 0.10447761, 0.9351852 ],
      dtype=float32), 'f1': {'micro': tensor(0.7598), 'macro': tensor(0.4894), 'none': tensor([0.6211, 0.9418, 0.0000, 0.1772, 0.7071])}}
Training : Epoch [8/50], Loss: 0.6349
Testing : Epoch [8/50], Loss: 0.8064, results: {'mAP': 0.5560916, 'mAR': 0.5066758, 'mAUC': 0.8756506, 'm_Accuracy': 0.5066758, 'ap': array([0.61538464, 0.9465776 , 0.        , 0.625     , 0.5934959 ],
      dtype=float32), 'ar': array([0.63255817, 0.92495924, 0.        , 0.07462686, 0.90123457],
      dtype=float32), 'auc': array([0.91159445, 0.97629225, 0.7910279 , 0.79223853, 0.9071    ],
      dtype=float32), 'accuracy': array([0.63255817, 0.92495924, 0.        , 0.07462686, 0.90123457],
      dtype=float32), 'f1': {'micro': tensor(0.7568), 'macro': tensor(0.4817), 'none': tensor([0.6239, 0.9356, 0.0000, 0.1333, 0.7157])}}
Training : Epoch [9/50], Loss: 0.6117
Testing : Epoch [9/50], Loss: 0.7778, results: {'mAP': 0.5642556, 'mAR': 0.50594366, 'mAUC': 0.88846827, 'm_Accuracy': 0.50594366, 'ap': array([0.7682119 , 0.9394435 , 0.        , 0.5416667 , 0.57195574],
      dtype=float32), 'ar': array([0.53953487, 0.9363785 , 0.        , 0.09701493, 0.95679015],
      dtype=float32), 'auc': array([0.9082346 , 0.9797214 , 0.82576096, 0.8117578 , 0.9168665 ],
      dtype=float32), 'accuracy': array([0.53953487, 0.9363785 , 0.        , 0.09701493, 0.95679015],
      dtype=float32), 'f1': {'micro': tensor(0.7628), 'macro': tensor(0.4905), 'none': tensor([0.6339, 0.9379, 0.0000, 0.1646, 0.7159])}}
Training : Epoch [10/50], Loss: 0.5636
Testing : Epoch [10/50], Loss: 0.7390, results: {'mAP': 0.7203336, 'mAR': 0.53801185, 'mAUC': 0.8796379, 'm_Accuracy': 0.53801185, 'ap': array([0.70857143, 0.9016897 , 1.        , 0.3227848 , 0.6686217 ],
      dtype=float32), 'ar': array([0.5767442 , 0.95758563, 0.07142857, 0.38059703, 0.7037037 ],
      dtype=float32), 'auc': array([0.9090662 , 0.9803443 , 0.8260201 , 0.78953224, 0.8932265 ],
      dtype=float32), 'accuracy': array([0.5767442 , 0.95758563, 0.07142857, 0.38059703, 0.7037037 ],
      dtype=float32), 'f1': {'micro': tensor(0.7477), 'macro': tensor(0.5466), 'none': tensor([0.6359, 0.9288, 0.1333, 0.3493, 0.6857])}}
Training : Epoch [11/50], Loss: 0.5290
Testing : Epoch [11/50], Loss: 0.6938, results: {'mAP': 0.67183065, 'mAR': 0.5286063, 'mAUC': 0.8945117, 'm_Accuracy': 0.5286063, 'ap': array([0.7721519 , 0.8956127 , 0.6       , 0.48076922, 0.6106195 ],
      dtype=float32), 'ar': array([0.5674419 , 0.96574223, 0.07142857, 0.18656716, 0.8518519 ],
      dtype=float32), 'auc': array([0.91378003, 0.98556453, 0.8321669 , 0.8251394 , 0.9159074 ],
      dtype=float32), 'accuracy': array([0.5674419 , 0.96574223, 0.07142857, 0.18656716, 0.8518519 ],
      dtype=float32), 'f1': {'micro': tensor(0.7666), 'macro': tensor(0.5383), 'none': tensor([0.6542, 0.9294, 0.1277, 0.2688, 0.7113])}}
Saving ./data/aug/0.05_0.0_5/checkpoint_10.pt
Training : Epoch [12/50], Loss: 0.4925
Testing : Epoch [12/50], Loss: 0.6539, results: {'mAP': 0.62955105, 'mAR': 0.55338603, 'mAUC': 0.9016989, 'm_Accuracy': 0.55338603, 'ap': array([0.6635945 , 0.89274925, 0.3125    , 0.6122449 , 0.6666667 ],
      dtype=float32), 'ar': array([0.66976744, 0.9641109 , 0.11904762, 0.2238806 , 0.79012346],
      dtype=float32), 'auc': array([0.914269  , 0.98646575, 0.86827004, 0.8250581 , 0.91443175],
      dtype=float32), 'accuracy': array([0.66976744, 0.9641109 , 0.11904762, 0.2238806 , 0.79012346],
      dtype=float32), 'f1': {'micro': tensor(0.7726), 'macro': tensor(0.5634), 'none': tensor([0.6667, 0.9271, 0.1724, 0.3279, 0.7232])}}
Training : Epoch [13/50], Loss: 0.4919
Testing : Epoch [13/50], Loss: 0.6585, results: {'mAP': 0.6351269, 'mAR': 0.56091946, 'mAUC': 0.89147455, 'm_Accuracy': 0.56091946, 'ap': array([0.53289473, 0.9313099 , 0.42105263, 0.6086956 , 0.6816817 ],
      dtype=float32), 'ar': array([0.75348836, 0.95106035, 0.1904762 , 0.20895523, 0.7006173 ],
      dtype=float32), 'auc': array([0.9071941 , 0.9813162 , 0.8499037 , 0.8100265 , 0.90893215],
      dtype=float32), 'accuracy': array([0.75348836, 0.95106035, 0.1904762 , 0.20895523, 0.7006173 ],
      dtype=float32), 'f1': {'micro': tensor(0.7590), 'macro': tensor(0.5660), 'none': tensor([0.6243, 0.9411, 0.2623, 0.3111, 0.6910])}}
Training : Epoch [14/50], Loss: 0.4384
Testing : Epoch [14/50], Loss: 0.5982, results: {'mAP': 0.69040865, 'mAR': 0.5673426, 'mAUC': 0.91051054, 'm_Accuracy': 0.5673426, 'ap': array([0.6031128, 0.9644068, 0.6      , 0.625    , 0.6595238],
      dtype=float32), 'ar': array([0.7209302 , 0.9282219 , 0.07142857, 0.26119402, 0.85493827],
      dtype=float32), 'auc': array([0.9191333 , 0.98422754, 0.88635856, 0.85362756, 0.9092058 ],
      dtype=float32), 'accuracy': array([0.7209302 , 0.9282219 , 0.07142857, 0.26119402, 0.85493827],
      dtype=float32), 'f1': {'micro': tensor(0.7824), 'macro': tensor(0.5687), 'none': tensor([0.6568, 0.9460, 0.1277, 0.3684, 0.7446])}}
Training : Epoch [15/50], Loss: 0.4031
Testing : Epoch [15/50], Loss: 0.5690, results: {'mAP': 0.60055864, 'mAR': 0.57936484, 'mAUC': 0.9031588, 'm_Accuracy': 0.57936484, 'ap': array([0.7068063 , 0.97068965, 0.23809524, 0.44      , 0.64720196],
      dtype=float32), 'ar': array([0.627907  , 0.9184339 , 0.11904762, 0.41044775, 0.82098764],
      dtype=float32), 'auc': array([0.92756224, 0.9847637 , 0.8503666 , 0.83651465, 0.91658676],
      dtype=float32), 'accuracy': array([0.627907  , 0.9184339 , 0.11904762, 0.41044775, 0.82098764],
      dtype=float32), 'f1': {'micro': tensor(0.7711), 'macro': tensor(0.5832), 'none': tensor([0.6650, 0.9438, 0.1587, 0.4247, 0.7238])}}
Training : Epoch [16/50], Loss: 0.3561
Testing : Epoch [16/50], Loss: 0.5287, results: {'mAP': 0.5941403, 'mAR': 0.5960186, 'mAUC': 0.90339005, 'm_Accuracy': 0.5960186, 'ap': array([0.55514705, 0.95819396, 0.25531915, 0.5046729 , 0.69736844],
      dtype=float32), 'ar': array([0.7023256 , 0.93474716, 0.2857143 , 0.40298507, 0.654321  ],
      dtype=float32), 'auc': array([0.9026432 , 0.98206   , 0.87250984, 0.85151505, 0.9082221 ],
      dtype=float32), 'accuracy': array([0.7023256 , 0.93474716, 0.2857143 , 0.40298507, 0.654321  ],
      dtype=float32), 'f1': {'micro': tensor(0.7545), 'macro': tensor(0.5919), 'none': tensor([0.6201, 0.9463, 0.2697, 0.4481, 0.6752])}}
Training : Epoch [17/50], Loss: 0.3279
Testing : Epoch [17/50], Loss: 0.5047, results: {'mAP': 0.60838926, 'mAR': 0.59679663, 'mAUC': 0.89512146, 'm_Accuracy': 0.59679663, 'ap': array([0.7105263 , 0.9660441 , 0.26666668, 0.4275862 , 0.67112297],
      dtype=float32), 'ar': array([0.627907  , 0.9282219 , 0.1904762 , 0.46268657, 0.77469134],
      dtype=float32), 'auc': array([0.9047243, 0.984969 , 0.8254277, 0.8418523, 0.9186341],
      dtype=float32), 'accuracy': array([0.627907  , 0.9282219 , 0.1904762 , 0.46268657, 0.77469134],
      dtype=float32), 'f1': {'micro': tensor(0.7718), 'macro': tensor(0.5999), 'none': tensor([0.6667, 0.9468, 0.2222, 0.4444, 0.7192])}}
Training : Epoch [18/50], Loss: 0.3193
Testing : Epoch [18/50], Loss: 0.4833, results: {'mAP': 0.63406074, 'mAR': 0.61596024, 'mAUC': 0.91080064, 'm_Accuracy': 0.61596024, 'ap': array([0.65581393, 0.96357614, 0.32142857, 0.5163934 , 0.7130919 ],
      dtype=float32), 'ar': array([0.65581393, 0.94942904, 0.21428572, 0.47014925, 0.79012346],
      dtype=float32), 'auc': array([0.91489166, 0.98587936, 0.8773791 , 0.86839044, 0.9074627 ],
      dtype=float32), 'accuracy': array([0.65581393, 0.94942904, 0.21428572, 0.47014925, 0.79012346],
      dtype=float32), 'f1': {'micro': tensor(0.7914), 'macro': tensor(0.6222), 'none': tensor([0.6558, 0.9565, 0.2571, 0.4922, 0.7496])}}
Training : Epoch [19/50], Loss: 0.2720
Testing : Epoch [19/50], Loss: 0.4580, results: {'mAP': 0.6695417, 'mAR': 0.6011246, 'mAUC': 0.9024104, 'm_Accuracy': 0.6011246, 'ap': array([0.6698565 , 0.9328    , 0.31111112, 0.7567568 , 0.67718446],
      dtype=float32), 'ar': array([0.6511628 , 0.95106035, 0.33333334, 0.20895523, 0.8611111 ],
      dtype=float32), 'auc': array([0.9126518, 0.9835476, 0.8624935, 0.8336521, 0.919707 ],
      dtype=float32), 'accuracy': array([0.6511628 , 0.95106035, 0.33333334, 0.20895523, 0.8611111 ],
      dtype=float32), 'f1': {'micro': tensor(0.7861), 'macro': tensor(0.6019), 'none': tensor([0.6604, 0.9418, 0.3218, 0.3275, 0.7582])}}
Training : Epoch [20/50], Loss: 0.2270
Testing : Epoch [20/50], Loss: 0.4108, results: {'mAP': 0.60711485, 'mAR': 0.6129745, 'mAUC': 0.9084922, 'm_Accuracy': 0.6129745, 'ap': array([0.58431375, 0.94299674, 0.2888889 , 0.49242425, 0.72695035],
      dtype=float32), 'ar': array([0.69302326, 0.9445351 , 0.30952382, 0.48507464, 0.63271606],
      dtype=float32), 'auc': array([0.9156982 , 0.9847181 , 0.88232243, 0.870203  , 0.8895191 ],
      dtype=float32), 'accuracy': array([0.69302326, 0.9445351 , 0.30952382, 0.48507464, 0.63271606],
      dtype=float32), 'f1': {'micro': tensor(0.7613), 'macro': tensor(0.6084), 'none': tensor([0.6340, 0.9438, 0.2989, 0.4887, 0.6766])}}
Training : Epoch [21/50], Loss: 0.2014
Testing : Epoch [21/50], Loss: 0.4000, results: {'mAP': 0.6298353, 'mAR': 0.6040239, 'mAUC': 0.90544444, 'm_Accuracy': 0.6040239, 'ap': array([0.6944444 , 0.9739583 , 0.27272728, 0.5647059 , 0.6433409 ],
      dtype=float32), 'ar': array([0.5813953 , 0.91517127, 0.2857143 , 0.35820895, 0.8796296 ],
      dtype=float32), 'auc': array([0.9246746 , 0.98580635, 0.83696216, 0.86462784, 0.9151511 ],
      dtype=float32), 'accuracy': array([0.5813953 , 0.91517127, 0.2857143 , 0.35820895, 0.8796296 ],
      dtype=float32), 'f1': {'micro': tensor(0.7764), 'macro': tensor(0.6074), 'none': tensor([0.6329, 0.9437, 0.2791, 0.4384, 0.7432])}}
Saving ./data/aug/0.05_0.0_5/checkpoint_20.pt
Training : Epoch [22/50], Loss: 0.1578
Testing : Epoch [22/50], Loss: 0.3562, results: {'mAP': 0.6262253, 'mAR': 0.6204139, 'mAUC': 0.90942687, 'm_Accuracy': 0.6204139, 'ap': array([0.68159205, 0.9691252 , 0.2857143 , 0.5339806 , 0.66071427],
      dtype=float32), 'ar': array([0.6372093 , 0.9216966 , 0.33333334, 0.41044775, 0.7993827 ],
      dtype=float32), 'auc': array([0.91759545, 0.9821992 , 0.8703992 , 0.8581527 , 0.91878784],
      dtype=float32), 'accuracy': array([0.6372093 , 0.9216966 , 0.33333334, 0.41044775, 0.7993827 ],
      dtype=float32), 'f1': {'micro': tensor(0.7756), 'macro': tensor(0.6198), 'none': tensor([0.6587, 0.9448, 0.3077, 0.4641, 0.7235])}}
Training : Epoch [23/50], Loss: 0.1641
Testing : Epoch [23/50], Loss: 0.3788, results: {'mAP': 0.63014185, 'mAR': 0.56631106, 'mAUC': 0.87714463, 'm_Accuracy': 0.56631106, 'ap': array([0.66497463, 0.946932  , 0.26923078, 0.6415094 , 0.62806237],
      dtype=float32), 'ar': array([0.60930234, 0.9314845 , 0.16666667, 0.25373134, 0.8703704 ],
      dtype=float32), 'auc': array([0.906609  , 0.98526335, 0.73542917, 0.83661467, 0.9218066 ],
      dtype=float32), 'accuracy': array([0.60930234, 0.9314845 , 0.16666667, 0.25373134, 0.8703704 ],
      dtype=float32), 'f1': {'micro': tensor(0.7718), 'macro': tensor(0.5748), 'none': tensor([0.6359, 0.9391, 0.2059, 0.3636, 0.7296])}}
Training : Epoch [24/50], Loss: 0.1406
Testing : Epoch [24/50], Loss: 0.3518, results: {'mAP': 0.6042334, 'mAR': 0.6013499, 'mAUC': 0.90164626, 'm_Accuracy': 0.6013499, 'ap': array([0.62068963, 0.9234375 , 0.26666668, 0.47933885, 0.73103446],
      dtype=float32), 'ar': array([0.66976744, 0.9641109 , 0.2857143 , 0.43283582, 0.654321  ],
      dtype=float32), 'auc': array([0.91479975, 0.98467016, 0.8502925 , 0.8506713 , 0.9077978 ],
      dtype=float32), 'accuracy': array([0.66976744, 0.9641109 , 0.2857143 , 0.43283582, 0.654321  ],
      dtype=float32), 'f1': {'micro': tensor(0.7658), 'macro': tensor(0.6018), 'none': tensor([0.6443, 0.9433, 0.2759, 0.4549, 0.6906])}}
Training : Epoch [25/50], Loss: 0.1051
Testing : Epoch [25/50], Loss: 0.3217, results: {'mAP': 0.611936, 'mAR': 0.59942544, 'mAUC': 0.9035711, 'm_Accuracy': 0.59942544, 'ap': array([0.6255507 , 0.9460784 , 0.34285715, 0.44954127, 0.6956522 ],
      dtype=float32), 'ar': array([0.6604651 , 0.9445351 , 0.2857143 , 0.36567163, 0.7407407 ],
      dtype=float32), 'auc': array([0.91703963, 0.9833925 , 0.8484226 , 0.85991526, 0.90908587],
      dtype=float32), 'accuracy': array([0.6604651 , 0.9445351 , 0.2857143 , 0.36567163, 0.7407407 ],
      dtype=float32), 'f1': {'micro': tensor(0.7696), 'macro': tensor(0.6041), 'none': tensor([0.6425, 0.9453, 0.3117, 0.4033, 0.7175])}}
Training : Epoch [26/50], Loss: 0.0913
Testing : Epoch [26/50], Loss: 0.3202, results: {'mAP': 0.62359935, 'mAR': 0.6326793, 'mAUC': 0.9009178, 'm_Accuracy': 0.6326793, 'ap': array([0.682243  , 0.95348835, 0.24193548, 0.50442475, 0.73590505],
      dtype=float32), 'ar': array([0.67906976, 0.9363785 , 0.35714287, 0.42537314, 0.7654321 ],
      dtype=float32), 'auc': array([0.9120918 , 0.9852451 , 0.8571243 , 0.8423023 , 0.90782547],
      dtype=float32), 'accuracy': array([0.67906976, 0.9363785 , 0.35714287, 0.42537314, 0.7654321 ],
      dtype=float32), 'f1': {'micro': tensor(0.7831), 'macro': tensor(0.6252), 'none': tensor([0.6807, 0.9449, 0.2885, 0.4615, 0.7504])}}
Training : Epoch [27/50], Loss: 0.0743
Testing : Epoch [27/50], Loss: 0.3146, results: {'mAP': 0.61780417, 'mAR': 0.5741922, 'mAUC': 0.8929986, 'm_Accuracy': 0.5741922, 'ap': array([0.68      , 0.9348172 , 0.23076923, 0.56666666, 0.67676765],
      dtype=float32), 'ar': array([0.63255817, 0.95921695, 0.07142857, 0.38059703, 0.8271605 ],
      dtype=float32), 'auc': array([0.9109342, 0.9866825, 0.8266126, 0.8211705, 0.9195932],
      dtype=float32), 'accuracy': array([0.63255817, 0.95921695, 0.07142857, 0.38059703, 0.8271605 ],
      dtype=float32), 'f1': {'micro': tensor(0.7877), 'macro': tensor(0.5822), 'none': tensor([0.6554, 0.9469, 0.1091, 0.4554, 0.7444])}}
Training : Epoch [28/50], Loss: 0.0662
Testing : Epoch [28/50], Loss: 0.2963, results: {'mAP': 0.6456965, 'mAR': 0.62269115, 'mAUC': 0.9089837, 'm_Accuracy': 0.62269115, 'ap': array([0.6699029 , 0.961794  , 0.37931034, 0.51666665, 0.70080864],
      dtype=float32), 'ar': array([0.6418605 , 0.9445351 , 0.26190478, 0.46268657, 0.80246913],
      dtype=float32), 'auc': array([0.9179381 , 0.9852223 , 0.85458785, 0.86885923, 0.9183113 ],
      dtype=float32), 'accuracy': array([0.6418605 , 0.9445351 , 0.26190478, 0.46268657, 0.80246913],
      dtype=float32), 'f1': {'micro': tensor(0.7907), 'macro': tensor(0.6310), 'none': tensor([0.6556, 0.9531, 0.3099, 0.4882, 0.7482])}}
Training : Epoch [29/50], Loss: 0.0681
Testing : Epoch [29/50], Loss: 0.3299, results: {'mAP': 0.62398946, 'mAR': 0.6226821, 'mAUC': 0.89832324, 'm_Accuracy': 0.6226821, 'ap': array([0.67741936, 0.972973  , 0.34285715, 0.3857143 , 0.7409836 ],
      dtype=float32), 'ar': array([0.5860465 , 0.9396411 , 0.2857143 , 0.6044776 , 0.69753087],
      dtype=float32), 'auc': array([0.9018032 , 0.98583376, 0.83274084, 0.86440283, 0.9068356 ],
      dtype=float32), 'accuracy': array([0.5860465 , 0.9396411 , 0.2857143 , 0.6044776 , 0.69753087],
      dtype=float32), 'f1': {'micro': tensor(0.7688), 'macro': tensor(0.6171), 'none': tensor([0.6284, 0.9560, 0.3117, 0.4709, 0.7186])}}
Training : Epoch [30/50], Loss: 0.0575
Testing : Epoch [30/50], Loss: 0.3044, results: {'mAP': 0.63008434, 'mAR': 0.6117817, 'mAUC': 0.89312613, 'm_Accuracy': 0.6117817, 'ap': array([0.6447368 , 0.9482201 , 0.2647059 , 0.56      , 0.73275864],
      dtype=float32), 'ar': array([0.68372095, 0.9559543 , 0.21428572, 0.41791046, 0.787037  ],
      dtype=float32), 'auc': array([0.90746987, 0.98540026, 0.80441386, 0.8529526 , 0.915394  ],
      dtype=float32), 'accuracy': array([0.68372095, 0.9559543 , 0.21428572, 0.41791046, 0.787037  ],
      dtype=float32), 'f1': {'micro': tensor(0.7929), 'macro': tensor(0.6180), 'none': tensor([0.6637, 0.9521, 0.2368, 0.4786, 0.7589])}}
Training : Epoch [31/50], Loss: 0.0448
Testing : Epoch [31/50], Loss: 0.2855, results: {'mAP': 0.64220905, 'mAR': 0.61973715, 'mAUC': 0.9044347, 'm_Accuracy': 0.61973715, 'ap': array([0.67839193, 0.9446254 , 0.3243243 , 0.56      , 0.7037037 ],
      dtype=float32), 'ar': array([0.627907  , 0.9461664 , 0.2857143 , 0.41791046, 0.82098764],
      dtype=float32), 'auc': array([0.9127144 , 0.9858999 , 0.84560835, 0.86074024, 0.91721076],
      dtype=float32), 'accuracy': array([0.627907  , 0.9461664 , 0.2857143 , 0.41791046, 0.82098764],
      dtype=float32), 'f1': {'micro': tensor(0.7899), 'macro': tensor(0.6276), 'none': tensor([0.6522, 0.9454, 0.3038, 0.4786, 0.7578])}}
Saving ./data/aug/0.05_0.0_5/checkpoint_30.pt
Training : Epoch [32/50], Loss: 0.0417
Testing : Epoch [32/50], Loss: 0.2731, results: {'mAP': 0.6333512, 'mAR': 0.6107567, 'mAUC': 0.89967805, 'm_Accuracy': 0.6107567, 'ap': array([0.639485  , 0.9570957 , 0.33333334, 0.5       , 0.7368421 ],
      dtype=float32), 'ar': array([0.69302326, 0.9461664 , 0.16666667, 0.47014925, 0.7777778 ],
      dtype=float32), 'auc': array([0.90894085, 0.98668706, 0.8263349 , 0.8451524 , 0.9312749 ],
      dtype=float32), 'accuracy': array([0.69302326, 0.9461664 , 0.16666667, 0.47014925, 0.7777778 ],
      dtype=float32), 'f1': {'micro': tensor(0.7914), 'macro': tensor(0.6161), 'none': tensor([0.6652, 0.9516, 0.2222, 0.4846, 0.7568])}}
Training : Epoch [33/50], Loss: 0.0353
Testing : Epoch [33/50], Loss: 0.2964, results: {'mAP': 0.62918633, 'mAR': 0.61786854, 'mAUC': 0.9036908, 'm_Accuracy': 0.61786854, 'ap': array([0.5944882 , 0.96511626, 0.35714287, 0.4710145 , 0.75816995],
      dtype=float32), 'ar': array([0.7023256 , 0.9477977 , 0.23809524, 0.48507464, 0.7160494 ],
      dtype=float32), 'auc': array([0.9149794, 0.9847021, 0.8484966, 0.8589027, 0.911373 ],
      dtype=float32), 'accuracy': array([0.7023256 , 0.9477977 , 0.23809524, 0.48507464, 0.7160494 ],
      dtype=float32), 'f1': {'micro': tensor(0.7824), 'macro': tensor(0.6201), 'none': tensor([0.6439, 0.9564, 0.2857, 0.4779, 0.7365])}}
Training : Epoch [34/50], Loss: 0.0349
Testing : Epoch [34/50], Loss: 0.2959, results: {'mAP': 0.6330226, 'mAR': 0.5985446, 'mAUC': 0.8881073, 'm_Accuracy': 0.5985446, 'ap': array([0.5714286, 0.9476268, 0.3529412, 0.5321101, 0.7610063],
      dtype=float32), 'ar': array([0.7255814 , 0.9445351 , 0.14285715, 0.43283582, 0.74691355],
      dtype=float32), 'auc': array([0.9015441 , 0.9856398 , 0.77380955, 0.86712795, 0.91241515],
      dtype=float32), 'accuracy': array([0.7255814 , 0.9445351 , 0.14285715, 0.43283582, 0.74691355],
      dtype=float32), 'f1': {'micro': tensor(0.7839), 'macro': tensor(0.6040), 'none': tensor([0.6393, 0.9461, 0.2034, 0.4774, 0.7539])}}
Training : Epoch [35/50], Loss: 0.0238
Testing : Epoch [35/50], Loss: 0.2946, results: {'mAP': 0.6242093, 'mAR': 0.6084794, 'mAUC': 0.89986646, 'm_Accuracy': 0.6084794, 'ap': array([0.6621622 , 0.9713805 , 0.28      , 0.48739496, 0.7201087 ],
      dtype=float32), 'ar': array([0.68372095, 0.94127244, 0.16666667, 0.43283582, 0.81790125],
      dtype=float32), 'auc': array([0.9131825 , 0.9843188 , 0.84381247, 0.83323956, 0.9247793 ],
      dtype=float32), 'accuracy': array([0.68372095, 0.94127244, 0.16666667, 0.43283582, 0.81790125],
      dtype=float32), 'f1': {'micro': tensor(0.7937), 'macro': tensor(0.6124), 'none': tensor([0.6728, 0.9561, 0.2090, 0.4585, 0.7659])}}
Training : Epoch [36/50], Loss: 0.0263
Testing : Epoch [36/50], Loss: 0.2811, results: {'mAP': 0.64754266, 'mAR': 0.6255065, 'mAUC': 0.90646917, 'm_Accuracy': 0.6255065, 'ap': array([0.67391306, 0.94089454, 0.33333334, 0.54545456, 0.7441176 ],
      dtype=float32), 'ar': array([0.7209302 , 0.9608483 , 0.26190478, 0.40298507, 0.7808642 ],
      dtype=float32), 'auc': array([0.91383857, 0.988923  , 0.86551136, 0.84313357, 0.9209397 ],
      dtype=float32), 'accuracy': array([0.7209302 , 0.9608483 , 0.26190478, 0.40298507, 0.7808642 ],
      dtype=float32), 'f1': {'micro': tensor(0.7997), 'macro': tensor(0.6333), 'none': tensor([0.6966, 0.9508, 0.2933, 0.4635, 0.7620])}}
Training : Epoch [37/50], Loss: 0.0223
Testing : Epoch [37/50], Loss: 0.2806, results: {'mAP': 0.64497995, 'mAR': 0.6114117, 'mAUC': 0.90411437, 'm_Accuracy': 0.6114117, 'ap': array([0.6878049 , 0.94471544, 0.32352942, 0.57831323, 0.6905371 ],
      dtype=float32), 'ar': array([0.65581393, 0.9477977 , 0.26190478, 0.35820895, 0.8333333 ],
      dtype=float32), 'auc': array([0.91009426, 0.98602766, 0.87539804, 0.8277894 , 0.9212625 ],
      dtype=float32), 'accuracy': array([0.65581393, 0.9477977 , 0.26190478, 0.35820895, 0.8333333 ],
      dtype=float32), 'f1': {'micro': tensor(0.7914), 'macro': tensor(0.6210), 'none': tensor([0.6714, 0.9463, 0.2895, 0.4424, 0.7552])}}
Training : Epoch [38/50], Loss: 0.0248
Testing : Epoch [38/50], Loss: 0.2804, results: {'mAP': 0.6467312, 'mAR': 0.62010133, 'mAUC': 0.9009768, 'm_Accuracy': 0.62010133, 'ap': array([0.65106386, 0.9572368 , 0.3846154 , 0.5272727 , 0.71346706],
      dtype=float32), 'ar': array([0.7116279 , 0.94942904, 0.23809524, 0.43283582, 0.7685185 ],
      dtype=float32), 'auc': array([0.9102196 , 0.98817235, 0.84825593, 0.83768344, 0.9205524 ],
      dtype=float32), 'accuracy': array([0.7116279 , 0.94942904, 0.23809524, 0.43283582, 0.7685185 ],
      dtype=float32), 'f1': {'micro': tensor(0.7922), 'macro': tensor(0.6286), 'none': tensor([0.6800, 0.9533, 0.2941, 0.4754, 0.7400])}}
Training : Epoch [39/50], Loss: 0.0250
Testing : Epoch [39/50], Loss: 0.2932, results: {'mAP': 0.66634834, 'mAR': 0.6536881, 'mAUC': 0.8964432, 'm_Accuracy': 0.6536881, 'ap': array([0.6204082 , 0.9507389 , 0.42222223, 0.6       , 0.7383721 ],
      dtype=float32), 'ar': array([0.7069768 , 0.9445351 , 0.45238096, 0.38059703, 0.7839506 ],
      dtype=float32), 'auc': array([0.9041434 , 0.9863266 , 0.84120196, 0.82482064, 0.925723  ],
      dtype=float32), 'accuracy': array([0.7069768 , 0.9445351 , 0.45238096, 0.38059703, 0.7839506 ],
      dtype=float32), 'f1': {'micro': tensor(0.7944), 'macro': tensor(0.6543), 'none': tensor([0.6609, 0.9476, 0.4368, 0.4658, 0.7605])}}
Training : Epoch [40/50], Loss: 0.0194
Testing : Epoch [40/50], Loss: 0.2852, results: {'mAP': 0.6588234, 'mAR': 0.64560425, 'mAUC': 0.89675105, 'm_Accuracy': 0.64560425, 'ap': array([0.65800864, 0.961794  , 0.44117647, 0.5       , 0.73313785],
      dtype=float32), 'ar': array([0.7069768 , 0.9445351 , 0.35714287, 0.4477612 , 0.77160496],
      dtype=float32), 'auc': array([0.9097265 , 0.98710227, 0.8335185 , 0.8344021 , 0.91900605],
      dtype=float32), 'accuracy': array([0.7069768 , 0.9445351 , 0.35714287, 0.4477612 , 0.77160496],
      dtype=float32), 'f1': {'micro': tensor(0.7952), 'macro': tensor(0.6508), 'none': tensor([0.6816, 0.9531, 0.3947, 0.4724, 0.7519])}}
Training : Epoch [41/50], Loss: 0.0203
Testing : Epoch [41/50], Loss: 0.2893, results: {'mAP': 0.6510567, 'mAR': 0.6266687, 'mAUC': 0.89821494, 'm_Accuracy': 0.6266687, 'ap': array([0.6637931 , 0.9525368 , 0.4074074 , 0.50427353, 0.72727275],
      dtype=float32), 'ar': array([0.7162791 , 0.94942904, 0.26190478, 0.4402985 , 0.7654321 ],
      dtype=float32), 'auc': array([0.90825135, 0.9852998 , 0.8207806 , 0.8554651 , 0.9212779 ],
      dtype=float32), 'accuracy': array([0.7162791 , 0.94942904, 0.26190478, 0.4402985 , 0.7654321 ],
      dtype=float32), 'f1': {'micro': tensor(0.7937), 'macro': tensor(0.6350), 'none': tensor([0.6890, 0.9510, 0.3188, 0.4701, 0.7459])}}
Saving ./data/aug/0.05_0.0_5/checkpoint_40.pt
Training : Epoch [42/50], Loss: 0.0182
