Train size = 5308, Test size = 1328
Classes : ['affected', 'destroyed', 'major', 'minor', 'no_damage']
Training : Epoch [1/50], Loss: 1.4239
Testing : Epoch [1/50], Loss: 1.7616, results: {'mAP': 0.09231928, 'mAR': 0.2, 'mAUC': 0.63678896, 'm_Accuracy': 0.2, 'ap': array([0.       , 0.4615964, 0.       , 0.       , 0.       ],
      dtype=float32), 'ar': array([0., 1., 0., 0., 0.], dtype=float32), 'auc': array([0.59088993, 0.80339956, 0.50161076, 0.59724617, 0.6907985 ],
      dtype=float32), 'accuracy': array([0., 1., 0., 0., 0.], dtype=float32), 'f1': {'micro': tensor(0.4616), 'macro': tensor(0.1263), 'none': tensor([0.0000, 0.6316, 0.0000, 0.0000, 0.0000])}}
Saving ./data/aug/0.05_0.001_50/checkpoint_0.pt
Training : Epoch [2/50], Loss: 1.2671
Testing : Epoch [2/50], Loss: 1.5286, results: {'mAP': 0.23337658, 'mAR': 0.3341631, 'mAUC': 0.7683095, 'm_Accuracy': 0.3341631, 'ap': array([0.        , 0.7302632 , 0.        , 0.        , 0.43661973],
      dtype=float32), 'ar': array([0.        , 0.90538335, 0.        , 0.        , 0.7654321 ],
      dtype=float32), 'auc': array([0.7366138 , 0.9231225 , 0.65713173, 0.7064614 , 0.8182179 ],
      dtype=float32), 'accuracy': array([0.        , 0.90538335, 0.        , 0.        , 0.7654321 ],
      dtype=float32), 'f1': {'micro': tensor(0.6047), 'macro': tensor(0.2729), 'none': tensor([0.0000, 0.8084, 0.0000, 0.0000, 0.5561])}}
Training : Epoch [3/50], Loss: 0.9149
Testing : Epoch [3/50], Loss: 1.1332, results: {'mAP': 0.42766112, 'mAR': 0.38673216, 'mAUC': 0.81876576, 'm_Accuracy': 0.38673216, 'ap': array([0.77272725, 0.93091536, 0.        , 0.        , 0.434663  ],
      dtype=float32), 'ar': array([0.07906977, 0.87928224, 0.        , 0.        , 0.97530866],
      dtype=float32), 'auc': array([0.83460164, 0.9471224 , 0.7201733 , 0.7450874 , 0.8468441 ],
      dtype=float32), 'accuracy': array([0.07906977, 0.87928224, 0.        , 0.        , 0.97530866],
      dtype=float32), 'f1': {'micro': tensor(0.6566), 'macro': tensor(0.3298), 'none': tensor([0.1435, 0.9044, 0.0000, 0.0000, 0.6013])}}
Training : Epoch [4/50], Loss: 0.8349
Testing : Epoch [4/50], Loss: 1.0372, results: {'mAP': 0.43028894, 'mAR': 0.44107375, 'mAUC': 0.8019229, 'm_Accuracy': 0.44107375, 'ap': array([0.71568626, 0.951049  , 0.        , 0.        , 0.48470947],
      dtype=float32), 'ar': array([0.33953488, 0.88743883, 0.        , 0.        , 0.97839504],
      dtype=float32), 'auc': array([0.86882716, 0.96584266, 0.5722617 , 0.7270682 , 0.8756148 ],
      dtype=float32), 'accuracy': array([0.33953488, 0.88743883, 0.        , 0.        , 0.97839504],
      dtype=float32), 'f1': {'micro': tensor(0.7033), 'macro': tensor(0.4054), 'none': tensor([0.4606, 0.9181, 0.0000, 0.0000, 0.6483])}}
Training : Epoch [5/50], Loss: 0.7642
Testing : Epoch [5/50], Loss: 0.9476, results: {'mAP': 0.40642843, 'mAR': 0.47977796, 'mAUC': 0.83564234, 'm_Accuracy': 0.47977796, 'ap': array([0.49025974, 0.9577703 , 0.        , 0.        , 0.58411217],
      dtype=float32), 'ar': array([0.7023256 , 0.92495924, 0.        , 0.        , 0.77160496],
      dtype=float32), 'auc': array([0.88784134, 0.97507614, 0.67283195, 0.75271255, 0.88974965],
      dtype=float32), 'accuracy': array([0.7023256 , 0.92495924, 0.        , 0.        , 0.77160496],
      dtype=float32), 'f1': {'micro': tensor(0.7289), 'macro': tensor(0.4367), 'none': tensor([0.5774, 0.9411, 0.0000, 0.0000, 0.6649])}}
Training : Epoch [6/50], Loss: 0.7410
Testing : Epoch [6/50], Loss: 0.9198, results: {'mAP': 0.421228, 'mAR': 0.4847969, 'mAUC': 0.8471314, 'm_Accuracy': 0.4847969, 'ap': array([0.6171171 , 0.9026688 , 0.        , 0.        , 0.58635396],
      dtype=float32), 'ar': array([0.6372093 , 0.9380098 , 0.        , 0.        , 0.84876543],
      dtype=float32), 'auc': array([0.89500827, 0.97538185, 0.73076355, 0.7364809 , 0.8980221 ],
      dtype=float32), 'accuracy': array([0.6372093 , 0.9380098 , 0.        , 0.        , 0.84876543],
      dtype=float32), 'f1': {'micro': tensor(0.7432), 'macro': tensor(0.4481), 'none': tensor([0.6270, 0.9200, 0.0000, 0.0000, 0.6936])}}
Training : Epoch [7/50], Loss: 0.7113
Testing : Epoch [7/50], Loss: 0.8888, results: {'mAP': 0.43276826, 'mAR': 0.4964106, 'mAUC': 0.86508197, 'm_Accuracy': 0.4964106, 'ap': array([0.63228697, 0.9751773 , 0.        , 0.        , 0.55637705],
      dtype=float32), 'ar': array([0.65581393, 0.89722675, 0.        , 0.        , 0.92901236],
      dtype=float32), 'auc': array([0.9134959 , 0.97702914, 0.7680145 , 0.7660692 , 0.9008011 ],
      dtype=float32), 'accuracy': array([0.65581393, 0.89722675, 0.        , 0.        , 0.92901236],
      dtype=float32), 'f1': {'micro': tensor(0.7470), 'macro': tensor(0.4549), 'none': tensor([0.6438, 0.9346, 0.0000, 0.0000, 0.6960])}}
Training : Epoch [8/50], Loss: 0.6670
Testing : Epoch [8/50], Loss: 0.8461, results: {'mAP': 0.5529467, 'mAR': 0.4979476, 'mAUC': 0.8497391, 'm_Accuracy': 0.4979476, 'ap': array([0.5408163 , 0.97695035, 0.        , 0.6666667 , 0.5802998 ],
      dtype=float32), 'ar': array([0.73953485, 0.8988581 , 0.        , 0.01492537, 0.83641976],
      dtype=float32), 'auc': array([0.9106208, 0.976242 , 0.70314  , 0.7573752, 0.9013176],
      dtype=float32), 'accuracy': array([0.73953485, 0.8988581 , 0.        , 0.01492537, 0.83641976],
      dtype=float32), 'f1': {'micro': tensor(0.7402), 'macro': tensor(0.4551), 'none': tensor([0.6248, 0.9363, 0.0000, 0.0292, 0.6852])}}
Training : Epoch [9/50], Loss: 0.6296
Testing : Epoch [9/50], Loss: 0.8042, results: {'mAP': 0.60701877, 'mAR': 0.49740648, 'mAUC': 0.8796856, 'm_Accuracy': 0.49740648, 'ap': array([0.6830601 , 0.9704861 , 0.33333334, 0.5       , 0.54821426],
      dtype=float32), 'ar': array([0.5813953 , 0.9119086 , 0.02380952, 0.02238806, 0.94753087],
      dtype=float32), 'auc': array([0.9024384 , 0.9784757 , 0.80278456, 0.80835146, 0.90637755],
      dtype=float32), 'accuracy': array([0.5813953 , 0.9119086 , 0.02380952, 0.02238806, 0.94753087],
      dtype=float32), 'f1': {'micro': tensor(0.7492), 'macro': tensor(0.4701), 'none': tensor([0.6281, 0.9403, 0.0444, 0.0429, 0.6946])}}
Training : Epoch [10/50], Loss: 0.5999
Testing : Epoch [10/50], Loss: 0.7763, results: {'mAP': 0.6408154, 'mAR': 0.513279, 'mAUC': 0.8790008, 'm_Accuracy': 0.513279, 'ap': array([0.64377683, 0.96581197, 0.        , 1.        , 0.5944882 ],
      dtype=float32), 'ar': array([0.6976744 , 0.9216966 , 0.        , 0.01492537, 0.93209875],
      dtype=float32), 'auc': array([0.91489166, 0.9790233 , 0.8117455 , 0.7727631 , 0.9165806 ],
      dtype=float32), 'accuracy': array([0.6976744 , 0.9216966 , 0.        , 0.01492537, 0.93209875],
      dtype=float32), 'f1': {'micro': tensor(0.7673), 'macro': tensor(0.4737), 'none': tensor([0.6696, 0.9432, 0.0000, 0.0294, 0.7260])}}
Training : Epoch [11/50], Loss: 0.5842
Testing : Epoch [11/50], Loss: 0.7528, results: {'mAP': 0.5534022, 'mAR': 0.51792634, 'mAUC': 0.89208376, 'm_Accuracy': 0.51792634, 'ap': array([0.6031746 , 0.96615905, 0.        , 0.5882353 , 0.60944206],
      dtype=float32), 'ar': array([0.7069768 , 0.9314845 , 0.        , 0.07462686, 0.8765432 ],
      dtype=float32), 'auc': array([0.9008546 , 0.98236346, 0.8301859 , 0.8348146 , 0.9122    ],
      dtype=float32), 'accuracy': array([0.7069768 , 0.9314845 , 0.        , 0.07462686, 0.8765432 ],
      dtype=float32), 'f1': {'micro': tensor(0.7658), 'macro': tensor(0.4902), 'none': tensor([0.6510, 0.9485, 0.0000, 0.1325, 0.7190])}}
Saving ./data/aug/0.05_0.001_50/checkpoint_10.pt
Training : Epoch [12/50], Loss: 0.5293
Testing : Epoch [12/50], Loss: 0.6908, results: {'mAP': 0.75806105, 'mAR': 0.56144416, 'mAUC': 0.89530116, 'm_Accuracy': 0.56144416, 'ap': array([0.5661017 , 0.969697  , 1.        , 0.5797101 , 0.67479676],
      dtype=float32), 'ar': array([0.7767442 , 0.9396411 , 0.02380952, 0.29850745, 0.7685185 ],
      dtype=float32), 'auc': array([0.91864437, 0.9842686 , 0.82344663, 0.84022725, 0.90991896],
      dtype=float32), 'accuracy': array([0.7767442 , 0.9396411 , 0.02380952, 0.29850745, 0.7685185 ],
      dtype=float32), 'f1': {'micro': tensor(0.7779), 'macro': tensor(0.5537), 'none': tensor([0.6549, 0.9544, 0.0465, 0.3941, 0.7186])}}
Training : Epoch [13/50], Loss: 0.4844
Testing : Epoch [13/50], Loss: 0.6525, results: {'mAP': 0.61113733, 'mAR': 0.5537075, 'mAUC': 0.89559424, 'm_Accuracy': 0.5537075, 'ap': array([0.73376626, 0.94224423, 0.30769232, 0.4528302 , 0.6191537 ],
      dtype=float32), 'ar': array([0.5255814 , 0.9314845 , 0.0952381 , 0.35820895, 0.8580247 ],
      dtype=float32), 'auc': array([0.9055935 , 0.978932  , 0.8404058 , 0.8380147 , 0.91502506],
      dtype=float32), 'accuracy': array([0.5255814 , 0.9314845 , 0.0952381 , 0.35820895, 0.8580247 ],
      dtype=float32), 'f1': {'micro': tensor(0.7636), 'macro': tensor(0.5628), 'none': tensor([0.6125, 0.9368, 0.1455, 0.4000, 0.7193])}}
Training : Epoch [14/50], Loss: 0.4676
Testing : Epoch [14/50], Loss: 0.6442, results: {'mAP': 0.6203768, 'mAR': 0.5483313, 'mAUC': 0.8860812, 'm_Accuracy': 0.5483313, 'ap': array([0.5329513 , 0.9501661 , 0.25      , 0.6888889 , 0.67987806],
      dtype=float32), 'ar': array([0.8651163 , 0.93311584, 0.02380952, 0.23134328, 0.6882716 ],
      dtype=float32), 'auc': array([0.9158946 , 0.98051083, 0.7922314 , 0.83910847, 0.90266097],
      dtype=float32), 'accuracy': array([0.8651163 , 0.93311584, 0.02380952, 0.23134328, 0.6882716 ],
      dtype=float32), 'f1': {'micro': tensor(0.7628), 'macro': tensor(0.5350), 'none': tensor([0.6596, 0.9416, 0.0435, 0.3464, 0.6840])}}
Training : Epoch [15/50], Loss: 0.4629
Testing : Epoch [15/50], Loss: 0.6157, results: {'mAP': 0.62465316, 'mAR': 0.58132726, 'mAUC': 0.89945394, 'm_Accuracy': 0.58132726, 'ap': array([0.6182573 , 0.93086815, 0.375     , 0.5       , 0.6991404 ],
      dtype=float32), 'ar': array([0.69302326, 0.9445351 , 0.14285715, 0.37313432, 0.75308645],
      dtype=float32), 'auc': array([0.91660506, 0.9837415 , 0.82794565, 0.8590402 , 0.9099374 ],
      dtype=float32), 'accuracy': array([0.69302326, 0.9445351 , 0.14285715, 0.37313432, 0.75308645],
      dtype=float32), 'f1': {'micro': tensor(0.7741), 'macro': tensor(0.5901), 'none': tensor([0.6535, 0.9377, 0.2069, 0.4274, 0.7251])}}
Training : Epoch [16/50], Loss: 0.4137
Testing : Epoch [16/50], Loss: 0.5879, results: {'mAP': 0.6520864, 'mAR': 0.59694546, 'mAUC': 0.89819986, 'm_Accuracy': 0.59694546, 'ap': array([0.64315355, 0.9597315 , 0.32352942, 0.6585366 , 0.6754808 ],
      dtype=float32), 'ar': array([0.7209302 , 0.93311584, 0.26190478, 0.20149253, 0.86728394],
      dtype=float32), 'auc': array([0.9142899, 0.9804196, 0.8483115, 0.8418648, 0.9061132],
      dtype=float32), 'accuracy': array([0.7209302 , 0.93311584, 0.26190478, 0.20149253, 0.86728394],
      dtype=float32), 'f1': {'micro': tensor(0.7877), 'macro': tensor(0.5967), 'none': tensor([0.6798, 0.9462, 0.2895, 0.3086, 0.7595])}}
Training : Epoch [17/50], Loss: 0.4024
Testing : Epoch [17/50], Loss: 0.5875, results: {'mAP': 0.5702334, 'mAR': 0.5317076, 'mAUC': 0.88439244, 'm_Accuracy': 0.5317076, 'ap': array([0.5744681, 0.9152   , 0.2      , 0.5      , 0.6614987],
      dtype=float32), 'ar': array([0.627907  , 0.93311584, 0.02380952, 0.2835821 , 0.79012346],
      dtype=float32), 'auc': array([0.89301074, 0.97481835, 0.8428312 , 0.8136891 , 0.8976132 ],
      dtype=float32), 'accuracy': array([0.627907  , 0.93311584, 0.02380952, 0.2835821 , 0.79012346],
      dtype=float32), 'f1': {'micro': tensor(0.7545), 'macro': tensor(0.5297), 'none': tensor([0.6000, 0.9241, 0.0426, 0.3619, 0.7201])}}
Training : Epoch [18/50], Loss: 0.3561
Testing : Epoch [18/50], Loss: 0.5328, results: {'mAP': 0.6455798, 'mAR': 0.57071406, 'mAUC': 0.90486795, 'm_Accuracy': 0.57071406, 'ap': array([0.57195574, 0.9630252 , 0.5       , 0.47863248, 0.71428573],
      dtype=float32), 'ar': array([0.7209302 , 0.93474716, 0.02380952, 0.41791046, 0.75617284],
      dtype=float32), 'auc': array([0.9120876 , 0.9822585 , 0.84964454, 0.86584663, 0.9145025 ],
      dtype=float32), 'accuracy': array([0.7209302 , 0.93474716, 0.02380952, 0.41791046, 0.75617284],
      dtype=float32), 'f1': {'micro': tensor(0.7756), 'macro': tensor(0.5626), 'none': tensor([0.6379, 0.9487, 0.0455, 0.4462, 0.7346])}}
Training : Epoch [19/50], Loss: 0.3172
Testing : Epoch [19/50], Loss: 0.4882, results: {'mAP': 0.6591042, 'mAR': 0.57369685, 'mAUC': 0.9036757, 'm_Accuracy': 0.57369685, 'ap': array([0.59183675, 0.9219969 , 0.42105263, 0.67346936, 0.6871658 ],
      dtype=float32), 'ar': array([0.6744186 , 0.9641109 , 0.1904762 , 0.24626866, 0.79320985],
      dtype=float32), 'auc': array([0.90403897, 0.98712057, 0.86406726, 0.84710866, 0.9160426 ],
      dtype=float32), 'accuracy': array([0.6744186 , 0.9641109 , 0.1904762 , 0.24626866, 0.79320985],
      dtype=float32), 'f1': {'micro': tensor(0.7786), 'macro': tensor(0.5865), 'none': tensor([0.6304, 0.9426, 0.2623, 0.3607, 0.7364])}}
Training : Epoch [20/50], Loss: 0.2728
Testing : Epoch [20/50], Loss: 0.4672, results: {'mAP': 0.59228575, 'mAR': 0.536857, 'mAUC': 0.87856114, 'm_Accuracy': 0.536857, 'ap': array([0.5432526 , 0.90712076, 0.22222222, 0.5849057 , 0.7039275 ],
      dtype=float32), 'ar': array([0.73023254, 0.9559543 , 0.04761905, 0.23134328, 0.7191358 ],
      dtype=float32), 'auc': array([0.8959945, 0.9828495, 0.7828631, 0.8283207, 0.9027778],
      dtype=float32), 'accuracy': array([0.73023254, 0.9559543 , 0.04761905, 0.23134328, 0.7191358 ],
      dtype=float32), 'f1': {'micro': tensor(0.7598), 'macro': tensor(0.5351), 'none': tensor([0.6230, 0.9309, 0.0784, 0.3316, 0.7115])}}
Training : Epoch [21/50], Loss: 0.2637
Testing : Epoch [21/50], Loss: 0.4672, results: {'mAP': 0.6284416, 'mAR': 0.5656823, 'mAUC': 0.89897853, 'm_Accuracy': 0.5656823, 'ap': array([0.64761907, 0.9126365 , 0.42857143, 0.47777778, 0.6756032 ],
      dtype=float32), 'ar': array([0.63255817, 0.954323  , 0.14285715, 0.32089552, 0.7777778 ],
      dtype=float32), 'auc': array([0.9083558 , 0.9810196 , 0.872732  , 0.8463649 , 0.88642037],
      dtype=float32), 'accuracy': array([0.63255817, 0.954323  , 0.14285715, 0.32089552, 0.7777778 ],
      dtype=float32), 'f1': {'micro': tensor(0.7696), 'macro': tensor(0.5789), 'none': tensor([0.6400, 0.9330, 0.2143, 0.3839, 0.7231])}}
Saving ./data/aug/0.05_0.001_50/checkpoint_20.pt
Training : Epoch [22/50], Loss: 0.2348
Testing : Epoch [22/50], Loss: 0.4366, results: {'mAP': 0.6565608, 'mAR': 0.62335974, 'mAUC': 0.9055835, 'm_Accuracy': 0.62335974, 'ap': array([0.5537459, 0.9490132, 0.375    , 0.6615385, 0.7435065],
      dtype=float32), 'ar': array([0.7906977 , 0.94127244, 0.35714287, 0.32089552, 0.70679015],
      dtype=float32), 'auc': array([0.91629994, 0.98430735, 0.87837887, 0.84414613, 0.90478516],
      dtype=float32), 'accuracy': array([0.7906977 , 0.94127244, 0.35714287, 0.32089552, 0.70679015],
      dtype=float32), 'f1': {'micro': tensor(0.7786), 'macro': tensor(0.6238), 'none': tensor([0.6513, 0.9451, 0.3659, 0.4322, 0.7247])}}
Training : Epoch [23/50], Loss: 0.2014
Testing : Epoch [23/50], Loss: 0.3936, results: {'mAP': 0.6165383, 'mAR': 0.6314804, 'mAUC': 0.8969902, 'm_Accuracy': 0.6314804, 'ap': array([0.61923075, 0.9585406 , 0.3090909 , 0.4642857 , 0.7315436 ],
      dtype=float32), 'ar': array([0.74883723, 0.94290376, 0.4047619 , 0.3880597 , 0.6728395 ],
      dtype=float32), 'auc': array([0.9226561 , 0.9827011 , 0.80676514, 0.8695405 , 0.90328807],
      dtype=float32), 'accuracy': array([0.74883723, 0.94290376, 0.4047619 , 0.3880597 , 0.6728395 ],
      dtype=float32), 'f1': {'micro': tensor(0.7726), 'macro': tensor(0.6206), 'none': tensor([0.6779, 0.9507, 0.3505, 0.4228, 0.7010])}}
Training : Epoch [24/50], Loss: 0.1770
Testing : Epoch [24/50], Loss: 0.3837, results: {'mAP': 0.62787426, 'mAR': 0.62004685, 'mAUC': 0.9036344, 'm_Accuracy': 0.62004685, 'ap': array([0.60493827, 0.94069195, 0.28      , 0.5888889 , 0.7248521 ],
      dtype=float32), 'ar': array([0.68372095, 0.9314845 , 0.33333334, 0.3955224 , 0.75617284],
      dtype=float32), 'auc': array([0.91020286, 0.9836982 , 0.884285  , 0.8400335 , 0.89995265],
      dtype=float32), 'accuracy': array([0.68372095, 0.9314845 , 0.33333334, 0.3955224 , 0.75617284],
      dtype=float32), 'f1': {'micro': tensor(0.7756), 'macro': tensor(0.6191), 'none': tensor([0.6419, 0.9361, 0.3043, 0.4732, 0.7402])}}
Training : Epoch [25/50], Loss: 0.1618
Testing : Epoch [25/50], Loss: 0.3706, results: {'mAP': 0.64649093, 'mAR': 0.601786, 'mAUC': 0.9006254, 'm_Accuracy': 0.601786, 'ap': array([0.6696833 , 0.9348172 , 0.4375    , 0.46153846, 0.7289157 ],
      dtype=float32), 'ar': array([0.6883721 , 0.95921695, 0.16666667, 0.4477612 , 0.74691355],
      dtype=float32), 'auc': array([0.9182515, 0.984896 , 0.8409983, 0.8434398, 0.9155415],
      dtype=float32), 'accuracy': array([0.6883721 , 0.95921695, 0.16666667, 0.4477612 , 0.74691355],
      dtype=float32), 'f1': {'micro': tensor(0.7869), 'macro': tensor(0.6119), 'none': tensor([0.6789, 0.9469, 0.2414, 0.4545, 0.7378])}}
Training : Epoch [26/50], Loss: 0.1255
Testing : Epoch [26/50], Loss: 0.3318, results: {'mAP': 0.6265007, 'mAR': 0.632712, 'mAUC': 0.9030941, 'm_Accuracy': 0.632712, 'ap': array([0.6546392 , 0.9273302 , 0.3272727 , 0.48031497, 0.7429467 ],
      dtype=float32), 'ar': array([0.59069765, 0.95758563, 0.42857143, 0.4552239 , 0.7314815 ],
      dtype=float32), 'auc': array([0.8980463 , 0.98506486, 0.87752724, 0.8691467 , 0.8856856 ],
      dtype=float32), 'accuracy': array([0.59069765, 0.95758563, 0.42857143, 0.4552239 , 0.7314815 ],
      dtype=float32), 'f1': {'micro': tensor(0.7756), 'macro': tensor(0.6278), 'none': tensor([0.6210, 0.9422, 0.3711, 0.4674, 0.7372])}}
Training : Epoch [27/50], Loss: 0.1210
Testing : Epoch [27/50], Loss: 0.3424, results: {'mAP': 0.65173244, 'mAR': 0.6042932, 'mAUC': 0.9080528, 'm_Accuracy': 0.6042932, 'ap': array([0.62083334, 0.98272884, 0.53846157, 0.38586956, 0.7307692 ],
      dtype=float32), 'ar': array([0.69302326, 0.9282219 , 0.16666667, 0.5298507 , 0.7037037 ],
      dtype=float32), 'auc': array([0.9201028 , 0.986792  , 0.8411464 , 0.86990297, 0.92232   ],
      dtype=float32), 'accuracy': array([0.69302326, 0.9282219 , 0.16666667, 0.5298507 , 0.7037037 ],
      dtype=float32), 'f1': {'micro': tensor(0.7711), 'macro': tensor(0.6055), 'none': tensor([0.6549, 0.9547, 0.2545, 0.4465, 0.7170])}}
Training : Epoch [28/50], Loss: 0.0964
Testing : Epoch [28/50], Loss: 0.3185, results: {'mAP': 0.6303012, 'mAR': 0.61442435, 'mAUC': 0.8959781, 'm_Accuracy': 0.61442435, 'ap': array([0.62151396, 0.9693356 , 0.24242425, 0.6       , 0.71823204],
      dtype=float32), 'ar': array([0.7255814 , 0.9282219 , 0.1904762 , 0.42537314, 0.80246913],
      dtype=float32), 'auc': array([0.9190873, 0.9823019, 0.8169666, 0.8377022, 0.9238325],
      dtype=float32), 'accuracy': array([0.7255814 , 0.9282219 , 0.1904762 , 0.42537314, 0.80246913],
      dtype=float32), 'f1': {'micro': tensor(0.7907), 'macro': tensor(0.6174), 'none': tensor([0.6695, 0.9483, 0.2133, 0.4978, 0.7580])}}
Training : Epoch [29/50], Loss: 0.0880
Testing : Epoch [29/50], Loss: 0.3235, results: {'mAP': 0.6278161, 'mAR': 0.6185708, 'mAUC': 0.89921796, 'm_Accuracy': 0.6185708, 'ap': array([0.6852792 , 0.94634145, 0.24590164, 0.5730337 , 0.6885246 ],
      dtype=float32), 'ar': array([0.627907  , 0.94942904, 0.35714287, 0.38059703, 0.7777778 ],
      dtype=float32), 'auc': array([0.9145281 , 0.98469293, 0.8434052 , 0.8513713 , 0.9020923 ],
      dtype=float32), 'accuracy': array([0.627907  , 0.94942904, 0.35714287, 0.38059703, 0.7777778 ],
      dtype=float32), 'f1': {'micro': tensor(0.7794), 'macro': tensor(0.6165), 'none': tensor([0.6553, 0.9479, 0.2913, 0.4574, 0.7304])}}
Training : Epoch [30/50], Loss: 0.0738
Testing : Epoch [30/50], Loss: 0.3139, results: {'mAP': 0.62966377, 'mAR': 0.58659947, 'mAUC': 0.8943755, 'm_Accuracy': 0.58659947, 'ap': array([0.67487687, 0.9368932 , 0.29166666, 0.5625    , 0.6823821 ],
      dtype=float32), 'ar': array([0.6372093 , 0.9445351 , 0.16666667, 0.33582088, 0.84876543],
      dtype=float32), 'auc': array([0.9104285 , 0.9836183 , 0.8062653 , 0.8486462 , 0.92291945],
      dtype=float32), 'accuracy': array([0.6372093 , 0.9445351 , 0.16666667, 0.33582088, 0.84876543],
      dtype=float32), 'f1': {'micro': tensor(0.7854), 'macro': tensor(0.5971), 'none': tensor([0.6555, 0.9407, 0.2121, 0.4206, 0.7565])}}
Training : Epoch [31/50], Loss: 0.0542
Testing : Epoch [31/50], Loss: 0.2885, results: {'mAP': 0.62613785, 'mAR': 0.61500967, 'mAUC': 0.9014312, 'm_Accuracy': 0.61500967, 'ap': array([0.6757991 , 0.9445351 , 0.25      , 0.53846157, 0.7218935 ],
      dtype=float32), 'ar': array([0.6883721 , 0.9445351 , 0.16666667, 0.52238804, 0.75308645],
      dtype=float32), 'auc': array([0.9122464, 0.9817041, 0.8506073, 0.8548401, 0.9077579],
      dtype=float32), 'accuracy': array([0.6883721 , 0.9445351 , 0.16666667, 0.52238804, 0.75308645],
      dtype=float32), 'f1': {'micro': tensor(0.7892), 'macro': tensor(0.6188), 'none': tensor([0.6820, 0.9445, 0.2000, 0.5303, 0.7372])}}
Saving ./data/aug/0.05_0.001_50/checkpoint_30.pt
Training : Epoch [32/50], Loss: 0.0500
Testing : Epoch [32/50], Loss: 0.2829, results: {'mAP': 0.6301446, 'mAR': 0.5963093, 'mAUC': 0.8971794, 'm_Accuracy': 0.5963093, 'ap': array([0.67105263, 0.960199  , 0.26666668, 0.556701  , 0.6961039 ],
      dtype=float32), 'ar': array([0.7116279 , 0.9445351 , 0.0952381 , 0.40298507, 0.8271605 ],
      dtype=float32), 'auc': array([0.9244489 , 0.9858132 , 0.79034287, 0.8643216 , 0.92097044],
      dtype=float32), 'accuracy': array([0.7116279 , 0.9445351 , 0.0952381 , 0.40298507, 0.8271605 ],
      dtype=float32), 'f1': {'micro': tensor(0.7967), 'macro': tensor(0.6014), 'none': tensor([0.6907, 0.9523, 0.1404, 0.4675, 0.7560])}}
Training : Epoch [33/50], Loss: 0.0454
Testing : Epoch [33/50], Loss: 0.2902, results: {'mAP': 0.64942586, 'mAR': 0.62327415, 'mAUC': 0.89464647, 'm_Accuracy': 0.62327415, 'ap': array([0.6280992 , 0.9459902 , 0.4347826 , 0.4890511 , 0.74920636],
      dtype=float32), 'ar': array([0.7069768 , 0.94290376, 0.23809524, 0.5       , 0.72839504],
      dtype=float32), 'auc': array([0.9209804 , 0.98455375, 0.8152818 , 0.8370959 , 0.9153202 ],
      dtype=float32), 'accuracy': array([0.7069768 , 0.94290376, 0.23809524, 0.5       , 0.72839504],
      dtype=float32), 'f1': {'micro': tensor(0.7854), 'macro': tensor(0.6301), 'none': tensor([0.6652, 0.9444, 0.3077, 0.4945, 0.7387])}}
Training : Epoch [34/50], Loss: 0.0393
Testing : Epoch [34/50], Loss: 0.2924, results: {'mAP': 0.6684227, 'mAR': 0.6096295, 'mAUC': 0.9026092, 'm_Accuracy': 0.6096295, 'ap': array([0.59386975, 0.95394737, 0.5714286 , 0.4848485 , 0.73801917],
      dtype=float32), 'ar': array([0.7209302 , 0.9461664 , 0.1904762 , 0.47761193, 0.712963  ],
      dtype=float32), 'auc': array([0.9036754 , 0.98350424, 0.8607902 , 0.84979   , 0.91528636],
      dtype=float32), 'accuracy': array([0.7209302 , 0.9461664 , 0.1904762 , 0.47761193, 0.712963  ],
      dtype=float32), 'f1': {'micro': tensor(0.7816), 'macro': tensor(0.6187), 'none': tensor([0.6513, 0.9500, 0.2857, 0.4812, 0.7253])}}
Training : Epoch [35/50], Loss: 0.0341
Testing : Epoch [35/50], Loss: 0.2895, results: {'mAP': 0.66902685, 'mAR': 0.6041121, 'mAUC': 0.87948024, 'm_Accuracy': 0.6041121, 'ap': array([0.6363636 , 0.9460784 , 0.42857143, 0.6333333 , 0.7007874 ],
      dtype=float32), 'ar': array([0.68372095, 0.9445351 , 0.14285715, 0.42537314, 0.8240741 ],
      dtype=float32), 'auc': array([0.91386366, 0.9841956 , 0.7708102 , 0.8192705 , 0.9092611 ],
      dtype=float32), 'accuracy': array([0.68372095, 0.9445351 , 0.14285715, 0.42537314, 0.8240741 ],
      dtype=float32), 'f1': {'micro': tensor(0.7952), 'macro': tensor(0.6170), 'none': tensor([0.6592, 0.9453, 0.2143, 0.5089, 0.7574])}}
Training : Epoch [36/50], Loss: 0.0295
Testing : Epoch [36/50], Loss: 0.2900, results: {'mAP': 0.6485642, 'mAR': 0.6310789, 'mAUC': 0.90307987, 'm_Accuracy': 0.6310789, 'ap': array([0.6462882 , 0.96277493, 0.44444445, 0.4652778 , 0.7240356 ],
      dtype=float32), 'ar': array([0.6883721 , 0.9282219 , 0.2857143 , 0.5       , 0.75308645],
      dtype=float32), 'auc': array([0.9150463 , 0.98177254, 0.8537918 , 0.85234004, 0.91244894],
      dtype=float32), 'accuracy': array([0.6883721 , 0.9282219 , 0.2857143 , 0.5       , 0.75308645],
      dtype=float32), 'f1': {'micro': tensor(0.7831), 'macro': tensor(0.6360), 'none': tensor([0.6667, 0.9452, 0.3478, 0.4820, 0.7383])}}
Training : Epoch [37/50], Loss: 0.0337
Testing : Epoch [37/50], Loss: 0.2920, results: {'mAP': 0.6329386, 'mAR': 0.5993153, 'mAUC': 0.89498234, 'm_Accuracy': 0.5993153, 'ap': array([0.6438356 , 0.95695364, 0.29032257, 0.597561  , 0.6760204 ],
      dtype=float32), 'ar': array([0.65581393, 0.94290376, 0.21428572, 0.36567163, 0.81790125],
      dtype=float32), 'auc': array([0.9158236 , 0.984353  , 0.82740873, 0.829802  , 0.91752434],
      dtype=float32), 'accuracy': array([0.65581393, 0.94290376, 0.21428572, 0.36567163, 0.81790125],
      dtype=float32), 'f1': {'micro': tensor(0.7846), 'macro': tensor(0.6080), 'none': tensor([0.6498, 0.9499, 0.2466, 0.4537, 0.7402])}}
Training : Epoch [38/50], Loss: 0.0251
Testing : Epoch [38/50], Loss: 0.2776, results: {'mAP': 0.650866, 'mAR': 0.62264466, 'mAUC': 0.8985385, 'm_Accuracy': 0.62264466, 'ap': array([0.622807  , 0.9647059 , 0.37037036, 0.6018519 , 0.6945946 ],
      dtype=float32), 'ar': array([0.6604651 , 0.9363785 , 0.23809524, 0.48507464, 0.79320985],
      dtype=float32), 'auc': array([0.9103909 , 0.9836526 , 0.83646226, 0.840946  , 0.921241  ],
      dtype=float32), 'accuracy': array([0.6604651 , 0.9363785 , 0.23809524, 0.48507464, 0.79320985],
      dtype=float32), 'f1': {'micro': tensor(0.7892), 'macro': tensor(0.6318), 'none': tensor([0.6411, 0.9503, 0.2899, 0.5372, 0.7406])}}
