Train size = 5308, Test size = 1328
Classes : ['affected', 'destroyed', 'major', 'minor', 'no_damage']
Training : Epoch [1/50], Loss: 1.4307
Testing : Epoch [1/50], Loss: 1.7685, results: {'mAP': 0.09231928, 'mAR': 0.2, 'mAUC': 0.6584867, 'm_Accuracy': 0.2, 'ap': array([0.       , 0.4615964, 0.       , 0.       , 0.       ],
      dtype=float32), 'ar': array([0., 1., 0., 0., 0.], dtype=float32), 'auc': array([0.7286195 , 0.81086254, 0.57627934, 0.60855585, 0.5681164 ],
      dtype=float32), 'accuracy': array([0., 1., 0., 0., 0.], dtype=float32), 'f1': {'micro': tensor(0.4616), 'macro': tensor(0.1263), 'none': tensor([0.0000, 0.6316, 0.0000, 0.0000, 0.0000])}}
Saving ./data/aug/0.05_0.001_25/checkpoint_0.pt
Training : Epoch [2/50], Loss: 1.2693
Testing : Epoch [2/50], Loss: 1.5292, results: {'mAP': 0.23678407, 'mAR': 0.33884558, 'mAUC': 0.7715787, 'm_Accuracy': 0.33884558, 'ap': array([0.        , 0.7459893 , 0.        , 0.        , 0.43793103],
      dtype=float32), 'ar': array([0.       , 0.9102773, 0.       , 0.       , 0.7839506],
      dtype=float32), 'auc': array([0.74622536, 0.9309187 , 0.68010813, 0.69734246, 0.8032991 ],
      dtype=float32), 'accuracy': array([0.       , 0.9102773, 0.       , 0.       , 0.7839506],
      dtype=float32), 'f1': {'micro': tensor(0.6114), 'macro': tensor(0.2764), 'none': tensor([0.0000, 0.8200, 0.0000, 0.0000, 0.5619])}}
Training : Epoch [3/50], Loss: 0.9102
Testing : Epoch [3/50], Loss: 1.1310, results: {'mAP': 0.39766374, 'mAR': 0.3934239, 'mAUC': 0.807152, 'm_Accuracy': 0.3934239, 'ap': array([0.64444447, 0.8867314 , 0.        , 0.        , 0.45714286],
      dtype=float32), 'ar': array([0.13488372, 0.8939641 , 0.        , 0.        , 0.9382716 ],
      dtype=float32), 'auc': array([0.8408784 , 0.9512703 , 0.68527365, 0.72247434, 0.83586335],
      dtype=float32), 'accuracy': array([0.13488372, 0.8939641 , 0.        , 0.        , 0.9382716 ],
      dtype=float32), 'f1': {'micro': tensor(0.6634), 'macro': tensor(0.3456), 'none': tensor([0.2231, 0.8903, 0.0000, 0.0000, 0.6148])}}
Training : Epoch [4/50], Loss: 0.8161
Testing : Epoch [4/50], Loss: 1.0109, results: {'mAP': 0.41707534, 'mAR': 0.47184506, 'mAUC': 0.84018403, 'm_Accuracy': 0.47184506, 'ap': array([0.6040609 , 0.9461806 , 0.        , 0.        , 0.53513515],
      dtype=float32), 'ar': array([0.5534884 , 0.88907015, 0.        , 0.        , 0.9166667 ],
      dtype=float32), 'auc': array([0.89302325, 0.96511936, 0.7278383 , 0.7460812 , 0.8688579 ],
      dtype=float32), 'accuracy': array([0.5534884 , 0.88907015, 0.        , 0.        , 0.9166667 ],
      dtype=float32), 'f1': {'micro': tensor(0.7236), 'macro': tensor(0.4340), 'none': tensor([0.5777, 0.9167, 0.0000, 0.0000, 0.6758])}}
Training : Epoch [5/50], Loss: 0.7479
Testing : Epoch [5/50], Loss: 0.9381, results: {'mAP': 0.40945846, 'mAR': 0.48242813, 'mAUC': 0.83309716, 'm_Accuracy': 0.48242813, 'ap': array([0.5223368, 0.9661319, 0.       , 0.       , 0.5588235],
      dtype=float32), 'ar': array([0.7069768 , 0.8841762 , 0.        , 0.        , 0.82098764],
      dtype=float32), 'auc': array([0.89418083, 0.97443503, 0.6592424 , 0.7491812 , 0.8884462 ],
      dtype=float32), 'accuracy': array([0.7069768 , 0.8841762 , 0.        , 0.        , 0.82098764],
      dtype=float32), 'f1': {'micro': tensor(0.7229), 'macro': tensor(0.4378), 'none': tensor([0.6008, 0.9233, 0.0000, 0.0000, 0.6650])}}
Training : Epoch [6/50], Loss: 0.7240
Testing : Epoch [6/50], Loss: 0.9228, results: {'mAP': 0.43792552, 'mAR': 0.44702953, 'mAUC': 0.82711685, 'm_Accuracy': 0.44702953, 'ap': array([0.78431374, 0.8883648 , 0.        , 0.        , 0.5169492 ],
      dtype=float32), 'ar': array([0.37209302, 0.9216966 , 0.        , 0.        , 0.94135803],
      dtype=float32), 'auc': array([0.8790029 , 0.97119063, 0.65241057, 0.74265605, 0.89032453],
      dtype=float32), 'accuracy': array([0.37209302, 0.9216966 , 0.        , 0.        , 0.94135803],
      dtype=float32), 'f1': {'micro': tensor(0.7154), 'macro': tensor(0.4154), 'none': tensor([0.5047, 0.9047, 0.0000, 0.0000, 0.6674])}}
Training : Epoch [7/50], Loss: 0.7156
Testing : Epoch [7/50], Loss: 0.9013, results: {'mAP': 0.41134328, 'mAR': 0.48854256, 'mAUC': 0.86588895, 'm_Accuracy': 0.48854256, 'ap': array([0.48203593, 0.9651568 , 0.        , 0.        , 0.60952383],
      dtype=float32), 'ar': array([0.74883723, 0.903752  , 0.        , 0.        , 0.79012346],
      dtype=float32), 'auc': array([0.9077122 , 0.96971905, 0.7862697 , 0.76845044, 0.89729357],
      dtype=float32), 'accuracy': array([0.74883723, 0.903752  , 0.        , 0.        , 0.79012346],
      dtype=float32), 'f1': {'micro': tensor(0.7312), 'macro': tensor(0.4416), 'none': tensor([0.5865, 0.9334, 0.0000, 0.0000, 0.6882])}}
Training : Epoch [8/50], Loss: 0.6936
Testing : Epoch [8/50], Loss: 0.8759, results: {'mAP': 0.5215469, 'mAR': 0.47795182, 'mAUC': 0.85629463, 'm_Accuracy': 0.47795182, 'ap': array([0.7160494 , 0.8825348 , 0.        , 0.44444445, 0.5647059 ],
      dtype=float32), 'ar': array([0.53953487, 0.9314845 , 0.        , 0.02985075, 0.8888889 ],
      dtype=float32), 'auc': array([0.9138344, 0.971558 , 0.7483337, 0.7540439, 0.893703 ],
      dtype=float32), 'accuracy': array([0.53953487, 0.9314845 , 0.        , 0.02985075, 0.8888889 ],
      dtype=float32), 'f1': {'micro': tensor(0.7372), 'macro': tensor(0.4537), 'none': tensor([0.6154, 0.9063, 0.0000, 0.0559, 0.6906])}}
Training : Epoch [9/50], Loss: 0.6475
Testing : Epoch [9/50], Loss: 0.8268, results: {'mAP': 0.49597782, 'mAR': 0.49288186, 'mAUC': 0.8748897, 'm_Accuracy': 0.49288186, 'ap': array([0.5272109 , 0.88770866, 0.        , 0.42105263, 0.6439169 ],
      dtype=float32), 'ar': array([0.7209302 , 0.954323  , 0.        , 0.11940298, 0.6697531 ],
      dtype=float32), 'auc': array([0.89281434, 0.9766961 , 0.8189106 , 0.7892072 , 0.8968201 ],
      dtype=float32), 'accuracy': array([0.7209302 , 0.954323  , 0.        , 0.11940298, 0.6697531 ],
      dtype=float32), 'f1': {'micro': tensor(0.7327), 'macro': tensor(0.4743), 'none': tensor([0.6090, 0.9198, 0.0000, 0.1860, 0.6566])}}
Training : Epoch [10/50], Loss: 0.6144
Testing : Epoch [10/50], Loss: 0.8012, results: {'mAP': 0.63728696, 'mAR': 0.5223511, 'mAUC': 0.8912336, 'm_Accuracy': 0.5223511, 'ap': array([0.56179774, 0.97686833, 0.5555556 , 0.5       , 0.5922131 ],
      dtype=float32), 'ar': array([0.6976744 , 0.89559543, 0.11904762, 0.00746269, 0.8919753 ],
      dtype=float32), 'auc': array([0.9140809 , 0.97721624, 0.8332593 , 0.82360184, 0.90800995],
      dtype=float32), 'accuracy': array([0.6976744 , 0.89559543, 0.11904762, 0.00746269, 0.8919753 ],
      dtype=float32), 'f1': {'micro': tensor(0.7485), 'macro': tensor(0.4959), 'none': tensor([0.6224, 0.9345, 0.1961, 0.0147, 0.7118])}}
Training : Epoch [11/50], Loss: 0.6081
Testing : Epoch [11/50], Loss: 0.8156, results: {'mAP': 0.5252014, 'mAR': 0.4540886, 'mAUC': 0.8455704, 'm_Accuracy': 0.4540886, 'ap': array([0.5777778 , 0.77483445, 0.16666667, 0.48387095, 0.62285715],
      dtype=float32), 'ar': array([0.48372093, 0.954323  , 0.04761905, 0.1119403 , 0.6728395 ],
      dtype=float32), 'auc': array([0.8757433 , 0.96878356, 0.7708843 , 0.75555015, 0.8568903 ],
      dtype=float32), 'accuracy': array([0.48372093, 0.954323  , 0.04761905, 0.1119403 , 0.6728395 ],
      dtype=float32), 'f1': {'micro': tensor(0.6958), 'macro': tensor(0.4569), 'none': tensor([0.5266, 0.8553, 0.0741, 0.1818, 0.6469])}}
Saving ./data/aug/0.05_0.001_25/checkpoint_10.pt
Training : Epoch [12/50], Loss: 0.6008
Testing : Epoch [12/50], Loss: 0.7898, results: {'mAP': 0.5084718, 'mAR': 0.52790195, 'mAUC': 0.89108574, 'm_Accuracy': 0.52790195, 'ap': array([0.47838616, 0.9586919 , 0.        , 0.4017094 , 0.70357144],
      dtype=float32), 'ar': array([0.772093  , 0.908646  , 0.        , 0.35074627, 0.6080247 ],
      dtype=float32), 'auc': array([0.89535093, 0.9759363 , 0.8507184 , 0.8221393 , 0.91128385],
      dtype=float32), 'accuracy': array([0.772093  , 0.908646  , 0.        , 0.35074627, 0.6080247 ],
      dtype=float32), 'f1': {'micro': tensor(0.7282), 'macro': tensor(0.5101), 'none': tensor([0.5907, 0.9330, 0.0000, 0.3745, 0.6523])}}
Training : Epoch [13/50], Loss: 0.5412
Testing : Epoch [13/50], Loss: 0.7318, results: {'mAP': 0.7176575, 'mAR': 0.5509704, 'mAUC': 0.88487834, 'm_Accuracy': 0.5509704, 'ap': array([0.608     , 0.98392856, 1.        , 0.35526314, 0.6410959 ],
      dtype=float32), 'ar': array([0.7069768 , 0.8988581 , 0.02380952, 0.40298507, 0.7222222 ],
      dtype=float32), 'auc': array([0.9117282 , 0.97360224, 0.8130786 , 0.8134016 , 0.91258115],
      dtype=float32), 'accuracy': array([0.7069768 , 0.8988581 , 0.02380952, 0.40298507, 0.7222222 ],
      dtype=float32), 'f1': {'micro': tensor(0.7470), 'macro': tensor(0.5393), 'none': tensor([0.6538, 0.9395, 0.0465, 0.3776, 0.6792])}}
Training : Epoch [14/50], Loss: 0.4894
Testing : Epoch [14/50], Loss: 0.6641, results: {'mAP': 0.5751018, 'mAR': 0.5414151, 'mAUC': 0.8957876, 'm_Accuracy': 0.5414151, 'ap': array([0.5074627 , 0.93719006, 0.1       , 0.6111111 , 0.7197452 ],
      dtype=float32), 'ar': array([0.7906977 , 0.92495924, 0.04761905, 0.24626866, 0.69753087],
      dtype=float32), 'auc': array([0.9064126, 0.9789822, 0.8407946, 0.8446586, 0.9080899],
      dtype=float32), 'accuracy': array([0.7906977 , 0.92495924, 0.04761905, 0.24626866, 0.69753087],
      dtype=float32), 'f1': {'micro': tensor(0.7515), 'macro': tensor(0.5347), 'none': tensor([0.6182, 0.9310, 0.0645, 0.3511, 0.7085])}}
Training : Epoch [15/50], Loss: 0.4592
Testing : Epoch [15/50], Loss: 0.6388, results: {'mAP': 0.566923, 'mAR': 0.5436579, 'mAUC': 0.89146644, 'm_Accuracy': 0.5436579, 'ap': array([0.54333335, 0.9470199 , 0.125     , 0.53731346, 0.6819484 ],
      dtype=float32), 'ar': array([0.75813955, 0.93311584, 0.02380952, 0.26865673, 0.7345679 ],
      dtype=float32), 'auc': array([0.91235924, 0.9811839 , 0.80819076, 0.84825873, 0.90733975],
      dtype=float32), 'accuracy': array([0.75813955, 0.93311584, 0.02380952, 0.26865673, 0.7345679 ],
      dtype=float32), 'f1': {'micro': tensor(0.7605), 'macro': tensor(0.5357), 'none': tensor([0.6330, 0.9400, 0.0400, 0.3582, 0.7073])}}
Training : Epoch [16/50], Loss: 0.4322
Testing : Epoch [16/50], Loss: 0.6007, results: {'mAP': 0.62196296, 'mAR': 0.56582487, 'mAUC': 0.9044732, 'm_Accuracy': 0.56582487, 'ap': array([0.60944206, 0.9368932 , 0.29411766, 0.59016395, 0.67919797],
      dtype=float32), 'ar': array([0.6604651 , 0.9445351 , 0.11904762, 0.26865673, 0.83641976],
      dtype=float32), 'auc': array([0.91035753, 0.98183185, 0.8680108 , 0.84530866, 0.91685724],
      dtype=float32), 'accuracy': array([0.6604651 , 0.9445351 , 0.11904762, 0.26865673, 0.83641976],
      dtype=float32), 'f1': {'micro': tensor(0.7779), 'macro': tensor(0.5726), 'none': tensor([0.6339, 0.9407, 0.1695, 0.3692, 0.7497])}}
Training : Epoch [17/50], Loss: 0.3831
Testing : Epoch [17/50], Loss: 0.5551, results: {'mAP': 0.6547866, 'mAR': 0.5678692, 'mAUC': 0.90034103, 'm_Accuracy': 0.5678692, 'ap': array([0.61478597, 0.9117647 , 0.5       , 0.5301205 , 0.7172619 ],
      dtype=float32), 'ar': array([0.7348837 , 0.9608483 , 0.07142857, 0.3283582 , 0.74382716],
      dtype=float32), 'auc': array([0.9054264 , 0.98279244, 0.83918387, 0.8617153 , 0.9125873 ],
      dtype=float32), 'accuracy': array([0.7348837 , 0.9608483 , 0.07142857, 0.3283582 , 0.74382716],
      dtype=float32), 'f1': {'micro': tensor(0.7794), 'macro': tensor(0.5732), 'none': tensor([0.6695, 0.9357, 0.1250, 0.4055, 0.7303])}}
Training : Epoch [18/50], Loss: 0.3412
Testing : Epoch [18/50], Loss: 0.5044, results: {'mAP': 0.64271665, 'mAR': 0.59801084, 'mAUC': 0.91164035, 'm_Accuracy': 0.59801084, 'ap': array([0.6023166 , 0.9395425 , 0.4       , 0.55172414, 0.72      ],
      dtype=float32), 'ar': array([0.7255814 , 0.9380098 , 0.1904762 , 0.35820895, 0.7777778 ],
      dtype=float32), 'auc': array([0.91326606, 0.9821445 , 0.86689997, 0.8714468 , 0.9244442 ],
      dtype=float32), 'accuracy': array([0.7255814 , 0.9380098 , 0.1904762 , 0.35820895, 0.7777778 ],
      dtype=float32), 'f1': {'micro': tensor(0.7824), 'macro': tensor(0.6074), 'none': tensor([0.6582, 0.9388, 0.2581, 0.4344, 0.7478])}}
Training : Epoch [19/50], Loss: 0.3146
Testing : Epoch [19/50], Loss: 0.4978, results: {'mAP': 0.61293805, 'mAR': 0.6058034, 'mAUC': 0.89942026, 'm_Accuracy': 0.6058034, 'ap': array([0.58303887, 0.9444444 , 0.25714287, 0.5135135 , 0.76655054],
      dtype=float32), 'ar': array([0.76744187, 0.94290376, 0.21428572, 0.42537314, 0.67901236],
      dtype=float32), 'auc': array([0.9095844 , 0.9803192 , 0.8420536 , 0.85865897, 0.9064852 ],
      dtype=float32), 'accuracy': array([0.76744187, 0.94290376, 0.21428572, 0.42537314, 0.67901236],
      dtype=float32), 'f1': {'micro': tensor(0.7748), 'macro': tensor(0.6051), 'none': tensor([0.6627, 0.9437, 0.2338, 0.4653, 0.7201])}}
Training : Epoch [20/50], Loss: 0.3067
Testing : Epoch [20/50], Loss: 0.5049, results: {'mAP': 0.673999, 'mAR': 0.57301414, 'mAUC': 0.9001373, 'm_Accuracy': 0.57301414, 'ap': array([0.67980295, 0.94426227, 0.28125   , 0.8333333 , 0.6313466 ],
      dtype=float32), 'ar': array([0.6418605 , 0.9396411 , 0.21428572, 0.18656716, 0.88271606],
      dtype=float32), 'auc': array([0.9100274 , 0.98064315, 0.8382026 , 0.8517713 , 0.92004204],
      dtype=float32), 'accuracy': array([0.6418605 , 0.9396411 , 0.21428572, 0.18656716, 0.88271606],
      dtype=float32), 'f1': {'micro': tensor(0.7786), 'macro': tensor(0.5773), 'none': tensor([0.6603, 0.9419, 0.2432, 0.3049, 0.7362])}}
Training : Epoch [21/50], Loss: 0.2932
Testing : Epoch [21/50], Loss: 0.4651, results: {'mAP': 0.6031937, 'mAR': 0.59061354, 'mAUC': 0.89681005, 'm_Accuracy': 0.59061354, 'ap': array([0.672043  , 0.931746  , 0.20588236, 0.49242425, 0.71387285],
      dtype=float32), 'ar': array([0.5813953 , 0.95758563, 0.16666667, 0.48507464, 0.7623457 ],
      dtype=float32), 'auc': array([0.90706867, 0.9822243 , 0.81165296, 0.8621216 , 0.9209827 ],
      dtype=float32), 'accuracy': array([0.5813953 , 0.95758563, 0.16666667, 0.48507464, 0.7623457 ],
      dtype=float32), 'f1': {'micro': tensor(0.7764), 'macro': tensor(0.5956), 'none': tensor([0.6234, 0.9445, 0.1842, 0.4887, 0.7373])}}
Saving ./data/aug/0.05_0.001_25/checkpoint_20.pt
Training : Epoch [22/50], Loss: 0.2424
Testing : Epoch [22/50], Loss: 0.4414, results: {'mAP': 0.6208053, 'mAR': 0.5674173, 'mAUC': 0.88855636, 'm_Accuracy': 0.5674173, 'ap': array([0.7       , 0.91853034, 0.18181819, 0.65789473, 0.6457831 ],
      dtype=float32), 'ar': array([0.6511628 , 0.9380098 , 0.04761905, 0.37313432, 0.8271605 ],
      dtype=float32), 'auc': array([0.90271   , 0.97841406, 0.81755906, 0.8253144 , 0.91878474],
      dtype=float32), 'accuracy': array([0.6511628 , 0.9380098 , 0.04761905, 0.37313432, 0.8271605 ],
      dtype=float32), 'f1': {'micro': tensor(0.7794), 'macro': tensor(0.5760), 'none': tensor([0.6747, 0.9282, 0.0755, 0.4762, 0.7253])}}
Training : Epoch [23/50], Loss: 0.2193
Testing : Epoch [23/50], Loss: 0.4234, results: {'mAP': 0.6121186, 'mAR': 0.6077447, 'mAUC': 0.8929988, 'm_Accuracy': 0.6077447, 'ap': array([0.5936255 , 0.9544688 , 0.25      , 0.56164384, 0.7008547 ],
      dtype=float32), 'ar': array([0.69302326, 0.9233279 , 0.35714287, 0.30597016, 0.7592593 ],
      dtype=float32), 'auc': array([0.90794206, 0.9775585 , 0.8346849 , 0.8426211 , 0.9021875 ],
      dtype=float32), 'accuracy': array([0.69302326, 0.9233279 , 0.35714287, 0.30597016, 0.7592593 ],
      dtype=float32), 'f1': {'micro': tensor(0.7658), 'macro': tensor(0.5995), 'none': tensor([0.6395, 0.9386, 0.2941, 0.3961, 0.7289])}}
Training : Epoch [24/50], Loss: 0.1800
Testing : Epoch [24/50], Loss: 0.3976, results: {'mAP': 0.6047224, 'mAR': 0.5825076, 'mAUC': 0.89533246, 'm_Accuracy': 0.5825076, 'ap': array([0.569395  , 0.9458128 , 0.21621622, 0.58666664, 0.70552146],
      dtype=float32), 'ar': array([0.74418604, 0.9396411 , 0.1904762 , 0.3283582 , 0.70987654],
      dtype=float32), 'auc': array([0.9064878 , 0.9787084 , 0.8389247 , 0.84382737, 0.90871394],
      dtype=float32), 'accuracy': array([0.74418604, 0.9396411 , 0.1904762 , 0.3283582 , 0.70987654],
      dtype=float32), 'f1': {'micro': tensor(0.7666), 'macro': tensor(0.5838), 'none': tensor([0.6452, 0.9427, 0.2025, 0.4211, 0.7077])}}
Training : Epoch [25/50], Loss: 0.1485
Testing : Epoch [25/50], Loss: 0.3681, results: {'mAP': 0.61646557, 'mAR': 0.6033379, 'mAUC': 0.89520234, 'm_Accuracy': 0.6033379, 'ap': array([0.59765625, 0.9383117 , 0.28125   , 0.5535714 , 0.71153843],
      dtype=float32), 'ar': array([0.7116279 , 0.94290376, 0.21428572, 0.46268657, 0.6851852 ],
      dtype=float32), 'auc': array([0.91625816, 0.9795982 , 0.82153964, 0.8451461 , 0.91346955],
      dtype=float32), 'accuracy': array([0.7116279 , 0.94290376, 0.21428572, 0.46268657, 0.6851852 ],
      dtype=float32), 'f1': {'micro': tensor(0.7711), 'macro': tensor(0.6071), 'none': tensor([0.6497, 0.9406, 0.2432, 0.5041, 0.6981])}}
Training : Epoch [26/50], Loss: 0.1401
Testing : Epoch [26/50], Loss: 0.3525, results: {'mAP': 0.58832014, 'mAR': 0.575583, 'mAUC': 0.898814, 'm_Accuracy': 0.575583, 'ap': array([0.5795918 , 0.9677419 , 0.21428572, 0.4950495 , 0.6849315 ],
      dtype=float32), 'ar': array([0.6604651 , 0.9298532 , 0.14285715, 0.37313432, 0.77160496],
      dtype=float32), 'auc': array([0.90411836, 0.9833423 , 0.8429423 , 0.8489525 , 0.9147146 ],
      dtype=float32), 'accuracy': array([0.6604651 , 0.9298532 , 0.14285715, 0.37313432, 0.77160496],
      dtype=float32), 'f1': {'micro': tensor(0.7666), 'macro': tensor(0.5777), 'none': tensor([0.6174, 0.9484, 0.1714, 0.4255, 0.7257])}}
Training : Epoch [27/50], Loss: 0.2222
Testing : Epoch [27/50], Loss: 0.4467, results: {'mAP': 0.6055727, 'mAR': 0.5993128, 'mAUC': 0.8717766, 'm_Accuracy': 0.5993128, 'ap': array([0.6200873 , 0.9304207 , 0.17021276, 0.5833333 , 0.72380954],
      dtype=float32), 'ar': array([0.6604651 , 0.9380098 , 0.3809524 , 0.31343284, 0.7037037 ],
      dtype=float32), 'auc': array([0.8891034 , 0.9813094 , 0.77973413, 0.80108255, 0.90765333],
      dtype=float32), 'accuracy': array([0.6604651 , 0.9380098 , 0.3809524 , 0.31343284, 0.7037037 ],
      dtype=float32), 'f1': {'micro': tensor(0.7553), 'macro': tensor(0.5861), 'none': tensor([0.6396, 0.9342, 0.2353, 0.4078, 0.7136])}}
Training : Epoch [28/50], Loss: 0.1137
Testing : Epoch [28/50], Loss: 0.3266, results: {'mAP': 0.61920136, 'mAR': 0.60772336, 'mAUC': 0.8960272, 'm_Accuracy': 0.60772336, 'ap': array([0.62447256, 0.9612142 , 0.24242425, 0.5648148 , 0.70308125],
      dtype=float32), 'ar': array([0.6883721 , 0.9298532 , 0.1904762 , 0.4552239 , 0.77469134],
      dtype=float32), 'auc': array([0.90461564, 0.9832054 , 0.8227616 , 0.8485275 , 0.92102575],
      dtype=float32), 'accuracy': array([0.6883721 , 0.9298532 , 0.1904762 , 0.4552239 , 0.77469134],
      dtype=float32), 'f1': {'micro': tensor(0.7816), 'macro': tensor(0.6110), 'none': tensor([0.6549, 0.9453, 0.2133, 0.5041, 0.7372])}}
Training : Epoch [29/50], Loss: 0.0828
Testing : Epoch [29/50], Loss: 0.3041, results: {'mAP': 0.64322966, 'mAR': 0.61722744, 'mAUC': 0.9040102, 'm_Accuracy': 0.61722744, 'ap': array([0.6363636 , 0.9597315 , 0.41666666, 0.496     , 0.7073864 ],
      dtype=float32), 'ar': array([0.68372095, 0.93311584, 0.23809524, 0.46268657, 0.7685185 ],
      dtype=float32), 'auc': array([0.9124303 , 0.98336506, 0.86006814, 0.84730244, 0.91688496],
      dtype=float32), 'accuracy': array([0.68372095, 0.93311584, 0.23809524, 0.46268657, 0.7685185 ],
      dtype=float32), 'f1': {'micro': tensor(0.7831), 'macro': tensor(0.6248), 'none': tensor([0.6592, 0.9462, 0.3030, 0.4788, 0.7367])}}
Training : Epoch [30/50], Loss: 0.0765
Testing : Epoch [30/50], Loss: 0.3172, results: {'mAP': 0.6060516, 'mAR': 0.5834668, 'mAUC': 0.8739926, 'm_Accuracy': 0.5834668, 'ap': array([0.5890909 , 0.96416384, 0.1875    , 0.5862069 , 0.7032967 ],
      dtype=float32), 'ar': array([0.75348836, 0.9216966 , 0.07142857, 0.38059703, 0.79012346],
      dtype=float32), 'auc': array([0.9144445 , 0.9804812 , 0.7395764 , 0.80760145, 0.92785954],
      dtype=float32), 'accuracy': array([0.75348836, 0.9216966 , 0.07142857, 0.38059703, 0.79012346],
      dtype=float32), 'f1': {'micro': tensor(0.7809), 'macro': tensor(0.5826), 'none': tensor([0.6612, 0.9425, 0.1034, 0.4615, 0.7442])}}
Training : Epoch [31/50], Loss: 0.0729
Testing : Epoch [31/50], Loss: 0.3051, results: {'mAP': 0.62544537, 'mAR': 0.60370743, 'mAUC': 0.8950161, 'm_Accuracy': 0.60370743, 'ap': array([0.7012195 , 0.9232    , 0.31111112, 0.5148515 , 0.6768448 ],
      dtype=float32), 'ar': array([0.53488374, 0.94127244, 0.33333334, 0.3880597 , 0.82098764],
      dtype=float32), 'auc': array([0.9010468 , 0.9818342 , 0.8334074 , 0.83672714, 0.92206484],
      dtype=float32), 'accuracy': array([0.53488374, 0.94127244, 0.33333334, 0.3880597 , 0.82098764],
      dtype=float32), 'f1': {'micro': tensor(0.7711), 'macro': tensor(0.6091), 'none': tensor([0.6069, 0.9321, 0.3218, 0.4426, 0.7420])}}
Saving ./data/aug/0.05_0.001_25/checkpoint_30.pt
Training : Epoch [32/50], Loss: 0.0528
Testing : Epoch [32/50], Loss: 0.2925, results: {'mAP': 0.6269759, 'mAR': 0.61338574, 'mAUC': 0.8901475, 'm_Accuracy': 0.61338574, 'ap': array([0.61507934, 0.9193038 , 0.325     , 0.53608245, 0.7394137 ],
      dtype=float32), 'ar': array([0.7209302 , 0.9477977 , 0.30952382, 0.3880597 , 0.7006173 ],
      dtype=float32), 'auc': array([0.9066215 , 0.98368907, 0.83077836, 0.81706417, 0.91258425],
      dtype=float32), 'accuracy': array([0.7209302 , 0.9477977 , 0.30952382, 0.3880597 , 0.7006173 ],
      dtype=float32), 'f1': {'micro': tensor(0.7741), 'macro': tensor(0.6168), 'none': tensor([0.6638, 0.9333, 0.3171, 0.4502, 0.7195])}}
Training : Epoch [33/50], Loss: 0.0483
Testing : Epoch [33/50], Loss: 0.2841, results: {'mAP': 0.64125997, 'mAR': 0.60740244, 'mAUC': 0.8958074, 'm_Accuracy': 0.60740244, 'ap': array([0.60150373, 0.9446254 , 0.29411766, 0.627451  , 0.7386018 ],
      dtype=float32), 'ar': array([0.74418604, 0.9461664 , 0.11904762, 0.47761193, 0.75      ],
      dtype=float32), 'auc': array([0.9029315, 0.9857402, 0.8357402, 0.8266394, 0.9279856],
      dtype=float32), 'accuracy': array([0.74418604, 0.9461664 , 0.11904762, 0.47761193, 0.75      ],
      dtype=float32), 'f1': {'micro': tensor(0.7922), 'macro': tensor(0.6134), 'none': tensor([0.6653, 0.9454, 0.1695, 0.5424, 0.7443])}}
Training : Epoch [34/50], Loss: 0.0448
Testing : Epoch [34/50], Loss: 0.2786, results: {'mAP': 0.61968815, 'mAR': 0.6136877, 'mAUC': 0.89382327, 'm_Accuracy': 0.6136877, 'ap': array([0.65898615, 0.9535655 , 0.28      , 0.46060607, 0.745283  ],
      dtype=float32), 'ar': array([0.66511625, 0.9380098 , 0.16666667, 0.5671642 , 0.7314815 ],
      dtype=float32), 'auc': array([0.9104285, 0.9831027, 0.8120233, 0.8391022, 0.9244596],
      dtype=float32), 'accuracy': array([0.66511625, 0.9380098 , 0.16666667, 0.5671642 , 0.7314815 ],
      dtype=float32), 'f1': {'micro': tensor(0.7816), 'macro': tensor(0.6127), 'none': tensor([0.6620, 0.9457, 0.2090, 0.5084, 0.7383])}}
Training : Epoch [35/50], Loss: 0.0411
Testing : Epoch [35/50], Loss: 0.2913, results: {'mAP': 0.645712, 'mAR': 0.60851794, 'mAUC': 0.8787099, 'm_Accuracy': 0.60851794, 'ap': array([0.6666667 , 0.9488449 , 0.42857143, 0.488     , 0.69647694],
      dtype=float32), 'ar': array([0.6418605 , 0.9380098 , 0.21428572, 0.4552239 , 0.79320985],
      dtype=float32), 'auc': array([0.8920579 , 0.9838693 , 0.77497596, 0.8170954 , 0.9255509 ],
      dtype=float32), 'accuracy': array([0.6418605 , 0.9380098 , 0.21428572, 0.4552239 , 0.79320985],
      dtype=float32), 'f1': {'micro': tensor(0.7831), 'macro': tensor(0.6192), 'none': tensor([0.6540, 0.9434, 0.2857, 0.4710, 0.7417])}}
Training : Epoch [36/50], Loss: 0.0334
Testing : Epoch [36/50], Loss: 0.2745, results: {'mAP': 0.6509236, 'mAR': 0.6467383, 'mAUC': 0.8908909, 'm_Accuracy': 0.6467383, 'ap': array([0.65178573, 0.95049506, 0.36842105, 0.53846157, 0.74545455],
      dtype=float32), 'ar': array([0.67906976, 0.9396411 , 0.33333334, 0.52238804, 0.7592593 ],
      dtype=float32), 'auc': array([0.90072507, 0.9824798 , 0.81343037, 0.83457714, 0.9232422 ],
      dtype=float32), 'accuracy': array([0.67906976, 0.9396411 , 0.33333334, 0.52238804, 0.7592593 ],
      dtype=float32), 'f1': {'micro': tensor(0.7922), 'macro': tensor(0.6486), 'none': tensor([0.6651, 0.9450, 0.3500, 0.5303, 0.7523])}}
Training : Epoch [37/50], Loss: 0.0317
Testing : Epoch [37/50], Loss: 0.2857, results: {'mAP': 0.6101304, 'mAR': 0.60973465, 'mAUC': 0.898867, 'm_Accuracy': 0.60973465, 'ap': array([0.6113537 , 0.9411765 , 0.22      , 0.5350877 , 0.74303406],
      dtype=float32), 'ar': array([0.6511628 , 0.9396411 , 0.26190478, 0.4552239 , 0.7407407 ],
      dtype=float32), 'auc': array([0.89498734, 0.98239315, 0.8711768 , 0.83285207, 0.9129255 ],
      dtype=float32), 'accuracy': array([0.6511628 , 0.9396411 , 0.26190478, 0.4552239 , 0.7407407 ],
      dtype=float32), 'f1': {'micro': tensor(0.7741), 'macro': tensor(0.6088), 'none': tensor([0.6306, 0.9404, 0.2391, 0.4919, 0.7419])}}
Training : Epoch [38/50], Loss: 0.0251
Testing : Epoch [38/50], Loss: 0.2688, results: {'mAP': 0.6481028, 'mAR': 0.65957487, 'mAUC': 0.8973182, 'm_Accuracy': 0.65957487, 'ap': array([0.6260504 , 0.9586093 , 0.32786885, 0.5841584 , 0.74382716],
      dtype=float32), 'ar': array([0.69302326, 0.9445351 , 0.47619048, 0.4402985 , 0.74382716],
      dtype=float32), 'auc': array([0.91451555, 0.9856512 , 0.85095906, 0.81765795, 0.91780716],
      dtype=float32), 'accuracy': array([0.69302326, 0.9445351 , 0.47619048, 0.4402985 , 0.74382716],
      dtype=float32), 'f1': {'micro': tensor(0.7892), 'macro': tensor(0.6487), 'none': tensor([0.6578, 0.9515, 0.3883, 0.5021, 0.7438])}}
Training : Epoch [39/50], Loss: 0.0240
Testing : Epoch [39/50], Loss: 0.2822, results: {'mAP': 0.65076303, 'mAR': 0.60921323, 'mAUC': 0.895301, 'm_Accuracy': 0.60921323, 'ap': array([0.62711865, 0.95637584, 0.3846154 , 0.597561  , 0.6881443 ],
      dtype=float32), 'ar': array([0.6883721 , 0.9298532 , 0.23809524, 0.36567163, 0.8240741 ],
      dtype=float32), 'auc': array([0.9029023, 0.9811223, 0.8369992, 0.8255894, 0.9298915],
      dtype=float32), 'accuracy': array([0.6883721 , 0.9298532 , 0.23809524, 0.36567163, 0.8240741 ],
      dtype=float32), 'f1': {'micro': tensor(0.7861), 'macro': tensor(0.6194), 'none': tensor([0.6563, 0.9429, 0.2941, 0.4537, 0.7500])}}
Training : Epoch [40/50], Loss: 0.0237
Testing : Epoch [40/50], Loss: 0.2785, results: {'mAP': 0.6448167, 'mAR': 0.6309494, 'mAUC': 0.8961195, 'm_Accuracy': 0.6309494, 'ap': array([0.6409091 , 0.9537954 , 0.375     , 0.51968503, 0.7346939 ],
      dtype=float32), 'ar': array([0.65581393, 0.94290376, 0.2857143 , 0.49253732, 0.7777778 ],
      dtype=float32), 'auc': array([0.89482856, 0.9832054 , 0.8442568 , 0.8442836 , 0.9140229 ],
      dtype=float32), 'accuracy': array([0.65581393, 0.94290376, 0.2857143 , 0.49253732, 0.7777778 ],
      dtype=float32), 'f1': {'micro': tensor(0.7899), 'macro': tensor(0.6365), 'none': tensor([0.6483, 0.9483, 0.3243, 0.5057, 0.7556])}}
Training : Epoch [41/50], Loss: 0.0209
Testing : Epoch [41/50], Loss: 0.2809, results: {'mAP': 0.64652294, 'mAR': 0.6277177, 'mAUC': 0.887812, 'm_Accuracy': 0.6277177, 'ap': array([0.6497696 , 0.953411  , 0.35714287, 0.544     , 0.72829133],
      dtype=float32), 'ar': array([0.65581393, 0.93474716, 0.23809524, 0.5074627 , 0.80246913],
      dtype=float32), 'auc': array([0.9049876 , 0.98354304, 0.8023032 , 0.82786447, 0.92036176],
      dtype=float32), 'accuracy': array([0.65581393, 0.93474716, 0.23809524, 0.5074627 , 0.80246913],
      dtype=float32), 'f1': {'micro': tensor(0.7922), 'macro': tensor(0.6342), 'none': tensor([0.6528, 0.9440, 0.2857, 0.5251, 0.7636])}}
Saving ./data/aug/0.05_0.001_25/checkpoint_40.pt
Training : Epoch [42/50], Loss: 0.0174
Testing : Epoch [42/50], Loss: 0.2695, results: {'mAP': 0.64851844, 'mAR': 0.6335349, 'mAUC': 0.9008622, 'm_Accuracy': 0.6335349, 'ap': array([0.65909094, 0.96153843, 0.34285715, 0.5675676 , 0.71153843],
      dtype=float32), 'ar': array([0.6744186 , 0.9380098 , 0.2857143 , 0.47014925, 0.7993827 ],
      dtype=float32), 'auc': array([0.91584444, 0.982619  , 0.8374065 , 0.84328985, 0.9251512 ],
      dtype=float32), 'accuracy': array([0.6744186 , 0.9380098 , 0.2857143 , 0.47014925, 0.7993827 ],
      dtype=float32), 'f1': {'micro': tensor(0.7937), 'macro': tensor(0.6390), 'none': tensor([0.6667, 0.9496, 0.3117, 0.5143, 0.7529])}}
Training : Epoch [43/50], Loss: 0.0176
Testing : Epoch [43/50], Loss: 0.2729, results: {'mAP': 0.6408076, 'mAR': 0.6338673, 'mAUC': 0.89372003, 'm_Accuracy': 0.6338673, 'ap': array([0.65502185, 0.9553719 , 0.3       , 0.5663717 , 0.72727275],
      dtype=float32), 'ar': array([0.6976744 , 0.94290376, 0.2857143 , 0.47761193, 0.7654321 ],
      dtype=float32), 'auc': array([0.9019662 , 0.98451954, 0.82992667, 0.8321458 , 0.92004204],
      dtype=float32), 'accuracy': array([0.6976744 , 0.94290376, 0.2857143 , 0.47761193, 0.7654321 ],
      dtype=float32), 'f1': {'micro': tensor(0.7922), 'macro': tensor(0.6363), 'none': tensor([0.6757, 0.9491, 0.2927, 0.5182, 0.7459])}}
Training : Epoch [44/50], Loss: 0.0182
Testing : Epoch [44/50], Loss: 0.2734, results: {'mAP': 0.62869465, 'mAR': 0.6227383, 'mAUC': 0.89272726, 'm_Accuracy': 0.6227383, 'ap': array([0.68421054, 0.9570248 , 0.26086956, 0.5294118 , 0.7119565 ],
      dtype=float32), 'ar': array([0.60465115, 0.9445351 , 0.2857143 , 0.47014925, 0.80864197],
      dtype=float32), 'auc': array([0.8977747 , 0.98477507, 0.8314263 , 0.82455814, 0.92510206],
      dtype=float32), 'accuracy': array([0.60465115, 0.9445351 , 0.2857143 , 0.47014925, 0.80864197],
      dtype=float32), 'f1': {'micro': tensor(0.7877), 'macro': tensor(0.6241), 'none': tensor([0.6420, 0.9507, 0.2727, 0.4980, 0.7572])}}
Training : Epoch [45/50], Loss: 0.0193
Testing : Epoch [45/50], Loss: 0.2792, results: {'mAP': 0.62867653, 'mAR': 0.609929, 'mAUC': 0.895037, 'm_Accuracy': 0.609929, 'ap': array([0.635514  , 0.9459902 , 0.3125    , 0.54464287, 0.7047354 ],
      dtype=float32), 'ar': array([0.63255817, 0.94290376, 0.23809524, 0.4552239 , 0.7808642 ],
      dtype=float32), 'auc': array([0.9006331 , 0.98291105, 0.8324076 , 0.831902  , 0.9273308 ],
      dtype=float32), 'accuracy': array([0.63255817, 0.94290376, 0.23809524, 0.4552239 , 0.7808642 ],
      dtype=float32), 'f1': {'micro': tensor(0.7816), 'macro': tensor(0.6171), 'none': tensor([0.6340, 0.9444, 0.2703, 0.4959, 0.7408])}}
Training : Epoch [46/50], Loss: 0.0206
Testing : Epoch [46/50], Loss: 0.2705, results: {'mAP': 0.66168827, 'mAR': 0.6467733, 'mAUC': 0.8972762, 'm_Accuracy': 0.6467733, 'ap': array([0.6591928 , 0.95695364, 0.3783784 , 0.58715594, 0.72676057],
      dtype=float32), 'ar': array([0.68372095, 0.94290376, 0.33333334, 0.47761193, 0.7962963 ],
      dtype=float32), 'auc': array([0.91006917, 0.9828403 , 0.8453122 , 0.82602066, 0.92213863],
      dtype=float32), 'accuracy': array([0.68372095, 0.94290376, 0.33333334, 0.47761193, 0.7962963 ],
      dtype=float32), 'f1': {'micro': tensor(0.7989), 'macro': tensor(0.6524), 'none': tensor([0.6712, 0.9499, 0.3544, 0.5267, 0.7599])}}
Training : Epoch [47/50], Loss: 0.0155
Testing : Epoch [47/50], Loss: 0.2701, results: {'mAP': 0.65545064, 'mAR': 0.63984704, 'mAUC': 0.8983342, 'm_Accuracy': 0.63984704, 'ap': array([0.6698565 , 0.9553719 , 0.35897437, 0.5714286 , 0.72162163],
      dtype=float32), 'ar': array([0.6511628 , 0.94290376, 0.33333334, 0.4477612 , 0.8240741 ],
      dtype=float32), 'auc': array([0.90735286, 0.98172694, 0.8605125 , 0.82150805, 0.9205708 ],
      dtype=float32), 'accuracy': array([0.6511628 , 0.94290376, 0.33333334, 0.4477612 , 0.8240741 ],
      dtype=float32), 'f1': {'micro': tensor(0.7974), 'macro': tensor(0.6453), 'none': tensor([0.6604, 0.9491, 0.3457, 0.5021, 0.7695])}}
Training : Epoch [48/50], Loss: 0.0194
Testing : Epoch [48/50], Loss: 0.2762, results: {'mAP': 0.6554633, 'mAR': 0.6340559, 'mAUC': 0.8928239, 'm_Accuracy': 0.6340559, 'ap': array([0.6698565 , 0.94909686, 0.36666667, 0.57024795, 0.7214485 ],
      dtype=float32), 'ar': array([0.6511628 , 0.94290376, 0.26190478, 0.51492536, 0.7993827 ],
      dtype=float32), 'auc': array([0.90328676, 0.98041505, 0.8211694 , 0.83022076, 0.92902774],
      dtype=float32), 'accuracy': array([0.6511628 , 0.94290376, 0.26190478, 0.51492536, 0.7993827 ],
      dtype=float32), 'f1': {'micro': tensor(0.7959), 'macro': tensor(0.6423), 'none': tensor([0.6604, 0.9460, 0.3056, 0.5412, 0.7584])}}
Training : Epoch [49/50], Loss: 0.0147
Testing : Epoch [49/50], Loss: 0.2735, results: {'mAP': 0.6370449, 'mAR': 0.6247705, 'mAUC': 0.89090127, 'm_Accuracy': 0.6247705, 'ap': array([0.65700483, 0.95049506, 0.34285715, 0.5241935 , 0.71067417],
      dtype=float32), 'ar': array([0.63255817, 0.9396411 , 0.2857143 , 0.48507464, 0.7808642 ],
      dtype=float32), 'auc': array([0.89937943, 0.9833149 , 0.8100052 , 0.8363147 , 0.92549247],
      dtype=float32), 'accuracy': array([0.63255817, 0.9396411 , 0.2857143 , 0.48507464, 0.7808642 ],
      dtype=float32), 'f1': {'micro': tensor(0.7846), 'macro': tensor(0.6299), 'none': tensor([0.6445, 0.9450, 0.3117, 0.5039, 0.7441])}}
Training : Epoch [50/50], Loss: 0.0202
Testing : Epoch [50/50], Loss: 0.2740, results: {'mAP': 0.6428602, 'mAR': 0.6245998, 'mAUC': 0.88723737, 'm_Accuracy': 0.6245998, 'ap': array([0.6728972 , 0.9535655 , 0.34375   , 0.53097343, 0.71311474],
      dtype=float32), 'ar': array([0.66976744, 0.9380098 , 0.26190478, 0.4477612 , 0.8055556 ],
      dtype=float32), 'auc': array([0.90281034, 0.9828449 , 0.80115527, 0.819783  , 0.9295934 ],
      dtype=float32), 'accuracy': array([0.66976744, 0.9380098 , 0.26190478, 0.4477612 , 0.8055556 ],
      dtype=float32), 'f1': {'micro': tensor(0.7914), 'macro': tensor(0.6313), 'none': tensor([0.6713, 0.9457, 0.2973, 0.4858, 0.7565])}}
Saving ./data/aug/0.05_0.001_25/checkpoint_49.pt
