Train size = 5308, Test size = 1328
Classes : ['affected', 'destroyed', 'major', 'minor', 'no_damage']
Training : Epoch [1/50], Loss: 1.4807
Testing : Epoch [1/50], Loss: 1.8354, results: {'mAP': 0.09231928, 'mAR': 0.2, 'mAUC': 0.52206445, 'm_Accuracy': 0.2, 'ap': array([0.       , 0.4615964, 0.       , 0.       , 0.       ],
      dtype=float32), 'ar': array([0., 1., 0., 0., 0.], dtype=float32), 'auc': array([0.5101089, 0.6892401, 0.4588425, 0.4736806, 0.4784504],
      dtype=float32), 'accuracy': array([0., 1., 0., 0., 0.], dtype=float32), 'f1': {'micro': tensor(0.4616), 'macro': tensor(0.1263), 'none': tensor([0.0000, 0.6316, 0.0000, 0.0000, 0.0000])}}
Saving ./data/aug/0.01_0.001_1/checkpoint_0.pt
Training : Epoch [2/50], Loss: 1.3598
Testing : Epoch [2/50], Loss: 1.6941, results: {'mAP': 0.09231928, 'mAR': 0.2, 'mAUC': 0.6228014, 'm_Accuracy': 0.2, 'ap': array([0.       , 0.4615964, 0.       , 0.       , 0.       ],
      dtype=float32), 'ar': array([0., 1., 0., 0., 0.], dtype=float32), 'auc': array([0.595119  , 0.88493365, 0.54595274, 0.5166942 , 0.57130736],
      dtype=float32), 'accuracy': array([0., 1., 0., 0., 0.], dtype=float32), 'f1': {'micro': tensor(0.4616), 'macro': tensor(0.1263), 'none': tensor([0.0000, 0.6316, 0.0000, 0.0000, 0.0000])}}
Training : Epoch [3/50], Loss: 1.2427
Testing : Epoch [3/50], Loss: 1.5219, results: {'mAP': 0.22790799, 'mAR': 0.324207, 'mAUC': 0.7488761, 'm_Accuracy': 0.324207, 'ap': array([0.       , 0.6698113, 0.       , 0.       , 0.4697286],
      dtype=float32), 'ar': array([0.        , 0.92659056, 0.        , 0.        , 0.6944444 ],
      dtype=float32), 'auc': array([0.7050126 , 0.9327348 , 0.6019218 , 0.70278007, 0.80193114],
      dtype=float32), 'accuracy': array([0.        , 0.92659056, 0.        , 0.        , 0.6944444 ],
      dtype=float32), 'f1': {'micro': tensor(0.5971), 'macro': tensor(0.2676), 'none': tensor([0.0000, 0.7775, 0.0000, 0.0000, 0.5604])}}
Training : Epoch [4/50], Loss: 1.0084
Testing : Epoch [4/50], Loss: 1.2393, results: {'mAP': 0.43899775, 'mAR': 0.37466964, 'mAUC': 0.7900065, 'm_Accuracy': 0.37466964, 'ap': array([0.875     , 0.8794788 , 0.        , 0.        , 0.44050992],
      dtype=float32), 'ar': array([0.03255814, 0.88091356, 0.        , 0.        , 0.95987654],
      dtype=float32), 'auc': array([0.7863056 , 0.9394289 , 0.6695734 , 0.71902424, 0.8357004 ],
      dtype=float32), 'accuracy': array([0.03255814, 0.88091356, 0.        , 0.        , 0.95987654],
      dtype=float32), 'f1': {'micro': tensor(0.6461), 'macro': tensor(0.3094), 'none': tensor([0.0628, 0.8802, 0.0000, 0.0000, 0.6039])}}
Training : Epoch [5/50], Loss: 0.8995
Testing : Epoch [5/50], Loss: 1.1164, results: {'mAP': 0.43633, 'mAR': 0.40651807, 'mAUC': 0.81037533, 'm_Accuracy': 0.40651807, 'ap': array([0.8039216 , 0.93043476, 0.        , 0.        , 0.44729346],
      dtype=float32), 'ar': array([0.19069767, 0.87275696, 0.        , 0.        , 0.9691358 ],
      dtype=float32), 'auc': array([0.8274891 , 0.94529486, 0.68364435, 0.7384997 , 0.85694873],
      dtype=float32), 'accuracy': array([0.19069767, 0.87275696, 0.        , 0.        , 0.9691358 ],
      dtype=float32), 'f1': {'micro': tensor(0.6702), 'macro': tensor(0.3642), 'none': tensor([0.3083, 0.9007, 0.0000, 0.0000, 0.6121])}}
Training : Epoch [6/50], Loss: 0.8471
Testing : Epoch [6/50], Loss: 1.0553, results: {'mAP': 0.41225272, 'mAR': 0.43834335, 'mAUC': 0.8208178, 'm_Accuracy': 0.43834335, 'ap': array([0.65625   , 0.9173693 , 0.        , 0.        , 0.48764417],
      dtype=float32), 'ar': array([0.3906977 , 0.88743883, 0.        , 0.        , 0.91358024],
      dtype=float32), 'auc': array([0.85074073, 0.954574  , 0.6970673 , 0.73943096, 0.8622762 ],
      dtype=float32), 'accuracy': array([0.3906977 , 0.88743883, 0.        , 0.        , 0.91358024],
      dtype=float32), 'f1': {'micro': tensor(0.6958), 'macro': tensor(0.4056), 'none': tensor([0.4898, 0.9022, 0.0000, 0.0000, 0.6359])}}
Training : Epoch [7/50], Loss: 0.8142
Testing : Epoch [7/50], Loss: 1.0109, results: {'mAP': 0.41819668, 'mAR': 0.4594038, 'mAUC': 0.8356134, 'm_Accuracy': 0.4594038, 'ap': array([0.6481481 , 0.92820513, 0.        , 0.        , 0.51462996],
      dtype=float32), 'ar': array([0.4883721, 0.8858075, 0.       , 0.       , 0.9228395],
      dtype=float32), 'auc': array([0.87623644, 0.9624089 , 0.71756274, 0.74553114, 0.876328  ],
      dtype=float32), 'accuracy': array([0.4883721, 0.8858075, 0.       , 0.       , 0.9228395],
      dtype=float32), 'f1': {'micro': tensor(0.7131), 'macro': tensor(0.4249), 'none': tensor([0.5570, 0.9065, 0.0000, 0.0000, 0.6608])}}
Training : Epoch [8/50], Loss: 0.7768
Testing : Epoch [8/50], Loss: 0.9691, results: {'mAP': 0.4189763, 'mAR': 0.46631613, 'mAUC': 0.83714247, 'm_Accuracy': 0.46631613, 'ap': array([0.62903225, 0.9579685 , 0.        , 0.        , 0.5078809 ],
      dtype=float32), 'ar': array([0.54418606, 0.8923328 , 0.        , 0.        , 0.89506173],
      dtype=float32), 'auc': array([0.88527966, 0.9699038 , 0.70558393, 0.7532251 , 0.8717199 ],
      dtype=float32), 'accuracy': array([0.54418606, 0.8923328 , 0.        , 0.        , 0.89506173],
      dtype=float32), 'f1': {'micro': tensor(0.7184), 'macro': tensor(0.4311), 'none': tensor([0.5835, 0.9240, 0.0000, 0.0000, 0.6480])}}
Training : Epoch [9/50], Loss: 0.7455
Testing : Epoch [9/50], Loss: 0.9322, results: {'mAP': 0.40251437, 'mAR': 0.46463925, 'mAUC': 0.8404356, 'm_Accuracy': 0.46463925, 'ap': array([0.5521739 , 0.9022082 , 0.        , 0.        , 0.55818963],
      dtype=float32), 'ar': array([0.59069765, 0.93311584, 0.        , 0.        , 0.7993827 ],
      dtype=float32), 'auc': array([0.8805115 , 0.972101  , 0.7104162 , 0.75389385, 0.8852553 ],
      dtype=float32), 'accuracy': array([0.59069765, 0.93311584, 0.        , 0.        , 0.7993827 ],
      dtype=float32), 'f1': {'micro': tensor(0.7214), 'macro': tensor(0.4291), 'none': tensor([0.5708, 0.9174, 0.0000, 0.0000, 0.6574])}}
Training : Epoch [10/50], Loss: 0.7100
Testing : Epoch [10/50], Loss: 0.8896, results: {'mAP': 0.414795, 'mAR': 0.48268455, 'mAUC': 0.8588071, 'm_Accuracy': 0.48268455, 'ap': array([0.5668016, 0.9276527, 0.       , 0.       , 0.5795207],
      dtype=float32), 'ar': array([0.6511628 , 0.94127244, 0.        , 0.        , 0.82098764],
      dtype=float32), 'auc': array([0.8921164 , 0.97915787, 0.76479304, 0.76628166, 0.8916863 ],
      dtype=float32), 'accuracy': array([0.6511628 , 0.94127244, 0.        , 0.        , 0.82098764],
      dtype=float32), 'f1': {'micro': tensor(0.7402), 'macro': tensor(0.4440), 'none': tensor([0.6061, 0.9344, 0.0000, 0.0000, 0.6794])}}
Training : Epoch [11/50], Loss: 0.6791
Testing : Epoch [11/50], Loss: 0.8541, results: {'mAP': 0.42852068, 'mAR': 0.48063222, 'mAUC': 0.86780673, 'm_Accuracy': 0.48063222, 'ap': array([0.6413044 , 0.95166665, 0.        , 0.        , 0.5496324 ],
      dtype=float32), 'ar': array([0.5488372, 0.9314845, 0.       , 0.       , 0.9228395],
      dtype=float32), 'auc': array([0.9056729, 0.9748959, 0.791102 , 0.7714005, 0.8959624],
      dtype=float32), 'accuracy': array([0.5488372, 0.9314845, 0.       , 0.       , 0.9228395],
      dtype=float32), 'f1': {'micro': tensor(0.7440), 'macro': tensor(0.4444), 'none': tensor([0.5915, 0.9415, 0.0000, 0.0000, 0.6889])}}
Saving ./data/aug/0.01_0.001_1/checkpoint_10.pt
Training : Epoch [12/50], Loss: 0.6554
Testing : Epoch [12/50], Loss: 0.8301, results: {'mAP': 0.5243206, 'mAR': 0.4941066, 'mAUC': 0.86191845, 'm_Accuracy': 0.4941066, 'ap': array([0.58196723, 0.9656357 , 0.        , 0.5       , 0.574     ],
      dtype=float32), 'ar': array([0.6604651 , 0.9168026 , 0.        , 0.00746269, 0.88580245],
      dtype=float32), 'auc': array([0.90791285, 0.97481376, 0.75984967, 0.7752006 , 0.8918155 ],
      dtype=float32), 'accuracy': array([0.6604651 , 0.9168026 , 0.        , 0.00746269, 0.88580245],
      dtype=float32), 'f1': {'micro': tensor(0.7470), 'macro': tensor(0.4541), 'none': tensor([0.6187, 0.9406, 0.0000, 0.0147, 0.6966])}}
Training : Epoch [13/50], Loss: 0.6451
Testing : Epoch [13/50], Loss: 0.8265, results: {'mAP': 0.43579417, 'mAR': 0.48431793, 'mAUC': 0.8523656, 'm_Accuracy': 0.48431793, 'ap': array([0.6931818 , 0.9312602 , 0.        , 0.        , 0.55452865],
      dtype=float32), 'ar': array([0.5674419, 0.9282219, 0.       , 0.       , 0.9259259],
      dtype=float32), 'auc': array([0.90291065, 0.9721922 , 0.74002075, 0.7555376 , 0.8911668 ],
      dtype=float32), 'accuracy': array([0.5674419, 0.9282219, 0.       , 0.       , 0.9259259],
      dtype=float32), 'f1': {'micro': tensor(0.7462), 'macro': tensor(0.4495), 'none': tensor([0.6240, 0.9297, 0.0000, 0.0000, 0.6936])}}
Training : Epoch [14/50], Loss: 0.6389
Testing : Epoch [14/50], Loss: 0.8112, results: {'mAP': 0.52122295, 'mAR': 0.4913577, 'mAUC': 0.87215537, 'm_Accuracy': 0.4913577, 'ap': array([0.5864979 , 0.94398683, 0.        , 0.5       , 0.57563025],
      dtype=float32), 'ar': array([0.6465116 , 0.93474716, 0.        , 0.02985075, 0.845679  ],
      dtype=float32), 'auc': array([0.9032909 , 0.97860116, 0.78260386, 0.80286384, 0.89341706],
      dtype=float32), 'accuracy': array([0.6465116 , 0.93474716, 0.        , 0.02985075, 0.845679  ],
      dtype=float32), 'f1': {'micro': tensor(0.7455), 'macro': tensor(0.4591), 'none': tensor([0.6150, 0.9393, 0.0000, 0.0563, 0.6850])}}
Training : Epoch [15/50], Loss: 0.5970
Testing : Epoch [15/50], Loss: 0.7629, results: {'mAP': 0.52250624, 'mAR': 0.52230865, 'mAUC': 0.8742012, 'm_Accuracy': 0.52230865, 'ap': array([0.6435185 , 0.9318182 , 0.        , 0.41538462, 0.6218097 ],
      dtype=float32), 'ar': array([0.6465116 , 0.9363785 , 0.        , 0.20149253, 0.8271605 ],
      dtype=float32), 'auc': array([0.91078377, 0.9795298 , 0.7797897 , 0.7942824 , 0.90662044],
      dtype=float32), 'accuracy': array([0.6465116 , 0.9363785 , 0.        , 0.20149253, 0.8271605 ],
      dtype=float32), 'f1': {'micro': tensor(0.7590), 'macro': tensor(0.5121), 'none': tensor([0.6450, 0.9341, 0.0000, 0.2714, 0.7099])}}
Training : Epoch [16/50], Loss: 0.5787
Testing : Epoch [16/50], Loss: 0.7425, results: {'mAP': 0.51473796, 'mAR': 0.50729823, 'mAUC': 0.8828882, 'm_Accuracy': 0.50729823, 'ap': array([0.5873016 , 0.9460784 , 0.        , 0.42857143, 0.61173815],
      dtype=float32), 'ar': array([0.6883721 , 0.9445351 , 0.        , 0.06716418, 0.83641976],
      dtype=float32), 'auc': array([0.90973485, 0.98192316, 0.8056913 , 0.81297034, 0.90412116],
      dtype=float32), 'accuracy': array([0.6883721 , 0.9445351 , 0.        , 0.06716418, 0.83641976],
      dtype=float32), 'f1': {'micro': tensor(0.7583), 'macro': tensor(0.4804), 'none': tensor([0.6338, 0.9453, 0.0000, 0.1161, 0.7066])}}
Training : Epoch [17/50], Loss: 0.5683
Testing : Epoch [17/50], Loss: 0.7392, results: {'mAP': 0.5585011, 'mAR': 0.50987446, 'mAUC': 0.8772751, 'm_Accuracy': 0.50987446, 'ap': array([0.6272727 , 0.88670695, 0.        , 0.65625   , 0.622276  ],
      dtype=float32), 'ar': array([0.6418605 , 0.95758563, 0.        , 0.15671642, 0.79320985],
      dtype=float32), 'auc': array([0.91060406, 0.9800682 , 0.7802155 , 0.8066202 , 0.9088676 ],
      dtype=float32), 'accuracy': array([0.6418605 , 0.95758563, 0.        , 0.15671642, 0.79320985],
      dtype=float32), 'f1': {'micro': tensor(0.7553), 'macro': tensor(0.5011), 'none': tensor([0.6345, 0.9208, 0.0000, 0.2530, 0.6974])}}
Training : Epoch [18/50], Loss: 0.5437
Testing : Epoch [18/50], Loss: 0.7116, results: {'mAP': 0.72641414, 'mAR': 0.51691896, 'mAUC': 0.8793255, 'm_Accuracy': 0.51691896, 'ap': array([0.5490909, 0.9345048, 1.       , 0.5135135, 0.6349614],
      dtype=float32), 'ar': array([0.7023256 , 0.954323  , 0.02380952, 0.14179105, 0.7623457 ],
      dtype=float32), 'auc': array([0.9068263 , 0.9830183 , 0.78377026, 0.8146704 , 0.90834194],
      dtype=float32), 'accuracy': array([0.7023256 , 0.954323  , 0.02380952, 0.14179105, 0.7623457 ],
      dtype=float32), 'f1': {'micro': tensor(0.7553), 'macro': tensor(0.5044), 'none': tensor([0.6163, 0.9443, 0.0465, 0.2222, 0.6928])}}
Training : Epoch [19/50], Loss: 0.5360
Testing : Epoch [19/50], Loss: 0.6940, results: {'mAP': 0.54058945, 'mAR': 0.525107, 'mAUC': 0.89814293, 'm_Accuracy': 0.525107, 'ap': array([0.6453202, 0.9430894, 0.       , 0.5      , 0.6145374],
      dtype=float32), 'ar': array([0.60930234, 0.9461664 , 0.        , 0.20895523, 0.8611111 ],
      dtype=float32), 'auc': array([0.91026556, 0.9843484 , 0.8456269 , 0.8322333 , 0.9182406 ],
      dtype=float32), 'accuracy': array([0.60930234, 0.9461664 , 0.        , 0.20895523, 0.8611111 ],
      dtype=float32), 'f1': {'micro': tensor(0.7666), 'macro': tensor(0.5167), 'none': tensor([0.6268, 0.9446, 0.0000, 0.2947, 0.7172])}}
Training : Epoch [20/50], Loss: 0.5123
Testing : Epoch [20/50], Loss: 0.6764, results: {'mAP': 0.696499, 'mAR': 0.53292793, 'mAUC': 0.89503396, 'm_Accuracy': 0.53292793, 'ap': array([0.6834171, 0.9015385, 0.6      , 0.6666667, 0.6308725],
      dtype=float32), 'ar': array([0.63255817, 0.9559543 , 0.07142857, 0.13432837, 0.8703704 ],
      dtype=float32), 'auc': array([0.90832233, 0.9847249 , 0.84172034, 0.8268832 , 0.9135188 ],
      dtype=float32), 'accuracy': array([0.63255817, 0.9559543 , 0.07142857, 0.13432837, 0.8703704 ],
      dtype=float32), 'f1': {'micro': tensor(0.7718), 'macro': tensor(0.5335), 'none': tensor([0.6570, 0.9279, 0.1277, 0.2236, 0.7315])}}
Training : Epoch [21/50], Loss: 0.5118
Testing : Epoch [21/50], Loss: 0.6796, results: {'mAP': 0.541526, 'mAR': 0.5483748, 'mAUC': 0.89554405, 'm_Accuracy': 0.5483748, 'ap': array([0.6031128 , 0.9618056 , 0.        , 0.5119048 , 0.63080686],
      dtype=float32), 'ar': array([0.7209302 , 0.903752  , 0.        , 0.32089552, 0.7962963 ],
      dtype=float32), 'auc': array([0.9131574 , 0.9786833 , 0.827742  , 0.84373987, 0.91439795],
      dtype=float32), 'accuracy': array([0.7209302 , 0.903752  , 0.        , 0.32089552, 0.7962963 ],
      dtype=float32), 'f1': {'micro': tensor(0.7605), 'macro': tensor(0.5374), 'none': tensor([0.6568, 0.9319, 0.0000, 0.3945, 0.7040])}}
Saving ./data/aug/0.01_0.001_1/checkpoint_20.pt
Training : Epoch [22/50], Loss: 0.4843
Testing : Epoch [22/50], Loss: 0.6425, results: {'mAP': 0.746743, 'mAR': 0.5509101, 'mAUC': 0.9022838, 'm_Accuracy': 0.5509101, 'ap': array([0.62711865, 0.91512346, 1.        , 0.49367088, 0.6978022 ],
      dtype=float32), 'ar': array([0.6883721 , 0.96737355, 0.02380952, 0.29104477, 0.7839506 ],
      dtype=float32), 'auc': array([0.9109551 , 0.9861075 , 0.85677254, 0.8325646 , 0.9250191 ],
      dtype=float32), 'accuracy': array([0.6883721 , 0.96737355, 0.02380952, 0.29104477, 0.7839506 ],
      dtype=float32), 'f1': {'micro': tensor(0.7794), 'macro': tensor(0.5496), 'none': tensor([0.6563, 0.9405, 0.0465, 0.3662, 0.7384])}}
Training : Epoch [23/50], Loss: 0.4747
Testing : Epoch [23/50], Loss: 0.6356, results: {'mAP': 0.6667722, 'mAR': 0.5343285, 'mAUC': 0.89886886, 'm_Accuracy': 0.5343285, 'ap': array([0.53608245, 0.93247586, 0.6666667 , 0.53571427, 0.66292137],
      dtype=float32), 'ar': array([0.7255814 , 0.9461664 , 0.04761905, 0.2238806 , 0.72839504],
      dtype=float32), 'auc': array([0.90711045, 0.9835339 , 0.85077393, 0.83197707, 0.9209489 ],
      dtype=float32), 'accuracy': array([0.7255814 , 0.9461664 , 0.04761905, 0.2238806 , 0.72839504],
      dtype=float32), 'f1': {'micro': tensor(0.7560), 'macro': tensor(0.5309), 'none': tensor([0.6166, 0.9393, 0.0889, 0.3158, 0.6941])}}
Training : Epoch [24/50], Loss: 0.4639
Testing : Epoch [24/50], Loss: 0.6271, results: {'mAP': 0.6072529, 'mAR': 0.5661724, 'mAUC': 0.900461, 'm_Accuracy': 0.5661724, 'ap': array([0.5635179 , 0.9444444 , 0.30769232, 0.525641  , 0.6949686 ],
      dtype=float32), 'ar': array([0.80465114, 0.94290376, 0.0952381 , 0.30597016, 0.68209875],
      dtype=float32), 'auc': array([0.9143776, 0.9805428, 0.8510146, 0.840171 , 0.9161994],
      dtype=float32), 'accuracy': array([0.80465114, 0.94290376, 0.0952381 , 0.30597016, 0.68209875],
      dtype=float32), 'f1': {'micro': tensor(0.7658), 'macro': tensor(0.5654), 'none': tensor([0.6628, 0.9437, 0.1455, 0.3868, 0.6885])}}
Training : Epoch [25/50], Loss: 0.4363
Testing : Epoch [25/50], Loss: 0.6043, results: {'mAP': 0.53962374, 'mAR': 0.5669669, 'mAUC': 0.9036462, 'm_Accuracy': 0.5669669, 'ap': array([0.55128205, 0.9707904 , 0.        , 0.46825397, 0.7077922 ],
      dtype=float32), 'ar': array([0.8      , 0.9216966, 0.       , 0.4402985, 0.6728395],
      dtype=float32), 'auc': array([0.91860676, 0.98206   , 0.8560135 , 0.84189606, 0.9196547 ],
      dtype=float32), 'accuracy': array([0.8      , 0.9216966, 0.       , 0.4402985, 0.6728395],
      dtype=float32), 'f1': {'micro': tensor(0.7636), 'macro': tensor(0.5484), 'none': tensor([0.6528, 0.9456, 0.0000, 0.4538, 0.6899])}}
Training : Epoch [26/50], Loss: 0.4375
Testing : Epoch [26/50], Loss: 0.6023, results: {'mAP': 0.61136377, 'mAR': 0.54250544, 'mAUC': 0.9013584, 'm_Accuracy': 0.54250544, 'ap': array([0.6785714 , 0.8748159 , 0.18181819, 0.64285713, 0.6787565 ],
      dtype=float32), 'ar': array([0.61860466, 0.96900487, 0.04761905, 0.26865673, 0.80864197],
      dtype=float32), 'auc': array([0.9095259 , 0.98515385, 0.86173445, 0.83125204, 0.919126  ],
      dtype=float32), 'accuracy': array([0.61860466, 0.96900487, 0.04761905, 0.26865673, 0.80864197],
      dtype=float32), 'f1': {'micro': tensor(0.7733), 'macro': tensor(0.5518), 'none': tensor([0.6472, 0.9195, 0.0755, 0.3789, 0.7380])}}
Training : Epoch [27/50], Loss: 0.4284
Testing : Epoch [27/50], Loss: 0.5809, results: {'mAP': 0.6055171, 'mAR': 0.55556536, 'mAUC': 0.9135979, 'm_Accuracy': 0.55556536, 'ap': array([0.59923667, 0.9729272 , 0.2       , 0.6       , 0.6554217 ],
      dtype=float32), 'ar': array([0.73023254, 0.9380098 , 0.02380952, 0.24626866, 0.83950615],
      dtype=float32), 'auc': array([0.9154224 , 0.9832761 , 0.882415  , 0.8554964 , 0.93137944],
      dtype=float32), 'accuracy': array([0.73023254, 0.9380098 , 0.02380952, 0.24626866, 0.83950615],
      dtype=float32), 'f1': {'micro': tensor(0.7816), 'macro': tensor(0.5483), 'none': tensor([0.6583, 0.9551, 0.0426, 0.3492, 0.7361])}}
Training : Epoch [28/50], Loss: 0.4072
Testing : Epoch [28/50], Loss: 0.5693, results: {'mAP': 0.62875473, 'mAR': 0.5606059, 'mAUC': 0.90901023, 'm_Accuracy': 0.5606059, 'ap': array([0.6150628 , 0.96943974, 0.2777778 , 0.64285713, 0.63863635],
      dtype=float32), 'ar': array([0.68372095, 0.9314845 , 0.11904762, 0.20149253, 0.86728394],
      dtype=float32), 'auc': array([0.91781694, 0.98117936, 0.88041544, 0.8409523 , 0.924687  ],
      dtype=float32), 'accuracy': array([0.68372095, 0.9314845 , 0.11904762, 0.20149253, 0.86728394],
      dtype=float32), 'f1': {'micro': tensor(0.7764), 'macro': tensor(0.5613), 'none': tensor([0.6476, 0.9501, 0.1667, 0.3068, 0.7356])}}
Training : Epoch [29/50], Loss: 0.4041
Testing : Epoch [29/50], Loss: 0.5633, results: {'mAP': 0.65983975, 'mAR': 0.56249154, 'mAUC': 0.91301745, 'm_Accuracy': 0.56249154, 'ap': array([0.5578231 , 0.90534353, 0.5714286 , 0.5294118 , 0.73519164],
      dtype=float32), 'ar': array([0.7627907 , 0.96737355, 0.0952381 , 0.33582088, 0.65123457],
      dtype=float32), 'auc': array([0.91503793, 0.98762023, 0.8904503 , 0.85079   , 0.9211887 ],
      dtype=float32), 'accuracy': array([0.7627907 , 0.96737355, 0.0952381 , 0.33582088, 0.65123457],
      dtype=float32), 'f1': {'micro': tensor(0.7658), 'macro': tensor(0.5689), 'none': tensor([0.6444, 0.9353, 0.1633, 0.4110, 0.6907])}}
Training : Epoch [30/50], Loss: 0.3773
Testing : Epoch [30/50], Loss: 0.5300, results: {'mAP': 0.6889673, 'mAR': 0.59318155, 'mAUC': 0.9130785, 'm_Accuracy': 0.59318155, 'ap': array([0.6711712 , 0.96198344, 0.6       , 0.52678573, 0.6848958 ],
      dtype=float32), 'ar': array([0.69302326, 0.94942904, 0.07142857, 0.4402985 , 0.8117284 ],
      dtype=float32), 'auc': array([0.91889507, 0.9855759 , 0.8697697 , 0.8626653 , 0.92848665],
      dtype=float32), 'accuracy': array([0.69302326, 0.94942904, 0.07142857, 0.4402985 , 0.8117284 ],
      dtype=float32), 'f1': {'micro': tensor(0.7952), 'macro': tensor(0.5976), 'none': tensor([0.6819, 0.9557, 0.1277, 0.4797, 0.7429])}}
Training : Epoch [31/50], Loss: 0.3702
Testing : Epoch [31/50], Loss: 0.5267, results: {'mAP': 0.6320653, 'mAR': 0.5936306, 'mAUC': 0.9148158, 'm_Accuracy': 0.5936306, 'ap': array([0.61960787, 0.9618574 , 0.4       , 0.4609929 , 0.7178683 ],
      dtype=float32), 'ar': array([0.7348837 , 0.9461664 , 0.0952381 , 0.48507464, 0.70679015],
      dtype=float32), 'auc': array([0.91689754, 0.98674864, 0.8865622 , 0.8638591 , 0.92001134],
      dtype=float32), 'accuracy': array([0.7348837 , 0.9461664 , 0.0952381 , 0.48507464, 0.70679015],
      dtype=float32), 'f1': {'micro': tensor(0.7801), 'macro': tensor(0.5930), 'none': tensor([0.6723, 0.9539, 0.1538, 0.4727, 0.7123])}}
Saving ./data/aug/0.01_0.001_1/checkpoint_30.pt
Training : Epoch [32/50], Loss: 0.3609
Testing : Epoch [32/50], Loss: 0.5219, results: {'mAP': 0.6569225, 'mAR': 0.5822404, 'mAUC': 0.90729904, 'm_Accuracy': 0.5822404, 'ap': array([0.6759259 , 0.9537954 , 0.42857143, 0.5744681 , 0.65185183],
      dtype=float32), 'ar': array([0.67906976, 0.94290376, 0.07142857, 0.40298507, 0.8148148 ],
      dtype=float32), 'auc': array([0.9164086 , 0.983915  , 0.8645301 , 0.85103375, 0.9206077 ],
      dtype=float32), 'accuracy': array([0.67906976, 0.94290376, 0.07142857, 0.40298507, 0.8148148 ],
      dtype=float32), 'f1': {'micro': tensor(0.7869), 'macro': tensor(0.5892), 'none': tensor([0.6775, 0.9483, 0.1224, 0.4737, 0.7243])}}
Training : Epoch [33/50], Loss: 0.3580
Testing : Epoch [33/50], Loss: 0.5135, results: {'mAP': 0.6264429, 'mAR': 0.5750178, 'mAUC': 0.9081007, 'm_Accuracy': 0.5750178, 'ap': array([0.67906976, 0.9464286 , 0.25      , 0.5974026 , 0.65931374],
      dtype=float32), 'ar': array([0.67906976, 0.95106035, 0.07142857, 0.3432836 , 0.8302469 ],
      dtype=float32), 'auc': array([0.918005  , 0.9848869 , 0.8547175 , 0.8561964 , 0.92669755],
      dtype=float32), 'accuracy': array([0.67906976, 0.95106035, 0.07142857, 0.3432836 , 0.8302469 ],
      dtype=float32), 'f1': {'micro': tensor(0.7884), 'macro': tensor(0.5820), 'none': tensor([0.6791, 0.9487, 0.1111, 0.4360, 0.7350])}}
Training : Epoch [34/50], Loss: 0.3459
Testing : Epoch [34/50], Loss: 0.5098, results: {'mAP': 0.6260681, 'mAR': 0.5735917, 'mAUC': 0.9084094, 'm_Accuracy': 0.5735917, 'ap': array([0.62770563, 0.9438944 , 0.3125    , 0.59210527, 0.65413535],
      dtype=float32), 'ar': array([0.6744186 , 0.93311584, 0.11904762, 0.33582088, 0.8055556 ],
      dtype=float32), 'auc': array([0.91425645, 0.98221976, 0.86780715, 0.8549026 , 0.92286104],
      dtype=float32), 'accuracy': array([0.6744186 , 0.93311584, 0.11904762, 0.33582088, 0.8055556 ],
      dtype=float32), 'f1': {'micro': tensor(0.7741), 'macro': tensor(0.5823), 'none': tensor([0.6502, 0.9385, 0.1724, 0.4286, 0.7220])}}
Training : Epoch [35/50], Loss: 0.3381
Testing : Epoch [35/50], Loss: 0.4962, results: {'mAP': 0.61874974, 'mAR': 0.57843393, 'mAUC': 0.9139328, 'm_Accuracy': 0.57843393, 'ap': array([0.56630826, 0.96351576, 0.27272728, 0.59090906, 0.7002882 ],
      dtype=float32), 'ar': array([0.7348837 , 0.9477977 , 0.07142857, 0.3880597 , 0.75      ],
      dtype=float32), 'auc': array([0.9178253 , 0.98320764, 0.86921424, 0.87314683, 0.92627025],
      dtype=float32), 'accuracy': array([0.7348837 , 0.9477977 , 0.07142857, 0.3880597 , 0.75      ],
      dtype=float32), 'f1': {'micro': tensor(0.7809), 'macro': tensor(0.5802), 'none': tensor([0.6397, 0.9556, 0.1132, 0.4685, 0.7243])}}
Training : Epoch [36/50], Loss: 0.3240
Testing : Epoch [36/50], Loss: 0.4881, results: {'mAP': 0.65870965, 'mAR': 0.5677228, 'mAUC': 0.9080558, 'm_Accuracy': 0.5677228, 'ap': array([0.62608695, 0.93290734, 0.45454547, 0.6166667 , 0.66334164],
      dtype=float32), 'ar': array([0.66976744, 0.9526917 , 0.11904762, 0.2761194 , 0.82098764],
      dtype=float32), 'auc': array([0.9159113 , 0.9837872 , 0.8634748 , 0.85867774, 0.9184281 ],
      dtype=float32), 'accuracy': array([0.66976744, 0.9526917 , 0.11904762, 0.2761194 , 0.82098764],
      dtype=float32), 'f1': {'micro': tensor(0.7801), 'macro': tensor(0.5788), 'none': tensor([0.6472, 0.9427, 0.1887, 0.3814, 0.7338])}}
Training : Epoch [37/50], Loss: 0.3218
Testing : Epoch [37/50], Loss: 0.4834, results: {'mAP': 0.63957894, 'mAR': 0.57784957, 'mAUC': 0.9109176, 'm_Accuracy': 0.57784957, 'ap': array([0.594697  , 0.9495114 , 0.45454547, 0.5       , 0.6991404 ],
      dtype=float32), 'ar': array([0.73023254, 0.95106035, 0.11904762, 0.33582088, 0.75308645],
      dtype=float32), 'auc': array([0.9149627 , 0.98333085, 0.87126935, 0.8581277 , 0.92689735],
      dtype=float32), 'accuracy': array([0.73023254, 0.95106035, 0.11904762, 0.33582088, 0.75308645],
      dtype=float32), 'f1': {'micro': tensor(0.7786), 'macro': tensor(0.5843), 'none': tensor([0.6555, 0.9503, 0.1887, 0.4018, 0.7251])}}
Training : Epoch [38/50], Loss: 0.3151
Testing : Epoch [38/50], Loss: 0.4753, results: {'mAP': 0.647112, 'mAR': 0.5875717, 'mAUC': 0.9135841, 'm_Accuracy': 0.5875717, 'ap': array([0.5932836 , 0.94942904, 0.5       , 0.48958334, 0.7032641 ],
      dtype=float32), 'ar': array([0.73953485, 0.94942904, 0.16666667, 0.35074627, 0.7314815 ],
      dtype=float32), 'auc': array([0.9194634 , 0.9846336 , 0.88293344, 0.8552901 , 0.92560005],
      dtype=float32), 'accuracy': array([0.73953485, 0.94942904, 0.16666667, 0.35074627, 0.7314815 ],
      dtype=float32), 'f1': {'micro': tensor(0.7771), 'macro': tensor(0.5967), 'none': tensor([0.6584, 0.9494, 0.2500, 0.4087, 0.7171])}}
Training : Epoch [39/50], Loss: 0.3111
Testing : Epoch [39/50], Loss: 0.4779, results: {'mAP': 0.62922657, 'mAR': 0.57836217, 'mAUC': 0.90859014, 'm_Accuracy': 0.57836217, 'ap': array([0.6336207 , 0.94165313, 0.25      , 0.6533333 , 0.66752577],
      dtype=float32), 'ar': array([0.68372095, 0.9477977 , 0.0952381 , 0.36567163, 0.7993827 ],
      dtype=float32), 'auc': array([0.9129234 , 0.9825779 , 0.88000816, 0.84850246, 0.91893846],
      dtype=float32), 'accuracy': array([0.68372095, 0.9477977 , 0.0952381 , 0.36567163, 0.7993827 ],
      dtype=float32), 'f1': {'micro': tensor(0.7831), 'macro': tensor(0.5874), 'none': tensor([0.6577, 0.9447, 0.1379, 0.4689, 0.7275])}}
Training : Epoch [40/50], Loss: 0.3128
Testing : Epoch [40/50], Loss: 0.4722, results: {'mAP': 0.63869894, 'mAR': 0.5959602, 'mAUC': 0.9136114, 'm_Accuracy': 0.5959602, 'ap': array([0.5962963 , 0.95261437, 0.375     , 0.56565654, 0.7039275 ],
      dtype=float32), 'ar': array([0.74883723, 0.95106035, 0.14285715, 0.41791046, 0.7191358 ],
      dtype=float32), 'auc': array([0.9174826 , 0.9861372 , 0.87799007, 0.86446536, 0.9219818 ],
      dtype=float32), 'accuracy': array([0.74883723, 0.95106035, 0.14285715, 0.41791046, 0.7191358 ],
      dtype=float32), 'f1': {'micro': tensor(0.7824), 'macro': tensor(0.6030), 'none': tensor([0.6639, 0.9518, 0.2069, 0.4807, 0.7115])}}
Training : Epoch [41/50], Loss: 0.3089
Testing : Epoch [41/50], Loss: 0.4691, results: {'mAP': 0.6316594, 'mAR': 0.5926367, 'mAUC': 0.919454, 'm_Accuracy': 0.5926367, 'ap': array([0.6015936 , 0.9522241 , 0.31578946, 0.58426964, 0.7044199 ],
      dtype=float32), 'ar': array([0.7023256 , 0.94290376, 0.14285715, 0.3880597 , 0.787037  ],
      dtype=float32), 'auc': array([0.9164044 , 0.983089  , 0.90463233, 0.86927795, 0.9238663 ],
      dtype=float32), 'accuracy': array([0.7023256 , 0.94290376, 0.14285715, 0.3880597 , 0.787037  ],
      dtype=float32), 'f1': {'micro': tensor(0.7846), 'macro': tensor(0.6004), 'none': tensor([0.6481, 0.9475, 0.1967, 0.4664, 0.7434])}}
Saving ./data/aug/0.01_0.001_1/checkpoint_40.pt
Training : Epoch [42/50], Loss: 0.3044
Testing : Epoch [42/50], Loss: 0.4613, results: {'mAP': 0.6434283, 'mAR': 0.59839475, 'mAUC': 0.9119814, 'm_Accuracy': 0.59839475, 'ap': array([0.61538464, 0.94975686, 0.4       , 0.5494506 , 0.7025496 ],
      dtype=float32), 'ar': array([0.7069768 , 0.9559543 , 0.1904762 , 0.37313432, 0.7654321 ],
      dtype=float32), 'auc': array([0.9138887 , 0.9842891 , 0.8739354 , 0.85897774, 0.9288156 ],
      dtype=float32), 'accuracy': array([0.7069768 , 0.9559543 , 0.1904762 , 0.37313432, 0.7654321 ],
      dtype=float32), 'f1': {'micro': tensor(0.7861), 'macro': tensor(0.6092), 'none': tensor([0.6580, 0.9528, 0.2581, 0.4444, 0.7326])}}
Training : Epoch [43/50], Loss: 0.2877
Testing : Epoch [43/50], Loss: 0.4508, results: {'mAP': 0.6262638, 'mAR': 0.5872296, 'mAUC': 0.90950614, 'm_Accuracy': 0.5872296, 'ap': array([0.6111111 , 0.9422151 , 0.3125    , 0.55      , 0.71549296],
      dtype=float32), 'ar': array([0.66511625, 0.95758563, 0.11904762, 0.41044775, 0.7839506 ],
      dtype=float32), 'auc': array([0.8994672 , 0.98362064, 0.8716396 , 0.8679717 , 0.9248315 ],
      dtype=float32), 'accuracy': array([0.66511625, 0.95758563, 0.11904762, 0.41044775, 0.7839506 ],
      dtype=float32), 'f1': {'micro': tensor(0.7861), 'macro': tensor(0.5955), 'none': tensor([0.6370, 0.9498, 0.1724, 0.4701, 0.7482])}}
Training : Epoch [44/50], Loss: 0.2980
Testing : Epoch [44/50], Loss: 0.4628, results: {'mAP': 0.6068875, 'mAR': 0.583097, 'mAUC': 0.9108348, 'm_Accuracy': 0.583097, 'ap': array([0.58867925, 0.9559543 , 0.21428572, 0.57281554, 0.7027027 ],
      dtype=float32), 'ar': array([0.7255814 , 0.9559543 , 0.07142857, 0.4402985 , 0.7222222 ],
      dtype=float32), 'auc': array([0.9133747 , 0.98615086, 0.8741576 , 0.8677342 , 0.9127564 ],
      dtype=float32), 'accuracy': array([0.7255814 , 0.9559543 , 0.07142857, 0.4402985 , 0.7222222 ],
      dtype=float32), 'f1': {'micro': tensor(0.7816), 'macro': tensor(0.5847), 'none': tensor([0.6500, 0.9560, 0.1071, 0.4979, 0.7123])}}
Training : Epoch [45/50], Loss: 0.2833
Testing : Epoch [45/50], Loss: 0.4446, results: {'mAP': 0.6336772, 'mAR': 0.5917086, 'mAUC': 0.91488713, 'm_Accuracy': 0.5917086, 'ap': array([0.60240966, 0.954023  , 0.3529412 , 0.55789477, 0.70111734],
      dtype=float32), 'ar': array([0.6976744 , 0.9477977 , 0.14285715, 0.3955224 , 0.77469134],
      dtype=float32), 'auc': array([0.9200025 , 0.9844009 , 0.8836555 , 0.86654043, 0.9198361 ],
      dtype=float32), 'accuracy': array([0.6976744 , 0.9477977 , 0.14285715, 0.3955224 , 0.77469134],
      dtype=float32), 'f1': {'micro': tensor(0.7839), 'macro': tensor(0.6000), 'none': tensor([0.6466, 0.9509, 0.2034, 0.4629, 0.7361])}}
