Train size = 5308, Test size = 1328
Classes : ['affected', 'destroyed', 'major', 'minor', 'no_damage']
Training : Epoch [1/50], Loss: 1.4286
Testing : Epoch [1/50], Loss: 1.7657, results: {'mAP': 0.09231928, 'mAR': 0.2, 'mAUC': 0.65867484, 'm_Accuracy': 0.2, 'ap': array([0.       , 0.4615964, 0.       , 0.       , 0.       ],
      dtype=float32), 'ar': array([0., 1., 0., 0., 0.], dtype=float32), 'auc': array([0.52942187, 0.824309  , 0.5982004 , 0.6119841 , 0.7294587 ],
      dtype=float32), 'accuracy': array([0., 1., 0., 0., 0.], dtype=float32), 'f1': {'micro': tensor(0.4616), 'macro': tensor(0.1263), 'none': tensor([0.0000, 0.6316, 0.0000, 0.0000, 0.0000])}}
Saving ./data/aug/0.05_0.0_10/checkpoint_0.pt
Training : Epoch [2/50], Loss: 1.2191
Testing : Epoch [2/50], Loss: 1.4595, results: {'mAP': 0.26163954, 'mAR': 0.36217046, 'mAUC': 0.77343, 'm_Accuracy': 0.36217046, 'ap': array([0.        , 0.88981634, 0.        , 0.        , 0.41838133],
      dtype=float32), 'ar': array([0.        , 0.8694943 , 0.        , 0.        , 0.94135803],
      dtype=float32), 'auc': array([0.7557199 , 0.9329584 , 0.65650225, 0.7014613 , 0.82050806],
      dtype=float32), 'accuracy': array([0.        , 0.8694943 , 0.        , 0.        , 0.94135803],
      dtype=float32), 'f1': {'micro': tensor(0.6310), 'macro': tensor(0.2918), 'none': tensor([0.0000, 0.8795, 0.0000, 0.0000, 0.5793])}}
Training : Epoch [3/50], Loss: 0.8833
Testing : Epoch [3/50], Loss: 1.0932, results: {'mAP': 0.42278355, 'mAR': 0.43538585, 'mAUC': 0.82262886, 'm_Accuracy': 0.43538585, 'ap': array([0.6944444 , 0.94699645, 0.        , 0.        , 0.47247708],
      dtype=float32), 'ar': array([0.3488372, 0.8743883, 0.       , 0.       , 0.9537037],
      dtype=float32), 'auc': array([0.8580455 , 0.9520346 , 0.70039994, 0.74138105, 0.86128324],
      dtype=float32), 'accuracy': array([0.3488372, 0.8743883, 0.       , 0.       , 0.9537037],
      dtype=float32), 'f1': {'micro': tensor(0.6928), 'macro': tensor(0.4011), 'none': tensor([0.4644, 0.9092, 0.0000, 0.0000, 0.6319])}}
Training : Epoch [4/50], Loss: 0.7978
Testing : Epoch [4/50], Loss: 0.9894, results: {'mAP': 0.41032925, 'mAR': 0.46725965, 'mAUC': 0.83278877, 'm_Accuracy': 0.46725965, 'ap': array([0.56796116, 0.94974005, 0.        , 0.        , 0.53394496],
      dtype=float32), 'ar': array([0.54418606, 0.8939641 , 0.        , 0.        , 0.8981481 ],
      dtype=float32), 'auc': array([0.8906496, 0.9673462, 0.6659631, 0.7651754, 0.8748094],
      dtype=float32), 'accuracy': array([0.54418606, 0.8939641 , 0.        , 0.        , 0.8981481 ],
      dtype=float32), 'f1': {'micro': tensor(0.7199), 'macro': tensor(0.4293), 'none': tensor([0.5558, 0.9210, 0.0000, 0.0000, 0.6697])}}
Training : Epoch [5/50], Loss: 0.7549
Testing : Epoch [5/50], Loss: 0.9347, results: {'mAP': 0.4324583, 'mAR': 0.4900094, 'mAUC': 0.8559327, 'm_Accuracy': 0.4900094, 'ap': array([0.65174127, 0.9554031 , 0.        , 0.        , 0.55514705],
      dtype=float32), 'ar': array([0.60930234, 0.908646  , 0.        , 0.        , 0.93209875],
      dtype=float32), 'auc': array([0.902685  , 0.97331935, 0.7501481 , 0.7587627 , 0.89474815],
      dtype=float32), 'accuracy': array([0.60930234, 0.908646  , 0.        , 0.        , 0.93209875],
      dtype=float32), 'f1': {'micro': tensor(0.7455), 'macro': tensor(0.4514), 'none': tensor([0.6298, 0.9314, 0.0000, 0.0000, 0.6959])}}
Training : Epoch [6/50], Loss: 0.7003
Testing : Epoch [6/50], Loss: 0.8710, results: {'mAP': 0.5025032, 'mAR': 0.50376284, 'mAUC': 0.86230314, 'm_Accuracy': 0.50376284, 'ap': array([0.63131315, 0.9362745 , 0.        , 0.3561644 , 0.5887641 ],
      dtype=float32), 'ar': array([0.5813953 , 0.93474716, 0.        , 0.19402985, 0.80864197],
      dtype=float32), 'auc': array([0.907006  , 0.9782384 , 0.7322262 , 0.79322606, 0.90081954],
      dtype=float32), 'accuracy': array([0.5813953 , 0.93474716, 0.        , 0.19402985, 0.80864197],
      dtype=float32), 'f1': {'micro': tensor(0.7425), 'macro': tensor(0.4947), 'none': tensor([0.6053, 0.9355, 0.0000, 0.2512, 0.6814])}}
Training : Epoch [7/50], Loss: 0.6592
Testing : Epoch [7/50], Loss: 0.8357, results: {'mAP': 0.507629, 'mAR': 0.5212936, 'mAUC': 0.8836833, 'm_Accuracy': 0.5212936, 'ap': array([0.56554306, 0.95238096, 0.        , 0.3974359 , 0.6227848 ],
      dtype=float32), 'ar': array([0.7023256 , 0.91353995, 0.        , 0.23134328, 0.7592593 ],
      dtype=float32), 'auc': array([0.9065338 , 0.9759409 , 0.816837  , 0.81013274, 0.90897214],
      dtype=float32), 'accuracy': array([0.7023256 , 0.91353995, 0.        , 0.23134328, 0.7592593 ],
      dtype=float32), 'f1': {'micro': tensor(0.7440), 'macro': tensor(0.5072), 'none': tensor([0.6266, 0.9326, 0.0000, 0.2925, 0.6843])}}
Training : Epoch [8/50], Loss: 0.6210
Testing : Epoch [8/50], Loss: 0.7905, results: {'mAP': 0.5298109, 'mAR': 0.53467053, 'mAUC': 0.87947214, 'm_Accuracy': 0.53467053, 'ap': array([0.6372093, 0.9464883, 0.       , 0.4516129, 0.6137441],
      dtype=float32), 'ar': array([0.6372093 , 0.9233279 , 0.        , 0.31343284, 0.7993827 ],
      dtype=float32), 'auc': array([0.9073445 , 0.9781494 , 0.79171294, 0.8122453 , 0.9079085 ],
      dtype=float32), 'accuracy': array([0.6372093 , 0.9233279 , 0.        , 0.31343284, 0.7993827 ],
      dtype=float32), 'f1': {'micro': tensor(0.7560), 'macro': tensor(0.5273), 'none': tensor([0.6372, 0.9348, 0.0000, 0.3700, 0.6944])}}
Training : Epoch [9/50], Loss: 0.6066
Testing : Epoch [9/50], Loss: 0.7909, results: {'mAP': 0.5251859, 'mAR': 0.49464798, 'mAUC': 0.880689, 'm_Accuracy': 0.49464798, 'ap': array([0.4716981 , 0.8911043 , 0.        , 0.58064514, 0.68248177],
      dtype=float32), 'ar': array([0.81395346, 0.9477977 , 0.        , 0.13432837, 0.5771605 ],
      dtype=float32), 'auc': array([0.9110554 , 0.9792012 , 0.8192254 , 0.78721344, 0.90674955],
      dtype=float32), 'accuracy': array([0.81395346, 0.9477977 , 0.        , 0.13432837, 0.5771605 ],
      dtype=float32), 'f1': {'micro': tensor(0.7236), 'macro': tensor(0.4719), 'none': tensor([0.5973, 0.9186, 0.0000, 0.2182, 0.6254])}}
Training : Epoch [10/50], Loss: 0.5666
Testing : Epoch [10/50], Loss: 0.7393, results: {'mAP': 0.5416298, 'mAR': 0.5215074, 'mAUC': 0.8885292, 'm_Accuracy': 0.5215074, 'ap': array([0.51367784, 0.87946427, 0.        , 0.57894737, 0.7360595 ],
      dtype=float32), 'ar': array([0.7860465 , 0.9641109 , 0.        , 0.24626866, 0.6111111 ],
      dtype=float32), 'auc': array([0.90489143, 0.9817315 , 0.84788567, 0.80568266, 0.902455  ],
      dtype=float32), 'accuracy': array([0.7860465 , 0.9641109 , 0.        , 0.24626866, 0.6111111 ],
      dtype=float32), 'f1': {'micro': tensor(0.7462), 'macro': tensor(0.5109), 'none': tensor([0.6213, 0.9198, 0.0000, 0.3455, 0.6678])}}
Training : Epoch [11/50], Loss: 0.5419
Testing : Epoch [11/50], Loss: 0.6964, results: {'mAP': 0.6289488, 'mAR': 0.5621285, 'mAUC': 0.8898209, 'm_Accuracy': 0.5621285, 'ap': array([0.6418605 , 0.9297125 , 0.33333334, 0.5731707 , 0.6666667 ],
      dtype=float32), 'ar': array([0.6418605 , 0.94942904, 0.04761905, 0.35074627, 0.82098764],
      dtype=float32), 'auc': array([0.9161119, 0.9855577, 0.7740317, 0.8452024, 0.9282008],
      dtype=float32), 'accuracy': array([0.6418605 , 0.94942904, 0.04761905, 0.35074627, 0.82098764],
      dtype=float32), 'f1': {'micro': tensor(0.7794), 'macro': tensor(0.5671), 'none': tensor([0.6419, 0.9395, 0.0833, 0.4352, 0.7358])}}
Saving ./data/aug/0.05_0.0_10/checkpoint_10.pt
Training : Epoch [12/50], Loss: 0.4976
Testing : Epoch [12/50], Loss: 0.6502, results: {'mAP': 0.5768158, 'mAR': 0.5739846, 'mAUC': 0.90508157, 'm_Accuracy': 0.5739846, 'ap': array([0.6441441 , 0.95551896, 0.15      , 0.41843972, 0.71597636],
      dtype=float32), 'ar': array([0.66511625, 0.9461664 , 0.07142857, 0.4402985 , 0.74691355],
      dtype=float32), 'auc': array([0.9163042 , 0.98584056, 0.85716134, 0.838196  , 0.9279057 ],
      dtype=float32), 'accuracy': array([0.66511625, 0.9461664 , 0.07142857, 0.4402985 , 0.74691355],
      dtype=float32), 'f1': {'micro': tensor(0.7733), 'macro': tensor(0.5725), 'none': tensor([0.6545, 0.9508, 0.0968, 0.4291, 0.7311])}}
Training : Epoch [13/50], Loss: 0.4542
Testing : Epoch [13/50], Loss: 0.6210, results: {'mAP': 0.6346254, 'mAR': 0.5610665, 'mAUC': 0.89757985, 'm_Accuracy': 0.5610665, 'ap': array([0.5874126, 0.9326923, 0.2857143, 0.675    , 0.6923077],
      dtype=float32), 'ar': array([0.7813954 , 0.94942904, 0.0952381 , 0.20149253, 0.7777778 ],
      dtype=float32), 'auc': array([0.926296  , 0.9847226 , 0.8217433 , 0.85129005, 0.9038476 ],
      dtype=float32), 'accuracy': array([0.7813954 , 0.94942904, 0.0952381 , 0.20149253, 0.7777778 ],
      dtype=float32), 'f1': {'micro': tensor(0.7779), 'macro': tensor(0.5595), 'none': tensor([0.6707, 0.9410, 0.1429, 0.3103, 0.7326])}}
Training : Epoch [14/50], Loss: 0.4248
Testing : Epoch [14/50], Loss: 0.5854, results: {'mAP': 0.5953431, 'mAR': 0.57017994, 'mAUC': 0.90167505, 'm_Accuracy': 0.57017994, 'ap': array([0.57761735, 0.93086815, 0.27272728, 0.45901638, 0.7364865 ],
      dtype=float32), 'ar': array([0.74418604, 0.9445351 , 0.07142857, 0.41791046, 0.6728395 ],
      dtype=float32), 'auc': array([0.9173656 , 0.98386246, 0.83233356, 0.8645966 , 0.91021717],
      dtype=float32), 'accuracy': array([0.74418604, 0.9445351 , 0.07142857, 0.41791046, 0.6728395 ],
      dtype=float32), 'f1': {'micro': tensor(0.7651), 'macro': tensor(0.5684), 'none': tensor([0.6504, 0.9377, 0.1132, 0.4375, 0.7032])}}
Training : Epoch [15/50], Loss: 0.3947
Testing : Epoch [15/50], Loss: 0.5664, results: {'mAP': 0.6149398, 'mAR': 0.57024443, 'mAUC': 0.9044132, 'm_Accuracy': 0.57024443, 'ap': array([0.6106557 , 0.9110764 , 0.16216215, 0.67241377, 0.7183908 ],
      dtype=float32), 'ar': array([0.69302326, 0.9526917 , 0.14285715, 0.29104477, 0.77160496],
      dtype=float32), 'auc': array([0.9116613 , 0.9813687 , 0.8664926 , 0.84811497, 0.9144287 ],
      dtype=float32), 'accuracy': array([0.69302326, 0.9526917 , 0.14285715, 0.29104477, 0.77160496],
      dtype=float32), 'f1': {'micro': tensor(0.7741), 'macro': tensor(0.5766), 'none': tensor([0.6492, 0.9314, 0.1519, 0.4062, 0.7440])}}
Training : Epoch [16/50], Loss: 0.3795
Testing : Epoch [16/50], Loss: 0.5723, results: {'mAP': 0.613548, 'mAR': 0.5680355, 'mAUC': 0.9087682, 'm_Accuracy': 0.5680355, 'ap': array([0.5226586, 0.966899 , 0.375    , 0.5205479, 0.6826347],
      dtype=float32), 'ar': array([0.80465114, 0.90538335, 0.14285715, 0.2835821 , 0.7037037 ],
      dtype=float32), 'auc': array([0.91298604, 0.974038  , 0.89456046, 0.8533026 , 0.90895367],
      dtype=float32), 'accuracy': array([0.80465114, 0.90538335, 0.14285715, 0.2835821 , 0.7037037 ],
      dtype=float32), 'f1': {'micro': tensor(0.7530), 'macro': tensor(0.5672), 'none': tensor([0.6337, 0.9351, 0.2069, 0.3671, 0.6930])}}
Training : Epoch [17/50], Loss: 0.3334
Testing : Epoch [17/50], Loss: 0.5002, results: {'mAP': 0.62291014, 'mAR': 0.61267847, 'mAUC': 0.9072138, 'm_Accuracy': 0.61267847, 'ap': array([0.6782178 , 0.95522386, 0.30769232, 0.44311377, 0.73030305],
      dtype=float32), 'ar': array([0.6372093 , 0.9396411 , 0.1904762 , 0.5522388 , 0.74382716],
      dtype=float32), 'auc': array([0.9177208 , 0.98395604, 0.8557728 , 0.8643841 , 0.91423506],
      dtype=float32), 'accuracy': array([0.6372093 , 0.9396411 , 0.1904762 , 0.5522388 , 0.74382716],
      dtype=float32), 'f1': {'micro': tensor(0.7801), 'macro': tensor(0.6137), 'none': tensor([0.6571, 0.9474, 0.2353, 0.4917, 0.7370])}}
Training : Epoch [18/50], Loss: 0.2973
Testing : Epoch [18/50], Loss: 0.4630, results: {'mAP': 0.6330121, 'mAR': 0.6027701, 'mAUC': 0.9105376, 'm_Accuracy': 0.6027701, 'ap': array([0.75132275, 0.96649915, 0.2857143 , 0.48739496, 0.67412937],
      dtype=float32), 'ar': array([0.6604651 , 0.94127244, 0.14285715, 0.43283582, 0.83641976],
      dtype=float32), 'auc': array([0.91864854, 0.9852998 , 0.859309  , 0.85419637, 0.93523437],
      dtype=float32), 'accuracy': array([0.6604651 , 0.94127244, 0.14285715, 0.43283582, 0.83641976],
      dtype=float32), 'f1': {'micro': tensor(0.7937), 'macro': tensor(0.6104), 'none': tensor([0.7030, 0.9537, 0.1905, 0.4585, 0.7466])}}
Training : Epoch [19/50], Loss: 0.2684
Testing : Epoch [19/50], Loss: 0.4579, results: {'mAP': 0.6379596, 'mAR': 0.6147987, 'mAUC': 0.9089557, 'm_Accuracy': 0.6147987, 'ap': array([0.60465115, 0.9625213 , 0.26      , 0.6615385 , 0.70108694],
      dtype=float32), 'ar': array([0.7255814 , 0.9216966 , 0.30952382, 0.32089552, 0.7962963 ],
      dtype=float32), 'auc': array([0.9197601 , 0.97856694, 0.8771939 , 0.86507785, 0.9041796 ],
      dtype=float32), 'accuracy': array([0.7255814 , 0.9216966 , 0.30952382, 0.32089552, 0.7962963 ],
      dtype=float32), 'f1': {'micro': tensor(0.7794), 'macro': tensor(0.6123), 'none': tensor([0.6596, 0.9417, 0.2826, 0.4322, 0.7457])}}
Training : Epoch [20/50], Loss: 0.2358
Testing : Epoch [20/50], Loss: 0.4169, results: {'mAP': 0.64374435, 'mAR': 0.6305605, 'mAUC': 0.9099213, 'm_Accuracy': 0.6305605, 'ap': array([0.5847751 , 0.9710392 , 0.36363637, 0.5445545 , 0.754717  ],
      dtype=float32), 'ar': array([0.7860465 , 0.9298532 , 0.2857143 , 0.41044775, 0.7407407 ],
      dtype=float32), 'auc': array([0.9224472, 0.9845743, 0.8493668, 0.8715343, 0.9216836],
      dtype=float32), 'accuracy': array([0.7860465 , 0.9298532 , 0.2857143 , 0.41044775, 0.7407407 ],
      dtype=float32), 'f1': {'micro': tensor(0.7877), 'macro': tensor(0.6313), 'none': tensor([0.6706, 0.9500, 0.3200, 0.4681, 0.7477])}}
Training : Epoch [21/50], Loss: 0.2169
Testing : Epoch [21/50], Loss: 0.3994, results: {'mAP': 0.62332964, 'mAR': 0.5988873, 'mAUC': 0.9070678, 'm_Accuracy': 0.5988873, 'ap': array([0.70621467, 0.9198113 , 0.2857143 , 0.46969697, 0.73521125],
      dtype=float32), 'ar': array([0.5813953 , 0.954323  , 0.1904762 , 0.46268657, 0.8055556 ],
      dtype=float32), 'auc': array([0.91186196, 0.98190486, 0.86756647, 0.85327756, 0.9207276 ],
      dtype=float32), 'accuracy': array([0.5813953 , 0.954323  , 0.1904762 , 0.46268657, 0.8055556 ],
      dtype=float32), 'f1': {'micro': tensor(0.7839), 'macro': tensor(0.6076), 'none': tensor([0.6378, 0.9367, 0.2286, 0.4662, 0.7688])}}
Saving ./data/aug/0.05_0.0_10/checkpoint_20.pt
Training : Epoch [22/50], Loss: 0.1838
Testing : Epoch [22/50], Loss: 0.3857, results: {'mAP': 0.59265685, 'mAR': 0.5987824, 'mAUC': 0.88906974, 'm_Accuracy': 0.5987824, 'ap': array([0.61504424, 0.94471544, 0.19607843, 0.4532374 , 0.75420874],
      dtype=float32), 'ar': array([0.6465116 , 0.9477977 , 0.23809524, 0.47014925, 0.69135803],
      dtype=float32), 'auc': array([0.89794606, 0.9821376 , 0.81896615, 0.83765846, 0.90864015],
      dtype=float32), 'accuracy': array([0.6465116 , 0.9477977 , 0.23809524, 0.47014925, 0.69135803],
      dtype=float32), 'f1': {'micro': tensor(0.7658), 'macro': tensor(0.5949), 'none': tensor([0.6304, 0.9463, 0.2151, 0.4615, 0.7214])}}
Training : Epoch [23/50], Loss: 0.1549
Testing : Epoch [23/50], Loss: 0.3640, results: {'mAP': 0.65945596, 'mAR': 0.58115876, 'mAUC': 0.8968585, 'm_Accuracy': 0.58115876, 'ap': array([0.610687  , 0.96801347, 0.5       , 0.5       , 0.71857923],
      dtype=float32), 'ar': array([0.74418604, 0.9380098 , 0.02380952, 0.3880597 , 0.8117284 ],
      dtype=float32), 'auc': array([0.91868615, 0.9855714 , 0.8048952 , 0.84350234, 0.93163764],
      dtype=float32), 'accuracy': array([0.74418604, 0.9380098 , 0.02380952, 0.3880597 , 0.8117284 ],
      dtype=float32), 'f1': {'micro': tensor(0.7914), 'macro': tensor(0.5737), 'none': tensor([0.6709, 0.9528, 0.0455, 0.4370, 0.7623])}}
Training : Epoch [24/50], Loss: 0.1328
Testing : Epoch [24/50], Loss: 0.3446, results: {'mAP': 0.6139376, 'mAR': 0.62355125, 'mAUC': 0.9043028, 'm_Accuracy': 0.62355125, 'ap': array([0.69849247, 0.9614094 , 0.24      , 0.44585988, 0.72392637],
      dtype=float32), 'ar': array([0.6465116 , 0.93474716, 0.2857143 , 0.52238804, 0.72839504],
      dtype=float32), 'auc': array([0.9211099, 0.9830913, 0.8865252, 0.8181267, 0.9126611],
      dtype=float32), 'accuracy': array([0.6465116 , 0.93474716, 0.2857143 , 0.52238804, 0.72839504],
      dtype=float32), 'f1': {'micro': tensor(0.7756), 'macro': tensor(0.6175), 'none': tensor([0.6715, 0.9479, 0.2609, 0.4811, 0.7262])}}
Training : Epoch [25/50], Loss: 0.1233
Testing : Epoch [25/50], Loss: 0.3255, results: {'mAP': 0.6182608, 'mAR': 0.5923392, 'mAUC': 0.8959734, 'm_Accuracy': 0.5923392, 'ap': array([0.61924684, 0.96153843, 0.26923078, 0.54022986, 0.7010582 ],
      dtype=float32), 'ar': array([0.6883721 , 0.9380098 , 0.16666667, 0.35074627, 0.81790125],
      dtype=float32), 'auc': array([0.9196682 , 0.98600715, 0.8330556 , 0.81290156, 0.9282346 ],
      dtype=float32), 'accuracy': array([0.6883721 , 0.9380098 , 0.16666667, 0.35074627, 0.81790125],
      dtype=float32), 'f1': {'micro': tensor(0.7846), 'macro': tensor(0.5976), 'none': tensor([0.6520, 0.9496, 0.2059, 0.4253, 0.7550])}}
Training : Epoch [26/50], Loss: 0.1068
Testing : Epoch [26/50], Loss: 0.3236, results: {'mAP': 0.65939635, 'mAR': 0.62585616, 'mAUC': 0.910481, 'm_Accuracy': 0.62585616, 'ap': array([0.8013245 , 0.91757387, 0.35714287, 0.5188679 , 0.70207256],
      dtype=float32), 'ar': array([0.5627907 , 0.9624796 , 0.35714287, 0.41044775, 0.83641976],
      dtype=float32), 'auc': array([0.9101987 , 0.9845059 , 0.87165815, 0.8531963 , 0.9328458 ],
      dtype=float32), 'accuracy': array([0.5627907 , 0.9624796 , 0.35714287, 0.41044775, 0.83641976],
      dtype=float32), 'f1': {'micro': tensor(0.7922), 'macro': tensor(0.6359), 'none': tensor([0.6612, 0.9395, 0.3571, 0.4583, 0.7634])}}
Training : Epoch [27/50], Loss: 0.0988
Testing : Epoch [27/50], Loss: 0.3137, results: {'mAP': 0.6179231, 'mAR': 0.6102216, 'mAUC': 0.89253265, 'm_Accuracy': 0.6102216, 'ap': array([0.6780488 , 0.9601329 , 0.24444444, 0.5       , 0.7069892 ],
      dtype=float32), 'ar': array([0.6465116 , 0.94290376, 0.26190478, 0.3880597 , 0.8117284 ],
      dtype=float32), 'auc': array([0.9131198 , 0.9855052 , 0.81098646, 0.8249706 , 0.92808086],
      dtype=float32), 'accuracy': array([0.6465116 , 0.94290376, 0.26190478, 0.3880597 , 0.8117284 ],
      dtype=float32), 'f1': {'micro': tensor(0.7854), 'macro': tensor(0.6118), 'none': tensor([0.6619, 0.9514, 0.2529, 0.4370, 0.7557])}}
Training : Epoch [28/50], Loss: 0.0786
Testing : Epoch [28/50], Loss: 0.3124, results: {'mAP': 0.63602066, 'mAR': 0.6051588, 'mAUC': 0.9014295, 'm_Accuracy': 0.6051588, 'ap': array([0.625    , 0.9433657, 0.45     , 0.3968254, 0.7649123],
      dtype=float32), 'ar': array([0.627907  , 0.95106035, 0.21428572, 0.5597015 , 0.6728395 ],
      dtype=float32), 'auc': array([0.9057022 , 0.98469526, 0.8535511 , 0.8490837 , 0.91411513],
      dtype=float32), 'accuracy': array([0.627907  , 0.95106035, 0.21428572, 0.5597015 , 0.6728395 ],
      dtype=float32), 'f1': {'micro': tensor(0.7681), 'macro': tensor(0.6089), 'none': tensor([0.6265, 0.9472, 0.2903, 0.4644, 0.7159])}}
Training : Epoch [29/50], Loss: 0.0729
Testing : Epoch [29/50], Loss: 0.3000, results: {'mAP': 0.625969, 'mAR': 0.61874974, 'mAUC': 0.91061103, 'm_Accuracy': 0.61874974, 'ap': array([0.66831684, 0.94634145, 0.30769232, 0.49612403, 0.7113703 ],
      dtype=float32), 'ar': array([0.627907  , 0.94942904, 0.2857143 , 0.47761193, 0.75308645],
      dtype=float32), 'auc': array([0.9144487 , 0.98359096, 0.87617564, 0.850415  , 0.9284252 ],
      dtype=float32), 'accuracy': array([0.627907  , 0.94942904, 0.2857143 , 0.47761193, 0.75308645],
      dtype=float32), 'f1': {'micro': tensor(0.7809), 'macro': tensor(0.6220), 'none': tensor([0.6475, 0.9479, 0.2963, 0.4867, 0.7316])}}
Training : Epoch [30/50], Loss: 0.0478
Testing : Epoch [30/50], Loss: 0.2771, results: {'mAP': 0.6276848, 'mAR': 0.61609703, 'mAUC': 0.9051468, 'm_Accuracy': 0.61609703, 'ap': array([0.6435185 , 0.9467742 , 0.30555555, 0.5126051 , 0.72997034],
      dtype=float32), 'ar': array([0.6465116 , 0.95758563, 0.26190478, 0.4552239 , 0.7592593 ],
      dtype=float32), 'auc': array([0.9161495 , 0.98512876, 0.8501444 , 0.8541276 , 0.9201835 ],
      dtype=float32), 'accuracy': array([0.6465116 , 0.95758563, 0.26190478, 0.4552239 , 0.7592593 ],
      dtype=float32), 'f1': {'micro': tensor(0.7861), 'macro': tensor(0.6212), 'none': tensor([0.6450, 0.9521, 0.2821, 0.4822, 0.7443])}}
Training : Epoch [31/50], Loss: 0.0513
Testing : Epoch [31/50], Loss: 0.2938, results: {'mAP': 0.6305032, 'mAR': 0.62421757, 'mAUC': 0.9103197, 'm_Accuracy': 0.62421757, 'ap': array([0.6255708 , 0.9535655 , 0.32142857, 0.51282054, 0.73913044],
      dtype=float32), 'ar': array([0.6372093 , 0.9380098 , 0.21428572, 0.5970149 , 0.7345679 ],
      dtype=float32), 'auc': array([0.9181094 , 0.98291564, 0.8704362 , 0.860309  , 0.9198284 ],
      dtype=float32), 'accuracy': array([0.6372093 , 0.9380098 , 0.21428572, 0.5970149 , 0.7345679 ],
      dtype=float32), 'f1': {'micro': tensor(0.7824), 'macro': tensor(0.6246), 'none': tensor([0.6313, 0.9457, 0.2571, 0.5517, 0.7368])}}
Saving ./data/aug/0.05_0.0_10/checkpoint_30.pt
Training : Epoch [32/50], Loss: 0.0427
Testing : Epoch [32/50], Loss: 0.2933, results: {'mAP': 0.637221, 'mAR': 0.6097914, 'mAUC': 0.8979386, 'm_Accuracy': 0.6097914, 'ap': array([0.57342654, 0.9586777 , 0.3       , 0.6117647 , 0.742236  ],
      dtype=float32), 'ar': array([0.7627907 , 0.9461664 , 0.21428572, 0.3880597 , 0.7376543 ],
      dtype=float32), 'auc': array([0.91765815, 0.9848367 , 0.839943  , 0.82920825, 0.91804695],
      dtype=float32), 'accuracy': array([0.7627907 , 0.9461664 , 0.21428572, 0.3880597 , 0.7376543 ],
      dtype=float32), 'f1': {'micro': tensor(0.7861), 'macro': tensor(0.6144), 'none': tensor([0.6547, 0.9524, 0.2500, 0.4749, 0.7399])}}
Training : Epoch [33/50], Loss: 0.0317
Testing : Epoch [33/50], Loss: 0.2647, results: {'mAP': 0.676406, 'mAR': 0.62441915, 'mAUC': 0.9039669, 'm_Accuracy': 0.62441915, 'ap': array([0.62666667, 0.9557377 , 0.52380955, 0.5607477 , 0.7150685 ],
      dtype=float32), 'ar': array([0.65581393, 0.95106035, 0.26190478, 0.4477612 , 0.8055556 ],
      dtype=float32), 'auc': array([0.926622  , 0.9835339 , 0.8268348 , 0.85274005, 0.93010366],
      dtype=float32), 'accuracy': array([0.65581393, 0.95106035, 0.26190478, 0.4477612 , 0.8055556 ],
      dtype=float32), 'f1': {'micro': tensor(0.7952), 'macro': tensor(0.6398), 'none': tensor([0.6409, 0.9534, 0.3492, 0.4979, 0.7576])}}
Training : Epoch [34/50], Loss: 0.0331
Testing : Epoch [34/50], Loss: 0.2811, results: {'mAP': 0.6451788, 'mAR': 0.627335, 'mAUC': 0.9081955, 'm_Accuracy': 0.627335, 'ap': array([0.6363636 , 0.95364237, 0.3043478 , 0.6219512 , 0.70958906],
      dtype=float32), 'ar': array([0.68372095, 0.9396411 , 0.33333334, 0.38059703, 0.7993827 ],
      dtype=float32), 'auc': array([0.925222  , 0.98443514, 0.87271345, 0.8370647 , 0.9215422 ],
      dtype=float32), 'accuracy': array([0.68372095, 0.9396411 , 0.33333334, 0.38059703, 0.7993827 ],
      dtype=float32), 'f1': {'micro': tensor(0.7884), 'macro': tensor(0.6296), 'none': tensor([0.6592, 0.9466, 0.3182, 0.4722, 0.7518])}}
Training : Epoch [35/50], Loss: 0.0284
Testing : Epoch [35/50], Loss: 0.2810, results: {'mAP': 0.6631866, 'mAR': 0.63738525, 'mAUC': 0.9067609, 'm_Accuracy': 0.63738525, 'ap': array([0.6754386 , 0.9813875 , 0.44      , 0.4878049 , 0.73130196],
      dtype=float32), 'ar': array([0.7162791 , 0.9461664 , 0.26190478, 0.4477612 , 0.8148148 ],
      dtype=float32), 'auc': array([0.92535573, 0.98389214, 0.84734875, 0.85305256, 0.92415524],
      dtype=float32), 'accuracy': array([0.7162791 , 0.9461664 , 0.26190478, 0.4477612 , 0.8148148 ],
      dtype=float32), 'f1': {'micro': tensor(0.8050), 'macro': tensor(0.6450), 'none': tensor([0.6953, 0.9635, 0.3284, 0.4669, 0.7708])}}
Training : Epoch [36/50], Loss: 0.0264
Testing : Epoch [36/50], Loss: 0.2767, results: {'mAP': 0.65619963, 'mAR': 0.64397097, 'mAUC': 0.9000866, 'm_Accuracy': 0.64397097, 'ap': array([0.65065503, 0.98122865, 0.33333334, 0.5980392 , 0.7177419 ],
      dtype=float32), 'ar': array([0.69302326, 0.9380098 , 0.30952382, 0.4552239 , 0.8240741 ],
      dtype=float32), 'auc': array([0.923517  , 0.9821034 , 0.8285381 , 0.8393585 , 0.92691576],
      dtype=float32), 'accuracy': array([0.69302326, 0.9380098 , 0.30952382, 0.4552239 , 0.8240741 ],
      dtype=float32), 'f1': {'micro': tensor(0.8020), 'macro': tensor(0.6471), 'none': tensor([0.6712, 0.9591, 0.3210, 0.5169, 0.7672])}}
Training : Epoch [37/50], Loss: 0.0187
Testing : Epoch [37/50], Loss: 0.2703, results: {'mAP': 0.64959157, 'mAR': 0.6431676, 'mAUC': 0.9032008, 'm_Accuracy': 0.6431676, 'ap': array([0.69154227, 0.96672213, 0.37142858, 0.4864865 , 0.73177844],
      dtype=float32), 'ar': array([0.6465116 , 0.9477977 , 0.30952382, 0.53731346, 0.77469134],
      dtype=float32), 'auc': array([0.9199315 , 0.98527473, 0.8271865 , 0.8553214 , 0.92828995],
      dtype=float32), 'accuracy': array([0.6465116 , 0.9477977 , 0.30952382, 0.53731346, 0.77469134],
      dtype=float32), 'f1': {'micro': tensor(0.7952), 'macro': tensor(0.6453), 'none': tensor([0.6683, 0.9572, 0.3377, 0.5106, 0.7526])}}
Training : Epoch [38/50], Loss: 0.0228
Testing : Epoch [38/50], Loss: 0.2567, results: {'mAP': 0.6844441, 'mAR': 0.6551212, 'mAUC': 0.91288346, 'm_Accuracy': 0.6551212, 'ap': array([0.6858407 , 0.9557377 , 0.41379312, 0.6203704 , 0.74647886],
      dtype=float32), 'ar': array([0.7209302 , 0.95106035, 0.2857143 , 0.5       , 0.81790125],
      dtype=float32), 'auc': array([0.9253223 , 0.98631746, 0.86777014, 0.86422163, 0.92078596],
      dtype=float32), 'accuracy': array([0.7209302 , 0.95106035, 0.2857143 , 0.5       , 0.81790125],
      dtype=float32), 'f1': {'micro': tensor(0.8148), 'macro': tensor(0.6657), 'none': tensor([0.7029, 0.9534, 0.3380, 0.5537, 0.7806])}}
Training : Epoch [39/50], Loss: 0.0180
Testing : Epoch [39/50], Loss: 0.2779, results: {'mAP': 0.6414548, 'mAR': 0.6299273, 'mAUC': 0.9091009, 'm_Accuracy': 0.6299273, 'ap': array([0.6       , 0.9713805 , 0.3939394 , 0.5086207 , 0.73333335],
      dtype=float32), 'ar': array([0.7116279 , 0.94127244, 0.30952382, 0.4402985 , 0.74691355],
      dtype=float32), 'auc': array([0.920784  , 0.98373014, 0.85929054, 0.86064655, 0.92105347],
      dtype=float32), 'accuracy': array([0.7116279 , 0.94127244, 0.30952382, 0.4402985 , 0.74691355],
      dtype=float32), 'f1': {'micro': tensor(0.7861), 'macro': tensor(0.6332), 'none': tensor([0.6511, 0.9561, 0.3467, 0.4720, 0.7401])}}
Training : Epoch [40/50], Loss: 0.0225
Testing : Epoch [40/50], Loss: 0.2718, results: {'mAP': 0.6549053, 'mAR': 0.633693, 'mAUC': 0.9111468, 'm_Accuracy': 0.633693, 'ap': array([0.6425532 , 0.96345514, 0.33333334, 0.5943396 , 0.7408451 ],
      dtype=float32), 'ar': array([0.7023256 , 0.9461664 , 0.23809524, 0.47014925, 0.8117284 ],
      dtype=float32), 'auc': array([0.92223406, 0.98491883, 0.8614752 , 0.8635841 , 0.92352194],
      dtype=float32), 'accuracy': array([0.7023256 , 0.9461664 , 0.23809524, 0.47014925, 0.8117284 ],
      dtype=float32), 'f1': {'micro': tensor(0.8035), 'macro': tensor(0.6407), 'none': tensor([0.6711, 0.9547, 0.2778, 0.5250, 0.7747])}}
Training : Epoch [41/50], Loss: 0.0195
Testing : Epoch [41/50], Loss: 0.2784, results: {'mAP': 0.66816396, 'mAR': 0.6280344, 'mAUC': 0.90944356, 'm_Accuracy': 0.6280344, 'ap': array([0.6531532 , 0.96488297, 0.45833334, 0.5660377 , 0.6984127 ],
      dtype=float32), 'ar': array([0.6744186 , 0.94127244, 0.26190478, 0.4477612 , 0.8148148 ],
      dtype=float32), 'auc': array([0.92075056, 0.9829088 , 0.85318077, 0.8658841 , 0.9244934 ],
      dtype=float32), 'accuracy': array([0.6744186 , 0.94127244, 0.26190478, 0.4477612 , 0.8148148 ],
      dtype=float32), 'f1': {'micro': tensor(0.7959), 'macro': tensor(0.6404), 'none': tensor([0.6636, 0.9529, 0.3333, 0.5000, 0.7521])}}
Saving ./data/aug/0.05_0.0_10/checkpoint_40.pt
Training : Epoch [42/50], Loss: 0.0165
Testing : Epoch [42/50], Loss: 0.2712, results: {'mAP': 0.6426074, 'mAR': 0.6311576, 'mAUC': 0.90942127, 'm_Accuracy': 0.6311576, 'ap': array([0.6163265 , 0.95730704, 0.30952382, 0.61      , 0.7198795 ],
      dtype=float32), 'ar': array([0.7023256 , 0.95106035, 0.30952382, 0.4552239 , 0.7376543 ],
      dtype=float32), 'auc': array([0.92497545, 0.9858725 , 0.8678997 , 0.8567027 , 0.91165584],
      dtype=float32), 'accuracy': array([0.7023256 , 0.95106035, 0.30952382, 0.4552239 , 0.7376543 ],
      dtype=float32), 'f1': {'micro': tensor(0.7884), 'macro': tensor(0.6340), 'none': tensor([0.6565, 0.9542, 0.3095, 0.5214, 0.7287])}}
Training : Epoch [43/50], Loss: 0.0153
Testing : Epoch [43/50], Loss: 0.2717, results: {'mAP': 0.6603573, 'mAR': 0.6258615, 'mAUC': 0.90282404, 'm_Accuracy': 0.6258615, 'ap': array([0.6527197 , 0.9682805 , 0.375     , 0.58762884, 0.7181572 ],
      dtype=float32), 'ar': array([0.7255814 , 0.9461664 , 0.21428572, 0.42537314, 0.81790125],
      dtype=float32), 'auc': array([0.92357135, 0.9851607 , 0.8263349 , 0.85425884, 0.9247947 ],
      dtype=float32), 'accuracy': array([0.7255814 , 0.9461664 , 0.21428572, 0.42537314, 0.81790125],
      dtype=float32), 'f1': {'micro': tensor(0.8035), 'macro': tensor(0.6351), 'none': tensor([0.6872, 0.9571, 0.2727, 0.4935, 0.7648])}}
Training : Epoch [44/50], Loss: 0.0165
Testing : Epoch [44/50], Loss: 0.2684, results: {'mAP': 0.632625, 'mAR': 0.62091684, 'mAUC': 0.9089138, 'm_Accuracy': 0.62091684, 'ap': array([0.6609442, 0.9679595, 0.275    , 0.5625   , 0.6967213],
      dtype=float32), 'ar': array([0.7162791 , 0.9363785 , 0.26190478, 0.40298507, 0.787037  ],
      dtype=float32), 'auc': array([0.9281431 , 0.98528844, 0.8631045 , 0.84259605, 0.92543715],
      dtype=float32), 'accuracy': array([0.7162791 , 0.9363785 , 0.26190478, 0.40298507, 0.787037  ],
      dtype=float32), 'f1': {'micro': tensor(0.7892), 'macro': tensor(0.6233), 'none': tensor([0.6875, 0.9519, 0.2683, 0.4696, 0.7391])}}
Training : Epoch [45/50], Loss: 0.0134
Testing : Epoch [45/50], Loss: 0.2646, results: {'mAP': 0.64916056, 'mAR': 0.6272158, 'mAUC': 0.8985995, 'm_Accuracy': 0.6272158, 'ap': array([0.6681416 , 0.96198344, 0.34615386, 0.5258621 , 0.743662  ],
      dtype=float32), 'ar': array([0.7023256 , 0.94942904, 0.21428572, 0.4552239 , 0.8148148 ],
      dtype=float32), 'auc': array([0.920341  , 0.98535687, 0.7948049 , 0.8609528 , 0.93154234],
      dtype=float32), 'accuracy': array([0.7023256 , 0.94942904, 0.21428572, 0.4552239 , 0.8148148 ],
      dtype=float32), 'f1': {'micro': tensor(0.8035), 'macro': tensor(0.6342), 'none': tensor([0.6848, 0.9557, 0.2647, 0.4880, 0.7776])}}
