Train size = 5308, Test size = 1328
Classes : ['affected', 'destroyed', 'major', 'minor', 'no_damage']
Training : Epoch [1/50], Loss: 1.3895
Testing : Epoch [1/50], Loss: 1.7197, results: {'mAP': 0.09231928, 'mAR': 0.2, 'mAUC': 0.64178413, 'm_Accuracy': 0.2, 'ap': array([0.       , 0.4615964, 0.       , 0.       , 0.       ],
      dtype=float32), 'ar': array([0., 1., 0., 0., 0.], dtype=float32), 'auc': array([0.5956915 , 0.89847475, 0.6256758 , 0.6023682 , 0.48671058],
      dtype=float32), 'accuracy': array([0., 1., 0., 0., 0.], dtype=float32), 'f1': {'micro': tensor(0.4616), 'macro': tensor(0.1263), 'none': tensor([0.0000, 0.6316, 0.0000, 0.0000, 0.0000])}}
Saving ./data/aug/0.05_0.0_1/checkpoint_0.pt
Training : Epoch [2/50], Loss: 1.0514
Testing : Epoch [2/50], Loss: 1.2744, results: {'mAP': 0.4397931, 'mAR': 0.40250143, 'mAUC': 0.814264, 'm_Accuracy': 0.40250143, 'ap': array([0.85106385, 0.89614743, 0.        , 0.        , 0.4517544 ],
      dtype=float32), 'ar': array([0.18604651, 0.87275696, 0.        , 0.        , 0.9537037 ],
      dtype=float32), 'auc': array([0.82850873, 0.9409735 , 0.72022885, 0.7434123 , 0.8381966 ],
      dtype=float32), 'accuracy': array([0.18604651, 0.87275696, 0.        , 0.        , 0.9537037 ],
      dtype=float32), 'f1': {'micro': tensor(0.6657), 'macro': tensor(0.3605), 'none': tensor([0.3053, 0.8843, 0.0000, 0.0000, 0.6131])}}
Training : Epoch [3/50], Loss: 0.8428
Testing : Epoch [3/50], Loss: 1.0417, results: {'mAP': 0.40515512, 'mAR': 0.45305434, 'mAUC': 0.8398507, 'm_Accuracy': 0.45305434, 'ap': array([0.59116024, 0.9228188 , 0.        , 0.        , 0.5117967 ],
      dtype=float32), 'ar': array([0.4976744 , 0.89722675, 0.        , 0.        , 0.8703704 ],
      dtype=float32), 'auc': array([0.880896  , 0.95850056, 0.7214508 , 0.769988  , 0.8684183 ],
      dtype=float32), 'accuracy': array([0.4976744 , 0.89722675, 0.        , 0.        , 0.8703704 ],
      dtype=float32), 'f1': {'micro': tensor(0.7071), 'macro': tensor(0.4190), 'none': tensor([0.5404, 0.9098, 0.0000, 0.0000, 0.6446])}}
Training : Epoch [4/50], Loss: 0.7784
Testing : Epoch [4/50], Loss: 0.9693, results: {'mAP': 0.41260618, 'mAR': 0.45309848, 'mAUC': 0.84889585, 'm_Accuracy': 0.45309848, 'ap': array([0.656051  , 0.86384267, 0.        , 0.        , 0.54313725],
      dtype=float32), 'ar': array([0.47906977, 0.9314845 , 0.        , 0.        , 0.85493827],
      dtype=float32), 'auc': array([0.890169 , 0.9654616, 0.7482226, 0.7547376, 0.8858885],
      dtype=float32), 'accuracy': array([0.47906977, 0.9314845 , 0.        , 0.        , 0.85493827],
      dtype=float32), 'f1': {'micro': tensor(0.7161), 'macro': tensor(0.4229), 'none': tensor([0.5538, 0.8964, 0.0000, 0.0000, 0.6643])}}
Training : Epoch [5/50], Loss: 0.7306
Testing : Epoch [5/50], Loss: 0.9155, results: {'mAP': 0.416385, 'mAR': 0.46776637, 'mAUC': 0.87231797, 'm_Accuracy': 0.46776637, 'ap': array([0.6338798 , 0.86766917, 0.        , 0.        , 0.5803758 ],
      dtype=float32), 'ar': array([0.53953487, 0.94127244, 0.        , 0.        , 0.8580247 ],
      dtype=float32), 'auc': array([0.90697676, 0.9718979 , 0.8344257 , 0.75922525, 0.88906413],
      dtype=float32), 'accuracy': array([0.53953487, 0.94127244, 0.        , 0.        , 0.8580247 ],
      dtype=float32), 'f1': {'micro': tensor(0.7312), 'macro': tensor(0.4357), 'none': tensor([0.5829, 0.9030, 0.0000, 0.0000, 0.6924])}}
Training : Epoch [6/50], Loss: 0.6811
Testing : Epoch [6/50], Loss: 0.8660, results: {'mAP': 0.4250005, 'mAR': 0.49354863, 'mAUC': 0.87088567, 'm_Accuracy': 0.49354863, 'ap': array([0.59591836, 0.969697  , 0.        , 0.        , 0.55938697],
      dtype=float32), 'ar': array([0.67906976, 0.88743883, 0.        , 0.        , 0.90123457],
      dtype=float32), 'auc': array([0.9095844 , 0.9693015 , 0.79478633, 0.7864384 , 0.8943178 ],
      dtype=float32), 'accuracy': array([0.67906976, 0.88743883, 0.        , 0.        , 0.90123457],
      dtype=float32), 'f1': {'micro': tensor(0.7395), 'macro': tensor(0.4504), 'none': tensor([0.6348, 0.9267, 0.0000, 0.0000, 0.6903])}}
Training : Epoch [7/50], Loss: 0.6392
Testing : Epoch [7/50], Loss: 0.8036, results: {'mAP': 0.5685314, 'mAR': 0.51864815, 'mAUC': 0.8808535, 'm_Accuracy': 0.51864815, 'ap': array([0.593361 , 0.9335494, 0.       , 0.6818182, 0.6339286],
      dtype=float32), 'ar': array([0.66511625, 0.9396411 , 0.        , 0.1119403 , 0.8765432 ],
      dtype=float32), 'auc': array([0.9069433 , 0.9798173 , 0.79769313, 0.80873895, 0.9110748 ],
      dtype=float32), 'accuracy': array([0.66511625, 0.9396411 , 0.        , 0.1119403 , 0.8765432 ],
      dtype=float32), 'f1': {'micro': tensor(0.7666), 'macro': tensor(0.4984), 'none': tensor([0.6272, 0.9366, 0.0000, 0.1923, 0.7358])}}
Training : Epoch [8/50], Loss: 0.6295
Testing : Epoch [8/50], Loss: 0.7880, results: {'mAP': 0.72167856, 'mAR': 0.53258693, 'mAUC': 0.8947026, 'm_Accuracy': 0.53258693, 'ap': array([0.62096775, 0.93064517, 1.        , 0.40677965, 0.65      ],
      dtype=float32), 'ar': array([0.7162791 , 0.94127244, 0.02380952, 0.17910448, 0.80246913],
      dtype=float32), 'auc': array([0.92314506, 0.98198473, 0.8390173 , 0.8161454 , 0.9132206 ],
      dtype=float32), 'accuracy': array([0.7162791 , 0.94127244, 0.02380952, 0.17910448, 0.80246913],
      dtype=float32), 'f1': {'micro': tensor(0.7651), 'macro': tensor(0.5229), 'none': tensor([0.6652, 0.9359, 0.0465, 0.2487, 0.7182])}}
Training : Epoch [9/50], Loss: 0.5809
Testing : Epoch [9/50], Loss: 0.7452, results: {'mAP': 0.75888145, 'mAR': 0.5270456, 'mAUC': 0.89260864, 'm_Accuracy': 0.5270456, 'ap': array([0.54304636, 0.9561551 , 1.        , 0.65217394, 0.6430318 ],
      dtype=float32), 'ar': array([0.7627907 , 0.92495924, 0.02380952, 0.1119403 , 0.8117284 ],
      dtype=float32), 'auc': array([0.91365886, 0.98207825, 0.8403688 , 0.81332034, 0.91361713],
      dtype=float32), 'accuracy': array([0.7627907 , 0.92495924, 0.02380952, 0.1119403 , 0.8117284 ],
      dtype=float32), 'f1': {'micro': tensor(0.7605), 'macro': tensor(0.5060), 'none': tensor([0.6344, 0.9403, 0.0465, 0.1911, 0.7176])}}
Training : Epoch [10/50], Loss: 0.5574
Testing : Epoch [10/50], Loss: 0.7250, results: {'mAP': 0.6392054, 'mAR': 0.5230633, 'mAUC': 0.8992956, 'm_Accuracy': 0.5230633, 'ap': array([0.51506025, 0.92616373, 0.33333334, 0.75      , 0.67146975],
      dtype=float32), 'ar': array([0.7953488 , 0.94127244, 0.04761905, 0.1119403 , 0.7191358 ],
      dtype=float32), 'auc': array([0.9057105 , 0.9816014 , 0.8644375 , 0.83226454, 0.9124643 ],
      dtype=float32), 'accuracy': array([0.7953488 , 0.94127244, 0.04761905, 0.1119403 , 0.7191358 ],
      dtype=float32), 'f1': {'micro': tensor(0.7515), 'macro': tensor(0.5063), 'none': tensor([0.6252, 0.9337, 0.0833, 0.1948, 0.6945])}}
Training : Epoch [11/50], Loss: 0.4928
Testing : Epoch [11/50], Loss: 0.6417, results: {'mAP': 0.60989386, 'mAR': 0.5511989, 'mAUC': 0.91554147, 'm_Accuracy': 0.5511989, 'ap': array([0.67724866, 0.95364237, 0.27272728, 0.52112675, 0.6247241 ],
      dtype=float32), 'ar': array([0.59534883, 0.9396411 , 0.07142857, 0.2761194 , 0.8734568 ],
      dtype=float32), 'auc': array([0.92324954, 0.98652506, 0.87847143, 0.86061525, 0.92884636],
      dtype=float32), 'accuracy': array([0.59534883, 0.9396411 , 0.07142857, 0.2761194 , 0.8734568 ],
      dtype=float32), 'f1': {'micro': tensor(0.7733), 'macro': tensor(0.5566), 'none': tensor([0.6337, 0.9466, 0.1132, 0.3610, 0.7284])}}
Saving ./data/aug/0.05_0.0_1/checkpoint_10.pt
Training : Epoch [12/50], Loss: 0.4394
Testing : Epoch [12/50], Loss: 0.5925, results: {'mAP': 0.6686219, 'mAR': 0.5579957, 'mAUC': 0.9109885, 'm_Accuracy': 0.5579957, 'ap': array([0.65938866, 0.95348835, 0.5       , 0.6       , 0.6302326 ],
      dtype=float32), 'ar': array([0.7023256 , 0.9363785 , 0.02380952, 0.29104477, 0.83641976],
      dtype=float32), 'auc': array([0.92231345, 0.9847637 , 0.8771569 , 0.8481337 , 0.9225751 ],
      dtype=float32), 'accuracy': array([0.7023256 , 0.9363785 , 0.02380952, 0.29104477, 0.83641976],
      dtype=float32), 'f1': {'micro': tensor(0.7801), 'macro': tensor(0.5563), 'none': tensor([0.6802, 0.9449, 0.0455, 0.3920, 0.7188])}}
Training : Epoch [13/50], Loss: 0.4659
Testing : Epoch [13/50], Loss: 0.6393, results: {'mAP': 0.577205, 'mAR': 0.5442019, 'mAUC': 0.90463984, 'm_Accuracy': 0.5442019, 'ap': array([0.5060606 , 0.9245283 , 0.2       , 0.53424656, 0.7211896 ],
      dtype=float32), 'ar': array([0.7767442 , 0.95921695, 0.0952381 , 0.29104477, 0.59876543],
      dtype=float32), 'auc': array([0.9067887 , 0.98206913, 0.8893209 , 0.8459899 , 0.89903045],
      dtype=float32), 'accuracy': array([0.7767442 , 0.95921695, 0.0952381 , 0.29104477, 0.59876543],
      dtype=float32), 'f1': {'micro': tensor(0.7470), 'macro': tensor(0.5429), 'none': tensor([0.6128, 0.9416, 0.1290, 0.3768, 0.6543])}}
Training : Epoch [14/50], Loss: 0.3961
Testing : Epoch [14/50], Loss: 0.5539, results: {'mAP': 0.6181745, 'mAR': 0.60828567, 'mAUC': 0.9072623, 'm_Accuracy': 0.60828567, 'ap': array([0.57651246, 0.9599332 , 0.27272728, 0.5487805 , 0.7329193 ],
      dtype=float32), 'ar': array([0.75348836, 0.9380098 , 0.2857143 , 0.33582088, 0.72839504],
      dtype=float32), 'auc': array([0.9179924 , 0.9874902 , 0.87212104, 0.8634278 , 0.89528   ],
      dtype=float32), 'accuracy': array([0.75348836, 0.9380098 , 0.2857143 , 0.33582088, 0.72839504],
      dtype=float32), 'f1': {'micro': tensor(0.7756), 'macro': tensor(0.6057), 'none': tensor([0.6532, 0.9488, 0.2791, 0.4167, 0.7307])}}
Training : Epoch [15/50], Loss: 0.3560
Testing : Epoch [15/50], Loss: 0.5153, results: {'mAP': 0.5973075, 'mAR': 0.5921482, 'mAUC': 0.91119754, 'm_Accuracy': 0.5921482, 'ap': array([0.6770833 , 0.9659864 , 0.2       , 0.43406594, 0.7094017 ],
      dtype=float32), 'ar': array([0.60465115, 0.92659056, 0.07142857, 0.5895522 , 0.7685185 ],
      dtype=float32), 'auc': array([0.9070478 , 0.9862627 , 0.8716767 , 0.86319035, 0.9278104 ],
      dtype=float32), 'accuracy': array([0.60465115, 0.92659056, 0.07142857, 0.5895522 , 0.7685185 ],
      dtype=float32), 'f1': {'micro': tensor(0.7748), 'macro': tensor(0.5855), 'none': tensor([0.6388, 0.9459, 0.1053, 0.5000, 0.7378])}}
Training : Epoch [16/50], Loss: 0.3320
Testing : Epoch [16/50], Loss: 0.4874, results: {'mAP': 0.64566725, 'mAR': 0.61698735, 'mAUC': 0.9134846, 'm_Accuracy': 0.61698735, 'ap': array([0.6130268 , 0.9616027 , 0.30769232, 0.6376812 , 0.7083333 ],
      dtype=float32), 'ar': array([0.74418604, 0.9396411 , 0.2857143 , 0.3283582 , 0.787037  ],
      dtype=float32), 'auc': array([0.9194843 , 0.98569685, 0.8974487 , 0.8595402 , 0.90525246],
      dtype=float32), 'accuracy': array([0.74418604, 0.9396411 , 0.2857143 , 0.3283582 , 0.787037  ],
      dtype=float32), 'f1': {'micro': tensor(0.7884), 'macro': tensor(0.6196), 'none': tensor([0.6723, 0.9505, 0.2963, 0.4335, 0.7456])}}
Training : Epoch [17/50], Loss: 0.2694
Testing : Epoch [17/50], Loss: 0.4361, results: {'mAP': 0.62941635, 'mAR': 0.60740614, 'mAUC': 0.91034853, 'm_Accuracy': 0.60740614, 'ap': array([0.7022472 , 0.94545454, 0.23529412, 0.57894737, 0.6851385 ],
      dtype=float32), 'ar': array([0.5813953 , 0.93311584, 0.1904762 , 0.49253732, 0.83950615],
      dtype=float32), 'auc': array([0.914315 , 0.9837233, 0.8554951, 0.8788032, 0.9194057],
      dtype=float32), 'accuracy': array([0.5813953 , 0.93311584, 0.1904762 , 0.49253732, 0.83950615],
      dtype=float32), 'f1': {'micro': tensor(0.7854), 'macro': tensor(0.6145), 'none': tensor([0.6361, 0.9392, 0.2105, 0.5323, 0.7545])}}
Training : Epoch [18/50], Loss: 0.2491
Testing : Epoch [18/50], Loss: 0.4180, results: {'mAP': 0.65855116, 'mAR': 0.5695735, 'mAUC': 0.9248172, 'm_Accuracy': 0.5695735, 'ap': array([0.65957445, 0.97098976, 0.33333334, 0.67391306, 0.6549451 ],
      dtype=float32), 'ar': array([0.7209302 , 0.9282219 , 0.04761905, 0.23134328, 0.9197531 ],
      dtype=float32), 'auc': array([0.9229403 , 0.9864931 , 0.91035324, 0.86639667, 0.9379027 ],
      dtype=float32), 'accuracy': array([0.7209302 , 0.9282219 , 0.04761905, 0.23134328, 0.9197531 ],
      dtype=float32), 'f1': {'micro': tensor(0.7944), 'macro': tensor(0.5662), 'none': tensor([0.6889, 0.9491, 0.0833, 0.3444, 0.7651])}}
Training : Epoch [19/50], Loss: 0.2021
Testing : Epoch [19/50], Loss: 0.3800, results: {'mAP': 0.61054015, 'mAR': 0.57009715, 'mAUC': 0.90512675, 'm_Accuracy': 0.57009715, 'ap': array([0.59016395, 0.92551506, 0.21212122, 0.6229508 , 0.70194983],
      dtype=float32), 'ar': array([0.66976744, 0.9526917 , 0.16666667, 0.2835821 , 0.7777778 ],
      dtype=float32), 'auc': array([0.91184103, 0.9862764 , 0.8801007 , 0.85808396, 0.8893316 ],
      dtype=float32), 'accuracy': array([0.66976744, 0.9526917 , 0.16666667, 0.2835821 , 0.7777778 ],
      dtype=float32), 'f1': {'micro': tensor(0.7718), 'macro': tensor(0.5761), 'none': tensor([0.6275, 0.9389, 0.1867, 0.3897, 0.7379])}}
Training : Epoch [20/50], Loss: 0.2002
Testing : Epoch [20/50], Loss: 0.3741, results: {'mAP': 0.6688688, 'mAR': 0.63529235, 'mAUC': 0.9177038, 'm_Accuracy': 0.63529235, 'ap': array([0.68115944, 0.9549249 , 0.3939394 , 0.6315789 , 0.6827411 ],
      dtype=float32), 'ar': array([0.65581393, 0.93311584, 0.30952382, 0.4477612 , 0.8302469 ],
      dtype=float32), 'auc': array([0.91882825, 0.98608243, 0.9008924 , 0.86451536, 0.9182007 ],
      dtype=float32), 'accuracy': array([0.65581393, 0.93311584, 0.30952382, 0.4477612 , 0.8302469 ],
      dtype=float32), 'f1': {'micro': tensor(0.7944), 'macro': tensor(0.6464), 'none': tensor([0.6682, 0.9439, 0.3467, 0.5240, 0.7493])}}
Training : Epoch [21/50], Loss: 0.1365
Testing : Epoch [21/50], Loss: 0.3279, results: {'mAP': 0.61958915, 'mAR': 0.641482, 'mAUC': 0.915983, 'm_Accuracy': 0.641482, 'ap': array([0.7058824 , 0.9488449 , 0.2769231 , 0.41714287, 0.74915254],
      dtype=float32), 'ar': array([0.6139535 , 0.9380098 , 0.42857143, 0.54477614, 0.68209875],
      dtype=float32), 'auc': array([0.91098017, 0.9849439 , 0.915852  , 0.8671967 , 0.9009425 ],
      dtype=float32), 'accuracy': array([0.6139535 , 0.9380098 , 0.42857143, 0.54477614, 0.68209875],
      dtype=float32), 'f1': {'micro': tensor(0.7673), 'macro': tensor(0.6246), 'none': tensor([0.6567, 0.9434, 0.3364, 0.4725, 0.7141])}}
Saving ./data/aug/0.05_0.0_1/checkpoint_20.pt
Training : Epoch [22/50], Loss: 0.1266
Testing : Epoch [22/50], Loss: 0.3255, results: {'mAP': 0.638393, 'mAR': 0.62412846, 'mAUC': 0.9080647, 'm_Accuracy': 0.62412846, 'ap': array([0.70857143, 0.928115  , 0.3939394 , 0.39130434, 0.77003485],
      dtype=float32), 'ar': array([0.5767442 , 0.9477977 , 0.30952382, 0.6044776 , 0.68209875],
      dtype=float32), 'auc': array([0.90421444, 0.9849302 , 0.8971895 , 0.86855924, 0.8854305 ],
      dtype=float32), 'accuracy': array([0.5767442 , 0.9477977 , 0.30952382, 0.6044776 , 0.68209875],
      dtype=float32), 'f1': {'micro': tensor(0.7681), 'macro': tensor(0.6238), 'none': tensor([0.6359, 0.9379, 0.3467, 0.4751, 0.7234])}}
Training : Epoch [23/50], Loss: 0.1050
Testing : Epoch [23/50], Loss: 0.3154, results: {'mAP': 0.6709665, 'mAR': 0.6055452, 'mAUC': 0.9219759, 'm_Accuracy': 0.6055452, 'ap': array([0.6133829 , 0.974359  , 0.46666667, 0.61538464, 0.68503934],
      dtype=float32), 'ar': array([0.76744187, 0.9298532 , 0.16666667, 0.35820895, 0.8055556 ],
      dtype=float32), 'auc': array([0.92545605, 0.98646116, 0.90859437, 0.880697  , 0.90867084],
      dtype=float32), 'accuracy': array([0.76744187, 0.9298532 , 0.16666667, 0.35820895, 0.8055556 ],
      dtype=float32), 'f1': {'micro': tensor(0.7914), 'macro': tensor(0.6145), 'none': tensor([0.6818, 0.9516, 0.2456, 0.4528, 0.7404])}}
Training : Epoch [24/50], Loss: 0.0827
Testing : Epoch [24/50], Loss: 0.2913, results: {'mAP': 0.5965432, 'mAR': 0.5962524, 'mAUC': 0.9200921, 'm_Accuracy': 0.5962524, 'ap': array([0.67156863, 0.97053725, 0.16666667, 0.477707  , 0.69623655],
      dtype=float32), 'ar': array([0.6372093 , 0.91353995, 0.07142857, 0.5597015 , 0.7993827 ],
      dtype=float32), 'auc': array([0.9076454 , 0.9861121 , 0.91679627, 0.87734693, 0.9125596 ],
      dtype=float32), 'accuracy': array([0.6372093 , 0.91353995, 0.07142857, 0.5597015 , 0.7993827 ],
      dtype=float32), 'f1': {'micro': tensor(0.7786), 'macro': tensor(0.5910), 'none': tensor([0.6539, 0.9412, 0.1000, 0.5155, 0.7443])}}
Training : Epoch [25/50], Loss: 0.0729
Testing : Epoch [25/50], Loss: 0.2798, results: {'mAP': 0.635447, 'mAR': 0.6028319, 'mAUC': 0.9148927, 'm_Accuracy': 0.6028319, 'ap': array([0.6878049, 0.9476268, 0.35     , 0.4918033, 0.7      ],
      dtype=float32), 'ar': array([0.65581393, 0.9445351 , 0.16666667, 0.4477612 , 0.7993827 ],
      dtype=float32), 'auc': array([0.9118577 , 0.9866893 , 0.8829149 , 0.87184054, 0.92116106],
      dtype=float32), 'accuracy': array([0.65581393, 0.9445351 , 0.16666667, 0.4477612 , 0.7993827 ],
      dtype=float32), 'f1': {'micro': tensor(0.7877), 'macro': tensor(0.6117), 'none': tensor([0.6714, 0.9461, 0.2258, 0.4688, 0.7464])}}
Training : Epoch [26/50], Loss: 0.0611
Testing : Epoch [26/50], Loss: 0.2611, results: {'mAP': 0.6632148, 'mAR': 0.6323304, 'mAUC': 0.92273045, 'm_Accuracy': 0.6323304, 'ap': array([0.6450216 , 0.9213836 , 0.41935483, 0.56435645, 0.7659575 ],
      dtype=float32), 'ar': array([0.69302326, 0.9559543 , 0.30952382, 0.42537314, 0.7777778 ],
      dtype=float32), 'auc': array([0.9149042 , 0.9874194 , 0.91707397, 0.8748094 , 0.9194457 ],
      dtype=float32), 'accuracy': array([0.69302326, 0.9559543 , 0.30952382, 0.42537314, 0.7777778 ],
      dtype=float32), 'f1': {'micro': tensor(0.7959), 'macro': tensor(0.6439), 'none': tensor([0.6682, 0.9384, 0.3562, 0.4851, 0.7718])}}
Training : Epoch [27/50], Loss: 0.0644
Testing : Epoch [27/50], Loss: 0.2762, results: {'mAP': 0.6395875, 'mAR': 0.62010056, 'mAUC': 0.9210884, 'm_Accuracy': 0.62010056, 'ap': array([0.6588785 , 0.94892913, 0.24390244, 0.6354167 , 0.71081084],
      dtype=float32), 'ar': array([0.65581393, 0.9396411 , 0.23809524, 0.4552239 , 0.8117284 ],
      dtype=float32), 'auc': array([0.90749073, 0.9849462 , 0.9082241 , 0.88310957, 0.92167133],
      dtype=float32), 'accuracy': array([0.65581393, 0.9396411 , 0.23809524, 0.4552239 , 0.8117284 ],
      dtype=float32), 'f1': {'micro': tensor(0.7914), 'macro': tensor(0.6262), 'none': tensor([0.6573, 0.9443, 0.2410, 0.5304, 0.7579])}}
Training : Epoch [28/50], Loss: 0.0422
Testing : Epoch [28/50], Loss: 0.2882, results: {'mAP': 0.65573645, 'mAR': 0.57521766, 'mAUC': 0.91532296, 'm_Accuracy': 0.57521766, 'ap': array([0.69473684, 0.92616373, 0.35714287, 0.64705884, 0.65357965],
      dtype=float32), 'ar': array([0.6139535 , 0.94127244, 0.11904762, 0.3283582 , 0.8734568 ],
      dtype=float32), 'auc': array([0.906492  , 0.9849394 , 0.87600905, 0.88126576, 0.9279087 ],
      dtype=float32), 'accuracy': array([0.6139535 , 0.94127244, 0.11904762, 0.3283582 , 0.8734568 ],
      dtype=float32), 'f1': {'micro': tensor(0.7839), 'macro': tensor(0.5895), 'none': tensor([0.6519, 0.9337, 0.1786, 0.4356, 0.7477])}}
Training : Epoch [29/50], Loss: 0.0375
Testing : Epoch [29/50], Loss: 0.2748, results: {'mAP': 0.6655158, 'mAR': 0.6245431, 'mAUC': 0.91451013, 'm_Accuracy': 0.6245431, 'ap': array([0.628     , 0.96      , 0.5       , 0.53535354, 0.70422536],
      dtype=float32), 'ar': array([0.73023254, 0.9396411 , 0.2857143 , 0.3955224 , 0.77160496],
      dtype=float32), 'auc': array([0.9140726 , 0.9854915 , 0.8774347 , 0.87818444, 0.9173676 ],
      dtype=float32), 'accuracy': array([0.73023254, 0.9396411 , 0.2857143 , 0.3955224 , 0.77160496],
      dtype=float32), 'f1': {'micro': tensor(0.7892), 'macro': tensor(0.6360), 'none': tensor([0.6753, 0.9497, 0.3636, 0.4549, 0.7364])}}
Training : Epoch [30/50], Loss: 0.0445
Testing : Epoch [30/50], Loss: 0.2586, results: {'mAP': 0.678867, 'mAR': 0.66182625, 'mAUC': 0.9230561, 'm_Accuracy': 0.66182625, 'ap': array([0.7323232 , 0.96308726, 0.36734694, 0.6363636 , 0.6952141 ],
      dtype=float32), 'ar': array([0.6744186 , 0.9363785 , 0.42857143, 0.41791046, 0.8518519 ],
      dtype=float32), 'auc': array([0.91560626, 0.9862353 , 0.90070724, 0.88525337, 0.9274784 ],
      dtype=float32), 'accuracy': array([0.6744186 , 0.9363785 , 0.42857143, 0.41791046, 0.8518519 ],
      dtype=float32), 'f1': {'micro': tensor(0.8050), 'macro': tensor(0.6635), 'none': tensor([0.7022, 0.9495, 0.3956, 0.5045, 0.7656])}}
Training : Epoch [31/50], Loss: 0.0307
Testing : Epoch [31/50], Loss: 0.2588, results: {'mAP': 0.6700269, 'mAR': 0.63338286, 'mAUC': 0.92396414, 'm_Accuracy': 0.63338286, 'ap': array([0.6533865 , 0.96488297, 0.41666666, 0.59375   , 0.7214485 ],
      dtype=float32), 'ar': array([0.7627907 , 0.94127244, 0.23809524, 0.42537314, 0.7993827 ],
      dtype=float32), 'auc': array([0.9166134, 0.9867258, 0.9020033, 0.8824408, 0.9320373],
      dtype=float32), 'accuracy': array([0.7627907 , 0.94127244, 0.23809524, 0.42537314, 0.7993827 ],
      dtype=float32), 'f1': {'micro': tensor(0.8035), 'macro': tensor(0.6428), 'none': tensor([0.7039, 0.9529, 0.3030, 0.4957, 0.7584])}}
Saving ./data/aug/0.05_0.0_1/checkpoint_30.pt
Training : Epoch [32/50], Loss: 0.0308
Testing : Epoch [32/50], Loss: 0.2581, results: {'mAP': 0.62132883, 'mAR': 0.61486834, 'mAUC': 0.9243326, 'm_Accuracy': 0.61486834, 'ap': array([0.65789473, 0.9563025 , 0.2580645 , 0.51968503, 0.7146974 ],
      dtype=float32), 'ar': array([0.6976744 , 0.9282219 , 0.1904762 , 0.49253732, 0.7654321 ],
      dtype=float32), 'auc': array([0.9187948 , 0.9861851 , 0.9038547 , 0.8876159 , 0.92521274],
      dtype=float32), 'accuracy': array([0.6976744 , 0.9282219 , 0.1904762 , 0.49253732, 0.7654321 ],
      dtype=float32), 'f1': {'micro': tensor(0.7839), 'macro': tensor(0.6167), 'none': tensor([0.6772, 0.9421, 0.2192, 0.5057, 0.7392])}}
Training : Epoch [33/50], Loss: 0.0278
Testing : Epoch [33/50], Loss: 0.2519, results: {'mAP': 0.64832294, 'mAR': 0.62898433, 'mAUC': 0.9153721, 'm_Accuracy': 0.62898433, 'ap': array([0.6805556 , 0.9599332 , 0.30555555, 0.59      , 0.7055703 ],
      dtype=float32), 'ar': array([0.68372095, 0.9380098 , 0.26190478, 0.4402985 , 0.82098764],
      dtype=float32), 'auc': array([0.9129484 , 0.98808795, 0.87399095, 0.87577814, 0.926055  ],
      dtype=float32), 'accuracy': array([0.68372095, 0.9380098 , 0.26190478, 0.4402985 , 0.82098764],
      dtype=float32), 'f1': {'micro': tensor(0.7967), 'macro': tensor(0.6352), 'none': tensor([0.6821, 0.9488, 0.2821, 0.5043, 0.7589])}}
Training : Epoch [34/50], Loss: 0.0293
Testing : Epoch [34/50], Loss: 0.2628, results: {'mAP': 0.6437108, 'mAR': 0.62321717, 'mAUC': 0.9163721, 'm_Accuracy': 0.62321717, 'ap': array([0.6014235 , 0.9728353 , 0.2413793 , 0.65217394, 0.75074184],
      dtype=float32), 'ar': array([0.7860465 , 0.93474716, 0.16666667, 0.4477612 , 0.7808642 ],
      dtype=float32), 'auc': array([0.9196264, 0.9861965, 0.8710842, 0.8835096, 0.9214439],
      dtype=float32), 'accuracy': array([0.7860465 , 0.93474716, 0.16666667, 0.4477612 , 0.7808642 ],
      dtype=float32), 'f1': {'micro': tensor(0.7997), 'macro': tensor(0.6257), 'none': tensor([0.6815, 0.9534, 0.1972, 0.5310, 0.7655])}}
Training : Epoch [35/50], Loss: 0.0223
Testing : Epoch [35/50], Loss: 0.2661, results: {'mAP': 0.6547652, 'mAR': 0.630011, 'mAUC': 0.91214097, 'm_Accuracy': 0.630011, 'ap': array([0.62139916, 0.9434572 , 0.33333334, 0.62637365, 0.7492625 ],
      dtype=float32), 'ar': array([0.7023256 , 0.9526917 , 0.2857143 , 0.42537314, 0.7839506 ],
      dtype=float32), 'auc': array([0.904344  , 0.98714334, 0.886877  , 0.8661779 , 0.9161625 ],
      dtype=float32), 'accuracy': array([0.7023256 , 0.9526917 , 0.2857143 , 0.42537314, 0.7839506 ],
      dtype=float32), 'f1': {'micro': tensor(0.7967), 'macro': tensor(0.6376), 'none': tensor([0.6594, 0.9481, 0.3077, 0.5067, 0.7662])}}
Training : Epoch [36/50], Loss: 0.0164
Testing : Epoch [36/50], Loss: 0.2541, results: {'mAP': 0.62302554, 'mAR': 0.60745615, 'mAUC': 0.9227103, 'm_Accuracy': 0.60745615, 'ap': array([0.64806867, 0.94174755, 0.21212122, 0.5904762 , 0.7227139 ],
      dtype=float32), 'ar': array([0.7023256 , 0.94942904, 0.16666667, 0.46268657, 0.75617284],
      dtype=float32), 'auc': array([0.9156188, 0.9872529, 0.908113 , 0.8872222, 0.9153448],
      dtype=float32), 'accuracy': array([0.7023256 , 0.94942904, 0.16666667, 0.46268657, 0.75617284],
      dtype=float32), 'f1': {'micro': tensor(0.7884), 'macro': tensor(0.6128), 'none': tensor([0.6741, 0.9456, 0.1867, 0.5188, 0.7391])}}
Training : Epoch [37/50], Loss: 0.0208
Testing : Epoch [37/50], Loss: 0.2508, results: {'mAP': 0.6616317, 'mAR': 0.6433038, 'mAUC': 0.9182662, 'm_Accuracy': 0.6433038, 'ap': array([0.6468254 , 0.96949154, 0.36666667, 0.58878505, 0.7363897 ],
      dtype=float32), 'ar': array([0.75813955, 0.93311584, 0.26190478, 0.47014925, 0.79320985],
      dtype=float32), 'auc': array([0.9162749 , 0.9866711 , 0.88898766, 0.87347186, 0.9259259 ],
      dtype=float32), 'accuracy': array([0.75813955, 0.93311584, 0.26190478, 0.47014925, 0.79320985],
      dtype=float32), 'f1': {'micro': tensor(0.8027), 'macro': tensor(0.6482), 'none': tensor([0.6981, 0.9510, 0.3056, 0.5228, 0.7637])}}
Training : Epoch [38/50], Loss: 0.0167
Testing : Epoch [38/50], Loss: 0.2653, results: {'mAP': 0.6550305, 'mAR': 0.62956387, 'mAUC': 0.9227742, 'm_Accuracy': 0.62956387, 'ap': array([0.6851852 , 0.974359  , 0.26190478, 0.65      , 0.7037037 ],
      dtype=float32), 'ar': array([0.6883721 , 0.9298532 , 0.26190478, 0.3880597 , 0.8796296 ],
      dtype=float32), 'auc': array([0.9145615 , 0.98629236, 0.90174407, 0.87873447, 0.9325384 ],
      dtype=float32), 'accuracy': array([0.6883721 , 0.9298532 , 0.26190478, 0.3880597 , 0.8796296 ],
      dtype=float32), 'f1': {'micro': tensor(0.8027), 'macro': tensor(0.6336), 'none': tensor([0.6868, 0.9516, 0.2619, 0.4860, 0.7819])}}
Training : Epoch [39/50], Loss: 0.0210
Testing : Epoch [39/50], Loss: 0.2598, results: {'mAP': 0.69120467, 'mAR': 0.6407777, 'mAUC': 0.9216701, 'm_Accuracy': 0.6407777, 'ap': array([0.64634144, 0.96633   , 0.5714286 , 0.559633  , 0.7122905 ],
      dtype=float32), 'ar': array([0.73953485, 0.9363785 , 0.2857143 , 0.4552239 , 0.787037  ],
      dtype=float32), 'auc': array([0.9218078 , 0.98630375, 0.88861734, 0.88841593, 0.9232053 ],
      dtype=float32), 'accuracy': array([0.73953485, 0.9363785 , 0.2857143 , 0.4552239 , 0.787037  ],
      dtype=float32), 'f1': {'micro': tensor(0.7989), 'macro': tensor(0.6543), 'none': tensor([0.6898, 0.9511, 0.3810, 0.5021, 0.7478])}}
Training : Epoch [40/50], Loss: 0.0200
Testing : Epoch [40/50], Loss: 0.2426, results: {'mAP': 0.6576555, 'mAR': 0.6564065, 'mAUC': 0.9261014, 'm_Accuracy': 0.6564065, 'ap': array([0.65957445, 0.9585406 , 0.31914893, 0.6055046 , 0.74550897],
      dtype=float32), 'ar': array([0.7209302 , 0.94290376, 0.35714287, 0.49253732, 0.7685185 ],
      dtype=float32), 'auc': array([0.91858166, 0.98877466, 0.91329706, 0.8882285 , 0.92162526],
      dtype=float32), 'accuracy': array([0.7209302 , 0.94290376, 0.35714287, 0.49253732, 0.7685185 ],
      dtype=float32), 'f1': {'micro': tensor(0.8005), 'macro': tensor(0.6553), 'none': tensor([0.6889, 0.9507, 0.3371, 0.5432, 0.7568])}}
Training : Epoch [41/50], Loss: 0.0135
Testing : Epoch [41/50], Loss: 0.2506, results: {'mAP': 0.68445075, 'mAR': 0.63265216, 'mAUC': 0.9201096, 'm_Accuracy': 0.63265216, 'ap': array([0.6696035 , 0.9466019 , 0.5       , 0.57009345, 0.73595506],
      dtype=float32), 'ar': array([0.7069768 , 0.954323  , 0.23809524, 0.4552239 , 0.80864197],
      dtype=float32), 'auc': array([0.90913725, 0.986646  , 0.8896356 , 0.88732845, 0.92780113],
      dtype=float32), 'accuracy': array([0.7069768 , 0.954323  , 0.23809524, 0.4552239 , 0.80864197],
      dtype=float32), 'f1': {'micro': tensor(0.8057), 'macro': tensor(0.6475), 'none': tensor([0.6878, 0.9504, 0.3226, 0.5062, 0.7706])}}
Saving ./data/aug/0.05_0.0_1/checkpoint_40.pt
Training : Epoch [42/50], Loss: 0.0139
Testing : Epoch [42/50], Loss: 0.2657, results: {'mAP': 0.6492579, 'mAR': 0.61656535, 'mAUC': 0.9157673, 'm_Accuracy': 0.61656535, 'ap': array([0.64377683, 0.9647651 , 0.35714287, 0.58426964, 0.6963351 ],
      dtype=float32), 'ar': array([0.6976744 , 0.9380098 , 0.23809524, 0.3880597 , 0.82098764],
      dtype=float32), 'auc': array([0.916091  , 0.9889435 , 0.8666593 , 0.88299084, 0.92415214],
      dtype=float32), 'accuracy': array([0.6976744 , 0.9380098 , 0.23809524, 0.3880597 , 0.82098764],
      dtype=float32), 'f1': {'micro': tensor(0.7929), 'macro': tensor(0.6253), 'none': tensor([0.6696, 0.9512, 0.2857, 0.4664, 0.7535])}}
