Train size = 5308, Test size = 1328
Classes : ['affected', 'destroyed', 'major', 'minor', 'no_damage']
Training : Epoch [1/50], Loss: 1.4315
Testing : Epoch [1/50], Loss: 1.7695, results: {'mAP': 0.09231928, 'mAR': 0.2, 'mAUC': 0.624181, 'm_Accuracy': 0.2, 'ap': array([0.       , 0.4615964, 0.       , 0.       , 0.       ],
      dtype=float32), 'ar': array([0., 1., 0., 0., 0.], dtype=float32), 'auc': array([0.62649447, 0.8257555 , 0.56578165, 0.588371  , 0.51450217],
      dtype=float32), 'accuracy': array([0., 1., 0., 0., 0.], dtype=float32), 'f1': {'micro': tensor(0.4616), 'macro': tensor(0.1263), 'none': tensor([0.0000, 0.6316, 0.0000, 0.0000, 0.0000])}}
Saving ./data/aug/0.05_0.0001_50/checkpoint_0.pt
Training : Epoch [2/50], Loss: 1.2948
Testing : Epoch [2/50], Loss: 1.5800, results: {'mAP': 0.19872715, 'mAR': 0.2470727, 'mAUC': 0.7634264, 'm_Accuracy': 0.2470727, 'ap': array([0.       , 0.5149123, 0.       , 0.       , 0.4787234],
      dtype=float32), 'ar': array([0.        , 0.95758563, 0.        , 0.        , 0.2777778 ],
      dtype=float32), 'auc': array([0.7311352 , 0.9177974 , 0.69429016, 0.67624193, 0.7976674 ],
      dtype=float32), 'accuracy': array([0.        , 0.95758563, 0.        , 0.        , 0.2777778 ],
      dtype=float32), 'f1': {'micro': tensor(0.5098), 'macro': tensor(0.2043), 'none': tensor([0.0000, 0.6697, 0.0000, 0.0000, 0.3516])}}
Training : Epoch [3/50], Loss: 0.9434
Testing : Epoch [3/50], Loss: 1.1676, results: {'mAP': 0.4695157, 'mAR': 0.36959982, 'mAUC': 0.79226315, 'm_Accuracy': 0.36959982, 'ap': array([1.        , 0.9286957 , 0.        , 0.        , 0.41888297],
      dtype=float32), 'ar': array([0.00465116, 0.87112564, 0.        , 0.        , 0.9722222 ],
      dtype=float32), 'auc': array([0.80606365, 0.94127244, 0.6808672 , 0.7134741 , 0.81963813],
      dtype=float32), 'accuracy': array([0.00465116, 0.87112564, 0.        , 0.        , 0.9722222 ],
      dtype=float32), 'f1': {'micro': tensor(0.6401), 'macro': tensor(0.2988), 'none': tensor([0.0093, 0.8990, 0.0000, 0.0000, 0.5855])}}
Training : Epoch [4/50], Loss: 0.8515
Testing : Epoch [4/50], Loss: 1.0588, results: {'mAP': 0.39662653, 'mAR': 0.46400827, 'mAUC': 0.82138634, 'm_Accuracy': 0.46400827, 'ap': array([0.51341   , 0.90640396, 0.        , 0.        , 0.5633188 ],
      dtype=float32), 'ar': array([0.6232558, 0.9004894, 0.       , 0.       , 0.7962963],
      dtype=float32), 'auc': array([0.8682505 , 0.95878804, 0.67590535, 0.7356371 , 0.8683507 ],
      dtype=float32), 'accuracy': array([0.6232558, 0.9004894, 0.       , 0.       , 0.7962963],
      dtype=float32), 'f1': {'micro': tensor(0.7108), 'macro': tensor(0.4253), 'none': tensor([0.5630, 0.9034, 0.0000, 0.0000, 0.6598])}}
Training : Epoch [5/50], Loss: 0.7901
Testing : Epoch [5/50], Loss: 0.9819, results: {'mAP': 0.411131, 'mAR': 0.46773082, 'mAUC': 0.83076954, 'm_Accuracy': 0.46773082, 'ap': array([0.6069652 , 0.89533013, 0.        , 0.        , 0.5533597 ],
      dtype=float32), 'ar': array([0.5674419 , 0.90701467, 0.        , 0.        , 0.86419755],
      dtype=float32), 'auc': array([0.89201194, 0.9636067 , 0.6846256 , 0.72713065, 0.88647264],
      dtype=float32), 'accuracy': array([0.5674419 , 0.90701467, 0.        , 0.        , 0.86419755],
      dtype=float32), 'f1': {'micro': tensor(0.7214), 'macro': tensor(0.4325), 'none': tensor([0.5865, 0.9011, 0.0000, 0.0000, 0.6747])}}
Training : Epoch [6/50], Loss: 0.7381
Testing : Epoch [6/50], Loss: 0.9180, results: {'mAP': 0.41774645, 'mAR': 0.49164262, 'mAUC': 0.85049486, 'm_Accuracy': 0.49164262, 'ap': array([0.5620438 , 0.9096672 , 0.        , 0.        , 0.61702126],
      dtype=float32), 'ar': array([0.7162791, 0.9363785, 0.       , 0.       , 0.8055556],
      dtype=float32), 'auc': array([0.91229653, 0.9752746 , 0.71856254, 0.74999374, 0.8963467 ],
      dtype=float32), 'accuracy': array([0.7162791, 0.9363785, 0.       , 0.       , 0.8055556],
      dtype=float32), 'f1': {'micro': tensor(0.7447), 'macro': tensor(0.4503), 'none': tensor([0.6299, 0.9228, 0.0000, 0.0000, 0.6988])}}
Training : Epoch [7/50], Loss: 0.7121
Testing : Epoch [7/50], Loss: 0.9032, results: {'mAP': 0.42700186, 'mAR': 0.4719163, 'mAUC': 0.8551604, 'm_Accuracy': 0.4719163, 'ap': array([0.64534885, 0.96836555, 0.        , 0.        , 0.5212947 ],
      dtype=float32), 'ar': array([0.51627904, 0.8988581 , 0.        , 0.        , 0.9444444 ],
      dtype=float32), 'auc': array([0.8993084 , 0.9710286 , 0.7503148 , 0.76280034, 0.8923504 ],
      dtype=float32), 'accuracy': array([0.51627904, 0.8988581 , 0.        , 0.        , 0.9444444 ],
      dtype=float32), 'f1': {'micro': tensor(0.7289), 'macro': tensor(0.4356), 'none': tensor([0.5736, 0.9323, 0.0000, 0.0000, 0.6718])}}
Training : Epoch [8/50], Loss: 0.6675
Testing : Epoch [8/50], Loss: 0.8410, results: {'mAP': 0.56477034, 'mAR': 0.4962635, 'mAUC': 0.86244565, 'm_Accuracy': 0.4962635, 'ap': array([0.5201342 , 0.94554454, 0.        , 0.75      , 0.6081731 ],
      dtype=float32), 'ar': array([0.7209302 , 0.93474716, 0.        , 0.04477612, 0.7808642 ],
      dtype=float32), 'auc': array([0.8954554 , 0.98064315, 0.73735464, 0.7910448 , 0.90773016],
      dtype=float32), 'accuracy': array([0.7209302 , 0.93474716, 0.        , 0.04477612, 0.7808642 ],
      dtype=float32), 'f1': {'micro': tensor(0.7432), 'macro': tensor(0.4625), 'none': tensor([0.6043, 0.9401, 0.0000, 0.0845, 0.6838])}}
Training : Epoch [9/50], Loss: 0.6490
Testing : Epoch [9/50], Loss: 0.8123, results: {'mAP': 0.62228817, 'mAR': 0.5195496, 'mAUC': 0.8669407, 'm_Accuracy': 0.5195496, 'ap': array([0.67955804, 0.9525368 , 0.33333334, 0.5555556 , 0.59045726],
      dtype=float32), 'ar': array([0.572093  , 0.94942904, 0.04761905, 0.1119403 , 0.9166667 ],
      dtype=float32), 'auc': array([0.8919033 , 0.9831506 , 0.755758  , 0.7894322 , 0.91445947],
      dtype=float32), 'accuracy': array([0.572093  , 0.94942904, 0.04761905, 0.1119403 , 0.9166667 ],
      dtype=float32), 'f1': {'micro': tensor(0.7673), 'macro': tensor(0.5120), 'none': tensor([0.6212, 0.9510, 0.0833, 0.1863, 0.7183])}}
Training : Epoch [10/50], Loss: 0.6016
Testing : Epoch [10/50], Loss: 0.7781, results: {'mAP': 0.54652506, 'mAR': 0.5162638, 'mAUC': 0.8891851, 'm_Accuracy': 0.5162638, 'ap': array([0.5761317 , 0.96842104, 0.        , 0.6052632 , 0.5828092 ],
      dtype=float32), 'ar': array([0.6511628, 0.9004894, 0.       , 0.1716418, 0.8580247],
      dtype=float32), 'auc': array([0.9134917 , 0.9799017 , 0.83773977, 0.8078702 , 0.9069217 ],
      dtype=float32), 'accuracy': array([0.6511628, 0.9004894, 0.       , 0.1716418, 0.8580247],
      dtype=float32), 'f1': {'micro': tensor(0.7477), 'macro': tensor(0.5012), 'none': tensor([0.6114, 0.9332, 0.0000, 0.2674, 0.6941])}}
Training : Epoch [11/50], Loss: 0.5610
Testing : Epoch [11/50], Loss: 0.7345, results: {'mAP': 0.6375843, 'mAR': 0.54386175, 'mAUC': 0.88728714, 'm_Accuracy': 0.54386175, 'ap': array([0.6229508 , 0.8625181 , 0.5       , 0.46666667, 0.73578596],
      dtype=float32), 'ar': array([0.7069768 , 0.9722675 , 0.04761905, 0.31343284, 0.67901236],
      dtype=float32), 'auc': array([0.90538454, 0.9840085 , 0.8165408 , 0.81285155, 0.9176504 ],
      dtype=float32), 'accuracy': array([0.7069768 , 0.9722675 , 0.04761905, 0.31343284, 0.67901236],
      dtype=float32), 'f1': {'micro': tensor(0.7620), 'macro': tensor(0.5489), 'none': tensor([0.6623, 0.9141, 0.0870, 0.3750, 0.7063])}}
Saving ./data/aug/0.05_0.0001_50/checkpoint_10.pt
Training : Epoch [12/50], Loss: 0.5424
Testing : Epoch [12/50], Loss: 0.7207, results: {'mAP': 0.6028673, 'mAR': 0.5129921, 'mAUC': 0.89142525, 'm_Accuracy': 0.5129921, 'ap': array([0.5907336 , 0.93214864, 0.        , 0.85714287, 0.6343115 ],
      dtype=float32), 'ar': array([0.7116279 , 0.94127244, 0.        , 0.04477612, 0.86728394],
      dtype=float32), 'auc': array([0.8999185 , 0.9819961 , 0.8365548 , 0.82145804, 0.9171985 ],
      dtype=float32), 'accuracy': array([0.7116279 , 0.94127244, 0.        , 0.04477612, 0.86728394],
      dtype=float32), 'f1': {'micro': tensor(0.7658), 'macro': tensor(0.4800), 'none': tensor([0.6456, 0.9367, 0.0000, 0.0851, 0.7327])}}
Training : Epoch [13/50], Loss: 0.5011
Testing : Epoch [13/50], Loss: 0.6675, results: {'mAP': 0.5969198, 'mAR': 0.5548967, 'mAUC': 0.89407015, 'm_Accuracy': 0.5548967, 'ap': array([0.6761905 , 0.875     , 0.12903225, 0.59090906, 0.71346706],
      dtype=float32), 'ar': array([0.6604651 , 0.95921695, 0.0952381 , 0.29104477, 0.7685185 ],
      dtype=float32), 'auc': array([0.9074281 , 0.9789639 , 0.84105384, 0.83765846, 0.9052463 ],
      dtype=float32), 'accuracy': array([0.6604651 , 0.95921695, 0.0952381 , 0.29104477, 0.7685185 ],
      dtype=float32), 'f1': {'micro': tensor(0.7696), 'macro': tensor(0.5646), 'none': tensor([0.6682, 0.9152, 0.1096, 0.3900, 0.7400])}}
Training : Epoch [14/50], Loss: 0.4525
Testing : Epoch [14/50], Loss: 0.6365, results: {'mAP': 0.60550725, 'mAR': 0.5602882, 'mAUC': 0.8895481, 'm_Accuracy': 0.5602882, 'ap': array([0.7134146 , 0.94949496, 0.22222222, 0.5229358 , 0.61946905],
      dtype=float32), 'ar': array([0.54418606, 0.9200652 , 0.04761905, 0.42537314, 0.86419755],
      dtype=float32), 'auc': array([0.90592366, 0.978681  , 0.8095423 , 0.83029574, 0.9232975 ],
      dtype=float32), 'accuracy': array([0.54418606, 0.9200652 , 0.04761905, 0.42537314, 0.86419755],
      dtype=float32), 'f1': {'micro': tensor(0.7681), 'macro': tensor(0.5642), 'none': tensor([0.6174, 0.9345, 0.0784, 0.4691, 0.7216])}}
Training : Epoch [15/50], Loss: 0.4261
Testing : Epoch [15/50], Loss: 0.5892, results: {'mAP': 0.6570569, 'mAR': 0.5489064, 'mAUC': 0.89082146, 'm_Accuracy': 0.5489064, 'ap': array([0.6343612 , 0.91433024, 0.4       , 0.6666667 , 0.66992664],
      dtype=float32), 'ar': array([0.66976744, 0.95758563, 0.04761905, 0.2238806 , 0.845679  ],
      dtype=float32), 'auc': array([0.90996885, 0.9847614 , 0.77292085, 0.8584152 , 0.9280409 ],
      dtype=float32), 'accuracy': array([0.66976744, 0.95758563, 0.04761905, 0.2238806 , 0.845679  ],
      dtype=float32), 'f1': {'micro': tensor(0.7809), 'macro': tensor(0.5510), 'none': tensor([0.6516, 0.9355, 0.0851, 0.3352, 0.7476])}}
Training : Epoch [16/50], Loss: 0.3964
Testing : Epoch [16/50], Loss: 0.5564, results: {'mAP': 0.619799, 'mAR': 0.6066941, 'mAUC': 0.89289916, 'm_Accuracy': 0.6066941, 'ap': array([0.6666667 , 0.9507389 , 0.32142857, 0.45341614, 0.70674485],
      dtype=float32), 'ar': array([0.5860465 , 0.9445351 , 0.21428572, 0.54477614, 0.74382716],
      dtype=float32), 'auc': array([0.91224223, 0.9817657 , 0.7775679 , 0.87247807, 0.9204417 ],
      dtype=float32), 'accuracy': array([0.5860465 , 0.9445351 , 0.21428572, 0.54477614, 0.74382716],
      dtype=float32), 'f1': {'micro': tensor(0.7741), 'macro': tensor(0.6097), 'none': tensor([0.6238, 0.9476, 0.2571, 0.4949, 0.7248])}}
Training : Epoch [17/50], Loss: 0.3518
Testing : Epoch [17/50], Loss: 0.5214, results: {'mAP': 0.586917, 'mAR': 0.57159376, 'mAUC': 0.90566635, 'm_Accuracy': 0.57159376, 'ap': array([0.65686274, 0.9709402 , 0.14285715, 0.5045045 , 0.6594203 ],
      dtype=float32), 'ar': array([0.6232558 , 0.92659056, 0.04761905, 0.41791046, 0.8425926 ],
      dtype=float32), 'auc': array([0.9154224 , 0.9829635 , 0.84497887, 0.86530286, 0.91966397],
      dtype=float32), 'accuracy': array([0.6232558 , 0.92659056, 0.04761905, 0.41791046, 0.8425926 ],
      dtype=float32), 'f1': {'micro': tensor(0.7779), 'macro': tensor(0.5713), 'none': tensor([0.6396, 0.9482, 0.0714, 0.4571, 0.7398])}}
Training : Epoch [18/50], Loss: 0.3367
Testing : Epoch [18/50], Loss: 0.5014, results: {'mAP': 0.6352115, 'mAR': 0.61857784, 'mAUC': 0.9108475, 'm_Accuracy': 0.61857784, 'ap': array([0.65217394, 0.9422151 , 0.35714287, 0.47297296, 0.7515528 ],
      dtype=float32), 'ar': array([0.627907  , 0.95758563, 0.23809524, 0.52238804, 0.74691355],
      dtype=float32), 'auc': array([0.90399295, 0.9819574 , 0.8797304 , 0.86205906, 0.9264977 ],
      dtype=float32), 'accuracy': array([0.627907  , 0.95758563, 0.23809524, 0.52238804, 0.74691355],
      dtype=float32), 'f1': {'micro': tensor(0.7861), 'macro': tensor(0.6242), 'none': tensor([0.6398, 0.9498, 0.2857, 0.4965, 0.7492])}}
Training : Epoch [19/50], Loss: 0.2888
Testing : Epoch [19/50], Loss: 0.4534, results: {'mAP': 0.61945546, 'mAR': 0.6098243, 'mAUC': 0.91240484, 'm_Accuracy': 0.6098243, 'ap': array([0.65      , 0.9553719 , 0.2682927 , 0.49484536, 0.7287671 ],
      dtype=float32), 'ar': array([0.66511625, 0.94290376, 0.26190478, 0.35820895, 0.82098764],
      dtype=float32), 'auc': array([0.9055141 , 0.98499185, 0.8757498 , 0.87504065, 0.9207276 ],
      dtype=float32), 'accuracy': array([0.66511625, 0.94290376, 0.26190478, 0.35820895, 0.82098764],
      dtype=float32), 'f1': {'micro': tensor(0.7877), 'macro': tensor(0.6119), 'none': tensor([0.6575, 0.9491, 0.2651, 0.4156, 0.7721])}}
Training : Epoch [20/50], Loss: 0.2670
Testing : Epoch [20/50], Loss: 0.4482, results: {'mAP': 0.5944999, 'mAR': 0.5846959, 'mAUC': 0.9017547, 'm_Accuracy': 0.5846959, 'ap': array([0.61187214, 0.9484193 , 0.29166666, 0.38505748, 0.7354839 ],
      dtype=float32), 'ar': array([0.6232558 , 0.9298532 , 0.16666667, 0.5       , 0.7037037 ],
      dtype=float32), 'auc': array([0.90983933, 0.98293614, 0.82950085, 0.869778  , 0.9167189 ],
      dtype=float32), 'accuracy': array([0.6232558 , 0.9298532 , 0.16666667, 0.5       , 0.7037037 ],
      dtype=float32), 'f1': {'micro': tensor(0.7575), 'macro': tensor(0.5846), 'none': tensor([0.6175, 0.9390, 0.2121, 0.4351, 0.7192])}}
Training : Epoch [21/50], Loss: 0.2110
Testing : Epoch [21/50], Loss: 0.4022, results: {'mAP': 0.6200994, 'mAR': 0.6067566, 'mAUC': 0.8950404, 'm_Accuracy': 0.6067566, 'ap': array([0.6171171 , 0.94684386, 0.29411766, 0.53571427, 0.7067039 ],
      dtype=float32), 'ar': array([0.6372093 , 0.9298532 , 0.23809524, 0.4477612 , 0.7808642 ],
      dtype=float32), 'auc': array([0.89129317, 0.97750604, 0.8133007 , 0.8638716 , 0.92923063],
      dtype=float32), 'accuracy': array([0.6372093 , 0.9298532 , 0.23809524, 0.4477612 , 0.7808642 ],
      dtype=float32), 'f1': {'micro': tensor(0.7756), 'macro': tensor(0.6116), 'none': tensor([0.6270, 0.9383, 0.2632, 0.4878, 0.7419])}}
Saving ./data/aug/0.05_0.0001_50/checkpoint_20.pt
Training : Epoch [22/50], Loss: 0.1995
Testing : Epoch [22/50], Loss: 0.4190, results: {'mAP': 0.6208606, 'mAR': 0.5524971, 'mAUC': 0.8892692, 'm_Accuracy': 0.5524971, 'ap': array([0.6453202 , 0.92903227, 0.1764706 , 0.7058824 , 0.64759725],
      dtype=float32), 'ar': array([0.60930234, 0.9396411 , 0.07142857, 0.26865673, 0.8734568 ],
      dtype=float32), 'auc': array([0.9012307 , 0.9782635 , 0.80391395, 0.8445586 , 0.91837895],
      dtype=float32), 'accuracy': array([0.60930234, 0.9396411 , 0.07142857, 0.26865673, 0.8734568 ],
      dtype=float32), 'f1': {'micro': tensor(0.7748), 'macro': tensor(0.5591), 'none': tensor([0.6268, 0.9343, 0.1017, 0.3892, 0.7438])}}
Training : Epoch [23/50], Loss: 0.1629
Testing : Epoch [23/50], Loss: 0.3609, results: {'mAP': 0.62089187, 'mAR': 0.5877612, 'mAUC': 0.89409524, 'm_Accuracy': 0.5877612, 'ap': array([0.6367713 , 0.9462541 , 0.2857143 , 0.5272727 , 0.70844686],
      dtype=float32), 'ar': array([0.6604651 , 0.9477977 , 0.0952381 , 0.43283582, 0.80246913],
      dtype=float32), 'auc': array([0.9019077 , 0.9816562 , 0.79376805, 0.86382157, 0.92932284],
      dtype=float32), 'accuracy': array([0.6604651 , 0.9477977 , 0.0952381 , 0.43283582, 0.80246913],
      dtype=float32), 'f1': {'micro': tensor(0.7869), 'macro': tensor(0.5932), 'none': tensor([0.6484, 0.9470, 0.1429, 0.4754, 0.7525])}}
Training : Epoch [24/50], Loss: 0.1362
Testing : Epoch [24/50], Loss: 0.3469, results: {'mAP': 0.63037616, 'mAR': 0.5984229, 'mAUC': 0.88700676, 'm_Accuracy': 0.5984229, 'ap': array([0.64705884, 0.96416384, 0.35714287, 0.4848485 , 0.6986667 ],
      dtype=float32), 'ar': array([0.66511625, 0.9216966 , 0.11904762, 0.47761193, 0.80864197],
      dtype=float32), 'auc': array([0.9101695 , 0.9825392 , 0.73026365, 0.88354707, 0.92851436],
      dtype=float32), 'accuracy': array([0.66511625, 0.9216966 , 0.11904762, 0.47761193, 0.80864197],
      dtype=float32), 'f1': {'micro': tensor(0.7824), 'macro': tensor(0.6016), 'none': tensor([0.6560, 0.9425, 0.1786, 0.4812, 0.7496])}}
Training : Epoch [25/50], Loss: 0.1232
Testing : Epoch [25/50], Loss: 0.3374, results: {'mAP': 0.61149794, 'mAR': 0.5925242, 'mAUC': 0.8822649, 'm_Accuracy': 0.5925242, 'ap': array([0.6055777 , 0.9339775 , 0.21428572, 0.56122446, 0.74242425],
      dtype=float32), 'ar': array([0.7069768 , 0.9461664 , 0.14285715, 0.41044775, 0.75617284],
      dtype=float32), 'auc': array([0.91388035, 0.9847432 , 0.735855  , 0.8553776 , 0.92146844],
      dtype=float32), 'accuracy': array([0.7069768 , 0.9461664 , 0.14285715, 0.41044775, 0.75617284],
      dtype=float32), 'f1': {'micro': tensor(0.7816), 'macro': tensor(0.5974), 'none': tensor([0.6524, 0.9400, 0.1714, 0.4741, 0.7492])}}
Training : Epoch [26/50], Loss: 0.0993
Testing : Epoch [26/50], Loss: 0.3255, results: {'mAP': 0.61789054, 'mAR': 0.595815, 'mAUC': 0.89275473, 'm_Accuracy': 0.595815, 'ap': array([0.6171875 , 0.94563425, 0.25      , 0.5714286 , 0.70520234],
      dtype=float32), 'ar': array([0.7348837 , 0.9363785 , 0.16666667, 0.3880597 , 0.75308645],
      dtype=float32), 'auc': array([0.9180844 , 0.9847477 , 0.777642  , 0.8526276 , 0.93067235],
      dtype=float32), 'accuracy': array([0.7348837 , 0.9363785 , 0.16666667, 0.3880597 , 0.75308645],
      dtype=float32), 'f1': {'micro': tensor(0.7794), 'macro': tensor(0.6005), 'none': tensor([0.6709, 0.9410, 0.2000, 0.4622, 0.7284])}}
Training : Epoch [27/50], Loss: 0.0821
Testing : Epoch [27/50], Loss: 0.3034, results: {'mAP': 0.6485015, 'mAR': 0.5992893, 'mAUC': 0.9017929, 'm_Accuracy': 0.5992893, 'ap': array([0.6865672 , 0.9448052 , 0.3529412 , 0.56122446, 0.6969697 ],
      dtype=float32), 'ar': array([0.6418605 , 0.94942904, 0.14285715, 0.41044775, 0.8518519 ],
      dtype=float32), 'auc': array([0.9160785 , 0.9829316 , 0.82790864, 0.8543526 , 0.92769355],
      dtype=float32), 'accuracy': array([0.6418605 , 0.94942904, 0.14285715, 0.41044775, 0.8518519 ],
      dtype=float32), 'f1': {'micro': tensor(0.7959), 'macro': tensor(0.6110), 'none': tensor([0.6635, 0.9471, 0.2034, 0.4741, 0.7667])}}
Training : Epoch [28/50], Loss: 0.0886
Testing : Epoch [28/50], Loss: 0.3056, results: {'mAP': 0.61465466, 'mAR': 0.6047975, 'mAUC': 0.90810823, 'm_Accuracy': 0.6047975, 'ap': array([0.592     , 0.9538715 , 0.20408164, 0.5869565 , 0.73636365],
      dtype=float32), 'ar': array([0.6883721 , 0.9445351 , 0.23809524, 0.40298507, 0.75      ],
      dtype=float32), 'auc': array([0.9147036 , 0.9848595 , 0.83840626, 0.87695944, 0.9256124 ],
      dtype=float32), 'accuracy': array([0.6883721 , 0.9445351 , 0.23809524, 0.40298507, 0.75      ],
      dtype=float32), 'f1': {'micro': tensor(0.7786), 'macro': tensor(0.6053), 'none': tensor([0.6366, 0.9492, 0.2198, 0.4779, 0.7431])}}
Training : Epoch [29/50], Loss: 0.0520
Testing : Epoch [29/50], Loss: 0.3000, results: {'mAP': 0.6493577, 'mAR': 0.60529935, 'mAUC': 0.8996748, 'm_Accuracy': 0.60529935, 'ap': array([0.6881188 , 0.9692833 , 0.35714287, 0.55263156, 0.6796116 ],
      dtype=float32), 'ar': array([0.6465116 , 0.92659056, 0.11904762, 0.47014925, 0.86419755],
      dtype=float32), 'auc': array([0.9117115 , 0.9815079 , 0.8043768 , 0.8679717 , 0.93280584],
      dtype=float32), 'accuracy': array([0.6465116 , 0.92659056, 0.11904762, 0.47014925, 0.86419755],
      dtype=float32), 'f1': {'micro': tensor(0.7944), 'macro': tensor(0.6123), 'none': tensor([0.6667, 0.9475, 0.1786, 0.5081, 0.7609])}}
Training : Epoch [30/50], Loss: 0.0606
Testing : Epoch [30/50], Loss: 0.3132, results: {'mAP': 0.61743593, 'mAR': 0.6051812, 'mAUC': 0.8959635, 'm_Accuracy': 0.6051812, 'ap': array([0.70652175, 0.9691781 , 0.17948718, 0.54310346, 0.6888889 ],
      dtype=float32), 'ar': array([0.60465115, 0.9233279 , 0.16666667, 0.47014925, 0.8611111 ],
      dtype=float32), 'auc': array([0.91025305, 0.98408604, 0.7887321 , 0.8629966 , 0.93374956],
      dtype=float32), 'accuracy': array([0.60465115, 0.9233279 , 0.16666667, 0.47014925, 0.8611111 ],
      dtype=float32), 'f1': {'micro': tensor(0.7869), 'macro': tensor(0.6079), 'none': tensor([0.6516, 0.9457, 0.1728, 0.5040, 0.7654])}}
Training : Epoch [31/50], Loss: 0.0726
Testing : Epoch [31/50], Loss: 0.3196, results: {'mAP': 0.6422814, 'mAR': 0.60159487, 'mAUC': 0.89694834, 'm_Accuracy': 0.60159487, 'ap': array([0.6513761 , 0.96644294, 0.3181818 , 0.5955056 , 0.67990077],
      dtype=float32), 'ar': array([0.6604651 , 0.9396411 , 0.16666667, 0.3955224 , 0.845679  ],
      dtype=float32), 'auc': array([0.91216284, 0.98274904, 0.8313153 , 0.82459563, 0.93391865],
      dtype=float32), 'accuracy': array([0.6604651 , 0.9396411 , 0.16666667, 0.3955224 , 0.845679  ],
      dtype=float32), 'f1': {'micro': tensor(0.7922), 'macro': tensor(0.6113), 'none': tensor([0.6559, 0.9529, 0.2188, 0.4753, 0.7538])}}
Saving ./data/aug/0.05_0.0001_50/checkpoint_30.pt
Training : Epoch [32/50], Loss: 0.0470
Testing : Epoch [32/50], Loss: 0.3297, results: {'mAP': 0.63178337, 'mAR': 0.5646323, 'mAUC': 0.8779804, 'm_Accuracy': 0.5646323, 'ap': array([0.5191083, 0.9341894, 0.2777778, 0.7037037, 0.7241379],
      dtype=float32), 'ar': array([0.75813955, 0.94942904, 0.11904762, 0.2835821 , 0.712963  ],
      dtype=float32), 'auc': array([0.90487057, 0.98161966, 0.749926  , 0.8259644 , 0.9275214 ],
      dtype=float32), 'accuracy': array([0.75813955, 0.94942904, 0.11904762, 0.2835821 , 0.712963  ],
      dtype=float32), 'f1': {'micro': tensor(0.7673), 'macro': tensor(0.5695), 'none': tensor([0.6163, 0.9417, 0.1667, 0.4043, 0.7185])}}
Training : Epoch [33/50], Loss: 0.0447
Testing : Epoch [33/50], Loss: 0.3080, results: {'mAP': 0.64176244, 'mAR': 0.5984823, 'mAUC': 0.8952487, 'm_Accuracy': 0.5984823, 'ap': array([0.6359447 , 0.94876033, 0.24242425, 0.69014084, 0.69154227],
      dtype=float32), 'ar': array([0.6418605 , 0.9363785 , 0.1904762 , 0.36567163, 0.8580247 ],
      dtype=float32), 'auc': array([0.9041434 , 0.9803648 , 0.82168776, 0.83719593, 0.9328519 ],
      dtype=float32), 'accuracy': array([0.6418605 , 0.9363785 , 0.1904762 , 0.36567163, 0.8580247 ],
      dtype=float32), 'f1': {'micro': tensor(0.7884), 'macro': tensor(0.6077), 'none': tensor([0.6389, 0.9425, 0.2133, 0.4780, 0.7658])}}
Training : Epoch [34/50], Loss: 0.0436
Testing : Epoch [34/50], Loss: 0.3010, results: {'mAP': 0.62560153, 'mAR': 0.60678184, 'mAUC': 0.8910778, 'm_Accuracy': 0.60678184, 'ap': array([0.6755319, 0.9461664, 0.2580645, 0.5294118, 0.7188329],
      dtype=float32), 'ar': array([0.59069765, 0.9461664 , 0.1904762 , 0.47014925, 0.83641976],
      dtype=float32), 'auc': array([0.9041309 , 0.9822768 , 0.78214103, 0.85428387, 0.9325568 ],
      dtype=float32), 'accuracy': array([0.59069765, 0.9461664 , 0.1904762 , 0.47014925, 0.83641976],
      dtype=float32), 'f1': {'micro': tensor(0.7899), 'macro': tensor(0.6134), 'none': tensor([0.6303, 0.9462, 0.2192, 0.4980, 0.7732])}}
Training : Epoch [35/50], Loss: 0.0319
Testing : Epoch [35/50], Loss: 0.2954, results: {'mAP': 0.5985711, 'mAR': 0.5945566, 'mAUC': 0.89254797, 'm_Accuracy': 0.5945566, 'ap': array([0.61860466, 0.94165313, 0.20454545, 0.4915254 , 0.73652697],
      dtype=float32), 'ar': array([0.61860466, 0.9477977 , 0.21428572, 0.43283582, 0.7592593 ],
      dtype=float32), 'auc': array([0.9131449 , 0.9838602 , 0.7960083 , 0.84048975, 0.92923677],
      dtype=float32), 'accuracy': array([0.61860466, 0.9477977 , 0.21428572, 0.43283582, 0.7592593 ],
      dtype=float32), 'f1': {'micro': tensor(0.7733), 'macro': tensor(0.5961), 'none': tensor([0.6186, 0.9447, 0.2093, 0.4603, 0.7477])}}
Training : Epoch [36/50], Loss: 0.0287
Testing : Epoch [36/50], Loss: 0.2805, results: {'mAP': 0.62737286, 'mAR': 0.61158574, 'mAUC': 0.8945082, 'm_Accuracy': 0.61158574, 'ap': array([0.6309013 , 0.9375    , 0.2857143 , 0.5163934 , 0.76635516],
      dtype=float32), 'ar': array([0.68372095, 0.954323  , 0.1904762 , 0.47014925, 0.7592593 ],
      dtype=float32), 'auc': array([0.91341233, 0.98443514, 0.8031548 , 0.83717096, 0.9343675 ],
      dtype=float32), 'accuracy': array([0.68372095, 0.954323  , 0.1904762 , 0.47014925, 0.7592593 ],
      dtype=float32), 'f1': {'micro': tensor(0.7899), 'macro': tensor(0.6171), 'none': tensor([0.6563, 0.9458, 0.2286, 0.4922, 0.7628])}}
Training : Epoch [37/50], Loss: 0.0265
Testing : Epoch [37/50], Loss: 0.2889, results: {'mAP': 0.62463814, 'mAR': 0.60441405, 'mAUC': 0.9015535, 'm_Accuracy': 0.60441405, 'ap': array([0.62655604, 0.9520661 , 0.2777778 , 0.5365854 , 0.7302053 ],
      dtype=float32), 'ar': array([0.7023256 , 0.9396411 , 0.11904762, 0.49253732, 0.7685185 ],
      dtype=float32), 'auc': array([0.9201112 , 0.9824456 , 0.79789674, 0.8720093 , 0.93530506],
      dtype=float32), 'accuracy': array([0.7023256 , 0.9396411 , 0.11904762, 0.49253732, 0.7685185 ],
      dtype=float32), 'f1': {'micro': tensor(0.7884), 'macro': tensor(0.6075), 'none': tensor([0.6623, 0.9458, 0.1667, 0.5136, 0.7489])}}
Training : Epoch [38/50], Loss: 0.0300
