Train size = 5308, Test size = 1328
Classes : ['affected', 'destroyed', 'major', 'minor', 'no_damage']
Training : Epoch [1/50], Loss: 1.5989
Testing : Epoch [1/50], Loss: 1.9932, results: {'mAP': 0.09231928, 'mAR': 0.2, 'mAUC': 0.49224743, 'm_Accuracy': 0.2, 'ap': array([0.       , 0.4615964, 0.       , 0.       , 0.       ],
      dtype=float32), 'ar': array([0., 1., 0., 0., 0.], dtype=float32), 'auc': array([0.55846965, 0.51495224, 0.5072391 , 0.47518688, 0.40538925],
      dtype=float32), 'accuracy': array([0., 1., 0., 0., 0.], dtype=float32), 'f1': {'micro': tensor(0.4616), 'macro': tensor(0.1263), 'none': tensor([0.0000, 0.6316, 0.0000, 0.0000, 0.0000])}}
Saving ./data/aug/0.005_0.0_50/checkpoint_0.pt
Training : Epoch [2/50], Loss: 1.5000
Testing : Epoch [2/50], Loss: 1.8640, results: {'mAP': 0.09231928, 'mAR': 0.2, 'mAUC': 0.57805055, 'm_Accuracy': 0.2, 'ap': array([0.       , 0.4615964, 0.       , 0.       , 0.       ],
      dtype=float32), 'ar': array([0., 1., 0., 0., 0.], dtype=float32), 'auc': array([0.6102802 , 0.6800853 , 0.58542544, 0.5675767 , 0.4468853 ],
      dtype=float32), 'accuracy': array([0., 1., 0., 0., 0.], dtype=float32), 'f1': {'micro': tensor(0.4616), 'macro': tensor(0.1263), 'none': tensor([0.0000, 0.6316, 0.0000, 0.0000, 0.0000])}}
Training : Epoch [3/50], Loss: 1.3985
Testing : Epoch [3/50], Loss: 1.7427, results: {'mAP': 0.09231928, 'mAR': 0.2, 'mAUC': 0.5751397, 'm_Accuracy': 0.2, 'ap': array([0.       , 0.4615964, 0.       , 0.       , 0.       ],
      dtype=float32), 'ar': array([0., 1., 0., 0., 0.], dtype=float32), 'auc': array([0.5873085 , 0.7502721 , 0.5125435 , 0.55434823, 0.47122622],
      dtype=float32), 'accuracy': array([0., 1., 0., 0., 0.], dtype=float32), 'f1': {'micro': tensor(0.4616), 'macro': tensor(0.1263), 'none': tensor([0.0000, 0.6316, 0.0000, 0.0000, 0.0000])}}
Training : Epoch [4/50], Loss: 1.3508
Testing : Epoch [4/50], Loss: 1.6894, results: {'mAP': 0.09231928, 'mAR': 0.2, 'mAUC': 0.60639906, 'm_Accuracy': 0.2, 'ap': array([0.       , 0.4615964, 0.       , 0.       , 0.       ],
      dtype=float32), 'ar': array([0., 1., 0., 0., 0.], dtype=float32), 'auc': array([0.583046  , 0.816652  , 0.58720285, 0.56636417, 0.47873014],
      dtype=float32), 'accuracy': array([0., 1., 0., 0., 0.], dtype=float32), 'f1': {'micro': tensor(0.4616), 'macro': tensor(0.1263), 'none': tensor([0.0000, 0.6316, 0.0000, 0.0000, 0.0000])}}
Training : Epoch [5/50], Loss: 1.3357
Testing : Epoch [5/50], Loss: 1.6715, results: {'mAP': 0.09231928, 'mAR': 0.2, 'mAUC': 0.65088713, 'm_Accuracy': 0.2, 'ap': array([0.       , 0.4615964, 0.       , 0.       , 0.       ],
      dtype=float32), 'ar': array([0., 1., 0., 0., 0.], dtype=float32), 'auc': array([0.5709773 , 0.86442006, 0.57115084, 0.629397  , 0.6184905 ],
      dtype=float32), 'accuracy': array([0., 1., 0., 0., 0.], dtype=float32), 'f1': {'micro': tensor(0.4616), 'macro': tensor(0.1263), 'none': tensor([0.0000, 0.6316, 0.0000, 0.0000, 0.0000])}}
Training : Epoch [6/50], Loss: 1.3245
Testing : Epoch [6/50], Loss: 1.6558, results: {'mAP': 0.09231928, 'mAR': 0.2, 'mAUC': 0.72084147, 'm_Accuracy': 0.2, 'ap': array([0.       , 0.4615964, 0.       , 0.       , 0.       ],
      dtype=float32), 'ar': array([0., 1., 0., 0., 0.], dtype=float32), 'auc': array([0.6663658 , 0.90015286, 0.61091053, 0.6957486 , 0.73102957],
      dtype=float32), 'accuracy': array([0., 1., 0., 0., 0.], dtype=float32), 'f1': {'micro': tensor(0.4616), 'macro': tensor(0.1263), 'none': tensor([0.0000, 0.6316, 0.0000, 0.0000, 0.0000])}}
Training : Epoch [7/50], Loss: 1.2967
Testing : Epoch [7/50], Loss: 1.6122, results: {'mAP': 0.09231928, 'mAR': 0.2, 'mAUC': 0.766026, 'm_Accuracy': 0.2, 'ap': array([0.       , 0.4615964, 0.       , 0.       , 0.       ],
      dtype=float32), 'ar': array([0., 1., 0., 0., 0.], dtype=float32), 'auc': array([0.7223511 , 0.9180187 , 0.65739095, 0.7191867 , 0.8131825 ],
      dtype=float32), 'accuracy': array([0., 1., 0., 0., 0.], dtype=float32), 'f1': {'micro': tensor(0.4616), 'macro': tensor(0.1263), 'none': tensor([0.0000, 0.6316, 0.0000, 0.0000, 0.0000])}}
Training : Epoch [8/50], Loss: 1.1521
Testing : Epoch [8/50], Loss: 1.3996, results: {'mAP': 0.2540025, 'mAR': 0.35860774, 'mAUC': 0.7759229, 'm_Accuracy': 0.35860774, 'ap': array([0.        , 0.8374613 , 0.        , 0.        , 0.43255132],
      dtype=float32), 'ar': array([0.        , 0.8825449 , 0.        , 0.        , 0.91049385],
      dtype=float32), 'auc': array([0.7329823 , 0.93262756, 0.66022366, 0.72148055, 0.8323004 ],
      dtype=float32), 'accuracy': array([0.        , 0.8825449 , 0.        , 0.        , 0.91049385],
      dtype=float32), 'f1': {'micro': tensor(0.6295), 'macro': tensor(0.2892), 'none': tensor([0.0000, 0.8594, 0.0000, 0.0000, 0.5865])}}
Training : Epoch [9/50], Loss: 0.9329
Testing : Epoch [9/50], Loss: 1.1581, results: {'mAP': 0.2668344, 'mAR': 0.36656195, 'mAUC': 0.8007368, 'm_Accuracy': 0.36656195, 'ap': array([0.        , 0.91638225, 0.        , 0.        , 0.41778976],
      dtype=float32), 'ar': array([0.        , 0.8760196 , 0.        , 0.        , 0.95679015],
      dtype=float32), 'auc': array([0.74671847, 0.94152343, 0.7081574 , 0.7700255 , 0.837259  ],
      dtype=float32), 'accuracy': array([0.        , 0.8760196 , 0.        , 0.        , 0.95679015],
      dtype=float32), 'f1': {'micro': tensor(0.6378), 'macro': tensor(0.2955), 'none': tensor([0.0000, 0.8957, 0.0000, 0.0000, 0.5816])}}
Training : Epoch [10/50], Loss: 0.8839
Testing : Epoch [10/50], Loss: 1.1029, results: {'mAP': 0.37564614, 'mAR': 0.38015002, 'mAUC': 0.7966498, 'm_Accuracy': 0.38015002, 'ap': array([0.5       , 0.9519573 , 0.        , 0.        , 0.42627347],
      dtype=float32), 'ar': array([0.04651163, 0.87275696, 0.        , 0.        , 0.9814815 ],
      dtype=float32), 'auc': array([0.7911114 , 0.9471817 , 0.6447456 , 0.76451284, 0.83569735],
      dtype=float32), 'accuracy': array([0.04651163, 0.87275696, 0.        , 0.        , 0.9814815 ],
      dtype=float32), 'f1': {'micro': tensor(0.6498), 'macro': tensor(0.3180), 'none': tensor([0.0851, 0.9106, 0.0000, 0.0000, 0.5944])}}
Training : Epoch [11/50], Loss: 0.8612
Testing : Epoch [11/50], Loss: 1.0698, results: {'mAP': 0.40064317, 'mAR': 0.4023389, 'mAUC': 0.8247614, 'm_Accuracy': 0.4023389, 'ap': array([0.6111111 , 0.9396552 , 0.        , 0.        , 0.45244956],
      dtype=float32), 'ar': array([0.15348837, 0.88907015, 0.        , 0.        , 0.9691358 ],
      dtype=float32), 'auc': array([0.822186  , 0.9634105 , 0.71587795, 0.76833797, 0.8539945 ],
      dtype=float32), 'accuracy': array([0.15348837, 0.88907015, 0.        , 0.        , 0.9691358 ],
      dtype=float32), 'f1': {'micro': tensor(0.6717), 'macro': tensor(0.3552), 'none': tensor([0.2454, 0.9137, 0.0000, 0.0000, 0.6169])}}
Saving ./data/aug/0.005_0.0_50/checkpoint_10.pt
Training : Epoch [12/50], Loss: 0.8277
Testing : Epoch [12/50], Loss: 1.0309, results: {'mAP': 0.40308428, 'mAR': 0.44403046, 'mAUC': 0.8313322, 'm_Accuracy': 0.44403046, 'ap': array([0.58064514, 0.9322034 , 0.        , 0.        , 0.5025729 ],
      dtype=float32), 'ar': array([0.41860464, 0.89722675, 0.        , 0.        , 0.904321  ],
      dtype=float32), 'auc': array([0.8465492 , 0.96283555, 0.71535957, 0.7654379 , 0.8664785 ],
      dtype=float32), 'accuracy': array([0.41860464, 0.89722675, 0.        , 0.        , 0.904321  ],
      dtype=float32), 'f1': {'micro': tensor(0.7026), 'macro': tensor(0.4094), 'none': tensor([0.4865, 0.9144, 0.0000, 0.0000, 0.6461])}}
Training : Epoch [13/50], Loss: 0.8037
Testing : Epoch [13/50], Loss: 1.0025, results: {'mAP': 0.40258485, 'mAR': 0.47345677, 'mAUC': 0.8359248, 'm_Accuracy': 0.47345677, 'ap': array([0.48096886, 0.96113074, 0.        , 0.        , 0.5708245 ],
      dtype=float32), 'ar': array([0.6465116 , 0.88743883, 0.        , 0.        , 0.8333333 ],
      dtype=float32), 'auc': array([0.86942476, 0.9625047 , 0.71676666, 0.7519438 , 0.87898403],
      dtype=float32), 'accuracy': array([0.6465116 , 0.88743883, 0.        , 0.        , 0.8333333 ],
      dtype=float32), 'f1': {'micro': tensor(0.7176), 'macro': tensor(0.4304), 'none': tensor([0.5516, 0.9228, 0.0000, 0.0000, 0.6775])}}
Training : Epoch [14/50], Loss: 0.7763
Testing : Epoch [14/50], Loss: 0.9688, results: {'mAP': 0.40243158, 'mAR': 0.46649155, 'mAUC': 0.837208, 'm_Accuracy': 0.46649155, 'ap': array([0.5186722 , 0.94548553, 0.        , 0.        , 0.548     ],
      dtype=float32), 'ar': array([0.5813953 , 0.90538335, 0.        , 0.        , 0.845679  ],
      dtype=float32), 'auc': array([0.8769302 , 0.96763825, 0.6911612 , 0.7709818 , 0.87932837],
      dtype=float32), 'accuracy': array([0.5813953 , 0.90538335, 0.        , 0.        , 0.845679  ],
      dtype=float32), 'f1': {'micro': tensor(0.7184), 'macro': tensor(0.4277), 'none': tensor([0.5482, 0.9250, 0.0000, 0.0000, 0.6650])}}
Training : Epoch [15/50], Loss: 0.7501
Testing : Epoch [15/50], Loss: 0.9338, results: {'mAP': 0.4165164, 'mAR': 0.47415036, 'mAUC': 0.84549063, 'm_Accuracy': 0.47415036, 'ap': array([0.6069652, 0.9062003, 0.       , 0.       , 0.5694165],
      dtype=float32), 'ar': array([0.5674419, 0.9298532, 0.       , 0.       , 0.8734568],
      dtype=float32), 'auc': array([0.8878999 , 0.9698103 , 0.69386435, 0.7846134 , 0.8912652 ],
      dtype=float32), 'accuracy': array([0.5674419, 0.9298532, 0.       , 0.       , 0.8734568],
      dtype=float32), 'f1': {'micro': tensor(0.7342), 'macro': tensor(0.4388), 'none': tensor([0.5865, 0.9179, 0.0000, 0.0000, 0.6894])}}
Training : Epoch [16/50], Loss: 0.7334
Testing : Epoch [16/50], Loss: 0.9146, results: {'mAP': 0.61408067, 'mAR': 0.48042607, 'mAUC': 0.85518044, 'm_Accuracy': 0.48042607, 'ap': array([0.55982906, 0.9490662 , 0.        , 1.        , 0.56150794],
      dtype=float32), 'ar': array([0.60930234, 0.9119086 , 0.        , 0.00746269, 0.8734568 ],
      dtype=float32), 'auc': array([0.8926806 , 0.97399014, 0.7294305 , 0.7866634 , 0.89313734],
      dtype=float32), 'accuracy': array([0.60930234, 0.9119086 , 0.        , 0.00746269, 0.8734568 ],
      dtype=float32), 'f1': {'micro': tensor(0.7334), 'macro': tensor(0.4424), 'none': tensor([0.5835, 0.9301, 0.0000, 0.0148, 0.6836])}}
Training : Epoch [17/50], Loss: 0.7094
Testing : Epoch [17/50], Loss: 0.8896, results: {'mAP': 0.51819766, 'mAR': 0.4909215, 'mAUC': 0.8464683, 'm_Accuracy': 0.4909215, 'ap': array([0.57322174, 0.92258066, 0.        , 0.5       , 0.595186  ],
      dtype=float32), 'ar': array([0.6372093 , 0.93311584, 0.        , 0.04477612, 0.83950615],
      dtype=float32), 'auc': array([0.89639986, 0.97611654, 0.67823815, 0.78817594, 0.8934109 ],
      dtype=float32), 'accuracy': array([0.6372093 , 0.93311584, 0.        , 0.04477612, 0.83950615],
      dtype=float32), 'f1': {'micro': tensor(0.7432), 'macro': tensor(0.4620), 'none': tensor([0.6035, 0.9278, 0.0000, 0.0822, 0.6965])}}
Training : Epoch [18/50], Loss: 0.6915
Testing : Epoch [18/50], Loss: 0.8728, results: {'mAP': 0.50122184, 'mAR': 0.48996443, 'mAUC': 0.85392255, 'm_Accuracy': 0.48996443, 'ap': array([0.5035461 , 0.9494098 , 0.        , 0.45454547, 0.5986079 ],
      dtype=float32), 'ar': array([0.6604651 , 0.9184339 , 0.        , 0.07462686, 0.7962963 ],
      dtype=float32), 'auc': array([0.8963873 , 0.97593856, 0.7123602 , 0.79052603, 0.8944008 ],
      dtype=float32), 'accuracy': array([0.6604651 , 0.9184339 , 0.        , 0.07462686, 0.7962963 ],
      dtype=float32), 'f1': {'micro': tensor(0.7327), 'macro': tensor(0.4633), 'none': tensor([0.5714, 0.9337, 0.0000, 0.1282, 0.6834])}}
Training : Epoch [19/50], Loss: 0.6715
Testing : Epoch [19/50], Loss: 0.8573, results: {'mAP': 0.46130213, 'mAR': 0.4777701, 'mAUC': 0.8513959, 'm_Accuracy': 0.4777701, 'ap': array([0.516     , 0.9462185 , 0.        , 0.26666668, 0.5776256 ],
      dtype=float32), 'ar': array([0.6       , 0.9184339 , 0.        , 0.08955224, 0.7808642 ],
      dtype=float32), 'auc': array([0.87881064, 0.9736776 , 0.7421684 , 0.77374434, 0.8885784 ],
      dtype=float32), 'accuracy': array([0.6       , 0.9184339 , 0.        , 0.08955224, 0.7808642 ],
      dtype=float32), 'f1': {'micro': tensor(0.7206), 'macro': tensor(0.4570), 'none': tensor([0.5548, 0.9321, 0.0000, 0.1341, 0.6640])}}
Training : Epoch [20/50], Loss: 0.6639
Testing : Epoch [20/50], Loss: 0.8369, results: {'mAP': 0.5297729, 'mAR': 0.50497925, 'mAUC': 0.85195875, 'm_Accuracy': 0.50497925, 'ap': array([0.61165047, 0.93679094, 0.        , 0.5       , 0.60042286],
      dtype=float32), 'ar': array([0.5860465 , 0.94290376, 0.        , 0.11940298, 0.8765432 ],
      dtype=float32), 'auc': array([0.9004618 , 0.97947043, 0.6841257 , 0.79528236, 0.90045375],
      dtype=float32), 'accuracy': array([0.5860465 , 0.94290376, 0.        , 0.11940298, 0.8765432 ],
      dtype=float32), 'f1': {'micro': tensor(0.7560), 'macro': tensor(0.4888), 'none': tensor([0.5986, 0.9398, 0.0000, 0.1928, 0.7127])}}
Training : Epoch [21/50], Loss: 0.6450
Testing : Epoch [21/50], Loss: 0.8206, results: {'mAP': 0.49777418, 'mAR': 0.5040661, 'mAUC': 0.8609058, 'm_Accuracy': 0.5040661, 'ap': array([0.56837606, 0.94536424, 0.        , 0.36363637, 0.61149424],
      dtype=float32), 'ar': array([0.61860466, 0.9314845 , 0.        , 0.14925373, 0.82098764],
      dtype=float32), 'auc': array([0.8935122 , 0.9752313 , 0.73542917, 0.79622614, 0.9041304 ],
      dtype=float32), 'accuracy': array([0.61860466, 0.9314845 , 0.        , 0.14925373, 0.82098764],
      dtype=float32), 'f1': {'micro': tensor(0.7455), 'macro': tensor(0.4887), 'none': tensor([0.5924, 0.9384, 0.0000, 0.2116, 0.7009])}}
Saving ./data/aug/0.005_0.0_50/checkpoint_20.pt
Training : Epoch [22/50], Loss: 0.6366
Testing : Epoch [22/50], Loss: 0.8121, results: {'mAP': 0.52880436, 'mAR': 0.51157266, 'mAUC': 0.8579799, 'm_Accuracy': 0.51157266, 'ap': array([0.5625   , 0.9377049, 0.       , 0.5185185, 0.6252983],
      dtype=float32), 'ar': array([0.7116279 , 0.93311584, 0.        , 0.10447761, 0.80864197],
      dtype=float32), 'auc': array([0.9039094 , 0.9760823 , 0.70623195, 0.80239505, 0.9012807 ],
      dtype=float32), 'accuracy': array([0.7116279 , 0.93311584, 0.        , 0.10447761, 0.80864197],
      dtype=float32), 'f1': {'micro': tensor(0.7538), 'macro': tensor(0.4886), 'none': tensor([0.6283, 0.9354, 0.0000, 0.1739, 0.7052])}}
Training : Epoch [23/50], Loss: 0.6273
Testing : Epoch [23/50], Loss: 0.8039, results: {'mAP': 0.49440235, 'mAR': 0.51101345, 'mAUC': 0.8620903, 'm_Accuracy': 0.51101345, 'ap': array([0.58078605, 0.9186603 , 0.        , 0.3359375 , 0.6366279 ],
      dtype=float32), 'ar': array([0.61860466, 0.9396411 , 0.        , 0.32089552, 0.6759259 ],
      dtype=float32), 'auc': array([0.9061535 , 0.9755416 , 0.73146707, 0.80078876, 0.8965004 ],
      dtype=float32), 'accuracy': array([0.61860466, 0.9396411 , 0.        , 0.32089552, 0.6759259 ],
      dtype=float32), 'f1': {'micro': tensor(0.7312), 'macro': tensor(0.5024), 'none': tensor([0.5991, 0.9290, 0.0000, 0.3282, 0.6557])}}
Training : Epoch [24/50], Loss: 0.6114
Testing : Epoch [24/50], Loss: 0.7811, results: {'mAP': 0.52037686, 'mAR': 0.51265997, 'mAUC': 0.8631743, 'm_Accuracy': 0.51265997, 'ap': array([0.56439394, 0.93841165, 0.        , 0.475     , 0.62407863],
      dtype=float32), 'ar': array([0.69302326, 0.9445351 , 0.        , 0.14179105, 0.7839506 ],
      dtype=float32), 'auc': array([0.9111181 , 0.98077095, 0.7015848 , 0.8186642 , 0.90373385],
      dtype=float32), 'accuracy': array([0.69302326, 0.9445351 , 0.        , 0.14179105, 0.7839506 ],
      dtype=float32), 'f1': {'micro': tensor(0.7538), 'macro': tensor(0.4954), 'none': tensor([0.6221, 0.9415, 0.0000, 0.2184, 0.6949])}}
Training : Epoch [25/50], Loss: 0.6050
Testing : Epoch [25/50], Loss: 0.7749, results: {'mAP': 0.5244019, 'mAR': 0.5347068, 'mAUC': 0.8602212, 'm_Accuracy': 0.5347068, 'ap': array([0.6       , 0.91419655, 0.        , 0.43434343, 0.67346936],
      dtype=float32), 'ar': array([0.68372095, 0.9559543 , 0.        , 0.32089552, 0.712963  ],
      dtype=float32), 'auc': array([0.906166  , 0.98213077, 0.6870881 , 0.81490785, 0.9108135 ],
      dtype=float32), 'accuracy': array([0.68372095, 0.9559543 , 0.        , 0.32089552, 0.712963  ],
      dtype=float32), 'f1': {'micro': tensor(0.7583), 'macro': tensor(0.5271), 'none': tensor([0.6391, 0.9346, 0.0000, 0.3691, 0.6927])}}
Training : Epoch [26/50], Loss: 0.5983
Testing : Epoch [26/50], Loss: 0.7713, results: {'mAP': 0.5222507, 'mAR': 0.5342733, 'mAUC': 0.8583082, 'm_Accuracy': 0.5342733, 'ap': array([0.61504424, 0.9383117 , 0.        , 0.407767  , 0.65013057],
      dtype=float32), 'ar': array([0.6465116 , 0.94290376, 0.        , 0.31343284, 0.7685185 ],
      dtype=float32), 'auc': array([0.9007627 , 0.9806272 , 0.69367915, 0.81062025, 0.9058519 ],
      dtype=float32), 'accuracy': array([0.6465116 , 0.94290376, 0.        , 0.31343284, 0.7685185 ],
      dtype=float32), 'f1': {'micro': tensor(0.7590), 'macro': tensor(0.5260), 'none': tensor([0.6304, 0.9406, 0.0000, 0.3544, 0.7044])}}
Training : Epoch [27/50], Loss: 0.5759
Testing : Epoch [27/50], Loss: 0.7455, results: {'mAP': 0.51908267, 'mAR': 0.5189807, 'mAUC': 0.87177676, 'm_Accuracy': 0.5189807, 'ap': array([0.6179245 , 0.9450915 , 0.        , 0.42028984, 0.61210763],
      dtype=float32), 'ar': array([0.60930234, 0.92659056, 0.        , 0.21641791, 0.8425926 ],
      dtype=float32), 'auc': array([0.905301  , 0.9807436 , 0.73287416, 0.82989573, 0.9100696 ],
      dtype=float32), 'accuracy': array([0.60930234, 0.92659056, 0.        , 0.21641791, 0.8425926 ],
      dtype=float32), 'f1': {'micro': tensor(0.7538), 'macro': tensor(0.5088), 'none': tensor([0.6136, 0.9357, 0.0000, 0.2857, 0.7091])}}
Training : Epoch [28/50], Loss: 0.5755
Testing : Epoch [28/50], Loss: 0.7480, results: {'mAP': 0.5200144, 'mAR': 0.5346149, 'mAUC': 0.86982805, 'm_Accuracy': 0.5346149, 'ap': array([0.5748988 , 0.9216    , 0.        , 0.42727274, 0.6763006 ],
      dtype=float32), 'ar': array([0.6604651 , 0.9396411 , 0.        , 0.35074627, 0.7222222 ],
      dtype=float32), 'auc': array([0.9025847 , 0.9795891 , 0.75005555, 0.8111203 , 0.90579045],
      dtype=float32), 'accuracy': array([0.6604651 , 0.9396411 , 0.        , 0.35074627, 0.7222222 ],
      dtype=float32), 'f1': {'micro': tensor(0.7523), 'macro': tensor(0.5258), 'none': tensor([0.6147, 0.9305, 0.0000, 0.3852, 0.6985])}}
Training : Epoch [29/50], Loss: 0.5672
Testing : Epoch [29/50], Loss: 0.7342, results: {'mAP': 0.52318174, 'mAR': 0.5470015, 'mAUC': 0.87238646, 'm_Accuracy': 0.5470015, 'ap': array([0.6039216 , 0.94290376, 0.        , 0.3941606 , 0.6749226 ],
      dtype=float32), 'ar': array([0.7162791 , 0.94290376, 0.        , 0.40298507, 0.6728395 ],
      dtype=float32), 'auc': array([0.9177626 , 0.98129344, 0.7366696 , 0.8139516 , 0.9122553 ],
      dtype=float32), 'accuracy': array([0.7162791 , 0.94290376, 0.        , 0.40298507, 0.6728395 ],
      dtype=float32), 'f1': {'micro': tensor(0.7560), 'macro': tensor(0.5341), 'none': tensor([0.6553, 0.9429, 0.0000, 0.3985, 0.6739])}}
Training : Epoch [30/50], Loss: 0.5525
Testing : Epoch [30/50], Loss: 0.7201, results: {'mAP': 0.5376286, 'mAR': 0.5503714, 'mAUC': 0.87212026, 'm_Accuracy': 0.5503714, 'ap': array([0.62114537, 0.9440789 , 0.        , 0.46846846, 0.65445024],
      dtype=float32), 'ar': array([0.65581393, 0.9363785 , 0.        , 0.3880597 , 0.77160496],
      dtype=float32), 'auc': array([0.9075033 , 0.9800637 , 0.72926384, 0.8366584 , 0.9071123 ],
      dtype=float32), 'accuracy': array([0.65581393, 0.9363785 , 0.        , 0.3880597 , 0.77160496],
      dtype=float32), 'f1': {'micro': tensor(0.7658), 'macro': tensor(0.5422), 'none': tensor([0.6380, 0.9402, 0.0000, 0.4245, 0.7082])}}
Training : Epoch [31/50], Loss: 0.5505
Testing : Epoch [31/50], Loss: 0.7145, results: {'mAP': 0.5350439, 'mAR': 0.5482032, 'mAUC': 0.8780556, 'm_Accuracy': 0.5482032, 'ap': array([0.5943775 , 0.9555921 , 0.        , 0.44791666, 0.67733335],
      dtype=float32), 'ar': array([0.6883721 , 0.9477977 , 0.        , 0.32089552, 0.7839506 ],
      dtype=float32), 'auc': array([0.9086734 , 0.97964615, 0.75055546, 0.83925223, 0.9121508 ],
      dtype=float32), 'accuracy': array([0.6883721 , 0.9477977 , 0.        , 0.32089552, 0.7839506 ],
      dtype=float32), 'f1': {'micro': tensor(0.7726), 'macro': tensor(0.5381), 'none': tensor([0.6379, 0.9517, 0.0000, 0.3739, 0.7268])}}
Saving ./data/aug/0.005_0.0_50/checkpoint_30.pt
Training : Epoch [32/50], Loss: 0.5405
Testing : Epoch [32/50], Loss: 0.7136, results: {'mAP': 0.53413427, 'mAR': 0.5582008, 'mAUC': 0.88265836, 'm_Accuracy': 0.5582008, 'ap': array([0.5954198 , 0.95600677, 0.        , 0.43548387, 0.6837607 ],
      dtype=float32), 'ar': array([0.7255814 , 0.9216966 , 0.        , 0.40298507, 0.7407407 ],
      dtype=float32), 'auc': array([0.9130195, 0.9758884, 0.7784011, 0.8388522, 0.9071307],
      dtype=float32), 'accuracy': array([0.7255814 , 0.9216966 , 0.        , 0.40298507, 0.7407407 ],
      dtype=float32), 'f1': {'micro': tensor(0.7643), 'macro': tensor(0.5445), 'none': tensor([0.6541, 0.9385, 0.0000, 0.4186, 0.7111])}}
Training : Epoch [33/50], Loss: 0.5216
Testing : Epoch [33/50], Loss: 0.6940, results: {'mAP': 0.5200663, 'mAR': 0.5476244, 'mAUC': 0.8814743, 'm_Accuracy': 0.5476244, 'ap': array([0.5488722 , 0.95033115, 0.        , 0.3902439 , 0.71088433],
      dtype=float32), 'ar': array([0.67906976, 0.9363785 , 0.        , 0.47761193, 0.64506173],
      dtype=float32), 'auc': array([0.9063332 , 0.9803101 , 0.77323556, 0.83264583, 0.9148468 ],
      dtype=float32), 'accuracy': array([0.67906976, 0.9363785 , 0.        , 0.47761193, 0.64506173],
      dtype=float32), 'f1': {'micro': tensor(0.7477), 'macro': tensor(0.5313), 'none': tensor([0.6071, 0.9433, 0.0000, 0.4295, 0.6764])}}
Training : Epoch [34/50], Loss: 0.5244
Testing : Epoch [34/50], Loss: 0.6918, results: {'mAP': 0.5297633, 'mAR': 0.5474895, 'mAUC': 0.8700282, 'm_Accuracy': 0.5474895, 'ap': array([0.6180258, 0.9525368, 0.       , 0.4180328, 0.660221 ],
      dtype=float32), 'ar': array([0.66976744, 0.94942904, 0.        , 0.38059703, 0.7376543 ],
      dtype=float32), 'auc': array([0.9096596 , 0.9814668 , 0.71524847, 0.83562714, 0.90813905],
      dtype=float32), 'accuracy': array([0.66976744, 0.94942904, 0.        , 0.38059703, 0.7376543 ],
      dtype=float32), 'f1': {'micro': tensor(0.7651), 'macro': tensor(0.5378), 'none': tensor([0.6429, 0.9510, 0.0000, 0.3984, 0.6968])}}
Training : Epoch [35/50], Loss: 0.5253
Testing : Epoch [35/50], Loss: 0.6932, results: {'mAP': 0.52786934, 'mAR': 0.5456136, 'mAUC': 0.87898177, 'm_Accuracy': 0.5456136, 'ap': array([0.5836735 , 0.9444444 , 0.        , 0.42372882, 0.6875    ],
      dtype=float32), 'ar': array([0.66511625, 0.94290376, 0.        , 0.37313432, 0.74691355],
      dtype=float32), 'auc': array([0.9084018 , 0.9799199 , 0.765367  , 0.83180207, 0.90941787],
      dtype=float32), 'accuracy': array([0.66511625, 0.94290376, 0.        , 0.37313432, 0.74691355],
      dtype=float32), 'f1': {'micro': tensor(0.7628), 'macro': tensor(0.5356), 'none': tensor([0.6217, 0.9437, 0.0000, 0.3968, 0.7160])}}
Training : Epoch [36/50], Loss: 0.5210
Testing : Epoch [36/50], Loss: 0.6885, results: {'mAP': 0.5249758, 'mAR': 0.55463827, 'mAUC': 0.88576394, 'm_Accuracy': 0.55463827, 'ap': array([0.5772059 , 0.95695364, 0.        , 0.35789475, 0.73282444],
      dtype=float32), 'ar': array([0.73023254, 0.94290376, 0.        , 0.5074627 , 0.5925926 ],
      dtype=float32), 'auc': array([0.9190706 , 0.98135275, 0.7772902 , 0.83540213, 0.9157045 ],
      dtype=float32), 'accuracy': array([0.73023254, 0.94290376, 0.        , 0.5074627 , 0.5925926 ],
      dtype=float32), 'f1': {'micro': tensor(0.7492), 'macro': tensor(0.5339), 'none': tensor([0.6448, 0.9499, 0.0000, 0.4198, 0.6553])}}
Training : Epoch [37/50], Loss: 0.5153
Testing : Epoch [37/50], Loss: 0.6808, results: {'mAP': 0.53037137, 'mAR': 0.54706943, 'mAUC': 0.8879941, 'm_Accuracy': 0.54706943, 'ap': array([0.56363636, 0.94299674, 0.        , 0.44761905, 0.6976048 ],
      dtype=float32), 'ar': array([0.7209302 , 0.9445351 , 0.        , 0.35074627, 0.7191358 ],
      dtype=float32), 'auc': array([0.9114315 , 0.98346317, 0.7927868 , 0.83795846, 0.9143303 ],
      dtype=float32), 'accuracy': array([0.7209302 , 0.9445351 , 0.        , 0.35074627, 0.7191358 ],
      dtype=float32), 'f1': {'micro': tensor(0.7636), 'macro': tensor(0.5356), 'none': tensor([0.6327, 0.9438, 0.0000, 0.3933, 0.7082])}}
Training : Epoch [38/50], Loss: 0.5211
Testing : Epoch [38/50], Loss: 0.6878, results: {'mAP': 0.52794397, 'mAR': 0.5489558, 'mAUC': 0.8833955, 'm_Accuracy': 0.5489558, 'ap': array([0.5967078, 0.9250399, 0.       , 0.4113475, 0.7066246],
      dtype=float32), 'ar': array([0.6744186 , 0.9461664 , 0.        , 0.43283582, 0.69135803],
      dtype=float32), 'auc': array([0.91324514, 0.9803876 , 0.77436495, 0.84144604, 0.90753347],
      dtype=float32), 'accuracy': array([0.6744186 , 0.9461664 , 0.        , 0.43283582, 0.69135803],
      dtype=float32), 'f1': {'micro': tensor(0.7583), 'macro': tensor(0.5379), 'none': tensor([0.6332, 0.9355, 0.0000, 0.4218, 0.6989])}}
Training : Epoch [39/50], Loss: 0.5080
Testing : Epoch [39/50], Loss: 0.6782, results: {'mAP': 0.5234727, 'mAR': 0.5485432, 'mAUC': 0.8859232, 'm_Accuracy': 0.5485432, 'ap': array([0.55597013, 0.94892913, 0.        , 0.39864865, 0.7138158 ],
      dtype=float32), 'ar': array([0.69302326, 0.9396411 , 0.        , 0.4402985 , 0.6697531 ],
      dtype=float32), 'auc': array([0.9071146 , 0.97997695, 0.7966748 , 0.8331271 , 0.9127226 ],
      dtype=float32), 'accuracy': array([0.69302326, 0.9396411 , 0.        , 0.4402985 , 0.6697531 ],
      dtype=float32), 'f1': {'micro': tensor(0.7538), 'macro': tensor(0.5342), 'none': tensor([0.6170, 0.9443, 0.0000, 0.4184, 0.6911])}}
