Train size = 5308, Test size = 1328
Classes : ['affected', 'destroyed', 'major', 'minor', 'no_damage']
Training : Epoch [1/50], Loss: 1.5435
Testing : Epoch [1/50], Loss: 1.9171, results: {'mAP': 0.09231928, 'mAR': 0.2, 'mAUC': 0.5374056, 'm_Accuracy': 0.2, 'ap': array([0.       , 0.4615964, 0.       , 0.       , 0.       ],
      dtype=float32), 'ar': array([0., 1., 0., 0., 0.], dtype=float32), 'auc': array([0.4199628 , 0.75034165, 0.40572464, 0.57908946, 0.5319094 ],
      dtype=float32), 'accuracy': array([0., 1., 0., 0., 0.], dtype=float32), 'f1': {'micro': tensor(0.4616), 'macro': tensor(0.1263), 'none': tensor([0.0000, 0.6316, 0.0000, 0.0000, 0.0000])}}
Saving ./data/aug/0.01_0.0001_10/checkpoint_0.pt
Training : Epoch [2/50], Loss: 1.4145
Testing : Epoch [2/50], Loss: 1.7590, results: {'mAP': 0.09231928, 'mAR': 0.2, 'mAUC': 0.5969182, 'm_Accuracy': 0.2, 'ap': array([0.       , 0.4615964, 0.       , 0.       , 0.       ],
      dtype=float32), 'ar': array([0., 1., 0., 0., 0.], dtype=float32), 'auc': array([0.46684217, 0.8375683 , 0.5149411 , 0.6119278 , 0.55331147],
      dtype=float32), 'accuracy': array([0., 1., 0., 0., 0.], dtype=float32), 'f1': {'micro': tensor(0.4616), 'macro': tensor(0.1263), 'none': tensor([0.0000, 0.6316, 0.0000, 0.0000, 0.0000])}}
Training : Epoch [3/50], Loss: 1.3431
Testing : Epoch [3/50], Loss: 1.6756, results: {'mAP': 0.09231928, 'mAR': 0.2, 'mAUC': 0.6388175, 'm_Accuracy': 0.2, 'ap': array([0.       , 0.4615964, 0.       , 0.       , 0.       ],
      dtype=float32), 'ar': array([0., 1., 0., 0., 0.], dtype=float32), 'auc': array([0.54462063, 0.885933  , 0.5858698 , 0.65439135, 0.52327263],
      dtype=float32), 'accuracy': array([0., 1., 0., 0., 0.], dtype=float32), 'f1': {'micro': tensor(0.4616), 'macro': tensor(0.1263), 'none': tensor([0.0000, 0.6316, 0.0000, 0.0000, 0.0000])}}
Training : Epoch [4/50], Loss: 1.2742
Testing : Epoch [4/50], Loss: 1.5682, results: {'mAP': 0.20378414, 'mAR': 0.2475752, 'mAUC': 0.75165975, 'm_Accuracy': 0.2475752, 'ap': array([0.        , 0.51596206, 0.        , 0.        , 0.5029586 ],
      dtype=float32), 'ar': array([0.        , 0.9755302 , 0.        , 0.        , 0.26234567],
      dtype=float32), 'auc': array([0.6838672 , 0.9229309 , 0.63017476, 0.70743644, 0.8138895 ],
      dtype=float32), 'accuracy': array([0.        , 0.9755302 , 0.        , 0.        , 0.26234567],
      dtype=float32), 'f1': {'micro': tensor(0.5143), 'macro': tensor(0.2040), 'none': tensor([0.0000, 0.6749, 0.0000, 0.0000, 0.3448])}}
Training : Epoch [5/50], Loss: 1.0093
Testing : Epoch [5/50], Loss: 1.2385, results: {'mAP': 0.26995552, 'mAR': 0.36739975, 'mAUC': 0.7847599, 'm_Accuracy': 0.36739975, 'ap': array([0.        , 0.9366197 , 0.        , 0.        , 0.41315788],
      dtype=float32), 'ar': array([0.        , 0.86786294, 0.        , 0.        , 0.9691358 ],
      dtype=float32), 'auc': array([0.73343784, 0.9387262 , 0.7018626 , 0.71999925, 0.8297735 ],
      dtype=float32), 'accuracy': array([0.        , 0.86786294, 0.        , 0.        , 0.9691358 ],
      dtype=float32), 'f1': {'micro': tensor(0.6370), 'macro': tensor(0.2961), 'none': tensor([0.0000, 0.9009, 0.0000, 0.0000, 0.5793])}}
Training : Epoch [6/50], Loss: 0.8980
Testing : Epoch [6/50], Loss: 1.1162, results: {'mAP': 0.27413192, 'mAR': 0.3715002, 'mAUC': 0.80482495, 'm_Accuracy': 0.3715002, 'ap': array([0.        , 0.95551604, 0.        , 0.        , 0.4151436 ],
      dtype=float32), 'ar': array([0.       , 0.8760196, 0.       , 0.       , 0.9814815],
      dtype=float32), 'auc': array([0.80318856, 0.95203   , 0.69453084, 0.7305745 , 0.8438007 ],
      dtype=float32), 'accuracy': array([0.       , 0.8760196, 0.       , 0.       , 0.9814815],
      dtype=float32), 'f1': {'micro': tensor(0.6438), 'macro': tensor(0.2995), 'none': tensor([0.0000, 0.9140, 0.0000, 0.0000, 0.5835])}}
Training : Epoch [7/50], Loss: 0.8629
Testing : Epoch [7/50], Loss: 1.0784, results: {'mAP': 0.35411423, 'mAR': 0.375283, 'mAUC': 0.8089069, 'm_Accuracy': 0.375283, 'ap': array([0.4      , 0.9458042, 0.       , 0.       , 0.424767 ],
      dtype=float32), 'ar': array([0.00930233, 0.8825449 , 0.        , 0.        , 0.9845679 ],
      dtype=float32), 'auc': array([0.8206816 , 0.95795524, 0.6717581 , 0.749875  , 0.8442649 ],
      dtype=float32), 'accuracy': array([0.00930233, 0.8825449 , 0.        , 0.        , 0.9845679 ],
      dtype=float32), 'f1': {'micro': tensor(0.6491), 'macro': tensor(0.3050), 'none': tensor([0.0182, 0.9131, 0.0000, 0.0000, 0.5935])}}
Training : Epoch [8/50], Loss: 0.8225
Testing : Epoch [8/50], Loss: 1.0339, results: {'mAP': 0.3941414, 'mAR': 0.41251054, 'mAUC': 0.8234588, 'm_Accuracy': 0.41251054, 'ap': array([0.65178573, 0.7603627 , 0.        , 0.        , 0.5585586 ],
      dtype=float32), 'ar': array([0.33953488, 0.95758563, 0.        , 0.        , 0.7654321 ],
      dtype=float32), 'auc': array([0.8538415 , 0.96820176, 0.6928275 , 0.7416873 , 0.8607361 ],
      dtype=float32), 'accuracy': array([0.33953488, 0.95758563, 0.        , 0.        , 0.7654321 ],
      dtype=float32), 'f1': {'micro': tensor(0.6837), 'macro': tensor(0.3880), 'none': tensor([0.4465, 0.8477, 0.0000, 0.0000, 0.6458])}}
Training : Epoch [9/50], Loss: 0.7694
Testing : Epoch [9/50], Loss: 0.9623, results: {'mAP': 0.4107891, 'mAR': 0.47833353, 'mAUC': 0.835124, 'm_Accuracy': 0.47833353, 'ap': array([0.54      , 0.95068026, 0.        , 0.        , 0.5632653 ],
      dtype=float32), 'ar': array([0.627907 , 0.9119086, 0.       , 0.       , 0.8518519],
      dtype=float32), 'auc': array([0.87893605, 0.9662168 , 0.69429016, 0.7554439 , 0.88073325],
      dtype=float32), 'accuracy': array([0.627907 , 0.9119086, 0.       , 0.       , 0.8518519],
      dtype=float32), 'f1': {'micro': tensor(0.7304), 'macro': tensor(0.4379), 'none': tensor([0.5806, 0.9309, 0.0000, 0.0000, 0.6781])}}
Training : Epoch [10/50], Loss: 0.7298
Testing : Epoch [10/50], Loss: 0.9117, results: {'mAP': 0.42153436, 'mAR': 0.48159266, 'mAUC': 0.85468566, 'm_Accuracy': 0.48159266, 'ap': array([0.600939  , 0.95840555, 0.        , 0.        , 0.54832715],
      dtype=float32), 'ar': array([0.59534883, 0.9021207 , 0.        , 0.        , 0.91049385],
      dtype=float32), 'auc': array([0.8920621 , 0.97374827, 0.7607754 , 0.75590014, 0.8909424 ],
      dtype=float32), 'accuracy': array([0.59534883, 0.9021207 , 0.        , 0.        , 0.91049385],
      dtype=float32), 'f1': {'micro': tensor(0.7349), 'macro': tensor(0.4424), 'none': tensor([0.5981, 0.9294, 0.0000, 0.0000, 0.6845])}}
Training : Epoch [11/50], Loss: 0.6971
Testing : Epoch [11/50], Loss: 0.8816, results: {'mAP': 0.42433938, 'mAR': 0.48356357, 'mAUC': 0.8587964, 'm_Accuracy': 0.48356357, 'ap': array([0.6076555 , 0.96385545, 0.        , 0.        , 0.55018586],
      dtype=float32), 'ar': array([0.59069765, 0.91353995, 0.        , 0.        , 0.91358024],
      dtype=float32), 'auc': array([0.8893123 , 0.9730798 , 0.7695327 , 0.76689416, 0.8951632 ],
      dtype=float32), 'accuracy': array([0.59069765, 0.91353995, 0.        , 0.        , 0.91358024],
      dtype=float32), 'f1': {'micro': tensor(0.7402), 'macro': tensor(0.4448), 'none': tensor([0.5991, 0.9380, 0.0000, 0.0000, 0.6868])}}
Saving ./data/aug/0.01_0.0001_10/checkpoint_10.pt
Training : Epoch [12/50], Loss: 0.6842
Testing : Epoch [12/50], Loss: 0.8611, results: {'mAP': 0.424946, 'mAR': 0.4870687, 'mAUC': 0.8628179, 'm_Accuracy': 0.4870687, 'ap': array([0.6037736, 0.9464883, 0.       , 0.       , 0.5744681],
      dtype=float32), 'ar': array([0.59534883, 0.9233279 , 0.        , 0.        , 0.9166667 ],
      dtype=float32), 'auc': array([0.8989532 , 0.97537273, 0.78128934, 0.7613128 , 0.89716136],
      dtype=float32), 'accuracy': array([0.59534883, 0.9233279 , 0.        , 0.        , 0.9166667 ],
      dtype=float32), 'f1': {'micro': tensor(0.7462), 'macro': tensor(0.4481), 'none': tensor([0.5995, 0.9348, 0.0000, 0.0000, 0.7063])}}
Training : Epoch [13/50], Loss: 0.6485
Testing : Epoch [13/50], Loss: 0.8336, results: {'mAP': 0.5218018, 'mAR': 0.48856515, 'mAUC': 0.85189867, 'm_Accuracy': 0.48856515, 'ap': array([0.5833333 , 0.9479866 , 0.        , 0.5       , 0.57768923],
      dtype=float32), 'ar': array([0.61860466, 0.9216966 , 0.        , 0.00746269, 0.89506173],
      dtype=float32), 'auc': array([0.89358324, 0.9683569 , 0.73916906, 0.7623878 , 0.8959963 ],
      dtype=float32), 'accuracy': array([0.61860466, 0.9216966 , 0.        , 0.00746269, 0.89506173],
      dtype=float32), 'f1': {'micro': tensor(0.7447), 'macro': tensor(0.4504), 'none': tensor([0.6005, 0.9347, 0.0000, 0.0147, 0.7022])}}
Training : Epoch [14/50], Loss: 0.6342
Testing : Epoch [14/50], Loss: 0.8075, results: {'mAP': 0.41773242, 'mAR': 0.49115428, 'mAUC': 0.8740431, 'm_Accuracy': 0.49115428, 'ap': array([0.53505534, 0.9544688 , 0.        , 0.        , 0.5991379 ],
      dtype=float32), 'ar': array([0.6744186, 0.9233279, 0.       , 0.       , 0.8580247],
      dtype=float32), 'auc': array([0.91193295, 0.98044926, 0.79136115, 0.7836696 , 0.90280235],
      dtype=float32), 'accuracy': array([0.6744186, 0.9233279, 0.       , 0.       , 0.8580247],
      dtype=float32), 'f1': {'micro': tensor(0.7447), 'macro': tensor(0.4482), 'none': tensor([0.5967, 0.9386, 0.0000, 0.0000, 0.7056])}}
Training : Epoch [15/50], Loss: 0.6065
Testing : Epoch [15/50], Loss: 0.7750, results: {'mAP': 0.5271697, 'mAR': 0.52451575, 'mAUC': 0.87483424, 'm_Accuracy': 0.52451575, 'ap': array([0.5864662 , 0.9675768 , 0.        , 0.46341464, 0.6183908 ],
      dtype=float32), 'ar': array([0.7255814 , 0.92495924, 0.        , 0.14179105, 0.8302469 ],
      dtype=float32), 'auc': array([0.9109238 , 0.9786856 , 0.77782714, 0.79373235, 0.9130023 ],
      dtype=float32), 'accuracy': array([0.7255814 , 0.92495924, 0.        , 0.14179105, 0.8302469 ],
      dtype=float32), 'f1': {'micro': tensor(0.7613), 'macro': tensor(0.5041), 'none': tensor([0.6486, 0.9458, 0.0000, 0.2171, 0.7088])}}
Training : Epoch [16/50], Loss: 0.5924
Testing : Epoch [16/50], Loss: 0.7617, results: {'mAP': 0.51572406, 'mAR': 0.5267676, 'mAUC': 0.88504493, 'm_Accuracy': 0.5267676, 'ap': array([0.6328502 , 0.926868  , 0.        , 0.37815127, 0.64075065],
      dtype=float32), 'ar': array([0.60930234, 0.95106035, 0.        , 0.33582088, 0.7376543 ],
      dtype=float32), 'auc': array([0.90836835, 0.9822266 , 0.81904024, 0.80908275, 0.9065067 ],
      dtype=float32), 'accuracy': array([0.60930234, 0.95106035, 0.        , 0.33582088, 0.7376543 ],
      dtype=float32), 'f1': {'micro': tensor(0.7515), 'macro': tensor(0.5202), 'none': tensor([0.6209, 0.9388, 0.0000, 0.3557, 0.6858])}}
Training : Epoch [17/50], Loss: 0.5704
Testing : Epoch [17/50], Loss: 0.7387, results: {'mAP': 0.53408873, 'mAR': 0.53081447, 'mAUC': 0.8788606, 'm_Accuracy': 0.53081447, 'ap': array([0.5862069, 0.9110764, 0.       , 0.5064935, 0.6666667],
      dtype=float32), 'ar': array([0.63255817, 0.9526917 , 0.        , 0.29104477, 0.7777778 ],
      dtype=float32), 'auc': array([0.9024886 , 0.9811839 , 0.7744945 , 0.82579565, 0.91034013],
      dtype=float32), 'accuracy': array([0.63255817, 0.9526917 , 0.        , 0.29104477, 0.7777778 ],
      dtype=float32), 'f1': {'micro': tensor(0.7613), 'macro': tensor(0.5255), 'none': tensor([0.6085, 0.9314, 0.0000, 0.3697, 0.7179])}}
Training : Epoch [18/50], Loss: 0.5554
Testing : Epoch [18/50], Loss: 0.7331, results: {'mAP': 0.5046507, 'mAR': 0.505644, 'mAUC': 0.88321275, 'm_Accuracy': 0.505644, 'ap': array([0.5714286 , 0.8684211 , 0.        , 0.41463414, 0.6687697 ],
      dtype=float32), 'ar': array([0.6511628 , 0.96900487, 0.        , 0.25373134, 0.654321  ],
      dtype=float32), 'auc': array([0.90474516, 0.9816608 , 0.80658   , 0.81792045, 0.90515715],
      dtype=float32), 'accuracy': array([0.6511628 , 0.96900487, 0.        , 0.25373134, 0.654321  ],
      dtype=float32), 'f1': {'micro': tensor(0.7380), 'macro': tensor(0.5002), 'none': tensor([0.6087, 0.9160, 0.0000, 0.3148, 0.6615])}}
Training : Epoch [19/50], Loss: 0.5301
Testing : Epoch [19/50], Loss: 0.6963, results: {'mAP': 0.5268057, 'mAR': 0.548627, 'mAUC': 0.88815653, 'm_Accuracy': 0.548627, 'ap': array([0.5873016 , 0.9222222 , 0.        , 0.40689656, 0.717608  ],
      dtype=float32), 'ar': array([0.6883721, 0.9477977, 0.       , 0.4402985, 0.6666667],
      dtype=float32), 'auc': array([0.9092083 , 0.98331946, 0.7983781 , 0.8317958 , 0.91808075],
      dtype=float32), 'accuracy': array([0.6883721, 0.9477977, 0.       , 0.4402985, 0.6666667],
      dtype=float32), 'f1': {'micro': tensor(0.7560), 'macro': tensor(0.5366), 'none': tensor([0.6338, 0.9348, 0.0000, 0.4229, 0.6912])}}
Training : Epoch [20/50], Loss: 0.5147
Testing : Epoch [20/50], Loss: 0.6797, results: {'mAP': 0.53736913, 'mAR': 0.5547184, 'mAUC': 0.90362585, 'm_Accuracy': 0.5547184, 'ap': array([0.51376146, 0.9725086 , 0.        , 0.4903846 , 0.7101911 ],
      dtype=float32), 'ar': array([0.7813954 , 0.9233279 , 0.        , 0.38059703, 0.6882716 ],
      dtype=float32), 'auc': array([0.9143275 , 0.98077095, 0.8430904 , 0.8588965 , 0.92104423],
      dtype=float32), 'accuracy': array([0.7813954 , 0.9233279 , 0.        , 0.38059703, 0.6882716 ],
      dtype=float32), 'f1': {'micro': tensor(0.7590), 'macro': tensor(0.5390), 'none': tensor([0.6199, 0.9473, 0.0000, 0.4286, 0.6991])}}
Training : Epoch [21/50], Loss: 0.4949
Testing : Epoch [21/50], Loss: 0.6548, results: {'mAP': 0.5713477, 'mAR': 0.5686302, 'mAUC': 0.89635724, 'm_Accuracy': 0.5686302, 'ap': array([0.6446281, 0.9478827, 0.       , 0.597561 , 0.6666667],
      dtype=float32), 'ar': array([0.7255814 , 0.94942904, 0.        , 0.36567163, 0.80246913],
      dtype=float32), 'auc': array([0.92182034, 0.9800203 , 0.8253351 , 0.8372522 , 0.91735834],
      dtype=float32), 'accuracy': array([0.7255814 , 0.94942904, 0.        , 0.36567163, 0.80246913],
      dtype=float32), 'f1': {'micro': tensor(0.7884), 'macro': tensor(0.5627), 'none': tensor([0.6827, 0.9487, 0.0000, 0.4537, 0.7283])}}
Saving ./data/aug/0.01_0.0001_10/checkpoint_20.pt
Training : Epoch [22/50], Loss: 0.4895
Testing : Epoch [22/50], Loss: 0.6557, results: {'mAP': 0.57285947, 'mAR': 0.5303198, 'mAUC': 0.894643, 'm_Accuracy': 0.5303198, 'ap': array([0.68926555, 0.8984615 , 0.16666667, 0.46341464, 0.6464891 ],
      dtype=float32), 'ar': array([0.5674419 , 0.9526917 , 0.02380952, 0.2835821 , 0.8240741 ],
      dtype=float32), 'auc': array([0.9075827 , 0.9840473 , 0.82229877, 0.8434711 , 0.9158151 ],
      dtype=float32), 'accuracy': array([0.5674419 , 0.9526917 , 0.02380952, 0.2835821 , 0.8240741 ],
      dtype=float32), 'f1': {'micro': tensor(0.7620), 'macro': tensor(0.5331), 'none': tensor([0.6224, 0.9248, 0.0417, 0.3519, 0.7246])}}
Training : Epoch [23/50], Loss: 0.4701
Testing : Epoch [23/50], Loss: 0.6324, results: {'mAP': 0.6100041, 'mAR': 0.5622591, 'mAUC': 0.90059155, 'm_Accuracy': 0.5622591, 'ap': array([0.5661765, 0.9647059, 0.25     , 0.5972222, 0.671916 ],
      dtype=float32), 'ar': array([0.7162791 , 0.9363785 , 0.04761905, 0.32089552, 0.79012346],
      dtype=float32), 'auc': array([0.9137675 , 0.98410434, 0.8505517 , 0.8408773 , 0.9136571 ],
      dtype=float32), 'accuracy': array([0.7162791 , 0.9363785 , 0.04761905, 0.32089552, 0.79012346],
      dtype=float32), 'f1': {'micro': tensor(0.7748), 'macro': tensor(0.5613), 'none': tensor([0.6324, 0.9503, 0.0800, 0.4175, 0.7262])}}
Training : Epoch [24/50], Loss: 0.4533
Testing : Epoch [24/50], Loss: 0.6167, results: {'mAP': 0.6667026, 'mAR': 0.57256234, 'mAUC': 0.9050144, 'm_Accuracy': 0.57256234, 'ap': array([0.5804196 , 0.95932204, 0.5       , 0.6164383 , 0.67733335],
      dtype=float32), 'ar': array([0.772093  , 0.9233279 , 0.04761905, 0.33582088, 0.7839506 ],
      dtype=float32), 'auc': array([0.91769576, 0.9816608 , 0.86447453, 0.84910876, 0.9121323 ],
      dtype=float32), 'accuracy': array([0.772093  , 0.9233279 , 0.04761905, 0.33582088, 0.7839506 ],
      dtype=float32), 'f1': {'micro': tensor(0.7779), 'macro': tensor(0.5704), 'none': tensor([0.6627, 0.9410, 0.0870, 0.4348, 0.7268])}}
Training : Epoch [25/50], Loss: 0.4412
Testing : Epoch [25/50], Loss: 0.6002, results: {'mAP': 0.60731786, 'mAR': 0.568751, 'mAUC': 0.9053691, 'm_Accuracy': 0.568751, 'ap': array([0.5669014 , 0.94876033, 0.27272728, 0.54761904, 0.7005814 ],
      dtype=float32), 'ar': array([0.74883723, 0.9363785 , 0.07142857, 0.3432836 , 0.74382716],
      dtype=float32), 'auc': array([0.913546  , 0.9853455 , 0.8544953 , 0.85162127, 0.92183733],
      dtype=float32), 'accuracy': array([0.74883723, 0.9363785 , 0.07142857, 0.3432836 , 0.74382716],
      dtype=float32), 'f1': {'micro': tensor(0.7718), 'macro': tensor(0.5689), 'none': tensor([0.6453, 0.9425, 0.1132, 0.4220, 0.7216])}}
Training : Epoch [26/50], Loss: 0.4328
Testing : Epoch [26/50], Loss: 0.5928, results: {'mAP': 0.6672019, 'mAR': 0.5590515, 'mAUC': 0.9030445, 'm_Accuracy': 0.5590515, 'ap': array([0.596     , 0.94426227, 0.27272728, 0.85714287, 0.6658768 ],
      dtype=float32), 'ar': array([0.69302326, 0.9396411 , 0.07142857, 0.2238806 , 0.86728394],
      dtype=float32), 'auc': array([0.91513824, 0.9834906 , 0.8469784 , 0.84365237, 0.9259628 ],
      dtype=float32), 'accuracy': array([0.69302326, 0.9396411 , 0.07142857, 0.2238806 , 0.86728394],
      dtype=float32), 'f1': {'micro': tensor(0.7824), 'macro': tensor(0.5609), 'none': tensor([0.6409, 0.9419, 0.1132, 0.3550, 0.7534])}}
Training : Epoch [27/50], Loss: 0.4190
Testing : Epoch [27/50], Loss: 0.5865, results: {'mAP': 0.63410455, 'mAR': 0.58742, 'mAUC': 0.9070648, 'm_Accuracy': 0.58742, 'ap': array([0.60775864, 0.96      , 0.44444445, 0.44230768, 0.71601206],
      dtype=float32), 'ar': array([0.65581393, 0.9396411 , 0.0952381 , 0.51492536, 0.7314815 ],
      dtype=float32), 'auc': array([0.9066132 , 0.98055875, 0.87226915, 0.8556964 , 0.9201865 ],
      dtype=float32), 'accuracy': array([0.65581393, 0.9396411 , 0.0952381 , 0.51492536, 0.7314815 ],
      dtype=float32), 'f1': {'micro': tensor(0.7733), 'macro': tensor(0.5874), 'none': tensor([0.6309, 0.9497, 0.1569, 0.4759, 0.7237])}}
Training : Epoch [28/50], Loss: 0.3950
Testing : Epoch [28/50], Loss: 0.5547, results: {'mAP': 0.6252866, 'mAR': 0.58178514, 'mAUC': 0.9111549, 'm_Accuracy': 0.58178514, 'ap': array([0.5873606 , 0.9705882 , 0.27272728, 0.62650603, 0.66925067],
      dtype=float32), 'ar': array([0.7348837 , 0.91517127, 0.07142857, 0.3880597 , 0.7993827 ],
      dtype=float32), 'auc': array([0.922255 , 0.9836092, 0.8502925, 0.8732031, 0.9264147],
      dtype=float32), 'accuracy': array([0.7348837 , 0.91517127, 0.07142857, 0.3880597 , 0.7993827 ],
      dtype=float32), 'f1': {'micro': tensor(0.7779), 'macro': tensor(0.5832), 'none': tensor([0.6529, 0.9421, 0.1132, 0.4793, 0.7286])}}
Training : Epoch [29/50], Loss: 0.3890
Testing : Epoch [29/50], Loss: 0.5543, results: {'mAP': 0.60166925, 'mAR': 0.573073, 'mAUC': 0.90266323, 'm_Accuracy': 0.573073, 'ap': array([0.67171717, 0.9368932 , 0.22222222, 0.49593496, 0.68157893],
      dtype=float32), 'ar': array([0.61860466, 0.9445351 , 0.04761905, 0.4552239 , 0.7993827 ],
      dtype=float32), 'auc': array([0.90612006, 0.98333085, 0.851533  , 0.8475712 , 0.9247608 ],
      dtype=float32), 'accuracy': array([0.61860466, 0.9445351 , 0.04761905, 0.4552239 , 0.7993827 ],
      dtype=float32), 'f1': {'micro': tensor(0.7786), 'macro': tensor(0.5747), 'none': tensor([0.6441, 0.9407, 0.0784, 0.4747, 0.7358])}}
Training : Epoch [30/50], Loss: 0.3775
Testing : Epoch [30/50], Loss: 0.5504, results: {'mAP': 0.6214607, 'mAR': 0.5789353, 'mAUC': 0.90320885, 'm_Accuracy': 0.5789353, 'ap': array([0.62288135, 0.94590163, 0.25      , 0.6081081 , 0.68041235],
      dtype=float32), 'ar': array([0.68372095, 0.94127244, 0.11904762, 0.33582088, 0.8148148 ],
      dtype=float32), 'auc': array([0.9116697 , 0.98134136, 0.8626046 , 0.84188354, 0.91854495],
      dtype=float32), 'accuracy': array([0.68372095, 0.94127244, 0.11904762, 0.33582088, 0.8148148 ],
      dtype=float32), 'f1': {'micro': tensor(0.7816), 'macro': tensor(0.5862), 'none': tensor([0.6519, 0.9436, 0.1613, 0.4327, 0.7416])}}
Training : Epoch [31/50], Loss: 0.3597
Testing : Epoch [31/50], Loss: 0.5225, results: {'mAP': 0.6136048, 'mAR': 0.58176154, 'mAUC': 0.9061966, 'm_Accuracy': 0.58176154, 'ap': array([0.54710144, 0.9389067 , 0.2777778 , 0.57843137, 0.7258065 ],
      dtype=float32), 'ar': array([0.7023256 , 0.9526917 , 0.11904762, 0.4402985 , 0.6944444 ],
      dtype=float32), 'auc': array([0.91698116, 0.98597974, 0.84607124, 0.86303407, 0.91891694],
      dtype=float32), 'accuracy': array([0.7023256 , 0.9526917 , 0.11904762, 0.4402985 , 0.6944444 ],
      dtype=float32), 'f1': {'micro': tensor(0.7711), 'macro': tensor(0.5875), 'none': tensor([0.6151, 0.9457, 0.1667, 0.5000, 0.7098])}}
Saving ./data/aug/0.01_0.0001_10/checkpoint_30.pt
Training : Epoch [32/50], Loss: 0.3433
Testing : Epoch [32/50], Loss: 0.5189, results: {'mAP': 0.585672, 'mAR': 0.57845235, 'mAUC': 0.90366256, 'm_Accuracy': 0.57845235, 'ap': array([0.58426964, 0.94426227, 0.21428572, 0.45637584, 0.7291667 ],
      dtype=float32), 'ar': array([0.7255814 , 0.9396411 , 0.07142857, 0.5074627 , 0.6481481 ],
      dtype=float32), 'auc': array([0.91805094, 0.9828061 , 0.8517922 , 0.85222757, 0.91343576],
      dtype=float32), 'accuracy': array([0.7255814 , 0.9396411 , 0.07142857, 0.5074627 , 0.6481481 ],
      dtype=float32), 'f1': {'micro': tensor(0.7628), 'macro': tensor(0.5726), 'none': tensor([0.6473, 0.9419, 0.1071, 0.4806, 0.6863])}}
Training : Epoch [33/50], Loss: 0.3269
Testing : Epoch [33/50], Loss: 0.4965, results: {'mAP': 0.61592734, 'mAR': 0.5918124, 'mAUC': 0.9049436, 'm_Accuracy': 0.5918124, 'ap': array([0.61445785, 0.95049506, 0.25      , 0.5641026 , 0.7005814 ],
      dtype=float32), 'ar': array([0.7116279 , 0.9396411 , 0.07142857, 0.49253732, 0.74382716],
      dtype=float32), 'auc': array([0.9154391, 0.980504 , 0.8445716, 0.869928 , 0.914275 ],
      dtype=float32), 'accuracy': array([0.7116279 , 0.9396411 , 0.07142857, 0.49253732, 0.74382716],
      dtype=float32), 'f1': {'micro': tensor(0.7824), 'macro': tensor(0.5926), 'none': tensor([0.6595, 0.9450, 0.1111, 0.5259, 0.7216])}}
Training : Epoch [34/50], Loss: 0.3305
Testing : Epoch [34/50], Loss: 0.4940, results: {'mAP': 0.6447735, 'mAR': 0.6091695, 'mAUC': 0.9136227, 'm_Accuracy': 0.6091695, 'ap': array([0.6166667 , 0.9662162 , 0.33333334, 0.61616164, 0.69148934],
      dtype=float32), 'ar': array([0.6883721 , 0.93311584, 0.16666667, 0.4552239 , 0.80246913],
      dtype=float32), 'auc': array([0.9177626 , 0.98240453, 0.8747871 , 0.8750844 , 0.9180746 ],
      dtype=float32), 'accuracy': array([0.6883721 , 0.93311584, 0.16666667, 0.4552239 , 0.80246913],
      dtype=float32), 'f1': {'micro': tensor(0.7892), 'macro': tensor(0.6177), 'none': tensor([0.6505, 0.9494, 0.2222, 0.5236, 0.7429])}}
Training : Epoch [35/50], Loss: 0.3174
Testing : Epoch [35/50], Loss: 0.4866, results: {'mAP': 0.6066877, 'mAR': 0.59206384, 'mAUC': 0.9075581, 'm_Accuracy': 0.59206384, 'ap': array([0.608871  , 0.95238096, 0.2857143 , 0.47761193, 0.70886075],
      dtype=float32), 'ar': array([0.7023256 , 0.9461664 , 0.14285715, 0.47761193, 0.69135803],
      dtype=float32), 'auc': array([0.9131323 , 0.98590904, 0.8650485 , 0.86645293, 0.90724754],
      dtype=float32), 'accuracy': array([0.7023256 , 0.9461664 , 0.14285715, 0.47761193, 0.69135803],
      dtype=float32), 'f1': {'micro': tensor(0.7718), 'macro': tensor(0.5939), 'none': tensor([0.6523, 0.9493, 0.1905, 0.4776, 0.7000])}}
Training : Epoch [36/50], Loss: 0.3133
Testing : Epoch [36/50], Loss: 0.4901, results: {'mAP': 0.57344234, 'mAR': 0.57063425, 'mAUC': 0.904266, 'm_Accuracy': 0.57063425, 'ap': array([0.554007  , 0.9554455 , 0.1       , 0.53571427, 0.7220447 ],
      dtype=float32), 'ar': array([0.73953485, 0.9445351 , 0.02380952, 0.4477612 , 0.69753087],
      dtype=float32), 'auc': array([0.9142899 , 0.9820349 , 0.85647637, 0.8532026 , 0.91532636],
      dtype=float32), 'accuracy': array([0.73953485, 0.9445351 , 0.02380952, 0.4477612 , 0.69753087],
      dtype=float32), 'f1': {'micro': tensor(0.7718), 'macro': tensor(0.5639), 'none': tensor([0.6335, 0.9500, 0.0385, 0.4878, 0.7096])}}
Training : Epoch [37/50], Loss: 0.2936
Testing : Epoch [37/50], Loss: 0.4701, results: {'mAP': 0.6580008, 'mAR': 0.6087537, 'mAUC': 0.9120048, 'm_Accuracy': 0.6087537, 'ap': array([0.61440676, 0.9676871 , 0.53846157, 0.4625    , 0.70694864],
      dtype=float32), 'ar': array([0.6744186 , 0.9282219 , 0.16666667, 0.5522388 , 0.7222222 ],
      dtype=float32), 'auc': array([0.91131866, 0.9819961 , 0.8789528 , 0.87483436, 0.9129224 ],
      dtype=float32), 'accuracy': array([0.6744186 , 0.9282219 , 0.16666667, 0.5522388 , 0.7222222 ],
      dtype=float32), 'f1': {'micro': tensor(0.7748), 'macro': tensor(0.6126), 'none': tensor([0.6430, 0.9475, 0.2545, 0.5034, 0.7145])}}
Training : Epoch [38/50], Loss: 0.2901
Testing : Epoch [38/50], Loss: 0.4656, results: {'mAP': 0.62428546, 'mAR': 0.58863235, 'mAUC': 0.90255433, 'm_Accuracy': 0.58863235, 'ap': array([0.60169494, 0.95659435, 0.3846154 , 0.4779412 , 0.7005814 ],
      dtype=float32), 'ar': array([0.6604651 , 0.93474716, 0.11904762, 0.48507464, 0.74382716],
      dtype=float32), 'auc': array([0.9118327 , 0.98237944, 0.83377767, 0.86282784, 0.92195415],
      dtype=float32), 'accuracy': array([0.6604651 , 0.93474716, 0.11904762, 0.48507464, 0.74382716],
      dtype=float32), 'f1': {'micro': tensor(0.7726), 'macro': tensor(0.5920), 'none': tensor([0.6297, 0.9455, 0.1818, 0.4815, 0.7216])}}
Training : Epoch [39/50], Loss: 0.2927
Testing : Epoch [39/50], Loss: 0.4645, results: {'mAP': 0.6488414, 'mAR': 0.62147164, 'mAUC': 0.9092798, 'm_Accuracy': 0.62147164, 'ap': array([0.67431194, 0.95198673, 0.3888889 , 0.5033557 , 0.7256637 ],
      dtype=float32), 'ar': array([0.68372095, 0.9380098 , 0.16666667, 0.5597015 , 0.7592593 ],
      dtype=float32), 'auc': array([0.91215444, 0.983308  , 0.87169516, 0.8632528 , 0.9159888 ],
      dtype=float32), 'accuracy': array([0.68372095, 0.9380098 , 0.16666667, 0.5597015 , 0.7592593 ],
      dtype=float32), 'f1': {'micro': tensor(0.7907), 'macro': tensor(0.6259), 'none': tensor([0.6790, 0.9449, 0.2333, 0.5300, 0.7421])}}
Training : Epoch [40/50], Loss: 0.2826
Testing : Epoch [40/50], Loss: 0.4509, results: {'mAP': 0.6071183, 'mAR': 0.58320904, 'mAUC': 0.91023195, 'm_Accuracy': 0.58320904, 'ap': array([0.64788735, 0.9316375 , 0.27272728, 0.4789916 , 0.70434785],
      dtype=float32), 'ar': array([0.6418605 , 0.9559543 , 0.14285715, 0.42537314, 0.75      ],
      dtype=float32), 'auc': array([0.9145365 , 0.9850991 , 0.882989  , 0.8481337 , 0.92040175],
      dtype=float32), 'accuracy': array([0.6418605 , 0.9559543 , 0.14285715, 0.42537314, 0.75      ],
      dtype=float32), 'f1': {'micro': tensor(0.7756), 'macro': tensor(0.5906), 'none': tensor([0.6449, 0.9436, 0.1875, 0.4506, 0.7265])}}
Training : Epoch [41/50], Loss: 0.2720
Testing : Epoch [41/50], Loss: 0.4436, results: {'mAP': 0.6537751, 'mAR': 0.60320485, 'mAUC': 0.9116413, 'm_Accuracy': 0.60320485, 'ap': array([0.6015326 , 0.9460784 , 0.4117647 , 0.5869565 , 0.72254336],
      dtype=float32), 'ar': array([0.73023254, 0.9445351 , 0.16666667, 0.40298507, 0.77160496],
      dtype=float32), 'auc': array([0.91417706, 0.98329437, 0.8817485 , 0.86091524, 0.91807157],
      dtype=float32), 'accuracy': array([0.73023254, 0.9445351 , 0.16666667, 0.40298507, 0.77160496],
      dtype=float32), 'f1': {'micro': tensor(0.7884), 'macro': tensor(0.6133), 'none': tensor([0.6597, 0.9453, 0.2373, 0.4779, 0.7463])}}
Saving ./data/aug/0.01_0.0001_10/checkpoint_40.pt
Training : Epoch [42/50], Loss: 0.2703
Testing : Epoch [42/50], Loss: 0.4376, results: {'mAP': 0.64874953, 'mAR': 0.61912656, 'mAUC': 0.91414243, 'm_Accuracy': 0.61912656, 'ap': array([0.60456276, 0.9599332 , 0.3809524 , 0.5663717 , 0.7319277 ],
      dtype=float32), 'ar': array([0.73953485, 0.9380098 , 0.1904762 , 0.47761193, 0.75      ],
      dtype=float32), 'auc': array([0.92006516, 0.9825643 , 0.87526846, 0.8712718 , 0.9215422 ],
      dtype=float32), 'accuracy': array([0.73953485, 0.9380098 , 0.1904762 , 0.47761193, 0.75      ],
      dtype=float32), 'f1': {'micro': tensor(0.7899), 'macro': tensor(0.6254), 'none': tensor([0.6653, 0.9488, 0.2540, 0.5182, 0.7409])}}
Training : Epoch [43/50], Loss: 0.2671
Testing : Epoch [43/50], Loss: 0.4441, results: {'mAP': 0.616346, 'mAR': 0.5993039, 'mAUC': 0.908008, 'm_Accuracy': 0.5993039, 'ap': array([0.61133605, 0.95652175, 0.29411766, 0.49635038, 0.7234042 ],
      dtype=float32), 'ar': array([0.7023256 , 0.93311584, 0.11904762, 0.5074627 , 0.7345679 ],
      dtype=float32), 'auc': array([0.91320753, 0.9811565 , 0.86865884, 0.86340284, 0.91361403],
      dtype=float32), 'accuracy': array([0.7023256 , 0.93311584, 0.11904762, 0.5074627 , 0.7345679 ],
      dtype=float32), 'f1': {'micro': tensor(0.7786), 'macro': tensor(0.5997), 'none': tensor([0.6537, 0.9447, 0.1695, 0.5018, 0.7289])}}
Training : Epoch [44/50], Loss: 0.2653
Testing : Epoch [44/50], Loss: 0.4470, results: {'mAP': 0.61938673, 'mAR': 0.5915332, 'mAUC': 0.90566576, 'm_Accuracy': 0.5915332, 'ap': array([0.61538464, 0.9522241 , 0.3       , 0.5495495 , 0.6797753 ],
      dtype=float32), 'ar': array([0.66976744, 0.94290376, 0.14285715, 0.4552239 , 0.74691355],
      dtype=float32), 'auc': array([0.91021127, 0.98411113, 0.87176925, 0.86476535, 0.89747185],
      dtype=float32), 'accuracy': array([0.66976744, 0.94290376, 0.14285715, 0.4552239 , 0.74691355],
      dtype=float32), 'f1': {'micro': tensor(0.7764), 'macro': tensor(0.5984), 'none': tensor([0.6414, 0.9475, 0.1935, 0.4980, 0.7118])}}
