Train size = 5308, Test size = 1328
Classes : ['affected', 'destroyed', 'major', 'minor', 'no_damage']
Training : Epoch [1/50], Loss: 1.4365
Testing : Epoch [1/50], Loss: 1.7764, results: {'mAP': 0.09231928, 'mAR': 0.2, 'mAUC': 0.61985445, 'm_Accuracy': 0.2, 'ap': array([0.       , 0.4615964, 0.       , 0.       , 0.       ],
      dtype=float32), 'ar': array([0., 1., 0., 0., 0.], dtype=float32), 'auc': array([0.5231137 , 0.7754184 , 0.6377842 , 0.5938711 , 0.56908476],
      dtype=float32), 'accuracy': array([0., 1., 0., 0., 0.], dtype=float32), 'f1': {'micro': tensor(0.4616), 'macro': tensor(0.1263), 'none': tensor([0.0000, 0.6316, 0.0000, 0.0000, 0.0000])}}
Saving ./data/aug/0.05_0.001_100/checkpoint_0.pt
Training : Epoch [2/50], Loss: 1.3251
Testing : Epoch [2/50], Loss: 1.6489, results: {'mAP': 0.09231928, 'mAR': 0.2, 'mAUC': 0.7621637, 'm_Accuracy': 0.2, 'ap': array([0.       , 0.4615964, 0.       , 0.       , 0.       ],
      dtype=float32), 'ar': array([0., 1., 0., 0., 0.], dtype=float32), 'auc': array([0.754717  , 0.90845436, 0.68127453, 0.65972275, 0.8066499 ],
      dtype=float32), 'accuracy': array([0., 1., 0., 0., 0.], dtype=float32), 'f1': {'micro': tensor(0.4616), 'macro': tensor(0.1263), 'none': tensor([0.0000, 0.6316, 0.0000, 0.0000, 0.0000])}}
Training : Epoch [3/50], Loss: 1.0420
Testing : Epoch [3/50], Loss: 1.2661, results: {'mAP': 0.27655083, 'mAR': 0.3680966, 'mAUC': 0.79274523, 'm_Accuracy': 0.3680966, 'ap': array([0.        , 0.9792453 , 0.        , 0.        , 0.40350878],
      dtype=float32), 'ar': array([0.        , 0.8466558 , 0.        , 0.        , 0.99382716],
      dtype=float32), 'auc': array([0.7995988 , 0.9415553 , 0.70152926, 0.71524286, 0.80579996],
      dtype=float32), 'accuracy': array([0.        , 0.8466558 , 0.        , 0.        , 0.99382716],
      dtype=float32), 'f1': {'micro': tensor(0.6333), 'macro': tensor(0.2964), 'none': tensor([0.0000, 0.9081, 0.0000, 0.0000, 0.5740])}}
Training : Epoch [4/50], Loss: 0.8830
Testing : Epoch [4/50], Loss: 1.0967, results: {'mAP': 0.40457624, 'mAR': 0.38226622, 'mAUC': 0.82529324, 'm_Accuracy': 0.38226622, 'ap': array([0.6315789 , 0.9708029 , 0.        , 0.        , 0.42049935],
      dtype=float32), 'ar': array([0.05581395, 0.86786294, 0.        , 0.        , 0.9876543 ],
      dtype=float32), 'auc': array([0.8636202 , 0.9546036 , 0.73267055, 0.72610563, 0.8494663 ],
      dtype=float32), 'accuracy': array([0.05581395, 0.86786294, 0.        , 0.        , 0.9876543 ],
      dtype=float32), 'f1': {'micro': tensor(0.6506), 'macro': tensor(0.3218), 'none': tensor([0.1026, 0.9165, 0.0000, 0.0000, 0.5899])}}
Training : Epoch [5/50], Loss: 0.8290
Testing : Epoch [5/50], Loss: 1.0266, results: {'mAP': 0.41848812, 'mAR': 0.45850024, 'mAUC': 0.8350123, 'm_Accuracy': 0.45850024, 'ap': array([0.6455696 , 0.9332192 , 0.        , 0.        , 0.51365185],
      dtype=float32), 'ar': array([0.4744186 , 0.88907015, 0.        , 0.        , 0.92901236],
      dtype=float32), 'auc': array([0.8875739 , 0.96266896, 0.71343404, 0.7336246 , 0.8777606 ],
      dtype=float32), 'accuracy': array([0.4744186 , 0.88907015, 0.        , 0.        , 0.92901236],
      dtype=float32), 'f1': {'micro': tensor(0.7139), 'macro': tensor(0.4238), 'none': tensor([0.5469, 0.9106, 0.0000, 0.0000, 0.6615])}}
Training : Epoch [6/50], Loss: 0.7836
Testing : Epoch [6/50], Loss: 0.9688, results: {'mAP': 0.4277146, 'mAR': 0.4843309, 'mAUC': 0.8536722, 'm_Accuracy': 0.4843309, 'ap': array([0.6318408, 0.9616056, 0.       , 0.       , 0.5451264],
      dtype=float32), 'ar': array([0.59069765, 0.8988581 , 0.        , 0.        , 0.93209875],
      dtype=float32), 'auc': array([0.89732337, 0.96778655, 0.77747536, 0.73421836, 0.8915572 ],
      dtype=float32), 'accuracy': array([0.59069765, 0.8988581 , 0.        , 0.        , 0.93209875],
      dtype=float32), 'f1': {'micro': tensor(0.7380), 'macro': tensor(0.4455), 'none': tensor([0.6106, 0.9292, 0.0000, 0.0000, 0.6879])}}
Training : Epoch [7/50], Loss: 0.7264
Testing : Epoch [7/50], Loss: 0.9069, results: {'mAP': 0.41832146, 'mAR': 0.49183774, 'mAUC': 0.86584187, 'm_Accuracy': 0.49183774, 'ap': array([0.5328467 , 0.97354496, 0.        , 0.        , 0.5852156 ],
      dtype=float32), 'ar': array([0.67906976, 0.9004894 , 0.        , 0.        , 0.8796296 ],
      dtype=float32), 'auc': array([0.9005788 , 0.97491646, 0.79960006, 0.75483763, 0.8992764 ],
      dtype=float32), 'accuracy': array([0.67906976, 0.9004894 , 0.        , 0.        , 0.8796296 ],
      dtype=float32), 'f1': {'micro': tensor(0.7402), 'macro': tensor(0.4471), 'none': tensor([0.5971, 0.9356, 0.0000, 0.0000, 0.7028])}}
Training : Epoch [8/50], Loss: 0.7075
Testing : Epoch [8/50], Loss: 0.8774, results: {'mAP': 0.4332355, 'mAR': 0.5047251, 'mAUC': 0.8730232, 'm_Accuracy': 0.5047251, 'ap': array([0.61382115, 0.96245736, 0.        , 0.        , 0.589899  ],
      dtype=float32), 'ar': array([0.7023256 , 0.9200652 , 0.        , 0.        , 0.90123457],
      dtype=float32), 'auc': array([0.91364634, 0.9788202 , 0.7925091 , 0.77660066, 0.90354013],
      dtype=float32), 'accuracy': array([0.7023256 , 0.9200652 , 0.        , 0.        , 0.90123457],
      dtype=float32), 'f1': {'micro': tensor(0.7583), 'macro': tensor(0.4618), 'none': tensor([0.6551, 0.9408, 0.0000, 0.0000, 0.7131])}}
Training : Epoch [9/50], Loss: 0.6726
Testing : Epoch [9/50], Loss: 0.8474, results: {'mAP': 0.564967, 'mAR': 0.51278675, 'mAUC': 0.87935907, 'm_Accuracy': 0.51278675, 'ap': array([0.5070422, 0.9056604, 0.       , 0.7058824, 0.70625  ],
      dtype=float32), 'ar': array([0.8372093 , 0.9396411 , 0.        , 0.08955224, 0.69753087],
      dtype=float32), 'auc': array([0.9134834 , 0.9778346 , 0.80804265, 0.7865072 , 0.9109273 ],
      dtype=float32), 'accuracy': array([0.8372093 , 0.9396411 , 0.        , 0.08955224, 0.69753087],
      dtype=float32), 'f1': {'micro': tensor(0.7485), 'macro': tensor(0.4829), 'none': tensor([0.6316, 0.9223, 0.0000, 0.1589, 0.7019])}}
Training : Epoch [10/50], Loss: 0.6196
Testing : Epoch [10/50], Loss: 0.7941, results: {'mAP': 0.5114136, 'mAR': 0.5279393, 'mAUC': 0.88212746, 'm_Accuracy': 0.5279393, 'ap': array([0.60084033, 0.94323874, 0.        , 0.3761468 , 0.63684213],
      dtype=float32), 'ar': array([0.66511625, 0.9216966 , 0.        , 0.30597016, 0.74691355],
      dtype=float32), 'auc': array([0.9066759 , 0.9767006 , 0.818781  , 0.79575115, 0.9127287 ],
      dtype=float32), 'accuracy': array([0.66511625, 0.9216966 , 0.        , 0.30597016, 0.74691355],
      dtype=float32), 'f1': {'micro': tensor(0.7462), 'macro': tensor(0.5177), 'none': tensor([0.6313, 0.9323, 0.0000, 0.3374, 0.6875])}}
Training : Epoch [11/50], Loss: 0.5988
Testing : Epoch [11/50], Loss: 0.7708, results: {'mAP': 0.5354369, 'mAR': 0.52952147, 'mAUC': 0.8879485, 'm_Accuracy': 0.52952147, 'ap': array([0.5754386 , 0.9512605 , 0.        , 0.5       , 0.65048546],
      dtype=float32), 'ar': array([0.7627907 , 0.9233279 , 0.        , 0.13432837, 0.8271605 ],
      dtype=float32), 'auc': array([0.9206962 , 0.9781517 , 0.84275717, 0.7924886 , 0.905649  ],
      dtype=float32), 'accuracy': array([0.7627907 , 0.9233279 , 0.        , 0.13432837, 0.8271605 ],
      dtype=float32), 'f1': {'micro': tensor(0.7651), 'macro': tensor(0.5066), 'none': tensor([0.6560, 0.9371, 0.0000, 0.2118, 0.7283])}}
Saving ./data/aug/0.05_0.001_100/checkpoint_10.pt
Training : Epoch [12/50], Loss: 0.5636
Testing : Epoch [12/50], Loss: 0.7237, results: {'mAP': 0.5667503, 'mAR': 0.5311722, 'mAUC': 0.89328754, 'm_Accuracy': 0.5311722, 'ap': array([0.5511551 , 0.97255576, 0.2       , 0.44827586, 0.6617647 ],
      dtype=float32), 'ar': array([0.7767442 , 0.92495924, 0.02380952, 0.09701493, 0.8333333 ],
      dtype=float32), 'auc': array([0.9157734, 0.9832259, 0.8048397, 0.8420773, 0.9205216],
      dtype=float32), 'accuracy': array([0.7767442 , 0.92495924, 0.02380952, 0.09701493, 0.8333333 ],
      dtype=float32), 'f1': {'micro': tensor(0.7666), 'macro': tensor(0.5065), 'none': tensor([0.6448, 0.9482, 0.0426, 0.1595, 0.7377])}}
Training : Epoch [13/50], Loss: 0.5203
Testing : Epoch [13/50], Loss: 0.6788, results: {'mAP': 0.6505412, 'mAR': 0.5508869, 'mAUC': 0.9010065, 'm_Accuracy': 0.5508869, 'ap': array([0.6585366 , 0.90909094, 0.3846154 , 0.65      , 0.650463  ],
      dtype=float32), 'ar': array([0.627907  , 0.9461664 , 0.11904762, 0.19402985, 0.86728394],
      dtype=float32), 'auc': array([0.90860236, 0.9819916 , 0.85356957, 0.8436336 , 0.9172354 ],
      dtype=float32), 'accuracy': array([0.627907  , 0.9461664 , 0.11904762, 0.19402985, 0.86728394],
      dtype=float32), 'f1': {'micro': tensor(0.7733), 'macro': tensor(0.5588), 'none': tensor([0.6429, 0.9273, 0.1818, 0.2989, 0.7434])}}
Training : Epoch [14/50], Loss: 0.5107
Testing : Epoch [14/50], Loss: 0.6690, results: {'mAP': 0.59311604, 'mAR': 0.56490743, 'mAUC': 0.8926443, 'm_Accuracy': 0.56490743, 'ap': array([0.6478261 , 0.96416384, 0.2       , 0.49411765, 0.6594724 ],
      dtype=float32), 'ar': array([0.69302326, 0.9216966 , 0.04761905, 0.31343284, 0.84876543],
      dtype=float32), 'auc': array([0.9123509 , 0.9826578 , 0.8140043 , 0.83843344, 0.9157752 ],
      dtype=float32), 'accuracy': array([0.69302326, 0.9216966 , 0.04761905, 0.31343284, 0.84876543],
      dtype=float32), 'f1': {'micro': tensor(0.7779), 'macro': tensor(0.5630), 'none': tensor([0.6697, 0.9425, 0.0769, 0.3836, 0.7422])}}
Training : Epoch [15/50], Loss: 0.4657
Testing : Epoch [15/50], Loss: 0.6362, results: {'mAP': 0.57234913, 'mAR': 0.5592024, 'mAUC': 0.87679416, 'm_Accuracy': 0.5592024, 'ap': array([0.6111111 , 0.92671007, 0.2631579 , 0.3480392 , 0.71272725],
      dtype=float32), 'ar': array([0.6139535 , 0.9282219 , 0.11904762, 0.5298507 , 0.60493827],
      dtype=float32), 'auc': array([0.9074657 , 0.9819163 , 0.7520366 , 0.82622063, 0.9163316 ],
      dtype=float32), 'accuracy': array([0.6139535 , 0.9282219 , 0.11904762, 0.5298507 , 0.60493827],
      dtype=float32), 'f1': {'micro': tensor(0.7327), 'macro': tensor(0.5557), 'none': tensor([0.6125, 0.9275, 0.1639, 0.4201, 0.6544])}}
Training : Epoch [16/50], Loss: 0.4652
Testing : Epoch [16/50], Loss: 0.6450, results: {'mAP': 0.6030394, 'mAR': 0.51622444, 'mAUC': 0.8989127, 'm_Accuracy': 0.51622444, 'ap': array([0.63461536, 0.98239434, 0.        , 0.8125    , 0.5856874 ],
      dtype=float32), 'ar': array([0.6139535 , 0.9102773 , 0.        , 0.09701493, 0.95987654],
      dtype=float32), 'auc': array([0.91481227, 0.9785601 , 0.847682  , 0.841171  , 0.9123383 ],
      dtype=float32), 'accuracy': array([0.6139535 , 0.9102773 , 0.        , 0.09701493, 0.95987654],
      dtype=float32), 'f1': {'micro': tensor(0.7636), 'macro': tensor(0.4940), 'none': tensor([0.6241, 0.9450, 0.0000, 0.1733, 0.7275])}}
Training : Epoch [17/50], Loss: 0.4113
Testing : Epoch [17/50], Loss: 0.5772, results: {'mAP': 0.5797141, 'mAR': 0.5627927, 'mAUC': 0.8987045, 'm_Accuracy': 0.5627927, 'ap': array([0.62910795, 0.94262296, 0.1875    , 0.45217392, 0.6871658 ],
      dtype=float32), 'ar': array([0.6232558 , 0.9380098 , 0.07142857, 0.3880597 , 0.79320985],
      dtype=float32), 'auc': array([0.9089993 , 0.981695  , 0.84444195, 0.83087075, 0.92751527],
      dtype=float32), 'accuracy': array([0.6232558 , 0.9380098 , 0.07142857, 0.3880597 , 0.79320985],
      dtype=float32), 'f1': {'micro': tensor(0.7688), 'macro': tensor(0.5648), 'none': tensor([0.6262, 0.9403, 0.1034, 0.4177, 0.7364])}}
Training : Epoch [18/50], Loss: 0.3954
Testing : Epoch [18/50], Loss: 0.5669, results: {'mAP': 0.58124065, 'mAR': 0.55248654, 'mAUC': 0.90842736, 'm_Accuracy': 0.55248654, 'ap': array([0.49418604, 0.94127244, 0.18518518, 0.5492958 , 0.73626375],
      dtype=float32), 'ar': array([0.7906977 , 0.94127244, 0.11904762, 0.29104477, 0.6203704 ],
      dtype=float32), 'auc': array([0.9065463 , 0.9820555 , 0.8805821 , 0.86753416, 0.90541846],
      dtype=float32), 'accuracy': array([0.7906977 , 0.94127244, 0.11904762, 0.29104477, 0.6203704 ],
      dtype=float32), 'f1': {'micro': tensor(0.7470), 'macro': tensor(0.5497), 'none': tensor([0.6082, 0.9413, 0.1449, 0.3805, 0.6734])}}
Training : Epoch [19/50], Loss: 0.3471
Testing : Epoch [19/50], Loss: 0.5307, results: {'mAP': 0.60499656, 'mAR': 0.62050444, 'mAUC': 0.90295076, 'm_Accuracy': 0.62050444, 'ap': array([0.61048687, 0.9815498 , 0.25531915, 0.47107437, 0.7065527 ],
      dtype=float32), 'ar': array([0.75813955, 0.86786294, 0.2857143 , 0.42537314, 0.7654321 ],
      dtype=float32), 'auc': array([0.9221505 , 0.98134136, 0.83735096, 0.8542901 , 0.9196209 ],
      dtype=float32), 'accuracy': array([0.75813955, 0.86786294, 0.2857143 , 0.42537314, 0.7654321 ],
      dtype=float32), 'f1': {'micro': tensor(0.7620), 'macro': tensor(0.6098), 'none': tensor([0.6763, 0.9212, 0.2697, 0.4471, 0.7348])}}
Training : Epoch [20/50], Loss: 0.3196
Testing : Epoch [20/50], Loss: 0.5067, results: {'mAP': 0.616398, 'mAR': 0.5495153, 'mAUC': 0.8779739, 'm_Accuracy': 0.5495153, 'ap': array([0.5305466 , 0.95190716, 0.14285715, 0.78723407, 0.66944444],
      dtype=float32), 'ar': array([0.76744187, 0.9363785 , 0.02380952, 0.2761194 , 0.74382716],
      dtype=float32), 'auc': array([0.9008337 , 0.98342896, 0.72719026, 0.85819644, 0.9202204 ],
      dtype=float32), 'accuracy': array([0.76744187, 0.9363785 , 0.02380952, 0.2761194 , 0.74382716],
      dtype=float32), 'f1': {'micro': tensor(0.7666), 'macro': tensor(0.5452), 'none': tensor([0.6274, 0.9441, 0.0408, 0.4088, 0.7047])}}
Training : Epoch [21/50], Loss: 0.2850
Testing : Epoch [21/50], Loss: 0.4679, results: {'mAP': 0.5992305, 'mAR': 0.62577105, 'mAUC': 0.913905, 'm_Accuracy': 0.62577105, 'ap': array([0.6571429 , 0.9612142 , 0.21428572, 0.42753622, 0.7359736 ],
      dtype=float32), 'ar': array([0.6418605 , 0.9298532 , 0.42857143, 0.4402985 , 0.6882716 ],
      dtype=float32), 'auc': array([0.91281056, 0.9803785 , 0.9198882 , 0.8583152 , 0.8981328 ],
      dtype=float32), 'accuracy': array([0.6418605 , 0.9298532 , 0.42857143, 0.4402985 , 0.6882716 ],
      dtype=float32), 'f1': {'micro': tensor(0.7590), 'macro': tensor(0.6051), 'none': tensor([0.6494, 0.9453, 0.2857, 0.4338, 0.7113])}}
Saving ./data/aug/0.05_0.001_100/checkpoint_20.pt
Training : Epoch [22/50], Loss: 0.2725
Testing : Epoch [22/50], Loss: 0.4525, results: {'mAP': 0.5978093, 'mAR': 0.5838147, 'mAUC': 0.9036889, 'm_Accuracy': 0.5838147, 'ap': array([0.5236593 , 0.9386107 , 0.27586207, 0.46341464, 0.7875    ],
      dtype=float32), 'ar': array([0.772093  , 0.9477977 , 0.1904762 , 0.42537314, 0.5833333 ],
      dtype=float32), 'auc': array([0.9101945 , 0.98449445, 0.8483485 , 0.86422163, 0.9111855 ],
      dtype=float32), 'accuracy': array([0.772093  , 0.9477977 , 0.1904762 , 0.42537314, 0.5833333 ],
      dtype=float32), 'f1': {'micro': tensor(0.7538), 'macro': tensor(0.5813), 'none': tensor([0.6241, 0.9432, 0.2254, 0.4436, 0.6702])}}
Training : Epoch [23/50], Loss: 0.2428
Testing : Epoch [23/50], Loss: 0.4437, results: {'mAP': 0.62215567, 'mAR': 0.6076765, 'mAUC': 0.90053, 'm_Accuracy': 0.6076765, 'ap': array([0.7671233 , 0.95719177, 0.27083334, 0.46969697, 0.64593303],
      dtype=float32), 'ar': array([0.52093023, 0.9119086 , 0.30952382, 0.46268657, 0.8333333 ],
      dtype=float32), 'auc': array([0.9008755 , 0.9792879 , 0.86034584, 0.8473274 , 0.914813  ],
      dtype=float32), 'accuracy': array([0.52093023, 0.9119086 , 0.30952382, 0.46268657, 0.8333333 ],
      dtype=float32), 'f1': {'micro': tensor(0.7651), 'macro': tensor(0.6075), 'none': tensor([0.6205, 0.9340, 0.2889, 0.4662, 0.7278])}}
Training : Epoch [24/50], Loss: 0.1877
Testing : Epoch [24/50], Loss: 0.3793, results: {'mAP': 0.6339494, 'mAR': 0.59687275, 'mAUC': 0.90740144, 'm_Accuracy': 0.59687275, 'ap': array([0.6448598, 0.9384359, 0.3529412, 0.5652174, 0.6682927],
      dtype=float32), 'ar': array([0.6418605 , 0.9200652 , 0.2857143 , 0.29104477, 0.845679  ],
      dtype=float32), 'auc': array([0.9012558 , 0.9823452 , 0.8633452 , 0.87022173, 0.91983914],
      dtype=float32), 'accuracy': array([0.6418605 , 0.9200652 , 0.2857143 , 0.29104477, 0.845679  ],
      dtype=float32), 'f1': {'micro': tensor(0.7733), 'macro': tensor(0.6038), 'none': tensor([0.6434, 0.9292, 0.3158, 0.3842, 0.7466])}}
Training : Epoch [25/50], Loss: 0.1967
Testing : Epoch [25/50], Loss: 0.4126, results: {'mAP': 0.5892545, 'mAR': 0.5536766, 'mAUC': 0.90454084, 'm_Accuracy': 0.5536766, 'ap': array([0.6580311, 0.8928025, 0.1754386, 0.54     , 0.68     ],
      dtype=float32), 'ar': array([0.59069765, 0.95106035, 0.23809524, 0.20149253, 0.787037  ],
      dtype=float32), 'auc': array([0.891686  , 0.97957766, 0.9107976 , 0.8295707 , 0.9110718 ],
      dtype=float32), 'accuracy': array([0.59069765, 0.95106035, 0.23809524, 0.20149253, 0.787037  ],
      dtype=float32), 'f1': {'micro': tensor(0.7545), 'macro': tensor(0.5537), 'none': tensor([0.6225, 0.9210, 0.2020, 0.2935, 0.7296])}}
Training : Epoch [26/50], Loss: 0.1799
Testing : Epoch [26/50], Loss: 0.3792, results: {'mAP': 0.6679032, 'mAR': 0.58556193, 'mAUC': 0.9052671, 'm_Accuracy': 0.58556193, 'ap': array([0.7010309, 0.9691781, 0.5      , 0.5042017, 0.6651054],
      dtype=float32), 'ar': array([0.63255817, 0.9233279 , 0.04761905, 0.4477612 , 0.8765432 ],
      dtype=float32), 'auc': array([0.9150254 , 0.9847044 , 0.8295749 , 0.86389035, 0.9331409 ],
      dtype=float32), 'accuracy': array([0.63255817, 0.9233279 , 0.04761905, 0.4477612 , 0.8765432 ],
      dtype=float32), 'f1': {'micro': tensor(0.7892), 'macro': tensor(0.5857), 'none': tensor([0.6650, 0.9457, 0.0870, 0.4743, 0.7563])}}
Training : Epoch [27/50], Loss: 0.1459
Testing : Epoch [27/50], Loss: 0.3494, results: {'mAP': 0.62941635, 'mAR': 0.6114938, 'mAUC': 0.9088173, 'm_Accuracy': 0.6114938, 'ap': array([0.74358976, 0.9504132 , 0.2857143 , 0.4854369 , 0.68192774],
      dtype=float32), 'ar': array([0.53953487, 0.9380098 , 0.33333334, 0.37313432, 0.8734568 ],
      dtype=float32), 'auc': array([0.8995048 , 0.9804926 , 0.884322  , 0.85390884, 0.9258583 ],
      dtype=float32), 'accuracy': array([0.53953487, 0.9380098 , 0.33333334, 0.37313432, 0.8734568 ],
      dtype=float32), 'f1': {'micro': tensor(0.7816), 'macro': tensor(0.6130), 'none': tensor([0.6253, 0.9442, 0.3077, 0.4219, 0.7659])}}
Training : Epoch [28/50], Loss: 0.1166
Testing : Epoch [28/50], Loss: 0.3364, results: {'mAP': 0.68345094, 'mAR': 0.58226633, 'mAUC': 0.8958737, 'm_Accuracy': 0.58226633, 'ap': array([0.6431718 , 0.9340836 , 0.46153846, 0.7037037 , 0.6747573 ],
      dtype=float32), 'ar': array([0.67906976, 0.9477977 , 0.14285715, 0.2835821 , 0.8580247 ],
      dtype=float32), 'auc': array([0.9093378, 0.9822836, 0.8175961, 0.8480587, 0.9220925],
      dtype=float32), 'accuracy': array([0.67906976, 0.9477977 , 0.14285715, 0.2835821 , 0.8580247 ],
      dtype=float32), 'f1': {'micro': tensor(0.7899), 'macro': tensor(0.5959), 'none': tensor([0.6606, 0.9409, 0.2182, 0.4043, 0.7554])}}
Training : Epoch [29/50], Loss: 0.0944
Testing : Epoch [29/50], Loss: 0.3208, results: {'mAP': 0.6633186, 'mAR': 0.56811666, 'mAUC': 0.89962214, 'm_Accuracy': 0.56811666, 'ap': array([0.57575756, 0.9679595 , 0.44444445, 0.6666667 , 0.6617647 ],
      dtype=float32), 'ar': array([0.7069768 , 0.9363785 , 0.0952381 , 0.26865673, 0.8333333 ],
      dtype=float32), 'auc': array([0.9131198 , 0.98377347, 0.8281956 , 0.84802747, 0.92499447],
      dtype=float32), 'accuracy': array([0.7069768 , 0.9363785 , 0.0952381 , 0.26865673, 0.8333333 ],
      dtype=float32), 'f1': {'micro': tensor(0.7801), 'macro': tensor(0.5728), 'none': tensor([0.6347, 0.9519, 0.1569, 0.3830, 0.7377])}}
Training : Epoch [30/50], Loss: 0.0788
Testing : Epoch [30/50], Loss: 0.3013, results: {'mAP': 0.6014277, 'mAR': 0.5921619, 'mAUC': 0.9035457, 'm_Accuracy': 0.5921619, 'ap': array([0.6160714 , 0.92551506, 0.25714287, 0.464     , 0.74440897],
      dtype=float32), 'ar': array([0.6418605 , 0.9526917 , 0.21428572, 0.43283582, 0.7191358 ],
      dtype=float32), 'auc': array([0.9044234 , 0.9833035 , 0.8655484 , 0.85284007, 0.9116128 ],
      dtype=float32), 'accuracy': array([0.6418605 , 0.9526917 , 0.21428572, 0.43283582, 0.7191358 ],
      dtype=float32), 'f1': {'micro': tensor(0.7696), 'macro': tensor(0.5962), 'none': tensor([0.6287, 0.9389, 0.2338, 0.4479, 0.7316])}}
Training : Epoch [31/50], Loss: 0.0666
Testing : Epoch [31/50], Loss: 0.2894, results: {'mAP': 0.60432196, 'mAR': 0.59251773, 'mAUC': 0.89903384, 'm_Accuracy': 0.59251773, 'ap': array([0.6182573 , 0.95522386, 0.22580644, 0.4950495 , 0.72727275],
      dtype=float32), 'ar': array([0.69302326, 0.9396411 , 0.16666667, 0.37313432, 0.79012346],
      dtype=float32), 'auc': array([0.9126518 , 0.98271483, 0.8107828 , 0.8640466 , 0.92497295],
      dtype=float32), 'accuracy': array([0.69302326, 0.9396411 , 0.16666667, 0.37313432, 0.79012346],
      dtype=float32), 'f1': {'micro': tensor(0.7816), 'macro': tensor(0.5951), 'none': tensor([0.6535, 0.9474, 0.1918, 0.4255, 0.7574])}}
Saving ./data/aug/0.05_0.001_100/checkpoint_30.pt
Training : Epoch [32/50], Loss: 0.0568
Testing : Epoch [32/50], Loss: 0.2763, results: {'mAP': 0.64438534, 'mAR': 0.63387394, 'mAUC': 0.9015209, 'm_Accuracy': 0.63387394, 'ap': array([0.6351931 , 0.96954316, 0.3043478 , 0.6043956 , 0.70844686],
      dtype=float32), 'ar': array([0.6883721 , 0.93474716, 0.33333334, 0.41044775, 0.80246913],
      dtype=float32), 'auc': array([0.91078377, 0.9813345 , 0.82985264, 0.8683217 , 0.9173122 ],
      dtype=float32), 'accuracy': array([0.6883721 , 0.93474716, 0.33333334, 0.41044775, 0.80246913],
      dtype=float32), 'f1': {'micro': tensor(0.7907), 'macro': tensor(0.6344), 'none': tensor([0.6607, 0.9518, 0.3182, 0.4889, 0.7525])}}
