Train size = 5308, Test size = 1328
Classes : ['affected', 'destroyed', 'major', 'minor', 'no_damage']
Training : Epoch [1/50], Loss: 1.5425
Testing : Epoch [1/50], Loss: 1.9157, results: {'mAP': 0.09231928, 'mAR': 0.2, 'mAUC': 0.5658318, 'm_Accuracy': 0.2, 'ap': array([0.       , 0.4615964, 0.       , 0.       , 0.       ],
      dtype=float32), 'ar': array([0., 1., 0., 0., 0.], dtype=float32), 'auc': array([0.5686997 , 0.77180666, 0.47335777, 0.50250006, 0.5127945 ],
      dtype=float32), 'accuracy': array([0., 1., 0., 0., 0.], dtype=float32), 'f1': {'micro': tensor(0.4616), 'macro': tensor(0.1263), 'none': tensor([0.0000, 0.6316, 0.0000, 0.0000, 0.0000])}}
Saving ./data/aug/0.01_0.0_25/checkpoint_0.pt
Training : Epoch [2/50], Loss: 1.4120
Testing : Epoch [2/50], Loss: 1.7567, results: {'mAP': 0.09231928, 'mAR': 0.2, 'mAUC': 0.6234764, 'm_Accuracy': 0.2, 'ap': array([0.       , 0.4615964, 0.       , 0.       , 0.       ],
      dtype=float32), 'ar': array([0., 1., 0., 0., 0.], dtype=float32), 'auc': array([0.58115715, 0.8332561 , 0.5695401 , 0.60028064, 0.5331483 ],
      dtype=float32), 'accuracy': array([0., 1., 0., 0., 0.], dtype=float32), 'f1': {'micro': tensor(0.4616), 'macro': tensor(0.1263), 'none': tensor([0.0000, 0.6316, 0.0000, 0.0000, 0.0000])}}
Training : Epoch [3/50], Loss: 1.3430
Testing : Epoch [3/50], Loss: 1.6754, results: {'mAP': 0.09231928, 'mAR': 0.2, 'mAUC': 0.6931321, 'm_Accuracy': 0.2, 'ap': array([0.       , 0.4615964, 0.       , 0.       , 0.       ],
      dtype=float32), 'ar': array([0., 1., 0., 0., 0.], dtype=float32), 'auc': array([0.70671767, 0.87715125, 0.67399836, 0.63938785, 0.5684054 ],
      dtype=float32), 'accuracy': array([0., 1., 0., 0., 0.], dtype=float32), 'f1': {'micro': tensor(0.4616), 'macro': tensor(0.1263), 'none': tensor([0.0000, 0.6316, 0.0000, 0.0000, 0.0000])}}
Training : Epoch [4/50], Loss: 1.2799
Testing : Epoch [4/50], Loss: 1.5757, results: {'mAP': 0.19932614, 'mAR': 0.21659617, 'mAUC': 0.7614037, 'm_Accuracy': 0.21659617, 'ap': array([0.        , 0.4787736 , 0.        , 0.        , 0.51785713],
      dtype=float32), 'ar': array([0.        , 0.9934747 , 0.        , 0.        , 0.08950617],
      dtype=float32), 'auc': array([0.7461125, 0.9237728, 0.6802007, 0.6746294, 0.7823029],
      dtype=float32), 'accuracy': array([0.        , 0.9934747 , 0.        , 0.        , 0.08950617],
      dtype=float32), 'f1': {'micro': tensor(0.4804), 'macro': tensor(0.1598), 'none': tensor([0.0000, 0.6462, 0.0000, 0.0000, 0.1526])}}
Training : Epoch [5/50], Loss: 1.0284
Testing : Epoch [5/50], Loss: 1.2600, results: {'mAP': 0.2717794, 'mAR': 0.3660242, 'mAUC': 0.7717947, 'm_Accuracy': 0.3660242, 'ap': array([0.        , 0.95272726, 0.        , 0.        , 0.40616965],
      dtype=float32), 'ar': array([0.        , 0.8548124 , 0.        , 0.        , 0.97530866],
      dtype=float32), 'auc': array([0.75378925, 0.9330748 , 0.6848293 , 0.68584216, 0.8014378 ],
      dtype=float32), 'accuracy': array([0.        , 0.8548124 , 0.        , 0.        , 0.97530866],
      dtype=float32), 'f1': {'micro': tensor(0.6325), 'macro': tensor(0.2949), 'none': tensor([0.0000, 0.9011, 0.0000, 0.0000, 0.5735])}}
Training : Epoch [6/50], Loss: 0.9029
Testing : Epoch [6/50], Loss: 1.1261, results: {'mAP': 0.2714452, 'mAR': 0.3699746, 'mAUC': 0.78434515, 'm_Accuracy': 0.3699746, 'ap': array([0.        , 0.94055945, 0.        , 0.        , 0.41666666],
      dtype=float32), 'ar': array([0.       , 0.8776509, 0.       , 0.       , 0.9722222],
      dtype=float32), 'auc': array([0.79659414, 0.9488883 , 0.65054065, 0.7124803 , 0.8132224 ],
      dtype=float32), 'accuracy': array([0.       , 0.8776509, 0.       , 0.       , 0.9722222],
      dtype=float32), 'f1': {'micro': tensor(0.6423), 'macro': tensor(0.2983), 'none': tensor([0.0000, 0.9080, 0.0000, 0.0000, 0.5833])}}
Training : Epoch [7/50], Loss: 0.8628
Testing : Epoch [7/50], Loss: 1.0775, results: {'mAP': 0.4021739, 'mAR': 0.39225635, 'mAUC': 0.80920506, 'm_Accuracy': 0.39225635, 'ap': array([0.6111111 , 0.96750903, 0.        , 0.        , 0.4322493 ],
      dtype=float32), 'ar': array([0.10232558, 0.8743883 , 0.        , 0.        , 0.9845679 ],
      dtype=float32), 'auc': array([0.83946383, 0.96410865, 0.6624269 , 0.7381372 , 0.8418886 ],
      dtype=float32), 'accuracy': array([0.10232558, 0.8743883 , 0.        , 0.        , 0.9845679 ],
      dtype=float32), 'f1': {'micro': tensor(0.6604), 'macro': tensor(0.3389), 'none': tensor([0.1753, 0.9186, 0.0000, 0.0000, 0.6008])}}
Training : Epoch [8/50], Loss: 0.8339
Testing : Epoch [8/50], Loss: 1.0414, results: {'mAP': 0.39777535, 'mAR': 0.43770805, 'mAUC': 0.8152626, 'm_Accuracy': 0.43770805, 'ap': array([0.56050956, 0.9409722 , 0.        , 0.        , 0.48739496],
      dtype=float32), 'ar': array([0.40930232, 0.8841762 , 0.        , 0.        , 0.89506173],
      dtype=float32), 'auc': array([0.85359496, 0.9619754 , 0.6768126 , 0.72813696, 0.8557929 ],
      dtype=float32), 'accuracy': array([0.40930232, 0.8841762 , 0.        , 0.        , 0.89506173],
      dtype=float32), 'f1': {'micro': tensor(0.6928), 'macro': tensor(0.4032), 'none': tensor([0.4731, 0.9117, 0.0000, 0.0000, 0.6311])}}
Training : Epoch [9/50], Loss: 0.7871
Testing : Epoch [9/50], Loss: 0.9805, results: {'mAP': 0.41272178, 'mAR': 0.48170194, 'mAUC': 0.83860195, 'm_Accuracy': 0.48170194, 'ap': array([0.53667957, 0.9694245 , 0.        , 0.        , 0.5575049 ],
      dtype=float32), 'ar': array([0.6465116 , 0.87928224, 0.        , 0.        , 0.88271606],
      dtype=float32), 'auc': array([0.88274306, 0.97308207, 0.70312154, 0.7468249 , 0.8872381 ],
      dtype=float32), 'accuracy': array([0.6465116 , 0.87928224, 0.        , 0.        , 0.88271606],
      dtype=float32), 'f1': {'micro': tensor(0.7259), 'macro': tensor(0.4384), 'none': tensor([0.5865, 0.9222, 0.0000, 0.0000, 0.6834])}}
Training : Epoch [10/50], Loss: 0.7496
Testing : Epoch [10/50], Loss: 0.9387, results: {'mAP': 0.4037425, 'mAR': 0.47887793, 'mAUC': 0.84502774, 'm_Accuracy': 0.47887793, 'ap': array([0.4718101, 0.9597902, 0.       , 0.       , 0.5871122],
      dtype=float32), 'ar': array([0.73953485, 0.89559543, 0.        , 0.        , 0.7592593 ],
      dtype=float32), 'auc': array([0.8982678 , 0.97115415, 0.7125083 , 0.7590627 , 0.8841455 ],
      dtype=float32), 'accuracy': array([0.73953485, 0.89559543, 0.        , 0.        , 0.7592593 ],
      dtype=float32), 'f1': {'micro': tensor(0.7184), 'macro': tensor(0.4330), 'none': tensor([0.5761, 0.9266, 0.0000, 0.0000, 0.6622])}}
Training : Epoch [11/50], Loss: 0.7128
Testing : Epoch [11/50], Loss: 0.8973, results: {'mAP': 0.4043297, 'mAR': 0.47568688, 'mAUC': 0.8494856, 'm_Accuracy': 0.47568688, 'ap': array([0.5123675, 0.9306931, 0.       , 0.       , 0.5785877],
      dtype=float32), 'ar': array([0.6744186, 0.9200652, 0.       , 0.       , 0.7839506],
      dtype=float32), 'auc': array([0.8959318 , 0.97411335, 0.7296156 , 0.76529413, 0.8824732 ],
      dtype=float32), 'accuracy': array([0.6744186, 0.9200652, 0.       , 0.       , 0.7839506],
      dtype=float32), 'f1': {'micro': tensor(0.7252), 'macro': tensor(0.4347), 'none': tensor([0.5823, 0.9253, 0.0000, 0.0000, 0.6658])}}
Saving ./data/aug/0.01_0.0_25/checkpoint_10.pt
Training : Epoch [12/50], Loss: 0.7052
Testing : Epoch [12/50], Loss: 0.8806, results: {'mAP': 0.43312788, 'mAR': 0.49109393, 'mAUC': 0.8522458, 'm_Accuracy': 0.49109393, 'ap': array([0.655    , 0.9464883, 0.       , 0.       , 0.5641509],
      dtype=float32), 'ar': array([0.60930234, 0.9233279 , 0.        , 0.        , 0.9228395 ],
      dtype=float32), 'auc': array([0.9043482 , 0.97718203, 0.7399837 , 0.7390247 , 0.90069044],
      dtype=float32), 'accuracy': array([0.60930234, 0.9233279 , 0.        , 0.        , 0.9228395 ],
      dtype=float32), 'f1': {'micro': tensor(0.7500), 'macro': tensor(0.4533), 'none': tensor([0.6313, 0.9348, 0.0000, 0.0000, 0.7002])}}
Training : Epoch [13/50], Loss: 0.6754
Testing : Epoch [13/50], Loss: 0.8510, results: {'mAP': 0.43271604, 'mAR': 0.4961505, 'mAUC': 0.86347735, 'm_Accuracy': 0.4961505, 'ap': array([0.6418605 , 0.94069195, 0.        , 0.        , 0.5810277 ],
      dtype=float32), 'ar': array([0.6418605, 0.9314845, 0.       , 0.       , 0.9074074],
      dtype=float32), 'auc': array([0.90049523, 0.97669834, 0.7779197 , 0.7648941 , 0.89737964],
      dtype=float32), 'accuracy': array([0.6418605, 0.9314845, 0.       , 0.       , 0.9074074],
      dtype=float32), 'f1': {'micro': tensor(0.7553), 'macro': tensor(0.4573), 'none': tensor([0.6419, 0.9361, 0.0000, 0.0000, 0.7084])}}
Training : Epoch [14/50], Loss: 0.6502
Testing : Epoch [14/50], Loss: 0.8252, results: {'mAP': 0.4187675, 'mAR': 0.49546972, 'mAUC': 0.86441785, 'm_Accuracy': 0.49546972, 'ap': array([0.53608245, 0.9510135 , 0.        , 0.        , 0.60674155],
      dtype=float32), 'ar': array([0.7255814, 0.9184339, 0.       , 0.       , 0.8333333],
      dtype=float32), 'auc': array([0.91385525, 0.97499174, 0.76910686, 0.760869  , 0.90326655],
      dtype=float32), 'accuracy': array([0.7255814, 0.9184339, 0.       , 0.       , 0.8333333],
      dtype=float32), 'f1': {'micro': tensor(0.7447), 'macro': tensor(0.4507), 'none': tensor([0.6166, 0.9344, 0.0000, 0.0000, 0.7022])}}
Training : Epoch [15/50], Loss: 0.6393
Testing : Epoch [15/50], Loss: 0.8080, results: {'mAP': 0.6235354, 'mAR': 0.49745664, 'mAUC': 0.86038846, 'm_Accuracy': 0.49745664, 'ap': array([0.596     , 0.9120879 , 0.        , 1.        , 0.60958904],
      dtype=float32), 'ar': array([0.69302326, 0.9477977 , 0.        , 0.02238806, 0.8240741 ],
      dtype=float32), 'auc': array([0.9090913 , 0.9828312 , 0.72974527, 0.7780194 , 0.9022552 ],
      dtype=float32), 'accuracy': array([0.69302326, 0.9477977 , 0.        , 0.02238806, 0.8240741 ],
      dtype=float32), 'f1': {'micro': tensor(0.7530), 'macro': tensor(0.4630), 'none': tensor([0.6409, 0.9296, 0.0000, 0.0438, 0.7008])}}
Training : Epoch [16/50], Loss: 0.6237
Testing : Epoch [16/50], Loss: 0.7936, results: {'mAP': 0.42806977, 'mAR': 0.49255723, 'mAUC': 0.8623519, 'm_Accuracy': 0.49255723, 'ap': array([0.6164383 , 0.92926043, 0.        , 0.        , 0.5946502 ],
      dtype=float32), 'ar': array([0.627907  , 0.94290376, 0.        , 0.        , 0.8919753 ],
      dtype=float32), 'auc': array([0.90064985, 0.98117477, 0.7432052 , 0.7840196 , 0.90271014],
      dtype=float32), 'accuracy': array([0.627907  , 0.94290376, 0.        , 0.        , 0.8919753 ],
      dtype=float32), 'f1': {'micro': tensor(0.7545), 'macro': tensor(0.4543), 'none': tensor([0.6221, 0.9360, 0.0000, 0.0000, 0.7136])}}
Training : Epoch [17/50], Loss: 0.5916
Testing : Epoch [17/50], Loss: 0.7607, results: {'mAP': 0.50496304, 'mAR': 0.5084073, 'mAUC': 0.8721167, 'm_Accuracy': 0.5084073, 'ap': array([0.56653994, 0.92948717, 0.        , 0.4       , 0.6287879 ],
      dtype=float32), 'ar': array([0.69302326, 0.9461664 , 0.        , 0.13432837, 0.7685185 ],
      dtype=float32), 'auc': array([0.9068472 , 0.98001117, 0.765404  , 0.79942   , 0.90890145],
      dtype=float32), 'accuracy': array([0.69302326, 0.9461664 , 0.        , 0.13432837, 0.7685185 ],
      dtype=float32), 'f1': {'micro': tensor(0.7500), 'macro': tensor(0.4908), 'none': tensor([0.6234, 0.9378, 0.0000, 0.2011, 0.6917])}}
Training : Epoch [18/50], Loss: 0.5801
Testing : Epoch [18/50], Loss: 0.7582, results: {'mAP': 0.50894165, 'mAR': 0.49282876, 'mAUC': 0.8750485, 'm_Accuracy': 0.49282876, 'ap': array([0.51666665, 0.8882175 , 0.        , 0.48      , 0.6598241 ],
      dtype=float32), 'ar': array([0.7209302 , 0.95921695, 0.        , 0.08955224, 0.6944444 ],
      dtype=float32), 'auc': array([0.89800453, 0.9820212 , 0.7908798 , 0.80017   , 0.9041673 ],
      dtype=float32), 'accuracy': array([0.7209302 , 0.95921695, 0.        , 0.08955224, 0.6944444 ],
      dtype=float32), 'f1': {'micro': tensor(0.7380), 'macro': tensor(0.4704), 'none': tensor([0.6019, 0.9224, 0.0000, 0.1509, 0.6767])}}
Training : Epoch [19/50], Loss: 0.5664
Testing : Epoch [19/50], Loss: 0.7379, results: {'mAP': 0.51007044, 'mAR': 0.5277487, 'mAUC': 0.8820483, 'm_Accuracy': 0.5277487, 'ap': array([0.5984252 , 0.9049844 , 0.        , 0.36290324, 0.6840391 ],
      dtype=float32), 'ar': array([0.7069768 , 0.9477977 , 0.        , 0.33582088, 0.6481481 ],
      dtype=float32), 'auc': array([0.9145866 , 0.9811223 , 0.7955825 , 0.810439  , 0.90851104],
      dtype=float32), 'accuracy': array([0.7069768 , 0.9477977 , 0.        , 0.33582088, 0.6481481 ],
      dtype=float32), 'f1': {'micro': tensor(0.7440), 'macro': tensor(0.5177), 'none': tensor([0.6482, 0.9259, 0.0000, 0.3488, 0.6656])}}
Training : Epoch [20/50], Loss: 0.5396
Testing : Epoch [20/50], Loss: 0.7019, results: {'mAP': 0.5366824, 'mAR': 0.5435793, 'mAUC': 0.88245356, 'm_Accuracy': 0.5435793, 'ap': array([0.65238094, 0.9522241 , 0.        , 0.44761905, 0.6311881 ],
      dtype=float32), 'ar': array([0.6372093 , 0.94290376, 0.        , 0.35074627, 0.787037  ],
      dtype=float32), 'auc': array([0.9007543 , 0.98394686, 0.7754573 , 0.8344771 , 0.9176319 ],
      dtype=float32), 'accuracy': array([0.6372093 , 0.94290376, 0.        , 0.35074627, 0.787037  ],
      dtype=float32), 'f1': {'micro': tensor(0.7658), 'macro': tensor(0.5372), 'none': tensor([0.6447, 0.9475, 0.0000, 0.3933, 0.7005])}}
Training : Epoch [21/50], Loss: 0.5222
Testing : Epoch [21/50], Loss: 0.6918, results: {'mAP': 0.7217163, 'mAR': 0.5327805, 'mAUC': 0.89133656, 'm_Accuracy': 0.5327805, 'ap': array([0.5875    , 0.9201278 , 1.        , 0.44047618, 0.66047746],
      dtype=float32), 'ar': array([0.65581393, 0.9396411 , 0.02380952, 0.2761194 , 0.7685185 ],
      dtype=float32), 'auc': array([0.89904094, 0.97993135, 0.8164297 , 0.84644616, 0.9148345 ],
      dtype=float32), 'accuracy': array([0.65581393, 0.9396411 , 0.02380952, 0.2761194 , 0.7685185 ],
      dtype=float32), 'f1': {'micro': tensor(0.7560), 'macro': tensor(0.5292), 'none': tensor([0.6198, 0.9298, 0.0465, 0.3394, 0.7104])}}
Saving ./data/aug/0.01_0.0_25/checkpoint_20.pt
Training : Epoch [22/50], Loss: 0.5096
Testing : Epoch [22/50], Loss: 0.6787, results: {'mAP': 0.52828944, 'mAR': 0.52959305, 'mAUC': 0.8913599, 'm_Accuracy': 0.52959305, 'ap': array([0.5247525 , 0.92234546, 0.        , 0.51282054, 0.6815287 ],
      dtype=float32), 'ar': array([0.73953485, 0.94942904, 0.        , 0.29850745, 0.66049385],
      dtype=float32), 'auc': array([0.91529703, 0.98111546, 0.81274533, 0.8399022 , 0.9077394 ],
      dtype=float32), 'accuracy': array([0.73953485, 0.94942904, 0.        , 0.29850745, 0.66049385],
      dtype=float32), 'f1': {'micro': tensor(0.7492), 'macro': tensor(0.5196), 'none': tensor([0.6139, 0.9357, 0.0000, 0.3774, 0.6708])}}
Training : Epoch [23/50], Loss: 0.4903
Testing : Epoch [23/50], Loss: 0.6606, results: {'mAP': 0.59686244, 'mAR': 0.55378926, 'mAUC': 0.8919975, 'm_Accuracy': 0.55378926, 'ap': array([0.6367925 , 0.9264    , 0.33333334, 0.4172662 , 0.67052025],
      dtype=float32), 'ar': array([0.627907  , 0.9445351 , 0.04761905, 0.43283582, 0.7160494 ],
      dtype=float32), 'auc': array([0.9013728 , 0.97978073, 0.8219655 , 0.84282106, 0.91404754],
      dtype=float32), 'accuracy': array([0.627907  , 0.9445351 , 0.04761905, 0.43283582, 0.7160494 ],
      dtype=float32), 'f1': {'micro': tensor(0.7575), 'macro': tensor(0.5537), 'none': tensor([0.6323, 0.9354, 0.0833, 0.4249, 0.6925])}}
Training : Epoch [24/50], Loss: 0.4728
Testing : Epoch [24/50], Loss: 0.6390, results: {'mAP': 0.60151386, 'mAR': 0.5678939, 'mAUC': 0.89665806, 'm_Accuracy': 0.5678939, 'ap': array([0.6666667 , 0.95469797, 0.2       , 0.5346535 , 0.6515513 ],
      dtype=float32), 'ar': array([0.6418605 , 0.9282219 , 0.02380952, 0.40298507, 0.8425926 ],
      dtype=float32), 'auc': array([0.90788776, 0.9811383 , 0.81574464, 0.86017776, 0.91834205],
      dtype=float32), 'accuracy': array([0.6418605 , 0.9282219 , 0.02380952, 0.40298507, 0.8425926 ],
      dtype=float32), 'f1': {'micro': tensor(0.7794), 'macro': tensor(0.5665), 'none': tensor([0.6540, 0.9413, 0.0426, 0.4596, 0.7349])}}
Training : Epoch [25/50], Loss: 0.4538
Testing : Epoch [25/50], Loss: 0.6247, results: {'mAP': 0.5967471, 'mAR': 0.57987106, 'mAUC': 0.88895464, 'm_Accuracy': 0.57987106, 'ap': array([0.63596493, 0.94174755, 0.22222222, 0.48591548, 0.6978852 ],
      dtype=float32), 'ar': array([0.6744186 , 0.94942904, 0.04761905, 0.51492536, 0.712963  ],
      dtype=float32), 'auc': array([0.9104912 , 0.9783388 , 0.79613787, 0.8411898 , 0.91861564],
      dtype=float32), 'accuracy': array([0.6744186 , 0.94942904, 0.04761905, 0.51492536, 0.712963  ],
      dtype=float32), 'f1': {'micro': tensor(0.7748), 'macro': tensor(0.5768), 'none': tensor([0.6546, 0.9456, 0.0784, 0.5000, 0.7053])}}
Training : Epoch [26/50], Loss: 0.4538
Testing : Epoch [26/50], Loss: 0.6125, results: {'mAP': 0.6304524, 'mAR': 0.58128434, 'mAUC': 0.9052078, 'm_Accuracy': 0.58128434, 'ap': array([0.657277  , 0.93900484, 0.33333334, 0.51724136, 0.7054054 ],
      dtype=float32), 'ar': array([0.6511628 , 0.954323  , 0.04761905, 0.4477612 , 0.8055556 ],
      dtype=float32), 'auc': array([0.9094298 , 0.9844785 , 0.84440494, 0.8627528 , 0.92497295],
      dtype=float32), 'accuracy': array([0.6511628 , 0.954323  , 0.04761905, 0.4477612 , 0.8055556 ],
      dtype=float32), 'f1': {'micro': tensor(0.7892), 'macro': tensor(0.5833), 'none': tensor([0.6542, 0.9466, 0.0833, 0.4800, 0.7522])}}
Training : Epoch [27/50], Loss: 0.4261
Testing : Epoch [27/50], Loss: 0.5933, results: {'mAP': 0.5681079, 'mAR': 0.5606545, 'mAUC': 0.89954793, 'm_Accuracy': 0.5606545, 'ap': array([0.576779  , 0.9512605 , 0.0625    , 0.56666666, 0.68333334],
      dtype=float32), 'ar': array([0.7162791 , 0.9233279 , 0.02380952, 0.38059703, 0.7592593 ],
      dtype=float32), 'auc': array([0.91768736, 0.9808257 , 0.81483746, 0.8659029 , 0.91848654],
      dtype=float32), 'accuracy': array([0.7162791 , 0.9233279 , 0.02380952, 0.38059703, 0.7592593 ],
      dtype=float32), 'f1': {'micro': tensor(0.7666), 'macro': tensor(0.5570), 'none': tensor([0.6390, 0.9371, 0.0345, 0.4554, 0.7193])}}
Training : Epoch [28/50], Loss: 0.4018
Testing : Epoch [28/50], Loss: 0.5694, results: {'mAP': 0.58255565, 'mAR': 0.5689137, 'mAUC': 0.89474744, 'm_Accuracy': 0.5689137, 'ap': array([0.65816325, 0.9446254 , 0.2       , 0.4117647 , 0.69822484],
      dtype=float32), 'ar': array([0.6       , 0.9461664 , 0.04761905, 0.52238804, 0.72839504],
      dtype=float32), 'auc': array([0.9129025 , 0.9855371 , 0.80084056, 0.8530963 , 0.92136085],
      dtype=float32), 'accuracy': array([0.6       , 0.9461664 , 0.04761905, 0.52238804, 0.72839504],
      dtype=float32), 'f1': {'micro': tensor(0.7658), 'macro': tensor(0.5647), 'none': tensor([0.6277, 0.9454, 0.0769, 0.4605, 0.7130])}}
Training : Epoch [29/50], Loss: 0.4037
Testing : Epoch [29/50], Loss: 0.5741, results: {'mAP': 0.5916096, 'mAR': 0.58323324, 'mAUC': 0.9048109, 'm_Accuracy': 0.58323324, 'ap': array([0.6666667 , 0.95514953, 0.23076923, 0.3897436 , 0.71571904],
      dtype=float32), 'ar': array([0.67906976, 0.9380098 , 0.07142857, 0.5671642 , 0.66049385],
      dtype=float32), 'auc': array([0.9229612 , 0.981209  , 0.84864473, 0.85620266, 0.9150374 ],
      dtype=float32), 'accuracy': array([0.67906976, 0.9380098 , 0.07142857, 0.5671642 , 0.66049385],
      dtype=float32), 'f1': {'micro': tensor(0.7636), 'macro': tensor(0.5755), 'none': tensor([0.6728, 0.9465, 0.1091, 0.4620, 0.6870])}}
Training : Epoch [30/50], Loss: 0.3943
Testing : Epoch [30/50], Loss: 0.5704, results: {'mAP': 0.6210144, 'mAR': 0.57598877, 'mAUC': 0.9069704, 'm_Accuracy': 0.57598877, 'ap': array([0.51582277, 0.9563025 , 0.35714287, 0.5638298 , 0.7119741 ],
      dtype=float32), 'ar': array([0.75813955, 0.9282219 , 0.11904762, 0.3955224 , 0.67901236],
      dtype=float32), 'auc': array([0.9123509 , 0.9782886 , 0.8627712 , 0.86532164, 0.91611946],
      dtype=float32), 'accuracy': array([0.75813955, 0.9282219 , 0.11904762, 0.3955224 , 0.67901236],
      dtype=float32), 'f1': {'micro': tensor(0.7605), 'macro': tensor(0.5789), 'none': tensor([0.6139, 0.9421, 0.1786, 0.4649, 0.6951])}}
Training : Epoch [31/50], Loss: 0.3778
Testing : Epoch [31/50], Loss: 0.5397, results: {'mAP': 0.59177196, 'mAR': 0.5717419, 'mAUC': 0.90079534, 'm_Accuracy': 0.5717419, 'ap': array([0.6869159 , 0.9340836 , 0.07692308, 0.57471263, 0.68622446],
      dtype=float32), 'ar': array([0.68372095, 0.9477977 , 0.02380952, 0.37313432, 0.8302469 ],
      dtype=float32), 'auc': array([0.9184229 , 0.9841682 , 0.8121343 , 0.86547166, 0.9237802 ],
      dtype=float32), 'accuracy': array([0.68372095, 0.9477977 , 0.02380952, 0.37313432, 0.8302469 ],
      dtype=float32), 'f1': {'micro': tensor(0.7892), 'macro': tensor(0.5733), 'none': tensor([0.6853, 0.9409, 0.0364, 0.4525, 0.7514])}}
Saving ./data/aug/0.01_0.0_25/checkpoint_30.pt
Training : Epoch [32/50], Loss: 0.3744
Testing : Epoch [32/50], Loss: 0.5401, results: {'mAP': 0.5729431, 'mAR': 0.5676708, 'mAUC': 0.90614307, 'm_Accuracy': 0.5676708, 'ap': array([0.6111111 , 0.9549249 , 0.15789473, 0.46456692, 0.6762178 ],
      dtype=float32), 'ar': array([0.66511625, 0.93311584, 0.07142857, 0.4402985 , 0.72839504],
      dtype=float32), 'auc': array([0.91856915, 0.98148966, 0.8469784 , 0.86320907, 0.92046934],
      dtype=float32), 'accuracy': array([0.66511625, 0.93311584, 0.07142857, 0.4402985 , 0.72839504],
      dtype=float32), 'f1': {'micro': tensor(0.7628), 'macro': tensor(0.5665), 'none': tensor([0.6370, 0.9439, 0.0984, 0.4521, 0.7013])}}
Training : Epoch [33/50], Loss: 0.3627
Testing : Epoch [33/50], Loss: 0.5278, results: {'mAP': 0.58706075, 'mAR': 0.570639, 'mAUC': 0.90519494, 'm_Accuracy': 0.570639, 'ap': array([0.6852792 , 0.96277493, 0.15384616, 0.4789916 , 0.6544118 ],
      dtype=float32), 'ar': array([0.627907  , 0.9282219 , 0.04761905, 0.42537314, 0.8240741 ],
      dtype=float32), 'auc': array([0.910859  , 0.982765  , 0.83785087, 0.86510915, 0.9293905 ],
      dtype=float32), 'accuracy': array([0.627907  , 0.9282219 , 0.04761905, 0.42537314, 0.8240741 ],
      dtype=float32), 'f1': {'micro': tensor(0.7756), 'macro': tensor(0.5707), 'none': tensor([0.6553, 0.9452, 0.0727, 0.4506, 0.7295])}}
Training : Epoch [34/50], Loss: 0.3554
Testing : Epoch [34/50], Loss: 0.5346, results: {'mAP': 0.58756065, 'mAR': 0.5805314, 'mAUC': 0.90093994, 'm_Accuracy': 0.5805314, 'ap': array([0.5741445 , 0.9266348 , 0.2       , 0.49137932, 0.7456446 ],
      dtype=float32), 'ar': array([0.7023256 , 0.9477977 , 0.16666667, 0.42537314, 0.66049385],
      dtype=float32), 'auc': array([0.9073069 , 0.981193  , 0.85695773, 0.8605528 , 0.8986892 ],
      dtype=float32), 'accuracy': array([0.7023256 , 0.9477977 , 0.16666667, 0.42537314, 0.66049385],
      dtype=float32), 'f1': {'micro': tensor(0.7605), 'macro': tensor(0.5814), 'none': tensor([0.6318, 0.9371, 0.1818, 0.4560, 0.7005])}}
Training : Epoch [35/50], Loss: 0.3448
Testing : Epoch [35/50], Loss: 0.5148, results: {'mAP': 0.6005694, 'mAR': 0.5991415, 'mAUC': 0.90696514, 'm_Accuracy': 0.5991415, 'ap': array([0.6331878 , 0.9612142 , 0.2       , 0.48951048, 0.7189349 ],
      dtype=float32), 'ar': array([0.6744186 , 0.9298532 , 0.11904762, 0.52238804, 0.75      ],
      dtype=float32), 'auc': array([0.9147412, 0.9788704, 0.8528475, 0.8632153, 0.9251512],
      dtype=float32), 'accuracy': array([0.6744186 , 0.9298532 , 0.11904762, 0.52238804, 0.75      ],
      dtype=float32), 'f1': {'micro': tensor(0.7779), 'macro': tensor(0.5974), 'none': tensor([0.6532, 0.9453, 0.1493, 0.5054, 0.7341])}}
Training : Epoch [36/50], Loss: 0.3305
Testing : Epoch [36/50], Loss: 0.4926, results: {'mAP': 0.6103817, 'mAR': 0.59606856, 'mAUC': 0.90915394, 'm_Accuracy': 0.59606856, 'ap': array([0.62204725, 0.95688224, 0.2173913 , 0.52380955, 0.73177844],
      dtype=float32), 'ar': array([0.7348837 , 0.94127244, 0.11904762, 0.41044775, 0.77469134],
      dtype=float32), 'auc': array([0.9252847 , 0.9816927 , 0.84886694, 0.8652779 , 0.9246471 ],
      dtype=float32), 'accuracy': array([0.7348837 , 0.94127244, 0.11904762, 0.41044775, 0.77469134],
      dtype=float32), 'f1': {'micro': tensor(0.7877), 'macro': tensor(0.5979), 'none': tensor([0.6738, 0.9490, 0.1538, 0.4603, 0.7526])}}
Training : Epoch [37/50], Loss: 0.3256
Testing : Epoch [37/50], Loss: 0.4927, results: {'mAP': 0.5982567, 'mAR': 0.58919686, 'mAUC': 0.907829, 'm_Accuracy': 0.58919686, 'ap': array([0.657277  , 0.9459902 , 0.17391305, 0.503876  , 0.71022725],
      dtype=float32), 'ar': array([0.6511628 , 0.94290376, 0.0952381 , 0.48507464, 0.77160496],
      dtype=float32), 'auc': array([0.91731125, 0.9827331 , 0.84942234, 0.87579066, 0.9138877 ],
      dtype=float32), 'accuracy': array([0.6511628 , 0.94290376, 0.0952381 , 0.48507464, 0.77160496],
      dtype=float32), 'f1': {'micro': tensor(0.7809), 'macro': tensor(0.5911), 'none': tensor([0.6542, 0.9444, 0.1231, 0.4943, 0.7396])}}
Training : Epoch [38/50], Loss: 0.3105
Testing : Epoch [38/50], Loss: 0.4760, results: {'mAP': 0.616515, 'mAR': 0.5923924, 'mAUC': 0.90945673, 'm_Accuracy': 0.5923924, 'ap': array([0.6097561 , 0.9520661 , 0.26666668, 0.54310346, 0.7109827 ],
      dtype=float32), 'ar': array([0.6976744 , 0.9396411 , 0.0952381 , 0.47014925, 0.7592593 ],
      dtype=float32), 'auc': array([0.92189556, 0.980755  , 0.85608757, 0.86796546, 0.92058   ],
      dtype=float32), 'accuracy': array([0.6976744 , 0.9396411 , 0.0952381 , 0.47014925, 0.7592593 ],
      dtype=float32), 'f1': {'micro': tensor(0.7824), 'macro': tensor(0.5951), 'none': tensor([0.6508, 0.9458, 0.1404, 0.5040, 0.7343])}}
Training : Epoch [39/50], Loss: 0.3187
Testing : Epoch [39/50], Loss: 0.4889, results: {'mAP': 0.61901885, 'mAR': 0.60496145, 'mAUC': 0.9066904, 'm_Accuracy': 0.60496145, 'ap': array([0.6635945 , 0.94942904, 0.29166666, 0.4722222 , 0.7181818 ],
      dtype=float32), 'ar': array([0.66976744, 0.94942904, 0.16666667, 0.5074627 , 0.7314815 ],
      dtype=float32), 'auc': array([0.9162331 , 0.9835864 , 0.85716134, 0.8672592 , 0.90921193],
      dtype=float32), 'accuracy': array([0.66976744, 0.94942904, 0.16666667, 0.5074627 , 0.7314815 ],
      dtype=float32), 'f1': {'micro': tensor(0.7816), 'macro': tensor(0.6084), 'none': tensor([0.6667, 0.9494, 0.2121, 0.4892, 0.7248])}}
Training : Epoch [40/50], Loss: 0.3071
Testing : Epoch [40/50], Loss: 0.4739, results: {'mAP': 0.58531463, 'mAR': 0.585371, 'mAUC': 0.91329443, 'm_Accuracy': 0.585371, 'ap': array([0.61157024, 0.9681742 , 0.16666667, 0.44927537, 0.7308869 ],
      dtype=float32), 'ar': array([0.6883721 , 0.94290376, 0.0952381 , 0.46268657, 0.7376543 ],
      dtype=float32), 'auc': array([0.9165507 , 0.984207  , 0.8683996 , 0.87448436, 0.9228303 ],
      dtype=float32), 'accuracy': array([0.6883721 , 0.94290376, 0.0952381 , 0.46268657, 0.7376543 ],
      dtype=float32), 'f1': {'micro': tensor(0.7764), 'macro': tensor(0.5829), 'none': tensor([0.6477, 0.9554, 0.1212, 0.4559, 0.7343])}}
Training : Epoch [41/50], Loss: 0.3059
Testing : Epoch [41/50], Loss: 0.4823, results: {'mAP': 0.59377134, 'mAR': 0.5894282, 'mAUC': 0.9073637, 'm_Accuracy': 0.5894282, 'ap': array([0.63839287, 0.93485343, 0.15625   , 0.53543305, 0.7039275 ],
      dtype=float32), 'ar': array([0.66511625, 0.9363785 , 0.11904762, 0.5074627 , 0.7191358 ],
      dtype=float32), 'auc': array([0.91187865, 0.9802644 , 0.85999405, 0.8755219 , 0.90915966],
      dtype=float32), 'accuracy': array([0.66511625, 0.9363785 , 0.11904762, 0.5074627 , 0.7191358 ],
      dtype=float32), 'f1': {'micro': tensor(0.7703), 'macro': tensor(0.5910), 'none': tensor([0.6515, 0.9356, 0.1351, 0.5211, 0.7115])}}
Saving ./data/aug/0.01_0.0_25/checkpoint_40.pt
