Train size = 5308, Test size = 1328
Classes : ['affected', 'destroyed', 'major', 'minor', 'no_damage']
Training : Epoch [1/50], Loss: 1.5583
Testing : Epoch [1/50], Loss: 1.9351, results: {'mAP': 0.09231928, 'mAR': 0.2, 'mAUC': 0.54312927, 'm_Accuracy': 0.2, 'ap': array([0.       , 0.4615964, 0.       , 0.       , 0.       ],
      dtype=float32), 'ar': array([0., 1., 0., 0., 0.], dtype=float32), 'auc': array([0.5670407 , 0.50030005, 0.5760201 , 0.5711018 , 0.5011835 ],
      dtype=float32), 'accuracy': array([0., 1., 0., 0., 0.], dtype=float32), 'f1': {'micro': tensor(0.4616), 'macro': tensor(0.1263), 'none': tensor([0.0000, 0.6316, 0.0000, 0.0000, 0.0000])}}
Saving ./data/aug/0.005_0.001_1/checkpoint_0.pt
Training : Epoch [2/50], Loss: 1.4196
Testing : Epoch [2/50], Loss: 1.7645, results: {'mAP': 0.09231928, 'mAR': 0.2, 'mAUC': 0.5859971, 'm_Accuracy': 0.2, 'ap': array([0.       , 0.4615964, 0.       , 0.       , 0.       ],
      dtype=float32), 'ar': array([0., 1., 0., 0., 0.], dtype=float32), 'auc': array([0.57853484, 0.67350984, 0.5106458 , 0.6001775 , 0.56711733],
      dtype=float32), 'accuracy': array([0., 1., 0., 0., 0.], dtype=float32), 'f1': {'micro': tensor(0.4616), 'macro': tensor(0.1263), 'none': tensor([0.0000, 0.6316, 0.0000, 0.0000, 0.0000])}}
Training : Epoch [3/50], Loss: 1.3464
Testing : Epoch [3/50], Loss: 1.6814, results: {'mAP': 0.09231928, 'mAR': 0.2, 'mAUC': 0.65513897, 'm_Accuracy': 0.2, 'ap': array([0.       , 0.4615964, 0.       , 0.       , 0.       ],
      dtype=float32), 'ar': array([0., 1., 0., 0., 0.], dtype=float32), 'auc': array([0.6272175 , 0.8143511 , 0.57320595, 0.61355907, 0.64736116],
      dtype=float32), 'accuracy': array([0., 1., 0., 0., 0.], dtype=float32), 'f1': {'micro': tensor(0.4616), 'macro': tensor(0.1263), 'none': tensor([0.0000, 0.6316, 0.0000, 0.0000, 0.0000])}}
Training : Epoch [4/50], Loss: 1.2938
Testing : Epoch [4/50], Loss: 1.6030, results: {'mAP': 0.20136161, 'mAR': 0.22945341, 'mAUC': 0.72027606, 'm_Accuracy': 0.22945341, 'ap': array([0.       , 0.4922449, 0.       , 0.       , 0.5145631],
      dtype=float32), 'ar': array([0.        , 0.9836868 , 0.        , 0.        , 0.16358025],
      dtype=float32), 'auc': array([0.6842433 , 0.8902817 , 0.67925644, 0.63867223, 0.7089266 ],
      dtype=float32), 'accuracy': array([0.        , 0.9836868 , 0.        , 0.        , 0.16358025],
      dtype=float32), 'f1': {'micro': tensor(0.4940), 'macro': tensor(0.1809), 'none': tensor([0.0000, 0.6561, 0.0000, 0.0000, 0.2482])}}
Training : Epoch [5/50], Loss: 1.1442
Testing : Epoch [5/50], Loss: 1.4068, results: {'mAP': 0.44332933, 'mAR': 0.35343093, 'mAUC': 0.779964, 'm_Accuracy': 0.35343093, 'ap': array([1.        , 0.7524205 , 0.        , 0.        , 0.46422628],
      dtype=float32), 'ar': array([0.01860465, 0.88743883, 0.        , 0.        , 0.8611111 ],
      dtype=float32), 'auc': array([0.7467895, 0.9238002, 0.6907354, 0.7198805, 0.8186144],
      dtype=float32), 'accuracy': array([0.01860465, 0.88743883, 0.        , 0.        , 0.8611111 ],
      dtype=float32), 'f1': {'micro': tensor(0.6227), 'macro': tensor(0.2908), 'none': tensor([0.0365, 0.8144, 0.0000, 0.0000, 0.6032])}}
Training : Epoch [6/50], Loss: 0.9857
Testing : Epoch [6/50], Loss: 1.2211, results: {'mAP': 0.44490725, 'mAR': 0.38133994, 'mAUC': 0.7925578, 'm_Accuracy': 0.38133994, 'ap': array([0.8888889 , 0.901528  , 0.        , 0.        , 0.43411928],
      dtype=float32), 'ar': array([0.0744186, 0.8662316, 0.       , 0.       , 0.9660494],
      dtype=float32), 'auc': array([0.79122007, 0.93020225, 0.68679184, 0.7345246 , 0.82005006],
      dtype=float32), 'accuracy': array([0.0744186, 0.8662316, 0.       , 0.       , 0.9660494],
      dtype=float32), 'f1': {'micro': tensor(0.6476), 'macro': tensor(0.3240), 'none': tensor([0.1373, 0.8835, 0.0000, 0.0000, 0.5990])}}
Training : Epoch [7/50], Loss: 0.9079
Testing : Epoch [7/50], Loss: 1.1323, results: {'mAP': 0.4300457, 'mAR': 0.40784034, 'mAUC': 0.80362874, 'm_Accuracy': 0.40784034, 'ap': array([0.8035714 , 0.87928224, 0.        , 0.        , 0.4673748 ],
      dtype=float32), 'ar': array([0.20930232, 0.87928224, 0.        , 0.        , 0.9506173 ],
      dtype=float32), 'auc': array([0.817819  , 0.93353564, 0.6961786 , 0.73174953, 0.83886063],
      dtype=float32), 'accuracy': array([0.20930232, 0.87928224, 0.        , 0.        , 0.9506173 ],
      dtype=float32), 'f1': {'micro': tensor(0.6717), 'macro': tensor(0.3676), 'none': tensor([0.3321, 0.8793, 0.0000, 0.0000, 0.6267])}}
Training : Epoch [8/50], Loss: 0.8722
Testing : Epoch [8/50], Loss: 1.0865, results: {'mAP': 0.41931328, 'mAR': 0.44029665, 'mAUC': 0.82218933, 'm_Accuracy': 0.44029665, 'ap': array([0.6854839 , 0.9300699 , 0.        , 0.        , 0.48101267],
      dtype=float32), 'ar': array([0.39534885, 0.86786294, 0.        , 0.        , 0.9382716 ],
      dtype=float32), 'auc': array([0.83960384, 0.94134086, 0.7227468 , 0.7535188 , 0.8537363 ],
      dtype=float32), 'accuracy': array([0.39534885, 0.86786294, 0.        , 0.        , 0.9382716 ],
      dtype=float32), 'f1': {'micro': tensor(0.6935), 'macro': tensor(0.4071), 'none': tensor([0.5015, 0.8979, 0.0000, 0.0000, 0.6360])}}
Training : Epoch [9/50], Loss: 0.8386
Testing : Epoch [9/50], Loss: 1.0461, results: {'mAP': 0.418269, 'mAR': 0.44538847, 'mAUC': 0.8189451, 'm_Accuracy': 0.44538847, 'ap': array([0.6865672 , 0.90893763, 0.        , 0.        , 0.49584025],
      dtype=float32), 'ar': array([0.427907  , 0.87928224, 0.        , 0.        , 0.9197531 ],
      dtype=float32), 'auc': array([0.8623624 , 0.9479506 , 0.67886764, 0.748925  , 0.85661983],
      dtype=float32), 'accuracy': array([0.427907  , 0.87928224, 0.        , 0.        , 0.9197531 ],
      dtype=float32), 'f1': {'micro': tensor(0.6995), 'macro': tensor(0.4131), 'none': tensor([0.5272, 0.8939, 0.0000, 0.0000, 0.6443])}}
Training : Epoch [10/50], Loss: 0.8117
Testing : Epoch [10/50], Loss: 1.0121, results: {'mAP': 0.4185812, 'mAR': 0.4591042, 'mAUC': 0.83573484, 'm_Accuracy': 0.4591042, 'ap': array([0.656051 , 0.9142857, 0.       , 0.       , 0.5225694],
      dtype=float32), 'ar': array([0.47906977, 0.88743883, 0.        , 0.        , 0.92901236],
      dtype=float32), 'auc': array([0.871276  , 0.95599085, 0.73006   , 0.7552439 , 0.8661035 ],
      dtype=float32), 'accuracy': array([0.47906977, 0.88743883, 0.        , 0.        , 0.92901236],
      dtype=float32), 'f1': {'micro': tensor(0.7139), 'macro': tensor(0.4247), 'none': tensor([0.5538, 0.9007, 0.0000, 0.0000, 0.6689])}}
Training : Epoch [11/50], Loss: 0.7887
Testing : Epoch [11/50], Loss: 0.9844, results: {'mAP': 0.41836625, 'mAR': 0.46720248, 'mAUC': 0.8388093, 'm_Accuracy': 0.46720248, 'ap': array([0.6338798 , 0.9348199 , 0.        , 0.        , 0.52313167],
      dtype=float32), 'ar': array([0.53953487, 0.88907015, 0.        , 0.        , 0.9074074 ],
      dtype=float32), 'auc': array([0.88600683, 0.9586899 , 0.71241575, 0.7687005 , 0.86823386],
      dtype=float32), 'accuracy': array([0.53953487, 0.88907015, 0.        , 0.        , 0.9074074 ],
      dtype=float32), 'f1': {'micro': tensor(0.7191), 'macro': tensor(0.4316), 'none': tensor([0.5829, 0.9114, 0.0000, 0.0000, 0.6637])}}
Saving ./data/aug/0.005_0.001_1/checkpoint_10.pt
Training : Epoch [12/50], Loss: 0.7660
Testing : Epoch [12/50], Loss: 0.9585, results: {'mAP': 0.40894184, 'mAR': 0.4618855, 'mAUC': 0.8387183, 'm_Accuracy': 0.4618855, 'ap': array([0.56852794, 0.9575972 , 0.        , 0.        , 0.5185841 ],
      dtype=float32), 'ar': array([0.52093023, 0.8841762 , 0.        , 0.        , 0.904321  ],
      dtype=float32), 'auc': array([0.87614036, 0.9659202 , 0.7131749 , 0.7622003 , 0.87615585],
      dtype=float32), 'accuracy': array([0.52093023, 0.8841762 , 0.        , 0.        , 0.904321  ],
      dtype=float32), 'f1': {'micro': tensor(0.7131), 'macro': tensor(0.4245), 'none': tensor([0.5437, 0.9194, 0.0000, 0.0000, 0.6592])}}
Training : Epoch [13/50], Loss: 0.7483
Testing : Epoch [13/50], Loss: 0.9354, results: {'mAP': 0.4126976, 'mAR': 0.4686571, 'mAUC': 0.8484731, 'm_Accuracy': 0.4686571, 'ap': array([0.59     , 0.9329983, 0.       , 0.       , 0.5404896],
      dtype=float32), 'ar': array([0.5488372 , 0.908646  , 0.        , 0.        , 0.88580245],
      dtype=float32), 'auc': array([0.88787895, 0.97006357, 0.7315226 , 0.77050054, 0.88239944],
      dtype=float32), 'accuracy': array([0.5488372 , 0.908646  , 0.        , 0.        , 0.88580245],
      dtype=float32), 'f1': {'micro': tensor(0.7244), 'macro': tensor(0.4321), 'none': tensor([0.5687, 0.9207, 0.0000, 0.0000, 0.6713])}}
Training : Epoch [14/50], Loss: 0.7293
Testing : Epoch [14/50], Loss: 0.9137, results: {'mAP': 0.42150217, 'mAR': 0.47822857, 'mAUC': 0.8533144, 'm_Accuracy': 0.47822857, 'ap': array([0.61650485, 0.95197254, 0.        , 0.        , 0.5390335 ],
      dtype=float32), 'ar': array([0.59069765, 0.90538335, 0.        , 0.        , 0.89506173],
      dtype=float32), 'auc': array([0.8918991 , 0.96763366, 0.746149  , 0.77430063, 0.88658947],
      dtype=float32), 'accuracy': array([0.59069765, 0.90538335, 0.        , 0.        , 0.89506173],
      dtype=float32), 'f1': {'micro': tensor(0.7319), 'macro': tensor(0.4409), 'none': tensor([0.6033, 0.9281, 0.0000, 0.0000, 0.6729])}}
Training : Epoch [15/50], Loss: 0.7060
Testing : Epoch [15/50], Loss: 0.8900, results: {'mAP': 0.41931707, 'mAR': 0.46923527, 'mAUC': 0.8535353, 'm_Accuracy': 0.46923527, 'ap': array([0.6208791 , 0.94237286, 0.        , 0.        , 0.53333336],
      dtype=float32), 'ar': array([0.5255814 , 0.90701467, 0.        , 0.        , 0.91358024],
      dtype=float32), 'auc': array([0.88682586, 0.97101265, 0.7572391 , 0.7714318 , 0.8811667 ],
      dtype=float32), 'accuracy': array([0.5255814 , 0.90701467, 0.        , 0.        , 0.91358024],
      dtype=float32), 'f1': {'micro': tensor(0.7267), 'macro': tensor(0.4334), 'none': tensor([0.5693, 0.9244, 0.0000, 0.0000, 0.6735])}}
Training : Epoch [16/50], Loss: 0.6928
Testing : Epoch [16/50], Loss: 0.8714, results: {'mAP': 0.43190956, 'mAR': 0.475761, 'mAUC': 0.86261857, 'm_Accuracy': 0.475761, 'ap': array([0.6768293 , 0.9442568 , 0.        , 0.        , 0.53846157],
      dtype=float32), 'ar': array([0.51627904, 0.9119086 , 0.        , 0.        , 0.9506173 ],
      dtype=float32), 'auc': array([0.8911093, 0.9766641, 0.7662001, 0.7923823, 0.886737 ],
      dtype=float32), 'accuracy': array([0.51627904, 0.9119086 , 0.        , 0.        , 0.9506173 ],
      dtype=float32), 'f1': {'micro': tensor(0.7364), 'macro': tensor(0.4402), 'none': tensor([0.5858, 0.9278, 0.0000, 0.0000, 0.6875])}}
Training : Epoch [17/50], Loss: 0.6789
Testing : Epoch [17/50], Loss: 0.8572, results: {'mAP': 0.42188755, 'mAR': 0.4804333, 'mAUC': 0.86617404, 'm_Accuracy': 0.4804333, 'ap': array([0.5980861 , 0.96707106, 0.        , 0.        , 0.54428047],
      dtype=float32), 'ar': array([0.5813953 , 0.9102773 , 0.        , 0.        , 0.91049385],
      dtype=float32), 'auc': array([0.8923839 , 0.9755005 , 0.7727727 , 0.79875124, 0.8914619 ],
      dtype=float32), 'accuracy': array([0.5813953 , 0.9102773 , 0.        , 0.        , 0.91049385],
      dtype=float32), 'f1': {'micro': tensor(0.7364), 'macro': tensor(0.4417), 'none': tensor([0.5896, 0.9378, 0.0000, 0.0000, 0.6813])}}
Training : Epoch [18/50], Loss: 0.6730
Testing : Epoch [18/50], Loss: 0.8513, results: {'mAP': 0.49452558, 'mAR': 0.4797966, 'mAUC': 0.8595106, 'm_Accuracy': 0.4797966, 'ap': array([0.65555555, 0.91759115, 0.        , 0.33333334, 0.56614786],
      dtype=float32), 'ar': array([0.5488372 , 0.9445351 , 0.        , 0.00746269, 0.8981481 ],
      dtype=float32), 'auc': array([0.8855847, 0.9765523, 0.7618307, 0.779532 , 0.8940534],
      dtype=float32), 'accuracy': array([0.5488372 , 0.9445351 , 0.        , 0.00746269, 0.8981481 ],
      dtype=float32), 'f1': {'micro': tensor(0.7447), 'macro': tensor(0.4475), 'none': tensor([0.5975, 0.9309, 0.0000, 0.0146, 0.6945])}}
Training : Epoch [19/50], Loss: 0.6519
Testing : Epoch [19/50], Loss: 0.8250, results: {'mAP': 0.54940116, 'mAR': 0.49224272, 'mAUC': 0.8676502, 'm_Accuracy': 0.49224272, 'ap': array([0.63414633, 0.9405941 , 0.        , 0.6       , 0.5722656 ],
      dtype=float32), 'ar': array([0.60465115, 0.9298532 , 0.        , 0.02238806, 0.904321  ],
      dtype=float32), 'auc': array([0.8897052, 0.9771752, 0.790491 , 0.7845696, 0.8963098],
      dtype=float32), 'accuracy': array([0.60465115, 0.9298532 , 0.        , 0.02238806, 0.904321  ],
      dtype=float32), 'f1': {'micro': tensor(0.7500), 'macro': tensor(0.4597), 'none': tensor([0.6190, 0.9352, 0.0000, 0.0432, 0.7010])}}
Training : Epoch [20/50], Loss: 0.6473
Testing : Epoch [20/50], Loss: 0.8198, results: {'mAP': 0.51758385, 'mAR': 0.50025135, 'mAUC': 0.8763927, 'm_Accuracy': 0.50025135, 'ap': array([0.6106195 , 0.9559322 , 0.        , 0.44444445, 0.5769231 ],
      dtype=float32), 'ar': array([0.6418605 , 0.9200652 , 0.        , 0.05970149, 0.8796296 ],
      dtype=float32), 'auc': array([0.90281034, 0.97747177, 0.794953  , 0.8080702 , 0.89865845],
      dtype=float32), 'accuracy': array([0.6418605 , 0.9200652 , 0.        , 0.05970149, 0.8796296 ],
      dtype=float32), 'f1': {'micro': tensor(0.7492), 'macro': tensor(0.4731), 'none': tensor([0.6259, 0.9377, 0.0000, 0.1053, 0.6968])}}
Training : Epoch [21/50], Loss: 0.6300
Testing : Epoch [21/50], Loss: 0.8027, results: {'mAP': 0.55792516, 'mAR': 0.5019201, 'mAUC': 0.8735558, 'm_Accuracy': 0.5019201, 'ap': array([0.6272727 , 0.9409836 , 0.        , 0.64285713, 0.5785124 ],
      dtype=float32), 'ar': array([0.6418605 , 0.9363785 , 0.        , 0.06716418, 0.86419755],
      dtype=float32), 'auc': array([0.8984517 , 0.9753545 , 0.7944716 , 0.8076577 , 0.89184314],
      dtype=float32), 'accuracy': array([0.6418605 , 0.9363785 , 0.        , 0.06716418, 0.86419755],
      dtype=float32), 'f1': {'micro': tensor(0.7538), 'macro': tensor(0.4776), 'none': tensor([0.6345, 0.9387, 0.0000, 0.1216, 0.6931])}}
Saving ./data/aug/0.005_0.001_1/checkpoint_20.pt
Training : Epoch [22/50], Loss: 0.6245
Testing : Epoch [22/50], Loss: 0.7980, results: {'mAP': 0.53814113, 'mAR': 0.50429106, 'mAUC': 0.8778413, 'm_Accuracy': 0.50429106, 'ap': array([0.62085307, 0.9593909 , 0.        , 0.53846157, 0.572     ],
      dtype=float32), 'ar': array([0.60930234, 0.92495924, 0.        , 0.10447761, 0.88271606],
      dtype=float32), 'auc': array([0.8951378 , 0.9756146 , 0.8146523 , 0.80785143, 0.89595014],
      dtype=float32), 'accuracy': array([0.60930234, 0.92495924, 0.        , 0.10447761, 0.88271606],
      dtype=float32), 'f1': {'micro': tensor(0.7515), 'macro': tensor(0.4852), 'none': tensor([0.6150, 0.9419, 0.0000, 0.1750, 0.6942])}}
Training : Epoch [23/50], Loss: 0.6118
Testing : Epoch [23/50], Loss: 0.7818, results: {'mAP': 0.53170425, 'mAR': 0.50046957, 'mAUC': 0.8820607, 'm_Accuracy': 0.50046957, 'ap': array([0.5515873 , 0.9362745 , 0.        , 0.5652174 , 0.60544217],
      dtype=float32), 'ar': array([0.6465116 , 0.93474716, 0.        , 0.09701493, 0.8240741 ],
      dtype=float32), 'auc': array([0.89585656, 0.9795001 , 0.8198363 , 0.8113828 , 0.9037277 ],
      dtype=float32), 'accuracy': array([0.6465116 , 0.93474716, 0.        , 0.09701493, 0.8240741 ],
      dtype=float32), 'f1': {'micro': tensor(0.7470), 'macro': tensor(0.4789), 'none': tensor([0.5953, 0.9355, 0.0000, 0.1656, 0.6980])}}
Training : Epoch [24/50], Loss: 0.6046
Testing : Epoch [24/50], Loss: 0.7738, results: {'mAP': 0.5233231, 'mAR': 0.50583994, 'mAUC': 0.8854642, 'm_Accuracy': 0.50583994, 'ap': array([0.5982906 , 0.9482471 , 0.        , 0.48387095, 0.5862069 ],
      dtype=float32), 'ar': array([0.6511628 , 0.92659056, 0.        , 0.1119403 , 0.83950615],
      dtype=float32), 'auc': array([0.89776635, 0.9789639 , 0.8362401 , 0.8123016 , 0.9020492 ],
      dtype=float32), 'accuracy': array([0.6511628 , 0.92659056, 0.        , 0.1119403 , 0.83950615],
      dtype=float32), 'f1': {'micro': tensor(0.7492), 'macro': tensor(0.4866), 'none': tensor([0.6236, 0.9373, 0.0000, 0.1818, 0.6904])}}
Training : Epoch [25/50], Loss: 0.6005
Testing : Epoch [25/50], Loss: 0.7691, results: {'mAP': 0.5220216, 'mAR': 0.5042544, 'mAUC': 0.8851016, 'm_Accuracy': 0.5042544, 'ap': array([0.62189054, 0.94205296, 0.        , 0.46666667, 0.57949793],
      dtype=float32), 'ar': array([0.5813953 , 0.9282219 , 0.        , 0.15671642, 0.85493827],
      dtype=float32), 'auc': array([0.9020749 , 0.97718203, 0.8256684 , 0.8164954 , 0.90408736],
      dtype=float32), 'accuracy': array([0.5813953 , 0.9282219 , 0.        , 0.15671642, 0.85493827],
      dtype=float32), 'f1': {'micro': tensor(0.7470), 'macro': tensor(0.4923), 'none': tensor([0.6010, 0.9351, 0.0000, 0.2346, 0.6908])}}
Training : Epoch [26/50], Loss: 0.5898
Testing : Epoch [26/50], Loss: 0.7580, results: {'mAP': 0.51743263, 'mAR': 0.5008229, 'mAUC': 0.88064337, 'm_Accuracy': 0.5008229, 'ap': array([0.6315789 , 0.9253968 , 0.        , 0.44117647, 0.589011  ],
      dtype=float32), 'ar': array([0.6139535 , 0.95106035, 0.        , 0.1119403 , 0.8271605 ],
      dtype=float32), 'auc': array([0.89967614, 0.98110634, 0.8053396 , 0.8178767 , 0.89921796],
      dtype=float32), 'accuracy': array([0.6139535 , 0.95106035, 0.        , 0.1119403 , 0.8271605 ],
      dtype=float32), 'f1': {'micro': tensor(0.7515), 'macro': tensor(0.4855), 'none': tensor([0.6226, 0.9381, 0.0000, 0.1786, 0.6881])}}
Training : Epoch [27/50], Loss: 0.5797
Testing : Epoch [27/50], Loss: 0.7473, results: {'mAP': 0.550843, 'mAR': 0.51202905, 'mAUC': 0.8927355, 'm_Accuracy': 0.51202905, 'ap': array([0.6683673 , 0.9598662 , 0.        , 0.55172414, 0.57425743],
      dtype=float32), 'ar': array([0.60930234, 0.9363785 , 0.        , 0.11940298, 0.89506173],
      dtype=float32), 'auc': array([0.9069475 , 0.97785056, 0.8541435 , 0.8240268 , 0.9007089 ],
      dtype=float32), 'accuracy': array([0.60930234, 0.9363785 , 0.        , 0.11940298, 0.89506173],
      dtype=float32), 'f1': {'micro': tensor(0.7613), 'macro': tensor(0.4963), 'none': tensor([0.6375, 0.9480, 0.0000, 0.1963, 0.6996])}}
Training : Epoch [28/50], Loss: 0.5713
Testing : Epoch [28/50], Loss: 0.7379, results: {'mAP': 0.53335994, 'mAR': 0.5126289, 'mAUC': 0.88887584, 'm_Accuracy': 0.5126289, 'ap': array([0.55719554, 0.94069195, 0.        , 0.5483871 , 0.62052506],
      dtype=float32), 'ar': array([0.7023256 , 0.9314845 , 0.        , 0.12686567, 0.80246913],
      dtype=float32), 'auc': array([0.90326583, 0.9812113 , 0.8364438 , 0.81732666, 0.9061316 ],
      dtype=float32), 'accuracy': array([0.7023256 , 0.9314845 , 0.        , 0.12686567, 0.80246913],
      dtype=float32), 'f1': {'micro': tensor(0.7523), 'macro': tensor(0.4927), 'none': tensor([0.6214, 0.9361, 0.0000, 0.2061, 0.6999])}}
Training : Epoch [29/50], Loss: 0.5630
Testing : Epoch [29/50], Loss: 0.7336, results: {'mAP': 0.5074876, 'mAR': 0.5020526, 'mAUC': 0.88669956, 'm_Accuracy': 0.5020526, 'ap': array([0.5991379 , 0.91560507, 0.        , 0.42222223, 0.6004728 ],
      dtype=float32), 'ar': array([0.6465116 , 0.9380098 , 0.        , 0.14179105, 0.7839506 ],
      dtype=float32), 'auc': array([0.8999394 , 0.97856236, 0.8456454 , 0.80542636, 0.9039244 ],
      dtype=float32), 'accuracy': array([0.6465116 , 0.9380098 , 0.        , 0.14179105, 0.7839506 ],
      dtype=float32), 'f1': {'micro': tensor(0.7432), 'macro': tensor(0.4882), 'none': tensor([0.6219, 0.9267, 0.0000, 0.2123, 0.6801])}}
Training : Epoch [30/50], Loss: 0.5600
Testing : Epoch [30/50], Loss: 0.7285, results: {'mAP': 0.52651983, 'mAR': 0.5328295, 'mAUC': 0.8904339, 'm_Accuracy': 0.5328295, 'ap': array([0.6015326 , 0.95142376, 0.        , 0.45714286, 0.6225    ],
      dtype=float32), 'ar': array([0.73023254, 0.92659056, 0.        , 0.23880596, 0.7685185 ],
      dtype=float32), 'auc': array([0.91202074, 0.9771775 , 0.8291861 , 0.83283335, 0.90095174],
      dtype=float32), 'accuracy': array([0.73023254, 0.92659056, 0.        , 0.23880596, 0.7685185 ],
      dtype=float32), 'f1': {'micro': tensor(0.7575), 'macro': tensor(0.5200), 'none': tensor([0.6597, 0.9388, 0.0000, 0.3137, 0.6878])}}
Training : Epoch [31/50], Loss: 0.5536
Testing : Epoch [31/50], Loss: 0.7187, results: {'mAP': 0.531781, 'mAR': 0.5123967, 'mAUC': 0.89031905, 'm_Accuracy': 0.5123967, 'ap': array([0.6699507 , 0.94299674, 0.        , 0.45945945, 0.5864979 ],
      dtype=float32), 'ar': array([0.63255817, 0.9445351 , 0.        , 0.12686567, 0.8580247 ],
      dtype=float32), 'auc': array([0.912727  , 0.9811679 , 0.82316893, 0.82583314, 0.90869856],
      dtype=float32), 'accuracy': array([0.63255817, 0.9445351 , 0.        , 0.12686567, 0.8580247 ],
      dtype=float32), 'f1': {'micro': tensor(0.7605), 'macro': tensor(0.4980), 'none': tensor([0.6507, 0.9438, 0.0000, 0.1988, 0.6967])}}
Saving ./data/aug/0.005_0.001_1/checkpoint_30.pt
Training : Epoch [32/50], Loss: 0.5500
Testing : Epoch [32/50], Loss: 0.7166, results: {'mAP': 0.5209239, 'mAR': 0.51898146, 'mAUC': 0.8916041, 'm_Accuracy': 0.51898146, 'ap': array([0.65296805, 0.92431563, 0.        , 0.41935483, 0.6079812 ],
      dtype=float32), 'ar': array([0.66511625, 0.9363785 , 0.        , 0.19402985, 0.7993827 ],
      dtype=float32), 'auc': array([0.9090704 , 0.97631735, 0.8279271 , 0.8366834 , 0.9080222 ],
      dtype=float32), 'accuracy': array([0.66511625, 0.9363785 , 0.        , 0.19402985, 0.7993827 ],
      dtype=float32), 'f1': {'micro': tensor(0.7545), 'macro': tensor(0.5091), 'none': tensor([0.6590, 0.9303, 0.0000, 0.2653, 0.6907])}}
Training : Epoch [33/50], Loss: 0.5388
Testing : Epoch [33/50], Loss: 0.7052, results: {'mAP': 0.5327051, 'mAR': 0.5227279, 'mAUC': 0.89226294, 'm_Accuracy': 0.5227279, 'ap': array([0.60444444, 0.93495935, 0.        , 0.5081967 , 0.6159251 ],
      dtype=float32), 'ar': array([0.63255817, 0.9380098 , 0.        , 0.23134328, 0.8117284 ],
      dtype=float32), 'auc': array([0.9007125 , 0.97884303, 0.8336481 , 0.84153354, 0.9065774 ],
      dtype=float32), 'accuracy': array([0.63255817, 0.9380098 , 0.        , 0.23134328, 0.8117284 ],
      dtype=float32), 'f1': {'micro': tensor(0.7568), 'macro': tensor(0.5146), 'none': tensor([0.6182, 0.9365, 0.0000, 0.3179, 0.7004])}}
Training : Epoch [34/50], Loss: 0.5362
Testing : Epoch [34/50], Loss: 0.6983, results: {'mAP': 0.5375167, 'mAR': 0.53944236, 'mAUC': 0.893707, 'm_Accuracy': 0.53944236, 'ap': array([0.6041667 , 0.94012946, 0.        , 0.49367088, 0.64961636],
      dtype=float32), 'ar': array([0.6744186 , 0.9477977 , 0.        , 0.29104477, 0.7839506 ],
      dtype=float32), 'auc': array([0.9087904 , 0.98233837, 0.8266496 , 0.83768344, 0.913073  ],
      dtype=float32), 'accuracy': array([0.6744186 , 0.9477977 , 0.        , 0.29104477, 0.7839506 ],
      dtype=float32), 'f1': {'micro': tensor(0.7673), 'macro': tensor(0.5316), 'none': tensor([0.6374, 0.9439, 0.0000, 0.3662, 0.7105])}}
Training : Epoch [35/50], Loss: 0.5372
Testing : Epoch [35/50], Loss: 0.7024, results: {'mAP': 0.5192894, 'mAR': 0.5216716, 'mAUC': 0.8886547, 'm_Accuracy': 0.5216716, 'ap': array([0.5809129 , 0.9386107 , 0.        , 0.46153846, 0.61538464],
      dtype=float32), 'ar': array([0.6511628 , 0.9477977 , 0.        , 0.26865673, 0.7407407 ],
      dtype=float32), 'auc': array([0.9018408 , 0.9819163 , 0.8264645 , 0.82729566, 0.9057566 ],
      dtype=float32), 'accuracy': array([0.6511628 , 0.9477977 , 0.        , 0.26865673, 0.7407407 ],
      dtype=float32), 'f1': {'micro': tensor(0.7508), 'macro': tensor(0.5138), 'none': tensor([0.6140, 0.9432, 0.0000, 0.3396, 0.6723])}}
Training : Epoch [36/50], Loss: 0.5343
Testing : Epoch [36/50], Loss: 0.6998, results: {'mAP': 0.53387547, 'mAR': 0.5366203, 'mAUC': 0.8909086, 'm_Accuracy': 0.5366203, 'ap': array([0.5903614 , 0.92926043, 0.        , 0.49367088, 0.65608466],
      dtype=float32), 'ar': array([0.68372095, 0.94290376, 0.        , 0.29104477, 0.7654321 ],
      dtype=float32), 'auc': array([0.9071648 , 0.97916013, 0.83222246, 0.8245519 , 0.9114437 ],
      dtype=float32), 'accuracy': array([0.68372095, 0.94290376, 0.        , 0.29104477, 0.7654321 ],
      dtype=float32), 'f1': {'micro': tensor(0.7620), 'macro': tensor(0.5285), 'none': tensor([0.6336, 0.9360, 0.0000, 0.3662, 0.7066])}}
Training : Epoch [37/50], Loss: 0.5261
Testing : Epoch [37/50], Loss: 0.6902, results: {'mAP': 0.5275334, 'mAR': 0.5307964, 'mAUC': 0.89533484, 'm_Accuracy': 0.5307964, 'ap': array([0.59574467, 0.9387097 , 0.        , 0.4698795 , 0.6333333 ],
      dtype=float32), 'ar': array([0.6511628 , 0.94942904, 0.        , 0.29104477, 0.7623457 ],
      dtype=float32), 'auc': array([0.9025638 , 0.98298866, 0.8322595 , 0.84988374, 0.9089783 ],
      dtype=float32), 'accuracy': array([0.6511628 , 0.94942904, 0.        , 0.29104477, 0.7623457 ],
      dtype=float32), 'f1': {'micro': tensor(0.7590), 'macro': tensor(0.5235), 'none': tensor([0.6222, 0.9440, 0.0000, 0.3594, 0.6919])}}
Training : Epoch [38/50], Loss: 0.5215
Testing : Epoch [38/50], Loss: 0.6816, results: {'mAP': 0.5389298, 'mAR': 0.5389361, 'mAUC': 0.89845514, 'm_Accuracy': 0.5389361, 'ap': array([0.6079295, 0.9253968, 0.       , 0.5058824, 0.6554404],
      dtype=float32), 'ar': array([0.6418605 , 0.95106035, 0.        , 0.32089552, 0.7808642 ],
      dtype=float32), 'auc': array([0.9155185 , 0.9833332 , 0.8428127 , 0.83651465, 0.9140967 ],
      dtype=float32), 'accuracy': array([0.6418605 , 0.95106035, 0.        , 0.32089552, 0.7808642 ],
      dtype=float32), 'f1': {'micro': tensor(0.7658), 'macro': tensor(0.5336), 'none': tensor([0.6244, 0.9381, 0.0000, 0.3927, 0.7127])}}
Training : Epoch [39/50], Loss: 0.5235
Testing : Epoch [39/50], Loss: 0.6851, results: {'mAP': 0.5205203, 'mAR': 0.5248769, 'mAUC': 0.8970559, 'm_Accuracy': 0.5248769, 'ap': array([0.6       , 0.9411765 , 0.        , 0.43243244, 0.6289926 ],
      dtype=float32), 'ar': array([0.65581393, 0.9396411 , 0.        , 0.23880596, 0.79012346],
      dtype=float32), 'auc': array([0.9139472 , 0.9814303 , 0.8485707 , 0.82675195, 0.91457933],
      dtype=float32), 'accuracy': array([0.65581393, 0.9396411 , 0.        , 0.23880596, 0.79012346],
      dtype=float32), 'f1': {'micro': tensor(0.7568), 'macro': tensor(0.5150), 'none': tensor([0.6267, 0.9404, 0.0000, 0.3077, 0.7004])}}
Training : Epoch [40/50], Loss: 0.5239
Testing : Epoch [40/50], Loss: 0.6882, results: {'mAP': 0.5225242, 'mAR': 0.52396905, 'mAUC': 0.8898407, 'm_Accuracy': 0.52396905, 'ap': array([0.60714287, 0.93141943, 0.        , 0.44155845, 0.6325    ],
      dtype=float32), 'ar': array([0.63255817, 0.9526917 , 0.        , 0.25373134, 0.7808642 ],
      dtype=float32), 'auc': array([0.9016695 , 0.98119074, 0.8145968 , 0.8425867 , 0.90915966],
      dtype=float32), 'accuracy': array([0.63255817, 0.9526917 , 0.        , 0.25373134, 0.7808642 ],
      dtype=float32), 'f1': {'micro': tensor(0.7583), 'macro': tensor(0.5165), 'none': tensor([0.6196, 0.9419, 0.0000, 0.3223, 0.6989])}}
Training : Epoch [41/50], Loss: 0.5175
Testing : Epoch [41/50], Loss: 0.6806, results: {'mAP': 0.54374504, 'mAR': 0.5310253, 'mAUC': 0.89727974, 'm_Accuracy': 0.5310253, 'ap': array([0.6085106 , 0.9291465 , 0.        , 0.55      , 0.63106793],
      dtype=float32), 'ar': array([0.66511625, 0.94127244, 0.        , 0.24626866, 0.80246913],
      dtype=float32), 'auc': array([0.9047912 , 0.98117936, 0.8493483 , 0.8390272 , 0.9120524 ],
      dtype=float32), 'accuracy': array([0.66511625, 0.94127244, 0.        , 0.24626866, 0.80246913],
      dtype=float32), 'f1': {'micro': tensor(0.7628), 'macro': tensor(0.5235), 'none': tensor([0.6356, 0.9352, 0.0000, 0.3402, 0.7065])}}
Saving ./data/aug/0.005_0.001_1/checkpoint_40.pt
Training : Epoch [42/50], Loss: 0.5153
Testing : Epoch [42/50], Loss: 0.6760, results: {'mAP': 0.7354749, 'mAR': 0.5325186, 'mAUC': 0.89816225, 'm_Accuracy': 0.5325186, 'ap': array([0.60714287, 0.94745487, 1.        , 0.51428574, 0.6084906 ],
      dtype=float32), 'ar': array([0.63255817, 0.94127244, 0.02380952, 0.26865673, 0.7962963 ],
      dtype=float32), 'auc': array([0.9101193 , 0.98137784, 0.8458491 , 0.8414773 , 0.91198784],
      dtype=float32), 'accuracy': array([0.63255817, 0.94127244, 0.02380952, 0.26865673, 0.7962963 ],
      dtype=float32), 'f1': {'micro': tensor(0.7590), 'macro': tensor(0.5306), 'none': tensor([0.6196, 0.9444, 0.0465, 0.3529, 0.6898])}}
Training : Epoch [43/50], Loss: 0.5209
Testing : Epoch [43/50], Loss: 0.6877, results: {'mAP': 0.519416, 'mAR': 0.51971006, 'mAUC': 0.8966066, 'm_Accuracy': 0.51971006, 'ap': array([0.59210527, 0.9305331 , 0.        , 0.46153846, 0.61290324],
      dtype=float32), 'ar': array([0.627907  , 0.9396411 , 0.        , 0.26865673, 0.7623457 ],
      dtype=float32), 'auc': array([0.90735286, 0.97817224, 0.8467563 , 0.8449399 , 0.90581197],
      dtype=float32), 'accuracy': array([0.627907  , 0.9396411 , 0.        , 0.26865673, 0.7623457 ],
      dtype=float32), 'f1': {'micro': tensor(0.7485), 'macro': tensor(0.5127), 'none': tensor([0.6095, 0.9351, 0.0000, 0.3396, 0.6795])}}
Training : Epoch [44/50], Loss: 0.5146
Testing : Epoch [44/50], Loss: 0.6772, results: {'mAP': 0.5379438, 'mAR': 0.5339421, 'mAUC': 0.8950387, 'm_Accuracy': 0.5339421, 'ap': array([0.62995595, 0.9335494 , 0.        , 0.5       , 0.6262136 ],
      dtype=float32), 'ar': array([0.66511625, 0.9396411 , 0.        , 0.26865673, 0.7962963 ],
      dtype=float32), 'auc': array([0.91489166, 0.98210794, 0.8446086 , 0.8213455 , 0.9122399 ],
      dtype=float32), 'accuracy': array([0.66511625, 0.9396411 , 0.        , 0.26865673, 0.7962963 ],
      dtype=float32), 'f1': {'micro': tensor(0.7628), 'macro': tensor(0.5268), 'none': tensor([0.6471, 0.9366, 0.0000, 0.3495, 0.7011])}}
Training : Epoch [45/50], Loss: 0.5127
Testing : Epoch [45/50], Loss: 0.6718, results: {'mAP': 0.5475373, 'mAR': 0.5468314, 'mAUC': 0.8999332, 'm_Accuracy': 0.5468314, 'ap': array([0.6204082 , 0.93290734, 0.        , 0.525641  , 0.65873015],
      dtype=float32), 'ar': array([0.7069768 , 0.9526917 , 0.        , 0.30597016, 0.7685185 ],
      dtype=float32), 'auc': array([0.91237175, 0.98474085, 0.8569022 , 0.8340021 , 0.9116497 ],
      dtype=float32), 'accuracy': array([0.7069768 , 0.9526917 , 0.        , 0.30597016, 0.7685185 ],
      dtype=float32), 'f1': {'micro': tensor(0.7726), 'macro': tensor(0.5400), 'none': tensor([0.6609, 0.9427, 0.0000, 0.3868, 0.7094])}}
Training : Epoch [46/50], Loss: 0.5158
Testing : Epoch [46/50], Loss: 0.6771, results: {'mAP': 0.52065456, 'mAR': 0.514496, 'mAUC': 0.8911737, 'm_Accuracy': 0.514496, 'ap': array([0.5769231 , 0.9370968 , 0.        , 0.484375  , 0.60487807],
      dtype=float32), 'ar': array([0.627907  , 0.9477977 , 0.        , 0.23134328, 0.7654321 ],
      dtype=float32), 'auc': array([0.9069893 , 0.98216957, 0.8170962 , 0.8388772 , 0.9107367 ],
      dtype=float32), 'accuracy': array([0.627907  , 0.9477977 , 0.        , 0.23134328, 0.7654321 ],
      dtype=float32), 'f1': {'micro': tensor(0.7492), 'macro': tensor(0.5065), 'none': tensor([0.6013, 0.9424, 0.0000, 0.3131, 0.6757])}}
