Train size = 5308, Test size = 1328
Classes : ['affected', 'destroyed', 'major', 'minor', 'no_damage']
Training : Epoch [1/50], Loss: 1.4348
Testing : Epoch [1/50], Loss: 1.7727, results: {'mAP': 0.09231928, 'mAR': 0.2, 'mAUC': 0.6211419, 'm_Accuracy': 0.2, 'ap': array([0.       , 0.4615964, 0.       , 0.       , 0.       ],
      dtype=float32), 'ar': array([0., 1., 0., 0., 0.], dtype=float32), 'auc': array([0.6112748 , 0.7843918 , 0.5418055 , 0.6115153 , 0.55672216],
      dtype=float32), 'accuracy': array([0., 1., 0., 0., 0.], dtype=float32), 'f1': {'micro': tensor(0.4616), 'macro': tensor(0.1263), 'none': tensor([0.0000, 0.6316, 0.0000, 0.0000, 0.0000])}}
Saving ./data/aug/0.05_0.0001_25/checkpoint_0.pt
Training : Epoch [2/50], Loss: 1.2556
Testing : Epoch [2/50], Loss: 1.5027, results: {'mAP': 0.262554, 'mAR': 0.36340505, 'mAUC': 0.77489674, 'm_Accuracy': 0.36340505, 'ap': array([0.        , 0.8927973 , 0.        , 0.        , 0.41997263],
      dtype=float32), 'ar': array([0.        , 0.8694943 , 0.        , 0.        , 0.94753087],
      dtype=float32), 'auc': array([0.7586034 , 0.93108064, 0.6688884 , 0.71622413, 0.799687  ],
      dtype=float32), 'accuracy': array([0.        , 0.8694943 , 0.        , 0.        , 0.94753087],
      dtype=float32), 'f1': {'micro': tensor(0.6325), 'macro': tensor(0.2926), 'none': tensor([0.0000, 0.8810, 0.0000, 0.0000, 0.5820])}}
Training : Epoch [3/50], Loss: 0.9053
Testing : Epoch [3/50], Loss: 1.1248, results: {'mAP': 0.38608152, 'mAR': 0.4173444, 'mAUC': 0.8154254, 'm_Accuracy': 0.4173444, 'ap': array([0.51937985, 0.95152605, 0.        , 0.        , 0.45950156],
      dtype=float32), 'ar': array([0.3116279 , 0.8646003 , 0.        , 0.        , 0.91049385],
      dtype=float32), 'auc': array([0.83022213, 0.9478388 , 0.7156558 , 0.7351059 , 0.84830433],
      dtype=float32), 'accuracy': array([0.3116279 , 0.8646003 , 0.        , 0.        , 0.91049385],
      dtype=float32), 'f1': {'micro': tensor(0.6717), 'macro': tensor(0.3813), 'none': tensor([0.3895, 0.9060, 0.0000, 0.0000, 0.6108])}}
Training : Epoch [4/50], Loss: 0.8257
Testing : Epoch [4/50], Loss: 1.0290, results: {'mAP': 0.4305094, 'mAR': 0.43682796, 'mAUC': 0.8238107, 'm_Accuracy': 0.43682796, 'ap': array([0.7446808 , 0.91652757, 0.        , 0.        , 0.49133858],
      dtype=float32), 'ar': array([0.3255814 , 0.89559543, 0.        , 0.        , 0.962963  ],
      dtype=float32), 'auc': array([0.8645563 , 0.966591  , 0.6595942 , 0.76269406, 0.86561775],
      dtype=float32), 'accuracy': array([0.3255814 , 0.89559543, 0.        , 0.        , 0.962963  ],
      dtype=float32), 'f1': {'micro': tensor(0.7011), 'macro': tensor(0.4019), 'none': tensor([0.4531, 0.9059, 0.0000, 0.0000, 0.6507])}}
Training : Epoch [5/50], Loss: 0.7783
Testing : Epoch [5/50], Loss: 0.9651, results: {'mAP': 0.42524487, 'mAR': 0.47316417, 'mAUC': 0.83668596, 'm_Accuracy': 0.47316417, 'ap': array([0.62857145, 0.96672505, 0.        , 0.        , 0.53092784],
      dtype=float32), 'ar': array([0.5116279, 0.9004894, 0.       , 0.       , 0.9537037],
      dtype=float32), 'auc': array([0.8851668 , 0.9720371 , 0.69286454, 0.74903125, 0.88433   ],
      dtype=float32), 'accuracy': array([0.5116279, 0.9004894, 0.       , 0.       , 0.9537037],
      dtype=float32), 'f1': {'micro': tensor(0.7312), 'macro': tensor(0.4357), 'none': tensor([0.5641, 0.9324, 0.0000, 0.0000, 0.6821])}}
Training : Epoch [6/50], Loss: 0.7345
Testing : Epoch [6/50], Loss: 0.9180, results: {'mAP': 0.46394014, 'mAR': 0.47556257, 'mAUC': 0.8475642, 'm_Accuracy': 0.47556257, 'ap': array([0.5936073 , 0.8911043 , 0.        , 0.25      , 0.58498895],
      dtype=float32), 'ar': array([0.60465115, 0.9477977 , 0.        , 0.00746269, 0.81790125],
      dtype=float32), 'auc': array([0.88695544, 0.97388744, 0.73311484, 0.7543501 , 0.88951296],
      dtype=float32), 'accuracy': array([0.60465115, 0.9477977 , 0.        , 0.00746269, 0.81790125],
      dtype=float32), 'f1': {'micro': tensor(0.7357), 'macro': tensor(0.4429), 'none': tensor([0.5991, 0.9186, 0.0000, 0.0145, 0.6821])}}
Training : Epoch [7/50], Loss: 0.7175
Testing : Epoch [7/50], Loss: 0.9004, results: {'mAP': 0.49599868, 'mAR': 0.4898247, 'mAUC': 0.86910546, 'm_Accuracy': 0.4898247, 'ap': array([0.48563218, 0.9166667 , 0.        , 0.42857143, 0.64912283],
      dtype=float32), 'ar': array([0.7860465 , 0.93311584, 0.        , 0.04477612, 0.6851852 ],
      dtype=float32), 'auc': array([0.8969807, 0.9750533, 0.7910279, 0.778682 , 0.903783 ],
      dtype=float32), 'accuracy': array([0.7860465 , 0.93311584, 0.        , 0.04477612, 0.6851852 ],
      dtype=float32), 'f1': {'micro': tensor(0.7297), 'macro': tensor(0.4546), 'none': tensor([0.6004, 0.9248, 0.0000, 0.0811, 0.6667])}}
Training : Epoch [8/50], Loss: 0.6615
Testing : Epoch [8/50], Loss: 0.8341, results: {'mAP': 0.5190628, 'mAR': 0.5154441, 'mAUC': 0.86148214, 'm_Accuracy': 0.5154441, 'ap': array([0.53287196, 0.91853034, 0.        , 0.48      , 0.6639118 ],
      dtype=float32), 'ar': array([0.7162791 , 0.9380098 , 0.        , 0.17910448, 0.74382716],
      dtype=float32), 'auc': array([0.8966422 , 0.97924685, 0.7289121 , 0.791126  , 0.9114837 ],
      dtype=float32), 'accuracy': array([0.7162791 , 0.9380098 , 0.        , 0.17910448, 0.74382716],
      dtype=float32), 'f1': {'micro': tensor(0.7485), 'macro': tensor(0.5003), 'none': tensor([0.6111, 0.9282, 0.0000, 0.2609, 0.7016])}}
Training : Epoch [9/50], Loss: 0.6227
Testing : Epoch [9/50], Loss: 0.8011, results: {'mAP': 0.6492405, 'mAR': 0.5074196, 'mAUC': 0.85900784, 'm_Accuracy': 0.5074196, 'ap': array([0.59447  , 0.9314845, 0.5      , 0.6296296, 0.5906183],
      dtype=float32), 'ar': array([0.6       , 0.9314845 , 0.02380952, 0.12686567, 0.85493827],
      dtype=float32), 'auc': array([0.8879333 , 0.97880423, 0.7443161 , 0.7855884 , 0.89839715],
      dtype=float32), 'accuracy': array([0.6       , 0.9314845 , 0.02380952, 0.12686567, 0.85493827],
      dtype=float32), 'f1': {'micro': tensor(0.7492), 'macro': tensor(0.4968), 'none': tensor([0.5972, 0.9315, 0.0455, 0.2112, 0.6986])}}
Training : Epoch [10/50], Loss: 0.5964
Testing : Epoch [10/50], Loss: 0.7598, results: {'mAP': 0.5117121, 'mAR': 0.5304708, 'mAUC': 0.8882963, 'm_Accuracy': 0.5304708, 'ap': array([0.5652174 , 0.93699515, 0.        , 0.3846154 , 0.67173254],
      dtype=float32), 'ar': array([0.7255814 , 0.9461664 , 0.        , 0.29850745, 0.68209875],
      dtype=float32), 'auc': array([0.9162874 , 0.9842982 , 0.8082833 , 0.81108904, 0.9215238 ],
      dtype=float32), 'accuracy': array([0.7255814 , 0.9461664 , 0.        , 0.29850745, 0.68209875],
      dtype=float32), 'f1': {'micro': tensor(0.7508), 'macro': tensor(0.5180), 'none': tensor([0.6354, 0.9416, 0.0000, 0.3361, 0.6769])}}
Training : Epoch [11/50], Loss: 0.5407
Testing : Epoch [11/50], Loss: 0.7057, results: {'mAP': 0.563908, 'mAR': 0.5411503, 'mAUC': 0.88515157, 'm_Accuracy': 0.5411503, 'ap': array([0.56179774, 0.95507485, 0.21052632, 0.44444445, 0.6476965 ],
      dtype=float32), 'ar': array([0.6976744 , 0.9363785 , 0.0952381 , 0.23880596, 0.7376543 ],
      dtype=float32), 'auc': array([0.8982887 , 0.98183644, 0.8055432 , 0.82732695, 0.9127625 ],
      dtype=float32), 'accuracy': array([0.6976744 , 0.9363785 , 0.0952381 , 0.23880596, 0.7376543 ],
      dtype=float32), 'f1': {'micro': tensor(0.7523), 'macro': tensor(0.5399), 'none': tensor([0.6224, 0.9456, 0.1311, 0.3107, 0.6898])}}
Saving ./data/aug/0.05_0.0001_25/checkpoint_10.pt
Training : Epoch [12/50], Loss: 0.5236
Testing : Epoch [12/50], Loss: 0.6807, results: {'mAP': 0.67832935, 'mAR': 0.568055, 'mAUC': 0.9020268, 'm_Accuracy': 0.568055, 'ap': array([0.65217394, 0.9351702 , 0.5       , 0.64      , 0.6643026 ],
      dtype=float32), 'ar': array([0.6976744 , 0.94127244, 0.0952381 , 0.23880596, 0.86728394],
      dtype=float32), 'auc': array([0.92172426, 0.983883  , 0.85593945, 0.83283335, 0.91575366],
      dtype=float32), 'accuracy': array([0.6976744 , 0.94127244, 0.0952381 , 0.23880596, 0.86728394],
      dtype=float32), 'f1': {'micro': tensor(0.7861), 'macro': tensor(0.5745), 'none': tensor([0.6742, 0.9382, 0.1600, 0.3478, 0.7523])}}
Training : Epoch [13/50], Loss: 0.4959
Testing : Epoch [13/50], Loss: 0.6825, results: {'mAP': 0.5565411, 'mAR': 0.5421637, 'mAUC': 0.8875433, 'm_Accuracy': 0.5421637, 'ap': array([0.5191083 , 0.9576271 , 0.25      , 0.34965035, 0.7063197 ],
      dtype=float32), 'ar': array([0.75813955, 0.9216966 , 0.07142857, 0.37313432, 0.58641976],
      dtype=float32), 'auc': array([0.8993042 , 0.97772276, 0.83366656, 0.8378022 , 0.8892209 ],
      dtype=float32), 'accuracy': array([0.75813955, 0.9216966 , 0.07142857, 0.37313432, 0.58641976],
      dtype=float32), 'f1': {'micro': tensor(0.7312), 'macro': tensor(0.5337), 'none': tensor([0.6163, 0.9393, 0.1111, 0.3610, 0.6408])}}
Training : Epoch [14/50], Loss: 0.4471
Testing : Epoch [14/50], Loss: 0.6248, results: {'mAP': 0.5972503, 'mAR': 0.56597686, 'mAUC': 0.88910866, 'm_Accuracy': 0.56597686, 'ap': array([0.604     , 0.88736683, 0.30769232, 0.42857143, 0.7586207 ],
      dtype=float32), 'ar': array([0.7023256 , 0.95106035, 0.0952381 , 0.47014925, 0.6111111 ],
      dtype=float32), 'auc': array([0.9177877 , 0.98049486, 0.80983853, 0.83665216, 0.90077037],
      dtype=float32), 'accuracy': array([0.7023256 , 0.95106035, 0.0952381 , 0.47014925, 0.6111111 ],
      dtype=float32), 'f1': {'micro': tensor(0.7523), 'macro': tensor(0.5677), 'none': tensor([0.6495, 0.9181, 0.1455, 0.4484, 0.6769])}}
Training : Epoch [15/50], Loss: 0.4092
Testing : Epoch [15/50], Loss: 0.5764, results: {'mAP': 0.6568781, 'mAR': 0.5933401, 'mAUC': 0.8890047, 'm_Accuracy': 0.5933401, 'ap': array([0.57439446, 0.92788464, 0.3846154 , 0.6909091 , 0.70658684],
      dtype=float32), 'ar': array([0.772093  , 0.9445351 , 0.23809524, 0.2835821 , 0.72839504],
      dtype=float32), 'auc': array([0.9116363 , 0.9844922 , 0.81476337, 0.8335646 , 0.9005675 ],
      dtype=float32), 'accuracy': array([0.772093  , 0.9445351 , 0.23809524, 0.2835821 , 0.72839504],
      dtype=float32), 'f1': {'micro': tensor(0.7748), 'macro': tensor(0.6017), 'none': tensor([0.6587, 0.9361, 0.2941, 0.4021, 0.7173])}}
Training : Epoch [16/50], Loss: 0.3750
Testing : Epoch [16/50], Loss: 0.5433, results: {'mAP': 0.6194894, 'mAR': 0.60242355, 'mAUC': 0.89992285, 'm_Accuracy': 0.60242355, 'ap': array([0.6465517, 0.9727891, 0.3809524, 0.3791209, 0.7180328],
      dtype=float32), 'ar': array([0.6976744 , 0.93311584, 0.1904762 , 0.51492536, 0.6759259 ],
      dtype=float32), 'auc': array([0.91983116, 0.98534775, 0.8235022 , 0.8488775 , 0.9220556 ],
      dtype=float32), 'accuracy': array([0.6976744 , 0.93311584, 0.1904762 , 0.51492536, 0.6759259 ],
      dtype=float32), 'f1': {'micro': tensor(0.7666), 'macro': tensor(0.6021), 'none': tensor([0.6711, 0.9525, 0.2540, 0.4367, 0.6963])}}
Training : Epoch [17/50], Loss: 0.3286
Testing : Epoch [17/50], Loss: 0.4977, results: {'mAP': 0.60603225, 'mAR': 0.56857044, 'mAUC': 0.9047014, 'm_Accuracy': 0.56857044, 'ap': array([0.6820513 , 0.923445  , 0.22580644, 0.52238804, 0.6764706 ],
      dtype=float32), 'ar': array([0.61860466, 0.9445351 , 0.16666667, 0.26119402, 0.8518519 ],
      dtype=float32), 'auc': array([0.9225767 , 0.98337424, 0.8624565 , 0.840646  , 0.9144533 ],
      dtype=float32), 'accuracy': array([0.61860466, 0.9445351 , 0.16666667, 0.26119402, 0.8518519 ],
      dtype=float32), 'f1': {'micro': tensor(0.7756), 'macro': tensor(0.5754), 'none': tensor([0.6488, 0.9339, 0.1918, 0.3483, 0.7541])}}
Training : Epoch [18/50], Loss: 0.2903
Testing : Epoch [18/50], Loss: 0.4800, results: {'mAP': 0.59878844, 'mAR': 0.5886861, 'mAUC': 0.8948183, 'm_Accuracy': 0.5886861, 'ap': array([0.6363636 , 0.96752137, 0.3       , 0.43065694, 0.6594005 ],
      dtype=float32), 'ar': array([0.61860466, 0.9233279 , 0.21428572, 0.4402985 , 0.74691355],
      dtype=float32), 'auc': array([0.90916234, 0.9821399 , 0.82988966, 0.84638363, 0.9065159 ],
      dtype=float32), 'accuracy': array([0.61860466, 0.9233279 , 0.21428572, 0.4402985 , 0.74691355],
      dtype=float32), 'f1': {'micro': tensor(0.7598), 'macro': tensor(0.5916), 'none': tensor([0.6274, 0.9449, 0.2500, 0.4354, 0.7004])}}
Training : Epoch [19/50], Loss: 0.2698
Testing : Epoch [19/50], Loss: 0.4468, results: {'mAP': 0.63160694, 'mAR': 0.60869324, 'mAUC': 0.9016892, 'm_Accuracy': 0.60869324, 'ap': array([0.6512821 , 0.9200627 , 0.3548387 , 0.51968503, 0.7121662 ],
      dtype=float32), 'ar': array([0.59069765, 0.95758563, 0.26190478, 0.49253732, 0.7407407 ],
      dtype=float32), 'auc': array([0.9056102 , 0.9863722 , 0.86290085, 0.8672467 , 0.8863158 ],
      dtype=float32), 'accuracy': array([0.59069765, 0.95758563, 0.26190478, 0.49253732, 0.7407407 ],
      dtype=float32), 'f1': {'micro': tensor(0.7764), 'macro': tensor(0.6183), 'none': tensor([0.6195, 0.9384, 0.3014, 0.5057, 0.7262])}}
Training : Epoch [20/50], Loss: 0.2251
Testing : Epoch [20/50], Loss: 0.4418, results: {'mAP': 0.6473157, 'mAR': 0.5626794, 'mAUC': 0.8988525, 'm_Accuracy': 0.5626794, 'ap': array([0.70658684, 0.9736842 , 0.21212122, 0.74418604, 0.6       ],
      dtype=float32), 'ar': array([0.5488372 , 0.90538335, 0.16666667, 0.23880596, 0.9537037 ],
      dtype=float32), 'auc': array([0.91399735, 0.98234063, 0.8239095 , 0.8548214 , 0.9191936 ],
      dtype=float32), 'accuracy': array([0.5488372 , 0.90538335, 0.16666667, 0.23880596, 0.9537037 ],
      dtype=float32), 'f1': {'micro': tensor(0.7688), 'macro': tensor(0.5682), 'none': tensor([0.6178, 0.9383, 0.1867, 0.3616, 0.7366])}}
Training : Epoch [21/50], Loss: 0.1969
Testing : Epoch [21/50], Loss: 0.4023, results: {'mAP': 0.6345819, 'mAR': 0.64022744, 'mAUC': 0.9038725, 'm_Accuracy': 0.64022744, 'ap': array([0.6007905 , 0.9586777 , 0.36585367, 0.47916666, 0.76842105],
      dtype=float32), 'ar': array([0.7069768 , 0.9461664 , 0.35714287, 0.51492536, 0.6759259 ],
      dtype=float32), 'auc': array([0.9107002 , 0.98263955, 0.8551803 , 0.8766907 , 0.8941518 ],
      dtype=float32), 'accuracy': array([0.7069768 , 0.9461664 , 0.35714287, 0.51492536, 0.6759259 ],
      dtype=float32), 'f1': {'micro': tensor(0.7794), 'macro': tensor(0.6358), 'none': tensor([0.6496, 0.9524, 0.3614, 0.4964, 0.7192])}}
Saving ./data/aug/0.05_0.0001_25/checkpoint_20.pt
Training : Epoch [22/50], Loss: 0.1593
Testing : Epoch [22/50], Loss: 0.3761, results: {'mAP': 0.6300601, 'mAR': 0.58440506, 'mAUC': 0.8971769, 'm_Accuracy': 0.58440506, 'ap': array([0.5641892 , 0.92834395, 0.31578946, 0.6025641 , 0.7394137 ],
      dtype=float32), 'ar': array([0.7767442 , 0.95106035, 0.14285715, 0.35074627, 0.7006173 ],
      dtype=float32), 'auc': array([0.9164212 , 0.9849097 , 0.83261126, 0.85460263, 0.89733964],
      dtype=float32), 'accuracy': array([0.7767442 , 0.95106035, 0.14285715, 0.35074627, 0.7006173 ],
      dtype=float32), 'f1': {'micro': tensor(0.7756), 'macro': tensor(0.5906), 'none': tensor([0.6536, 0.9396, 0.1967, 0.4434, 0.7195])}}
Training : Epoch [23/50], Loss: 0.1525
Testing : Epoch [23/50], Loss: 0.3719, results: {'mAP': 0.6030562, 'mAR': 0.5942581, 'mAUC': 0.8851291, 'm_Accuracy': 0.5942581, 'ap': array([0.5914894 , 0.9041096 , 0.30952382, 0.45833334, 0.7518248 ],
      dtype=float32), 'ar': array([0.6465116 , 0.96900487, 0.30952382, 0.41044775, 0.63580245],
      dtype=float32), 'auc': array([0.9094256, 0.984118 , 0.8062838, 0.8321333, 0.8936845],
      dtype=float32), 'accuracy': array([0.6465116 , 0.96900487, 0.30952382, 0.41044775, 0.63580245],
      dtype=float32), 'f1': {'micro': tensor(0.7583), 'macro': tensor(0.5970), 'none': tensor([0.6178, 0.9354, 0.3095, 0.4331, 0.6890])}}
Training : Epoch [24/50], Loss: 0.1317
Testing : Epoch [24/50], Loss: 0.3596, results: {'mAP': 0.59431493, 'mAR': 0.56590015, 'mAUC': 0.8926301, 'm_Accuracy': 0.56590015, 'ap': array([0.593361  , 0.91392803, 0.1904762 , 0.5714286 , 0.70238096],
      dtype=float32), 'ar': array([0.66511625, 0.9526917 , 0.0952381 , 0.3880597 , 0.72839504],
      dtype=float32), 'auc': array([0.8973443 , 0.9857151 , 0.82846403, 0.8433836 , 0.9082436 ],
      dtype=float32), 'accuracy': array([0.66511625, 0.9526917 , 0.0952381 , 0.3880597 , 0.72839504],
      dtype=float32), 'f1': {'micro': tensor(0.7673), 'macro': tensor(0.5729), 'none': tensor([0.6272, 0.9329, 0.1270, 0.4622, 0.7152])}}
Training : Epoch [25/50], Loss: 0.1145
Testing : Epoch [25/50], Loss: 0.3391, results: {'mAP': 0.60811454, 'mAR': 0.57694405, 'mAUC': 0.8942746, 'm_Accuracy': 0.57694405, 'ap': array([0.7354839 , 0.9325843 , 0.18181819, 0.51666665, 0.67401963],
      dtype=float32), 'ar': array([0.53023255, 0.9477977 , 0.0952381 , 0.46268657, 0.84876543],
      dtype=float32), 'auc': array([0.9008379 , 0.9838807 , 0.7893431 , 0.8663779 , 0.93093365],
      dtype=float32), 'accuracy': array([0.53023255, 0.9477977 , 0.0952381 , 0.46268657, 0.84876543],
      dtype=float32), 'f1': {'micro': tensor(0.7801), 'macro': tensor(0.5842), 'none': tensor([0.6162, 0.9401, 0.1250, 0.4882, 0.7514])}}
Training : Epoch [26/50], Loss: 0.0806
Testing : Epoch [26/50], Loss: 0.3150, results: {'mAP': 0.62397474, 'mAR': 0.6030438, 'mAUC': 0.89211786, 'm_Accuracy': 0.6030438, 'ap': array([0.622807  , 0.94745487, 0.3809524 , 0.42682928, 0.74183005],
      dtype=float32), 'ar': array([0.6604651 , 0.94127244, 0.1904762 , 0.52238804, 0.7006173 ],
      dtype=float32), 'auc': array([0.91215444, 0.98406553, 0.7858439 , 0.86052775, 0.9179978 ],
      dtype=float32), 'accuracy': array([0.6604651 , 0.94127244, 0.1904762 , 0.52238804, 0.7006173 ],
      dtype=float32), 'f1': {'micro': tensor(0.7711), 'macro': tensor(0.6060), 'none': tensor([0.6411, 0.9444, 0.2540, 0.4698, 0.7206])}}
Training : Epoch [27/50], Loss: 0.0837
Testing : Epoch [27/50], Loss: 0.3389, results: {'mAP': 0.6221851, 'mAR': 0.6014091, 'mAUC': 0.89293563, 'm_Accuracy': 0.6014091, 'ap': array([0.60728747, 0.9554455 , 0.36363637, 0.45185184, 0.7327044 ],
      dtype=float32), 'ar': array([0.6976744, 0.9445351, 0.1904762, 0.4552239, 0.7191358],
      dtype=float32), 'auc': array([0.9127813, 0.9807983, 0.8384433, 0.8423773, 0.8902784],
      dtype=float32), 'accuracy': array([0.6976744, 0.9445351, 0.1904762, 0.4552239, 0.7191358],
      dtype=float32), 'f1': {'micro': tensor(0.7764), 'macro': tensor(0.6057), 'none': tensor([0.6494, 0.9500, 0.2500, 0.4535, 0.7259])}}
Training : Epoch [28/50], Loss: 0.0631
Testing : Epoch [28/50], Loss: 0.3177, results: {'mAP': 0.6101293, 'mAR': 0.58701545, 'mAUC': 0.8956148, 'm_Accuracy': 0.58701545, 'ap': array([0.6118143 , 0.9430894 , 0.26923078, 0.5154639 , 0.7110482 ],
      dtype=float32), 'ar': array([0.6744186 , 0.9461664 , 0.16666667, 0.37313432, 0.77469134],
      dtype=float32), 'auc': array([0.9123383 , 0.98531127, 0.8177442 , 0.8546151 , 0.90806526],
      dtype=float32), 'accuracy': array([0.6744186 , 0.9461664 , 0.16666667, 0.37313432, 0.77469134],
      dtype=float32), 'f1': {'micro': tensor(0.7779), 'macro': tensor(0.5933), 'none': tensor([0.6416, 0.9446, 0.2059, 0.4329, 0.7415])}}
Training : Epoch [29/50], Loss: 0.0541
Testing : Epoch [29/50], Loss: 0.3156, results: {'mAP': 0.6230768, 'mAR': 0.6034448, 'mAUC': 0.8842478, 'm_Accuracy': 0.6034448, 'ap': array([0.5642857 , 0.9448947 , 0.28947368, 0.5764706 , 0.74025977],
      dtype=float32), 'ar': array([0.7348837 , 0.95106035, 0.26190478, 0.36567163, 0.7037037 ],
      dtype=float32), 'auc': array([0.9093128 , 0.98283577, 0.79560095, 0.8361834 , 0.89730585],
      dtype=float32), 'accuracy': array([0.7348837 , 0.95106035, 0.26190478, 0.36567163, 0.7037037 ],
      dtype=float32), 'f1': {'micro': tensor(0.7748), 'macro': tensor(0.6061), 'none': tensor([0.6384, 0.9480, 0.2750, 0.4475, 0.7215])}}
Training : Epoch [30/50], Loss: 0.0555
Testing : Epoch [30/50], Loss: 0.3182, results: {'mAP': 0.60726404, 'mAR': 0.58458424, 'mAUC': 0.8844676, 'm_Accuracy': 0.58458424, 'ap': array([0.6574074 , 0.9612142 , 0.24      , 0.5051546 , 0.67254406],
      dtype=float32), 'ar': array([0.6604651 , 0.9298532 , 0.14285715, 0.36567163, 0.8240741 ],
      dtype=float32), 'auc': array([0.91416454, 0.9843553 , 0.7504629 , 0.8481337 , 0.925222  ],
      dtype=float32), 'accuracy': array([0.6604651 , 0.9298532 , 0.14285715, 0.36567163, 0.8240741 ],
      dtype=float32), 'f1': {'micro': tensor(0.7786), 'macro': tensor(0.5896), 'none': tensor([0.6589, 0.9453, 0.1791, 0.4242, 0.7406])}}
Training : Epoch [31/50], Loss: 0.0420
Testing : Epoch [31/50], Loss: 0.3147, results: {'mAP': 0.5994282, 'mAR': 0.5909087, 'mAUC': 0.8931228, 'm_Accuracy': 0.5909087, 'ap': array([0.5660377 , 0.95230263, 0.21428572, 0.52100843, 0.7435065 ],
      dtype=float32), 'ar': array([0.6976744 , 0.9445351 , 0.14285715, 0.46268657, 0.70679015],
      dtype=float32), 'auc': array([0.908757  , 0.98308444, 0.8310931 , 0.8432648 , 0.89941466],
      dtype=float32), 'accuracy': array([0.6976744 , 0.9445351 , 0.14285715, 0.46268657, 0.70679015],
      dtype=float32), 'f1': {'micro': tensor(0.7726), 'macro': tensor(0.5919), 'none': tensor([0.6250, 0.9484, 0.1714, 0.4901, 0.7247])}}
Saving ./data/aug/0.05_0.0001_25/checkpoint_30.pt
Training : Epoch [32/50], Loss: 0.0350
Testing : Epoch [32/50], Loss: 0.2971, results: {'mAP': 0.616323, 'mAR': 0.59957427, 'mAUC': 0.9002514, 'm_Accuracy': 0.59957427, 'ap': array([0.65048546, 0.9183673 , 0.28125   , 0.512     , 0.7195122 ],
      dtype=float32), 'ar': array([0.6232558 , 0.954323  , 0.21428572, 0.47761193, 0.72839504],
      dtype=float32), 'auc': array([0.89593595, 0.9849394 , 0.84671926, 0.86127776, 0.9123844 ],
      dtype=float32), 'accuracy': array([0.6232558 , 0.954323  , 0.21428572, 0.47761193, 0.72839504],
      dtype=float32), 'f1': {'micro': tensor(0.7741), 'macro': tensor(0.6068), 'none': tensor([0.6366, 0.9360, 0.2432, 0.4942, 0.7239])}}
Training : Epoch [33/50], Loss: 0.0378
Testing : Epoch [33/50], Loss: 0.2919, results: {'mAP': 0.61873835, 'mAR': 0.5927101, 'mAUC': 0.8930564, 'm_Accuracy': 0.5927101, 'ap': array([0.6351931 , 0.96006656, 0.30769232, 0.47727272, 0.71346706],
      dtype=float32), 'ar': array([0.6883721 , 0.94127244, 0.0952381 , 0.47014925, 0.7685185 ],
      dtype=float32), 'auc': array([0.9248877 , 0.98688555, 0.7700511 , 0.8570339 , 0.9264239 ],
      dtype=float32), 'accuracy': array([0.6883721 , 0.94127244, 0.0952381 , 0.47014925, 0.7685185 ],
      dtype=float32), 'f1': {'micro': tensor(0.7839), 'macro': tensor(0.5941), 'none': tensor([0.6607, 0.9506, 0.1455, 0.4737, 0.7400])}}
Training : Epoch [34/50], Loss: 0.0316
Testing : Epoch [34/50], Loss: 0.2985, results: {'mAP': 0.6092811, 'mAR': 0.59767073, 'mAUC': 0.8852994, 'm_Accuracy': 0.59767073, 'ap': array([0.6561086 , 0.95106035, 0.25      , 0.44078946, 0.7484472 ],
      dtype=float32), 'ar': array([0.6744186 , 0.95106035, 0.11904762, 0.5       , 0.74382716],
      dtype=float32), 'auc': array([0.9022462 , 0.9865045 , 0.760257  , 0.85334635, 0.92414296],
      dtype=float32), 'accuracy': array([0.6744186 , 0.95106035, 0.11904762, 0.5       , 0.74382716],
      dtype=float32), 'f1': {'micro': tensor(0.7839), 'macro': tensor(0.5984), 'none': tensor([0.6651, 0.9511, 0.1613, 0.4685, 0.7461])}}
Training : Epoch [35/50], Loss: 0.0249
Testing : Epoch [35/50], Loss: 0.2909, results: {'mAP': 0.60147715, 'mAR': 0.595319, 'mAUC': 0.9009474, 'm_Accuracy': 0.595319, 'ap': array([0.57246375, 0.95409834, 0.22857143, 0.4954955 , 0.7567568 ],
      dtype=float32), 'ar': array([0.7348837 , 0.94942904, 0.1904762 , 0.41044775, 0.69135803],
      dtype=float32), 'auc': array([0.9173656 , 0.98652506, 0.8342776 , 0.86119026, 0.90537846],
      dtype=float32), 'accuracy': array([0.7348837 , 0.94942904, 0.1904762 , 0.41044775, 0.69135803],
      dtype=float32), 'f1': {'micro': tensor(0.7733), 'macro': tensor(0.5949), 'none': tensor([0.6436, 0.9518, 0.2078, 0.4490, 0.7226])}}
Training : Epoch [36/50], Loss: 0.0242
Testing : Epoch [36/50], Loss: 0.2814, results: {'mAP': 0.67011344, 'mAR': 0.630157, 'mAUC': 0.896958, 'm_Accuracy': 0.630157, 'ap': array([0.67264575, 0.9585406 , 0.5       , 0.48872182, 0.730659  ],
      dtype=float32), 'ar': array([0.6976744 , 0.94290376, 0.23809524, 0.48507464, 0.787037  ],
      dtype=float32), 'auc': array([0.9122255 , 0.98750156, 0.79528624, 0.85825896, 0.9315178 ],
      dtype=float32), 'accuracy': array([0.6976744 , 0.94290376, 0.23809524, 0.48507464, 0.787037  ],
      dtype=float32), 'f1': {'micro': tensor(0.7967), 'macro': tensor(0.6406), 'none': tensor([0.6849, 0.9507, 0.3226, 0.4869, 0.7578])}}
Training : Epoch [37/50], Loss: 0.0205
Testing : Epoch [37/50], Loss: 0.2921, results: {'mAP': 0.6070735, 'mAR': 0.59706867, 'mAUC': 0.90048456, 'm_Accuracy': 0.59706867, 'ap': array([0.625    , 0.9459902, 0.21875  , 0.5132743, 0.7323529],
      dtype=float32), 'ar': array([0.6744186 , 0.94290376, 0.16666667, 0.43283582, 0.7685185 ],
      dtype=float32), 'auc': array([0.9121461 , 0.98387843, 0.8260942 , 0.85556513, 0.9247393 ],
      dtype=float32), 'accuracy': array([0.6744186 , 0.94290376, 0.16666667, 0.43283582, 0.7685185 ],
      dtype=float32), 'f1': {'micro': tensor(0.7809), 'macro': tensor(0.6004), 'none': tensor([0.6488, 0.9444, 0.1892, 0.4696, 0.7500])}}
Training : Epoch [38/50], Loss: 0.0244
Testing : Epoch [38/50], Loss: 0.2828, results: {'mAP': 0.62324166, 'mAR': 0.6111536, 'mAUC': 0.9015554, 'm_Accuracy': 0.6111536, 'ap': array([0.62660944, 0.9462541 , 0.29411766, 0.5089286 , 0.7402985 ],
      dtype=float32), 'ar': array([0.67906976, 0.9477977 , 0.23809524, 0.42537314, 0.7654321 ],
      dtype=float32), 'auc': array([0.917679  , 0.985382  , 0.80754274, 0.86544037, 0.93173295],
      dtype=float32), 'accuracy': array([0.67906976, 0.9477977 , 0.23809524, 0.42537314, 0.7654321 ],
      dtype=float32), 'f1': {'micro': tensor(0.7846), 'macro': tensor(0.6156), 'none': tensor([0.6518, 0.9470, 0.2632, 0.4634, 0.7527])}}
Training : Epoch [39/50], Loss: 0.0159
Testing : Epoch [39/50], Loss: 0.2905, results: {'mAP': 0.6163524, 'mAR': 0.6027087, 'mAUC': 0.90039253, 'm_Accuracy': 0.6027087, 'ap': array([0.62780267, 0.96494156, 0.25925925, 0.51666665, 0.7130919 ],
      dtype=float32), 'ar': array([0.6511628 , 0.94290376, 0.16666667, 0.46268657, 0.79012346],
      dtype=float32), 'auc': array([0.89763683, 0.98652965, 0.8389247 , 0.85686517, 0.9220064 ],
      dtype=float32), 'accuracy': array([0.6511628 , 0.94290376, 0.16666667, 0.46268657, 0.79012346],
      dtype=float32), 'f1': {'micro': tensor(0.7854), 'macro': tensor(0.6068), 'none': tensor([0.6393, 0.9538, 0.2029, 0.4882, 0.7496])}}
Training : Epoch [40/50], Loss: 0.0232
Testing : Epoch [40/50], Loss: 0.2896, results: {'mAP': 0.6331842, 'mAR': 0.6033431, 'mAUC': 0.9009117, 'm_Accuracy': 0.6033431, 'ap': array([0.64      , 0.9537954 , 0.35      , 0.52100843, 0.70111734],
      dtype=float32), 'ar': array([0.66976744, 0.94290376, 0.16666667, 0.46268657, 0.77469134],
      dtype=float32), 'auc': array([0.91182435, 0.9855508 , 0.79984075, 0.8775157 , 0.929827  ],
      dtype=float32), 'accuracy': array([0.66976744, 0.94290376, 0.16666667, 0.46268657, 0.77469134],
      dtype=float32), 'f1': {'micro': tensor(0.7846), 'macro': tensor(0.6110), 'none': tensor([0.6545, 0.9483, 0.2258, 0.4901, 0.7361])}}
Training : Epoch [41/50], Loss: 0.0130
Testing : Epoch [41/50], Loss: 0.2840, results: {'mAP': 0.64396304, 'mAR': 0.61306524, 'mAUC': 0.9040972, 'm_Accuracy': 0.61306524, 'ap': array([0.62770563, 0.9570248 , 0.36363637, 0.5535714 , 0.7178771 ],
      dtype=float32), 'ar': array([0.6744186 , 0.9445351 , 0.1904762 , 0.46268657, 0.79320985],
      dtype=float32), 'auc': array([0.9105205 , 0.9874445 , 0.83440715, 0.8563839 , 0.93172985],
      dtype=float32), 'accuracy': array([0.6744186 , 0.9445351 , 0.1904762 , 0.46268657, 0.79320985],
      dtype=float32), 'f1': {'micro': tensor(0.7914), 'macro': tensor(0.6217), 'none': tensor([0.6502, 0.9507, 0.2500, 0.5041, 0.7537])}}
Saving ./data/aug/0.05_0.0001_25/checkpoint_40.pt
Training : Epoch [42/50], Loss: 0.0150
Testing : Epoch [42/50], Loss: 0.2750, results: {'mAP': 0.6419266, 'mAR': 0.61415166, 'mAUC': 0.9076381, 'm_Accuracy': 0.61415166, 'ap': array([0.64806867, 0.9603306 , 0.3529412 , 0.5114504 , 0.7368421 ],
      dtype=float32), 'ar': array([0.7023256 , 0.9477977 , 0.14285715, 0.5       , 0.7777778 ],
      dtype=float32), 'auc': array([0.9097139 , 0.98643833, 0.84360886, 0.8687467 , 0.9296825 ],
      dtype=float32), 'accuracy': array([0.7023256 , 0.9477977 , 0.14285715, 0.5       , 0.7777778 ],
      dtype=float32), 'f1': {'micro': tensor(0.7959), 'macro': tensor(0.6188), 'none': tensor([0.6741, 0.9540, 0.2034, 0.5057, 0.7568])}}
