Train size = 5308, Test size = 1328
Classes : ['affected', 'destroyed', 'major', 'minor', 'no_damage']
Training : Epoch [1/50], Loss: 1.4473
Testing : Epoch [1/50], Loss: 1.7881, results: {'mAP': 0.09231928, 'mAR': 0.2, 'mAUC': 0.60285205, 'm_Accuracy': 0.2, 'ap': array([0.       , 0.4615964, 0.       , 0.       , 0.       ],
      dtype=float32), 'ar': array([0., 1., 0., 0., 0.], dtype=float32), 'auc': array([0.61903507, 0.78850543, 0.510257  , 0.5563639 , 0.54009885],
      dtype=float32), 'accuracy': array([0., 1., 0., 0., 0.], dtype=float32), 'f1': {'micro': tensor(0.4616), 'macro': tensor(0.1263), 'none': tensor([0.0000, 0.6316, 0.0000, 0.0000, 0.0000])}}
Saving ./data/aug/0.05_0.0001_100/checkpoint_0.pt
Training : Epoch [2/50], Loss: 1.2957
Testing : Epoch [2/50], Loss: 1.5806, results: {'mAP': 0.17251702, 'mAR': 0.2009083, 'mAUC': 0.7680877, 'm_Accuracy': 0.2009083, 'ap': array([0.        , 0.46258503, 0.        , 0.        , 0.4       ],
      dtype=float32), 'ar': array([0.        , 0.9983687 , 0.        , 0.        , 0.00617284],
      dtype=float32), 'auc': array([0.73648006, 0.91941047, 0.67501664, 0.69108605, 0.8184453 ],
      dtype=float32), 'accuracy': array([0.        , 0.9983687 , 0.        , 0.        , 0.00617284],
      dtype=float32), 'f1': {'micro': tensor(0.4623), 'macro': tensor(0.1289), 'none': tensor([0.0000, 0.6322, 0.0000, 0.0000, 0.0122])}}
Training : Epoch [3/50], Loss: 0.9541
Testing : Epoch [3/50], Loss: 1.1756, results: {'mAP': 0.4638382, 'mAR': 0.36639857, 'mAUC': 0.79836607, 'm_Accuracy': 0.36639857, 'ap': array([1.        , 0.89638156, 0.        , 0.        , 0.42280945],
      dtype=float32), 'ar': array([0.00465116, 0.88907015, 0.        , 0.        , 0.9382716 ],
      dtype=float32), 'auc': array([0.8080821, 0.9434947, 0.675424 , 0.7258307, 0.8389989],
      dtype=float32), 'accuracy': array([0.00465116, 0.88907015, 0.        , 0.        , 0.9382716 ],
      dtype=float32), 'f1': {'micro': tensor(0.6401), 'macro': tensor(0.2970), 'none': tensor([0.0093, 0.8927, 0.0000, 0.0000, 0.5829])}}
Training : Epoch [4/50], Loss: 0.8608
Testing : Epoch [4/50], Loss: 1.0663, results: {'mAP': 0.38862556, 'mAR': 0.4363106, 'mAUC': 0.828582, 'm_Accuracy': 0.4363106, 'ap': array([0.48333332, 0.9673321 , 0.        , 0.        , 0.4924623 ],
      dtype=float32), 'ar': array([0.40465117, 0.8694943 , 0.        , 0.        , 0.9074074 ],
      dtype=float32), 'auc': array([0.8597254 , 0.95668215, 0.7144894 , 0.7463124 , 0.8657008 ],
      dtype=float32), 'accuracy': array([0.40465117, 0.8694943 , 0.        , 0.        , 0.9074074 ],
      dtype=float32), 'f1': {'micro': tensor(0.6883), 'macro': tensor(0.3990), 'none': tensor([0.4405, 0.9158, 0.0000, 0.0000, 0.6384])}}
Training : Epoch [5/50], Loss: 0.7996
Testing : Epoch [5/50], Loss: 1.0030, results: {'mAP': 0.4228104, 'mAR': 0.44020072, 'mAUC': 0.835601, 'm_Accuracy': 0.44020072, 'ap': array([0.6759259, 0.9513044, 0.       , 0.       , 0.4868217],
      dtype=float32), 'ar': array([0.33953488, 0.8923328 , 0.        , 0.        , 0.9691358 ],
      dtype=float32), 'auc': array([0.8712677, 0.9609943, 0.7425757, 0.7316808, 0.8714863],
      dtype=float32), 'accuracy': array([0.33953488, 0.8923328 , 0.        , 0.        , 0.9691358 ],
      dtype=float32), 'f1': {'micro': tensor(0.7033), 'macro': tensor(0.4042), 'none': tensor([0.4520, 0.9209, 0.0000, 0.0000, 0.6481])}}
Training : Epoch [6/50], Loss: 0.7616
Testing : Epoch [6/50], Loss: 0.9433, results: {'mAP': 0.6155821, 'mAR': 0.48140445, 'mAUC': 0.85581285, 'm_Accuracy': 0.48140445, 'ap': array([0.58078605, 0.911811  , 0.        , 1.        , 0.5853132 ],
      dtype=float32), 'ar': array([0.61860466, 0.9445351 , 0.        , 0.00746269, 0.83641976],
      dtype=float32), 'auc': array([0.90049523, 0.97331023, 0.7657002 , 0.74619365, 0.8933648 ],
      dtype=float32), 'accuracy': array([0.61860466, 0.9445351 , 0.        , 0.00746269, 0.83641976],
      dtype=float32), 'f1': {'micro': tensor(0.7410), 'macro': tensor(0.4461), 'none': tensor([0.5991, 0.9279, 0.0000, 0.0148, 0.6887])}}
Training : Epoch [7/50], Loss: 0.7174
Testing : Epoch [7/50], Loss: 0.8976, results: {'mAP': 0.41612372, 'mAR': 0.48450118, 'mAUC': 0.8549079, 'm_Accuracy': 0.48450118, 'ap': array([0.57377046, 0.9055118 , 0.        , 0.        , 0.6013363 ],
      dtype=float32), 'ar': array([0.6511628, 0.9380098, 0.       , 0.       , 0.8333333],
      dtype=float32), 'auc': array([0.90515053, 0.9763538 , 0.74814856, 0.75226253, 0.89262396],
      dtype=float32), 'accuracy': array([0.6511628, 0.9380098, 0.       , 0.       , 0.8333333],
      dtype=float32), 'f1': {'micro': tensor(0.7417), 'macro': tensor(0.4460), 'none': tensor([0.6100, 0.9215, 0.0000, 0.0000, 0.6986])}}
Training : Epoch [8/50], Loss: 0.6746
Testing : Epoch [8/50], Loss: 0.8474, results: {'mAP': 0.4257062, 'mAR': 0.49726477, 'mAUC': 0.8575016, 'm_Accuracy': 0.49726477, 'ap': array([0.596    , 0.9089482, 0.       , 0.       , 0.6235828],
      dtype=float32), 'ar': array([0.69302326, 0.9445351 , 0.        , 0.        , 0.84876543],
      dtype=float32), 'auc': array([0.9094841 , 0.9799541 , 0.7464082 , 0.7435811 , 0.90808064],
      dtype=float32), 'accuracy': array([0.69302326, 0.9445351 , 0.        , 0.        , 0.84876543],
      dtype=float32), 'f1': {'micro': tensor(0.7553), 'macro': tensor(0.4572), 'none': tensor([0.6409, 0.9264, 0.0000, 0.0000, 0.7190])}}
Training : Epoch [9/50], Loss: 0.6561
Testing : Epoch [9/50], Loss: 0.8423, results: {'mAP': 0.53547573, 'mAR': 0.4929959, 'mAUC': 0.8612572, 'm_Accuracy': 0.4929959, 'ap': array([0.7083333 , 0.9601386 , 0.        , 0.46153846, 0.5473684 ],
      dtype=float32), 'ar': array([0.5534884 , 0.903752  , 0.        , 0.04477612, 0.962963  ],
      dtype=float32), 'auc': array([0.9016068 , 0.97745353, 0.75079614, 0.7761694 , 0.9002601 ],
      dtype=float32), 'accuracy': array([0.5534884 , 0.903752  , 0.        , 0.04477612, 0.962963  ],
      dtype=float32), 'f1': {'micro': tensor(0.7462), 'macro': tensor(0.4664), 'none': tensor([0.6214, 0.9311, 0.0000, 0.0816, 0.6980])}}
Training : Epoch [10/50], Loss: 0.6246
Testing : Epoch [10/50], Loss: 0.7981, results: {'mAP': 0.52791566, 'mAR': 0.5200212, 'mAUC': 0.85922086, 'm_Accuracy': 0.5200212, 'ap': array([0.5614618 , 0.9576988 , 0.        , 0.47826087, 0.64215684],
      dtype=float32), 'ar': array([0.7860465 , 0.9233279 , 0.        , 0.08208955, 0.80864197],
      dtype=float32), 'auc': array([0.9200568 , 0.98131394, 0.6929942 , 0.8103515 , 0.8913882 ],
      dtype=float32), 'accuracy': array([0.7860465 , 0.9233279 , 0.        , 0.08208955, 0.80864197],
      dtype=float32), 'f1': {'micro': tensor(0.7590), 'macro': tensor(0.4902), 'none': tensor([0.6550, 0.9402, 0.0000, 0.1401, 0.7158])}}
Training : Epoch [11/50], Loss: 0.5982
Testing : Epoch [11/50], Loss: 0.7995, results: {'mAP': 0.5232653, 'mAR': 0.49294558, 'mAUC': 0.8389268, 'm_Accuracy': 0.49294558, 'ap': array([0.50157726, 0.8828968 , 0.        , 0.5862069 , 0.6456456 ],
      dtype=float32), 'ar': array([0.73953485, 0.93474716, 0.        , 0.12686567, 0.66358024],
      dtype=float32), 'auc': array([0.8775027 , 0.97175646, 0.71548915, 0.77794445, 0.851941  ],
      dtype=float32), 'accuracy': array([0.73953485, 0.93474716, 0.        , 0.12686567, 0.66358024],
      dtype=float32), 'f1': {'micro': tensor(0.7259), 'macro': tensor(0.4738), 'none': tensor([0.5977, 0.9081, 0.0000, 0.2086, 0.6545])}}
Saving ./data/aug/0.05_0.0001_100/checkpoint_10.pt
Training : Epoch [12/50], Loss: 0.6212
Testing : Epoch [12/50], Loss: 0.7852, results: {'mAP': 0.55478364, 'mAR': 0.5153395, 'mAUC': 0.88878644, 'm_Accuracy': 0.5153395, 'ap': array([0.6388889 , 0.91121495, 0.        , 0.5925926 , 0.6312217 ],
      dtype=float32), 'ar': array([0.6418605 , 0.954323  , 0.        , 0.11940298, 0.8611111 ],
      dtype=float32), 'auc': array([0.9116613 , 0.9828312 , 0.8299452 , 0.81347656, 0.9060179 ],
      dtype=float32), 'accuracy': array([0.6418605 , 0.954323  , 0.        , 0.11940298, 0.8611111 ],
      dtype=float32), 'f1': {'micro': tensor(0.7666), 'macro': tensor(0.5000), 'none': tensor([0.6404, 0.9323, 0.0000, 0.1988, 0.7285])}}
Training : Epoch [13/50], Loss: 0.5276
Testing : Epoch [13/50], Loss: 0.7024, results: {'mAP': 0.55709213, 'mAR': 0.5517316, 'mAUC': 0.88969535, 'm_Accuracy': 0.5517316, 'ap': array([0.53205127, 0.94710743, 0.16666667, 0.3846154 , 0.7550201 ],
      dtype=float32), 'ar': array([0.772093  , 0.93474716, 0.02380952, 0.4477612 , 0.5802469 ],
      dtype=float32), 'auc': array([0.90227544, 0.9794613 , 0.85442126, 0.81625164, 0.89606696],
      dtype=float32), 'accuracy': array([0.772093  , 0.93474716, 0.02380952, 0.4477612 , 0.5802469 ],
      dtype=float32), 'f1': {'micro': tensor(0.7440), 'macro': tensor(0.5365), 'none': tensor([0.6300, 0.9409, 0.0417, 0.4138, 0.6562])}}
Training : Epoch [14/50], Loss: 0.4867
Testing : Epoch [14/50], Loss: 0.6457, results: {'mAP': 0.56788933, 'mAR': 0.5601629, 'mAUC': 0.89585, 'm_Accuracy': 0.5601629, 'ap': array([0.5537459 , 0.9433657 , 0.        , 0.60294116, 0.73939395],
      dtype=float32), 'ar': array([0.7906977 , 0.95106035, 0.        , 0.30597016, 0.75308645],
      dtype=float32), 'auc': array([0.91676384, 0.9840039 , 0.8335185 , 0.8526963 , 0.89226735],
      dtype=float32), 'accuracy': array([0.7906977 , 0.95106035, 0.        , 0.30597016, 0.75308645],
      dtype=float32), 'f1': {'micro': tensor(0.7816), 'macro': tensor(0.5501), 'none': tensor([0.6513, 0.9472, 0.0000, 0.4059, 0.7462])}}
Training : Epoch [15/50], Loss: 0.4601
Testing : Epoch [15/50], Loss: 0.6301, results: {'mAP': 0.59725654, 'mAR': 0.5605116, 'mAUC': 0.8883508, 'm_Accuracy': 0.5605116, 'ap': array([0.6403509 , 0.929374  , 0.22222222, 0.5060241 , 0.6883117 ],
      dtype=float32), 'ar': array([0.67906976, 0.9445351 , 0.04761905, 0.31343284, 0.81790125],
      dtype=float32), 'auc': array([0.9054932 , 0.98199844, 0.8175405 , 0.83966476, 0.8970568 ],
      dtype=float32), 'accuracy': array([0.67906976, 0.9445351 , 0.04761905, 0.31343284, 0.81790125],
      dtype=float32), 'f1': {'micro': tensor(0.7786), 'macro': tensor(0.5618), 'none': tensor([0.6591, 0.9369, 0.0784, 0.3871, 0.7475])}}
Training : Epoch [16/50], Loss: 0.4344
Testing : Epoch [16/50], Loss: 0.5934, results: {'mAP': 0.60794365, 'mAR': 0.56497467, 'mAUC': 0.89479226, 'm_Accuracy': 0.56497467, 'ap': array([0.58518517, 0.9205608 , 0.27272728, 0.54651165, 0.71473354],
      dtype=float32), 'ar': array([0.7348837 , 0.9641109 , 0.07142857, 0.35074627, 0.7037037 ],
      dtype=float32), 'auc': array([0.9115443 , 0.9855257 , 0.82526106, 0.8471524 , 0.9044778 ],
      dtype=float32), 'accuracy': array([0.7348837 , 0.9641109 , 0.07142857, 0.35074627, 0.7037037 ],
      dtype=float32), 'f1': {'micro': tensor(0.7733), 'macro': tensor(0.5686), 'none': tensor([0.6515, 0.9418, 0.1132, 0.4273, 0.7092])}}
Training : Epoch [17/50], Loss: 0.4039
Testing : Epoch [17/50], Loss: 0.5747, results: {'mAP': 0.6273778, 'mAR': 0.57944065, 'mAUC': 0.887153, 'm_Accuracy': 0.57944065, 'ap': array([0.5795053 , 0.9318542 , 0.42857143, 0.46226415, 0.7346939 ],
      dtype=float32), 'ar': array([0.7627907 , 0.95921695, 0.14285715, 0.36567163, 0.6666667 ],
      dtype=float32), 'auc': array([0.9107921 , 0.9873282 , 0.82837147, 0.8451961 , 0.8640776 ],
      dtype=float32), 'accuracy': array([0.7627907 , 0.95921695, 0.14285715, 0.36567163, 0.6666667 ],
      dtype=float32), 'f1': {'micro': tensor(0.7703), 'macro': tensor(0.5851), 'none': tensor([0.6586, 0.9453, 0.2143, 0.4083, 0.6990])}}
Training : Epoch [18/50], Loss: 0.3672
Testing : Epoch [18/50], Loss: 0.5440, results: {'mAP': 0.6235945, 'mAR': 0.56711465, 'mAUC': 0.88232505, 'm_Accuracy': 0.56711465, 'ap': array([0.70652175, 0.9443535 , 0.4       , 0.40963855, 0.65745854],
      dtype=float32), 'ar': array([0.60465115, 0.94127244, 0.04761905, 0.5074627 , 0.7345679 ],
      dtype=float32), 'auc': array([0.91241354, 0.98489374, 0.7667555 , 0.84900874, 0.8985539 ],
      dtype=float32), 'accuracy': array([0.60465115, 0.94127244, 0.04761905, 0.5074627 , 0.7345679 ],
      dtype=float32), 'f1': {'micro': tensor(0.7643), 'macro': tensor(0.5654), 'none': tensor([0.6516, 0.9428, 0.0851, 0.4533, 0.6939])}}
Training : Epoch [19/50], Loss: 0.3573
Testing : Epoch [19/50], Loss: 0.5197, results: {'mAP': 0.63241464, 'mAR': 0.6020318, 'mAUC': 0.89510584, 'm_Accuracy': 0.6020318, 'ap': array([0.6085271 , 0.94471544, 0.21621622, 0.6666667 , 0.7259475 ],
      dtype=float32), 'ar': array([0.73023254, 0.9477977 , 0.1904762 , 0.37313432, 0.7685185 ],
      dtype=float32), 'auc': array([0.9096471 , 0.9851173 , 0.8314634 , 0.8611778 , 0.88812345],
      dtype=float32), 'accuracy': array([0.73023254, 0.9477977 , 0.1904762 , 0.37313432, 0.7685185 ],
      dtype=float32), 'f1': {'micro': tensor(0.7869), 'macro': tensor(0.6075), 'none': tensor([0.6638, 0.9463, 0.2025, 0.4785, 0.7466])}}
Training : Epoch [20/50], Loss: 0.3057
Testing : Epoch [20/50], Loss: 0.4681, results: {'mAP': 0.6133669, 'mAR': 0.6071417, 'mAUC': 0.9060713, 'm_Accuracy': 0.6071417, 'ap': array([0.6311111 , 0.94174755, 0.22222222, 0.5277778 , 0.7439759 ],
      dtype=float32), 'ar': array([0.6604651 , 0.94942904, 0.23809524, 0.42537314, 0.7623457 ],
      dtype=float32), 'auc': array([0.91529286, 0.9853204 , 0.86267865, 0.8710468 , 0.8960178 ],
      dtype=float32), 'accuracy': array([0.6604651 , 0.94942904, 0.23809524, 0.42537314, 0.7623457 ],
      dtype=float32), 'f1': {'micro': tensor(0.7816), 'macro': tensor(0.6090), 'none': tensor([0.6455, 0.9456, 0.2299, 0.4711, 0.7530])}}
Training : Epoch [21/50], Loss: 0.2519
Testing : Epoch [21/50], Loss: 0.4321, results: {'mAP': 0.61853975, 'mAR': 0.6073583, 'mAUC': 0.89997053, 'm_Accuracy': 0.6073583, 'ap': array([0.67156863, 0.9413681 , 0.23809524, 0.5277778 , 0.7138889 ],
      dtype=float32), 'ar': array([0.6372093 , 0.94290376, 0.23809524, 0.42537314, 0.79320985],
      dtype=float32), 'auc': array([0.9033452 , 0.9837598 , 0.85182923, 0.8632591 , 0.89765936],
      dtype=float32), 'accuracy': array([0.6372093 , 0.94290376, 0.23809524, 0.42537314, 0.79320985],
      dtype=float32), 'f1': {'micro': tensor(0.7824), 'macro': tensor(0.6113), 'none': tensor([0.6539, 0.9421, 0.2381, 0.4711, 0.7515])}}
Saving ./data/aug/0.05_0.0001_100/checkpoint_20.pt
Training : Epoch [22/50], Loss: 0.2121
Testing : Epoch [22/50], Loss: 0.3940, results: {'mAP': 0.6186379, 'mAR': 0.60507536, 'mAUC': 0.9031743, 'm_Accuracy': 0.60507536, 'ap': array([0.5928854 , 0.9598662 , 0.27586207, 0.5405405 , 0.7240356 ],
      dtype=float32), 'ar': array([0.6976744 , 0.9363785 , 0.1904762 , 0.4477612 , 0.75308645],
      dtype=float32), 'auc': array([0.9075869 , 0.9842389 , 0.84462714, 0.8724906 , 0.9069278 ],
      dtype=float32), 'accuracy': array([0.6976744 , 0.9363785 , 0.1904762 , 0.4477612 , 0.75308645],
      dtype=float32), 'f1': {'micro': tensor(0.7801), 'macro': tensor(0.6085), 'none': tensor([0.6410, 0.9480, 0.2254, 0.4898, 0.7383])}}
Training : Epoch [23/50], Loss: 0.1893
Testing : Epoch [23/50], Loss: 0.3864, results: {'mAP': 0.62678844, 'mAR': 0.62206686, 'mAUC': 0.8997065, 'm_Accuracy': 0.62206686, 'ap': array([0.6606335 , 0.96638656, 0.32258064, 0.47651008, 0.7078313 ],
      dtype=float32), 'ar': array([0.67906976, 0.9380098 , 0.23809524, 0.5298507 , 0.72530866],
      dtype=float32), 'auc': array([0.90582335, 0.9843439 , 0.83751756, 0.87775946, 0.89308816],
      dtype=float32), 'accuracy': array([0.67906976, 0.9380098 , 0.23809524, 0.5298507 , 0.72530866],
      dtype=float32), 'f1': {'micro': tensor(0.7809), 'macro': tensor(0.6228), 'none': tensor([0.6697, 0.9520, 0.2740, 0.5018, 0.7165])}}
Training : Epoch [24/50], Loss: 0.1809
Testing : Epoch [24/50], Loss: 0.3730, results: {'mAP': 0.6452328, 'mAR': 0.62958986, 'mAUC': 0.89256346, 'm_Accuracy': 0.62958986, 'ap': array([0.6594828 , 0.9508197 , 0.30769232, 0.59183675, 0.7163324 ],
      dtype=float32), 'ar': array([0.7116279 , 0.9461664 , 0.2857143 , 0.43283582, 0.77160496],
      dtype=float32), 'auc': array([0.9168683, 0.9852109, 0.785307 , 0.8781344, 0.8972966],
      dtype=float32), 'accuracy': array([0.7116279 , 0.9461664 , 0.2857143 , 0.43283582, 0.77160496],
      dtype=float32), 'f1': {'micro': tensor(0.7929), 'macro': tensor(0.6345), 'none': tensor([0.6846, 0.9485, 0.2963, 0.5000, 0.7429])}}
Training : Epoch [25/50], Loss: 0.1555
Testing : Epoch [25/50], Loss: 0.3538, results: {'mAP': 0.6271942, 'mAR': 0.623552, 'mAUC': 0.89714944, 'm_Accuracy': 0.623552, 'ap': array([0.75524473, 0.9443535 , 0.27586207, 0.47517732, 0.6853333 ],
      dtype=float32), 'ar': array([0.5023256 , 0.94127244, 0.3809524 , 0.5       , 0.79320985],
      dtype=float32), 'auc': array([0.90496665, 0.98269886, 0.8125602 , 0.8702968 , 0.9152249 ],
      dtype=float32), 'accuracy': array([0.5023256 , 0.94127244, 0.3809524 , 0.5       , 0.79320985],
      dtype=float32), 'f1': {'micro': tensor(0.7718), 'macro': tensor(0.6178), 'none': tensor([0.6034, 0.9428, 0.3200, 0.4873, 0.7353])}}
Training : Epoch [26/50], Loss: 0.1376
Testing : Epoch [26/50], Loss: 0.3466, results: {'mAP': 0.6287378, 'mAR': 0.6331764, 'mAUC': 0.8980731, 'm_Accuracy': 0.6331764, 'ap': array([0.7020202 , 0.9614094 , 0.3255814 , 0.43312103, 0.7215569 ],
      dtype=float32), 'ar': array([0.6465116 , 0.93474716, 0.33333334, 0.5074627 , 0.74382716],
      dtype=float32), 'auc': array([0.91112226, 0.98278326, 0.8417574 , 0.87136555, 0.883337  ],
      dtype=float32), 'accuracy': array([0.6465116 , 0.93474716, 0.33333334, 0.5074627 , 0.74382716],
      dtype=float32), 'f1': {'micro': tensor(0.7794), 'macro': tensor(0.6301), 'none': tensor([0.6731, 0.9479, 0.3294, 0.4674, 0.7325])}}
Training : Epoch [27/50], Loss: 0.1001
Testing : Epoch [27/50], Loss: 0.3094, results: {'mAP': 0.61403793, 'mAR': 0.59817064, 'mAUC': 0.89454794, 'm_Accuracy': 0.59817064, 'ap': array([0.7      , 0.9460784, 0.2      , 0.5392157, 0.6848958],
      dtype=float32), 'ar': array([0.5860465 , 0.9445351 , 0.23809524, 0.41044775, 0.8117284 ],
      dtype=float32), 'auc': array([0.9100274 , 0.9873487 , 0.79711914, 0.86874044, 0.90950394],
      dtype=float32), 'accuracy': array([0.5860465 , 0.9445351 , 0.23809524, 0.41044775, 0.8117284 ],
      dtype=float32), 'f1': {'micro': tensor(0.7779), 'macro': tensor(0.6019), 'none': tensor([0.6380, 0.9453, 0.2174, 0.4661, 0.7429])}}
Training : Epoch [28/50], Loss: 0.0980
Testing : Epoch [28/50], Loss: 0.3474, results: {'mAP': 0.63092816, 'mAR': 0.6057673, 'mAUC': 0.89400786, 'm_Accuracy': 0.6057673, 'ap': array([0.5921569 , 0.9840708 , 0.28947368, 0.6315789 , 0.65736043],
      dtype=float32), 'ar': array([0.7023256 , 0.90701467, 0.26190478, 0.35820895, 0.7993827 ],
      dtype=float32), 'auc': array([0.91094255, 0.98355216, 0.8183922 , 0.8726843 , 0.8844683 ],
      dtype=float32), 'accuracy': array([0.7023256 , 0.90701467, 0.26190478, 0.35820895, 0.7993827 ],
      dtype=float32), 'f1': {'micro': tensor(0.7718), 'macro': tensor(0.6080), 'none': tensor([0.6426, 0.9440, 0.2750, 0.4571, 0.7214])}}
Training : Epoch [29/50], Loss: 0.0760
Testing : Epoch [29/50], Loss: 0.2932, results: {'mAP': 0.6464162, 'mAR': 0.6293756, 'mAUC': 0.89888203, 'm_Accuracy': 0.6293756, 'ap': array([0.58518517, 0.96763206, 0.33333334, 0.625     , 0.7209302 ],
      dtype=float32), 'ar': array([0.7348837 , 0.92659056, 0.30952382, 0.41044775, 0.7654321 ],
      dtype=float32), 'auc': array([0.9160785 , 0.9835932 , 0.8259831 , 0.8680279 , 0.90072733],
      dtype=float32), 'accuracy': array([0.7348837 , 0.92659056, 0.30952382, 0.41044775, 0.7654321 ],
      dtype=float32), 'f1': {'micro': tensor(0.7846), 'macro': tensor(0.6314), 'none': tensor([0.6515, 0.9467, 0.3210, 0.4955, 0.7425])}}
Training : Epoch [30/50], Loss: 0.0774
Testing : Epoch [30/50], Loss: 0.2972, results: {'mAP': 0.6790776, 'mAR': 0.6117728, 'mAUC': 0.910024, 'm_Accuracy': 0.6117728, 'ap': array([0.6712963 , 0.961794  , 0.37037036, 0.72131145, 0.6706161 ],
      dtype=float32), 'ar': array([0.6744186 , 0.9445351 , 0.23809524, 0.3283582 , 0.8734568 ],
      dtype=float32), 'auc': array([0.9140057, 0.9839834, 0.8529586, 0.8775594, 0.9216129],
      dtype=float32), 'accuracy': array([0.6744186 , 0.9445351 , 0.23809524, 0.3283582 , 0.8734568 ],
      dtype=float32), 'f1': {'micro': tensor(0.7989), 'macro': tensor(0.6252), 'none': tensor([0.6729, 0.9531, 0.2899, 0.4513, 0.7587])}}
Training : Epoch [31/50], Loss: 0.0527
Testing : Epoch [31/50], Loss: 0.2753, results: {'mAP': 0.63870686, 'mAR': 0.6285394, 'mAUC': 0.90509176, 'm_Accuracy': 0.6285394, 'ap': array([0.682243  , 0.97098976, 0.2173913 , 0.61764705, 0.70526314],
      dtype=float32), 'ar': array([0.67906976, 0.9282219 , 0.23809524, 0.47014925, 0.8271605 ],
      dtype=float32), 'auc': array([0.917771  , 0.982489  , 0.83755463, 0.8839346 , 0.90370923],
      dtype=float32), 'accuracy': array([0.67906976, 0.9282219 , 0.23809524, 0.47014925, 0.8271605 ],
      dtype=float32), 'f1': {'micro': tensor(0.7952), 'macro': tensor(0.6305), 'none': tensor([0.6807, 0.9491, 0.2273, 0.5339, 0.7614])}}
Saving ./data/aug/0.05_0.0001_100/checkpoint_30.pt
Training : Epoch [32/50], Loss: 0.0475
Testing : Epoch [32/50], Loss: 0.2880, results: {'mAP': 0.622314, 'mAR': 0.5998951, 'mAUC': 0.900574, 'm_Accuracy': 0.5998951, 'ap': array([0.65581393, 0.9614094 , 0.23684211, 0.5714286 , 0.6860759 ],
      dtype=float32), 'ar': array([0.65581393, 0.93474716, 0.21428572, 0.35820895, 0.83641976],
      dtype=float32), 'auc': array([0.9086107 , 0.9841614 , 0.8108568 , 0.8851721 , 0.91406906],
      dtype=float32), 'accuracy': array([0.65581393, 0.93474716, 0.21428572, 0.35820895, 0.83641976],
      dtype=float32), 'f1': {'micro': tensor(0.7846), 'macro': tensor(0.6046), 'none': tensor([0.6558, 0.9479, 0.2250, 0.4404, 0.7538])}}
