Train size = 5308, Test size = 1328
Classes : ['affected', 'destroyed', 'major', 'minor', 'no_damage']
Training : Epoch [1/50], Loss: 1.5419
Testing : Epoch [1/50], Loss: 1.9125, results: {'mAP': 0.09231928, 'mAR': 0.2, 'mAUC': 0.5468906, 'm_Accuracy': 0.2, 'ap': array([0.       , 0.4615964, 0.       , 0.       , 0.       ],
      dtype=float32), 'ar': array([0., 1., 0., 0., 0.], dtype=float32), 'auc': array([0.58874613, 0.75872415, 0.44586387, 0.4663054 , 0.4748137 ],
      dtype=float32), 'accuracy': array([0., 1., 0., 0., 0.], dtype=float32), 'f1': {'micro': tensor(0.4616), 'macro': tensor(0.1263), 'none': tensor([0.0000, 0.6316, 0.0000, 0.0000, 0.0000])}}
Saving ./data/aug/0.01_0.0001_5/checkpoint_0.pt
Training : Epoch [2/50], Loss: 1.3986
Testing : Epoch [2/50], Loss: 1.7392, results: {'mAP': 0.09231928, 'mAR': 0.2, 'mAUC': 0.59298265, 'm_Accuracy': 0.2, 'ap': array([0.       , 0.4615964, 0.       , 0.       , 0.       ],
      dtype=float32), 'ar': array([0., 1., 0., 0., 0.], dtype=float32), 'auc': array([0.5836812 , 0.8360739 , 0.48387396, 0.45580515, 0.6054793 ],
      dtype=float32), 'accuracy': array([0., 1., 0., 0., 0.], dtype=float32), 'f1': {'micro': tensor(0.4616), 'macro': tensor(0.1263), 'none': tensor([0.0000, 0.6316, 0.0000, 0.0000, 0.0000])}}
Training : Epoch [3/50], Loss: 1.3268
Testing : Epoch [3/50], Loss: 1.6526, results: {'mAP': 0.09231928, 'mAR': 0.2, 'mAUC': 0.70045155, 'm_Accuracy': 0.2, 'ap': array([0.       , 0.4615964, 0.       , 0.       , 0.       ],
      dtype=float32), 'ar': array([0., 1., 0., 0., 0.], dtype=float32), 'auc': array([0.6847949 , 0.8921799 , 0.64352363, 0.5224568 , 0.7593023 ],
      dtype=float32), 'accuracy': array([0., 1., 0., 0., 0.], dtype=float32), 'f1': {'micro': tensor(0.4616), 'macro': tensor(0.1263), 'none': tensor([0.0000, 0.6316, 0.0000, 0.0000, 0.0000])}}
Training : Epoch [4/50], Loss: 1.1919
Testing : Epoch [4/50], Loss: 1.4439, results: {'mAP': 0.24495801, 'mAR': 0.3497452, 'mAUC': 0.75394, 'm_Accuracy': 0.3497452, 'ap': array([0.        , 0.7856115 , 0.        , 0.        , 0.43917853],
      dtype=float32), 'ar': array([0.       , 0.8907015, 0.       , 0.       , 0.8580247],
      dtype=float32), 'auc': array([0.72154456, 0.9286211 , 0.59031326, 0.708424  , 0.8207971 ],
      dtype=float32), 'accuracy': array([0.       , 0.8907015, 0.       , 0.       , 0.8580247],
      dtype=float32), 'f1': {'micro': tensor(0.6205), 'macro': tensor(0.2832), 'none': tensor([0.0000, 0.8349, 0.0000, 0.0000, 0.5810])}}
Training : Epoch [5/50], Loss: 0.9295
Testing : Epoch [5/50], Loss: 1.1527, results: {'mAP': 0.4135291, 'mAR': 0.3691321, 'mAUC': 0.7773913, 'm_Accuracy': 0.3691321, 'ap': array([0.75      , 0.88707036, 0.        , 0.        , 0.43057504],
      dtype=float32), 'ar': array([0.01395349, 0.8841762 , 0.        , 0.        , 0.94753087],
      dtype=float32), 'auc': array([0.77075577, 0.9418405 , 0.6313597 , 0.71584916, 0.8271513 ],
      dtype=float32), 'accuracy': array([0.01395349, 0.8841762 , 0.        , 0.        , 0.94753087],
      dtype=float32), 'f1': {'micro': tensor(0.6416), 'macro': tensor(0.3010), 'none': tensor([0.0274, 0.8856, 0.0000, 0.0000, 0.5921])}}
Training : Epoch [6/50], Loss: 0.8761
Testing : Epoch [6/50], Loss: 1.0901, results: {'mAP': 0.40448943, 'mAR': 0.39929628, 'mAUC': 0.79824674, 'm_Accuracy': 0.39929628, 'ap': array([0.6730769 , 0.8865478 , 0.        , 0.        , 0.46282247],
      dtype=float32), 'ar': array([0.1627907 , 0.8923328 , 0.        , 0.        , 0.94135803],
      dtype=float32), 'auc': array([0.8156585, 0.9538553, 0.6530956, 0.710649 , 0.8579755],
      dtype=float32), 'accuracy': array([0.1627907 , 0.8923328 , 0.        , 0.        , 0.94135803],
      dtype=float32), 'f1': {'micro': tensor(0.6679), 'macro': tensor(0.3544), 'none': tensor([0.2622, 0.8894, 0.0000, 0.0000, 0.6205])}}
Training : Epoch [7/50], Loss: 0.8231
Testing : Epoch [7/50], Loss: 1.0226, results: {'mAP': 0.40102667, 'mAR': 0.4593188, 'mAUC': 0.82128334, 'm_Accuracy': 0.4593188, 'ap': array([0.54460096, 0.92474914, 0.        , 0.        , 0.53578335],
      dtype=float32), 'ar': array([0.53953487, 0.9021207 , 0.        , 0.        , 0.85493827],
      dtype=float32), 'auc': array([0.8630853 , 0.9671044 , 0.6777198 , 0.7285182 , 0.86998916],
      dtype=float32), 'accuracy': array([0.53953487, 0.9021207 , 0.        , 0.        , 0.85493827],
      dtype=float32), 'f1': {'micro': tensor(0.7123), 'macro': tensor(0.4228), 'none': tensor([0.5421, 0.9133, 0.0000, 0.0000, 0.6587])}}
Training : Epoch [8/50], Loss: 0.7820
Testing : Epoch [8/50], Loss: 0.9743, results: {'mAP': 0.4230639, 'mAR': 0.46495423, 'mAUC': 0.8255409, 'm_Accuracy': 0.46495423, 'ap': array([0.6707317 , 0.9194079 , 0.        , 0.        , 0.52517986],
      dtype=float32), 'ar': array([0.5116279 , 0.9119086 , 0.        , 0.        , 0.90123457],
      dtype=float32), 'auc': array([0.88157296, 0.9671089 , 0.6490039 , 0.75612515, 0.8738933 ],
      dtype=float32), 'accuracy': array([0.5116279 , 0.9119086 , 0.        , 0.        , 0.90123457],
      dtype=float32), 'f1': {'micro': tensor(0.7236), 'macro': tensor(0.4320), 'none': tensor([0.5805, 0.9156, 0.0000, 0.0000, 0.6636])}}
Training : Epoch [9/50], Loss: 0.7385
Testing : Epoch [9/50], Loss: 0.9241, results: {'mAP': 0.40978208, 'mAR': 0.47000137, 'mAUC': 0.8371088, 'm_Accuracy': 0.47000137, 'ap': array([0.572093 , 0.9243421, 0.       , 0.       , 0.5524753],
      dtype=float32), 'ar': array([0.572093 , 0.9168026, 0.       , 0.       , 0.8611111],
      dtype=float32), 'auc': array([0.8847615 , 0.9707024 , 0.6868474 , 0.75510013, 0.88813263],
      dtype=float32), 'accuracy': array([0.572093 , 0.9168026, 0.       , 0.       , 0.8611111],
      dtype=float32), 'f1': {'micro': tensor(0.7259), 'macro': tensor(0.4331), 'none': tensor([0.5721, 0.9206, 0.0000, 0.0000, 0.6731])}}
Training : Epoch [10/50], Loss: 0.7111
Testing : Epoch [10/50], Loss: 0.8981, results: {'mAP': 0.40138024, 'mAR': 0.47536373, 'mAUC': 0.8493168, 'm_Accuracy': 0.47536373, 'ap': array([0.46745563, 0.95238096, 0.        , 0.        , 0.5870647 ],
      dtype=float32), 'ar': array([0.7348837 , 0.91353995, 0.        , 0.        , 0.72839504],
      dtype=float32), 'auc': array([0.89481187, 0.9745217 , 0.72111756, 0.76949424, 0.88663864],
      dtype=float32), 'accuracy': array([0.7348837 , 0.91353995, 0.        , 0.        , 0.72839504],
      dtype=float32), 'f1': {'micro': tensor(0.7184), 'macro': tensor(0.4308), 'none': tensor([0.5714, 0.9326, 0.0000, 0.0000, 0.6501])}}
Training : Epoch [11/50], Loss: 0.6863
Testing : Epoch [11/50], Loss: 0.8709, results: {'mAP': 0.51891464, 'mAR': 0.47915658, 'mAUC': 0.8476542, 'm_Accuracy': 0.47915658, 'ap': array([0.6097561 , 0.90423864, 0.        , 0.5       , 0.5805785 ],
      dtype=float32), 'ar': array([0.5813953 , 0.9396411 , 0.        , 0.00746269, 0.86728394],
      dtype=float32), 'auc': array([0.89644164, 0.9741909 , 0.7180071 , 0.7536876 , 0.895944  ],
      dtype=float32), 'accuracy': array([0.5813953 , 0.9396411 , 0.        , 0.00746269, 0.86728394],
      dtype=float32), 'f1': {'micro': tensor(0.7402), 'macro': tensor(0.4454), 'none': tensor([0.5952, 0.9216, 0.0000, 0.0147, 0.6955])}}
Saving ./data/aug/0.01_0.0001_5/checkpoint_10.pt
Training : Epoch [12/50], Loss: 0.6677
Testing : Epoch [12/50], Loss: 0.8467, results: {'mAP': 0.42143267, 'mAR': 0.48490262, 'mAUC': 0.8634043, 'm_Accuracy': 0.48490262, 'ap': array([0.6143498 , 0.8856707 , 0.        , 0.        , 0.60714287],
      dtype=float32), 'ar': array([0.6372093 , 0.9477977 , 0.        , 0.        , 0.83950615],
      dtype=float32), 'auc': array([0.894745  , 0.97349274, 0.78232616, 0.76545036, 0.90100706],
      dtype=float32), 'accuracy': array([0.6372093 , 0.9477977 , 0.        , 0.        , 0.83950615],
      dtype=float32), 'f1': {'micro': tensor(0.7455), 'macro': tensor(0.4492), 'none': tensor([0.6256, 0.9157, 0.0000, 0.0000, 0.7047])}}
Training : Epoch [13/50], Loss: 0.6419
Testing : Epoch [13/50], Loss: 0.8159, results: {'mAP': 0.5386707, 'mAR': 0.4955205, 'mAUC': 0.84866905, 'm_Accuracy': 0.4955205, 'ap': array([0.5769231 , 0.96416384, 0.        , 0.5714286 , 0.5808383 ],
      dtype=float32), 'ar': array([0.627907  , 0.9216966 , 0.        , 0.02985075, 0.8981481 ],
      dtype=float32), 'auc': array([0.90350825, 0.9755872 , 0.6772569 , 0.78017575, 0.9068172 ],
      dtype=float32), 'accuracy': array([0.627907  , 0.9216966 , 0.        , 0.02985075, 0.8981481 ],
      dtype=float32), 'f1': {'micro': tensor(0.7492), 'macro': tensor(0.4612), 'none': tensor([0.6013, 0.9425, 0.0000, 0.0567, 0.7055])}}
Training : Epoch [14/50], Loss: 0.6211
Testing : Epoch [14/50], Loss: 0.7949, results: {'mAP': 0.5159657, 'mAR': 0.48145738, 'mAUC': 0.8594389, 'm_Accuracy': 0.48145738, 'ap': array([0.67469877, 0.89708143, 0.        , 0.42857143, 0.57947683],
      dtype=float32), 'ar': array([0.52093023, 0.9526917 , 0.        , 0.04477612, 0.8888889 ],
      dtype=float32), 'auc': array([0.8932865 , 0.980755  , 0.73054135, 0.7867509 , 0.90586114],
      dtype=float32), 'accuracy': array([0.52093023, 0.9526917 , 0.        , 0.04477612, 0.8888889 ],
      dtype=float32), 'f1': {'micro': tensor(0.7455), 'macro': tensor(0.4589), 'none': tensor([0.5879, 0.9241, 0.0000, 0.0811, 0.7016])}}
Training : Epoch [15/50], Loss: 0.6036
Testing : Epoch [15/50], Loss: 0.7729, results: {'mAP': 0.54178876, 'mAR': 0.50626445, 'mAUC': 0.8775135, 'm_Accuracy': 0.50626445, 'ap': array([0.5632184, 0.9396411, 0.       , 0.5882353, 0.617849 ],
      dtype=float32), 'ar': array([0.68372095, 0.9396411 , 0.        , 0.07462686, 0.8333333 ],
      dtype=float32), 'auc': array([0.9022211 , 0.98049486, 0.79428643, 0.80787647, 0.9026886 ],
      dtype=float32), 'accuracy': array([0.68372095, 0.9396411 , 0.        , 0.07462686, 0.8333333 ],
      dtype=float32), 'f1': {'micro': tensor(0.7553), 'macro': tensor(0.4799), 'none': tensor([0.6176, 0.9396, 0.0000, 0.1325, 0.7096])}}
Training : Epoch [16/50], Loss: 0.5864
Testing : Epoch [16/50], Loss: 0.7572, results: {'mAP': 0.52032655, 'mAR': 0.5096668, 'mAUC': 0.8881563, 'm_Accuracy': 0.5096668, 'ap': array([0.49698794, 0.9642249 , 0.        , 0.5       , 0.64041996],
      dtype=float32), 'ar': array([0.76744187, 0.9233279 , 0.        , 0.10447761, 0.75308645],
      dtype=float32), 'auc': array([0.9185524 , 0.9792628 , 0.8158743 , 0.81262034, 0.91447175],
      dtype=float32), 'accuracy': array([0.76744187, 0.9233279 , 0.        , 0.10447761, 0.75308645],
      dtype=float32), 'f1': {'micro': tensor(0.7447), 'macro': tensor(0.4823), 'none': tensor([0.6033, 0.9433, 0.0000, 0.1728, 0.6922])}}
Training : Epoch [17/50], Loss: 0.5632
Testing : Epoch [17/50], Loss: 0.7279, results: {'mAP': 0.55099404, 'mAR': 0.5168028, 'mAUC': 0.8876392, 'm_Accuracy': 0.5168028, 'ap': array([0.61702126, 0.94554454, 0.        , 0.5833333 , 0.60907125],
      dtype=float32), 'ar': array([0.6744186 , 0.93474716, 0.        , 0.10447761, 0.8703704 ],
      dtype=float32), 'auc': array([0.90986437, 0.98236346, 0.8052655 , 0.8243956 , 0.916307  ],
      dtype=float32), 'accuracy': array([0.6744186 , 0.93474716, 0.        , 0.10447761, 0.8703704 ],
      dtype=float32), 'f1': {'micro': tensor(0.7636), 'macro': tensor(0.4957), 'none': tensor([0.6444, 0.9401, 0.0000, 0.1772, 0.7166])}}
Training : Epoch [18/50], Loss: 0.5383
Testing : Epoch [18/50], Loss: 0.7078, results: {'mAP': 0.5049882, 'mAR': 0.50958645, 'mAUC': 0.8857317, 'm_Accuracy': 0.50958645, 'ap': array([0.63981044, 0.9169329 , 0.        , 0.35897437, 0.6092233 ],
      dtype=float32), 'ar': array([0.627907  , 0.9363785 , 0.        , 0.20895523, 0.77469134],
      dtype=float32), 'auc': array([0.91200817, 0.9788795 , 0.79426795, 0.8330708 , 0.91043234],
      dtype=float32), 'accuracy': array([0.627907  , 0.9363785 , 0.        , 0.20895523, 0.77469134],
      dtype=float32), 'f1': {'micro': tensor(0.7440), 'macro': tensor(0.5013), 'none': tensor([0.6338, 0.9266, 0.0000, 0.2642, 0.6821])}}
Training : Epoch [19/50], Loss: 0.5221
Testing : Epoch [19/50], Loss: 0.7002, results: {'mAP': 0.5100487, 'mAR': 0.52329487, 'mAUC': 0.8862759, 'm_Accuracy': 0.52329487, 'ap': array([0.60444444, 0.90015364, 0.        , 0.37795275, 0.6676923 ],
      dtype=float32), 'ar': array([0.63255817, 0.9559543 , 0.        , 0.35820895, 0.6697531 ],
      dtype=float32), 'auc': array([0.89764935, 0.98040134, 0.8304821 , 0.8139516 , 0.90889525],
      dtype=float32), 'accuracy': array([0.63255817, 0.9559543 , 0.        , 0.35820895, 0.6697531 ],
      dtype=float32), 'f1': {'micro': tensor(0.7432), 'macro': tensor(0.5164), 'none': tensor([0.6182, 0.9272, 0.0000, 0.3678, 0.6687])}}
Training : Epoch [20/50], Loss: 0.5087
Testing : Epoch [20/50], Loss: 0.6808, results: {'mAP': 0.57919896, 'mAR': 0.5414303, 'mAUC': 0.8919636, 'm_Accuracy': 0.5414303, 'ap': array([0.63033175, 0.9170654 , 0.25      , 0.43636364, 0.66223407],
      dtype=float32), 'ar': array([0.61860466, 0.9380098 , 0.02380952, 0.35820895, 0.7685185 ],
      dtype=float32), 'auc': array([0.9001776 , 0.9774193 , 0.8439421 , 0.82713944, 0.91113937],
      dtype=float32), 'accuracy': array([0.61860466, 0.9380098 , 0.02380952, 0.35820895, 0.7685185 ],
      dtype=float32), 'f1': {'micro': tensor(0.7575), 'macro': tensor(0.5400), 'none': tensor([0.6244, 0.9274, 0.0435, 0.3934, 0.7114])}}
Training : Epoch [21/50], Loss: 0.4921
Testing : Epoch [21/50], Loss: 0.6562, results: {'mAP': 0.5788723, 'mAR': 0.53721756, 'mAUC': 0.8837633, 'm_Accuracy': 0.53721756, 'ap': array([0.6666667, 0.9409836, 0.2      , 0.4642857, 0.6224256],
      dtype=float32), 'ar': array([0.59534883, 0.9363785 , 0.02380952, 0.29104477, 0.83950615],
      dtype=float32), 'auc': array([0.92132306, 0.9815124 , 0.7624047 , 0.8360334 , 0.9175428 ],
      dtype=float32), 'accuracy': array([0.59534883, 0.9363785 , 0.02380952, 0.29104477, 0.83950615],
      dtype=float32), 'f1': {'micro': tensor(0.7636), 'macro': tensor(0.5366), 'none': tensor([0.6290, 0.9387, 0.0426, 0.3578, 0.7148])}}
Saving ./data/aug/0.01_0.0001_5/checkpoint_20.pt
Training : Epoch [22/50], Loss: 0.4750
Testing : Epoch [22/50], Loss: 0.6405, results: {'mAP': 0.55565387, 'mAR': 0.5473821, 'mAUC': 0.90178365, 'm_Accuracy': 0.5473821, 'ap': array([0.56884056, 0.93086815, 0.        , 0.5942029 , 0.6843575 ],
      dtype=float32), 'ar': array([0.73023254, 0.9445351 , 0.        , 0.30597016, 0.75617284],
      dtype=float32), 'auc': array([0.9153054 , 0.978681  , 0.850922  , 0.8475524 , 0.91645765],
      dtype=float32), 'accuracy': array([0.73023254, 0.9445351 , 0.        , 0.30597016, 0.75617284],
      dtype=float32), 'f1': {'micro': tensor(0.7696), 'macro': tensor(0.5399), 'none': tensor([0.6395, 0.9377, 0.0000, 0.4039, 0.7185])}}
Training : Epoch [23/50], Loss: 0.4688
Testing : Epoch [23/50], Loss: 0.6256, results: {'mAP': 0.6529191, 'mAR': 0.56429833, 'mAUC': 0.8985674, 'm_Accuracy': 0.56429833, 'ap': array([0.6023622 , 0.9267516 , 0.33333334, 0.7241379 , 0.67801046],
      dtype=float32), 'ar': array([0.7116279 , 0.94942904, 0.04761905, 0.31343284, 0.7993827 ],
      dtype=float32), 'auc': array([0.92092603, 0.9854322 , 0.812338  , 0.8466837 , 0.92745686],
      dtype=float32), 'accuracy': array([0.7116279 , 0.94942904, 0.04761905, 0.31343284, 0.7993827 ],
      dtype=float32), 'f1': {'micro': tensor(0.7816), 'macro': tensor(0.5690), 'none': tensor([0.6525, 0.9380, 0.0833, 0.4375, 0.7337])}}
Training : Epoch [24/50], Loss: 0.4601
Testing : Epoch [24/50], Loss: 0.6206, results: {'mAP': 0.6395412, 'mAR': 0.5879539, 'mAUC': 0.9044827, 'm_Accuracy': 0.5879539, 'ap': array([0.6352459 , 0.96166664, 0.44444445, 0.47244096, 0.68390805],
      dtype=float32), 'ar': array([0.7209302 , 0.94127244, 0.0952381 , 0.4477612 , 0.7345679 ],
      dtype=float32), 'auc': array([0.91858584, 0.9828403 , 0.83723986, 0.8644404 , 0.91930735],
      dtype=float32), 'accuracy': array([0.7209302 , 0.94127244, 0.0952381 , 0.4477612 , 0.7345679 ],
      dtype=float32), 'f1': {'micro': tensor(0.7786), 'macro': tensor(0.5903), 'none': tensor([0.6754, 0.9514, 0.1569, 0.4598, 0.7083])}}
Training : Epoch [25/50], Loss: 0.4338
Testing : Epoch [25/50], Loss: 0.5985, results: {'mAP': 0.6677591, 'mAR': 0.5830246, 'mAUC': 0.9048437, 'm_Accuracy': 0.5830246, 'ap': array([0.5855513 , 0.9438944 , 0.5714286 , 0.5471698 , 0.69075143],
      dtype=float32), 'ar': array([0.7162791 , 0.93311584, 0.0952381 , 0.43283582, 0.7376543 ],
      dtype=float32), 'auc': array([0.9116363 , 0.9819026 , 0.85618013, 0.8549276 , 0.9195717 ],
      dtype=float32), 'accuracy': array([0.7162791 , 0.93311584, 0.0952381 , 0.43283582, 0.7376543 ],
      dtype=float32), 'f1': {'micro': tensor(0.7733), 'macro': tensor(0.5886), 'none': tensor([0.6444, 0.9385, 0.1633, 0.4833, 0.7134])}}
Training : Epoch [26/50], Loss: 0.4216
Testing : Epoch [26/50], Loss: 0.5842, results: {'mAP': 0.6261282, 'mAR': 0.5749079, 'mAUC': 0.89909476, 'm_Accuracy': 0.5749079, 'ap': array([0.6223176 , 0.9296    , 0.30769232, 0.5882353 , 0.6827957 ],
      dtype=float32), 'ar': array([0.6744186 , 0.9477977 , 0.0952381 , 0.37313432, 0.7839506 ],
      dtype=float32), 'auc': array([0.90560186, 0.9850352 , 0.8209657 , 0.8627653 , 0.9211057 ],
      dtype=float32), 'accuracy': array([0.6744186 , 0.9477977 , 0.0952381 , 0.37313432, 0.7839506 ],
      dtype=float32), 'f1': {'micro': tensor(0.7786), 'macro': tensor(0.5836), 'none': tensor([0.6473, 0.9386, 0.1455, 0.4566, 0.7299])}}
Training : Epoch [27/50], Loss: 0.3961
Testing : Epoch [27/50], Loss: 0.5593, results: {'mAP': 0.65726674, 'mAR': 0.57246333, 'mAUC': 0.9083313, 'm_Accuracy': 0.57246333, 'ap': array([0.6792453 , 0.953719  , 0.5       , 0.5092593 , 0.64411026],
      dtype=float32), 'ar': array([0.66976744, 0.94127244, 0.04761905, 0.41044775, 0.79320985],
      dtype=float32), 'auc': array([0.9203995 , 0.98310727, 0.8610679 , 0.8566464 , 0.92043555],
      dtype=float32), 'accuracy': array([0.66976744, 0.94127244, 0.04761905, 0.41044775, 0.79320985],
      dtype=float32), 'f1': {'micro': tensor(0.7794), 'macro': tensor(0.5749), 'none': tensor([0.6745, 0.9475, 0.0870, 0.4545, 0.7109])}}
Training : Epoch [28/50], Loss: 0.3989
Testing : Epoch [28/50], Loss: 0.5683, results: {'mAP': 0.6533412, 'mAR': 0.5596581, 'mAUC': 0.896804, 'm_Accuracy': 0.5596581, 'ap': array([0.61603373, 0.91955835, 0.44444445, 0.61403507, 0.67263424],
      dtype=float32), 'ar': array([0.67906976, 0.95106035, 0.0952381 , 0.26119402, 0.8117284 ],
      dtype=float32), 'auc': array([0.91046613, 0.98309356, 0.82257646, 0.84793997, 0.9199437 ],
      dtype=float32), 'accuracy': array([0.67906976, 0.95106035, 0.0952381 , 0.26119402, 0.8117284 ],
      dtype=float32), 'f1': {'micro': tensor(0.7764), 'macro': tensor(0.5680), 'none': tensor([0.6460, 0.9350, 0.1569, 0.3665, 0.7357])}}
Training : Epoch [29/50], Loss: 0.3739
Testing : Epoch [29/50], Loss: 0.5420, results: {'mAP': 0.6085093, 'mAR': 0.5681181, 'mAUC': 0.90988743, 'm_Accuracy': 0.5681181, 'ap': array([0.63228697, 0.9383117 , 0.23076923, 0.5609756 , 0.680203  ],
      dtype=float32), 'ar': array([0.65581393, 0.94290376, 0.07142857, 0.3432836 , 0.8271605 ],
      dtype=float32), 'auc': array([0.9034664 , 0.9822768 , 0.88145226, 0.85784644, 0.924395  ],
      dtype=float32), 'accuracy': array([0.65581393, 0.94290376, 0.07142857, 0.3432836 , 0.8271605 ],
      dtype=float32), 'f1': {'micro': tensor(0.7801), 'macro': tensor(0.5732), 'none': tensor([0.6438, 0.9406, 0.1091, 0.4259, 0.7465])}}
Training : Epoch [30/50], Loss: 0.3726
Testing : Epoch [30/50], Loss: 0.5427, results: {'mAP': 0.6332429, 'mAR': 0.5761403, 'mAUC': 0.90288335, 'm_Accuracy': 0.5761403, 'ap': array([0.6212766, 0.9212598, 0.375    , 0.5339806, 0.7146974],
      dtype=float32), 'ar': array([0.67906976, 0.954323  , 0.07142857, 0.41044775, 0.7654321 ],
      dtype=float32), 'auc': array([0.91596985, 0.9803557 , 0.83409244, 0.85798395, 0.9260151 ],
      dtype=float32), 'accuracy': array([0.67906976, 0.954323  , 0.07142857, 0.41044775, 0.7654321 ],
      dtype=float32), 'f1': {'micro': tensor(0.7809), 'macro': tensor(0.5819), 'none': tensor([0.6489, 0.9375, 0.1200, 0.4641, 0.7392])}}
Training : Epoch [31/50], Loss: 0.3470
Testing : Epoch [31/50], Loss: 0.5202, results: {'mAP': 0.63888216, 'mAR': 0.58400023, 'mAUC': 0.9021433, 'm_Accuracy': 0.58400023, 'ap': array([0.6527778 , 0.93376416, 0.4       , 0.5132743 , 0.6945946 ],
      dtype=float32), 'ar': array([0.65581393, 0.94290376, 0.0952381 , 0.43283582, 0.79320985],
      dtype=float32), 'auc': array([0.9058902 , 0.9819756 , 0.8398689 , 0.86310285, 0.91987914],
      dtype=float32), 'accuracy': array([0.65581393, 0.94290376, 0.0952381 , 0.43283582, 0.79320985],
      dtype=float32), 'f1': {'micro': tensor(0.7816), 'macro': tensor(0.5913), 'none': tensor([0.6543, 0.9383, 0.1538, 0.4696, 0.7406])}}
Saving ./data/aug/0.01_0.0001_5/checkpoint_30.pt
Training : Epoch [32/50], Loss: 0.3391
Testing : Epoch [32/50], Loss: 0.5137, results: {'mAP': 0.62056124, 'mAR': 0.5910343, 'mAUC': 0.9114302, 'm_Accuracy': 0.5910343, 'ap': array([0.6282051 , 0.9477977 , 0.3478261 , 0.5       , 0.67897725],
      dtype=float32), 'ar': array([0.68372095, 0.9477977 , 0.1904762 , 0.3955224 , 0.7376543 ],
      dtype=float32), 'auc': array([0.90983516, 0.98255056, 0.8973006 , 0.85333383, 0.9141305 ],
      dtype=float32), 'accuracy': array([0.68372095, 0.9477977 , 0.1904762 , 0.3955224 , 0.7376543 ],
      dtype=float32), 'f1': {'micro': tensor(0.7741), 'macro': tensor(0.5995), 'none': tensor([0.6548, 0.9478, 0.2462, 0.4417, 0.7071])}}
Training : Epoch [33/50], Loss: 0.3408
Testing : Epoch [33/50], Loss: 0.5130, results: {'mAP': 0.6184691, 'mAR': 0.6049635, 'mAUC': 0.90652335, 'm_Accuracy': 0.6049635, 'ap': array([0.63203466, 0.9614094 , 0.26923078, 0.5327869 , 0.69688386],
      dtype=float32), 'ar': array([0.67906976, 0.93474716, 0.16666667, 0.48507464, 0.7592593 ],
      dtype=float32), 'auc': array([0.90757436, 0.9818638 , 0.8692698 , 0.8564089 , 0.9174998 ],
      dtype=float32), 'accuracy': array([0.67906976, 0.93474716, 0.16666667, 0.48507464, 0.7592593 ],
      dtype=float32), 'f1': {'micro': tensor(0.7809), 'macro': tensor(0.6086), 'none': tensor([0.6547, 0.9479, 0.2059, 0.5078, 0.7267])}}
Training : Epoch [34/50], Loss: 0.3299
Testing : Epoch [34/50], Loss: 0.4917, results: {'mAP': 0.66199166, 'mAR': 0.59939957, 'mAUC': 0.90615654, 'm_Accuracy': 0.59939957, 'ap': array([0.6330645 , 0.95245904, 0.4       , 0.6233766 , 0.7010582 ],
      dtype=float32), 'ar': array([0.73023254, 0.9477977 , 0.14285715, 0.35820895, 0.81790125],
      dtype=float32), 'auc': array([0.9132326 , 0.98599344, 0.83401835, 0.8725406 , 0.92499757],
      dtype=float32), 'accuracy': array([0.73023254, 0.9477977 , 0.14285715, 0.35820895, 0.81790125],
      dtype=float32), 'f1': {'micro': tensor(0.7959), 'macro': tensor(0.6098), 'none': tensor([0.6782, 0.9501, 0.2105, 0.4550, 0.7550])}}
Training : Epoch [35/50], Loss: 0.3051
Testing : Epoch [35/50], Loss: 0.4779, results: {'mAP': 0.6204045, 'mAR': 0.5848549, 'mAUC': 0.90965974, 'm_Accuracy': 0.5848549, 'ap': array([0.60580915, 0.9328    , 0.2777778 , 0.5591398 , 0.72649574],
      dtype=float32), 'ar': array([0.67906976, 0.95106035, 0.11904762, 0.3880597 , 0.787037  ],
      dtype=float32), 'auc': array([0.9056186 , 0.9847386 , 0.8821743 , 0.8504963 , 0.92527115],
      dtype=float32), 'accuracy': array([0.67906976, 0.95106035, 0.11904762, 0.3880597 , 0.787037  ],
      dtype=float32), 'f1': {'micro': tensor(0.7839), 'macro': tensor(0.5925), 'none': tensor([0.6404, 0.9418, 0.1667, 0.4581, 0.7556])}}
Training : Epoch [36/50], Loss: 0.3097
Testing : Epoch [36/50], Loss: 0.4855, results: {'mAP': 0.62797064, 'mAR': 0.5833904, 'mAUC': 0.8957515, 'm_Accuracy': 0.5833904, 'ap': array([0.62240666, 0.95652175, 0.3043478 , 0.5882353 , 0.6683417 ],
      dtype=float32), 'ar': array([0.6976744 , 0.93311584, 0.16666667, 0.29850745, 0.82098764],
      dtype=float32), 'auc': array([0.91829747, 0.98248214, 0.80882025, 0.8549901 , 0.9141674 ],
      dtype=float32), 'accuracy': array([0.6976744 , 0.93311584, 0.16666667, 0.29850745, 0.82098764],
      dtype=float32), 'f1': {'micro': tensor(0.7794), 'macro': tensor(0.5902), 'none': tensor([0.6579, 0.9447, 0.2154, 0.3960, 0.7368])}}
Training : Epoch [37/50], Loss: 0.2973
Testing : Epoch [37/50], Loss: 0.4710, results: {'mAP': 0.61282456, 'mAR': 0.59043753, 'mAUC': 0.8980953, 'm_Accuracy': 0.59043753, 'ap': array([0.6409091 , 0.93929714, 0.3043478 , 0.464     , 0.71556884],
      dtype=float32), 'ar': array([0.65581393, 0.95921695, 0.16666667, 0.43283582, 0.7376543 ],
      dtype=float32), 'auc': array([0.90580666, 0.98408836, 0.8206139 , 0.8667904 , 0.91317755],
      dtype=float32), 'accuracy': array([0.65581393, 0.95921695, 0.16666667, 0.43283582, 0.7376543 ],
      dtype=float32), 'f1': {'micro': tensor(0.7779), 'macro': tensor(0.5974), 'none': tensor([0.6483, 0.9492, 0.2154, 0.4479, 0.7264])}}
Training : Epoch [38/50], Loss: 0.2954
Testing : Epoch [38/50], Loss: 0.4735, results: {'mAP': 0.59808934, 'mAR': 0.58426183, 'mAUC': 0.9045402, 'm_Accuracy': 0.58426183, 'ap': array([0.5936255 , 0.9448052 , 0.2       , 0.5258621 , 0.72615385],
      dtype=float32), 'ar': array([0.69302326, 0.94942904, 0.0952381 , 0.4552239 , 0.72839504],
      dtype=float32), 'auc': array([0.90911216, 0.98097855, 0.8539399 , 0.8622403 , 0.91642994],
      dtype=float32), 'accuracy': array([0.69302326, 0.94942904, 0.0952381 , 0.4552239 , 0.72839504],
      dtype=float32), 'f1': {'micro': tensor(0.7771), 'macro': tensor(0.5862), 'none': tensor([0.6395, 0.9471, 0.1290, 0.4880, 0.7273])}}
Training : Epoch [39/50], Loss: 0.2887
Testing : Epoch [39/50], Loss: 0.4661, results: {'mAP': 0.63687307, 'mAR': 0.6065742, 'mAUC': 0.89735687, 'm_Accuracy': 0.6065742, 'ap': array([0.62655604, 0.95261437, 0.36363637, 0.5272727 , 0.71428573],
      dtype=float32), 'ar': array([0.7023256 , 0.95106035, 0.1904762 , 0.43283582, 0.75617284],
      dtype=float32), 'auc': array([0.90786266, 0.98371416, 0.83155596, 0.85064626, 0.9130054 ],
      dtype=float32), 'accuracy': array([0.7023256 , 0.95106035, 0.1904762 , 0.43283582, 0.75617284],
      dtype=float32), 'f1': {'micro': tensor(0.7869), 'macro': tensor(0.6148), 'none': tensor([0.6623, 0.9518, 0.2500, 0.4754, 0.7346])}}
Training : Epoch [40/50], Loss: 0.2741
Testing : Epoch [40/50], Loss: 0.4569, results: {'mAP': 0.6250046, 'mAR': 0.6052035, 'mAUC': 0.9058932, 'm_Accuracy': 0.6052035, 'ap': array([0.60833335, 0.933871  , 0.32258064, 0.5420561 , 0.7181818 ],
      dtype=float32), 'ar': array([0.67906976, 0.9445351 , 0.23809524, 0.43283582, 0.7314815 ],
      dtype=float32), 'auc': array([0.90185755, 0.9801686 , 0.8775828 , 0.85282755, 0.91702944],
      dtype=float32), 'accuracy': array([0.67906976, 0.9445351 , 0.23809524, 0.43283582, 0.7314815 ],
      dtype=float32), 'f1': {'micro': tensor(0.7756), 'macro': tensor(0.6122), 'none': tensor([0.6418, 0.9392, 0.2740, 0.4813, 0.7248])}}
Training : Epoch [41/50], Loss: 0.2783
Testing : Epoch [41/50], Loss: 0.4674, results: {'mAP': 0.60414064, 'mAR': 0.5860623, 'mAUC': 0.9015678, 'm_Accuracy': 0.5860623, 'ap': array([0.60181   , 0.93236715, 0.32258064, 0.49137932, 0.67256635],
      dtype=float32), 'ar': array([0.61860466, 0.9445351 , 0.23809524, 0.42537314, 0.7037037 ],
      dtype=float32), 'auc': array([0.89959675, 0.98168355, 0.8546434 , 0.859909  , 0.9120063 ],
      dtype=float32), 'accuracy': array([0.61860466, 0.9445351 , 0.23809524, 0.42537314, 0.7037037 ],
      dtype=float32), 'f1': {'micro': tensor(0.7583), 'macro': tensor(0.5933), 'none': tensor([0.6101, 0.9384, 0.2740, 0.4560, 0.6878])}}
Saving ./data/aug/0.01_0.0001_5/checkpoint_40.pt
Training : Epoch [42/50], Loss: 0.2801
Testing : Epoch [42/50], Loss: 0.4619, results: {'mAP': 0.6217244, 'mAR': 0.58634806, 'mAUC': 0.90396965, 'm_Accuracy': 0.58634806, 'ap': array([0.60944206, 0.94290376, 0.29411766, 0.56435645, 0.6978022 ],
      dtype=float32), 'ar': array([0.6604651 , 0.94290376, 0.11904762, 0.42537314, 0.7839506 ],
      dtype=float32), 'auc': array([0.90517145, 0.9830502 , 0.85882765, 0.8581152 , 0.9146839 ],
      dtype=float32), 'accuracy': array([0.6604651 , 0.94290376, 0.11904762, 0.42537314, 0.7839506 ],
      dtype=float32), 'f1': {'micro': tensor(0.7801), 'macro': tensor(0.5940), 'none': tensor([0.6339, 0.9429, 0.1695, 0.4851, 0.7384])}}
Training : Epoch [43/50], Loss: 0.2748
Testing : Epoch [43/50], Loss: 0.4533, results: {'mAP': 0.5940294, 'mAR': 0.5820086, 'mAUC': 0.9076163, 'm_Accuracy': 0.5820086, 'ap': array([0.60408163, 0.9419355 , 0.23333333, 0.48181817, 0.70897835],
      dtype=float32), 'ar': array([0.6883721 , 0.9526917 , 0.16666667, 0.3955224 , 0.70679015],
      dtype=float32), 'auc': array([0.91078794, 0.98323274, 0.8783233 , 0.85526514, 0.91047233],
      dtype=float32), 'accuracy': array([0.6883721 , 0.9526917 , 0.16666667, 0.3955224 , 0.70679015],
      dtype=float32), 'f1': {'micro': tensor(0.7688), 'macro': tensor(0.5855), 'none': tensor([0.6435, 0.9473, 0.1944, 0.4344, 0.7079])}}
Training : Epoch [44/50], Loss: 0.2661
Testing : Epoch [44/50], Loss: 0.4382, results: {'mAP': 0.6222579, 'mAR': 0.5952397, 'mAUC': 0.9088699, 'm_Accuracy': 0.5952397, 'ap': array([0.63114756, 0.9388084 , 0.33333334, 0.50537634, 0.7026239 ],
      dtype=float32), 'ar': array([0.7162791 , 0.95106035, 0.21428572, 0.35074627, 0.74382716],
      dtype=float32), 'auc': array([0.91168225, 0.9844922 , 0.86197513, 0.8626841 , 0.9235158 ],
      dtype=float32), 'accuracy': array([0.7162791 , 0.95106035, 0.21428572, 0.35074627, 0.74382716],
      dtype=float32), 'f1': {'micro': tensor(0.7786), 'macro': tensor(0.6027), 'none': tensor([0.6710, 0.9449, 0.2609, 0.4141, 0.7226])}}
Training : Epoch [45/50], Loss: 0.2671
Testing : Epoch [45/50], Loss: 0.4521, results: {'mAP': 0.59910935, 'mAR': 0.58078545, 'mAUC': 0.901319, 'm_Accuracy': 0.58078545, 'ap': array([0.6233766 , 0.94745487, 0.25      , 0.4950495 , 0.67966574],
      dtype=float32), 'ar': array([0.66976744, 0.94127244, 0.16666667, 0.37313432, 0.75308645],
      dtype=float32), 'auc': array([0.90358347, 0.9816014 , 0.85419905, 0.85176504, 0.9154462 ],
      dtype=float32), 'accuracy': array([0.66976744, 0.94127244, 0.16666667, 0.37313432, 0.75308645],
      dtype=float32), 'f1': {'micro': tensor(0.7696), 'macro': tensor(0.5860), 'none': tensor([0.6457, 0.9444, 0.2000, 0.4255, 0.7145])}}
Training : Epoch [46/50], Loss: 0.2620
